PLINK v1.90b7 64-bit (16 Jan 2023)
Options in effect:
  --allow-extra-chr
  --bfile plink_pre
  --extract pcaone.ld.prune.in
  --make-bed
  --out plink

Hostname: scarbpop02fl.unicph.domain
Working directory: /maps/projects/seqafrica/scratch/rdc143/trag_analyses/admixture/pcaone2/Tory_sub
Start time: Sat Apr 20 01:11:31 2024

Random number seed: 1713568291
1031233 MB RAM detected; reserving 515616 MB for main workspace.
7786882 variants loaded from .bim file.
49 people (0 males, 0 females, 49 ambiguous) loaded from .fam.
Ambiguous sex IDs written to plink.nosex .
--extract: 3424956 variants remaining.
Using 1 thread (no multithreaded calculations invoked).
Before main variant filters, 49 founders and 0 nonfounders present.
Calculating allele frequencies... done.
Total genotyping rate is 0.973625.
3424956 variants and 49 people pass filters and QC.
Note: No phenotypes present.
--make-bed to plink.bed + plink.bim + plink.fam ... done.

End time: Sat Apr 20 01:11:38 2024
