nohup: ignoring input
There are 16 sets (populations/species) excluding the Outgroup
Going to calculate D values for 560 trios
Done permutations
The VCF contains 28192540 variants
Going to use block size of 1409626 variants to get 20 Jackknife blocks
Processed 100000 variants (0.354704%) in 33.1432secs
Processed 200000 variants (0.709408%) in 66.2849secs
Processed 300000 variants (1.06411%) in 99.4218secs
Processed 400000 variants (1.41882%) in 132.488secs
Processed 500000 variants (1.77352%) in 165.486secs
Processed 600000 variants (2.12822%) in 198.403secs
Processed 700000 variants (2.48293%) in 231.433secs
Processed 800000 variants (2.83763%) in 264.646secs
Processed 900000 variants (3.19233%) in 297.817secs
Processed 1000000 variants (3.54704%) in 330.895secs
Processed 1100000 variants (3.90174%) in 364.005secs
Processed 1200000 variants (4.25645%) in 397.086secs
Processed 1300000 variants (4.61115%) in 430.248secs
Processed 1400000 variants (4.96585%) in 463.409secs
Processed 1500000 variants (5.32056%) in 496.776secs
Processed 1600000 variants (5.67526%) in 530.172secs
Processed 1700000 variants (6.02996%) in 563.43secs
Processed 1800000 variants (6.38467%) in 596.764secs
Processed 1900000 variants (6.73937%) in 630.234secs
Processed 2000000 variants (7.09408%) in 663.547secs
Processed 2100000 variants (7.44878%) in 696.906secs
Processed 2200000 variants (7.80348%) in 730.26secs
Processed 2300000 variants (8.15819%) in 763.502secs
Processed 2400000 variants (8.51289%) in 796.726secs
Processed 2500000 variants (8.86759%) in 829.813secs
Processed 2600000 variants (9.2223%) in 863.111secs
Processed 2700000 variants (9.577%) in 896.481secs
Processed 2800000 variants (9.93171%) in 929.799secs
Processed 2900000 variants (10.2864%) in 963.094secs
Processed 3000000 variants (10.6411%) in 996.322secs
Processed 3100000 variants (10.9958%) in 1029.67secs
Processed 3200000 variants (11.3505%) in 1063.16secs
Processed 3300000 variants (11.7052%) in 1096.59secs
Processed 3400000 variants (12.0599%) in 1130.03secs
Processed 3500000 variants (12.4146%) in 1163.44secs
Processed 3600000 variants (12.7693%) in 1196.78secs
Processed 3700000 variants (13.124%) in 1230.2secs
Processed 3800000 variants (13.4787%) in 1263.56secs
Processed 3900000 variants (13.8334%) in 1297.02secs
Processed 4000000 variants (14.1882%) in 1330.36secs
Processed 4100000 variants (14.5429%) in 1363.75secs
Processed 4200000 variants (14.8976%) in 1397.1secs
Processed 4300000 variants (15.2523%) in 1430.51secs
Processed 4400000 variants (15.607%) in 1463.84secs
Processed 4500000 variants (15.9617%) in 1497.13secs
Processed 4600000 variants (16.3164%) in 1530.55secs
Processed 4700000 variants (16.6711%) in 1563.99secs
Processed 4800000 variants (17.0258%) in 1597.45secs
Processed 4900000 variants (17.3805%) in 1630.9secs
Processed 5000000 variants (17.7352%) in 1664.28secs
Processed 5100000 variants (18.0899%) in 1699.58secs
Processed 5200000 variants (18.4446%) in 1736.19secs
Processed 5300000 variants (18.7993%) in 1773.02secs
Processed 5400000 variants (19.154%) in 1809.55secs
Processed 5500000 variants (19.5087%) in 1845.96secs
Processed 5600000 variants (19.8634%) in 1882.52secs
Processed 5700000 variants (20.2181%) in 1920.31secs
Processed 5800000 variants (20.5728%) in 1956.92secs
Processed 5900000 variants (20.9275%) in 1990.34secs
Processed 6000000 variants (21.2822%) in 2023.61secs
Processed 6100000 variants (21.6369%) in 2057.08secs
Processed 6200000 variants (21.9916%) in 2090.6secs
Processed 6300000 variants (22.3463%) in 2124.1secs
Processed 6400000 variants (22.701%) in 2157.63secs
Processed 6500000 variants (23.0557%) in 2191.15secs
Processed 6600000 variants (23.4104%) in 2224.67secs
Processed 6700000 variants (23.7652%) in 2258.18secs
Processed 6800000 variants (24.1199%) in 2291.64secs
Processed 6900000 variants (24.4746%) in 2325.08secs
Processed 7000000 variants (24.8293%) in 2358.54secs
Processed 7100000 variants (25.184%) in 2391.81secs
Processed 7200000 variants (25.5387%) in 2424.92secs
Processed 7300000 variants (25.8934%) in 2457.97secs
Processed 7400000 variants (26.2481%) in 2491.08secs
Processed 7500000 variants (26.6028%) in 2524.1secs
Processed 7600000 variants (26.9575%) in 2557.13secs
Processed 7700000 variants (27.3122%) in 2590.27secs
Processed 7800000 variants (27.6669%) in 2623.38secs
Processed 7900000 variants (28.0216%) in 2656.45secs
Processed 8000000 variants (28.3763%) in 2689.58secs
Processed 8100000 variants (28.731%) in 2722.79secs
Processed 8200000 variants (29.0857%) in 2755.89secs
Processed 8300000 variants (29.4404%) in 2788.97secs
Processed 8400000 variants (29.7951%) in 2821.99secs
Processed 8500000 variants (30.1498%) in 2855.2secs
Processed 8600000 variants (30.5045%) in 2888.43secs
Processed 8700000 variants (30.8592%) in 2921.65secs
Processed 8800000 variants (31.2139%) in 2954.87secs
Processed 8900000 variants (31.5686%) in 2989.16secs
Processed 9000000 variants (31.9233%) in 3022.3secs
Processed 9100000 variants (32.278%) in 3055.38secs
Processed 9200000 variants (32.6327%) in 3088.42secs
Processed 9300000 variants (32.9874%) in 3121.4secs
Processed 9400000 variants (33.3422%) in 3154.62secs
Processed 9500000 variants (33.6969%) in 3187.88secs
Processed 9600000 variants (34.0516%) in 3221.07secs
Processed 9700000 variants (34.4063%) in 3254.27secs
Processed 9800000 variants (34.761%) in 3289.46secs
Processed 9900000 variants (35.1157%) in 3322.49secs
Processed 10000000 variants (35.4704%) in 3355.67secs
Processed 10100000 variants (35.8251%) in 3388.88secs
Processed 10200000 variants (36.1798%) in 3422.06secs
Processed 10300000 variants (36.5345%) in 3455.32secs
Processed 10400000 variants (36.8892%) in 3488.61secs
Processed 10500000 variants (37.2439%) in 3522.81secs
Processed 10600000 variants (37.5986%) in 3555.9secs
Processed 10700000 variants (37.9533%) in 3591.17secs
Processed 10800000 variants (38.308%) in 3624.21secs
Processed 10900000 variants (38.6627%) in 3658.47secs
Processed 11000000 variants (39.0174%) in 3691.68secs
Processed 11100000 variants (39.3721%) in 3724.74secs
Processed 11200000 variants (39.7268%) in 3758.86secs
Processed 11300000 variants (40.0815%) in 3792.41secs
Processed 11400000 variants (40.4362%) in 3826.26secs
Processed 11500000 variants (40.7909%) in 3860.48secs
Processed 11600000 variants (41.1456%) in 3893.63secs
Processed 11700000 variants (41.5003%) in 3926.78secs
Processed 11800000 variants (41.855%) in 3959.95secs
Processed 11900000 variants (42.2097%) in 3993.11secs
Processed 12000000 variants (42.5645%) in 4026.33secs
Processed 12100000 variants (42.9192%) in 4059.39secs
Processed 12200000 variants (43.2739%) in 4092.3secs
Processed 12300000 variants (43.6286%) in 4125.24secs
Processed 12400000 variants (43.9833%) in 4158.08secs
Processed 12500000 variants (44.338%) in 4190.97secs
Processed 12600000 variants (44.6927%) in 4223.89secs
Processed 12700000 variants (45.0474%) in 4256.85secs
Processed 12800000 variants (45.4021%) in 4290.07secs
Processed 12900000 variants (45.7568%) in 4323.35secs
Processed 13000000 variants (46.1115%) in 4356.69secs
Processed 13100000 variants (46.4662%) in 4389.94secs
Processed 13200000 variants (46.8209%) in 4423.37secs
Processed 13300000 variants (47.1756%) in 4456.82secs
Processed 13400000 variants (47.5303%) in 4490.24secs
Processed 13500000 variants (47.885%) in 4524.62secs
Processed 13600000 variants (48.2397%) in 4557.91secs
Processed 13700000 variants (48.5944%) in 4591.32secs
Processed 13800000 variants (48.9491%) in 4625.75secs
Processed 13900000 variants (49.3038%) in 4659.09secs
Processed 14000000 variants (49.6585%) in 4693.47secs
Processed 14100000 variants (50.0132%) in 4727.79secs
Processed 14200000 variants (50.3679%) in 4761.21secs
Processed 14300000 variants (50.7226%) in 4794.62secs
Processed 14400000 variants (51.0773%) in 4828.02secs
Processed 14500000 variants (51.432%) in 4861.4secs
Processed 14600000 variants (51.7867%) in 4894.78secs
Processed 14700000 variants (52.1415%) in 4928.19secs
Processed 14800000 variants (52.4962%) in 4961.61secs
Processed 14900000 variants (52.8509%) in 4994.94secs
Processed 15000000 variants (53.2056%) in 5028.34secs
Processed 15100000 variants (53.5603%) in 5061.66secs
Processed 15200000 variants (53.915%) in 5094.89secs
Processed 15300000 variants (54.2697%) in 5128.05secs
Processed 15400000 variants (54.6244%) in 5161.48secs
Processed 15500000 variants (54.9791%) in 5194.94secs
Processed 15600000 variants (55.3338%) in 5228.29secs
Processed 15700000 variants (55.6885%) in 5261.76secs
Processed 15800000 variants (56.0432%) in 5295.14secs
Processed 15900000 variants (56.3979%) in 5329.58secs
Processed 16000000 variants (56.7526%) in 5363.02secs
Processed 16100000 variants (57.1073%) in 5396.44secs
Processed 16200000 variants (57.462%) in 5429.82secs
Processed 16300000 variants (57.8167%) in 5463.16secs
Processed 16400000 variants (58.1714%) in 5496.57secs
Processed 16500000 variants (58.5261%) in 5529.98secs
Processed 16600000 variants (58.8808%) in 5563.45secs
Processed 16700000 variants (59.2355%) in 5596.89secs
Processed 16800000 variants (59.5902%) in 5630.34secs
Processed 16900000 variants (59.9449%) in 5663.74secs
Processed 17000000 variants (60.2996%) in 5698.22secs
Processed 17100000 variants (60.6543%) in 5731.6secs
Processed 17200000 variants (61.009%) in 5765.02secs
Processed 17300000 variants (61.3638%) in 5798.43secs
Processed 17400000 variants (61.7185%) in 5831.82secs
Processed 17500000 variants (62.0732%) in 5865.13secs
Processed 17600000 variants (62.4279%) in 5898.46secs
Processed 17700000 variants (62.7826%) in 5931.94secs
Processed 17800000 variants (63.1373%) in 5965.41secs
Processed 17900000 variants (63.492%) in 5998.81secs
Processed 18000000 variants (63.8467%) in 6032.2secs
Processed 18100000 variants (64.2014%) in 6065.6secs
Processed 18200000 variants (64.5561%) in 6098.98secs
Processed 18300000 variants (64.9108%) in 6133.34secs
Processed 18400000 variants (65.2655%) in 6166.7secs
Processed 18500000 variants (65.6202%) in 6200.03secs
Processed 18600000 variants (65.9749%) in 6233.38secs
Processed 18700000 variants (66.3296%) in 6266.69secs
Processed 18800000 variants (66.6843%) in 6299.91secs
Processed 18900000 variants (67.039%) in 6333.26secs
Processed 19000000 variants (67.3937%) in 6367.59secs
Processed 19100000 variants (67.7484%) in 6400.98secs
Processed 19200000 variants (68.1031%) in 6434.42secs
Processed 19300000 variants (68.4578%) in 6467.78secs
Processed 19400000 variants (68.8125%) in 6501.13secs
Processed 19500000 variants (69.1672%) in 6534.52secs
Processed 19600000 variants (69.5219%) in 6567.94secs
Processed 19700000 variants (69.8766%) in 6601.33secs
Processed 19800000 variants (70.2313%) in 6634.77secs
Processed 19900000 variants (70.586%) in 6668.21secs
Processed 20000000 variants (70.9408%) in 6701.61secs
Processed 20100000 variants (71.2955%) in 6735.14secs
Processed 20200000 variants (71.6502%) in 6768.61secs
Processed 20300000 variants (72.0049%) in 6802.05secs
Processed 20400000 variants (72.3596%) in 6835.5secs
Processed 20500000 variants (72.7143%) in 6869.91secs
Processed 20600000 variants (73.069%) in 6904.32secs
Processed 20700000 variants (73.4237%) in 6937.66secs
Processed 20800000 variants (73.7784%) in 6970.98secs
Processed 20900000 variants (74.1331%) in 7005.43secs
Processed 21000000 variants (74.4878%) in 7038.82secs
Processed 21100000 variants (74.8425%) in 7072.14secs
Processed 21200000 variants (75.1972%) in 7105.29secs
Processed 21300000 variants (75.5519%) in 7138.78secs
Processed 21400000 variants (75.9066%) in 7172.25secs
Processed 21500000 variants (76.2613%) in 7205.65secs
Processed 21600000 variants (76.616%) in 7239.06secs
Processed 21700000 variants (76.9707%) in 7272.54secs
Processed 21800000 variants (77.3254%) in 7305.91secs
Processed 21900000 variants (77.6801%) in 7339.28secs
Processed 22000000 variants (78.0348%) in 7372.61secs
Processed 22100000 variants (78.3895%) in 7407.05secs
Processed 22200000 variants (78.7442%) in 7441.48secs
Processed 22300000 variants (79.0989%) in 7475.81secs
Processed 22400000 variants (79.4536%) in 7508.96secs
Processed 22500000 variants (79.8083%) in 7543.16secs
Processed 22600000 variants (80.1631%) in 7576.66secs
Processed 22700000 variants (80.5178%) in 7610.14secs
Processed 22800000 variants (80.8725%) in 7643.64secs
Processed 22900000 variants (81.2272%) in 7677.09secs
Processed 23000000 variants (81.5819%) in 7710.52secs
Processed 23100000 variants (81.9366%) in 7743.92secs
Processed 23200000 variants (82.2913%) in 7777.31secs
Processed 23300000 variants (82.646%) in 7810.69secs
Processed 23400000 variants (83.0007%) in 7844.14secs
Processed 23500000 variants (83.3554%) in 7877.49secs
Processed 23600000 variants (83.7101%) in 7910.87secs
Processed 23700000 variants (84.0648%) in 7945.28secs
Processed 23800000 variants (84.4195%) in 7978.46secs
Processed 23900000 variants (84.7742%) in 8011.91secs
Processed 24000000 variants (85.1289%) in 8045.25secs
Processed 24100000 variants (85.4836%) in 8078.62secs
Processed 24200000 variants (85.8383%) in 8111.97secs
Processed 24300000 variants (86.193%) in 8146.43secs
Processed 24400000 variants (86.5477%) in 8179.83secs
Processed 24500000 variants (86.9024%) in 8214.3secs
Processed 24600000 variants (87.2571%) in 8247.69secs
Processed 24700000 variants (87.6118%) in 8281.05secs
Processed 24800000 variants (87.9665%) in 8314.38secs
Processed 24900000 variants (88.3212%) in 8347.68secs
Processed 25000000 variants (88.6759%) in 8381secs
Processed 25100000 variants (89.0306%) in 8414.19secs
Processed 25200000 variants (89.3853%) in 8447.61secs
Processed 25300000 variants (89.7401%) in 8481.05secs
Processed 25400000 variants (90.0948%) in 8514.25secs
Processed 25500000 variants (90.4495%) in 8549.07secs
Processed 25600000 variants (90.8042%) in 8582.29secs
Processed 25700000 variants (91.1589%) in 8615.52secs
Processed 25800000 variants (91.5136%) in 8648.72secs
Processed 25900000 variants (91.8683%) in 8681.9secs
Processed 26000000 variants (92.223%) in 8715.11secs
Processed 26100000 variants (92.5777%) in 8748.32secs
Processed 26200000 variants (92.9324%) in 8781.55secs
Processed 26300000 variants (93.2871%) in 8814.81secs
Processed 26400000 variants (93.6418%) in 8847.98secs
Processed 26500000 variants (93.9965%) in 8881.09secs
Processed 26600000 variants (94.3512%) in 8914.25secs
Processed 26700000 variants (94.7059%) in 8947.58secs
Processed 26800000 variants (95.0606%) in 8981.87secs
Processed 26900000 variants (95.4153%) in 9015.09secs
Processed 27000000 variants (95.77%) in 9048.32secs
Processed 27100000 variants (96.1247%) in 9081.56secs
Processed 27200000 variants (96.4794%) in 9115.84secs
Processed 27300000 variants (96.8341%) in 9149secs
Processed 27400000 variants (97.1888%) in 9182.2secs
Processed 27500000 variants (97.5435%) in 9215.44secs
Processed 27600000 variants (97.8982%) in 9248.67secs
Processed 27700000 variants (98.2529%) in 9281.89secs
Processed 27800000 variants (98.6076%) in 9316.19secs
Processed 27900000 variants (98.9623%) in 9349.35secs
Processed 28000000 variants (99.3171%) in 9382.55secs
Processed 28100000 variants (99.6718%) in 9415.69secs
Done processing VCF. Preparing output files...
