nohup: ignoring input
There are 8 sets (populations/species) excluding the Outgroup
Going to calculate D and f4-ratio values for 56 trios
Done permutations
The VCF contains 24820695 variants
Going to use block size of 1241033 variants to get 20 Jackknife blocks
Processed 100000 variants (0.40289%) in 83.3858secs
Processed 200000 variants (0.805779%) in 166.7secs
Processed 300000 variants (1.20867%) in 250.061secs
Processed 400000 variants (1.61156%) in 333.292secs
Processed 500000 variants (2.01445%) in 416.493secs
Processed 600000 variants (2.41734%) in 499.922secs
Processed 700000 variants (2.82023%) in 583.293secs
Processed 800000 variants (3.22312%) in 666.553secs
Processed 900000 variants (3.62601%) in 749.876secs
Processed 1000000 variants (4.0289%) in 833.2secs
Processed 1100000 variants (4.43179%) in 916.563secs
Processed 1200000 variants (4.83468%) in 1002.31secs
Processed 1300000 variants (5.23756%) in 1085.7secs
Processed 1400000 variants (5.64045%) in 1169.09secs
Processed 1500000 variants (6.04334%) in 1252.64secs
Processed 1600000 variants (6.44623%) in 1336.11secs
Processed 1700000 variants (6.84912%) in 1419.5secs
Processed 1800000 variants (7.25201%) in 1502.97secs
Processed 1900000 variants (7.6549%) in 1586.3secs
Processed 2000000 variants (8.05779%) in 1669.53secs
Processed 2100000 variants (8.46068%) in 1752.92secs
Processed 2200000 variants (8.86357%) in 1836.43secs
Processed 2300000 variants (9.26646%) in 1919.69secs
Processed 2400000 variants (9.66935%) in 2002.95secs
Processed 2500000 variants (10.0722%) in 2086.44secs
Processed 2600000 variants (10.4751%) in 2169.82secs
Processed 2700000 variants (10.878%) in 2253.27secs
Processed 2800000 variants (11.2809%) in 2336.65secs
Processed 2900000 variants (11.6838%) in 2419.95secs
Processed 3000000 variants (12.0867%) in 2503.34secs
Processed 3100000 variants (12.4896%) in 2586.66secs
Processed 3200000 variants (12.8925%) in 2670.4secs
Processed 3300000 variants (13.2954%) in 2754.01secs
Processed 3400000 variants (13.6982%) in 2837.6secs
Processed 3500000 variants (14.1011%) in 2921.18secs
Processed 3600000 variants (14.504%) in 3004.61secs
Processed 3700000 variants (14.9069%) in 3088.07secs
Processed 3800000 variants (15.3098%) in 3171.54secs
Processed 3900000 variants (15.7127%) in 3255.06secs
Processed 4000000 variants (16.1156%) in 3338.6secs
Processed 4100000 variants (16.5185%) in 3422.08secs
Processed 4200000 variants (16.9214%) in 3505.41secs
Processed 4300000 variants (17.3243%) in 3588.86secs
Processed 4400000 variants (17.7271%) in 3672.4secs
Processed 4500000 variants (18.13%) in 3755.8secs
Processed 4600000 variants (18.5329%) in 3839.24secs
Processed 4700000 variants (18.9358%) in 3922.78secs
Processed 4800000 variants (19.3387%) in 4006.32secs
Processed 4900000 variants (19.7416%) in 4089.69secs
Processed 5000000 variants (20.1445%) in 4173.15secs
Processed 5100000 variants (20.5474%) in 4256.65secs
Processed 5200000 variants (20.9503%) in 4340.19secs
Processed 5300000 variants (21.3531%) in 4423.71secs
Processed 5400000 variants (21.756%) in 4507.2secs
Processed 5500000 variants (22.1589%) in 4590.78secs
Processed 5600000 variants (22.5618%) in 4674.38secs
Processed 5700000 variants (22.9647%) in 4757.87secs
Processed 5800000 variants (23.3676%) in 4841.32secs
Processed 5900000 variants (23.7705%) in 4924.65secs
Processed 6000000 variants (24.1734%) in 5008.03secs
Processed 6100000 variants (24.5763%) in 5091.42secs
Processed 6200000 variants (24.9792%) in 5174.76secs
Processed 6300000 variants (25.382%) in 5258.21secs
Processed 6400000 variants (25.7849%) in 5341.62secs
Processed 6500000 variants (26.1878%) in 5425.12secs
Processed 6600000 variants (26.5907%) in 5508.62secs
Processed 6700000 variants (26.9936%) in 5592.05secs
Processed 6800000 variants (27.3965%) in 5675.47secs
Processed 6900000 variants (27.7994%) in 5759.05secs
Processed 7000000 variants (28.2023%) in 5842.66secs
Processed 7100000 variants (28.6052%) in 5926.21secs
Processed 7200000 variants (29.0081%) in 6009.81secs
Processed 7300000 variants (29.4109%) in 6093.41secs
Processed 7400000 variants (29.8138%) in 6176.85secs
Processed 7500000 variants (30.2167%) in 6260.2secs
Processed 7600000 variants (30.6196%) in 6343.67secs
Processed 7700000 variants (31.0225%) in 6427.29secs
Processed 7800000 variants (31.4254%) in 6510.83secs
Processed 7900000 variants (31.8283%) in 6594.36secs
Processed 8000000 variants (32.2312%) in 6677.7secs
Processed 8100000 variants (32.6341%) in 6761.24secs
Processed 8200000 variants (33.0369%) in 6844.8secs
Processed 8300000 variants (33.4398%) in 6928.3secs
Processed 8400000 variants (33.8427%) in 7011.88secs
Processed 8500000 variants (34.2456%) in 7095.48secs
Processed 8600000 variants (34.6485%) in 7178.91secs
Processed 8700000 variants (35.0514%) in 7262.36secs
Processed 8800000 variants (35.4543%) in 7345.86secs
Processed 8900000 variants (35.8572%) in 7429.39secs
Processed 9000000 variants (36.2601%) in 7512.93secs
Processed 9100000 variants (36.663%) in 7596.32secs
Processed 9200000 variants (37.0658%) in 7680.79secs
Processed 9300000 variants (37.4687%) in 7764.38secs
Processed 9400000 variants (37.8716%) in 7848.54secs
Processed 9500000 variants (38.2745%) in 7932.04secs
Processed 9600000 variants (38.6774%) in 8017.52secs
Processed 9700000 variants (39.0803%) in 8100.7secs
Processed 9800000 variants (39.4832%) in 8184.18secs
Processed 9900000 variants (39.8861%) in 8267.67secs
Processed 10000000 variants (40.289%) in 8351.13secs
Processed 10100000 variants (40.6919%) in 8434.58secs
Processed 10200000 variants (41.0947%) in 8517.98secs
Processed 10300000 variants (41.4976%) in 8601.47secs
Processed 10400000 variants (41.9005%) in 8684.92secs
Processed 10500000 variants (42.3034%) in 8768.34secs
Processed 10600000 variants (42.7063%) in 8851.76secs
Processed 10700000 variants (43.1092%) in 8935.08secs
Processed 10800000 variants (43.5121%) in 9018.53secs
Processed 10900000 variants (43.915%) in 9101.93secs
Processed 11000000 variants (44.3179%) in 9185.44secs
Processed 11100000 variants (44.7207%) in 9268.93secs
Processed 11200000 variants (45.1236%) in 9352.37secs
Processed 11300000 variants (45.5265%) in 9435.68secs
Processed 11400000 variants (45.9294%) in 9519.14secs
Processed 11500000 variants (46.3323%) in 9602.59secs
Processed 11600000 variants (46.7352%) in 9686.06secs
Processed 11700000 variants (47.1381%) in 9769.41secs
Processed 11800000 variants (47.541%) in 9852.76secs
Processed 11900000 variants (47.9439%) in 9936.15secs
Processed 12000000 variants (48.3468%) in 10019.6secs
Processed 12100000 variants (48.7496%) in 10103secs
Processed 12200000 variants (49.1525%) in 10186.4secs
Processed 12300000 variants (49.5554%) in 10269.8secs
Processed 12400000 variants (49.9583%) in 10353.1secs
Processed 12500000 variants (50.3612%) in 10436.4secs
Processed 12600000 variants (50.7641%) in 10519.8secs
Processed 12700000 variants (51.167%) in 10600.6secs
Processed 12800000 variants (51.5699%) in 10683.8secs
Processed 12900000 variants (51.9728%) in 10767.6secs
Processed 13000000 variants (52.3756%) in 10850.7secs
Processed 13100000 variants (52.7785%) in 10933.6secs
Processed 13200000 variants (53.1814%) in 11015.8secs
Processed 13300000 variants (53.5843%) in 11097.8secs
Processed 13400000 variants (53.9872%) in 11181.2secs
Processed 13500000 variants (54.3901%) in 11264.6secs
Processed 13600000 variants (54.793%) in 11347.6secs
Processed 13700000 variants (55.1959%) in 11431.3secs
Processed 13800000 variants (55.5988%) in 11514.7secs
Processed 13900000 variants (56.0017%) in 11598secs
Processed 14000000 variants (56.4045%) in 11681.4secs
Processed 14100000 variants (56.8074%) in 11764.8secs
Processed 14200000 variants (57.2103%) in 11848.4secs
Processed 14300000 variants (57.6132%) in 11932.3secs
Processed 14400000 variants (58.0161%) in 12015.1secs
Processed 14500000 variants (58.419%) in 12097.2secs
Processed 14600000 variants (58.8219%) in 12179.8secs
Processed 14700000 variants (59.2248%) in 12263.2secs
Processed 14800000 variants (59.6277%) in 12347secs
Processed 14900000 variants (60.0306%) in 12430.5secs
Processed 15000000 variants (60.4334%) in 12513.8secs
Processed 15100000 variants (60.8363%) in 12597.2secs
Processed 15200000 variants (61.2392%) in 12680.5secs
Processed 15300000 variants (61.6421%) in 12763.7secs
Processed 15400000 variants (62.045%) in 12846.8secs
Processed 15500000 variants (62.4479%) in 12930.1secs
Processed 15600000 variants (62.8508%) in 13013.3secs
Processed 15700000 variants (63.2537%) in 13096.7secs
Processed 15800000 variants (63.6566%) in 13180.1secs
Processed 15900000 variants (64.0594%) in 13263.4secs
Processed 16000000 variants (64.4623%) in 13346.6secs
Processed 16100000 variants (64.8652%) in 13429.5secs
Processed 16200000 variants (65.2681%) in 13513.7secs
Processed 16300000 variants (65.671%) in 13596.1secs
Processed 16400000 variants (66.0739%) in 13678.5secs
Processed 16500000 variants (66.4768%) in 13761.3secs
Processed 16600000 variants (66.8797%) in 13844.6secs
Processed 16700000 variants (67.2826%) in 13927.9secs
Processed 16800000 variants (67.6855%) in 14011secs
Processed 16900000 variants (68.0883%) in 14091.8secs
Processed 17000000 variants (68.4912%) in 14173.7secs
Processed 17100000 variants (68.8941%) in 14254.5secs
Processed 17200000 variants (69.297%) in 14335.4secs
Processed 17300000 variants (69.6999%) in 14416.2secs
Processed 17400000 variants (70.1028%) in 14497.1secs
Processed 17500000 variants (70.5057%) in 14577.4secs
Processed 17600000 variants (70.9086%) in 14657.9secs
Processed 17700000 variants (71.3115%) in 14738.7secs
Processed 17800000 variants (71.7143%) in 14819.5secs
Processed 17900000 variants (72.1172%) in 14900.2secs
Processed 18000000 variants (72.5201%) in 14980.9secs
Processed 18100000 variants (72.923%) in 15061.6secs
Processed 18200000 variants (73.3259%) in 15142.5secs
Processed 18300000 variants (73.7288%) in 15223.3secs
Processed 18400000 variants (74.1317%) in 15304.1secs
Processed 18500000 variants (74.5346%) in 15384.9secs
Processed 18600000 variants (74.9375%) in 15465.6secs
Processed 18700000 variants (75.3404%) in 15546.4secs
Processed 18800000 variants (75.7432%) in 15627.2secs
Processed 18900000 variants (76.1461%) in 15708secs
Processed 19000000 variants (76.549%) in 15788.7secs
Processed 19100000 variants (76.9519%) in 15869.5secs
Processed 19200000 variants (77.3548%) in 15950.5secs
Processed 19300000 variants (77.7577%) in 16031.5secs
Processed 19400000 variants (78.1606%) in 16112.3secs
Processed 19500000 variants (78.5635%) in 16193.1secs
Processed 19600000 variants (78.9664%) in 16274.1secs
Processed 19700000 variants (79.3693%) in 16355.2secs
Processed 19800000 variants (79.7721%) in 16436.2secs
Processed 19900000 variants (80.175%) in 16517.8secs
Processed 20000000 variants (80.5779%) in 16598.5secs
Processed 20100000 variants (80.9808%) in 16679.3secs
Processed 20200000 variants (81.3837%) in 16760.2secs
Processed 20300000 variants (81.7866%) in 16840.9secs
Processed 20400000 variants (82.1895%) in 16921.7secs
Processed 20500000 variants (82.5924%) in 17002.6secs
Processed 20600000 variants (82.9953%) in 17083.5secs
Processed 20700000 variants (83.3981%) in 17163.5secs
Processed 20800000 variants (83.801%) in 17243.5secs
Processed 20900000 variants (84.2039%) in 17323.3secs
Processed 21000000 variants (84.6068%) in 17403.2secs
Processed 21100000 variants (85.0097%) in 17483.1secs
Processed 21200000 variants (85.4126%) in 17563secs
Processed 21300000 variants (85.8155%) in 17643secs
Processed 21400000 variants (86.2184%) in 17723secs
Processed 21500000 variants (86.6213%) in 17802.9secs
Processed 21600000 variants (87.0242%) in 17883secs
Processed 21700000 variants (87.427%) in 17963.1secs
Processed 21800000 variants (87.8299%) in 18042.9secs
Processed 21900000 variants (88.2328%) in 18122.9secs
Processed 22000000 variants (88.6357%) in 18202.9secs
Processed 22100000 variants (89.0386%) in 18283secs
Processed 22200000 variants (89.4415%) in 18363secs
Processed 22300000 variants (89.8444%) in 18443secs
Processed 22400000 variants (90.2473%) in 18523.1secs
Processed 22500000 variants (90.6502%) in 18602.9secs
Processed 22600000 variants (91.0531%) in 18682.6secs
Processed 22700000 variants (91.4559%) in 18762.2secs
Processed 22800000 variants (91.8588%) in 18841.9secs
Processed 22900000 variants (92.2617%) in 18921.6secs
Processed 23000000 variants (92.6646%) in 19001.4secs
Processed 23100000 variants (93.0675%) in 19081.1secs
Processed 23200000 variants (93.4704%) in 19160.7secs
Processed 23300000 variants (93.8733%) in 19240.3secs
Processed 23400000 variants (94.2762%) in 19320.1secs
Processed 23500000 variants (94.6791%) in 19399.8secs
Processed 23600000 variants (95.0819%) in 19479.4secs
Processed 23700000 variants (95.4848%) in 19559.1secs
Processed 23800000 variants (95.8877%) in 19639.2secs
Processed 23900000 variants (96.2906%) in 19718.6secs
Processed 24000000 variants (96.6935%) in 19798secs
Processed 24100000 variants (97.0964%) in 19877.4secs
Processed 24200000 variants (97.4993%) in 19956.9secs
Processed 24300000 variants (97.9022%) in 20036.4secs
Processed 24400000 variants (98.3051%) in 20115.9secs
Processed 24500000 variants (98.708%) in 20195.4secs
Processed 24600000 variants (99.1108%) in 20274.8secs
Processed 24700000 variants (99.5137%) in 20354.3secs
Processed 24800000 variants (99.9166%) in 20433.6secs
Done processing VCF. Preparing output files...
