beagle.27Jan18.7e1.jar (version 4.1)
Copyright (C) 2014-2015 Brian L. Browning
Enter "java -jar beagle.27Jan18.7e1.jar" for a summary of command line arguments.
Start time: 06:25 PM CEST on 04 Apr 2024

Command line: java -Xmx54613m -jar beagle.jar
  gl=results/gl/Bostau9_tragmain2_sites_variable_noindels_renamed_Tbux.bcf.gz.NC_037348.1.vcf.gz
  chrom=NC_037348.1
  out=results/imputed/Bostau9_tragmain2_sites_variable_noindels_renamed_Tbux.bcf.gz.NC_037348.1
  nthreads=6

No genetic map is specified: using 1 cM = 1 Mb

reference samples:       0
target samples:          4

Window 1 [ NC_037348.1:15713-14622669 ]
target markers:      50000

Starting burn-in iterations

Window=1 Iteration=1
Time for building model:         1 second
Time for sampling (singles):     0 seconds
DAG statistics
mean edges/level: 2      max edges/level: 6
mean edges/node:  1.698  mean count/edge: 4

Window=1 Iteration=2
Time for building model:         0 seconds
Time for sampling (singles):     0 seconds
DAG statistics
mean edges/level: 2      max edges/level: 6
mean edges/node:  1.591  mean count/edge: 4

Window=1 Iteration=3
Time for building model:         0 seconds
Time for sampling (singles):     0 seconds
DAG statistics
mean edges/level: 2      max edges/level: 6
mean edges/node:  1.510  mean count/edge: 4

Window=1 Iteration=4
Time for building model:         0 seconds
Time for sampling (singles):     0 seconds
DAG statistics
mean edges/level: 2      max edges/level: 8
mean edges/node:  1.461  mean count/edge: 4

Window=1 Iteration=5
Time for building model:         0 seconds
Time for sampling (singles):     0 seconds
DAG statistics
mean edges/level: 2      max edges/level: 8
mean edges/node:  1.428  mean count/edge: 4

Window=1 Iteration=6
Time for building model:         0 seconds
Time for sampling (singles):     0 seconds
DAG statistics
mean edges/level: 2      max edges/level: 7
mean edges/node:  1.399  mean count/edge: 4

Window=1 Iteration=7
Time for building model:         1 second
Time for sampling (singles):     0 seconds
DAG statistics
mean edges/level: 2      max edges/level: 8
mean edges/node:  1.374  mean count/edge: 4

Window=1 Iteration=8
Time for building model:         1 second
Time for sampling (singles):     0 seconds
DAG statistics
mean edges/level: 2      max edges/level: 8
mean edges/node:  1.354  mean count/edge: 4

Window=1 Iteration=9
Time for building model:         1 second
Time for sampling (singles):     0 seconds
DAG statistics
mean edges/level: 2      max edges/level: 8
mean edges/node:  1.338  mean count/edge: 4

Window=1 Iteration=10
Time for building model:         0 seconds
Time for sampling (singles):     0 seconds
DAG statistics
mean edges/level: 2      max edges/level: 8
mean edges/node:  1.323  mean count/edge: 4

Starting phasing iterations

Window=1 Iteration=11
Time for building model:         0 seconds
Time for sampling (singles):     1 second
DAG statistics
mean edges/level: 3      max edges/level: 8
mean edges/node:  1.207  mean count/edge: 3

Window=1 Iteration=12
Time for building model:         1 second
Time for sampling (singles):     1 second
DAG statistics
mean edges/level: 3      max edges/level: 8
mean edges/node:  1.182  mean count/edge: 3

Window=1 Iteration=13
Time for building model:         0 seconds
Time for sampling (singles):     1 second
DAG statistics
mean edges/level: 3      max edges/level: 8
mean edges/node:  1.167  mean count/edge: 3

Window=1 Iteration=14
Time for building model:         1 second
Time for sampling (singles):     1 second
DAG statistics
mean edges/level: 3      max edges/level: 8
mean edges/node:  1.155  mean count/edge: 3

Window=1 Iteration=15
Time for building model:         1 second
Time for sampling (singles):     0 seconds
DAG statistics
mean edges/level: 3      max edges/level: 7
mean edges/node:  1.147  mean count/edge: 3

Window 2 [ NC_037348.1:13856628-25522783 ]
target markers:      50000

Starting burn-in iterations

Window=2 Iteration=1
Time for building model:         0 seconds
Time for sampling (singles):     0 seconds
DAG statistics
mean edges/level: 3      max edges/level: 7
mean edges/node:  1.545  mean count/edge: 3

Window=2 Iteration=2
Time for building model:         0 seconds
Time for sampling (singles):     0 seconds
DAG statistics
mean edges/level: 3      max edges/level: 7
mean edges/node:  1.440  mean count/edge: 3

Window=2 Iteration=3
Time for building model:         0 seconds
Time for sampling (singles):     0 seconds
DAG statistics
mean edges/level: 3      max edges/level: 8
mean edges/node:  1.375  mean count/edge: 3

Window=2 Iteration=4
Time for building model:         0 seconds
Time for sampling (singles):     0 seconds
DAG statistics
mean edges/level: 3      max edges/level: 7
mean edges/node:  1.333  mean count/edge: 3

Window=2 Iteration=5
Time for building model:         1 second
Time for sampling (singles):     0 seconds
DAG statistics
mean edges/level: 3      max edges/level: 8
mean edges/node:  1.305  mean count/edge: 3

Window=2 Iteration=6
Time for building model:         0 seconds
Time for sampling (singles):     0 seconds
DAG statistics
mean edges/level: 3      max edges/level: 8
mean edges/node:  1.277  mean count/edge: 3

Window=2 Iteration=7
Time for building model:         0 seconds
Time for sampling (singles):     0 seconds
DAG statistics
mean edges/level: 3      max edges/level: 8
mean edges/node:  1.262  mean count/edge: 3

Window=2 Iteration=8
Time for building model:         0 seconds
Time for sampling (singles):     0 seconds
DAG statistics
mean edges/level: 3      max edges/level: 8
mean edges/node:  1.244  mean count/edge: 3

Window=2 Iteration=9
Time for building model:         0 seconds
Time for sampling (singles):     0 seconds
DAG statistics
mean edges/level: 3      max edges/level: 8
mean edges/node:  1.235  mean count/edge: 3

Window=2 Iteration=10
Time for building model:         0 seconds
Time for sampling (singles):     0 seconds
DAG statistics
mean edges/level: 3      max edges/level: 8
mean edges/node:  1.220  mean count/edge: 3

Starting phasing iterations

Window=2 Iteration=11
Time for building model:         0 seconds
Time for sampling (singles):     0 seconds
DAG statistics
mean edges/level: 3      max edges/level: 8
mean edges/node:  1.153  mean count/edge: 3

Window=2 Iteration=12
Time for building model:         0 seconds
Time for sampling (singles):     1 second
DAG statistics
mean edges/level: 3      max edges/level: 8
mean edges/node:  1.136  mean count/edge: 3

Window=2 Iteration=13
Time for building model:         0 seconds
Time for sampling (singles):     0 seconds
DAG statistics
mean edges/level: 3      max edges/level: 8
mean edges/node:  1.129  mean count/edge: 3

Window=2 Iteration=14
Time for building model:         1 second
Time for sampling (singles):     0 seconds
DAG statistics
mean edges/level: 3      max edges/level: 8
mean edges/node:  1.120  mean count/edge: 3

Window=2 Iteration=15
Time for building model:         0 seconds
Time for sampling (singles):     1 second
DAG statistics
mean edges/level: 3      max edges/level: 8
mean edges/node:  1.117  mean count/edge: 3

Window 3 [ NC_037348.1:24847021-38501071 ]
target markers:      50000

Starting burn-in iterations

Window=3 Iteration=1
Time for building model:         0 seconds
Time for sampling (singles):     0 seconds
DAG statistics
mean edges/level: 3      max edges/level: 7
mean edges/node:  1.539  mean count/edge: 3

Window=3 Iteration=2
Time for building model:         0 seconds
Time for sampling (singles):     0 seconds
DAG statistics
mean edges/level: 3      max edges/level: 7
mean edges/node:  1.419  mean count/edge: 3

Window=3 Iteration=3
Time for building model:         0 seconds
Time for sampling (singles):     0 seconds
DAG statistics
mean edges/level: 3      max edges/level: 8
mean edges/node:  1.353  mean count/edge: 3

Window=3 Iteration=4
Time for building model:         0 seconds
Time for sampling (singles):     0 seconds
DAG statistics
mean edges/level: 3      max edges/level: 8
mean edges/node:  1.312  mean count/edge: 3

Window=3 Iteration=5
Time for building model:         0 seconds
Time for sampling (singles):     0 seconds
DAG statistics
mean edges/level: 3      max edges/level: 9
mean edges/node:  1.281  mean count/edge: 3

Window=3 Iteration=6
Time for building model:         0 seconds
Time for sampling (singles):     0 seconds
DAG statistics
mean edges/level: 3      max edges/level: 8
mean edges/node:  1.258  mean count/edge: 3

Window=3 Iteration=7
Time for building model:         0 seconds
Time for sampling (singles):     0 seconds
DAG statistics
mean edges/level: 3      max edges/level: 8
mean edges/node:  1.239  mean count/edge: 3

Window=3 Iteration=8
Time for building model:         0 seconds
Time for sampling (singles):     0 seconds
DAG statistics
mean edges/level: 3      max edges/level: 8
mean edges/node:  1.224  mean count/edge: 3

Window=3 Iteration=9
Time for building model:         0 seconds
Time for sampling (singles):     0 seconds
DAG statistics
mean edges/level: 3      max edges/level: 8
mean edges/node:  1.213  mean count/edge: 3

Window=3 Iteration=10
Time for building model:         0 seconds
Time for sampling (singles):     0 seconds
DAG statistics
mean edges/level: 3      max edges/level: 8
mean edges/node:  1.203  mean count/edge: 3

Starting phasing iterations

Window=3 Iteration=11
Time for building model:         0 seconds
Time for sampling (singles):     0 seconds
DAG statistics
mean edges/level: 3      max edges/level: 8
mean edges/node:  1.143  mean count/edge: 3

Window=3 Iteration=12
Time for building model:         0 seconds
Time for sampling (singles):     1 second
DAG statistics
mean edges/level: 3      max edges/level: 8
mean edges/node:  1.133  mean count/edge: 3

Window=3 Iteration=13
Time for building model:         0 seconds
Time for sampling (singles):     0 seconds
DAG statistics
mean edges/level: 3      max edges/level: 8
mean edges/node:  1.123  mean count/edge: 3

Window=3 Iteration=14
Time for building model:         0 seconds
Time for sampling (singles):     0 seconds
DAG statistics
mean edges/level: 3      max edges/level: 8
mean edges/node:  1.123  mean count/edge: 3

Window=3 Iteration=15
Time for building model:         0 seconds
Time for sampling (singles):     0 seconds
DAG statistics
mean edges/level: 3      max edges/level: 7
mean edges/node:  1.116  mean count/edge: 3

Window 4 [ NC_037348.1:37373447-52764897 ]
target markers:      50000

Starting burn-in iterations

Window=4 Iteration=1
Time for building model:         0 seconds
Time for sampling (singles):     0 seconds
DAG statistics
mean edges/level: 3      max edges/level: 7
mean edges/node:  1.631  mean count/edge: 3

Window=4 Iteration=2
Time for building model:         0 seconds
Time for sampling (singles):     0 seconds
DAG statistics
mean edges/level: 3      max edges/level: 7
mean edges/node:  1.524  mean count/edge: 3

Window=4 Iteration=3
Time for building model:         0 seconds
Time for sampling (singles):     0 seconds
DAG statistics
mean edges/level: 3      max edges/level: 7
mean edges/node:  1.441  mean count/edge: 3

Window=4 Iteration=4
Time for building model:         0 seconds
Time for sampling (singles):     0 seconds
DAG statistics
mean edges/level: 3      max edges/level: 7
mean edges/node:  1.386  mean count/edge: 3

Window=4 Iteration=5
Time for building model:         0 seconds
Time for sampling (singles):     0 seconds
DAG statistics
mean edges/level: 3      max edges/level: 8
mean edges/node:  1.346  mean count/edge: 3

Window=4 Iteration=6
Time for building model:         0 seconds
Time for sampling (singles):     0 seconds
DAG statistics
mean edges/level: 3      max edges/level: 8
mean edges/node:  1.316  mean count/edge: 3

Window=4 Iteration=7
Time for building model:         0 seconds
Time for sampling (singles):     0 seconds
DAG statistics
mean edges/level: 3      max edges/level: 7
mean edges/node:  1.293  mean count/edge: 3

Window=4 Iteration=8
Time for building model:         1 second
Time for sampling (singles):     0 seconds
DAG statistics
mean edges/level: 3      max edges/level: 8
mean edges/node:  1.274  mean count/edge: 3

Window=4 Iteration=9
Time for building model:         2 seconds
Time for sampling (singles):     0 seconds
DAG statistics
mean edges/level: 3      max edges/level: 8
mean edges/node:  1.260  mean count/edge: 3

Window=4 Iteration=10
Time for building model:         2 seconds
Time for sampling (singles):     0 seconds
DAG statistics
mean edges/level: 3      max edges/level: 8
mean edges/node:  1.244  mean count/edge: 3

Starting phasing iterations

Window=4 Iteration=11
Time for building model:         1 second
Time for sampling (singles):     1 second
DAG statistics
mean edges/level: 3      max edges/level: 8
mean edges/node:  1.167  mean count/edge: 3

Window=4 Iteration=12
Time for building model:         1 second
Time for sampling (singles):     1 second
DAG statistics
mean edges/level: 3      max edges/level: 8
mean edges/node:  1.151  mean count/edge: 3

Window=4 Iteration=13
Time for building model:         1 second
Time for sampling (singles):     1 second
DAG statistics
mean edges/level: 3      max edges/level: 8
mean edges/node:  1.139  mean count/edge: 3

Window=4 Iteration=14
Time for building model:         1 second
Time for sampling (singles):     1 second
DAG statistics
mean edges/level: 3      max edges/level: 7
mean edges/node:  1.136  mean count/edge: 3

Window=4 Iteration=15
Time for building model:         1 second
Time for sampling (singles):     1 second
DAG statistics
mean edges/level: 3      max edges/level: 8
mean edges/node:  1.130  mean count/edge: 3

Window 5 [ NC_037348.1:52036186-62960159 ]
target markers:      50000

Starting burn-in iterations

Window=5 Iteration=1
Time for building model:         0 seconds
Time for sampling (singles):     0 seconds
DAG statistics
mean edges/level: 2      max edges/level: 6
mean edges/node:  1.688  mean count/edge: 4

Window=5 Iteration=2
Time for building model:         0 seconds
Time for sampling (singles):     0 seconds
DAG statistics
mean edges/level: 2      max edges/level: 7
mean edges/node:  1.580  mean count/edge: 4

Window=5 Iteration=3
Time for building model:         0 seconds
Time for sampling (singles):     0 seconds
DAG statistics
mean edges/level: 2      max edges/level: 8
mean edges/node:  1.490  mean count/edge: 4

Window=5 Iteration=4
Time for building model:         0 seconds
Time for sampling (singles):     0 seconds
DAG statistics
mean edges/level: 2      max edges/level: 8
mean edges/node:  1.439  mean count/edge: 4

Window=5 Iteration=5
Time for building model:         0 seconds
Time for sampling (singles):     0 seconds
DAG statistics
mean edges/level: 3      max edges/level: 8
mean edges/node:  1.395  mean count/edge: 3

Window=5 Iteration=6
Time for building model:         0 seconds
Time for sampling (singles):     0 seconds
DAG statistics
mean edges/level: 3      max edges/level: 8
mean edges/node:  1.365  mean count/edge: 3

Window=5 Iteration=7
Time for building model:         0 seconds
Time for sampling (singles):     0 seconds
DAG statistics
mean edges/level: 3      max edges/level: 7
mean edges/node:  1.337  mean count/edge: 3

Window=5 Iteration=8
Time for building model:         0 seconds
Time for sampling (singles):     0 seconds
DAG statistics
mean edges/level: 3      max edges/level: 8
mean edges/node:  1.318  mean count/edge: 3

Window=5 Iteration=9
Time for building model:         0 seconds
Time for sampling (singles):     0 seconds
DAG statistics
mean edges/level: 3      max edges/level: 7
mean edges/node:  1.298  mean count/edge: 3

Window=5 Iteration=10
Time for building model:         0 seconds
Time for sampling (singles):     0 seconds
DAG statistics
mean edges/level: 3      max edges/level: 7
mean edges/node:  1.284  mean count/edge: 3

Starting phasing iterations

Window=5 Iteration=11
Time for building model:         0 seconds
Time for sampling (singles):     0 seconds
DAG statistics
mean edges/level: 3      max edges/level: 8
mean edges/node:  1.185  mean count/edge: 3

Window=5 Iteration=12
Time for building model:         0 seconds
Time for sampling (singles):     1 second
DAG statistics
mean edges/level: 3      max edges/level: 8
mean edges/node:  1.162  mean count/edge: 3

Window=5 Iteration=13
Time for building model:         0 seconds
Time for sampling (singles):     0 seconds
DAG statistics
mean edges/level: 3      max edges/level: 8
mean edges/node:  1.148  mean count/edge: 3

Window=5 Iteration=14
Time for building model:         0 seconds
Time for sampling (singles):     0 seconds
DAG statistics
mean edges/level: 3      max edges/level: 8
mean edges/node:  1.138  mean count/edge: 3

Window=5 Iteration=15
Time for building model:         0 seconds
Time for sampling (singles):     0 seconds
DAG statistics
mean edges/level: 3      max edges/level: 8
mean edges/node:  1.132  mean count/edge: 3

Window 6 [ NC_037348.1:62261841-69855755 ]
target markers:      36078

Starting burn-in iterations

Window=6 Iteration=1
Time for building model:         0 seconds
Time for sampling (singles):     0 seconds
DAG statistics
mean edges/level: 2      max edges/level: 7
mean edges/node:  1.644  mean count/edge: 4

Window=6 Iteration=2
Time for building model:         0 seconds
Time for sampling (singles):     0 seconds
DAG statistics
mean edges/level: 2      max edges/level: 6
mean edges/node:  1.544  mean count/edge: 4

Window=6 Iteration=3
Time for building model:         0 seconds
Time for sampling (singles):     0 seconds
DAG statistics
mean edges/level: 2      max edges/level: 7
mean edges/node:  1.475  mean count/edge: 4

Window=6 Iteration=4
Time for building model:         0 seconds
Time for sampling (singles):     0 seconds
DAG statistics
mean edges/level: 2      max edges/level: 6
mean edges/node:  1.424  mean count/edge: 4

Window=6 Iteration=5
Time for building model:         0 seconds
Time for sampling (singles):     0 seconds
DAG statistics
mean edges/level: 2      max edges/level: 7
mean edges/node:  1.390  mean count/edge: 4

Window=6 Iteration=6
Time for building model:         0 seconds
Time for sampling (singles):     0 seconds
DAG statistics
mean edges/level: 2      max edges/level: 8
mean edges/node:  1.360  mean count/edge: 4

Window=6 Iteration=7
Time for building model:         0 seconds
Time for sampling (singles):     0 seconds
DAG statistics
mean edges/level: 2      max edges/level: 7
mean edges/node:  1.337  mean count/edge: 4

Window=6 Iteration=8
Time for building model:         0 seconds
Time for sampling (singles):     0 seconds
DAG statistics
mean edges/level: 2      max edges/level: 8
mean edges/node:  1.316  mean count/edge: 4

Window=6 Iteration=9
Time for building model:         0 seconds
Time for sampling (singles):     0 seconds
DAG statistics
mean edges/level: 2      max edges/level: 7
mean edges/node:  1.300  mean count/edge: 4

Window=6 Iteration=10
Time for building model:         0 seconds
Time for sampling (singles):     0 seconds
DAG statistics
mean edges/level: 2      max edges/level: 7
mean edges/node:  1.286  mean count/edge: 4

Starting phasing iterations

Window=6 Iteration=11
Time for building model:         0 seconds
Time for sampling (singles):     0 seconds
DAG statistics
mean edges/level: 3      max edges/level: 8
mean edges/node:  1.181  mean count/edge: 3

Window=6 Iteration=12
Time for building model:         0 seconds
Time for sampling (singles):     0 seconds
DAG statistics
mean edges/level: 3      max edges/level: 7
mean edges/node:  1.161  mean count/edge: 3

Window=6 Iteration=13
Time for building model:         0 seconds
Time for sampling (singles):     0 seconds
DAG statistics
mean edges/level: 3      max edges/level: 7
mean edges/node:  1.143  mean count/edge: 3

Window=6 Iteration=14
Time for building model:         0 seconds
Time for sampling (singles):     0 seconds
DAG statistics
mean edges/level: 3      max edges/level: 7
mean edges/node:  1.136  mean count/edge: 3

Window=6 Iteration=15
Time for building model:         0 seconds
Time for sampling (singles):     0 seconds
DAG statistics
mean edges/level: 3      max edges/level: 7
mean edges/node:  1.127  mean count/edge: 3

Number of markers:              271078
Total time for building model: 38 seconds
Total time for sampling:       28 seconds
Total run time:                1 minute 17 seconds

End time: 06:27 PM CEST on 04 Apr 2024
beagle.27Jan18.7e1.jar (version 4.1) finished
