PLINK v2.00a3.3LM 64-bit Intel (3 Jun 2022)
Options in effect:
  --allow-extra-chr
  --bfile /home/rdc143/trag_analyses/bed/BosTau9_tragmain2_sites_variable_noindels_8dp_fixedout
  --geno 0.1
  --keep keep_list.txt
  --maf 0.05
  --make-king-table

Hostname: scarbpop02fl.unicph.domain
Working directory: /maps/projects/seqafrica/scratch/rdc143/trag_analyses/relatedness/all/Tory/Ken
Start time: Tue Apr  2 15:58:14 2024

Random number seed: 1712066294
1031233 MiB RAM detected; reserving 515616 MiB for main workspace.
Using up to 192 threads (change this with --threads).
249 samples (0 females, 0 males, 249 ambiguous; 249 founders) loaded from
/home/rdc143/trag_analyses/bed/BosTau9_tragmain2_sites_variable_noindels_8dp_fixedout.fam.
122389855 variants loaded from
/home/rdc143/trag_analyses/bed/BosTau9_tragmain2_sites_variable_noindels_8dp_fixedout.bim.
Note: No phenotype data present.
--keep: 2 samples remaining.
2 samples (0 females, 0 males, 2 ambiguous; 2 founders) remaining after main
filters.
Calculating allele frequencies... done.
--geno: 31349382 variants removed due to missing genotype data.
86884673 variants removed due to allele frequency threshold(s)
(--maf/--max-maf/--mac/--max-mac).
4155800 variants remaining after main filters.
--make-king-table pass 1/1: Scanning for rare variants... done.
0 variants handled by initial scan (4155800 remaining).
--make-king-table: 4155800 variants processed.
Results written to plink2.kin0 .

End time: Tue Apr  2 15:58:35 2024
