beagle.27Jan18.7e1.jar (version 4.1)
Copyright (C) 2014-2015 Brian L. Browning
Enter "java -jar beagle.27Jan18.7e1.jar" for a summary of command line arguments.
Start time: 06:25 PM CEST on 04 Apr 2024

Command line: java -Xmx54613m -jar beagle.jar
  gl=results/gl/Bostau9_tragmain2_sites_variable_noindels_renamed_Scaf.bcf.gz.NC_037341.1.vcf.gz
  chrom=NC_037341.1
  out=results/imputed/Bostau9_tragmain2_sites_variable_noindels_renamed_Scaf.bcf.gz.NC_037341.1
  nthreads=6

No genetic map is specified: using 1 cM = 1 Mb

reference samples:       0
target samples:          4

Window 1 [ NC_037341.1:8781-15662371 ]
target markers:      50000

Starting burn-in iterations

Window=1 Iteration=1
Time for building model:         0 seconds
Time for sampling (singles):     0 seconds
DAG statistics
mean edges/level: 2      max edges/level: 6
mean edges/node:  1.538  mean count/edge: 4

Window=1 Iteration=2
Time for building model:         0 seconds
Time for sampling (singles):     0 seconds
DAG statistics
mean edges/level: 2      max edges/level: 7
mean edges/node:  1.414  mean count/edge: 4

Window=1 Iteration=3
Time for building model:         0 seconds
Time for sampling (singles):     0 seconds
DAG statistics
mean edges/level: 2      max edges/level: 7
mean edges/node:  1.342  mean count/edge: 4

Window=1 Iteration=4
Time for building model:         0 seconds
Time for sampling (singles):     0 seconds
DAG statistics
mean edges/level: 2      max edges/level: 6
mean edges/node:  1.297  mean count/edge: 4

Window=1 Iteration=5
Time for building model:         0 seconds
Time for sampling (singles):     0 seconds
DAG statistics
mean edges/level: 2      max edges/level: 7
mean edges/node:  1.271  mean count/edge: 4

Window=1 Iteration=6
Time for building model:         0 seconds
Time for sampling (singles):     0 seconds
DAG statistics
mean edges/level: 2      max edges/level: 7
mean edges/node:  1.252  mean count/edge: 4

Window=1 Iteration=7
Time for building model:         0 seconds
Time for sampling (singles):     0 seconds
DAG statistics
mean edges/level: 2      max edges/level: 6
mean edges/node:  1.236  mean count/edge: 4

Window=1 Iteration=8
Time for building model:         1 second
Time for sampling (singles):     0 seconds
DAG statistics
mean edges/level: 2      max edges/level: 7
mean edges/node:  1.223  mean count/edge: 4

Window=1 Iteration=9
Time for building model:         0 seconds
Time for sampling (singles):     0 seconds
DAG statistics
mean edges/level: 2      max edges/level: 8
mean edges/node:  1.213  mean count/edge: 4

Window=1 Iteration=10
Time for building model:         0 seconds
Time for sampling (singles):     0 seconds
DAG statistics
mean edges/level: 2      max edges/level: 8
mean edges/node:  1.205  mean count/edge: 4

Starting phasing iterations

Window=1 Iteration=11
Time for building model:         1 second
Time for sampling (singles):     2 seconds
DAG statistics
mean edges/level: 2      max edges/level: 8
mean edges/node:  1.132  mean count/edge: 4

Window=1 Iteration=12
Time for building model:         0 seconds
Time for sampling (singles):     1 second
DAG statistics
mean edges/level: 3      max edges/level: 8
mean edges/node:  1.118  mean count/edge: 3

Window=1 Iteration=13
Time for building model:         0 seconds
Time for sampling (singles):     0 seconds
DAG statistics
mean edges/level: 3      max edges/level: 8
mean edges/node:  1.107  mean count/edge: 3

Window=1 Iteration=14
Time for building model:         0 seconds
Time for sampling (singles):     1 second
DAG statistics
mean edges/level: 3      max edges/level: 8
mean edges/node:  1.102  mean count/edge: 3

Window=1 Iteration=15
Time for building model:         0 seconds
Time for sampling (singles):     1 second
DAG statistics
mean edges/level: 3      max edges/level: 8
mean edges/node:  1.096  mean count/edge: 3

Window 2 [ NC_037341.1:14287619-41499518 ]
target markers:      50000

Starting burn-in iterations

Window=2 Iteration=1
Time for building model:         0 seconds
Time for sampling (singles):     0 seconds
DAG statistics
mean edges/level: 2      max edges/level: 8
mean edges/node:  1.570  mean count/edge: 4

Window=2 Iteration=2
Time for building model:         0 seconds
Time for sampling (singles):     0 seconds
DAG statistics
mean edges/level: 2      max edges/level: 7
mean edges/node:  1.455  mean count/edge: 4

Window=2 Iteration=3
Time for building model:         0 seconds
Time for sampling (singles):     0 seconds
DAG statistics
mean edges/level: 2      max edges/level: 8
mean edges/node:  1.371  mean count/edge: 4

Window=2 Iteration=4
Time for building model:         1 second
Time for sampling (singles):     0 seconds
DAG statistics
mean edges/level: 2      max edges/level: 7
mean edges/node:  1.325  mean count/edge: 4

Window=2 Iteration=5
Time for building model:         0 seconds
Time for sampling (singles):     0 seconds
DAG statistics
mean edges/level: 2      max edges/level: 8
mean edges/node:  1.289  mean count/edge: 4

Window=2 Iteration=6
Time for building model:         0 seconds
Time for sampling (singles):     0 seconds
DAG statistics
mean edges/level: 2      max edges/level: 6
mean edges/node:  1.268  mean count/edge: 4

Window=2 Iteration=7
Time for building model:         0 seconds
Time for sampling (singles):     0 seconds
DAG statistics
mean edges/level: 2      max edges/level: 7
mean edges/node:  1.247  mean count/edge: 4

Window=2 Iteration=8
Time for building model:         0 seconds
Time for sampling (singles):     0 seconds
DAG statistics
mean edges/level: 2      max edges/level: 8
mean edges/node:  1.234  mean count/edge: 4

Window=2 Iteration=9
Time for building model:         0 seconds
Time for sampling (singles):     0 seconds
DAG statistics
mean edges/level: 2      max edges/level: 7
mean edges/node:  1.218  mean count/edge: 4

Window=2 Iteration=10
Time for building model:         0 seconds
Time for sampling (singles):     0 seconds
DAG statistics
mean edges/level: 2      max edges/level: 8
mean edges/node:  1.211  mean count/edge: 4

Starting phasing iterations

Window=2 Iteration=11
Time for building model:         0 seconds
Time for sampling (singles):     0 seconds
DAG statistics
mean edges/level: 3      max edges/level: 8
mean edges/node:  1.137  mean count/edge: 3

Window=2 Iteration=12
Time for building model:         0 seconds
Time for sampling (singles):     1 second
DAG statistics
mean edges/level: 3      max edges/level: 8
mean edges/node:  1.121  mean count/edge: 3

Window=2 Iteration=13
Time for building model:         1 second
Time for sampling (singles):     1 second
DAG statistics
mean edges/level: 3      max edges/level: 8
mean edges/node:  1.108  mean count/edge: 3

Window=2 Iteration=14
Time for building model:         0 seconds
Time for sampling (singles):     1 second
DAG statistics
mean edges/level: 3      max edges/level: 8
mean edges/node:  1.103  mean count/edge: 3

Window=2 Iteration=15
Time for building model:         0 seconds
Time for sampling (singles):     0 seconds
DAG statistics
mean edges/level: 3      max edges/level: 7
mean edges/node:  1.096  mean count/edge: 3

Window 3 [ NC_037341.1:39782689-68754901 ]
target markers:      50000

Starting burn-in iterations

Window=3 Iteration=1
Time for building model:         0 seconds
Time for sampling (singles):     0 seconds
DAG statistics
mean edges/level: 2      max edges/level: 8
mean edges/node:  1.591  mean count/edge: 4

Window=3 Iteration=2
Time for building model:         0 seconds
Time for sampling (singles):     0 seconds
DAG statistics
mean edges/level: 2      max edges/level: 6
mean edges/node:  1.467  mean count/edge: 4

Window=3 Iteration=3
Time for building model:         0 seconds
Time for sampling (singles):     0 seconds
DAG statistics
mean edges/level: 2      max edges/level: 6
mean edges/node:  1.375  mean count/edge: 4

Window=3 Iteration=4
Time for building model:         0 seconds
Time for sampling (singles):     0 seconds
DAG statistics
mean edges/level: 2      max edges/level: 7
mean edges/node:  1.322  mean count/edge: 4

Window=3 Iteration=5
Time for building model:         0 seconds
Time for sampling (singles):     0 seconds
DAG statistics
mean edges/level: 2      max edges/level: 6
mean edges/node:  1.292  mean count/edge: 4

Window=3 Iteration=6
Time for building model:         0 seconds
Time for sampling (singles):     0 seconds
DAG statistics
mean edges/level: 2      max edges/level: 7
mean edges/node:  1.271  mean count/edge: 4

Window=3 Iteration=7
Time for building model:         0 seconds
Time for sampling (singles):     0 seconds
DAG statistics
mean edges/level: 2      max edges/level: 6
mean edges/node:  1.249  mean count/edge: 4

Window=3 Iteration=8
Time for building model:         0 seconds
Time for sampling (singles):     0 seconds
DAG statistics
mean edges/level: 2      max edges/level: 6
mean edges/node:  1.234  mean count/edge: 4

Window=3 Iteration=9
Time for building model:         0 seconds
Time for sampling (singles):     0 seconds
DAG statistics
mean edges/level: 2      max edges/level: 6
mean edges/node:  1.220  mean count/edge: 4

Window=3 Iteration=10
Time for building model:         0 seconds
Time for sampling (singles):     0 seconds
DAG statistics
mean edges/level: 2      max edges/level: 7
mean edges/node:  1.210  mean count/edge: 4

Starting phasing iterations

Window=3 Iteration=11
Time for building model:         0 seconds
Time for sampling (singles):     1 second
DAG statistics
mean edges/level: 3      max edges/level: 8
mean edges/node:  1.141  mean count/edge: 3

Window=3 Iteration=12
Time for building model:         0 seconds
Time for sampling (singles):     0 seconds
DAG statistics
mean edges/level: 3      max edges/level: 7
mean edges/node:  1.125  mean count/edge: 3

Window=3 Iteration=13
Time for building model:         0 seconds
Time for sampling (singles):     0 seconds
DAG statistics
mean edges/level: 3      max edges/level: 8
mean edges/node:  1.114  mean count/edge: 3

Window=3 Iteration=14
Time for building model:         0 seconds
Time for sampling (singles):     0 seconds
DAG statistics
mean edges/level: 3      max edges/level: 8
mean edges/node:  1.106  mean count/edge: 3

Window=3 Iteration=15
Time for building model:         0 seconds
Time for sampling (singles):     0 seconds
DAG statistics
mean edges/level: 3      max edges/level: 8
mean edges/node:  1.102  mean count/edge: 3

Window 4 [ NC_037341.1:66969744-82395478 ]
target markers:      32866

Starting burn-in iterations

Window=4 Iteration=1
Time for building model:         0 seconds
Time for sampling (singles):     0 seconds
DAG statistics
mean edges/level: 2      max edges/level: 6
mean edges/node:  1.580  mean count/edge: 4

Window=4 Iteration=2
Time for building model:         0 seconds
Time for sampling (singles):     0 seconds
DAG statistics
mean edges/level: 2      max edges/level: 6
mean edges/node:  1.473  mean count/edge: 4

Window=4 Iteration=3
Time for building model:         0 seconds
Time for sampling (singles):     0 seconds
DAG statistics
mean edges/level: 2      max edges/level: 7
mean edges/node:  1.393  mean count/edge: 4

Window=4 Iteration=4
Time for building model:         0 seconds
Time for sampling (singles):     0 seconds
DAG statistics
mean edges/level: 2      max edges/level: 8
mean edges/node:  1.349  mean count/edge: 4

Window=4 Iteration=5
Time for building model:         0 seconds
Time for sampling (singles):     0 seconds
DAG statistics
mean edges/level: 2      max edges/level: 7
mean edges/node:  1.313  mean count/edge: 4

Window=4 Iteration=6
Time for building model:         0 seconds
Time for sampling (singles):     0 seconds
DAG statistics
mean edges/level: 2      max edges/level: 7
mean edges/node:  1.288  mean count/edge: 4

Window=4 Iteration=7
Time for building model:         0 seconds
Time for sampling (singles):     0 seconds
DAG statistics
mean edges/level: 2      max edges/level: 7
mean edges/node:  1.266  mean count/edge: 4

Window=4 Iteration=8
Time for building model:         0 seconds
Time for sampling (singles):     0 seconds
DAG statistics
mean edges/level: 2      max edges/level: 7
mean edges/node:  1.251  mean count/edge: 4

Window=4 Iteration=9
Time for building model:         0 seconds
Time for sampling (singles):     0 seconds
DAG statistics
mean edges/level: 2      max edges/level: 7
mean edges/node:  1.236  mean count/edge: 4

Window=4 Iteration=10
Time for building model:         0 seconds
Time for sampling (singles):     0 seconds
DAG statistics
mean edges/level: 2      max edges/level: 8
mean edges/node:  1.228  mean count/edge: 4

Starting phasing iterations

Window=4 Iteration=11
Time for building model:         0 seconds
Time for sampling (singles):     0 seconds
DAG statistics
mean edges/level: 3      max edges/level: 8
mean edges/node:  1.149  mean count/edge: 3

Window=4 Iteration=12
Time for building model:         0 seconds
Time for sampling (singles):     0 seconds
DAG statistics
mean edges/level: 3      max edges/level: 8
mean edges/node:  1.132  mean count/edge: 3

Window=4 Iteration=13
Time for building model:         0 seconds
Time for sampling (singles):     1 second
DAG statistics
mean edges/level: 3      max edges/level: 8
mean edges/node:  1.121  mean count/edge: 3

Window=4 Iteration=14
Time for building model:         0 seconds
Time for sampling (singles):     1 second
DAG statistics
mean edges/level: 3      max edges/level: 8
mean edges/node:  1.117  mean count/edge: 3

Window=4 Iteration=15
Time for building model:         1 second
Time for sampling (singles):     2 seconds
DAG statistics
mean edges/level: 3      max edges/level: 8
mean edges/node:  1.107  mean count/edge: 3

Number of markers:              173866
Total time for building model: 20 seconds
Total time for sampling:       22 seconds
Total run time:                53 seconds

End time: 06:26 PM CEST on 04 Apr 2024
beagle.27Jan18.7e1.jar (version 4.1) finished
