beagle.27Jan18.7e1.jar (version 4.1)
Copyright (C) 2014-2015 Brian L. Browning
Enter "java -jar beagle.27Jan18.7e1.jar" for a summary of command line arguments.
Start time: 06:25 PM CEST on 04 Apr 2024

Command line: java -Xmx54613m -jar beagle.jar
  gl=results/gl/Bostau9_tragmain2_sites_variable_noindels_renamed_Scaf.bcf.gz.NC_037338.1.vcf.gz
  chrom=NC_037338.1
  out=results/imputed/Bostau9_tragmain2_sites_variable_noindels_renamed_Scaf.bcf.gz.NC_037338.1
  nthreads=6

No genetic map is specified: using 1 cM = 1 Mb

reference samples:       0
target samples:          4

Window 1 [ NC_037338.1:82741-24549398 ]
target markers:      50000

Starting burn-in iterations

Window=1 Iteration=1
Time for building model:         0 seconds
Time for sampling (singles):     0 seconds
DAG statistics
mean edges/level: 2      max edges/level: 6
mean edges/node:  1.584  mean count/edge: 4

Window=1 Iteration=2
Time for building model:         0 seconds
Time for sampling (singles):     0 seconds
DAG statistics
mean edges/level: 2      max edges/level: 6
mean edges/node:  1.470  mean count/edge: 4

Window=1 Iteration=3
Time for building model:         1 second
Time for sampling (singles):     0 seconds
DAG statistics
mean edges/level: 2      max edges/level: 6
mean edges/node:  1.383  mean count/edge: 4

Window=1 Iteration=4
Time for building model:         0 seconds
Time for sampling (singles):     0 seconds
DAG statistics
mean edges/level: 2      max edges/level: 6
mean edges/node:  1.330  mean count/edge: 4

Window=1 Iteration=5
Time for building model:         0 seconds
Time for sampling (singles):     0 seconds
DAG statistics
mean edges/level: 2      max edges/level: 7
mean edges/node:  1.295  mean count/edge: 4

Window=1 Iteration=6
Time for building model:         0 seconds
Time for sampling (singles):     0 seconds
DAG statistics
mean edges/level: 2      max edges/level: 7
mean edges/node:  1.268  mean count/edge: 4

Window=1 Iteration=7
Time for building model:         0 seconds
Time for sampling (singles):     0 seconds
DAG statistics
mean edges/level: 2      max edges/level: 6
mean edges/node:  1.250  mean count/edge: 4

Window=1 Iteration=8
Time for building model:         1 second
Time for sampling (singles):     0 seconds
DAG statistics
mean edges/level: 2      max edges/level: 7
mean edges/node:  1.232  mean count/edge: 4

Window=1 Iteration=9
Time for building model:         0 seconds
Time for sampling (singles):     0 seconds
DAG statistics
mean edges/level: 2      max edges/level: 8
mean edges/node:  1.222  mean count/edge: 4

Window=1 Iteration=10
Time for building model:         0 seconds
Time for sampling (singles):     0 seconds
DAG statistics
mean edges/level: 2      max edges/level: 7
mean edges/node:  1.211  mean count/edge: 4

Starting phasing iterations

Window=1 Iteration=11
Time for building model:         0 seconds
Time for sampling (singles):     1 second
DAG statistics
mean edges/level: 3      max edges/level: 8
mean edges/node:  1.137  mean count/edge: 3

Window=1 Iteration=12
Time for building model:         1 second
Time for sampling (singles):     1 second
DAG statistics
mean edges/level: 3      max edges/level: 8
mean edges/node:  1.123  mean count/edge: 3

Window=1 Iteration=13
Time for building model:         0 seconds
Time for sampling (singles):     1 second
DAG statistics
mean edges/level: 3      max edges/level: 8
mean edges/node:  1.112  mean count/edge: 3

Window=1 Iteration=14
Time for building model:         1 second
Time for sampling (singles):     1 second
DAG statistics
mean edges/level: 3      max edges/level: 7
mean edges/node:  1.106  mean count/edge: 3

Window=1 Iteration=15
Time for building model:         0 seconds
Time for sampling (singles):     0 seconds
DAG statistics
mean edges/level: 3      max edges/level: 8
mean edges/node:  1.101  mean count/edge: 3

Window 2 [ NC_037338.1:23166684-52486796 ]
target markers:      50000

Starting burn-in iterations

Window=2 Iteration=1
Time for building model:         0 seconds
Time for sampling (singles):     0 seconds
DAG statistics
mean edges/level: 2      max edges/level: 6
mean edges/node:  1.556  mean count/edge: 4

Window=2 Iteration=2
Time for building model:         0 seconds
Time for sampling (singles):     0 seconds
DAG statistics
mean edges/level: 2      max edges/level: 6
mean edges/node:  1.448  mean count/edge: 4

Window=2 Iteration=3
Time for building model:         0 seconds
Time for sampling (singles):     0 seconds
DAG statistics
mean edges/level: 2      max edges/level: 7
mean edges/node:  1.365  mean count/edge: 4

Window=2 Iteration=4
Time for building model:         0 seconds
Time for sampling (singles):     0 seconds
DAG statistics
mean edges/level: 2      max edges/level: 7
mean edges/node:  1.328  mean count/edge: 4

Window=2 Iteration=5
Time for building model:         0 seconds
Time for sampling (singles):     0 seconds
DAG statistics
mean edges/level: 2      max edges/level: 8
mean edges/node:  1.296  mean count/edge: 4

Window=2 Iteration=6
Time for building model:         0 seconds
Time for sampling (singles):     0 seconds
DAG statistics
mean edges/level: 2      max edges/level: 8
mean edges/node:  1.276  mean count/edge: 4

Window=2 Iteration=7
Time for building model:         0 seconds
Time for sampling (singles):     0 seconds
DAG statistics
mean edges/level: 2      max edges/level: 8
mean edges/node:  1.258  mean count/edge: 4

Window=2 Iteration=8
Time for building model:         0 seconds
Time for sampling (singles):     0 seconds
DAG statistics
mean edges/level: 2      max edges/level: 8
mean edges/node:  1.245  mean count/edge: 4

Window=2 Iteration=9
Time for building model:         0 seconds
Time for sampling (singles):     0 seconds
DAG statistics
mean edges/level: 2      max edges/level: 8
mean edges/node:  1.233  mean count/edge: 4

Window=2 Iteration=10
Time for building model:         0 seconds
Time for sampling (singles):     0 seconds
DAG statistics
mean edges/level: 2      max edges/level: 7
mean edges/node:  1.225  mean count/edge: 4

Starting phasing iterations

Window=2 Iteration=11
Time for building model:         0 seconds
Time for sampling (singles):     0 seconds
DAG statistics
mean edges/level: 3      max edges/level: 7
mean edges/node:  1.147  mean count/edge: 3

Window=2 Iteration=12
Time for building model:         1 second
Time for sampling (singles):     0 seconds
DAG statistics
mean edges/level: 3      max edges/level: 8
mean edges/node:  1.132  mean count/edge: 3

Window=2 Iteration=13
Time for building model:         1 second
Time for sampling (singles):     1 second
DAG statistics
mean edges/level: 3      max edges/level: 8
mean edges/node:  1.120  mean count/edge: 3

Window=2 Iteration=14
Time for building model:         1 second
Time for sampling (singles):     1 second
DAG statistics
mean edges/level: 3      max edges/level: 8
mean edges/node:  1.113  mean count/edge: 3

Window=2 Iteration=15
Time for building model:         0 seconds
Time for sampling (singles):     0 seconds
DAG statistics
mean edges/level: 3      max edges/level: 8
mean edges/node:  1.107  mean count/edge: 3

Window 3 [ NC_037338.1:50183427-81411010 ]
target markers:      50000

Starting burn-in iterations

Window=3 Iteration=1
Time for building model:         0 seconds
Time for sampling (singles):     0 seconds
DAG statistics
mean edges/level: 2      max edges/level: 6
mean edges/node:  1.546  mean count/edge: 4

Window=3 Iteration=2
Time for building model:         0 seconds
Time for sampling (singles):     0 seconds
DAG statistics
mean edges/level: 2      max edges/level: 7
mean edges/node:  1.437  mean count/edge: 4

Window=3 Iteration=3
Time for building model:         0 seconds
Time for sampling (singles):     0 seconds
DAG statistics
mean edges/level: 2      max edges/level: 6
mean edges/node:  1.353  mean count/edge: 4

Window=3 Iteration=4
Time for building model:         0 seconds
Time for sampling (singles):     0 seconds
DAG statistics
mean edges/level: 2      max edges/level: 7
mean edges/node:  1.311  mean count/edge: 4

Window=3 Iteration=5
Time for building model:         0 seconds
Time for sampling (singles):     0 seconds
DAG statistics
mean edges/level: 2      max edges/level: 7
mean edges/node:  1.279  mean count/edge: 4

Window=3 Iteration=6
Time for building model:         0 seconds
Time for sampling (singles):     0 seconds
DAG statistics
mean edges/level: 2      max edges/level: 7
mean edges/node:  1.255  mean count/edge: 4

Window=3 Iteration=7
Time for building model:         0 seconds
Time for sampling (singles):     0 seconds
DAG statistics
mean edges/level: 2      max edges/level: 7
mean edges/node:  1.241  mean count/edge: 4

Window=3 Iteration=8
Time for building model:         0 seconds
Time for sampling (singles):     0 seconds
DAG statistics
mean edges/level: 2      max edges/level: 8
mean edges/node:  1.225  mean count/edge: 4

Window=3 Iteration=9
Time for building model:         0 seconds
Time for sampling (singles):     0 seconds
DAG statistics
mean edges/level: 2      max edges/level: 7
mean edges/node:  1.214  mean count/edge: 4

Window=3 Iteration=10
Time for building model:         0 seconds
Time for sampling (singles):     0 seconds
DAG statistics
mean edges/level: 2      max edges/level: 8
mean edges/node:  1.204  mean count/edge: 4

Starting phasing iterations

Window=3 Iteration=11
Time for building model:         0 seconds
Time for sampling (singles):     1 second
DAG statistics
mean edges/level: 3      max edges/level: 8
mean edges/node:  1.134  mean count/edge: 3

Window=3 Iteration=12
Time for building model:         0 seconds
Time for sampling (singles):     0 seconds
DAG statistics
mean edges/level: 3      max edges/level: 8
mean edges/node:  1.123  mean count/edge: 3

Window=3 Iteration=13
Time for building model:         0 seconds
Time for sampling (singles):     0 seconds
DAG statistics
mean edges/level: 3      max edges/level: 8
mean edges/node:  1.110  mean count/edge: 3

Window=3 Iteration=14
Time for building model:         0 seconds
Time for sampling (singles):     0 seconds
DAG statistics
mean edges/level: 3      max edges/level: 8
mean edges/node:  1.106  mean count/edge: 3

Window=3 Iteration=15
Time for building model:         0 seconds
Time for sampling (singles):     0 seconds
DAG statistics
mean edges/level: 3      max edges/level: 8
mean edges/node:  1.100  mean count/edge: 3

Window 4 [ NC_037338.1:79399719-100348607 ]
target markers:      50000

Starting burn-in iterations

Window=4 Iteration=1
Time for building model:         0 seconds
Time for sampling (singles):     0 seconds
DAG statistics
mean edges/level: 2      max edges/level: 7
mean edges/node:  1.534  mean count/edge: 4

Window=4 Iteration=2
Time for building model:         0 seconds
Time for sampling (singles):     0 seconds
DAG statistics
mean edges/level: 2      max edges/level: 6
mean edges/node:  1.435  mean count/edge: 4

Window=4 Iteration=3
Time for building model:         0 seconds
Time for sampling (singles):     0 seconds
DAG statistics
mean edges/level: 2      max edges/level: 6
mean edges/node:  1.364  mean count/edge: 4

Window=4 Iteration=4
Time for building model:         0 seconds
Time for sampling (singles):     0 seconds
DAG statistics
mean edges/level: 2      max edges/level: 6
mean edges/node:  1.323  mean count/edge: 4

Window=4 Iteration=5
Time for building model:         0 seconds
Time for sampling (singles):     0 seconds
DAG statistics
mean edges/level: 2      max edges/level: 6
mean edges/node:  1.291  mean count/edge: 4

Window=4 Iteration=6
Time for building model:         1 second
Time for sampling (singles):     0 seconds
DAG statistics
mean edges/level: 2      max edges/level: 7
mean edges/node:  1.271  mean count/edge: 4

Window=4 Iteration=7
Time for building model:         2 seconds
Time for sampling (singles):     0 seconds
DAG statistics
mean edges/level: 2      max edges/level: 7
mean edges/node:  1.252  mean count/edge: 4

Window=4 Iteration=8
Time for building model:         1 second
Time for sampling (singles):     0 seconds
DAG statistics
mean edges/level: 2      max edges/level: 7
mean edges/node:  1.240  mean count/edge: 4

Window=4 Iteration=9
Time for building model:         1 second
Time for sampling (singles):     0 seconds
DAG statistics
mean edges/level: 2      max edges/level: 8
mean edges/node:  1.227  mean count/edge: 4

Window=4 Iteration=10
Time for building model:         1 second
Time for sampling (singles):     0 seconds
DAG statistics
mean edges/level: 2      max edges/level: 6
mean edges/node:  1.218  mean count/edge: 4

Starting phasing iterations

Window=4 Iteration=11
Time for building model:         1 second
Time for sampling (singles):     1 second
DAG statistics
mean edges/level: 3      max edges/level: 8
mean edges/node:  1.143  mean count/edge: 3

Window=4 Iteration=12
Time for building model:         1 second
Time for sampling (singles):     1 second
DAG statistics
mean edges/level: 3      max edges/level: 8
mean edges/node:  1.124  mean count/edge: 3

Window=4 Iteration=13
Time for building model:         1 second
Time for sampling (singles):     1 second
DAG statistics
mean edges/level: 3      max edges/level: 8
mean edges/node:  1.110  mean count/edge: 3

Window=4 Iteration=14
Time for building model:         1 second
Time for sampling (singles):     1 second
DAG statistics
mean edges/level: 3      max edges/level: 8
mean edges/node:  1.104  mean count/edge: 3

Window=4 Iteration=15
Time for building model:         0 seconds
Time for sampling (singles):     0 seconds
DAG statistics
mean edges/level: 3      max edges/level: 8
mean edges/node:  1.100  mean count/edge: 3

Window 5 [ NC_037338.1:99390614-106975507 ]
target markers:      41280

Starting burn-in iterations

Window=5 Iteration=1
Time for building model:         0 seconds
Time for sampling (singles):     0 seconds
DAG statistics
mean edges/level: 2      max edges/level: 6
mean edges/node:  1.415  mean count/edge: 4

Window=5 Iteration=2
Time for building model:         0 seconds
Time for sampling (singles):     0 seconds
DAG statistics
mean edges/level: 2      max edges/level: 7
mean edges/node:  1.313  mean count/edge: 4

Window=5 Iteration=3
Time for building model:         0 seconds
Time for sampling (singles):     0 seconds
DAG statistics
mean edges/level: 2      max edges/level: 6
mean edges/node:  1.252  mean count/edge: 4

Window=5 Iteration=4
Time for building model:         0 seconds
Time for sampling (singles):     0 seconds
DAG statistics
mean edges/level: 2      max edges/level: 6
mean edges/node:  1.224  mean count/edge: 4

Window=5 Iteration=5
Time for building model:         0 seconds
Time for sampling (singles):     0 seconds
DAG statistics
mean edges/level: 2      max edges/level: 6
mean edges/node:  1.206  mean count/edge: 4

Window=5 Iteration=6
Time for building model:         0 seconds
Time for sampling (singles):     0 seconds
DAG statistics
mean edges/level: 2      max edges/level: 6
mean edges/node:  1.191  mean count/edge: 4

Window=5 Iteration=7
Time for building model:         0 seconds
Time for sampling (singles):     0 seconds
DAG statistics
mean edges/level: 2      max edges/level: 6
mean edges/node:  1.181  mean count/edge: 4

Window=5 Iteration=8
Time for building model:         0 seconds
Time for sampling (singles):     0 seconds
DAG statistics
mean edges/level: 2      max edges/level: 6
mean edges/node:  1.169  mean count/edge: 4

Window=5 Iteration=9
Time for building model:         0 seconds
Time for sampling (singles):     0 seconds
DAG statistics
mean edges/level: 2      max edges/level: 6
mean edges/node:  1.166  mean count/edge: 4

Window=5 Iteration=10
Time for building model:         0 seconds
Time for sampling (singles):     0 seconds
DAG statistics
mean edges/level: 2      max edges/level: 6
mean edges/node:  1.158  mean count/edge: 4

Starting phasing iterations

Window=5 Iteration=11
Time for building model:         0 seconds
Time for sampling (singles):     0 seconds
DAG statistics
mean edges/level: 2      max edges/level: 8
mean edges/node:  1.111  mean count/edge: 4

Window=5 Iteration=12
Time for building model:         0 seconds
Time for sampling (singles):     0 seconds
DAG statistics
mean edges/level: 2      max edges/level: 7
mean edges/node:  1.099  mean count/edge: 4

Window=5 Iteration=13
Time for building model:         0 seconds
Time for sampling (singles):     0 seconds
DAG statistics
mean edges/level: 2      max edges/level: 8
mean edges/node:  1.094  mean count/edge: 4

Window=5 Iteration=14
Time for building model:         0 seconds
Time for sampling (singles):     0 seconds
DAG statistics
mean edges/level: 2      max edges/level: 6
mean edges/node:  1.088  mean count/edge: 4

Window=5 Iteration=15
Time for building model:         0 seconds
Time for sampling (singles):     0 seconds
DAG statistics
mean edges/level: 2      max edges/level: 8
mean edges/node:  1.090  mean count/edge: 4

Number of markers:              229280
Total time for building model: 30 seconds
Total time for sampling:       23 seconds
Total run time:                1 minute 5 seconds

End time: 06:27 PM CEST on 04 Apr 2024
beagle.27Jan18.7e1.jar (version 4.1) finished
