beagle.27Jan18.7e1.jar (version 4.1)
Copyright (C) 2014-2015 Brian L. Browning
Enter "java -jar beagle.27Jan18.7e1.jar" for a summary of command line arguments.
Start time: 09:25 PM CEST on 04 Apr 2024

Command line: java -Xmx54613m -jar beagle.jar
  gl=results/gl/Bostau9_tragmain2_sites_variable_noindels_renamed_ToryTstr.bcf.gz.NC_037341.1.vcf.gz
  chrom=NC_037341.1
  out=results/imputed/Bostau9_tragmain2_sites_variable_noindels_renamed_ToryTstr.bcf.gz.NC_037341.1
  nthreads=6

No genetic map is specified: using 1 cM = 1 Mb

reference samples:       0
target samples:        143

Window 1 [ NC_037341.1:1573-3797710 ]
target markers:      50000

Starting burn-in iterations

Window=1 Iteration=1
Time for building model:         25 seconds
Time for sampling (singles):     8 seconds
DAG statistics
mean edges/level: 6      max edges/level: 20
mean edges/node:  1.761  mean count/edge: 48

Window=1 Iteration=2
Time for building model:         8 seconds
Time for sampling (singles):     13 seconds
DAG statistics
mean edges/level: 6      max edges/level: 29
mean edges/node:  1.372  mean count/edge: 48

Window=1 Iteration=3
Time for building model:         41 seconds
Time for sampling (singles):     18 seconds
DAG statistics
mean edges/level: 9      max edges/level: 31
mean edges/node:  1.213  mean count/edge: 32

Window=1 Iteration=4
Time for building model:         16 seconds
Time for sampling (singles):     9 seconds
DAG statistics
mean edges/level: 6      max edges/level: 32
mean edges/node:  1.211  mean count/edge: 48

Window=1 Iteration=5
Time for building model:         9 seconds
Time for sampling (singles):     8 seconds
DAG statistics
mean edges/level: 6      max edges/level: 27
mean edges/node:  1.194  mean count/edge: 48

Window=1 Iteration=6
Time for building model:         10 seconds
Time for sampling (singles):     12 seconds
DAG statistics
mean edges/level: 6      max edges/level: 31
mean edges/node:  1.181  mean count/edge: 48

Window=1 Iteration=7
Time for building model:         1 minute 43 seconds
Time for sampling (singles):     29 seconds
DAG statistics
mean edges/level: 11     max edges/level: 34
mean edges/node:  1.141  mean count/edge: 26

Window=1 Iteration=8
Time for building model:         2 minutes 9 seconds
Time for sampling (singles):     27 seconds
DAG statistics
mean edges/level: 12     max edges/level: 37
mean edges/node:  1.114  mean count/edge: 24

Window=1 Iteration=9
Time for building model:         3 minutes 18 seconds
Time for sampling (singles):     13 seconds
DAG statistics
mean edges/level: 5      max edges/level: 24
mean edges/node:  1.181  mean count/edge: 57

Window=1 Iteration=10
Time for building model:         6 minutes 33 seconds
Time for sampling (singles):     24 seconds
DAG statistics
mean edges/level: 6      max edges/level: 31
mean edges/node:  1.162  mean count/edge: 48

Starting phasing iterations

Window=1 Iteration=11
Time for building model:         3 minutes 27 seconds
Time for sampling (singles):     9 minutes 44 seconds
DAG statistics
mean edges/level: 20     max edges/level: 49
mean edges/node:  1.061  mean count/edge: 14

Window=1 Iteration=12
Time for building model:         2 minutes 51 seconds
Time for sampling (singles):     4 minutes 59 seconds
DAG statistics
mean edges/level: 25     max edges/level: 59
mean edges/node:  1.046  mean count/edge: 11

Window=1 Iteration=13
Time for building model:         2 minutes 46 seconds
Time for sampling (singles):     8 minutes 30 seconds
DAG statistics
mean edges/level: 22     max edges/level: 59
mean edges/node:  1.047  mean count/edge: 13

Window=1 Iteration=14
Time for building model:         5 minutes 8 seconds
Time for sampling (singles):     13 minutes 59 seconds
DAG statistics
mean edges/level: 30     max edges/level: 65
mean edges/node:  1.041  mean count/edge: 10

Window=1 Iteration=15
Time for building model:         5 minutes 14 seconds
Time for sampling (singles):     13 minutes 12 seconds
DAG statistics
mean edges/level: 34     max edges/level: 68
mean edges/node:  1.033  mean count/edge: 8

Window 2 [ NC_037341.1:3632671-7368289 ]
target markers:      50000

Starting burn-in iterations

Window=2 Iteration=1
Time for building model:         11 minutes 44 seconds
Time for sampling (singles):     1 minute 45 seconds
DAG statistics
mean edges/level: 12     max edges/level: 42
mean edges/node:  1.401  mean count/edge: 24

Window=2 Iteration=2
Time for building model:         10 minutes 13 seconds
Time for sampling (singles):     2 minutes 0 seconds
DAG statistics
mean edges/level: 15     max edges/level: 48
mean edges/node:  1.176  mean count/edge: 19

Window=2 Iteration=3
Time for building model:         7 minutes 19 seconds
Time for sampling (singles):     1 minute 46 seconds
DAG statistics
mean edges/level: 17     max edges/level: 47
mean edges/node:  1.097  mean count/edge: 17

Window=2 Iteration=4
Time for building model:         5 minutes 50 seconds
Time for sampling (singles):     1 minute 26 seconds
DAG statistics
mean edges/level: 19     max edges/level: 52
mean edges/node:  1.071  mean count/edge: 15

Window=2 Iteration=5
Time for building model:         6 minutes 33 seconds
Time for sampling (singles):     1 minute 34 seconds
DAG statistics
mean edges/level: 20     max edges/level: 54
mean edges/node:  1.059  mean count/edge: 14

Window=2 Iteration=6
Time for building model:         5 minutes 31 seconds
Time for sampling (singles):     1 minute 47 seconds
DAG statistics
mean edges/level: 21     max edges/level: 59
mean edges/node:  1.053  mean count/edge: 14

Window=2 Iteration=7
Time for building model:         5 minutes 37 seconds
Time for sampling (singles):     1 minute 52 seconds
DAG statistics
mean edges/level: 22     max edges/level: 62
mean edges/node:  1.049  mean count/edge: 13

Window=2 Iteration=8
Time for building model:         7 minutes 24 seconds
Time for sampling (singles):     1 minute 6 seconds
DAG statistics
mean edges/level: 10     max edges/level: 49
mean edges/node:  1.084  mean count/edge: 29

Window=2 Iteration=9
Time for building model:         5 minutes 51 seconds
Time for sampling (singles):     38 seconds
DAG statistics
mean edges/level: 8      max edges/level: 44
mean edges/node:  1.116  mean count/edge: 36

Window=2 Iteration=10
Time for building model:         11 minutes 21 seconds
Time for sampling (singles):     28 seconds
DAG statistics
mean edges/level: 8      max edges/level: 34
mean edges/node:  1.123  mean count/edge: 36

Starting phasing iterations

Window=2 Iteration=11
Time for building model:         2 minutes 45 seconds
Time for sampling (singles):     9 minutes 20 seconds
DAG statistics
mean edges/level: 32     max edges/level: 66
mean edges/node:  1.034  mean count/edge: 9

Window=2 Iteration=12
Time for building model:         3 minutes 49 seconds
Time for sampling (singles):     9 minutes 9 seconds
DAG statistics
mean edges/level: 39     max edges/level: 80
mean edges/node:  1.025  mean count/edge: 7

Window=2 Iteration=13
Time for building model:         2 minutes 50 seconds
Time for sampling (singles):     5 minutes 58 seconds
DAG statistics
mean edges/level: 35     max edges/level: 78
mean edges/node:  1.024  mean count/edge: 8

Window=2 Iteration=14
Time for building model:         2 minutes 55 seconds
Time for sampling (singles):     5 minutes 20 seconds
DAG statistics
mean edges/level: 43     max edges/level: 80
mean edges/node:  1.023  mean count/edge: 7

Window=2 Iteration=15
Time for building model:         1 minute 52 seconds
Time for sampling (singles):     6 minutes 16 seconds
DAG statistics
mean edges/level: 49     max edges/level: 80
mean edges/node:  1.019  mean count/edge: 6

Window 3 [ NC_037341.1:7146104-11063672 ]
target markers:      50000

Starting burn-in iterations

Window=3 Iteration=1
Time for building model:         5 minutes 56 seconds
Time for sampling (singles):     49 seconds
DAG statistics
mean edges/level: 12     max edges/level: 56
mean edges/node:  1.400  mean count/edge: 24

Window=3 Iteration=2
Time for building model:         5 minutes 58 seconds
Time for sampling (singles):     1 minute 8 seconds
DAG statistics
mean edges/level: 15     max edges/level: 60
mean edges/node:  1.177  mean count/edge: 19

Window=3 Iteration=3
Time for building model:         4 minutes 54 seconds
Time for sampling (singles):     1 minute 19 seconds
DAG statistics
mean edges/level: 17     max edges/level: 56
mean edges/node:  1.103  mean count/edge: 17

Window=3 Iteration=4
Time for building model:         3 minutes 25 seconds
Time for sampling (singles):     49 seconds
DAG statistics
mean edges/level: 10     max edges/level: 43
mean edges/node:  1.108  mean count/edge: 29

Window=3 Iteration=5
Time for building model:         3 minutes 15 seconds
Time for sampling (singles):     1 minute 1 second
DAG statistics
mean edges/level: 17     max edges/level: 56
mean edges/node:  1.089  mean count/edge: 17

Window=3 Iteration=6
Time for building model:         2 minutes 57 seconds
Time for sampling (singles):     1 minute 35 seconds
DAG statistics
mean edges/level: 20     max edges/level: 58
mean edges/node:  1.070  mean count/edge: 14

Window=3 Iteration=7
Time for building model:         3 minutes 12 seconds
Time for sampling (singles):     1 minute 24 seconds
DAG statistics
mean edges/level: 21     max edges/level: 54
mean edges/node:  1.057  mean count/edge: 14

Window=3 Iteration=8
Time for building model:         4 minutes 26 seconds
Time for sampling (singles):     1 minute 50 seconds
DAG statistics
mean edges/level: 22     max edges/level: 58
mean edges/node:  1.051  mean count/edge: 13

Window=3 Iteration=9
Time for building model:         4 minutes 52 seconds
Time for sampling (singles):     1 minute 55 seconds
DAG statistics
mean edges/level: 23     max edges/level: 59
mean edges/node:  1.048  mean count/edge: 12

Window=3 Iteration=10
Time for building model:         6 minutes 31 seconds
Time for sampling (singles):     2 minutes 21 seconds
DAG statistics
mean edges/level: 24     max edges/level: 61
mean edges/node:  1.044  mean count/edge: 12

Starting phasing iterations

Window=3 Iteration=11
Time for building model:         1 minute 56 seconds
Time for sampling (singles):     7 minutes 25 seconds
DAG statistics
mean edges/level: 34     max edges/level: 67
mean edges/node:  1.030  mean count/edge: 8

Window=3 Iteration=12
Time for building model:         3 minutes 7 seconds
Time for sampling (singles):     5 minutes 40 seconds
DAG statistics
mean edges/level: 40     max edges/level: 71
mean edges/node:  1.024  mean count/edge: 7

Window=3 Iteration=13
Time for building model:         2 minutes 21 seconds
Time for sampling (singles):     3 minutes 55 seconds
DAG statistics
mean edges/level: 46     max edges/level: 80
mean edges/node:  1.020  mean count/edge: 6

Window=3 Iteration=14
Time for building model:         2 minutes 6 seconds
Time for sampling (singles):     4 minutes 11 seconds
DAG statistics
mean edges/level: 50     max edges/level: 81
mean edges/node:  1.018  mean count/edge: 6

Window=3 Iteration=15
Time for building model:         1 minute 41 seconds
Time for sampling (singles):     3 minutes 39 seconds
DAG statistics
mean edges/level: 54     max edges/level: 83
mean edges/node:  1.016  mean count/edge: 5

Window 4 [ NC_037341.1:10806640-15534882 ]
target markers:      50000

Starting burn-in iterations

Window=4 Iteration=1
Time for building model:         3 minutes 3 seconds
Time for sampling (singles):     35 seconds
DAG statistics
mean edges/level: 12     max edges/level: 67
mean edges/node:  1.396  mean count/edge: 24

Window=4 Iteration=2
Time for building model:         4 minutes 27 seconds
Time for sampling (singles):     40 seconds
DAG statistics
mean edges/level: 15     max edges/level: 68
mean edges/node:  1.189  mean count/edge: 19

Window=4 Iteration=3
Time for building model:         4 minutes 28 seconds
Time for sampling (singles):     1 minute 13 seconds
DAG statistics
mean edges/level: 17     max edges/level: 66
mean edges/node:  1.110  mean count/edge: 17

Window=4 Iteration=4
Time for building model:         3 minutes 54 seconds
Time for sampling (singles):     1 minute 25 seconds
DAG statistics
mean edges/level: 19     max edges/level: 71
mean edges/node:  1.077  mean count/edge: 15

Window=4 Iteration=5
Time for building model:         2 minutes 34 seconds
Time for sampling (singles):     31 seconds
DAG statistics
mean edges/level: 7      max edges/level: 67
mean edges/node:  1.126  mean count/edge: 41

Window=4 Iteration=6
Time for building model:         2 minutes 32 seconds
Time for sampling (singles):     21 seconds
DAG statistics
mean edges/level: 7      max edges/level: 34
mean edges/node:  1.147  mean count/edge: 41

Window=4 Iteration=7
Time for building model:         2 minutes 46 seconds
Time for sampling (singles):     36 seconds
DAG statistics
mean edges/level: 14     max edges/level: 67
mean edges/node:  1.112  mean count/edge: 20

Window=4 Iteration=8
Time for building model:         2 minutes 2 seconds
Time for sampling (singles):     1 minute 7 seconds
DAG statistics
mean edges/level: 18     max edges/level: 69
mean edges/node:  1.088  mean count/edge: 16

Window=4 Iteration=9
Time for building model:         2 minutes 19 seconds
Time for sampling (singles):     1 minute 28 seconds
DAG statistics
mean edges/level: 20     max edges/level: 69
mean edges/node:  1.067  mean count/edge: 14

Window=4 Iteration=10
Time for building model:         2 minutes 49 seconds
Time for sampling (singles):     1 minute 37 seconds
DAG statistics
mean edges/level: 22     max edges/level: 72
mean edges/node:  1.057  mean count/edge: 13

Starting phasing iterations

Window=4 Iteration=11
Time for building model:         1 minute 26 seconds
Time for sampling (singles):     4 minutes 12 seconds
DAG statistics
mean edges/level: 31     max edges/level: 67
mean edges/node:  1.037  mean count/edge: 9

Window=4 Iteration=12
Time for building model:         1 minute 6 seconds
Time for sampling (singles):     42 seconds
DAG statistics
mean edges/level: 38     max edges/level: 74
mean edges/node:  1.029  mean count/edge: 8

Window=4 Iteration=13
Time for building model:         9 seconds
Time for sampling (singles):     39 seconds
DAG statistics
mean edges/level: 44     max edges/level: 78
mean edges/node:  1.024  mean count/edge: 7

Window=4 Iteration=14
Time for building model:         10 seconds
Time for sampling (singles):     22 seconds
DAG statistics
mean edges/level: 48     max edges/level: 78
mean edges/node:  1.021  mean count/edge: 6

Window=4 Iteration=15
Time for building model:         10 seconds
Time for sampling (singles):     36 seconds
DAG statistics
mean edges/level: 52     max edges/level: 81
mean edges/node:  1.019  mean count/edge: 6

Window 5 [ NC_037341.1:15300777-19798549 ]
target markers:      50000

Starting burn-in iterations

Window=5 Iteration=1
Time for building model:         8 seconds
Time for sampling (singles):     23 seconds
DAG statistics
mean edges/level: 12     max edges/level: 66
mean edges/node:  1.391  mean count/edge: 24

Window=5 Iteration=2
Time for building model:         5 seconds
Time for sampling (singles):     11 seconds
DAG statistics
mean edges/level: 7      max edges/level: 28
mean edges/node:  1.317  mean count/edge: 41

Window=5 Iteration=3
Time for building model:         7 seconds
Time for sampling (singles):     18 seconds
DAG statistics
mean edges/level: 10     max edges/level: 67
mean edges/node:  1.157  mean count/edge: 29

Window=5 Iteration=4
Time for building model:         5 seconds
Time for sampling (singles):     12 seconds
DAG statistics
mean edges/level: 7      max edges/level: 35
mean edges/node:  1.175  mean count/edge: 41

Window=5 Iteration=5
Time for building model:         7 seconds
Time for sampling (singles):     12 seconds
DAG statistics
mean edges/level: 8      max edges/level: 66
mean edges/node:  1.135  mean count/edge: 36

Window=5 Iteration=6
Time for building model:         5 seconds
Time for sampling (singles):     13 seconds
DAG statistics
mean edges/level: 7      max edges/level: 34
mean edges/node:  1.155  mean count/edge: 41

Window=5 Iteration=7
Time for building model:         11 seconds
Time for sampling (singles):     22 seconds
DAG statistics
mean edges/level: 11     max edges/level: 68
mean edges/node:  1.117  mean count/edge: 26

Window=5 Iteration=8
Time for building model:         52 seconds
Time for sampling (singles):     14 seconds
DAG statistics
mean edges/level: 7      max edges/level: 34
mean edges/node:  1.145  mean count/edge: 41

Window=5 Iteration=9
Time for building model:         25 seconds
Time for sampling (singles):     23 seconds
DAG statistics
mean edges/level: 10     max edges/level: 69
mean edges/node:  1.114  mean count/edge: 29

Window=5 Iteration=10
Time for building model:         1 minute 45 seconds
Time for sampling (singles):     17 seconds
DAG statistics
mean edges/level: 7      max edges/level: 40
mean edges/node:  1.142  mean count/edge: 41

Starting phasing iterations

Window=5 Iteration=11
Time for building model:         36 seconds
Time for sampling (singles):     3 minutes 5 seconds
DAG statistics
mean edges/level: 22     max edges/level: 69
mean edges/node:  1.062  mean count/edge: 13

Window=5 Iteration=12
Time for building model:         33 seconds
Time for sampling (singles):     34 seconds
DAG statistics
mean edges/level: 30     max edges/level: 67
mean edges/node:  1.045  mean count/edge: 10

Window=5 Iteration=13
Time for building model:         16 seconds
Time for sampling (singles):     17 seconds
DAG statistics
mean edges/level: 37     max edges/level: 69
mean edges/node:  1.034  mean count/edge: 8

Window=5 Iteration=14
Time for building model:         9 seconds
Time for sampling (singles):     18 seconds
DAG statistics
mean edges/level: 42     max edges/level: 81
mean edges/node:  1.028  mean count/edge: 7

Window=5 Iteration=15
Time for building model:         11 seconds
Time for sampling (singles):     17 seconds
DAG statistics
mean edges/level: 46     max edges/level: 80
mean edges/node:  1.024  mean count/edge: 6

Window 6 [ NC_037341.1:19548169-24340041 ]
target markers:      50000

Starting burn-in iterations

Window=6 Iteration=1
Time for building model:         7 seconds
Time for sampling (singles):     27 seconds
DAG statistics
mean edges/level: 12     max edges/level: 54
mean edges/node:  1.421  mean count/edge: 24

Window=6 Iteration=2
Time for building model:         10 seconds
Time for sampling (singles):     42 seconds
DAG statistics
mean edges/level: 15     max edges/level: 56
mean edges/node:  1.194  mean count/edge: 19

Window=6 Iteration=3
Time for building model:         5 seconds
Time for sampling (singles):     20 seconds
DAG statistics
mean edges/level: 9      max edges/level: 52
mean edges/node:  1.144  mean count/edge: 32

Window=6 Iteration=4
Time for building model:         22 seconds
Time for sampling (singles):     1 minute 14 seconds
DAG statistics
mean edges/level: 16     max edges/level: 55
mean edges/node:  1.112  mean count/edge: 18

Window=6 Iteration=5
Time for building model:         1 minute 5 seconds
Time for sampling (singles):     1 minute 12 seconds
DAG statistics
mean edges/level: 19     max edges/level: 55
mean edges/node:  1.088  mean count/edge: 15

Window=6 Iteration=6
Time for building model:         2 minutes 1 second
Time for sampling (singles):     32 seconds
DAG statistics
mean edges/level: 10     max edges/level: 48
mean edges/node:  1.103  mean count/edge: 29

Window=6 Iteration=7
Time for building model:         2 minutes 33 seconds
Time for sampling (singles):     1 minute 3 seconds
DAG statistics
mean edges/level: 18     max edges/level: 67
mean edges/node:  1.093  mean count/edge: 16

Window=6 Iteration=8
Time for building model:         1 minute 35 seconds
Time for sampling (singles):     1 minute 5 seconds
DAG statistics
mean edges/level: 13     max edges/level: 68
mean edges/node:  1.084  mean count/edge: 22

Window=6 Iteration=9
Time for building model:         1 minute 4 seconds
Time for sampling (singles):     1 minute 39 seconds
DAG statistics
mean edges/level: 19     max edges/level: 59
mean edges/node:  1.080  mean count/edge: 15

Window=6 Iteration=10
Time for building model:         1 minute 50 seconds
Time for sampling (singles):     2 minutes 4 seconds
DAG statistics
mean edges/level: 21     max edges/level: 71
mean edges/node:  1.067  mean count/edge: 14

Starting phasing iterations

Window=6 Iteration=11
Time for building model:         36 seconds
Time for sampling (singles):     2 minutes 56 seconds
DAG statistics
mean edges/level: 32     max edges/level: 71
mean edges/node:  1.038  mean count/edge: 9

Window=6 Iteration=12
Time for building model:         56 seconds
Time for sampling (singles):     1 minute 48 seconds
DAG statistics
mean edges/level: 39     max edges/level: 79
mean edges/node:  1.029  mean count/edge: 7

Window=6 Iteration=13
Time for building model:         14 seconds
Time for sampling (singles):     25 seconds
DAG statistics
mean edges/level: 44     max edges/level: 84
mean edges/node:  1.024  mean count/edge: 7

Window=6 Iteration=14
Time for building model:         11 seconds
Time for sampling (singles):     25 seconds
DAG statistics
mean edges/level: 49     max edges/level: 80
mean edges/node:  1.021  mean count/edge: 6

Window=6 Iteration=15
Time for building model:         13 seconds
Time for sampling (singles):     24 seconds
DAG statistics
mean edges/level: 52     max edges/level: 82
mean edges/node:  1.019  mean count/edge: 6

Window 7 [ NC_037341.1:24049676-29112989 ]
target markers:      50000

Starting burn-in iterations

Window=7 Iteration=1
Time for building model:         14 seconds
Time for sampling (singles):     46 seconds
DAG statistics
mean edges/level: 15     max edges/level: 71
mean edges/node:  1.355  mean count/edge: 19

Window=7 Iteration=2
Time for building model:         6 seconds
Time for sampling (singles):     19 seconds
DAG statistics
mean edges/level: 7      max edges/level: 34
mean edges/node:  1.279  mean count/edge: 41

Window=7 Iteration=3
Time for building model:         18 seconds
Time for sampling (singles):     56 seconds
DAG statistics
mean edges/level: 16     max edges/level: 64
mean edges/node:  1.133  mean count/edge: 18

Window=7 Iteration=4
Time for building model:         1 minute 24 seconds
Time for sampling (singles):     1 minute 28 seconds
DAG statistics
mean edges/level: 17     max edges/level: 52
mean edges/node:  1.101  mean count/edge: 17

Window=7 Iteration=5
Time for building model:         1 minute 17 seconds
Time for sampling (singles):     1 minute 26 seconds
DAG statistics
mean edges/level: 20     max edges/level: 67
mean edges/node:  1.073  mean count/edge: 14

Window=7 Iteration=6
Time for building model:         1 minute 3 seconds
Time for sampling (singles):     1 minute 57 seconds
DAG statistics
mean edges/level: 22     max edges/level: 61
mean edges/node:  1.064  mean count/edge: 13

Window=7 Iteration=7
Time for building model:         52 seconds
Time for sampling (singles):     2 minutes 1 second
DAG statistics
mean edges/level: 23     max edges/level: 66
mean edges/node:  1.057  mean count/edge: 12

Window=7 Iteration=8
Time for building model:         1 minute 1 second
Time for sampling (singles):     2 minutes 15 seconds
DAG statistics
mean edges/level: 22     max edges/level: 62
mean edges/node:  1.056  mean count/edge: 13

Window=7 Iteration=9
Time for building model:         42 seconds
Time for sampling (singles):     2 minutes 21 seconds
DAG statistics
mean edges/level: 24     max edges/level: 67
mean edges/node:  1.051  mean count/edge: 12

Window=7 Iteration=10
Time for building model:         39 seconds
Time for sampling (singles):     29 seconds
DAG statistics
mean edges/level: 8      max edges/level: 57
mean edges/node:  1.111  mean count/edge: 36

Starting phasing iterations

Window=7 Iteration=11
Time for building model:         28 seconds
Time for sampling (singles):     1 minute 9 seconds
DAG statistics
mean edges/level: 35     max edges/level: 76
mean edges/node:  1.033  mean count/edge: 8

Window=7 Iteration=12
Time for building model:         14 seconds
Time for sampling (singles):     24 seconds
DAG statistics
mean edges/level: 42     max edges/level: 78
mean edges/node:  1.026  mean count/edge: 7

Window=7 Iteration=13
Time for building model:         11 seconds
Time for sampling (singles):     22 seconds
DAG statistics
mean edges/level: 47     max edges/level: 81
mean edges/node:  1.022  mean count/edge: 6

Window=7 Iteration=14
Time for building model:         13 seconds
Time for sampling (singles):     21 seconds
DAG statistics
mean edges/level: 52     max edges/level: 78
mean edges/node:  1.019  mean count/edge: 6

Window=7 Iteration=15
Time for building model:         11 seconds
Time for sampling (singles):     17 seconds
DAG statistics
mean edges/level: 55     max edges/level: 83
mean edges/node:  1.018  mean count/edge: 5

Window 8 [ NC_037341.1:28789183-34054523 ]
target markers:      50000

Starting burn-in iterations

Window=8 Iteration=1
Time for building model:         11 seconds
Time for sampling (singles):     35 seconds
DAG statistics
mean edges/level: 13     max edges/level: 70
mean edges/node:  1.382  mean count/edge: 22

Window=8 Iteration=2
Time for building model:         18 seconds
Time for sampling (singles):     42 seconds
DAG statistics
mean edges/level: 12     max edges/level: 44
mean edges/node:  1.233  mean count/edge: 24

Window=8 Iteration=3
Time for building model:         7 seconds
Time for sampling (singles):     23 seconds
DAG statistics
mean edges/level: 10     max edges/level: 66
mean edges/node:  1.152  mean count/edge: 29

Window=8 Iteration=4
Time for building model:         13 seconds
Time for sampling (singles):     1 minute 3 seconds
DAG statistics
mean edges/level: 17     max edges/level: 69
mean edges/node:  1.116  mean count/edge: 17

Window=8 Iteration=5
Time for building model:         20 seconds
Time for sampling (singles):     1 minute 16 seconds
DAG statistics
mean edges/level: 19     max edges/level: 68
mean edges/node:  1.086  mean count/edge: 15

Window=8 Iteration=6
Time for building model:         40 seconds
Time for sampling (singles):     1 minute 53 seconds
DAG statistics
mean edges/level: 21     max edges/level: 75
mean edges/node:  1.067  mean count/edge: 14

Window=8 Iteration=7
Time for building model:         39 seconds
Time for sampling (singles):     1 minute 51 seconds
DAG statistics
mean edges/level: 23     max edges/level: 71
mean edges/node:  1.059  mean count/edge: 12

Window=8 Iteration=8
Time for building model:         38 seconds
Time for sampling (singles):     1 minute 43 seconds
DAG statistics
mean edges/level: 18     max edges/level: 54
mean edges/node:  1.067  mean count/edge: 16

Window=8 Iteration=9
Time for building model:         33 seconds
Time for sampling (singles):     2 minutes 1 second
DAG statistics
mean edges/level: 22     max edges/level: 68
mean edges/node:  1.064  mean count/edge: 13

Window=8 Iteration=10
Time for building model:         48 seconds
Time for sampling (singles):     2 minutes 31 seconds
DAG statistics
mean edges/level: 23     max edges/level: 76
mean edges/node:  1.058  mean count/edge: 12

Starting phasing iterations

Window=8 Iteration=11
Time for building model:         11 seconds
Time for sampling (singles):     35 seconds
DAG statistics
mean edges/level: 12     max edges/level: 75
mean edges/node:  1.073  mean count/edge: 24

Window=8 Iteration=12
Time for building model:         13 seconds
Time for sampling (singles):     27 seconds
DAG statistics
mean edges/level: 29     max edges/level: 78
mean edges/node:  1.055  mean count/edge: 10

Window=8 Iteration=13
Time for building model:         9 seconds
Time for sampling (singles):     28 seconds
DAG statistics
mean edges/level: 37     max edges/level: 75
mean edges/node:  1.036  mean count/edge: 8

Window=8 Iteration=14
Time for building model:         12 seconds
Time for sampling (singles):     26 seconds
DAG statistics
mean edges/level: 44     max edges/level: 80
mean edges/node:  1.027  mean count/edge: 7

Window=8 Iteration=15
Time for building model:         11 seconds
Time for sampling (singles):     25 seconds
DAG statistics
mean edges/level: 49     max edges/level: 79
mean edges/node:  1.022  mean count/edge: 6

Window 9 [ NC_037341.1:33730624-38864476 ]
target markers:      50000

Starting burn-in iterations

Window=9 Iteration=1
Time for building model:         7 seconds
Time for sampling (singles):     21 seconds
DAG statistics
mean edges/level: 10     max edges/level: 75
mean edges/node:  1.440  mean count/edge: 29

Window=9 Iteration=2
Time for building model:         11 seconds
Time for sampling (singles):     49 seconds
DAG statistics
mean edges/level: 14     max edges/level: 41
mean edges/node:  1.227  mean count/edge: 20

Window=9 Iteration=3
Time for building model:         15 seconds
Time for sampling (singles):     1 minute 5 seconds
DAG statistics
mean edges/level: 17     max edges/level: 74
mean edges/node:  1.118  mean count/edge: 17

Window=9 Iteration=4
Time for building model:         14 seconds
Time for sampling (singles):     1 minute 36 seconds
DAG statistics
mean edges/level: 20     max edges/level: 78
mean edges/node:  1.081  mean count/edge: 14

Window=9 Iteration=5
Time for building model:         34 seconds
Time for sampling (singles):     1 minute 58 seconds
DAG statistics
mean edges/level: 21     max edges/level: 77
mean edges/node:  1.065  mean count/edge: 14

Window=9 Iteration=6
Time for building model:         28 seconds
Time for sampling (singles):     57 seconds
DAG statistics
mean edges/level: 11     max edges/level: 55
mean edges/node:  1.090  mean count/edge: 26

Window=9 Iteration=7
Time for building model:         41 seconds
Time for sampling (singles):     1 minute 26 seconds
DAG statistics
mean edges/level: 19     max edges/level: 76
mean edges/node:  1.083  mean count/edge: 15

Window=9 Iteration=8
Time for building model:         50 seconds
Time for sampling (singles):     1 minute 40 seconds
DAG statistics
mean edges/level: 21     max edges/level: 75
mean edges/node:  1.071  mean count/edge: 14

Window=9 Iteration=9
Time for building model:         47 seconds
Time for sampling (singles):     2 minutes 2 seconds
DAG statistics
mean edges/level: 23     max edges/level: 77
mean edges/node:  1.058  mean count/edge: 12

Window=9 Iteration=10
Time for building model:         36 seconds
Time for sampling (singles):     2 minutes 30 seconds
DAG statistics
mean edges/level: 24     max edges/level: 79
mean edges/node:  1.052  mean count/edge: 12

Starting phasing iterations

Window=9 Iteration=11
Time for building model:         11 seconds
Time for sampling (singles):     1 minute 10 seconds
DAG statistics
mean edges/level: 9      max edges/level: 73
mean edges/node:  1.095  mean count/edge: 32

Window=9 Iteration=12
Time for building model:         12 seconds
Time for sampling (singles):     24 seconds
DAG statistics
mean edges/level: 27     max edges/level: 79
mean edges/node:  1.058  mean count/edge: 11

Window=9 Iteration=13
Time for building model:         10 seconds
Time for sampling (singles):     23 seconds
DAG statistics
mean edges/level: 35     max edges/level: 83
mean edges/node:  1.037  mean count/edge: 8

Window=9 Iteration=14
Time for building model:         9 seconds
Time for sampling (singles):     22 seconds
DAG statistics
mean edges/level: 43     max edges/level: 75
mean edges/node:  1.026  mean count/edge: 7

Window=9 Iteration=15
Time for building model:         11 seconds
Time for sampling (singles):     22 seconds
DAG statistics
mean edges/level: 49     max edges/level: 82
mean edges/node:  1.021  mean count/edge: 6

Window 10 [ NC_037341.1:38574882-44178028 ]
target markers:      50000

Starting burn-in iterations

Window=10 Iteration=1
Time for building model:         8 seconds
Time for sampling (singles):     26 seconds
DAG statistics
mean edges/level: 12     max edges/level: 63
mean edges/node:  1.408  mean count/edge: 24

Window=10 Iteration=2
Time for building model:         14 seconds
Time for sampling (singles):     51 seconds
DAG statistics
mean edges/level: 15     max edges/level: 71
mean edges/node:  1.192  mean count/edge: 19

Window=10 Iteration=3
Time for building model:         12 seconds
Time for sampling (singles):     54 seconds
DAG statistics
mean edges/level: 14     max edges/level: 66
mean edges/node:  1.113  mean count/edge: 20

Window=10 Iteration=4
Time for building model:         9 seconds
Time for sampling (singles):     37 seconds
DAG statistics
mean edges/level: 11     max edges/level: 39
mean edges/node:  1.127  mean count/edge: 26

Window=10 Iteration=5
Time for building model:         15 seconds
Time for sampling (singles):     1 minute 5 seconds
DAG statistics
mean edges/level: 17     max edges/level: 64
mean edges/node:  1.097  mean count/edge: 17

Window=10 Iteration=6
Time for building model:         15 seconds
Time for sampling (singles):     1 minute 25 seconds
DAG statistics
mean edges/level: 19     max edges/level: 68
mean edges/node:  1.078  mean count/edge: 15

Window=10 Iteration=7
Time for building model:         12 seconds
Time for sampling (singles):     40 seconds
DAG statistics
mean edges/level: 12     max edges/level: 66
mean edges/node:  1.086  mean count/edge: 24

Window=10 Iteration=8
Time for building model:         25 seconds
Time for sampling (singles):     37 seconds
DAG statistics
mean edges/level: 10     max edges/level: 35
mean edges/node:  1.125  mean count/edge: 29

Window=10 Iteration=9
Time for building model:         21 seconds
Time for sampling (singles):     34 seconds
DAG statistics
mean edges/level: 12     max edges/level: 63
mean edges/node:  1.108  mean count/edge: 24

Window=10 Iteration=10
Time for building model:         29 seconds
Time for sampling (singles):     1 minute 15 seconds
DAG statistics
mean edges/level: 17     max edges/level: 69
mean edges/node:  1.093  mean count/edge: 17

Starting phasing iterations

Window=10 Iteration=11
Time for building model:         6 seconds
Time for sampling (singles):     20 seconds
DAG statistics
mean edges/level: 18     max edges/level: 66
mean edges/node:  1.053  mean count/edge: 16

Window=10 Iteration=12
Time for building model:         8 seconds
Time for sampling (singles):     25 seconds
DAG statistics
mean edges/level: 30     max edges/level: 69
mean edges/node:  1.045  mean count/edge: 10

Window=10 Iteration=13
Time for building model:         10 seconds
Time for sampling (singles):     26 seconds
DAG statistics
mean edges/level: 37     max edges/level: 70
mean edges/node:  1.033  mean count/edge: 8

Window=10 Iteration=14
Time for building model:         12 seconds
Time for sampling (singles):     23 seconds
DAG statistics
mean edges/level: 43     max edges/level: 79
mean edges/node:  1.026  mean count/edge: 7

Window=10 Iteration=15
Time for building model:         11 seconds
Time for sampling (singles):     23 seconds
DAG statistics
mean edges/level: 48     max edges/level: 81
mean edges/node:  1.022  mean count/edge: 6

Window 11 [ NC_037341.1:43872517-48484930 ]
target markers:      50000

Starting burn-in iterations

Window=11 Iteration=1
Time for building model:         10 seconds
Time for sampling (singles):     47 seconds
DAG statistics
mean edges/level: 14     max edges/level: 69
mean edges/node:  1.366  mean count/edge: 20

Window=11 Iteration=2
Time for building model:         9 seconds
Time for sampling (singles):     34 seconds
DAG statistics
mean edges/level: 10     max edges/level: 36
mean edges/node:  1.259  mean count/edge: 29

Window=11 Iteration=3
Time for building model:         14 seconds
Time for sampling (singles):     1 minute 7 seconds
DAG statistics
mean edges/level: 17     max edges/level: 72
mean edges/node:  1.130  mean count/edge: 17

Window=11 Iteration=4
Time for building model:         6 seconds
Time for sampling (singles):     20 seconds
DAG statistics
mean edges/level: 7      max edges/level: 37
mean edges/node:  1.149  mean count/edge: 41

Window=11 Iteration=5
Time for building model:         5 seconds
Time for sampling (singles):     17 seconds
DAG statistics
mean edges/level: 9      max edges/level: 61
mean edges/node:  1.132  mean count/edge: 32

Window=11 Iteration=6
Time for building model:         13 seconds
Time for sampling (singles):     1 minute 10 seconds
DAG statistics
mean edges/level: 17     max edges/level: 69
mean edges/node:  1.111  mean count/edge: 17

Window=11 Iteration=7
Time for building model:         6 seconds
Time for sampling (singles):     31 seconds
DAG statistics
mean edges/level: 10     max edges/level: 67
mean edges/node:  1.105  mean count/edge: 29

Window=11 Iteration=8
Time for building model:         12 seconds
Time for sampling (singles):     54 seconds
DAG statistics
mean edges/level: 14     max edges/level: 39
mean edges/node:  1.118  mean count/edge: 20

Window=11 Iteration=9
Time for building model:         25 seconds
Time for sampling (singles):     1 minute 29 seconds
DAG statistics
mean edges/level: 20     max edges/level: 69
mean edges/node:  1.087  mean count/edge: 14

Window=11 Iteration=10
Time for building model:         25 seconds
Time for sampling (singles):     2 minutes 8 seconds
DAG statistics
mean edges/level: 23     max edges/level: 70
mean edges/node:  1.066  mean count/edge: 12

Starting phasing iterations

Window=11 Iteration=11
Time for building model:         19 seconds
Time for sampling (singles):     53 seconds
DAG statistics
mean edges/level: 33     max edges/level: 74
mean edges/node:  1.038  mean count/edge: 9

Window=11 Iteration=12
Time for building model:         11 seconds
Time for sampling (singles):     25 seconds
DAG statistics
mean edges/level: 40     max edges/level: 73
mean edges/node:  1.030  mean count/edge: 7

Window=11 Iteration=13
Time for building model:         9 seconds
Time for sampling (singles):     22 seconds
DAG statistics
mean edges/level: 46     max edges/level: 77
mean edges/node:  1.025  mean count/edge: 6

Window=11 Iteration=14
Time for building model:         10 seconds
Time for sampling (singles):     22 seconds
DAG statistics
mean edges/level: 50     max edges/level: 83
mean edges/node:  1.022  mean count/edge: 6

Window=11 Iteration=15
Time for building model:         11 seconds
Time for sampling (singles):     21 seconds
DAG statistics
mean edges/level: 54     max edges/level: 86
mean edges/node:  1.019  mean count/edge: 5

Window 12 [ NC_037341.1:48161300-53511059 ]
target markers:      50000

Starting burn-in iterations

Window=12 Iteration=1
Time for building model:         7 seconds
Time for sampling (singles):     25 seconds
DAG statistics
mean edges/level: 10     max edges/level: 57
mean edges/node:  1.452  mean count/edge: 29

Window=12 Iteration=2
Time for building model:         5 seconds
Time for sampling (singles):     15 seconds
DAG statistics
mean edges/level: 7      max edges/level: 27
mean edges/node:  1.325  mean count/edge: 41

Window=12 Iteration=3
Time for building model:         12 seconds
Time for sampling (singles):     24 seconds
DAG statistics
mean edges/level: 9      max edges/level: 57
mean edges/node:  1.159  mean count/edge: 32

Window=12 Iteration=4
Time for building model:         7 seconds
Time for sampling (singles):     22 seconds
DAG statistics
mean edges/level: 9      max edges/level: 37
mean edges/node:  1.148  mean count/edge: 32

Window=12 Iteration=5
Time for building model:         5 seconds
Time for sampling (singles):     22 seconds
DAG statistics
mean edges/level: 9      max edges/level: 56
mean edges/node:  1.122  mean count/edge: 32

Window=12 Iteration=6
Time for building model:         11 seconds
Time for sampling (singles):     50 seconds
DAG statistics
mean edges/level: 12     max edges/level: 38
mean edges/node:  1.121  mean count/edge: 24

Window=12 Iteration=7
Time for building model:         7 seconds
Time for sampling (singles):     21 seconds
DAG statistics
mean edges/level: 9      max edges/level: 60
mean edges/node:  1.112  mean count/edge: 32

Window=12 Iteration=8
Time for building model:         15 seconds
Time for sampling (singles):     34 seconds
DAG statistics
mean edges/level: 10     max edges/level: 40
mean edges/node:  1.118  mean count/edge: 29

Window=12 Iteration=9
Time for building model:         12 seconds
Time for sampling (singles):     17 seconds
DAG statistics
mean edges/level: 9      max edges/level: 65
mean edges/node:  1.108  mean count/edge: 32

Window=12 Iteration=10
Time for building model:         19 seconds
Time for sampling (singles):     1 minute 7 seconds
DAG statistics
mean edges/level: 17     max edges/level: 56
mean edges/node:  1.100  mean count/edge: 17

Starting phasing iterations

Window=12 Iteration=11
Time for building model:         12 seconds
Time for sampling (singles):     29 seconds
DAG statistics
mean edges/level: 28     max edges/level: 68
mean edges/node:  1.045  mean count/edge: 10

Window=12 Iteration=12
Time for building model:         10 seconds
Time for sampling (singles):     19 seconds
DAG statistics
mean edges/level: 34     max edges/level: 64
mean edges/node:  1.032  mean count/edge: 8

Window=12 Iteration=13
Time for building model:         9 seconds
Time for sampling (singles):     21 seconds
DAG statistics
mean edges/level: 40     max edges/level: 72
mean edges/node:  1.026  mean count/edge: 7

Window=12 Iteration=14
Time for building model:         9 seconds
Time for sampling (singles):     21 seconds
DAG statistics
mean edges/level: 45     max edges/level: 74
mean edges/node:  1.022  mean count/edge: 6

Window=12 Iteration=15
Time for building model:         12 seconds
Time for sampling (singles):     20 seconds
DAG statistics
mean edges/level: 48     max edges/level: 75
mean edges/node:  1.019  mean count/edge: 6

Window 13 [ NC_037341.1:53104200-58110519 ]
target markers:      50000

Starting burn-in iterations

Window=13 Iteration=1
Time for building model:         8 seconds
Time for sampling (singles):     35 seconds
DAG statistics
mean edges/level: 12     max edges/level: 61
mean edges/node:  1.405  mean count/edge: 24

Window=13 Iteration=2
Time for building model:         8 seconds
Time for sampling (singles):     25 seconds
DAG statistics
mean edges/level: 8      max edges/level: 33
mean edges/node:  1.292  mean count/edge: 36

Window=13 Iteration=3
Time for building model:         8 seconds
Time for sampling (singles):     25 seconds
DAG statistics
mean edges/level: 9      max edges/level: 63
mean edges/node:  1.160  mean count/edge: 32

Window=13 Iteration=4
Time for building model:         7 seconds
Time for sampling (singles):     27 seconds
DAG statistics
mean edges/level: 8      max edges/level: 32
mean edges/node:  1.158  mean count/edge: 36

Window=13 Iteration=5
Time for building model:         9 seconds
Time for sampling (singles):     38 seconds
DAG statistics
mean edges/level: 12     max edges/level: 56
mean edges/node:  1.123  mean count/edge: 24

Window=13 Iteration=6
Time for building model:         6 seconds
Time for sampling (singles):     19 seconds
DAG statistics
mean edges/level: 7      max edges/level: 36
mean edges/node:  1.146  mean count/edge: 41

Window=13 Iteration=7
Time for building model:         15 seconds
Time for sampling (singles):     55 seconds
DAG statistics
mean edges/level: 16     max edges/level: 61
mean edges/node:  1.110  mean count/edge: 18

Window=13 Iteration=8
Time for building model:         13 seconds
Time for sampling (singles):     1 minute 23 seconds
DAG statistics
mean edges/level: 19     max edges/level: 74
mean edges/node:  1.084  mean count/edge: 15

Window=13 Iteration=9
Time for building model:         12 seconds
Time for sampling (singles):     1 minute 44 seconds
DAG statistics
mean edges/level: 21     max edges/level: 63
mean edges/node:  1.065  mean count/edge: 14

Window=13 Iteration=10
Time for building model:         6 seconds
Time for sampling (singles):     25 seconds
DAG statistics
mean edges/level: 8      max edges/level: 49
mean edges/node:  1.114  mean count/edge: 36

Starting phasing iterations

Window=13 Iteration=11
Time for building model:         7 seconds
Time for sampling (singles):     22 seconds
DAG statistics
mean edges/level: 31     max edges/level: 64
mean edges/node:  1.041  mean count/edge: 9

Window=13 Iteration=12
Time for building model:         11 seconds
Time for sampling (singles):     21 seconds
DAG statistics
mean edges/level: 37     max edges/level: 74
mean edges/node:  1.032  mean count/edge: 8

Window=13 Iteration=13
Time for building model:         9 seconds
Time for sampling (singles):     23 seconds
DAG statistics
mean edges/level: 43     max edges/level: 70
mean edges/node:  1.026  mean count/edge: 7

Window=13 Iteration=14
Time for building model:         11 seconds
Time for sampling (singles):     20 seconds
DAG statistics
mean edges/level: 48     max edges/level: 77
mean edges/node:  1.022  mean count/edge: 6

Window=13 Iteration=15
Time for building model:         10 seconds
Time for sampling (singles):     21 seconds
DAG statistics
mean edges/level: 52     max edges/level: 81
mean edges/node:  1.019  mean count/edge: 6

Window 14 [ NC_037341.1:57855662-62345057 ]
target markers:      50000

Starting burn-in iterations

Window=14 Iteration=1
Time for building model:         7 seconds
Time for sampling (singles):     29 seconds
DAG statistics
mean edges/level: 11     max edges/level: 66
mean edges/node:  1.431  mean count/edge: 26

Window=14 Iteration=2
Time for building model:         12 seconds
Time for sampling (singles):     57 seconds
DAG statistics
mean edges/level: 15     max edges/level: 68
mean edges/node:  1.214  mean count/edge: 19

Window=14 Iteration=3
Time for building model:         9 seconds
Time for sampling (singles):     36 seconds
DAG statistics
mean edges/level: 12     max edges/level: 61
mean edges/node:  1.133  mean count/edge: 24

Window=14 Iteration=4
Time for building model:         13 seconds
Time for sampling (singles):     1 minute 14 seconds
DAG statistics
mean edges/level: 17     max edges/level: 68
mean edges/node:  1.106  mean count/edge: 17

Window=14 Iteration=5
Time for building model:         8 seconds
Time for sampling (singles):     50 seconds
DAG statistics
mean edges/level: 14     max edges/level: 66
mean edges/node:  1.090  mean count/edge: 20

Window=14 Iteration=6
Time for building model:         12 seconds
Time for sampling (singles):     1 minute 25 seconds
DAG statistics
mean edges/level: 19     max edges/level: 60
mean edges/node:  1.090  mean count/edge: 15

Window=14 Iteration=7
Time for building model:         9 seconds
Time for sampling (singles):     55 seconds
DAG statistics
mean edges/level: 14     max edges/level: 64
mean edges/node:  1.077  mean count/edge: 20

Window=14 Iteration=8
Time for building model:         9 seconds
Time for sampling (singles):     36 seconds
DAG statistics
mean edges/level: 11     max edges/level: 45
mean edges/node:  1.130  mean count/edge: 26

Window=14 Iteration=9
Time for building model:         14 seconds
Time for sampling (singles):     1 minute 9 seconds
DAG statistics
mean edges/level: 18     max edges/level: 63
mean edges/node:  1.100  mean count/edge: 16

Window=14 Iteration=10
Time for building model:         12 seconds
Time for sampling (singles):     1 minute 45 seconds
DAG statistics
mean edges/level: 21     max edges/level: 65
mean edges/node:  1.077  mean count/edge: 14

Starting phasing iterations

Window=14 Iteration=11
Time for building model:         4 seconds
Time for sampling (singles):     14 seconds
DAG statistics
mean edges/level: 19     max edges/level: 66
mean edges/node:  1.055  mean count/edge: 15

Window=14 Iteration=12
Time for building model:         7 seconds
Time for sampling (singles):     18 seconds
DAG statistics
mean edges/level: 17     max edges/level: 54
mean edges/node:  1.078  mean count/edge: 17

Window=14 Iteration=13
Time for building model:         4 seconds
Time for sampling (singles):     11 seconds
DAG statistics
mean edges/level: 9      max edges/level: 59
mean edges/node:  1.100  mean count/edge: 32

Window=14 Iteration=14
Time for building model:         6 seconds
Time for sampling (singles):     25 seconds
DAG statistics
mean edges/level: 28     max edges/level: 64
mean edges/node:  1.059  mean count/edge: 10

Window=14 Iteration=15
Time for building model:         11 seconds
Time for sampling (singles):     21 seconds
DAG statistics
mean edges/level: 37     max edges/level: 67
mean edges/node:  1.037  mean count/edge: 8

Window 15 [ NC_037341.1:62054778-66651155 ]
target markers:      50000

Starting burn-in iterations

Window=15 Iteration=1
Time for building model:         7 seconds
Time for sampling (singles):     25 seconds
DAG statistics
mean edges/level: 11     max edges/level: 56
mean edges/node:  1.460  mean count/edge: 26

Window=15 Iteration=2
Time for building model:         10 seconds
Time for sampling (singles):     34 seconds
DAG statistics
mean edges/level: 11     max edges/level: 35
mean edges/node:  1.281  mean count/edge: 26

Window=15 Iteration=3
Time for building model:         12 seconds
Time for sampling (singles):     48 seconds
DAG statistics
mean edges/level: 16     max edges/level: 59
mean edges/node:  1.151  mean count/edge: 18

Window=15 Iteration=4
Time for building model:         11 seconds
Time for sampling (singles):     49 seconds
DAG statistics
mean edges/level: 13     max edges/level: 46
mean edges/node:  1.116  mean count/edge: 22

Window=15 Iteration=5
Time for building model:         6 seconds
Time for sampling (singles):     27 seconds
DAG statistics
mean edges/level: 10     max edges/level: 55
mean edges/node:  1.137  mean count/edge: 29

Window=15 Iteration=6
Time for building model:         9 seconds
Time for sampling (singles):     36 seconds
DAG statistics
mean edges/level: 12     max edges/level: 44
mean edges/node:  1.137  mean count/edge: 24

Window=15 Iteration=7
Time for building model:         5 seconds
Time for sampling (singles):     21 seconds
DAG statistics
mean edges/level: 9      max edges/level: 62
mean edges/node:  1.132  mean count/edge: 32

Window=15 Iteration=8
Time for building model:         6 seconds
Time for sampling (singles):     29 seconds
DAG statistics
mean edges/level: 9      max edges/level: 43
mean edges/node:  1.141  mean count/edge: 32

Window=15 Iteration=9
Time for building model:         8 seconds
Time for sampling (singles):     28 seconds
DAG statistics
mean edges/level: 11     max edges/level: 57
mean edges/node:  1.126  mean count/edge: 26

Window=15 Iteration=10
Time for building model:         9 seconds
Time for sampling (singles):     28 seconds
DAG statistics
mean edges/level: 10     max edges/level: 54
mean edges/node:  1.136  mean count/edge: 29

Starting phasing iterations

Window=15 Iteration=11
Time for building model:         7 seconds
Time for sampling (singles):     24 seconds
DAG statistics
mean edges/level: 28     max edges/level: 60
mean edges/node:  1.057  mean count/edge: 10

Window=15 Iteration=12
Time for building model:         10 seconds
Time for sampling (singles):     20 seconds
DAG statistics
mean edges/level: 35     max edges/level: 72
mean edges/node:  1.041  mean count/edge: 8

Window=15 Iteration=13
Time for building model:         10 seconds
Time for sampling (singles):     21 seconds
DAG statistics
mean edges/level: 40     max edges/level: 71
mean edges/node:  1.033  mean count/edge: 7

Window=15 Iteration=14
Time for building model:         9 seconds
Time for sampling (singles):     20 seconds
DAG statistics
mean edges/level: 46     max edges/level: 79
mean edges/node:  1.027  mean count/edge: 6

Window=15 Iteration=15
Time for building model:         12 seconds
Time for sampling (singles):     18 seconds
DAG statistics
mean edges/level: 50     max edges/level: 80
mean edges/node:  1.023  mean count/edge: 6

Window 16 [ NC_037341.1:66397154-70751080 ]
target markers:      50000

Starting burn-in iterations

Window=16 Iteration=1
Time for building model:         5 seconds
Time for sampling (singles):     19 seconds
DAG statistics
mean edges/level: 10     max edges/level: 64
mean edges/node:  1.498  mean count/edge: 29

Window=16 Iteration=2
Time for building model:         6 seconds
Time for sampling (singles):     24 seconds
DAG statistics
mean edges/level: 9      max edges/level: 33
mean edges/node:  1.321  mean count/edge: 32

Window=16 Iteration=3
Time for building model:         8 seconds
Time for sampling (singles):     28 seconds
DAG statistics
mean edges/level: 11     max edges/level: 61
mean edges/node:  1.180  mean count/edge: 26

Window=16 Iteration=4
Time for building model:         6 seconds
Time for sampling (singles):     21 seconds
DAG statistics
mean edges/level: 8      max edges/level: 38
mean edges/node:  1.177  mean count/edge: 36

Window=16 Iteration=5
Time for building model:         11 seconds
Time for sampling (singles):     57 seconds
DAG statistics
mean edges/level: 16     max edges/level: 63
mean edges/node:  1.128  mean count/edge: 18

Window=16 Iteration=6
Time for building model:         4 seconds
Time for sampling (singles):     13 seconds
DAG statistics
mean edges/level: 7      max edges/level: 36
mean edges/node:  1.165  mean count/edge: 41

Window=16 Iteration=7
Time for building model:         11 seconds
Time for sampling (singles):     55 seconds
DAG statistics
mean edges/level: 17     max edges/level: 63
mean edges/node:  1.122  mean count/edge: 17

Window=16 Iteration=8
Time for building model:         4 seconds
Time for sampling (singles):     14 seconds
DAG statistics
mean edges/level: 7      max edges/level: 36
mean edges/node:  1.155  mean count/edge: 41

Window=16 Iteration=9
Time for building model:         11 seconds
Time for sampling (singles):     59 seconds
DAG statistics
mean edges/level: 17     max edges/level: 60
mean edges/node:  1.116  mean count/edge: 17

Window=16 Iteration=10
Time for building model:         5 seconds
Time for sampling (singles):     15 seconds
DAG statistics
mean edges/level: 7      max edges/level: 36
mean edges/node:  1.151  mean count/edge: 41

Starting phasing iterations

Window=16 Iteration=11
Time for building model:         7 seconds
Time for sampling (singles):     21 seconds
DAG statistics
mean edges/level: 29     max edges/level: 66
mean edges/node:  1.054  mean count/edge: 10

Window=16 Iteration=12
Time for building model:         4 seconds
Time for sampling (singles):     9 seconds
DAG statistics
mean edges/level: 8      max edges/level: 60
mean edges/node:  1.125  mean count/edge: 36

Window=16 Iteration=13
Time for building model:         7 seconds
Time for sampling (singles):     26 seconds
DAG statistics
mean edges/level: 28     max edges/level: 63
mean edges/node:  1.063  mean count/edge: 10

Window=16 Iteration=14
Time for building model:         6 seconds
Time for sampling (singles):     10 seconds
DAG statistics
mean edges/level: 8      max edges/level: 68
mean edges/node:  1.118  mean count/edge: 36

Window=16 Iteration=15
Time for building model:         8 seconds
Time for sampling (singles):     23 seconds
DAG statistics
mean edges/level: 29     max edges/level: 66
mean edges/node:  1.059  mean count/edge: 10

Window 17 [ NC_037341.1:70479678-74891152 ]
target markers:      50000

Starting burn-in iterations

Window=17 Iteration=1
Time for building model:         9 seconds
Time for sampling (singles):     30 seconds
DAG statistics
mean edges/level: 12     max edges/level: 51
mean edges/node:  1.445  mean count/edge: 24

Window=17 Iteration=2
Time for building model:         11 seconds
Time for sampling (singles):     51 seconds
DAG statistics
mean edges/level: 16     max edges/level: 49
mean edges/node:  1.211  mean count/edge: 18

Window=17 Iteration=3
Time for building model:         10 seconds
Time for sampling (singles):     1 minute 7 seconds
DAG statistics
mean edges/level: 18     max edges/level: 48
mean edges/node:  1.120  mean count/edge: 16

Window=17 Iteration=4
Time for building model:         5 seconds
Time for sampling (singles):     34 seconds
DAG statistics
mean edges/level: 10     max edges/level: 42
mean edges/node:  1.132  mean count/edge: 29

Window=17 Iteration=5
Time for building model:         9 seconds
Time for sampling (singles):     41 seconds
DAG statistics
mean edges/level: 14     max edges/level: 46
mean edges/node:  1.127  mean count/edge: 20

Window=17 Iteration=6
Time for building model:         7 seconds
Time for sampling (singles):     33 seconds
DAG statistics
mean edges/level: 11     max edges/level: 43
mean edges/node:  1.129  mean count/edge: 26

Window=17 Iteration=7
Time for building model:         9 seconds
Time for sampling (singles):     36 seconds
DAG statistics
mean edges/level: 12     max edges/level: 46
mean edges/node:  1.123  mean count/edge: 24

Window=17 Iteration=8
Time for building model:         12 seconds
Time for sampling (singles):     1 minute 15 seconds
DAG statistics
mean edges/level: 18     max edges/level: 49
mean edges/node:  1.104  mean count/edge: 16

Window=17 Iteration=9
Time for building model:         10 seconds
Time for sampling (singles):     1 minute 10 seconds
DAG statistics
mean edges/level: 18     max edges/level: 56
mean edges/node:  1.080  mean count/edge: 16

Window=17 Iteration=10
Time for building model:         10 seconds
Time for sampling (singles):     1 minute 37 seconds
DAG statistics
mean edges/level: 22     max edges/level: 59
mean edges/node:  1.073  mean count/edge: 13

Starting phasing iterations

Window=17 Iteration=11
Time for building model:         7 seconds
Time for sampling (singles):     20 seconds
DAG statistics
mean edges/level: 32     max edges/level: 63
mean edges/node:  1.042  mean count/edge: 9

Window=17 Iteration=12
Time for building model:         8 seconds
Time for sampling (singles):     19 seconds
DAG statistics
mean edges/level: 40     max edges/level: 72
mean edges/node:  1.032  mean count/edge: 7

Window=17 Iteration=13
Time for building model:         7 seconds
Time for sampling (singles):     16 seconds
DAG statistics
mean edges/level: 45     max edges/level: 75
mean edges/node:  1.026  mean count/edge: 6

Window=17 Iteration=14
Time for building model:         7 seconds
Time for sampling (singles):     16 seconds
DAG statistics
mean edges/level: 50     max edges/level: 81
mean edges/node:  1.023  mean count/edge: 6

Window=17 Iteration=15
Time for building model:         9 seconds
Time for sampling (singles):     16 seconds
DAG statistics
mean edges/level: 54     max edges/level: 85
mean edges/node:  1.020  mean count/edge: 5

Window 18 [ NC_037341.1:74620149-78336254 ]
target markers:      50000

Starting burn-in iterations

Window=18 Iteration=1
Time for building model:         5 seconds
Time for sampling (singles):     20 seconds
DAG statistics
mean edges/level: 10     max edges/level: 68
mean edges/node:  1.489  mean count/edge: 29

Window=18 Iteration=2
Time for building model:         6 seconds
Time for sampling (singles):     20 seconds
DAG statistics
mean edges/level: 9      max edges/level: 36
mean edges/node:  1.329  mean count/edge: 32

Window=18 Iteration=3
Time for building model:         4 seconds
Time for sampling (singles):     13 seconds
DAG statistics
mean edges/level: 8      max edges/level: 66
mean edges/node:  1.210  mean count/edge: 36

Window=18 Iteration=4
Time for building model:         8 seconds
Time for sampling (singles):     38 seconds
DAG statistics
mean edges/level: 13     max edges/level: 42
mean edges/node:  1.163  mean count/edge: 22

Window=18 Iteration=5
Time for building model:         5 seconds
Time for sampling (singles):     17 seconds
DAG statistics
mean edges/level: 9      max edges/level: 70
mean edges/node:  1.154  mean count/edge: 32

Window=18 Iteration=6
Time for building model:         9 seconds
Time for sampling (singles):     49 seconds
DAG statistics
mean edges/level: 17     max edges/level: 64
mean edges/node:  1.124  mean count/edge: 17

Window=18 Iteration=7
Time for building model:         5 seconds
Time for sampling (singles):     22 seconds
DAG statistics
mean edges/level: 10     max edges/level: 70
mean edges/node:  1.120  mean count/edge: 29

Window=18 Iteration=8
Time for building model:         10 seconds
Time for sampling (singles):     57 seconds
DAG statistics
mean edges/level: 18     max edges/level: 60
mean edges/node:  1.110  mean count/edge: 16

Window=18 Iteration=9
Time for building model:         10 seconds
Time for sampling (singles):     1 minute 6 seconds
DAG statistics
mean edges/level: 19     max edges/level: 67
mean edges/node:  1.090  mean count/edge: 15

Window=18 Iteration=10
Time for building model:         15 seconds
Time for sampling (singles):     1 minute 27 seconds
DAG statistics
mean edges/level: 22     max edges/level: 62
mean edges/node:  1.074  mean count/edge: 13

Starting phasing iterations

Window=18 Iteration=11
Time for building model:         5 seconds
Time for sampling (singles):     16 seconds
DAG statistics
mean edges/level: 28     max edges/level: 66
mean edges/node:  1.050  mean count/edge: 10

Window=18 Iteration=12
Time for building model:         8 seconds
Time for sampling (singles):     19 seconds
DAG statistics
mean edges/level: 36     max edges/level: 69
mean edges/node:  1.041  mean count/edge: 8

Window=18 Iteration=13
Time for building model:         5 seconds
Time for sampling (singles):     10 seconds
DAG statistics
mean edges/level: 15     max edges/level: 72
mean edges/node:  1.073  mean count/edge: 19

Window=18 Iteration=14
Time for building model:         8 seconds
Time for sampling (singles):     19 seconds
DAG statistics
mean edges/level: 32     max edges/level: 71
mean edges/node:  1.053  mean count/edge: 9

Window=18 Iteration=15
Time for building model:         7 seconds
Time for sampling (singles):     17 seconds
DAG statistics
mean edges/level: 40     max edges/level: 78
mean edges/node:  1.037  mean count/edge: 7

Window 19 [ NC_037341.1:78142670-81878885 ]
target markers:      50000

Starting burn-in iterations

Window=19 Iteration=1
Time for building model:         5 seconds
Time for sampling (singles):     22 seconds
DAG statistics
mean edges/level: 11     max edges/level: 52
mean edges/node:  1.498  mean count/edge: 26

Window=19 Iteration=2
Time for building model:         6 seconds
Time for sampling (singles):     17 seconds
DAG statistics
mean edges/level: 8      max edges/level: 31
mean edges/node:  1.351  mean count/edge: 36

Window=19 Iteration=3
Time for building model:         8 seconds
Time for sampling (singles):     37 seconds
DAG statistics
mean edges/level: 14     max edges/level: 49
mean edges/node:  1.181  mean count/edge: 20

Window=19 Iteration=4
Time for building model:         7 seconds
Time for sampling (singles):     35 seconds
DAG statistics
mean edges/level: 12     max edges/level: 45
mean edges/node:  1.150  mean count/edge: 24

Window=19 Iteration=5
Time for building model:         7 seconds
Time for sampling (singles):     36 seconds
DAG statistics
mean edges/level: 14     max edges/level: 51
mean edges/node:  1.126  mean count/edge: 20

Window=19 Iteration=6
Time for building model:         6 seconds
Time for sampling (singles):     12 seconds
DAG statistics
mean edges/level: 7      max edges/level: 32
mean edges/node:  1.174  mean count/edge: 41

Window=19 Iteration=7
Time for building model:         4 seconds
Time for sampling (singles):     19 seconds
DAG statistics
mean edges/level: 9      max edges/level: 50
mean edges/node:  1.147  mean count/edge: 32

Window=19 Iteration=8
Time for building model:         6 seconds
Time for sampling (singles):     19 seconds
DAG statistics
mean edges/level: 9      max edges/level: 41
mean edges/node:  1.158  mean count/edge: 32

Window=19 Iteration=9
Time for building model:         4 seconds
Time for sampling (singles):     20 seconds
DAG statistics
mean edges/level: 10     max edges/level: 48
mean edges/node:  1.141  mean count/edge: 29

Window=19 Iteration=10
Time for building model:         5 seconds
Time for sampling (singles):     12 seconds
DAG statistics
mean edges/level: 7      max edges/level: 33
mean edges/node:  1.164  mean count/edge: 41

Starting phasing iterations

Window=19 Iteration=11
Time for building model:         5 seconds
Time for sampling (singles):     16 seconds
DAG statistics
mean edges/level: 21     max edges/level: 56
mean edges/node:  1.074  mean count/edge: 14

Window=19 Iteration=12
Time for building model:         4 seconds
Time for sampling (singles):     10 seconds
DAG statistics
mean edges/level: 9      max edges/level: 44
mean edges/node:  1.120  mean count/edge: 32

Window=19 Iteration=13
Time for building model:         6 seconds
Time for sampling (singles):     14 seconds
DAG statistics
mean edges/level: 18     max edges/level: 53
mean edges/node:  1.078  mean count/edge: 16

Window=19 Iteration=14
Time for building model:         6 seconds
Time for sampling (singles):     16 seconds
DAG statistics
mean edges/level: 21     max edges/level: 62
mean edges/node:  1.067  mean count/edge: 14

Window=19 Iteration=15
Time for building model:         7 seconds
Time for sampling (singles):     18 seconds
DAG statistics
mean edges/level: 34     max edges/level: 64
mean edges/node:  1.045  mean count/edge: 8

Window 20 [ NC_037341.1:81640529-82395478 ]
target markers:       7624

Starting burn-in iterations

Window=20 Iteration=1
Time for building model:         1 second
Time for sampling (singles):     4 seconds
DAG statistics
mean edges/level: 17     max edges/level: 55
mean edges/node:  1.256  mean count/edge: 17

Window=20 Iteration=2
Time for building model:         1 second
Time for sampling (singles):     5 seconds
DAG statistics
mean edges/level: 18     max edges/level: 58
mean edges/node:  1.158  mean count/edge: 16

Window=20 Iteration=3
Time for building model:         1 second
Time for sampling (singles):     6 seconds
DAG statistics
mean edges/level: 19     max edges/level: 54
mean edges/node:  1.108  mean count/edge: 15

Window=20 Iteration=4
Time for building model:         1 second
Time for sampling (singles):     7 seconds
DAG statistics
mean edges/level: 20     max edges/level: 61
mean edges/node:  1.092  mean count/edge: 14

Window=20 Iteration=5
Time for building model:         1 second
Time for sampling (singles):     8 seconds
DAG statistics
mean edges/level: 21     max edges/level: 54
mean edges/node:  1.082  mean count/edge: 14

Window=20 Iteration=6
Time for building model:         1 second
Time for sampling (singles):     9 seconds
DAG statistics
mean edges/level: 22     max edges/level: 62
mean edges/node:  1.076  mean count/edge: 13

Window=20 Iteration=7
Time for building model:         2 seconds
Time for sampling (singles):     8 seconds
DAG statistics
mean edges/level: 22     max edges/level: 52
mean edges/node:  1.072  mean count/edge: 13

Window=20 Iteration=8
Time for building model:         2 seconds
Time for sampling (singles):     8 seconds
DAG statistics
mean edges/level: 22     max edges/level: 58
mean edges/node:  1.071  mean count/edge: 13

Window=20 Iteration=9
Time for building model:         1 second
Time for sampling (singles):     9 seconds
DAG statistics
mean edges/level: 23     max edges/level: 55
mean edges/node:  1.067  mean count/edge: 12

Window=20 Iteration=10
Time for building model:         1 second
Time for sampling (singles):     9 seconds
DAG statistics
mean edges/level: 23     max edges/level: 56
mean edges/node:  1.065  mean count/edge: 12

Starting phasing iterations

Window=20 Iteration=11
Time for building model:         1 second
Time for sampling (singles):     3 seconds
DAG statistics
mean edges/level: 32     max edges/level: 57
mean edges/node:  1.053  mean count/edge: 9

Window=20 Iteration=12
Time for building model:         1 second
Time for sampling (singles):     3 seconds
DAG statistics
mean edges/level: 35     max edges/level: 62
mean edges/node:  1.046  mean count/edge: 8

Window=20 Iteration=13
Time for building model:         1 second
Time for sampling (singles):     3 seconds
DAG statistics
mean edges/level: 40     max edges/level: 68
mean edges/node:  1.040  mean count/edge: 7

Window=20 Iteration=14
Time for building model:         1 second
Time for sampling (singles):     3 seconds
DAG statistics
mean edges/level: 43     max edges/level: 78
mean edges/node:  1.037  mean count/edge: 7

Window=20 Iteration=15
Time for building model:         1 second
Time for sampling (singles):     3 seconds
DAG statistics
mean edges/level: 46     max edges/level: 82
mean edges/node:  1.033  mean count/edge: 6

Number of markers:              900624
Total time for building model: 4 hours 38 minutes 52 seconds
Total time for sampling:       5 hours 20 minutes 26 seconds
Total run time:                10 hours 19 minutes 16 seconds

End time: 07:45 AM CEST on 05 Apr 2024
beagle.27Jan18.7e1.jar (version 4.1) finished
