beagle.27Jan18.7e1.jar (version 4.1)
Copyright (C) 2014-2015 Brian L. Browning
Enter "java -jar beagle.27Jan18.7e1.jar" for a summary of command line arguments.
Start time: 09:20 PM CEST on 04 Apr 2024

Command line: java -Xmx54613m -jar beagle.jar
  gl=results/gl/Bostau9_tragmain2_sites_variable_noindels_renamed_ToryTstr.bcf.gz.NC_037354.1.vcf.gz
  chrom=NC_037354.1
  out=results/imputed/Bostau9_tragmain2_sites_variable_noindels_renamed_ToryTstr.bcf.gz.NC_037354.1
  nthreads=6

No genetic map is specified: using 1 cM = 1 Mb

reference samples:       0
target samples:        143

Window 1 [ NC_037354.1:3661-3788579 ]
target markers:      50000

Starting burn-in iterations

Window=1 Iteration=1
Time for building model:         12 seconds
Time for sampling (singles):     10 seconds
DAG statistics
mean edges/level: 6      max edges/level: 21
mean edges/node:  1.699  mean count/edge: 48

Window=1 Iteration=2
Time for building model:         13 seconds
Time for sampling (singles):     19 seconds
DAG statistics
mean edges/level: 8      max edges/level: 35
mean edges/node:  1.312  mean count/edge: 36

Window=1 Iteration=3
Time for building model:         27 seconds
Time for sampling (singles):     8 seconds
DAG statistics
mean edges/level: 5      max edges/level: 26
mean edges/node:  1.310  mean count/edge: 57

Window=1 Iteration=4
Time for building model:         4 seconds
Time for sampling (singles):     10 seconds
DAG statistics
mean edges/level: 6      max edges/level: 29
mean edges/node:  1.256  mean count/edge: 48

Window=1 Iteration=5
Time for building model:         8 seconds
Time for sampling (singles):     7 seconds
DAG statistics
mean edges/level: 5      max edges/level: 23
mean edges/node:  1.249  mean count/edge: 57

Window=1 Iteration=6
Time for building model:         20 seconds
Time for sampling (singles):     31 seconds
DAG statistics
mean edges/level: 12     max edges/level: 39
mean edges/node:  1.165  mean count/edge: 24

Window=1 Iteration=7
Time for building model:         31 seconds
Time for sampling (singles):     10 seconds
DAG statistics
mean edges/level: 5      max edges/level: 27
mean edges/node:  1.223  mean count/edge: 57

Window=1 Iteration=8
Time for building model:         17 seconds
Time for sampling (singles):     38 seconds
DAG statistics
mean edges/level: 12     max edges/level: 35
mean edges/node:  1.150  mean count/edge: 24

Window=1 Iteration=9
Time for building model:         4 minutes 0 seconds
Time for sampling (singles):     39 seconds
DAG statistics
mean edges/level: 7      max edges/level: 27
mean edges/node:  1.182  mean count/edge: 41

Window=1 Iteration=10
Time for building model:         5 minutes 31 seconds
Time for sampling (singles):     58 seconds
DAG statistics
mean edges/level: 13     max edges/level: 39
mean edges/node:  1.138  mean count/edge: 22

Starting phasing iterations

Window=1 Iteration=11
Time for building model:         2 minutes 51 seconds
Time for sampling (singles):     8 minutes 12 seconds
DAG statistics
mean edges/level: 22     max edges/level: 51
mean edges/node:  1.069  mean count/edge: 13

Window=1 Iteration=12
Time for building model:         3 minutes 47 seconds
Time for sampling (singles):     7 minutes 14 seconds
DAG statistics
mean edges/level: 27     max edges/level: 61
mean edges/node:  1.055  mean count/edge: 11

Window=1 Iteration=13
Time for building model:         3 minutes 33 seconds
Time for sampling (singles):     11 minutes 35 seconds
DAG statistics
mean edges/level: 32     max edges/level: 64
mean edges/node:  1.046  mean count/edge: 9

Window=1 Iteration=14
Time for building model:         4 minutes 6 seconds
Time for sampling (singles):     12 minutes 23 seconds
DAG statistics
mean edges/level: 36     max edges/level: 70
mean edges/node:  1.039  mean count/edge: 8

Window=1 Iteration=15
Time for building model:         6 minutes 8 seconds
Time for sampling (singles):     12 minutes 55 seconds
DAG statistics
mean edges/level: 39     max edges/level: 78
mean edges/node:  1.034  mean count/edge: 7

Window 2 [ NC_037354.1:3555050-8055926 ]
target markers:      50000

Starting burn-in iterations

Window=2 Iteration=1
Time for building model:         11 minutes 38 seconds
Time for sampling (singles):     1 minute 50 seconds
DAG statistics
mean edges/level: 9      max edges/level: 52
mean edges/node:  1.483  mean count/edge: 32

Window=2 Iteration=2
Time for building model:         8 minutes 29 seconds
Time for sampling (singles):     1 minute 18 seconds
DAG statistics
mean edges/level: 7      max edges/level: 33
mean edges/node:  1.366  mean count/edge: 41

Window=2 Iteration=3
Time for building model:         7 minutes 7 seconds
Time for sampling (singles):     46 seconds
DAG statistics
mean edges/level: 8      max edges/level: 52
mean edges/node:  1.236  mean count/edge: 36

Window=2 Iteration=4
Time for building model:         5 minutes 28 seconds
Time for sampling (singles):     39 seconds
DAG statistics
mean edges/level: 7      max edges/level: 34
mean edges/node:  1.252  mean count/edge: 41

Window=2 Iteration=5
Time for building model:         5 minutes 14 seconds
Time for sampling (singles):     20 seconds
DAG statistics
mean edges/level: 8      max edges/level: 52
mean edges/node:  1.204  mean count/edge: 36

Window=2 Iteration=6
Time for building model:         5 minutes 36 seconds
Time for sampling (singles):     32 seconds
DAG statistics
mean edges/level: 7      max edges/level: 33
mean edges/node:  1.230  mean count/edge: 41

Window=2 Iteration=7
Time for building model:         5 minutes 51 seconds
Time for sampling (singles):     59 seconds
DAG statistics
mean edges/level: 11     max edges/level: 50
mean edges/node:  1.177  mean count/edge: 26

Window=2 Iteration=8
Time for building model:         4 minutes 41 seconds
Time for sampling (singles):     23 seconds
DAG statistics
mean edges/level: 7      max edges/level: 31
mean edges/node:  1.234  mean count/edge: 41

Window=2 Iteration=9
Time for building model:         4 minutes 38 seconds
Time for sampling (singles):     31 seconds
DAG statistics
mean edges/level: 10     max edges/level: 53
mean edges/node:  1.178  mean count/edge: 29

Window=2 Iteration=10
Time for building model:         5 minutes 36 seconds
Time for sampling (singles):     25 seconds
DAG statistics
mean edges/level: 8      max edges/level: 33
mean edges/node:  1.215  mean count/edge: 36

Starting phasing iterations

Window=2 Iteration=11
Time for building model:         2 minutes 40 seconds
Time for sampling (singles):     12 minutes 11 seconds
DAG statistics
mean edges/level: 22     max edges/level: 56
mean edges/node:  1.091  mean count/edge: 13

Window=2 Iteration=12
Time for building model:         3 minutes 3 seconds
Time for sampling (singles):     11 minutes 55 seconds
DAG statistics
mean edges/level: 28     max edges/level: 61
mean edges/node:  1.070  mean count/edge: 10

Window=2 Iteration=13
Time for building model:         3 minutes 55 seconds
Time for sampling (singles):     10 minutes 47 seconds
DAG statistics
mean edges/level: 33     max edges/level: 67
mean edges/node:  1.059  mean count/edge: 9

Window=2 Iteration=14
Time for building model:         3 minutes 15 seconds
Time for sampling (singles):     8 minutes 12 seconds
DAG statistics
mean edges/level: 37     max edges/level: 71
mean edges/node:  1.052  mean count/edge: 8

Window=2 Iteration=15
Time for building model:         2 minutes 31 seconds
Time for sampling (singles):     6 minutes 45 seconds
DAG statistics
mean edges/level: 40     max edges/level: 77
mean edges/node:  1.046  mean count/edge: 7

Window 3 [ NC_037354.1:7801576-12537314 ]
target markers:      50000

Starting burn-in iterations

Window=3 Iteration=1
Time for building model:         6 minutes 56 seconds
Time for sampling (singles):     1 minute 14 seconds
DAG statistics
mean edges/level: 14     max edges/level: 61
mean edges/node:  1.363  mean count/edge: 20

Window=3 Iteration=2
Time for building model:         7 minutes 18 seconds
Time for sampling (singles):     53 seconds
DAG statistics
mean edges/level: 15     max edges/level: 62
mean edges/node:  1.167  mean count/edge: 19

Window=3 Iteration=3
Time for building model:         5 minutes 34 seconds
Time for sampling (singles):     1 minute 10 seconds
DAG statistics
mean edges/level: 17     max edges/level: 62
mean edges/node:  1.094  mean count/edge: 17

Window=3 Iteration=4
Time for building model:         4 minutes 10 seconds
Time for sampling (singles):     52 seconds
DAG statistics
mean edges/level: 11     max edges/level: 43
mean edges/node:  1.096  mean count/edge: 26

Window=3 Iteration=5
Time for building model:         3 minutes 49 seconds
Time for sampling (singles):     1 minute 3 seconds
DAG statistics
mean edges/level: 15     max edges/level: 59
mean edges/node:  1.092  mean count/edge: 19

Window=3 Iteration=6
Time for building model:         2 minutes 43 seconds
Time for sampling (singles):     30 seconds
DAG statistics
mean edges/level: 11     max edges/level: 54
mean edges/node:  1.091  mean count/edge: 26

Window=3 Iteration=7
Time for building model:         2 minutes 44 seconds
Time for sampling (singles):     35 seconds
DAG statistics
mean edges/level: 11     max edges/level: 62
mean edges/node:  1.106  mean count/edge: 26

Window=3 Iteration=8
Time for building model:         2 minutes 47 seconds
Time for sampling (singles):     24 seconds
DAG statistics
mean edges/level: 9      max edges/level: 35
mean edges/node:  1.117  mean count/edge: 32

Window=3 Iteration=9
Time for building model:         3 minutes 21 seconds
Time for sampling (singles):     51 seconds
DAG statistics
mean edges/level: 16     max edges/level: 61
mean edges/node:  1.093  mean count/edge: 18

Window=3 Iteration=10
Time for building model:         3 minutes 49 seconds
Time for sampling (singles):     55 seconds
DAG statistics
mean edges/level: 12     max edges/level: 52
mean edges/node:  1.084  mean count/edge: 24

Starting phasing iterations

Window=3 Iteration=11
Time for building model:         2 minutes 13 seconds
Time for sampling (singles):     7 minutes 12 seconds
DAG statistics
mean edges/level: 28     max edges/level: 60
mean edges/node:  1.042  mean count/edge: 10

Window=3 Iteration=12
Time for building model:         2 minutes 32 seconds
Time for sampling (singles):     7 minutes 19 seconds
DAG statistics
mean edges/level: 18     max edges/level: 64
mean edges/node:  1.044  mean count/edge: 16

Window=3 Iteration=13
Time for building model:         3 minutes 7 seconds
Time for sampling (singles):     7 minutes 45 seconds
DAG statistics
mean edges/level: 32     max edges/level: 68
mean edges/node:  1.038  mean count/edge: 9

Window=3 Iteration=14
Time for building model:         2 minutes 28 seconds
Time for sampling (singles):     5 minutes 41 seconds
DAG statistics
mean edges/level: 39     max edges/level: 74
mean edges/node:  1.028  mean count/edge: 7

Window=3 Iteration=15
Time for building model:         1 minute 49 seconds
Time for sampling (singles):     4 minutes 10 seconds
DAG statistics
mean edges/level: 44     max edges/level: 78
mean edges/node:  1.022  mean count/edge: 7

Window 4 [ NC_037354.1:12322423-16454772 ]
target markers:      50000

Starting burn-in iterations

Window=4 Iteration=1
Time for building model:         3 minutes 13 seconds
Time for sampling (singles):     39 seconds
DAG statistics
mean edges/level: 13     max edges/level: 68
mean edges/node:  1.390  mean count/edge: 22

Window=4 Iteration=2
Time for building model:         3 minutes 34 seconds
Time for sampling (singles):     43 seconds
DAG statistics
mean edges/level: 11     max edges/level: 40
mean edges/node:  1.231  mean count/edge: 26

Window=4 Iteration=3
Time for building model:         3 minutes 23 seconds
Time for sampling (singles):     35 seconds
DAG statistics
mean edges/level: 13     max edges/level: 67
mean edges/node:  1.130  mean count/edge: 22

Window=4 Iteration=4
Time for building model:         4 minutes 17 seconds
Time for sampling (singles):     1 minute 13 seconds
DAG statistics
mean edges/level: 17     max edges/level: 72
mean edges/node:  1.100  mean count/edge: 17

Window=4 Iteration=5
Time for building model:         3 minutes 58 seconds
Time for sampling (singles):     1 minute 3 seconds
DAG statistics
mean edges/level: 19     max edges/level: 67
mean edges/node:  1.079  mean count/edge: 15

Window=4 Iteration=6
Time for building model:         3 minutes 12 seconds
Time for sampling (singles):     33 seconds
DAG statistics
mean edges/level: 10     max edges/level: 55
mean edges/node:  1.104  mean count/edge: 29

Window=4 Iteration=7
Time for building model:         3 minutes 21 seconds
Time for sampling (singles):     58 seconds
DAG statistics
mean edges/level: 17     max edges/level: 65
mean edges/node:  1.091  mean count/edge: 17

Window=4 Iteration=8
Time for building model:         3 minutes 9 seconds
Time for sampling (singles):     1 minute 20 seconds
DAG statistics
mean edges/level: 18     max edges/level: 66
mean edges/node:  1.082  mean count/edge: 16

Window=4 Iteration=9
Time for building model:         2 minutes 40 seconds
Time for sampling (singles):     1 minute 33 seconds
DAG statistics
mean edges/level: 21     max edges/level: 68
mean edges/node:  1.064  mean count/edge: 14

Window=4 Iteration=10
Time for building model:         2 minutes 19 seconds
Time for sampling (singles):     2 minutes 1 second
DAG statistics
mean edges/level: 22     max edges/level: 75
mean edges/node:  1.056  mean count/edge: 13

Starting phasing iterations

Window=4 Iteration=11
Time for building model:         1 minute 9 seconds
Time for sampling (singles):     4 minutes 37 seconds
DAG statistics
mean edges/level: 32     max edges/level: 70
mean edges/node:  1.037  mean count/edge: 9

Window=4 Iteration=12
Time for building model:         1 minute 23 seconds
Time for sampling (singles):     4 minutes 21 seconds
DAG statistics
mean edges/level: 38     max edges/level: 75
mean edges/node:  1.030  mean count/edge: 8

Window=4 Iteration=13
Time for building model:         1 minute 17 seconds
Time for sampling (singles):     2 minutes 54 seconds
DAG statistics
mean edges/level: 32     max edges/level: 69
mean edges/node:  1.031  mean count/edge: 9

Window=4 Iteration=14
Time for building model:         1 minute 10 seconds
Time for sampling (singles):     2 minutes 7 seconds
DAG statistics
mean edges/level: 42     max edges/level: 74
mean edges/node:  1.029  mean count/edge: 7

Window=4 Iteration=15
Time for building model:         10 seconds
Time for sampling (singles):     29 seconds
DAG statistics
mean edges/level: 47     max edges/level: 80
mean edges/node:  1.023  mean count/edge: 6

Window 5 [ NC_037354.1:16256785-20797489 ]
target markers:      50000

Starting burn-in iterations

Window=5 Iteration=1
Time for building model:         1 minute 29 seconds
Time for sampling (singles):     36 seconds
DAG statistics
mean edges/level: 14     max edges/level: 65
mean edges/node:  1.374  mean count/edge: 20

Window=5 Iteration=2
Time for building model:         1 minute 50 seconds
Time for sampling (singles):     52 seconds
DAG statistics
mean edges/level: 16     max edges/level: 73
mean edges/node:  1.182  mean count/edge: 18

Window=5 Iteration=3
Time for building model:         2 minutes 23 seconds
Time for sampling (singles):     57 seconds
DAG statistics
mean edges/level: 18     max edges/level: 70
mean edges/node:  1.106  mean count/edge: 16

Window=5 Iteration=4
Time for building model:         2 minutes 11 seconds
Time for sampling (singles):     1 minute 50 seconds
DAG statistics
mean edges/level: 20     max edges/level: 68
mean edges/node:  1.079  mean count/edge: 14

Window=5 Iteration=5
Time for building model:         1 minute 47 seconds
Time for sampling (singles):     1 minute 19 seconds
DAG statistics
mean edges/level: 21     max edges/level: 67
mean edges/node:  1.067  mean count/edge: 14

Window=5 Iteration=6
Time for building model:         2 minutes 19 seconds
Time for sampling (singles):     1 minute 30 seconds
DAG statistics
mean edges/level: 22     max edges/level: 65
mean edges/node:  1.062  mean count/edge: 13

Window=5 Iteration=7
Time for building model:         1 minute 56 seconds
Time for sampling (singles):     1 minute 54 seconds
DAG statistics
mean edges/level: 23     max edges/level: 68
mean edges/node:  1.056  mean count/edge: 12

Window=5 Iteration=8
Time for building model:         1 minute 31 seconds
Time for sampling (singles):     48 seconds
DAG statistics
mean edges/level: 11     max edges/level: 54
mean edges/node:  1.095  mean count/edge: 26

Window=5 Iteration=9
Time for building model:         1 minute 41 seconds
Time for sampling (singles):     1 minute 17 seconds
DAG statistics
mean edges/level: 19     max edges/level: 63
mean edges/node:  1.088  mean count/edge: 15

Window=5 Iteration=10
Time for building model:         1 minute 39 seconds
Time for sampling (singles):     1 minute 45 seconds
DAG statistics
mean edges/level: 21     max edges/level: 73
mean edges/node:  1.074  mean count/edge: 14

Starting phasing iterations

Window=5 Iteration=11
Time for building model:         43 seconds
Time for sampling (singles):     2 minutes 48 seconds
DAG statistics
mean edges/level: 33     max edges/level: 69
mean edges/node:  1.037  mean count/edge: 9

Window=5 Iteration=12
Time for building model:         18 seconds
Time for sampling (singles):     24 seconds
DAG statistics
mean edges/level: 33     max edges/level: 77
mean edges/node:  1.033  mean count/edge: 9

Window=5 Iteration=13
Time for building model:         13 seconds
Time for sampling (singles):     27 seconds
DAG statistics
mean edges/level: 42     max edges/level: 78
mean edges/node:  1.028  mean count/edge: 7

Window=5 Iteration=14
Time for building model:         13 seconds
Time for sampling (singles):     28 seconds
DAG statistics
mean edges/level: 48     max edges/level: 80
mean edges/node:  1.023  mean count/edge: 6

Window=5 Iteration=15
Time for building model:         13 seconds
Time for sampling (singles):     25 seconds
DAG statistics
mean edges/level: 52     max edges/level: 80
mean edges/node:  1.020  mean count/edge: 6

Window 6 [ NC_037354.1:20501926-24974721 ]
target markers:      50000

Starting burn-in iterations

Window=6 Iteration=1
Time for building model:         4 seconds
Time for sampling (singles):     20 seconds
DAG statistics
mean edges/level: 10     max edges/level: 58
mean edges/node:  1.470  mean count/edge: 29

Window=6 Iteration=2
Time for building model:         8 seconds
Time for sampling (singles):     23 seconds
DAG statistics
mean edges/level: 9      max edges/level: 34
mean edges/node:  1.303  mean count/edge: 32

Window=6 Iteration=3
Time for building model:         11 seconds
Time for sampling (singles):     42 seconds
DAG statistics
mean edges/level: 13     max edges/level: 57
mean edges/node:  1.158  mean count/edge: 22

Window=6 Iteration=4
Time for building model:         13 seconds
Time for sampling (singles):     58 seconds
DAG statistics
mean edges/level: 17     max edges/level: 41
mean edges/node:  1.118  mean count/edge: 17

Window=6 Iteration=5
Time for building model:         22 seconds
Time for sampling (singles):     1 minute 35 seconds
DAG statistics
mean edges/level: 20     max edges/level: 60
mean edges/node:  1.082  mean count/edge: 14

Window=6 Iteration=6
Time for building model:         29 seconds
Time for sampling (singles):     25 seconds
DAG statistics
mean edges/level: 9      max edges/level: 48
mean edges/node:  1.121  mean count/edge: 32

Window=6 Iteration=7
Time for building model:         1 minute 2 seconds
Time for sampling (singles):     12 seconds
DAG statistics
mean edges/level: 7      max edges/level: 55
mean edges/node:  1.134  mean count/edge: 41

Window=6 Iteration=8
Time for building model:         59 seconds
Time for sampling (singles):     1 minute 7 seconds
DAG statistics
mean edges/level: 17     max edges/level: 58
mean edges/node:  1.114  mean count/edge: 17

Window=6 Iteration=9
Time for building model:         1 minute 6 seconds
Time for sampling (singles):     1 minute 15 seconds
DAG statistics
mean edges/level: 16     max edges/level: 54
mean edges/node:  1.093  mean count/edge: 18

Window=6 Iteration=10
Time for building model:         1 minute 5 seconds
Time for sampling (singles):     1 minute 47 seconds
DAG statistics
mean edges/level: 21     max edges/level: 62
mean edges/node:  1.074  mean count/edge: 14

Starting phasing iterations

Window=6 Iteration=11
Time for building model:         16 seconds
Time for sampling (singles):     56 seconds
DAG statistics
mean edges/level: 31     max edges/level: 62
mean edges/node:  1.042  mean count/edge: 9

Window=6 Iteration=12
Time for building model:         11 seconds
Time for sampling (singles):     18 seconds
DAG statistics
mean edges/level: 37     max edges/level: 70
mean edges/node:  1.032  mean count/edge: 8

Window=6 Iteration=13
Time for building model:         11 seconds
Time for sampling (singles):     21 seconds
DAG statistics
mean edges/level: 44     max edges/level: 73
mean edges/node:  1.026  mean count/edge: 7

Window=6 Iteration=14
Time for building model:         10 seconds
Time for sampling (singles):     21 seconds
DAG statistics
mean edges/level: 48     max edges/level: 80
mean edges/node:  1.022  mean count/edge: 6

Window=6 Iteration=15
Time for building model:         11 seconds
Time for sampling (singles):     22 seconds
DAG statistics
mean edges/level: 52     max edges/level: 79
mean edges/node:  1.020  mean count/edge: 6

Window 7 [ NC_037354.1:24720961-28914532 ]
target markers:      50000

Starting burn-in iterations

Window=7 Iteration=1
Time for building model:         9 seconds
Time for sampling (singles):     35 seconds
DAG statistics
mean edges/level: 12     max edges/level: 66
mean edges/node:  1.410  mean count/edge: 24

Window=7 Iteration=2
Time for building model:         12 seconds
Time for sampling (singles):     46 seconds
DAG statistics
mean edges/level: 13     max edges/level: 39
mean edges/node:  1.241  mean count/edge: 22

Window=7 Iteration=3
Time for building model:         36 seconds
Time for sampling (singles):     23 seconds
DAG statistics
mean edges/level: 10     max edges/level: 66
mean edges/node:  1.163  mean count/edge: 29

Window=7 Iteration=4
Time for building model:         23 seconds
Time for sampling (singles):     1 minute 4 seconds
DAG statistics
mean edges/level: 17     max edges/level: 66
mean edges/node:  1.120  mean count/edge: 17

Window=7 Iteration=5
Time for building model:         22 seconds
Time for sampling (singles):     31 seconds
DAG statistics
mean edges/level: 10     max edges/level: 66
mean edges/node:  1.112  mean count/edge: 29

Window=7 Iteration=6
Time for building model:         27 seconds
Time for sampling (singles):     56 seconds
DAG statistics
mean edges/level: 14     max edges/level: 38
mean edges/node:  1.127  mean count/edge: 20

Window=7 Iteration=7
Time for building model:         35 seconds
Time for sampling (singles):     30 seconds
DAG statistics
mean edges/level: 10     max edges/level: 66
mean edges/node:  1.114  mean count/edge: 29

Window=7 Iteration=8
Time for building model:         44 seconds
Time for sampling (singles):     1 minute 11 seconds
DAG statistics
mean edges/level: 18     max edges/level: 67
mean edges/node:  1.100  mean count/edge: 16

Window=7 Iteration=9
Time for building model:         27 seconds
Time for sampling (singles):     34 seconds
DAG statistics
mean edges/level: 10     max edges/level: 67
mean edges/node:  1.099  mean count/edge: 29

Window=7 Iteration=10
Time for building model:         28 seconds
Time for sampling (singles):     15 seconds
DAG statistics
mean edges/level: 7      max edges/level: 35
mean edges/node:  1.152  mean count/edge: 41

Starting phasing iterations

Window=7 Iteration=11
Time for building model:         15 seconds
Time for sampling (singles):     35 seconds
DAG statistics
mean edges/level: 15     max edges/level: 66
mean edges/node:  1.067  mean count/edge: 19

Window=7 Iteration=12
Time for building model:         8 seconds
Time for sampling (singles):     17 seconds
DAG statistics
mean edges/level: 15     max edges/level: 50
mean edges/node:  1.083  mean count/edge: 19

Window=7 Iteration=13
Time for building model:         11 seconds
Time for sampling (singles):     28 seconds
DAG statistics
mean edges/level: 31     max edges/level: 66
mean edges/node:  1.052  mean count/edge: 9

Window=7 Iteration=14
Time for building model:         9 seconds
Time for sampling (singles):     28 seconds
DAG statistics
mean edges/level: 39     max edges/level: 73
mean edges/node:  1.035  mean count/edge: 7

Window=7 Iteration=15
Time for building model:         9 seconds
Time for sampling (singles):     24 seconds
DAG statistics
mean edges/level: 45     max edges/level: 83
mean edges/node:  1.027  mean count/edge: 6

Window 8 [ NC_037354.1:28665131-32509881 ]
target markers:      50000

Starting burn-in iterations

Window=8 Iteration=1
Time for building model:         11 seconds
Time for sampling (singles):     51 seconds
DAG statistics
mean edges/level: 15     max edges/level: 58
mean edges/node:  1.381  mean count/edge: 19

Window=8 Iteration=2
Time for building model:         11 seconds
Time for sampling (singles):     1 minute 11 seconds
DAG statistics
mean edges/level: 16     max edges/level: 41
mean edges/node:  1.213  mean count/edge: 18

Window=8 Iteration=3
Time for building model:         14 seconds
Time for sampling (singles):     1 minute 25 seconds
DAG statistics
mean edges/level: 19     max edges/level: 59
mean edges/node:  1.114  mean count/edge: 15

Window=8 Iteration=4
Time for building model:         20 seconds
Time for sampling (singles):     1 minute 47 seconds
DAG statistics
mean edges/level: 21     max edges/level: 62
mean edges/node:  1.085  mean count/edge: 14

Window=8 Iteration=5
Time for building model:         20 seconds
Time for sampling (singles):     2 minutes 12 seconds
DAG statistics
mean edges/level: 23     max edges/level: 62
mean edges/node:  1.071  mean count/edge: 12

Window=8 Iteration=6
Time for building model:         36 seconds
Time for sampling (singles):     2 minutes 37 seconds
DAG statistics
mean edges/level: 25     max edges/level: 62
mean edges/node:  1.063  mean count/edge: 11

Window=8 Iteration=7
Time for building model:         46 seconds
Time for sampling (singles):     2 minutes 46 seconds
DAG statistics
mean edges/level: 26     max edges/level: 63
mean edges/node:  1.059  mean count/edge: 11

Window=8 Iteration=8
Time for building model:         39 seconds
Time for sampling (singles):     2 minutes 58 seconds
DAG statistics
mean edges/level: 27     max edges/level: 64
mean edges/node:  1.056  mean count/edge: 11

Window=8 Iteration=9
Time for building model:         56 seconds
Time for sampling (singles):     3 minutes 4 seconds
DAG statistics
mean edges/level: 27     max edges/level: 63
mean edges/node:  1.054  mean count/edge: 11

Window=8 Iteration=10
Time for building model:         41 seconds
Time for sampling (singles):     3 minutes 16 seconds
DAG statistics
mean edges/level: 28     max edges/level: 60
mean edges/node:  1.051  mean count/edge: 10

Starting phasing iterations

Window=8 Iteration=11
Time for building model:         29 seconds
Time for sampling (singles):     49 seconds
DAG statistics
mean edges/level: 38     max edges/level: 73
mean edges/node:  1.035  mean count/edge: 8

Window=8 Iteration=12
Time for building model:         12 seconds
Time for sampling (singles):     30 seconds
DAG statistics
mean edges/level: 44     max edges/level: 73
mean edges/node:  1.029  mean count/edge: 7

Window=8 Iteration=13
Time for building model:         12 seconds
Time for sampling (singles):     24 seconds
DAG statistics
mean edges/level: 49     max edges/level: 79
mean edges/node:  1.025  mean count/edge: 6

Window=8 Iteration=14
Time for building model:         13 seconds
Time for sampling (singles):     24 seconds
DAG statistics
mean edges/level: 53     max edges/level: 81
mean edges/node:  1.022  mean count/edge: 5

Window=8 Iteration=15
Time for building model:         12 seconds
Time for sampling (singles):     21 seconds
DAG statistics
mean edges/level: 56     max edges/level: 82
mean edges/node:  1.020  mean count/edge: 5

Window 9 [ NC_037354.1:32309870-36386534 ]
target markers:      50000

Starting burn-in iterations

Window=9 Iteration=1
Time for building model:         9 seconds
Time for sampling (singles):     29 seconds
DAG statistics
mean edges/level: 12     max edges/level: 72
mean edges/node:  1.420  mean count/edge: 24

Window=9 Iteration=2
Time for building model:         8 seconds
Time for sampling (singles):     41 seconds
DAG statistics
mean edges/level: 10     max edges/level: 35
mean edges/node:  1.293  mean count/edge: 29

Window=9 Iteration=3
Time for building model:         10 seconds
Time for sampling (singles):     29 seconds
DAG statistics
mean edges/level: 12     max edges/level: 75
mean edges/node:  1.168  mean count/edge: 24

Window=9 Iteration=4
Time for building model:         9 seconds
Time for sampling (singles):     38 seconds
DAG statistics
mean edges/level: 10     max edges/level: 38
mean edges/node:  1.164  mean count/edge: 29

Window=9 Iteration=5
Time for building model:         9 seconds
Time for sampling (singles):     36 seconds
DAG statistics
mean edges/level: 12     max edges/level: 71
mean edges/node:  1.133  mean count/edge: 24

Window=9 Iteration=6
Time for building model:         9 seconds
Time for sampling (singles):     35 seconds
DAG statistics
mean edges/level: 11     max edges/level: 46
mean edges/node:  1.143  mean count/edge: 26

Window=9 Iteration=7
Time for building model:         10 seconds
Time for sampling (singles):     33 seconds
DAG statistics
mean edges/level: 13     max edges/level: 74
mean edges/node:  1.123  mean count/edge: 22

Window=9 Iteration=8
Time for building model:         15 seconds
Time for sampling (singles):     39 seconds
DAG statistics
mean edges/level: 11     max edges/level: 43
mean edges/node:  1.138  mean count/edge: 26

Window=9 Iteration=9
Time for building model:         23 seconds
Time for sampling (singles):     35 seconds
DAG statistics
mean edges/level: 13     max edges/level: 79
mean edges/node:  1.119  mean count/edge: 22

Window=9 Iteration=10
Time for building model:         11 seconds
Time for sampling (singles):     46 seconds
DAG statistics
mean edges/level: 11     max edges/level: 44
mean edges/node:  1.133  mean count/edge: 26

Starting phasing iterations

Window=9 Iteration=11
Time for building model:         11 seconds
Time for sampling (singles):     30 seconds
DAG statistics
mean edges/level: 30     max edges/level: 73
mean edges/node:  1.054  mean count/edge: 10

Window=9 Iteration=12
Time for building model:         11 seconds
Time for sampling (singles):     26 seconds
DAG statistics
mean edges/level: 37     max edges/level: 79
mean edges/node:  1.040  mean count/edge: 8

Window=9 Iteration=13
Time for building model:         9 seconds
Time for sampling (singles):     28 seconds
DAG statistics
mean edges/level: 43     max edges/level: 73
mean edges/node:  1.033  mean count/edge: 7

Window=9 Iteration=14
Time for building model:         12 seconds
Time for sampling (singles):     22 seconds
DAG statistics
mean edges/level: 48     max edges/level: 76
mean edges/node:  1.028  mean count/edge: 6

Window=9 Iteration=15
Time for building model:         12 seconds
Time for sampling (singles):     23 seconds
DAG statistics
mean edges/level: 52     max edges/level: 84
mean edges/node:  1.024  mean count/edge: 6

Window 10 [ NC_037354.1:36171556-39381720 ]
target markers:      50000

Starting burn-in iterations

Window=10 Iteration=1
Time for building model:         11 seconds
Time for sampling (singles):     40 seconds
DAG statistics
mean edges/level: 14     max edges/level: 72
mean edges/node:  1.430  mean count/edge: 20

Window=10 Iteration=2
Time for building model:         7 seconds
Time for sampling (singles):     23 seconds
DAG statistics
mean edges/level: 8      max edges/level: 33
mean edges/node:  1.348  mean count/edge: 36

Window=10 Iteration=3
Time for building model:         12 seconds
Time for sampling (singles):     59 seconds
DAG statistics
mean edges/level: 16     max edges/level: 72
mean edges/node:  1.163  mean count/edge: 18

Window=10 Iteration=4
Time for building model:         5 seconds
Time for sampling (singles):     23 seconds
DAG statistics
mean edges/level: 8      max edges/level: 40
mean edges/node:  1.179  mean count/edge: 36

Window=10 Iteration=5
Time for building model:         15 seconds
Time for sampling (singles):     1 minute 7 seconds
DAG statistics
mean edges/level: 17     max edges/level: 72
mean edges/node:  1.124  mean count/edge: 17

Window=10 Iteration=6
Time for building model:         32 seconds
Time for sampling (singles):     1 minute 44 seconds
DAG statistics
mean edges/level: 20     max edges/level: 68
mean edges/node:  1.097  mean count/edge: 14

Window=10 Iteration=7
Time for building model:         27 seconds
Time for sampling (singles):     2 minutes 6 seconds
DAG statistics
mean edges/level: 23     max edges/level: 68
mean edges/node:  1.074  mean count/edge: 12

Window=10 Iteration=8
Time for building model:         35 seconds
Time for sampling (singles):     2 minutes 35 seconds
DAG statistics
mean edges/level: 24     max edges/level: 70
mean edges/node:  1.065  mean count/edge: 12

Window=10 Iteration=9
Time for building model:         51 seconds
Time for sampling (singles):     2 minutes 33 seconds
DAG statistics
mean edges/level: 25     max edges/level: 72
mean edges/node:  1.059  mean count/edge: 11

Window=10 Iteration=10
Time for building model:         1 minute 9 seconds
Time for sampling (singles):     2 minutes 41 seconds
DAG statistics
mean edges/level: 26     max edges/level: 73
mean edges/node:  1.057  mean count/edge: 11

Starting phasing iterations

Window=10 Iteration=11
Time for building model:         21 seconds
Time for sampling (singles):     1 minute 18 seconds
DAG statistics
mean edges/level: 36     max edges/level: 72
mean edges/node:  1.038  mean count/edge: 8

Window=10 Iteration=12
Time for building model:         10 seconds
Time for sampling (singles):     22 seconds
DAG statistics
mean edges/level: 41     max edges/level: 72
mean edges/node:  1.032  mean count/edge: 7

Window=10 Iteration=13
Time for building model:         13 seconds
Time for sampling (singles):     23 seconds
DAG statistics
mean edges/level: 46     max edges/level: 74
mean edges/node:  1.027  mean count/edge: 6

Window=10 Iteration=14
Time for building model:         10 seconds
Time for sampling (singles):     18 seconds
DAG statistics
mean edges/level: 50     max edges/level: 75
mean edges/node:  1.024  mean count/edge: 6

Window=10 Iteration=15
Time for building model:         11 seconds
Time for sampling (singles):     23 seconds
DAG statistics
mean edges/level: 53     max edges/level: 78
mean edges/node:  1.022  mean count/edge: 5

Window 11 [ NC_037354.1:39178953-42859825 ]
target markers:      50000

Starting burn-in iterations

Window=11 Iteration=1
Time for building model:         8 seconds
Time for sampling (singles):     29 seconds
DAG statistics
mean edges/level: 12     max edges/level: 67
mean edges/node:  1.456  mean count/edge: 24

Window=11 Iteration=2
Time for building model:         8 seconds
Time for sampling (singles):     27 seconds
DAG statistics
mean edges/level: 9      max edges/level: 33
mean edges/node:  1.345  mean count/edge: 32

Window=11 Iteration=3
Time for building model:         12 seconds
Time for sampling (singles):     1 minute 0 seconds
DAG statistics
mean edges/level: 16     max edges/level: 68
mean edges/node:  1.172  mean count/edge: 18

Window=11 Iteration=4
Time for building model:         12 seconds
Time for sampling (singles):     1 minute 27 seconds
DAG statistics
mean edges/level: 18     max edges/level: 65
mean edges/node:  1.120  mean count/edge: 16

Window=11 Iteration=5
Time for building model:         12 seconds
Time for sampling (singles):     1 minute 11 seconds
DAG statistics
mean edges/level: 16     max edges/level: 70
mean edges/node:  1.102  mean count/edge: 18

Window=11 Iteration=6
Time for building model:         26 seconds
Time for sampling (singles):     26 seconds
DAG statistics
mean edges/level: 10     max edges/level: 42
mean edges/node:  1.162  mean count/edge: 29

Window=11 Iteration=7
Time for building model:         1 minute 0 seconds
Time for sampling (singles):     51 seconds
DAG statistics
mean edges/level: 14     max edges/level: 69
mean edges/node:  1.130  mean count/edge: 20

Window=11 Iteration=8
Time for building model:         26 seconds
Time for sampling (singles):     1 minute 28 seconds
DAG statistics
mean edges/level: 19     max edges/level: 62
mean edges/node:  1.109  mean count/edge: 15

Window=11 Iteration=9
Time for building model:         47 seconds
Time for sampling (singles):     1 minute 51 seconds
DAG statistics
mean edges/level: 22     max edges/level: 66
mean edges/node:  1.086  mean count/edge: 13

Window=11 Iteration=10
Time for building model:         34 seconds
Time for sampling (singles):     1 minute 16 seconds
DAG statistics
mean edges/level: 16     max edges/level: 55
mean edges/node:  1.094  mean count/edge: 18

Starting phasing iterations

Window=11 Iteration=11
Time for building model:         14 seconds
Time for sampling (singles):     30 seconds
DAG statistics
mean edges/level: 32     max edges/level: 69
mean edges/node:  1.048  mean count/edge: 9

Window=11 Iteration=12
Time for building model:         11 seconds
Time for sampling (singles):     25 seconds
DAG statistics
mean edges/level: 39     max edges/level: 68
mean edges/node:  1.038  mean count/edge: 7

Window=11 Iteration=13
Time for building model:         9 seconds
Time for sampling (singles):     21 seconds
DAG statistics
mean edges/level: 44     max edges/level: 76
mean edges/node:  1.032  mean count/edge: 7

Window=11 Iteration=14
Time for building model:         9 seconds
Time for sampling (singles):     22 seconds
DAG statistics
mean edges/level: 49     max edges/level: 80
mean edges/node:  1.027  mean count/edge: 6

Window=11 Iteration=15
Time for building model:         10 seconds
Time for sampling (singles):     22 seconds
DAG statistics
mean edges/level: 52     max edges/level: 81
mean edges/node:  1.024  mean count/edge: 6

Window 12 [ NC_037354.1:42636015-45611575 ]
target markers:      43481

Starting burn-in iterations

Window=12 Iteration=1
Time for building model:         8 seconds
Time for sampling (singles):     36 seconds
DAG statistics
mean edges/level: 14     max edges/level: 77
mean edges/node:  1.417  mean count/edge: 20

Window=12 Iteration=2
Time for building model:         5 seconds
Time for sampling (singles):     17 seconds
DAG statistics
mean edges/level: 9      max edges/level: 38
mean edges/node:  1.330  mean count/edge: 32

Window=12 Iteration=3
Time for building model:         10 seconds
Time for sampling (singles):     36 seconds
DAG statistics
mean edges/level: 14     max edges/level: 70
mean edges/node:  1.180  mean count/edge: 20

Window=12 Iteration=4
Time for building model:         4 seconds
Time for sampling (singles):     19 seconds
DAG statistics
mean edges/level: 8      max edges/level: 37
mean edges/node:  1.189  mean count/edge: 36

Window=12 Iteration=5
Time for building model:         9 seconds
Time for sampling (singles):     46 seconds
DAG statistics
mean edges/level: 15     max edges/level: 70
mean edges/node:  1.140  mean count/edge: 19

Window=12 Iteration=6
Time for building model:         4 seconds
Time for sampling (singles):     20 seconds
DAG statistics
mean edges/level: 9      max edges/level: 40
mean edges/node:  1.165  mean count/edge: 32

Window=12 Iteration=7
Time for building model:         9 seconds
Time for sampling (singles):     43 seconds
DAG statistics
mean edges/level: 15     max edges/level: 72
mean edges/node:  1.130  mean count/edge: 19

Window=12 Iteration=8
Time for building model:         7 seconds
Time for sampling (singles):     21 seconds
DAG statistics
mean edges/level: 9      max edges/level: 39
mean edges/node:  1.156  mean count/edge: 32

Window=12 Iteration=9
Time for building model:         10 seconds
Time for sampling (singles):     46 seconds
DAG statistics
mean edges/level: 15     max edges/level: 70
mean edges/node:  1.126  mean count/edge: 19

Window=12 Iteration=10
Time for building model:         9 seconds
Time for sampling (singles):     1 minute 13 seconds
DAG statistics
mean edges/level: 20     max edges/level: 66
mean edges/node:  1.105  mean count/edge: 14

Starting phasing iterations

Window=12 Iteration=11
Time for building model:         7 seconds
Time for sampling (singles):     22 seconds
DAG statistics
mean edges/level: 31     max edges/level: 69
mean edges/node:  1.052  mean count/edge: 9

Window=12 Iteration=12
Time for building model:         10 seconds
Time for sampling (singles):     21 seconds
DAG statistics
mean edges/level: 38     max edges/level: 75
mean edges/node:  1.039  mean count/edge: 8

Window=12 Iteration=13
Time for building model:         8 seconds
Time for sampling (singles):     19 seconds
DAG statistics
mean edges/level: 43     max edges/level: 76
mean edges/node:  1.032  mean count/edge: 7

Window=12 Iteration=14
Time for building model:         8 seconds
Time for sampling (singles):     17 seconds
DAG statistics
mean edges/level: 49     max edges/level: 77
mean edges/node:  1.027  mean count/edge: 6

Window=12 Iteration=15
Time for building model:         8 seconds
Time for sampling (singles):     18 seconds
DAG statistics
mean edges/level: 53     max edges/level: 85
mean edges/node:  1.023  mean count/edge: 5

Number of markers:              560481
Total time for building model: 4 hours 19 minutes 4 seconds
Total time for sampling:       4 hours 48 minutes 6 seconds
Total run time:                9 hours 26 minutes 51 seconds

End time: 06:47 AM CEST on 05 Apr 2024
beagle.27Jan18.7e1.jar (version 4.1) finished
