beagle.27Jan18.7e1.jar (version 4.1)
Copyright (C) 2014-2015 Brian L. Browning
Enter "java -jar beagle.27Jan18.7e1.jar" for a summary of command line arguments.
Start time: 09:21 PM CEST on 04 Apr 2024

Command line: java -Xmx54613m -jar beagle.jar
  gl=results/gl/Bostau9_tragmain2_sites_variable_noindels_renamed_ToryTstr.bcf.gz.NC_037352.1.vcf.gz
  chrom=NC_037352.1
  out=results/imputed/Bostau9_tragmain2_sites_variable_noindels_renamed_ToryTstr.bcf.gz.NC_037352.1
  nthreads=6

No genetic map is specified: using 1 cM = 1 Mb

reference samples:       0
target samples:        143

Window 1 [ NC_037352.1:3688-3919915 ]
target markers:      50000

Starting burn-in iterations

Window=1 Iteration=1
Time for building model:         22 seconds
Time for sampling (singles):     20 seconds
DAG statistics
mean edges/level: 10     max edges/level: 31
mean edges/node:  1.595  mean count/edge: 29

Window=1 Iteration=2
Time for building model:         8 seconds
Time for sampling (singles):     20 seconds
DAG statistics
mean edges/level: 8      max edges/level: 30
mean edges/node:  1.342  mean count/edge: 36

Window=1 Iteration=3
Time for building model:         18 seconds
Time for sampling (singles):     10 seconds
DAG statistics
mean edges/level: 6      max edges/level: 33
mean edges/node:  1.264  mean count/edge: 48

Window=1 Iteration=4
Time for building model:         5 seconds
Time for sampling (singles):     9 seconds
DAG statistics
mean edges/level: 6      max edges/level: 29
mean edges/node:  1.231  mean count/edge: 48

Window=1 Iteration=5
Time for building model:         8 seconds
Time for sampling (singles):     27 seconds
DAG statistics
mean edges/level: 11     max edges/level: 36
mean edges/node:  1.175  mean count/edge: 26

Window=1 Iteration=6
Time for building model:         12 seconds
Time for sampling (singles):     23 seconds
DAG statistics
mean edges/level: 9      max edges/level: 32
mean edges/node:  1.173  mean count/edge: 32

Window=1 Iteration=7
Time for building model:         1 minute 43 seconds
Time for sampling (singles):     38 seconds
DAG statistics
mean edges/level: 15     max edges/level: 40
mean edges/node:  1.137  mean count/edge: 19

Window=1 Iteration=8
Time for building model:         1 minute 15 seconds
Time for sampling (singles):     53 seconds
DAG statistics
mean edges/level: 17     max edges/level: 47
mean edges/node:  1.108  mean count/edge: 17

Window=1 Iteration=9
Time for building model:         7 minutes 8 seconds
Time for sampling (singles):     1 minute 30 seconds
DAG statistics
mean edges/level: 19     max edges/level: 47
mean edges/node:  1.087  mean count/edge: 15

Window=1 Iteration=10
Time for building model:         9 minutes 14 seconds
Time for sampling (singles):     1 minute 49 seconds
DAG statistics
mean edges/level: 20     max edges/level: 50
mean edges/node:  1.078  mean count/edge: 14

Starting phasing iterations

Window=1 Iteration=11
Time for building model:         3 minutes 16 seconds
Time for sampling (singles):     8 minutes 49 seconds
DAG statistics
mean edges/level: 29     max edges/level: 63
mean edges/node:  1.051  mean count/edge: 10

Window=1 Iteration=12
Time for building model:         4 minutes 26 seconds
Time for sampling (singles):     9 minutes 10 seconds
DAG statistics
mean edges/level: 35     max edges/level: 71
mean edges/node:  1.041  mean count/edge: 8

Window=1 Iteration=13
Time for building model:         1 minute 12 seconds
Time for sampling (singles):     10 minutes 30 seconds
DAG statistics
mean edges/level: 39     max edges/level: 78
mean edges/node:  1.035  mean count/edge: 7

Window=1 Iteration=14
Time for building model:         5 minutes 57 seconds
Time for sampling (singles):     12 minutes 24 seconds
DAG statistics
mean edges/level: 43     max edges/level: 76
mean edges/node:  1.031  mean count/edge: 7

Window=1 Iteration=15
Time for building model:         4 minutes 53 seconds
Time for sampling (singles):     11 minutes 40 seconds
DAG statistics
mean edges/level: 46     max edges/level: 77
mean edges/node:  1.028  mean count/edge: 6

Window 2 [ NC_037352.1:3674485-7551399 ]
target markers:      50000

Starting burn-in iterations

Window=2 Iteration=1
Time for building model:         9 minutes 5 seconds
Time for sampling (singles):     1 minute 13 seconds
DAG statistics
mean edges/level: 13     max edges/level: 67
mean edges/node:  1.416  mean count/edge: 22

Window=2 Iteration=2
Time for building model:         7 minutes 30 seconds
Time for sampling (singles):     49 seconds
DAG statistics
mean edges/level: 9      max edges/level: 34
mean edges/node:  1.310  mean count/edge: 32

Window=2 Iteration=3
Time for building model:         6 minutes 49 seconds
Time for sampling (singles):     1 minute 2 seconds
DAG statistics
mean edges/level: 16     max edges/level: 62
mean edges/node:  1.153  mean count/edge: 18

Window=2 Iteration=4
Time for building model:         4 minutes 29 seconds
Time for sampling (singles):     42 seconds
DAG statistics
mean edges/level: 10     max edges/level: 51
mean edges/node:  1.141  mean count/edge: 29

Window=2 Iteration=5
Time for building model:         5 minutes 55 seconds
Time for sampling (singles):     50 seconds
DAG statistics
mean edges/level: 14     max edges/level: 65
mean edges/node:  1.134  mean count/edge: 20

Window=2 Iteration=6
Time for building model:         6 minutes 4 seconds
Time for sampling (singles):     1 minute 41 seconds
DAG statistics
mean edges/level: 19     max edges/level: 62
mean edges/node:  1.108  mean count/edge: 15

Window=2 Iteration=7
Time for building model:         5 minutes 13 seconds
Time for sampling (singles):     1 minute 26 seconds
DAG statistics
mean edges/level: 22     max edges/level: 63
mean edges/node:  1.081  mean count/edge: 13

Window=2 Iteration=8
Time for building model:         5 minutes 48 seconds
Time for sampling (singles):     2 minutes 3 seconds
DAG statistics
mean edges/level: 24     max edges/level: 70
mean edges/node:  1.066  mean count/edge: 12

Window=2 Iteration=9
Time for building model:         8 minutes 57 seconds
Time for sampling (singles):     2 minutes 36 seconds
DAG statistics
mean edges/level: 26     max edges/level: 67
mean edges/node:  1.060  mean count/edge: 11

Window=2 Iteration=10
Time for building model:         8 minutes 20 seconds
Time for sampling (singles):     2 minutes 52 seconds
DAG statistics
mean edges/level: 27     max edges/level: 69
mean edges/node:  1.055  mean count/edge: 11

Starting phasing iterations

Window=2 Iteration=11
Time for building model:         3 minutes 3 seconds
Time for sampling (singles):     10 minutes 33 seconds
DAG statistics
mean edges/level: 27     max edges/level: 68
mean edges/node:  1.048  mean count/edge: 11

Window=2 Iteration=12
Time for building model:         3 minutes 39 seconds
Time for sampling (singles):     8 minutes 14 seconds
DAG statistics
mean edges/level: 37     max edges/level: 79
mean edges/node:  1.042  mean count/edge: 8

Window=2 Iteration=13
Time for building model:         3 minutes 25 seconds
Time for sampling (singles):     5 minutes 41 seconds
DAG statistics
mean edges/level: 34     max edges/level: 83
mean edges/node:  1.036  mean count/edge: 8

Window=2 Iteration=14
Time for building model:         2 minutes 35 seconds
Time for sampling (singles):     6 minutes 35 seconds
DAG statistics
mean edges/level: 44     max edges/level: 83
mean edges/node:  1.033  mean count/edge: 7

Window=2 Iteration=15
Time for building model:         2 minutes 48 seconds
Time for sampling (singles):     7 minutes 0 seconds
DAG statistics
mean edges/level: 49     max edges/level: 85
mean edges/node:  1.027  mean count/edge: 6

Window 3 [ NC_037352.1:7433212-11146846 ]
target markers:      50000

Starting burn-in iterations

Window=3 Iteration=1
Time for building model:         4 minutes 16 seconds
Time for sampling (singles):     25 seconds
DAG statistics
mean edges/level: 9      max edges/level: 53
mean edges/node:  1.573  mean count/edge: 32

Window=3 Iteration=2
Time for building model:         4 minutes 53 seconds
Time for sampling (singles):     33 seconds
DAG statistics
mean edges/level: 12     max edges/level: 36
mean edges/node:  1.282  mean count/edge: 24

Window=3 Iteration=3
Time for building model:         3 minutes 2 seconds
Time for sampling (singles):     15 seconds
DAG statistics
mean edges/level: 7      max edges/level: 49
mean edges/node:  1.231  mean count/edge: 41

Window=3 Iteration=4
Time for building model:         2 minutes 55 seconds
Time for sampling (singles):     27 seconds
DAG statistics
mean edges/level: 9      max edges/level: 37
mean edges/node:  1.181  mean count/edge: 32

Window=3 Iteration=5
Time for building model:         2 minutes 50 seconds
Time for sampling (singles):     59 seconds
DAG statistics
mean edges/level: 13     max edges/level: 48
mean edges/node:  1.149  mean count/edge: 22

Window=3 Iteration=6
Time for building model:         2 minutes 53 seconds
Time for sampling (singles):     1 minute 6 seconds
DAG statistics
mean edges/level: 17     max edges/level: 50
mean edges/node:  1.116  mean count/edge: 17

Window=3 Iteration=7
Time for building model:         2 minutes 46 seconds
Time for sampling (singles):     1 minute 47 seconds
DAG statistics
mean edges/level: 20     max edges/level: 51
mean edges/node:  1.091  mean count/edge: 14

Window=3 Iteration=8
Time for building model:         3 minutes 25 seconds
Time for sampling (singles):     1 minute 36 seconds
DAG statistics
mean edges/level: 22     max edges/level: 56
mean edges/node:  1.076  mean count/edge: 13

Window=3 Iteration=9
Time for building model:         3 minutes 34 seconds
Time for sampling (singles):     1 minute 47 seconds
DAG statistics
mean edges/level: 23     max edges/level: 60
mean edges/node:  1.069  mean count/edge: 12

Window=3 Iteration=10
Time for building model:         4 minutes 42 seconds
Time for sampling (singles):     1 minute 54 seconds
DAG statistics
mean edges/level: 24     max edges/level: 59
mean edges/node:  1.063  mean count/edge: 12

Starting phasing iterations

Window=3 Iteration=11
Time for building model:         1 minute 41 seconds
Time for sampling (singles):     7 minutes 15 seconds
DAG statistics
mean edges/level: 10     max edges/level: 57
mean edges/node:  1.113  mean count/edge: 29

Window=3 Iteration=12
Time for building model:         3 minutes 15 seconds
Time for sampling (singles):     9 minutes 46 seconds
DAG statistics
mean edges/level: 27     max edges/level: 61
mean edges/node:  1.068  mean count/edge: 11

Window=3 Iteration=13
Time for building model:         3 minutes 2 seconds
Time for sampling (singles):     6 minutes 23 seconds
DAG statistics
mean edges/level: 35     max edges/level: 68
mean edges/node:  1.046  mean count/edge: 8

Window=3 Iteration=14
Time for building model:         2 minutes 11 seconds
Time for sampling (singles):     4 minutes 32 seconds
DAG statistics
mean edges/level: 41     max edges/level: 74
mean edges/node:  1.035  mean count/edge: 7

Window=3 Iteration=15
Time for building model:         1 minute 46 seconds
Time for sampling (singles):     4 minutes 24 seconds
DAG statistics
mean edges/level: 46     max edges/level: 75
mean edges/node:  1.029  mean count/edge: 6

Window 4 [ NC_037352.1:10977915-14993710 ]
target markers:      50000

Starting burn-in iterations

Window=4 Iteration=1
Time for building model:         2 minutes 59 seconds
Time for sampling (singles):     37 seconds
DAG statistics
mean edges/level: 15     max edges/level: 69
mean edges/node:  1.393  mean count/edge: 19

Window=4 Iteration=2
Time for building model:         3 minutes 20 seconds
Time for sampling (singles):     31 seconds
DAG statistics
mean edges/level: 9      max edges/level: 40
mean edges/node:  1.285  mean count/edge: 32

Window=4 Iteration=3
Time for building model:         4 minutes 7 seconds
Time for sampling (singles):     1 minute 5 seconds
DAG statistics
mean edges/level: 16     max edges/level: 61
mean edges/node:  1.144  mean count/edge: 18

Window=4 Iteration=4
Time for building model:         3 minutes 46 seconds
Time for sampling (singles):     49 seconds
DAG statistics
mean edges/level: 11     max edges/level: 48
mean edges/node:  1.124  mean count/edge: 26

Window=4 Iteration=5
Time for building model:         3 minutes 26 seconds
Time for sampling (singles):     45 seconds
DAG statistics
mean edges/level: 14     max edges/level: 64
mean edges/node:  1.123  mean count/edge: 20

Window=4 Iteration=6
Time for building model:         3 minutes 2 seconds
Time for sampling (singles):     25 seconds
DAG statistics
mean edges/level: 9      max edges/level: 39
mean edges/node:  1.145  mean count/edge: 32

Window=4 Iteration=7
Time for building model:         3 minutes 9 seconds
Time for sampling (singles):     53 seconds
DAG statistics
mean edges/level: 18     max edges/level: 64
mean edges/node:  1.110  mean count/edge: 16

Window=4 Iteration=8
Time for building model:         3 minutes 10 seconds
Time for sampling (singles):     1 minute 35 seconds
DAG statistics
mean edges/level: 21     max edges/level: 58
mean edges/node:  1.086  mean count/edge: 14

Window=4 Iteration=9
Time for building model:         1 minute 56 seconds
Time for sampling (singles):     1 minute 23 seconds
DAG statistics
mean edges/level: 18     max edges/level: 72
mean edges/node:  1.077  mean count/edge: 16

Window=4 Iteration=10
Time for building model:         1 minute 13 seconds
Time for sampling (singles):     26 seconds
DAG statistics
mean edges/level: 9      max edges/level: 39
mean edges/node:  1.136  mean count/edge: 32

Starting phasing iterations

Window=4 Iteration=11
Time for building model:         1 minute 7 seconds
Time for sampling (singles):     5 minutes 1 second
DAG statistics
mean edges/level: 33     max edges/level: 65
mean edges/node:  1.041  mean count/edge: 9

Window=4 Iteration=12
Time for building model:         1 minute 19 seconds
Time for sampling (singles):     4 minutes 38 seconds
DAG statistics
mean edges/level: 40     max edges/level: 73
mean edges/node:  1.032  mean count/edge: 7

Window=4 Iteration=13
Time for building model:         1 minute 19 seconds
Time for sampling (singles):     2 minutes 26 seconds
DAG statistics
mean edges/level: 46     max edges/level: 79
mean edges/node:  1.026  mean count/edge: 6

Window=4 Iteration=14
Time for building model:         55 seconds
Time for sampling (singles):     53 seconds
DAG statistics
mean edges/level: 50     max edges/level: 84
mean edges/node:  1.023  mean count/edge: 6

Window=4 Iteration=15
Time for building model:         17 seconds
Time for sampling (singles):     20 seconds
DAG statistics
mean edges/level: 54     max edges/level: 84
mean edges/node:  1.020  mean count/edge: 5

Window 5 [ NC_037352.1:14792277-18887862 ]
target markers:      50000

Starting burn-in iterations

Window=5 Iteration=1
Time for building model:         9 seconds
Time for sampling (singles):     39 seconds
DAG statistics
mean edges/level: 13     max edges/level: 68
mean edges/node:  1.390  mean count/edge: 22

Window=5 Iteration=2
Time for building model:         8 seconds
Time for sampling (singles):     22 seconds
DAG statistics
mean edges/level: 9      max edges/level: 37
mean edges/node:  1.294  mean count/edge: 32

Window=5 Iteration=3
Time for building model:         15 seconds
Time for sampling (singles):     47 seconds
DAG statistics
mean edges/level: 16     max edges/level: 65
mean edges/node:  1.140  mean count/edge: 18

Window=5 Iteration=4
Time for building model:         13 seconds
Time for sampling (singles):     31 seconds
DAG statistics
mean edges/level: 10     max edges/level: 47
mean edges/node:  1.128  mean count/edge: 29

Window=5 Iteration=5
Time for building model:         37 seconds
Time for sampling (singles):     14 seconds
DAG statistics
mean edges/level: 8      max edges/level: 67
mean edges/node:  1.136  mean count/edge: 36

Window=5 Iteration=6
Time for building model:         1 minute 6 seconds
Time for sampling (singles):     50 seconds
DAG statistics
mean edges/level: 15     max edges/level: 50
mean edges/node:  1.126  mean count/edge: 19

Window=5 Iteration=7
Time for building model:         2 minutes 11 seconds
Time for sampling (singles):     1 minute 13 seconds
DAG statistics
mean edges/level: 18     max edges/level: 67
mean edges/node:  1.091  mean count/edge: 16

Window=5 Iteration=8
Time for building model:         2 minutes 13 seconds
Time for sampling (singles):     2 minutes 22 seconds
DAG statistics
mean edges/level: 22     max edges/level: 68
mean edges/node:  1.072  mean count/edge: 13

Window=5 Iteration=9
Time for building model:         2 minutes 11 seconds
Time for sampling (singles):     1 minute 40 seconds
DAG statistics
mean edges/level: 24     max edges/level: 71
mean edges/node:  1.059  mean count/edge: 12

Window=5 Iteration=10
Time for building model:         2 minutes 45 seconds
Time for sampling (singles):     2 minutes 7 seconds
DAG statistics
mean edges/level: 25     max edges/level: 64
mean edges/node:  1.054  mean count/edge: 11

Starting phasing iterations

Window=5 Iteration=11
Time for building model:         34 seconds
Time for sampling (singles):     3 minutes 57 seconds
DAG statistics
mean edges/level: 35     max edges/level: 66
mean edges/node:  1.036  mean count/edge: 8

Window=5 Iteration=12
Time for building model:         41 seconds
Time for sampling (singles):     56 seconds
DAG statistics
mean edges/level: 41     max edges/level: 78
mean edges/node:  1.029  mean count/edge: 7

Window=5 Iteration=13
Time for building model:         14 seconds
Time for sampling (singles):     25 seconds
DAG statistics
mean edges/level: 46     max edges/level: 80
mean edges/node:  1.025  mean count/edge: 6

Window=5 Iteration=14
Time for building model:         10 seconds
Time for sampling (singles):     19 seconds
DAG statistics
mean edges/level: 51     max edges/level: 85
mean edges/node:  1.021  mean count/edge: 6

Window=5 Iteration=15
Time for building model:         9 seconds
Time for sampling (singles):     19 seconds
DAG statistics
mean edges/level: 54     max edges/level: 86
mean edges/node:  1.020  mean count/edge: 5

Window 6 [ NC_037352.1:18523621-22891392 ]
target markers:      50000

Starting burn-in iterations

Window=6 Iteration=1
Time for building model:         13 seconds
Time for sampling (singles):     52 seconds
DAG statistics
mean edges/level: 15     max edges/level: 60
mean edges/node:  1.386  mean count/edge: 19

Window=6 Iteration=2
Time for building model:         10 seconds
Time for sampling (singles):     23 seconds
DAG statistics
mean edges/level: 9      max edges/level: 38
mean edges/node:  1.288  mean count/edge: 32

Window=6 Iteration=3
Time for building model:         10 seconds
Time for sampling (singles):     43 seconds
DAG statistics
mean edges/level: 16     max edges/level: 60
mean edges/node:  1.142  mean count/edge: 18

Window=6 Iteration=4
Time for building model:         1 minute 35 seconds
Time for sampling (singles):     1 minute 10 seconds
DAG statistics
mean edges/level: 19     max edges/level: 59
mean edges/node:  1.102  mean count/edge: 15

Window=6 Iteration=5
Time for building model:         1 minute 37 seconds
Time for sampling (singles):     1 minute 50 seconds
DAG statistics
mean edges/level: 21     max edges/level: 61
mean edges/node:  1.077  mean count/edge: 14

Window=6 Iteration=6
Time for building model:         1 minute 42 seconds
Time for sampling (singles):     1 minute 39 seconds
DAG statistics
mean edges/level: 22     max edges/level: 61
mean edges/node:  1.067  mean count/edge: 13

Window=6 Iteration=7
Time for building model:         53 seconds
Time for sampling (singles):     22 seconds
DAG statistics
mean edges/level: 9      max edges/level: 62
mean edges/node:  1.112  mean count/edge: 32

Window=6 Iteration=8
Time for building model:         1 minute 13 seconds
Time for sampling (singles):     1 minute 2 seconds
DAG statistics
mean edges/level: 18     max edges/level: 62
mean edges/node:  1.105  mean count/edge: 16

Window=6 Iteration=9
Time for building model:         1 minute 13 seconds
Time for sampling (singles):     1 minute 32 seconds
DAG statistics
mean edges/level: 21     max edges/level: 61
mean edges/node:  1.083  mean count/edge: 14

Window=6 Iteration=10
Time for building model:         1 minute 1 second
Time for sampling (singles):     1 minute 50 seconds
DAG statistics
mean edges/level: 23     max edges/level: 65
mean edges/node:  1.066  mean count/edge: 12

Starting phasing iterations

Window=6 Iteration=11
Time for building model:         27 seconds
Time for sampling (singles):     1 minute 26 seconds
DAG statistics
mean edges/level: 33     max edges/level: 65
mean edges/node:  1.040  mean count/edge: 9

Window=6 Iteration=12
Time for building model:         19 seconds
Time for sampling (singles):     25 seconds
DAG statistics
mean edges/level: 40     max edges/level: 71
mean edges/node:  1.032  mean count/edge: 7

Window=6 Iteration=13
Time for building model:         10 seconds
Time for sampling (singles):     23 seconds
DAG statistics
mean edges/level: 45     max edges/level: 76
mean edges/node:  1.027  mean count/edge: 6

Window=6 Iteration=14
Time for building model:         10 seconds
Time for sampling (singles):     21 seconds
DAG statistics
mean edges/level: 49     max edges/level: 78
mean edges/node:  1.023  mean count/edge: 6

Window=6 Iteration=15
Time for building model:         9 seconds
Time for sampling (singles):     19 seconds
DAG statistics
mean edges/level: 53     max edges/level: 85
mean edges/node:  1.021  mean count/edge: 5

Window 7 [ NC_037352.1:22639615-26439232 ]
target markers:      50000

Starting burn-in iterations

Window=7 Iteration=1
Time for building model:         5 seconds
Time for sampling (singles):     18 seconds
DAG statistics
mean edges/level: 9      max edges/level: 62
mean edges/node:  1.495  mean count/edge: 32

Window=7 Iteration=2
Time for building model:         13 seconds
Time for sampling (singles):     51 seconds
DAG statistics
mean edges/level: 16     max edges/level: 71
mean edges/node:  1.227  mean count/edge: 18

Window=7 Iteration=3
Time for building model:         13 seconds
Time for sampling (singles):     1 minute 9 seconds
DAG statistics
mean edges/level: 18     max edges/level: 79
mean edges/node:  1.130  mean count/edge: 16

Window=7 Iteration=4
Time for building model:         12 seconds
Time for sampling (singles):     1 minute 24 seconds
DAG statistics
mean edges/level: 21     max edges/level: 74
mean edges/node:  1.088  mean count/edge: 14

Window=7 Iteration=5
Time for building model:         1 minute 4 seconds
Time for sampling (singles):     1 minute 46 seconds
DAG statistics
mean edges/level: 22     max edges/level: 70
mean edges/node:  1.071  mean count/edge: 13

Window=7 Iteration=6
Time for building model:         52 seconds
Time for sampling (singles):     1 minute 54 seconds
DAG statistics
mean edges/level: 24     max edges/level: 73
mean edges/node:  1.065  mean count/edge: 12

Window=7 Iteration=7
Time for building model:         48 seconds
Time for sampling (singles):     2 minutes 11 seconds
DAG statistics
mean edges/level: 25     max edges/level: 71
mean edges/node:  1.058  mean count/edge: 11

Window=7 Iteration=8
Time for building model:         50 seconds
Time for sampling (singles):     2 minutes 23 seconds
DAG statistics
mean edges/level: 26     max edges/level: 73
mean edges/node:  1.054  mean count/edge: 11

Window=7 Iteration=9
Time for building model:         41 seconds
Time for sampling (singles):     2 minutes 42 seconds
DAG statistics
mean edges/level: 27     max edges/level: 66
mean edges/node:  1.051  mean count/edge: 11

Window=7 Iteration=10
Time for building model:         40 seconds
Time for sampling (singles):     2 minutes 53 seconds
DAG statistics
mean edges/level: 27     max edges/level: 71
mean edges/node:  1.049  mean count/edge: 11

Starting phasing iterations

Window=7 Iteration=11
Time for building model:         21 seconds
Time for sampling (singles):     1 minute 1 second
DAG statistics
mean edges/level: 37     max edges/level: 74
mean edges/node:  1.033  mean count/edge: 8

Window=7 Iteration=12
Time for building model:         15 seconds
Time for sampling (singles):     21 seconds
DAG statistics
mean edges/level: 43     max edges/level: 70
mean edges/node:  1.028  mean count/edge: 7

Window=7 Iteration=13
Time for building model:         6 seconds
Time for sampling (singles):     12 seconds
DAG statistics
mean edges/level: 24     max edges/level: 77
mean edges/node:  1.039  mean count/edge: 12

Window=7 Iteration=14
Time for building model:         10 seconds
Time for sampling (singles):     22 seconds
DAG statistics
mean edges/level: 39     max edges/level: 80
mean edges/node:  1.037  mean count/edge: 7

Window=7 Iteration=15
Time for building model:         11 seconds
Time for sampling (singles):     25 seconds
DAG statistics
mean edges/level: 45     max edges/level: 81
mean edges/node:  1.027  mean count/edge: 6

Window 8 [ NC_037352.1:26120718-30636506 ]
target markers:      50000

Starting burn-in iterations

Window=8 Iteration=1
Time for building model:         6 seconds
Time for sampling (singles):     18 seconds
DAG statistics
mean edges/level: 9      max edges/level: 53
mean edges/node:  1.498  mean count/edge: 32

Window=8 Iteration=2
Time for building model:         5 seconds
Time for sampling (singles):     13 seconds
DAG statistics
mean edges/level: 7      max edges/level: 28
mean edges/node:  1.375  mean count/edge: 41

Window=8 Iteration=3
Time for building model:         7 seconds
Time for sampling (singles):     15 seconds
DAG statistics
mean edges/level: 8      max edges/level: 55
mean edges/node:  1.210  mean count/edge: 36

Window=8 Iteration=4
Time for building model:         7 seconds
Time for sampling (singles):     32 seconds
DAG statistics
mean edges/level: 11     max edges/level: 38
mean edges/node:  1.177  mean count/edge: 26

Window=8 Iteration=5
Time for building model:         7 seconds
Time for sampling (singles):     20 seconds
DAG statistics
mean edges/level: 9      max edges/level: 58
mean edges/node:  1.160  mean count/edge: 32

Window=8 Iteration=6
Time for building model:         11 seconds
Time for sampling (singles):     52 seconds
DAG statistics
mean edges/level: 16     max edges/level: 59
mean edges/node:  1.129  mean count/edge: 18

Window=8 Iteration=7
Time for building model:         12 seconds
Time for sampling (singles):     1 minute 9 seconds
DAG statistics
mean edges/level: 18     max edges/level: 58
mean edges/node:  1.102  mean count/edge: 16

Window=8 Iteration=8
Time for building model:         35 seconds
Time for sampling (singles):     1 minute 10 seconds
DAG statistics
mean edges/level: 15     max edges/level: 50
mean edges/node:  1.097  mean count/edge: 19

Window=8 Iteration=9
Time for building model:         38 seconds
Time for sampling (singles):     1 minute 27 seconds
DAG statistics
mean edges/level: 19     max edges/level: 57
mean edges/node:  1.086  mean count/edge: 15

Window=8 Iteration=10
Time for building model:         48 seconds
Time for sampling (singles):     1 minute 35 seconds
DAG statistics
mean edges/level: 18     max edges/level: 58
mean edges/node:  1.080  mean count/edge: 16

Starting phasing iterations

Window=8 Iteration=11
Time for building model:         16 seconds
Time for sampling (singles):     33 seconds
DAG statistics
mean edges/level: 31     max edges/level: 73
mean edges/node:  1.048  mean count/edge: 9

Window=8 Iteration=12
Time for building model:         13 seconds
Time for sampling (singles):     19 seconds
DAG statistics
mean edges/level: 37     max edges/level: 72
mean edges/node:  1.040  mean count/edge: 8

Window=8 Iteration=13
Time for building model:         10 seconds
Time for sampling (singles):     24 seconds
DAG statistics
mean edges/level: 41     max edges/level: 79
mean edges/node:  1.034  mean count/edge: 7

Window=8 Iteration=14
Time for building model:         10 seconds
Time for sampling (singles):     22 seconds
DAG statistics
mean edges/level: 46     max edges/level: 80
mean edges/node:  1.029  mean count/edge: 6

Window=8 Iteration=15
Time for building model:         11 seconds
Time for sampling (singles):     21 seconds
DAG statistics
mean edges/level: 49     max edges/level: 86
mean edges/node:  1.026  mean count/edge: 6

Window 9 [ NC_037352.1:30224389-34381530 ]
target markers:      50000

Starting burn-in iterations

Window=9 Iteration=1
Time for building model:         8 seconds
Time for sampling (singles):     32 seconds
DAG statistics
mean edges/level: 12     max edges/level: 57
mean edges/node:  1.437  mean count/edge: 24

Window=9 Iteration=2
Time for building model:         7 seconds
Time for sampling (singles):     25 seconds
DAG statistics
mean edges/level: 9      max edges/level: 33
mean edges/node:  1.319  mean count/edge: 32

Window=9 Iteration=3
Time for building model:         8 seconds
Time for sampling (singles):     33 seconds
DAG statistics
mean edges/level: 12     max edges/level: 57
mean edges/node:  1.173  mean count/edge: 24

Window=9 Iteration=4
Time for building model:         5 seconds
Time for sampling (singles):     18 seconds
DAG statistics
mean edges/level: 7      max edges/level: 40
mean edges/node:  1.182  mean count/edge: 41

Window=9 Iteration=5
Time for building model:         14 seconds
Time for sampling (singles):     1 minute 3 seconds
DAG statistics
mean edges/level: 16     max edges/level: 62
mean edges/node:  1.130  mean count/edge: 18

Window=9 Iteration=6
Time for building model:         25 seconds
Time for sampling (singles):     21 seconds
DAG statistics
mean edges/level: 8      max edges/level: 45
mean edges/node:  1.143  mean count/edge: 36

Window=9 Iteration=7
Time for building model:         29 seconds
Time for sampling (singles):     1 minute 2 seconds
DAG statistics
mean edges/level: 17     max edges/level: 59
mean edges/node:  1.116  mean count/edge: 17

Window=9 Iteration=8
Time for building model:         21 seconds
Time for sampling (singles):     1 minute 23 seconds
DAG statistics
mean edges/level: 20     max edges/level: 65
mean edges/node:  1.093  mean count/edge: 14

Window=9 Iteration=9
Time for building model:         23 seconds
Time for sampling (singles):     1 minute 19 seconds
DAG statistics
mean edges/level: 19     max edges/level: 65
mean edges/node:  1.080  mean count/edge: 15

Window=9 Iteration=10
Time for building model:         42 seconds
Time for sampling (singles):     1 minute 28 seconds
DAG statistics
mean edges/level: 19     max edges/level: 62
mean edges/node:  1.082  mean count/edge: 15

Starting phasing iterations

Window=9 Iteration=11
Time for building model:         17 seconds
Time for sampling (singles):     55 seconds
DAG statistics
mean edges/level: 32     max edges/level: 64
mean edges/node:  1.043  mean count/edge: 9

Window=9 Iteration=12
Time for building model:         11 seconds
Time for sampling (singles):     20 seconds
DAG statistics
mean edges/level: 38     max edges/level: 74
mean edges/node:  1.034  mean count/edge: 8

Window=9 Iteration=13
Time for building model:         10 seconds
Time for sampling (singles):     21 seconds
DAG statistics
mean edges/level: 43     max edges/level: 77
mean edges/node:  1.029  mean count/edge: 7

Window=9 Iteration=14
Time for building model:         13 seconds
Time for sampling (singles):     20 seconds
DAG statistics
mean edges/level: 47     max edges/level: 82
mean edges/node:  1.025  mean count/edge: 6

Window=9 Iteration=15
Time for building model:         11 seconds
Time for sampling (singles):     26 seconds
DAG statistics
mean edges/level: 52     max edges/level: 82
mean edges/node:  1.022  mean count/edge: 6

Window 10 [ NC_037352.1:34175055-37729139 ]
target markers:      50000

Starting burn-in iterations

Window=10 Iteration=1
Time for building model:         10 seconds
Time for sampling (singles):     25 seconds
DAG statistics
mean edges/level: 11     max edges/level: 67
mean edges/node:  1.489  mean count/edge: 26

Window=10 Iteration=2
Time for building model:         6 seconds
Time for sampling (singles):     24 seconds
DAG statistics
mean edges/level: 9      max edges/level: 34
mean edges/node:  1.345  mean count/edge: 32

Window=10 Iteration=3
Time for building model:         11 seconds
Time for sampling (singles):     21 seconds
DAG statistics
mean edges/level: 10     max edges/level: 65
mean edges/node:  1.201  mean count/edge: 29

Window=10 Iteration=4
Time for building model:         7 seconds
Time for sampling (singles):     26 seconds
DAG statistics
mean edges/level: 9      max edges/level: 38
mean edges/node:  1.194  mean count/edge: 32

Window=10 Iteration=5
Time for building model:         13 seconds
Time for sampling (singles):     52 seconds
DAG statistics
mean edges/level: 16     max edges/level: 65
mean edges/node:  1.136  mean count/edge: 18

Window=10 Iteration=6
Time for building model:         6 seconds
Time for sampling (singles):     36 seconds
DAG statistics
mean edges/level: 11     max edges/level: 51
mean edges/node:  1.133  mean count/edge: 26

Window=10 Iteration=7
Time for building model:         17 seconds
Time for sampling (singles):     1 minute 6 seconds
DAG statistics
mean edges/level: 17     max edges/level: 66
mean edges/node:  1.110  mean count/edge: 17

Window=10 Iteration=8
Time for building model:         40 seconds
Time for sampling (singles):     1 minute 25 seconds
DAG statistics
mean edges/level: 19     max edges/level: 70
mean edges/node:  1.093  mean count/edge: 15

Window=10 Iteration=9
Time for building model:         15 seconds
Time for sampling (singles):     1 minute 27 seconds
DAG statistics
mean edges/level: 21     max edges/level: 68
mean edges/node:  1.079  mean count/edge: 14

Window=10 Iteration=10
Time for building model:         14 seconds
Time for sampling (singles):     50 seconds
DAG statistics
mean edges/level: 12     max edges/level: 62
mean edges/node:  1.107  mean count/edge: 24

Starting phasing iterations

Window=10 Iteration=11
Time for building model:         10 seconds
Time for sampling (singles):     27 seconds
DAG statistics
mean edges/level: 31     max edges/level: 70
mean edges/node:  1.050  mean count/edge: 9

Window=10 Iteration=12
Time for building model:         9 seconds
Time for sampling (singles):     22 seconds
DAG statistics
mean edges/level: 36     max edges/level: 79
mean edges/node:  1.041  mean count/edge: 8

Window=10 Iteration=13
Time for building model:         8 seconds
Time for sampling (singles):     18 seconds
DAG statistics
mean edges/level: 40     max edges/level: 73
mean edges/node:  1.036  mean count/edge: 7

Window=10 Iteration=14
Time for building model:         10 seconds
Time for sampling (singles):     24 seconds
DAG statistics
mean edges/level: 44     max edges/level: 86
mean edges/node:  1.031  mean count/edge: 7

Window=10 Iteration=15
Time for building model:         11 seconds
Time for sampling (singles):     25 seconds
DAG statistics
mean edges/level: 46     max edges/level: 80
mean edges/node:  1.028  mean count/edge: 6

Window 11 [ NC_037352.1:37538713-40860814 ]
target markers:      50000

Starting burn-in iterations

Window=11 Iteration=1
Time for building model:         9 seconds
Time for sampling (singles):     28 seconds
DAG statistics
mean edges/level: 12     max edges/level: 75
mean edges/node:  1.470  mean count/edge: 24

Window=11 Iteration=2
Time for building model:         11 seconds
Time for sampling (singles):     55 seconds
DAG statistics
mean edges/level: 14     max edges/level: 80
mean edges/node:  1.235  mean count/edge: 20

Window=11 Iteration=3
Time for building model:         13 seconds
Time for sampling (singles):     49 seconds
DAG statistics
mean edges/level: 16     max edges/level: 71
mean edges/node:  1.141  mean count/edge: 18

Window=11 Iteration=4
Time for building model:         16 seconds
Time for sampling (singles):     1 minute 17 seconds
DAG statistics
mean edges/level: 18     max edges/level: 83
mean edges/node:  1.105  mean count/edge: 16

Window=11 Iteration=5
Time for building model:         20 seconds
Time for sampling (singles):     1 minute 17 seconds
DAG statistics
mean edges/level: 19     max edges/level: 71
mean edges/node:  1.086  mean count/edge: 15

Window=11 Iteration=6
Time for building model:         34 seconds
Time for sampling (singles):     1 minute 29 seconds
DAG statistics
mean edges/level: 20     max edges/level: 78
mean edges/node:  1.079  mean count/edge: 14

Window=11 Iteration=7
Time for building model:         47 seconds
Time for sampling (singles):     1 minute 38 seconds
DAG statistics
mean edges/level: 21     max edges/level: 71
mean edges/node:  1.072  mean count/edge: 14

Window=11 Iteration=8
Time for building model:         36 seconds
Time for sampling (singles):     15 seconds
DAG statistics
mean edges/level: 7      max edges/level: 37
mean edges/node:  1.159  mean count/edge: 41

Window=11 Iteration=9
Time for building model:         50 seconds
Time for sampling (singles):     51 seconds
DAG statistics
mean edges/level: 16     max edges/level: 73
mean edges/node:  1.122  mean count/edge: 18

Window=11 Iteration=10
Time for building model:         1 minute 4 seconds
Time for sampling (singles):     1 minute 17 seconds
DAG statistics
mean edges/level: 19     max edges/level: 80
mean edges/node:  1.099  mean count/edge: 15

Starting phasing iterations

Window=11 Iteration=11
Time for building model:         21 seconds
Time for sampling (singles):     1 minute 5 seconds
DAG statistics
mean edges/level: 31     max edges/level: 79
mean edges/node:  1.045  mean count/edge: 9

Window=11 Iteration=12
Time for building model:         13 seconds
Time for sampling (singles):     21 seconds
DAG statistics
mean edges/level: 37     max edges/level: 80
mean edges/node:  1.036  mean count/edge: 8

Window=11 Iteration=13
Time for building model:         8 seconds
Time for sampling (singles):     20 seconds
DAG statistics
mean edges/level: 42     max edges/level: 81
mean edges/node:  1.030  mean count/edge: 7

Window=11 Iteration=14
Time for building model:         10 seconds
Time for sampling (singles):     23 seconds
DAG statistics
mean edges/level: 46     max edges/level: 89
mean edges/node:  1.026  mean count/edge: 6

Window=11 Iteration=15
Time for building model:         11 seconds
Time for sampling (singles):     18 seconds
DAG statistics
mean edges/level: 50     max edges/level: 78
mean edges/node:  1.023  mean count/edge: 6

Window 12 [ NC_037352.1:40688157-42349792 ]
target markers:      26386

Starting burn-in iterations

Window=12 Iteration=1
Time for building model:         4 seconds
Time for sampling (singles):     12 seconds
DAG statistics
mean edges/level: 12     max edges/level: 58
mean edges/node:  1.495  mean count/edge: 24

Window=12 Iteration=2
Time for building model:         7 seconds
Time for sampling (singles):     19 seconds
DAG statistics
mean edges/level: 13     max edges/level: 58
mean edges/node:  1.272  mean count/edge: 22

Window=12 Iteration=3
Time for building model:         7 seconds
Time for sampling (singles):     21 seconds
DAG statistics
mean edges/level: 14     max edges/level: 58
mean edges/node:  1.183  mean count/edge: 20

Window=12 Iteration=4
Time for building model:         5 seconds
Time for sampling (singles):     22 seconds
DAG statistics
mean edges/level: 15     max edges/level: 61
mean edges/node:  1.139  mean count/edge: 19

Window=12 Iteration=5
Time for building model:         6 seconds
Time for sampling (singles):     26 seconds
DAG statistics
mean edges/level: 16     max edges/level: 58
mean edges/node:  1.117  mean count/edge: 18

Window=12 Iteration=6
Time for building model:         5 seconds
Time for sampling (singles):     30 seconds
DAG statistics
mean edges/level: 17     max edges/level: 57
mean edges/node:  1.104  mean count/edge: 17

Window=12 Iteration=7
Time for building model:         6 seconds
Time for sampling (singles):     28 seconds
DAG statistics
mean edges/level: 17     max edges/level: 61
mean edges/node:  1.097  mean count/edge: 17

Window=12 Iteration=8
Time for building model:         6 seconds
Time for sampling (singles):     36 seconds
DAG statistics
mean edges/level: 18     max edges/level: 59
mean edges/node:  1.090  mean count/edge: 16

Window=12 Iteration=9
Time for building model:         6 seconds
Time for sampling (singles):     36 seconds
DAG statistics
mean edges/level: 19     max edges/level: 61
mean edges/node:  1.086  mean count/edge: 15

Window=12 Iteration=10
Time for building model:         8 seconds
Time for sampling (singles):     40 seconds
DAG statistics
mean edges/level: 19     max edges/level: 62
mean edges/node:  1.083  mean count/edge: 15

Starting phasing iterations

Window=12 Iteration=11
Time for building model:         6 seconds
Time for sampling (singles):     14 seconds
DAG statistics
mean edges/level: 28     max edges/level: 63
mean edges/node:  1.057  mean count/edge: 10

Window=12 Iteration=12
Time for building model:         5 seconds
Time for sampling (singles):     16 seconds
DAG statistics
mean edges/level: 32     max edges/level: 68
mean edges/node:  1.049  mean count/edge: 9

Window=12 Iteration=13
Time for building model:         5 seconds
Time for sampling (singles):     13 seconds
DAG statistics
mean edges/level: 37     max edges/level: 69
mean edges/node:  1.041  mean count/edge: 8

Window=12 Iteration=14
Time for building model:         5 seconds
Time for sampling (singles):     13 seconds
DAG statistics
mean edges/level: 40     max edges/level: 72
mean edges/node:  1.037  mean count/edge: 7

Window=12 Iteration=15
Time for building model:         6 seconds
Time for sampling (singles):     12 seconds
DAG statistics
mean edges/level: 43     max edges/level: 72
mean edges/node:  1.032  mean count/edge: 7

Number of markers:              543386
Total time for building model: 4 hours 16 minutes 9 seconds
Total time for sampling:       4 hours 37 minutes 54 seconds
Total run time:                9 hours 12 minutes 23 seconds

End time: 06:33 AM CEST on 05 Apr 2024
beagle.27Jan18.7e1.jar (version 4.1) finished
