Input: -likes (null) -plink 0757 -Nname ../Tstr.6.nind -fname ../Tstr.6.ref.txt -out 0757 -whichPops all
Setup: -seed 1714656243 -method 1
Ploidy of 2 has been chosen

The accelerated EM has been chosen
The adjusted method has been chosen
Convergence: -maxIter 2000 -tol 0.00000010
The following number of bootstraps have been chosen: 0
Input has this many sites without missing data 127288594
Ref has this many sites 1703640
This many sites in ref are either not-valid-number or below maf in any of the chosen pops 0
Overlap: of 1700957 sites between input and ref

nPop=6

Opening nInd file: ../Tstr.6.ref.txt with nPop=6
Chosen pop TanS
N = 7.143750
Chosen pop Nam
N = 7.343320
Chosen pop Zim
N = 12.263600
Chosen pop TanNE
N = 4.000200
Chosen pop TanNW
N = 5.000140
Chosen pop Bot
N = 8.248960

This many iterations 215 for run 0

best like -1322203.568489 after 0!
Q 0.023783 Q 0.241550 Q 0.278825 Q 0.008296 Q 0.017666 Q 0.429880  after 0!

Estimated  Q = 0.023783 0.241550 0.278825 0.008296 0.017666 0.429880 
best like -1322203.568489 after 0 runs!
FIRST row of .qopt file is BEST estimated Q, rest are nBoot bootstrapping Qs
	[ALL done] cpu-time used =  174.14 sec
	[ALL done] walltime used =  174.00 sec
