Machine name: x86_64
Node name: scarbpop03fl.unicph.domain
Operating system release: 4.18.0-513.11.1.el8_9.x86_64
Operating system version: #1 SMP Thu Dec 7 03:06:13 EST 2023
Operating system name: Linux
PCAone (v0.4.4)    https://github.com/Zilong-Li/PCAone
Options in effect:
PCAone -k 20 -b plink_pre -n 20 
[18/03/2024-15:36:33] program started
[18/03/2024-15:36:33] start parsing PLINK format
[18/03/2024-15:36:33] N samples is 45. M snps is 2278728
[18/03/2024-15:36:34] begin to run PCAone RSVD with in-core mode
[18/03/2024-15:36:34] running in memory mode with PCAone (algorithm2).
[18/03/2024-15:37:00] running of epoch=1, diff=0.169859
[18/03/2024-15:37:12] running of epoch=2, diff=0.00673794
[18/03/2024-15:37:23] running of epoch=3, diff=0.00171385
[18/03/2024-15:37:34] running of epoch=4, diff=0.000723034
[18/03/2024-15:37:46] running of epoch=5, diff=0.000470307
[18/03/2024-15:37:57] running of epoch=6, diff=2.06837e-08
[18/03/2024-15:37:57] stops at epoch=7
[18/03/2024-15:37:58] output eigen values
[18/03/2024-15:37:58] done output eigen values
[18/03/2024-15:37:58] run_pca_with_halko done
[18/03/2024-15:37:58] total elapsed reading time: 0.290019 seconds
[18/03/2024-15:37:58] total elapsed wall time: 85.093 seconds
[18/03/2024-15:37:58] eigenvecs and eigenvals are saved. have a nice day. bye!
