PLINK v2.00a3.3LM 64-bit Intel (3 Jun 2022)
Options in effect:
  --allow-extra-chr
  --bfile /home/rdc143/trag_analyses/plink/BosTau9_tragmain2_sites_variable_noindels_8dp_fixedout
  --geno 0.1
  --keep keep_list.txt
  --maf 0.05
  --make-king-table

Hostname: scarbpop02fl.unicph.domain
Working directory: /maps/projects/seqafrica/scratch/rdc143/trag_analyses/relatedness/prelim_filtered/Scaf
Start time: Mon May 20 18:36:34 2024

Random number seed: 1716222994
1031233 MiB RAM detected; reserving 515616 MiB for main workspace.
Using up to 192 threads (change this with --threads).
249 samples (0 females, 0 males, 249 ambiguous; 249 founders) loaded from
/home/rdc143/trag_analyses/plink/BosTau9_tragmain2_sites_variable_noindels_8dp_fixedout.fam.
122389855 variants loaded from
/home/rdc143/trag_analyses/plink/BosTau9_tragmain2_sites_variable_noindels_8dp_fixedout.bim.
Note: No phenotype data present.
--keep: 4 samples remaining.
4 samples (0 females, 0 males, 4 ambiguous; 4 founders) remaining after main
filters.
Calculating allele frequencies... done.
--geno: 15979147 variants removed due to missing genotype data.
104324069 variants removed due to allele frequency threshold(s)
(--maf/--max-maf/--mac/--max-mac).
2086639 variants remaining after main filters.
--make-king-table pass 1/1: Scanning for rare variants... done.
0 variants handled by initial scan (2086639 remaining).
--make-king-table: 2086639 variants processed.
Results written to plink2.kin0 .

End time: Mon May 20 18:36:53 2024
