nohup: ignoring input
There are 8 sets (populations/species) excluding the Outgroup
Going to calculate D and f4-ratio values for 56 trios
Done permutations
The VCF contains 28192540 variants
Going to use block size of 1409626 variants to get 20 Jackknife blocks
Processed 100000 variants (0.354704%) in 78.5598secs
Processed 200000 variants (0.709408%) in 158.189secs
Processed 300000 variants (1.06411%) in 236.696secs
Processed 400000 variants (1.41882%) in 316.097secs
Processed 500000 variants (1.77352%) in 394.407secs
Processed 600000 variants (2.12822%) in 472.656secs
Processed 700000 variants (2.48293%) in 551.04secs
Processed 800000 variants (2.83763%) in 629.581secs
Processed 900000 variants (3.19233%) in 708.075secs
Processed 1000000 variants (3.54704%) in 786.445secs
Processed 1100000 variants (3.90174%) in 864.882secs
Processed 1200000 variants (4.25645%) in 943.238secs
Processed 1300000 variants (4.61115%) in 1021.75secs
Processed 1400000 variants (4.96585%) in 1100.25secs
Processed 1500000 variants (5.32056%) in 1178.82secs
Processed 1600000 variants (5.67526%) in 1257.36secs
Processed 1700000 variants (6.02996%) in 1335.78secs
Processed 1800000 variants (6.38467%) in 1414.36secs
Processed 1900000 variants (6.73937%) in 1493.09secs
Processed 2000000 variants (7.09408%) in 1571.85secs
Processed 2100000 variants (7.44878%) in 1650.82secs
Processed 2200000 variants (7.80348%) in 1729.72secs
Processed 2300000 variants (8.15819%) in 1808.49secs
Processed 2400000 variants (8.51289%) in 1887.13secs
Processed 2500000 variants (8.86759%) in 1965.82secs
Processed 2600000 variants (9.2223%) in 2044.77secs
Processed 2700000 variants (9.577%) in 2123.96secs
Processed 2800000 variants (9.93171%) in 2202.43secs
Processed 2900000 variants (10.2864%) in 2280.83secs
Processed 3000000 variants (10.6411%) in 2359.13secs
Processed 3100000 variants (10.9958%) in 2437.63secs
Processed 3200000 variants (11.3505%) in 2516.28secs
Processed 3300000 variants (11.7052%) in 2594.82secs
Processed 3400000 variants (12.0599%) in 2673.31secs
Processed 3500000 variants (12.4146%) in 2751.85secs
Processed 3600000 variants (12.7693%) in 2830.27secs
Processed 3700000 variants (13.124%) in 2908.73secs
Processed 3800000 variants (13.4787%) in 2987.19secs
Processed 3900000 variants (13.8334%) in 3065.81secs
Processed 4000000 variants (14.1882%) in 3144.27secs
Processed 4100000 variants (14.5429%) in 3222.73secs
Processed 4200000 variants (14.8976%) in 3301.12secs
Processed 4300000 variants (15.2523%) in 3379.7secs
Processed 4400000 variants (15.607%) in 3458.12secs
Processed 4500000 variants (15.9617%) in 3536.57secs
Processed 4600000 variants (16.3164%) in 3615.11secs
Processed 4700000 variants (16.6711%) in 3693.66secs
Processed 4800000 variants (17.0258%) in 3772.22secs
Processed 4900000 variants (17.3805%) in 3850.78secs
Processed 5000000 variants (17.7352%) in 3929.33secs
Processed 5100000 variants (18.0899%) in 4007.85secs
Processed 5200000 variants (18.4446%) in 4086.35secs
Processed 5300000 variants (18.7993%) in 4165secs
Processed 5400000 variants (19.154%) in 4243.53secs
Processed 5500000 variants (19.5087%) in 4321.98secs
Processed 5600000 variants (19.8634%) in 4400.41secs
Processed 5700000 variants (20.2181%) in 4478.94secs
Processed 5800000 variants (20.5728%) in 4557.51secs
Processed 5900000 variants (20.9275%) in 4635.94secs
Processed 6000000 variants (21.2822%) in 4714.26secs
Processed 6100000 variants (21.6369%) in 4792.81secs
Processed 6200000 variants (21.9916%) in 4871.38secs
Processed 6300000 variants (22.3463%) in 4949.96secs
Processed 6400000 variants (22.701%) in 5028.54secs
Processed 6500000 variants (23.0557%) in 5107.08secs
Processed 6600000 variants (23.4104%) in 5185.7secs
Processed 6700000 variants (23.7652%) in 5264.21secs
Processed 6800000 variants (24.1199%) in 5342.68secs
Processed 6900000 variants (24.4746%) in 5421.21secs
Processed 7000000 variants (24.8293%) in 5499.79secs
Processed 7100000 variants (25.184%) in 5578.26secs
Processed 7200000 variants (25.5387%) in 5656.71secs
Processed 7300000 variants (25.8934%) in 5735.12secs
Processed 7400000 variants (26.2481%) in 5813.55secs
Processed 7500000 variants (26.6028%) in 5891.88secs
Processed 7600000 variants (26.9575%) in 5970.21secs
Processed 7700000 variants (27.3122%) in 6048.74secs
Processed 7800000 variants (27.6669%) in 6127.21secs
Processed 7900000 variants (28.0216%) in 6205.66secs
Processed 8000000 variants (28.3763%) in 6284.13secs
Processed 8100000 variants (28.731%) in 6362.64secs
Processed 8200000 variants (29.0857%) in 6441.07secs
Processed 8300000 variants (29.4404%) in 6519.47secs
Processed 8400000 variants (29.7951%) in 6597.78secs
Processed 8500000 variants (30.1498%) in 6676.33secs
Processed 8600000 variants (30.5045%) in 6754.93secs
Processed 8700000 variants (30.8592%) in 6833.52secs
Processed 8800000 variants (31.2139%) in 6912.06secs
Processed 8900000 variants (31.5686%) in 6990.65secs
Processed 9000000 variants (31.9233%) in 7069.11secs
Processed 9100000 variants (32.278%) in 7147.56secs
Processed 9200000 variants (32.6327%) in 7225.92secs
Processed 9300000 variants (32.9874%) in 7304.27secs
Processed 9400000 variants (33.3422%) in 7382.82secs
Processed 9500000 variants (33.6969%) in 7461.42secs
Processed 9600000 variants (34.0516%) in 7539.94secs
Processed 9700000 variants (34.4063%) in 7618.52secs
Processed 9800000 variants (34.761%) in 7696.94secs
Processed 9900000 variants (35.1157%) in 7775.32secs
Processed 10000000 variants (35.4704%) in 7853.85secs
Processed 10100000 variants (35.8251%) in 7933.72secs
Processed 10200000 variants (36.1798%) in 8012.19secs
Processed 10300000 variants (36.5345%) in 8090.93secs
Processed 10400000 variants (36.8892%) in 8169.62secs
Processed 10500000 variants (37.2439%) in 8248.13secs
Processed 10600000 variants (37.5986%) in 8326.6secs
Processed 10700000 variants (37.9533%) in 8405.13secs
Processed 10800000 variants (38.308%) in 8483.73secs
Processed 10900000 variants (38.6627%) in 8562.34secs
Processed 11000000 variants (39.0174%) in 8640.91secs
Processed 11100000 variants (39.3721%) in 8719.33secs
Processed 11200000 variants (39.7268%) in 8797.81secs
Processed 11300000 variants (40.0815%) in 8876.41secs
Processed 11400000 variants (40.4362%) in 8956.06secs
Processed 11500000 variants (40.7909%) in 9034.58secs
Processed 11600000 variants (41.1456%) in 9113.17secs
Processed 11700000 variants (41.5003%) in 9191.77secs
Processed 11800000 variants (41.855%) in 9271.4secs
Processed 11900000 variants (42.2097%) in 9349.91secs
Processed 12000000 variants (42.5645%) in 9428.41secs
Processed 12100000 variants (42.9192%) in 9506.83secs
Processed 12200000 variants (43.2739%) in 9586.24secs
Processed 12300000 variants (43.6286%) in 9664.62secs
Processed 12400000 variants (43.9833%) in 9742.99secs
Processed 12500000 variants (44.338%) in 9821.41secs
Processed 12600000 variants (44.6927%) in 9899.77secs
Processed 12700000 variants (45.0474%) in 9978.2secs
Processed 12800000 variants (45.4021%) in 10056.6secs
Processed 12900000 variants (45.7568%) in 10135.2secs
Processed 13000000 variants (46.1115%) in 10213.7secs
Processed 13100000 variants (46.4662%) in 10292secs
Processed 13200000 variants (46.8209%) in 10370.6secs
Processed 13300000 variants (47.1756%) in 10449.3secs
Processed 13400000 variants (47.5303%) in 10528secs
Processed 13500000 variants (47.885%) in 10606.5secs
Processed 13600000 variants (48.2397%) in 10685.1secs
Processed 13700000 variants (48.5944%) in 10763.7secs
Processed 13800000 variants (48.9491%) in 10843.3secs
Processed 13900000 variants (49.3038%) in 10921.8secs
Processed 14000000 variants (49.6585%) in 11000.3secs
Processed 14100000 variants (50.0132%) in 11079.8secs
Processed 14200000 variants (50.3679%) in 11158.4secs
Processed 14300000 variants (50.7226%) in 11237secs
Processed 14400000 variants (51.0773%) in 11315.6secs
Processed 14500000 variants (51.432%) in 11394.1secs
Processed 14600000 variants (51.7867%) in 11472.6secs
Processed 14700000 variants (52.1415%) in 11551.2secs
Processed 14800000 variants (52.4962%) in 11629.8secs
Processed 14900000 variants (52.8509%) in 11708.3secs
Processed 15000000 variants (53.2056%) in 11786.8secs
Processed 15100000 variants (53.5603%) in 11865.2secs
Processed 15200000 variants (53.915%) in 11943.6secs
Processed 15300000 variants (54.2697%) in 12021.9secs
Processed 15400000 variants (54.6244%) in 12101.6secs
Processed 15500000 variants (54.9791%) in 12180.2secs
Processed 15600000 variants (55.3338%) in 12258.7secs
Processed 15700000 variants (55.6885%) in 12337.3secs
Processed 15800000 variants (56.0432%) in 12415.9secs
Processed 15900000 variants (56.3979%) in 12494.4secs
Processed 16000000 variants (56.7526%) in 12572.9secs
Processed 16100000 variants (57.1073%) in 12651.5secs
Processed 16200000 variants (57.462%) in 12730secs
Processed 16300000 variants (57.8167%) in 12808.5secs
Processed 16400000 variants (58.1714%) in 12887secs
Processed 16500000 variants (58.5261%) in 12965.5secs
Processed 16600000 variants (58.8808%) in 13044.2secs
Processed 16700000 variants (59.2355%) in 13122.8secs
Processed 16800000 variants (59.5902%) in 13201.4secs
Processed 16900000 variants (59.9449%) in 13279.9secs
Processed 17000000 variants (60.2996%) in 13358.5secs
Processed 17100000 variants (60.6543%) in 13436.9secs
Processed 17200000 variants (61.009%) in 13515.3secs
Processed 17300000 variants (61.3638%) in 13593.7secs
Processed 17400000 variants (61.7185%) in 13672.1secs
Processed 17500000 variants (62.0732%) in 13750.4secs
Processed 17600000 variants (62.4279%) in 13828.8secs
Processed 17700000 variants (62.7826%) in 13907.4secs
Processed 17800000 variants (63.1373%) in 13985.9secs
Processed 17900000 variants (63.492%) in 14064.3secs
Processed 18000000 variants (63.8467%) in 14142.8secs
Processed 18100000 variants (64.2014%) in 14221.4secs
Processed 18200000 variants (64.5561%) in 14299.9secs
Processed 18300000 variants (64.9108%) in 14378.4secs
Processed 18400000 variants (65.2655%) in 14456.9secs
Processed 18500000 variants (65.6202%) in 14535.4secs
Processed 18600000 variants (65.9749%) in 14614secs
Processed 18700000 variants (66.3296%) in 14692.5secs
Processed 18800000 variants (66.6843%) in 14770.9secs
Processed 18900000 variants (67.039%) in 14849.4secs
Processed 19000000 variants (67.3937%) in 14927.9secs
Processed 19100000 variants (67.7484%) in 15006.4secs
Processed 19200000 variants (68.1031%) in 15084.9secs
Processed 19300000 variants (68.4578%) in 15163.4secs
Processed 19400000 variants (68.8125%) in 15242secs
Processed 19500000 variants (69.1672%) in 15320.5secs
Processed 19600000 variants (69.5219%) in 15399secs
Processed 19700000 variants (69.8766%) in 15477.6secs
Processed 19800000 variants (70.2313%) in 15557.2secs
Processed 19900000 variants (70.586%) in 15635.8secs
Processed 20000000 variants (70.9408%) in 15714.3secs
Processed 20100000 variants (71.2955%) in 15793secs
Processed 20200000 variants (71.6502%) in 15871.7secs
Processed 20300000 variants (72.0049%) in 15950.3secs
Processed 20400000 variants (72.3596%) in 16028.9secs
Processed 20500000 variants (72.7143%) in 16107.5secs
Processed 20600000 variants (73.069%) in 16186secs
Processed 20700000 variants (73.4237%) in 16264.6secs
Processed 20800000 variants (73.7784%) in 16343.2secs
Processed 20900000 variants (74.1331%) in 16421.8secs
Processed 21000000 variants (74.4878%) in 16500.3secs
Processed 21100000 variants (74.8425%) in 16578.8secs
Processed 21200000 variants (75.1972%) in 16657.1secs
Processed 21300000 variants (75.5519%) in 16735.7secs
Processed 21400000 variants (75.9066%) in 16814.4secs
Processed 21500000 variants (76.2613%) in 16892.9secs
Processed 21600000 variants (76.616%) in 16971.4secs
Processed 21700000 variants (76.9707%) in 17050.1secs
Processed 21800000 variants (77.3254%) in 17128.6secs
Processed 21900000 variants (77.6801%) in 17207.1secs
Processed 22000000 variants (78.0348%) in 17285.6secs
Processed 22100000 variants (78.3895%) in 17364.2secs
Processed 22200000 variants (78.7442%) in 17442.7secs
Processed 22300000 variants (79.0989%) in 17521.1secs
Processed 22400000 variants (79.4536%) in 17599.4secs
Processed 22500000 variants (79.8083%) in 17677.7secs
Processed 22600000 variants (80.1631%) in 17756.4secs
Processed 22700000 variants (80.5178%) in 17835secs
Processed 22800000 variants (80.8725%) in 17913.6secs
Processed 22900000 variants (81.2272%) in 17992.2secs
Processed 23000000 variants (81.5819%) in 18070.7secs
Processed 23100000 variants (81.9366%) in 18149.3secs
Processed 23200000 variants (82.2913%) in 18227.8secs
Processed 23300000 variants (82.646%) in 18306.3secs
Processed 23400000 variants (83.0007%) in 18385.9secs
Processed 23500000 variants (83.3554%) in 18465.5secs
Processed 23600000 variants (83.7101%) in 18544secs
Processed 23700000 variants (84.0648%) in 18623.5secs
Processed 23800000 variants (84.4195%) in 18701.9secs
Processed 23900000 variants (84.7742%) in 18782.7secs
Processed 24000000 variants (85.1289%) in 18861.2secs
Processed 24100000 variants (85.4836%) in 18941.9secs
Processed 24200000 variants (85.8383%) in 19020.4secs
Processed 24300000 variants (86.193%) in 19099.9secs
Processed 24400000 variants (86.5477%) in 19178.5secs
Processed 24500000 variants (86.9024%) in 19258.1secs
Processed 24600000 variants (87.2571%) in 19336.6secs
Processed 24700000 variants (87.6118%) in 19415.1secs
Processed 24800000 variants (87.9665%) in 19493.5secs
Processed 24900000 variants (88.3212%) in 19571.9secs
Processed 25000000 variants (88.6759%) in 19650.4secs
Processed 25100000 variants (89.0306%) in 19728.8secs
Processed 25200000 variants (89.3853%) in 19807.5secs
Processed 25300000 variants (89.7401%) in 19886.1secs
Processed 25400000 variants (90.0948%) in 19964.7secs
Processed 25500000 variants (90.4495%) in 20043.3secs
Processed 25600000 variants (90.8042%) in 20122.1secs
Processed 25700000 variants (91.1589%) in 20200.9secs
Processed 25800000 variants (91.5136%) in 20279.7secs
Processed 25900000 variants (91.8683%) in 20358.4secs
Processed 26000000 variants (92.223%) in 20437.2secs
Processed 26100000 variants (92.5777%) in 20515.8secs
Processed 26200000 variants (92.9324%) in 20600secs
Processed 26300000 variants (93.2871%) in 20682.2secs
Processed 26400000 variants (93.6418%) in 20764.2secs
Processed 26500000 variants (93.9965%) in 20846.3secs
Processed 26600000 variants (94.3512%) in 20928.4secs
Processed 26700000 variants (94.7059%) in 21010.9secs
Processed 26800000 variants (95.0606%) in 21093.1secs
Processed 26900000 variants (95.4153%) in 21174secs
Processed 27000000 variants (95.77%) in 21256.3secs
Processed 27100000 variants (96.1247%) in 21338.5secs
Processed 27200000 variants (96.4794%) in 21420.8secs
Processed 27300000 variants (96.8341%) in 21503secs
Processed 27400000 variants (97.1888%) in 21585.2secs
Processed 27500000 variants (97.5435%) in 21667.4secs
Processed 27600000 variants (97.8982%) in 21750secs
Processed 27700000 variants (98.2529%) in 21832.3secs
Processed 27800000 variants (98.6076%) in 21914.5secs
Processed 27900000 variants (98.9623%) in 21996.6secs
Processed 28000000 variants (99.3171%) in 22080.1secs
Processed 28100000 variants (99.6718%) in 22165.5secs
Done processing VCF. Preparing output files...
