USAGE: [PATH] [annotation] [names] [OUTDIR] [outgroup]
outgroup is waterbuck
True ['TspeCam_1021.Cattle.bam'] sitatunga
True ['TbuxEth_0865.Cattle.bam'] mountain_nyala
True ['TstrBot_0759.Cattle.bam'] greater_kudu
True ['TderSSu_0966.Cattle.bam'] giant_eland
True ['TstrZam_0843.Cattle.bam'] waterbuck
True ['ScafKen_1010.Cattle.bam'] nyala
True ['ToryEth_0652.Cattle.bam'] eland
True ['TspeGha_0887.Cattle.bam'] bushbuck
True ['TimbSom_0980.Cattle.bam'] lesser_kudu
All clades specified in the annotation file are monophyletic
True
Hypo
set(['giant_eland', 'mountain_nyala', 'nyala', 'lesser_kudu', 'sitatunga', 'waterbuck', 'greater_kudu', 'eland', 'bushbuck'])
['waterbuck#nyala#lesser_kudu#bushbuck:1', 'sitatunga#mountain_nyala:2', 'greater_kudu#giant_eland#eland#sitatunga#mountain_nyala#waterbuck#nyala#lesser_kudu#bushbuck:1', 'waterbuck#nyala#lesser_kudu:1', 'giant_eland#eland:2', 'nyala#lesser_kudu:2']
Counter({'giant_eland': 1, 'mountain_nyala': 1, 'nyala': 1, 'lesser_kudu': 1, 'sitatunga': 1, 'waterbuck': 1, 'greater_kudu': 1, 'eland': 1, 'bushbuck': 1})
3
()
True
/repository/DiscoVista/src/utils/display.py /data/results/main.tre
waterbuck
python /repository/DiscoVista/src/utils/map_names.py names.txt annotation.txt /data/results/freqQuad.csv /data/results/freqQuadCorrected.csv /data/results/main.tre.out
null device 
          1 
Loading required package: reshape2
Loading required package: ggplot2
Warning message:
In .doLoadActions(where, attach) :
  trying to execute load actions without 'methods' package
Loading required package: ape
