PLINK v2.00a3.3LM 64-bit Intel (3 Jun 2022)
Options in effect:
  --allow-extra-chr
  --bfile BosTau9_tragmain2_Xchr
  --mac 1
  --make-bed
  --out BosTau9_tragmain2_Xchr_variable
  --threads 64

Hostname: scarbpop02fl.unicph.domain
Working directory: /maps/projects/seqafrica/scratch/rdc143/trag_analyses/0757
Start time: Wed Apr 10 22:07:38 2024

Random number seed: 1712779658
1031233 MiB RAM detected; reserving 515616 MiB for main workspace.
Using up to 64 threads (change this with --threads).
249 samples (0 females, 0 males, 249 ambiguous; 249 founders) loaded from
BosTau9_tragmain2_Xchr.fam.
122299903 variants loaded from BosTau9_tragmain2_Xchr.bim.
Note: No phenotype data present.
Calculating allele frequencies... done.
108503909 variants removed due to allele frequency threshold(s)
(--maf/--max-maf/--mac/--max-mac).
13795994 variants remaining after main filters.
Writing BosTau9_tragmain2_Xchr_variable.fam ... done.
Writing BosTau9_tragmain2_Xchr_variable.bim ... done.
Writing BosTau9_tragmain2_Xchr_variable.bed ... done.

End time: Wed Apr 10 22:08:03 2024
