PLINK v2.00a3.3LM 64-bit Intel (3 Jun 2022)
Options in effect:
  --allow-extra-chr
  --bcf /home/rdc143/QCSeq/gt/results/tragmain2/vcf/BosTau9_tragmain2.bcf.gz
  --chr NC_037357.1
  --make-bed
  --max-alleles 2
  --out BosTau9_tragmain2_Xchr
  --snps-only
  --threads 64

Hostname: scarbpop02fl.unicph.domain
Working directory: /maps/projects/seqafrica/scratch/rdc143/trag_analyses/0757
Start time: Wed Apr 10 14:14:38 2024

Random number seed: 1712751278
1031233 MiB RAM detected; reserving 515616 MiB for main workspace.
Using up to 64 threads (change this with --threads).
--bcf: 124525747 variants scanned (2479691938 skipped).
--bcf: BosTau9_tragmain2_Xchr-temporary.pgen +
BosTau9_tragmain2_Xchr-temporary.pvar.zst +
BosTau9_tragmain2_Xchr-temporary.psam written.
249 samples (0 females, 0 males, 249 ambiguous; 249 founders) loaded from
BosTau9_tragmain2_Xchr-temporary.psam.
122299903 out of 124525747 variants loaded from
BosTau9_tragmain2_Xchr-temporary.pvar.zst.
Note: No phenotype data present.
122299903 variants remaining after main filters.
Writing BosTau9_tragmain2_Xchr.fam ... done.
Writing BosTau9_tragmain2_Xchr.bim ... done.
Writing BosTau9_tragmain2_Xchr.bed ... done.

End time: Wed Apr 10 16:36:15 2024
