PLINK v2.00a3.3LM 64-bit Intel (3 Jun 2022)
Options in effect:
  --allow-extra-chr
  --make-bed
  --max-alleles 2
  --out BosTau9_tragmain2_variable_noindels_8dp_Xchr_gk
  --snps-only
  --threads 64
  --vcf BosTau9_tragmain2_variable_noindels_8dp_Xchr_gk.vcf.gz

Hostname: scarbpop04fl.unicph.domain
Working directory: /maps/projects/seqafrica/scratch/rdc143/trag_analyses/0757
Start time: Mon Apr 15 10:47:05 2024

Random number seed: 1713170825
515137 MiB RAM detected; reserving 257568 MiB for main workspace.
Using up to 64 threads (change this with --threads).
--vcf: 16517467 variants scanned.
--vcf: BosTau9_tragmain2_variable_noindels_8dp_Xchr_gk-temporary.pgen +
BosTau9_tragmain2_variable_noindels_8dp_Xchr_gk-temporary.pvar.zst +
BosTau9_tragmain2_variable_noindels_8dp_Xchr_gk-temporary.psam written.
54 samples (0 females, 0 males, 54 ambiguous; 54 founders) loaded from
BosTau9_tragmain2_variable_noindels_8dp_Xchr_gk-temporary.psam.
15505392 out of 16517467 variants loaded from
BosTau9_tragmain2_variable_noindels_8dp_Xchr_gk-temporary.pvar.zst.
Note: No phenotype data present.
15505392 variants remaining after main filters.
Writing BosTau9_tragmain2_variable_noindels_8dp_Xchr_gk.fam ... done.
Writing BosTau9_tragmain2_variable_noindels_8dp_Xchr_gk.bim ... done.
Writing BosTau9_tragmain2_variable_noindels_8dp_Xchr_gk.bed ... done.

End time: Mon Apr 15 10:48:08 2024
