PLINK v2.00a3.3LM 64-bit Intel (3 Jun 2022)
Options in effect:
  --allow-extra-chr
  --maf 0.35
  --make-bed
  --max-alleles 2
  --out BosTau9_tragmain2_sites_variable_noindels_ToryTstr_newconvert_maf35
  --snps-only
  --threads 64
  --vcf BosTau9_tragmain2_sites_variable_noindels_ToryTstr.vcf.gz

Hostname: scarbpop02fl.unicph.domain
Working directory: /maps/projects/seqafrica/scratch/rdc143/trag_analyses/0757
Start time: Thu Apr 11 22:24:15 2024

Random number seed: 1712867055
1031233 MiB RAM detected; reserving 515616 MiB for main workspace.
Using up to 64 threads (change this with --threads).
--vcf: 239267979 variants scanned.
--vcf:
BosTau9_tragmain2_sites_variable_noindels_ToryTstr_newconvert_maf35-temporary.pgen
+
BosTau9_tragmain2_sites_variable_noindels_ToryTstr_newconvert_maf35-temporary.pvar.zst
+
BosTau9_tragmain2_sites_variable_noindels_ToryTstr_newconvert_maf35-temporary.psam
written.
135 samples (0 females, 0 males, 135 ambiguous; 135 founders) loaded from
BosTau9_tragmain2_sites_variable_noindels_ToryTstr_newconvert_maf35-temporary.psam.
224439815 out of 239267979 variants loaded from
BosTau9_tragmain2_sites_variable_noindels_ToryTstr_newconvert_maf35-temporary.pvar.zst.
Note: No phenotype data present.
Calculating allele frequencies... done.
210300107 variants removed due to allele frequency threshold(s)
(--maf/--max-maf/--mac/--max-mac).
14139708 variants remaining after main filters.
Writing BosTau9_tragmain2_sites_variable_noindels_ToryTstr_newconvert_maf35.fam
... done.
Writing BosTau9_tragmain2_sites_variable_noindels_ToryTstr_newconvert_maf35.bim
... done.
Writing BosTau9_tragmain2_sites_variable_noindels_ToryTstr_newconvert_maf35.bed
... done.

End time: Thu Apr 11 22:43:19 2024
