beagle.27Jan18.7e1.jar (version 4.1)
Copyright (C) 2014-2015 Brian L. Browning
Enter "java -jar beagle.27Jan18.7e1.jar" for a summary of command line arguments.
Start time: 06:27 PM CEST on 04 Apr 2024

Command line: java -Xmx54613m -jar beagle.jar
  gl=results/gl/Bostau9_tragmain2_sites_variable_noindels_renamed_Tder.bcf.gz.NC_037346.1.vcf.gz
  chrom=NC_037346.1
  out=results/imputed/Bostau9_tragmain2_sites_variable_noindels_renamed_Tder.bcf.gz.NC_037346.1
  nthreads=6

No genetic map is specified: using 1 cM = 1 Mb

reference samples:       0
target samples:          7

Window 1 [ NC_037346.1:40266-23354027 ]
target markers:      50000

Starting burn-in iterations

Window=1 Iteration=1
Time for building model:         0 seconds
Time for sampling (singles):     0 seconds
DAG statistics
mean edges/level: 3      max edges/level: 8
mean edges/node:  1.669  mean count/edge: 5

Window=1 Iteration=2
Time for building model:         0 seconds
Time for sampling (singles):     0 seconds
DAG statistics
mean edges/level: 3      max edges/level: 9
mean edges/node:  1.542  mean count/edge: 5

Window=1 Iteration=3
Time for building model:         0 seconds
Time for sampling (singles):     0 seconds
DAG statistics
mean edges/level: 3      max edges/level: 8
mean edges/node:  1.432  mean count/edge: 5

Window=1 Iteration=4
Time for building model:         0 seconds
Time for sampling (singles):     0 seconds
DAG statistics
mean edges/level: 3      max edges/level: 8
mean edges/node:  1.371  mean count/edge: 5

Window=1 Iteration=5
Time for building model:         0 seconds
Time for sampling (singles):     0 seconds
DAG statistics
mean edges/level: 3      max edges/level: 9
mean edges/node:  1.332  mean count/edge: 5

Window=1 Iteration=6
Time for building model:         1 second
Time for sampling (singles):     0 seconds
DAG statistics
mean edges/level: 3      max edges/level: 10
mean edges/node:  1.302  mean count/edge: 5

Window=1 Iteration=7
Time for building model:         0 seconds
Time for sampling (singles):     0 seconds
DAG statistics
mean edges/level: 3      max edges/level: 10
mean edges/node:  1.284  mean count/edge: 5

Window=1 Iteration=8
Time for building model:         1 second
Time for sampling (singles):     0 seconds
DAG statistics
mean edges/level: 3      max edges/level: 10
mean edges/node:  1.270  mean count/edge: 5

Window=1 Iteration=9
Time for building model:         1 second
Time for sampling (singles):     0 seconds
DAG statistics
mean edges/level: 3      max edges/level: 10
mean edges/node:  1.257  mean count/edge: 5

Window=1 Iteration=10
Time for building model:         1 second
Time for sampling (singles):     0 seconds
DAG statistics
mean edges/level: 3      max edges/level: 8
mean edges/node:  1.244  mean count/edge: 5

Starting phasing iterations

Window=1 Iteration=11
Time for building model:         1 second
Time for sampling (singles):     1 second
DAG statistics
mean edges/level: 3      max edges/level: 10
mean edges/node:  1.174  mean count/edge: 5

Window=1 Iteration=12
Time for building model:         1 second
Time for sampling (singles):     1 second
DAG statistics
mean edges/level: 4      max edges/level: 10
mean edges/node:  1.154  mean count/edge: 4

Window=1 Iteration=13
Time for building model:         0 seconds
Time for sampling (singles):     1 second
DAG statistics
mean edges/level: 4      max edges/level: 10
mean edges/node:  1.140  mean count/edge: 4

Window=1 Iteration=14
Time for building model:         0 seconds
Time for sampling (singles):     1 second
DAG statistics
mean edges/level: 4      max edges/level: 9
mean edges/node:  1.129  mean count/edge: 4

Window=1 Iteration=15
Time for building model:         1 second
Time for sampling (singles):     1 second
DAG statistics
mean edges/level: 4      max edges/level: 11
mean edges/node:  1.123  mean count/edge: 4

Window 2 [ NC_037346.1:22031191-41828598 ]
target markers:      50000

Starting burn-in iterations

Window=2 Iteration=1
Time for building model:         0 seconds
Time for sampling (singles):     0 seconds
DAG statistics
mean edges/level: 3      max edges/level: 8
mean edges/node:  1.629  mean count/edge: 5

Window=2 Iteration=2
Time for building model:         0 seconds
Time for sampling (singles):     0 seconds
DAG statistics
mean edges/level: 3      max edges/level: 9
mean edges/node:  1.522  mean count/edge: 5

Window=2 Iteration=3
Time for building model:         1 second
Time for sampling (singles):     0 seconds
DAG statistics
mean edges/level: 3      max edges/level: 9
mean edges/node:  1.428  mean count/edge: 5

Window=2 Iteration=4
Time for building model:         0 seconds
Time for sampling (singles):     0 seconds
DAG statistics
mean edges/level: 3      max edges/level: 8
mean edges/node:  1.379  mean count/edge: 5

Window=2 Iteration=5
Time for building model:         1 second
Time for sampling (singles):     0 seconds
DAG statistics
mean edges/level: 3      max edges/level: 8
mean edges/node:  1.339  mean count/edge: 5

Window=2 Iteration=6
Time for building model:         0 seconds
Time for sampling (singles):     0 seconds
DAG statistics
mean edges/level: 3      max edges/level: 8
mean edges/node:  1.317  mean count/edge: 5

Window=2 Iteration=7
Time for building model:         0 seconds
Time for sampling (singles):     0 seconds
DAG statistics
mean edges/level: 3      max edges/level: 10
mean edges/node:  1.295  mean count/edge: 5

Window=2 Iteration=8
Time for building model:         0 seconds
Time for sampling (singles):     0 seconds
DAG statistics
mean edges/level: 3      max edges/level: 8
mean edges/node:  1.282  mean count/edge: 5

Window=2 Iteration=9
Time for building model:         0 seconds
Time for sampling (singles):     1 second
DAG statistics
mean edges/level: 3      max edges/level: 10
mean edges/node:  1.268  mean count/edge: 5

Window=2 Iteration=10
Time for building model:         0 seconds
Time for sampling (singles):     0 seconds
DAG statistics
mean edges/level: 3      max edges/level: 9
mean edges/node:  1.257  mean count/edge: 5

Starting phasing iterations

Window=2 Iteration=11
Time for building model:         0 seconds
Time for sampling (singles):     1 second
DAG statistics
mean edges/level: 3      max edges/level: 10
mean edges/node:  1.187  mean count/edge: 5

Window=2 Iteration=12
Time for building model:         1 second
Time for sampling (singles):     1 second
DAG statistics
mean edges/level: 4      max edges/level: 10
mean edges/node:  1.169  mean count/edge: 4

Window=2 Iteration=13
Time for building model:         0 seconds
Time for sampling (singles):     1 second
DAG statistics
mean edges/level: 4      max edges/level: 10
mean edges/node:  1.155  mean count/edge: 4

Window=2 Iteration=14
Time for building model:         0 seconds
Time for sampling (singles):     1 second
DAG statistics
mean edges/level: 4      max edges/level: 10
mean edges/node:  1.145  mean count/edge: 4

Window=2 Iteration=15
Time for building model:         1 second
Time for sampling (singles):     1 second
DAG statistics
mean edges/level: 4      max edges/level: 10
mean edges/node:  1.139  mean count/edge: 4

Window 3 [ NC_037346.1:40772657-56736955 ]
target markers:      50000

Starting burn-in iterations

Window=3 Iteration=1
Time for building model:         1 second
Time for sampling (singles):     0 seconds
DAG statistics
mean edges/level: 3      max edges/level: 8
mean edges/node:  1.679  mean count/edge: 5

Window=3 Iteration=2
Time for building model:         0 seconds
Time for sampling (singles):     0 seconds
DAG statistics
mean edges/level: 3      max edges/level: 8
mean edges/node:  1.583  mean count/edge: 5

Window=3 Iteration=3
Time for building model:         0 seconds
Time for sampling (singles):     0 seconds
DAG statistics
mean edges/level: 3      max edges/level: 8
mean edges/node:  1.483  mean count/edge: 5

Window=3 Iteration=4
Time for building model:         0 seconds
Time for sampling (singles):     0 seconds
DAG statistics
mean edges/level: 3      max edges/level: 8
mean edges/node:  1.431  mean count/edge: 5

Window=3 Iteration=5
Time for building model:         0 seconds
Time for sampling (singles):     0 seconds
DAG statistics
mean edges/level: 3      max edges/level: 8
mean edges/node:  1.389  mean count/edge: 5

Window=3 Iteration=6
Time for building model:         0 seconds
Time for sampling (singles):     0 seconds
DAG statistics
mean edges/level: 3      max edges/level: 9
mean edges/node:  1.367  mean count/edge: 5

Window=3 Iteration=7
Time for building model:         0 seconds
Time for sampling (singles):     0 seconds
DAG statistics
mean edges/level: 3      max edges/level: 8
mean edges/node:  1.343  mean count/edge: 5

Window=3 Iteration=8
Time for building model:         0 seconds
Time for sampling (singles):     0 seconds
DAG statistics
mean edges/level: 3      max edges/level: 9
mean edges/node:  1.327  mean count/edge: 5

Window=3 Iteration=9
Time for building model:         0 seconds
Time for sampling (singles):     0 seconds
DAG statistics
mean edges/level: 3      max edges/level: 8
mean edges/node:  1.313  mean count/edge: 5

Window=3 Iteration=10
Time for building model:         0 seconds
Time for sampling (singles):     0 seconds
DAG statistics
mean edges/level: 3      max edges/level: 9
mean edges/node:  1.301  mean count/edge: 5

Starting phasing iterations

Window=3 Iteration=11
Time for building model:         0 seconds
Time for sampling (singles):     1 second
DAG statistics
mean edges/level: 3      max edges/level: 9
mean edges/node:  1.215  mean count/edge: 5

Window=3 Iteration=12
Time for building model:         1 second
Time for sampling (singles):     1 second
DAG statistics
mean edges/level: 4      max edges/level: 9
mean edges/node:  1.189  mean count/edge: 4

Window=3 Iteration=13
Time for building model:         1 second
Time for sampling (singles):     1 second
DAG statistics
mean edges/level: 4      max edges/level: 10
mean edges/node:  1.169  mean count/edge: 4

Window=3 Iteration=14
Time for building model:         1 second
Time for sampling (singles):     1 second
DAG statistics
mean edges/level: 4      max edges/level: 10
mean edges/node:  1.155  mean count/edge: 4

Window=3 Iteration=15
Time for building model:         0 seconds
Time for sampling (singles):     1 second
DAG statistics
mean edges/level: 4      max edges/level: 10
mean edges/node:  1.147  mean count/edge: 4

Window 4 [ NC_037346.1:55921790-63448241 ]
target markers:      27250

Starting burn-in iterations

Window=4 Iteration=1
Time for building model:         0 seconds
Time for sampling (singles):     0 seconds
DAG statistics
mean edges/level: 3      max edges/level: 8
mean edges/node:  1.605  mean count/edge: 5

Window=4 Iteration=2
Time for building model:         0 seconds
Time for sampling (singles):     0 seconds
DAG statistics
mean edges/level: 3      max edges/level: 9
mean edges/node:  1.505  mean count/edge: 5

Window=4 Iteration=3
Time for building model:         0 seconds
Time for sampling (singles):     0 seconds
DAG statistics
mean edges/level: 3      max edges/level: 8
mean edges/node:  1.401  mean count/edge: 5

Window=4 Iteration=4
Time for building model:         0 seconds
Time for sampling (singles):     0 seconds
DAG statistics
mean edges/level: 3      max edges/level: 8
mean edges/node:  1.353  mean count/edge: 5

Window=4 Iteration=5
Time for building model:         0 seconds
Time for sampling (singles):     0 seconds
DAG statistics
mean edges/level: 3      max edges/level: 10
mean edges/node:  1.315  mean count/edge: 5

Window=4 Iteration=6
Time for building model:         0 seconds
Time for sampling (singles):     0 seconds
DAG statistics
mean edges/level: 3      max edges/level: 10
mean edges/node:  1.296  mean count/edge: 5

Window=4 Iteration=7
Time for building model:         0 seconds
Time for sampling (singles):     0 seconds
DAG statistics
mean edges/level: 3      max edges/level: 9
mean edges/node:  1.275  mean count/edge: 5

Window=4 Iteration=8
Time for building model:         0 seconds
Time for sampling (singles):     0 seconds
DAG statistics
mean edges/level: 3      max edges/level: 10
mean edges/node:  1.263  mean count/edge: 5

Window=4 Iteration=9
Time for building model:         0 seconds
Time for sampling (singles):     0 seconds
DAG statistics
mean edges/level: 3      max edges/level: 10
mean edges/node:  1.248  mean count/edge: 5

Window=4 Iteration=10
Time for building model:         0 seconds
Time for sampling (singles):     0 seconds
DAG statistics
mean edges/level: 3      max edges/level: 8
mean edges/node:  1.243  mean count/edge: 5

Starting phasing iterations

Window=4 Iteration=11
Time for building model:         0 seconds
Time for sampling (singles):     0 seconds
DAG statistics
mean edges/level: 3      max edges/level: 9
mean edges/node:  1.174  mean count/edge: 5

Window=4 Iteration=12
Time for building model:         0 seconds
Time for sampling (singles):     0 seconds
DAG statistics
mean edges/level: 3      max edges/level: 8
mean edges/node:  1.162  mean count/edge: 5

Window=4 Iteration=13
Time for building model:         0 seconds
Time for sampling (singles):     0 seconds
DAG statistics
mean edges/level: 4      max edges/level: 9
mean edges/node:  1.146  mean count/edge: 4

Window=4 Iteration=14
Time for building model:         0 seconds
Time for sampling (singles):     0 seconds
DAG statistics
mean edges/level: 4      max edges/level: 10
mean edges/node:  1.134  mean count/edge: 4

Window=4 Iteration=15
Time for building model:         0 seconds
Time for sampling (singles):     0 seconds
DAG statistics
mean edges/level: 4      max edges/level: 10
mean edges/node:  1.129  mean count/edge: 4

Number of markers:              168250
Total time for building model: 25 seconds
Total time for sampling:       24 seconds
Total run time:                55 seconds

End time: 06:28 PM CEST on 04 Apr 2024
beagle.27Jan18.7e1.jar (version 4.1) finished
