beagle.27Jan18.7e1.jar (version 4.1)
Copyright (C) 2014-2015 Brian L. Browning
Enter "java -jar beagle.27Jan18.7e1.jar" for a summary of command line arguments.
Start time: 06:27 PM CEST on 04 Apr 2024

Command line: java -Xmx54613m -jar beagle.jar
  gl=results/gl/Bostau9_tragmain2_sites_variable_noindels_renamed_Tder.bcf.gz.NC_037334.1.vcf.gz
  chrom=NC_037334.1
  out=results/imputed/Bostau9_tragmain2_sites_variable_noindels_renamed_Tder.bcf.gz.NC_037334.1
  nthreads=6

No genetic map is specified: using 1 cM = 1 Mb

reference samples:       0
target samples:          7

Window 1 [ NC_037334.1:70755-11366028 ]
target markers:      50000

Starting burn-in iterations

Window=1 Iteration=1
Time for building model:         1 second
Time for sampling (singles):     0 seconds
DAG statistics
mean edges/level: 2      max edges/level: 7
mean edges/node:  1.842  mean count/edge: 7

Window=1 Iteration=2
Time for building model:         1 second
Time for sampling (singles):     1 second
DAG statistics
mean edges/level: 2      max edges/level: 8
mean edges/node:  1.756  mean count/edge: 7

Window=1 Iteration=3
Time for building model:         1 second
Time for sampling (singles):     0 seconds
DAG statistics
mean edges/level: 2      max edges/level: 8
mean edges/node:  1.683  mean count/edge: 7

Window=1 Iteration=4
Time for building model:         1 second
Time for sampling (singles):     0 seconds
DAG statistics
mean edges/level: 2      max edges/level: 8
mean edges/node:  1.626  mean count/edge: 7

Window=1 Iteration=5
Time for building model:         1 second
Time for sampling (singles):     0 seconds
DAG statistics
mean edges/level: 2      max edges/level: 8
mean edges/node:  1.587  mean count/edge: 7

Window=1 Iteration=6
Time for building model:         1 second
Time for sampling (singles):     0 seconds
DAG statistics
mean edges/level: 2      max edges/level: 10
mean edges/node:  1.555  mean count/edge: 7

Window=1 Iteration=7
Time for building model:         0 seconds
Time for sampling (singles):     0 seconds
DAG statistics
mean edges/level: 2      max edges/level: 8
mean edges/node:  1.534  mean count/edge: 7

Window=1 Iteration=8
Time for building model:         0 seconds
Time for sampling (singles):     0 seconds
DAG statistics
mean edges/level: 2      max edges/level: 11
mean edges/node:  1.508  mean count/edge: 7

Window=1 Iteration=9
Time for building model:         0 seconds
Time for sampling (singles):     0 seconds
DAG statistics
mean edges/level: 2      max edges/level: 9
mean edges/node:  1.490  mean count/edge: 7

Window=1 Iteration=10
Time for building model:         0 seconds
Time for sampling (singles):     0 seconds
DAG statistics
mean edges/level: 2      max edges/level: 8
mean edges/node:  1.471  mean count/edge: 7

Starting phasing iterations

Window=1 Iteration=11
Time for building model:         1 second
Time for sampling (singles):     2 seconds
DAG statistics
mean edges/level: 3      max edges/level: 10
mean edges/node:  1.313  mean count/edge: 5

Window=1 Iteration=12
Time for building model:         1 second
Time for sampling (singles):     2 seconds
DAG statistics
mean edges/level: 4      max edges/level: 11
mean edges/node:  1.257  mean count/edge: 4

Window=1 Iteration=13
Time for building model:         1 second
Time for sampling (singles):     1 second
DAG statistics
mean edges/level: 4      max edges/level: 10
mean edges/node:  1.209  mean count/edge: 4

Window=1 Iteration=14
Time for building model:         0 seconds
Time for sampling (singles):     1 second
DAG statistics
mean edges/level: 4      max edges/level: 10
mean edges/node:  1.182  mean count/edge: 4

Window=1 Iteration=15
Time for building model:         1 second
Time for sampling (singles):     1 second
DAG statistics
mean edges/level: 4      max edges/level: 11
mean edges/node:  1.160  mean count/edge: 4

Window 2 [ NC_037334.1:10763508-33176600 ]
target markers:      50000

Starting burn-in iterations

Window=2 Iteration=1
Time for building model:         1 second
Time for sampling (singles):     0 seconds
DAG statistics
mean edges/level: 3      max edges/level: 10
mean edges/node:  1.609  mean count/edge: 5

Window=2 Iteration=2
Time for building model:         0 seconds
Time for sampling (singles):     0 seconds
DAG statistics
mean edges/level: 3      max edges/level: 9
mean edges/node:  1.482  mean count/edge: 5

Window=2 Iteration=3
Time for building model:         0 seconds
Time for sampling (singles):     0 seconds
DAG statistics
mean edges/level: 3      max edges/level: 10
mean edges/node:  1.396  mean count/edge: 5

Window=2 Iteration=4
Time for building model:         0 seconds
Time for sampling (singles):     0 seconds
DAG statistics
mean edges/level: 3      max edges/level: 10
mean edges/node:  1.343  mean count/edge: 5

Window=2 Iteration=5
Time for building model:         0 seconds
Time for sampling (singles):     0 seconds
DAG statistics
mean edges/level: 3      max edges/level: 10
mean edges/node:  1.310  mean count/edge: 5

Window=2 Iteration=6
Time for building model:         0 seconds
Time for sampling (singles):     0 seconds
DAG statistics
mean edges/level: 3      max edges/level: 10
mean edges/node:  1.287  mean count/edge: 5

Window=2 Iteration=7
Time for building model:         0 seconds
Time for sampling (singles):     0 seconds
DAG statistics
mean edges/level: 3      max edges/level: 10
mean edges/node:  1.268  mean count/edge: 5

Window=2 Iteration=8
Time for building model:         0 seconds
Time for sampling (singles):     0 seconds
DAG statistics
mean edges/level: 3      max edges/level: 10
mean edges/node:  1.254  mean count/edge: 5

Window=2 Iteration=9
Time for building model:         1 second
Time for sampling (singles):     0 seconds
DAG statistics
mean edges/level: 3      max edges/level: 10
mean edges/node:  1.242  mean count/edge: 5

Window=2 Iteration=10
Time for building model:         0 seconds
Time for sampling (singles):     0 seconds
DAG statistics
mean edges/level: 3      max edges/level: 10
mean edges/node:  1.235  mean count/edge: 5

Starting phasing iterations

Window=2 Iteration=11
Time for building model:         0 seconds
Time for sampling (singles):     1 second
DAG statistics
mean edges/level: 3      max edges/level: 10
mean edges/node:  1.171  mean count/edge: 5

Window=2 Iteration=12
Time for building model:         0 seconds
Time for sampling (singles):     1 second
DAG statistics
mean edges/level: 4      max edges/level: 9
mean edges/node:  1.153  mean count/edge: 4

Window=2 Iteration=13
Time for building model:         0 seconds
Time for sampling (singles):     1 second
DAG statistics
mean edges/level: 4      max edges/level: 10
mean edges/node:  1.140  mean count/edge: 4

Window=2 Iteration=14
Time for building model:         0 seconds
Time for sampling (singles):     0 seconds
DAG statistics
mean edges/level: 4      max edges/level: 10
mean edges/node:  1.128  mean count/edge: 4

Window=2 Iteration=15
Time for building model:         1 second
Time for sampling (singles):     1 second
DAG statistics
mean edges/level: 4      max edges/level: 10
mean edges/node:  1.127  mean count/edge: 4

Window 3 [ NC_037334.1:31581215-55943716 ]
target markers:      50000

Starting burn-in iterations

Window=3 Iteration=1
Time for building model:         0 seconds
Time for sampling (singles):     0 seconds
DAG statistics
mean edges/level: 3      max edges/level: 9
mean edges/node:  1.623  mean count/edge: 5

Window=3 Iteration=2
Time for building model:         0 seconds
Time for sampling (singles):     0 seconds
DAG statistics
mean edges/level: 3      max edges/level: 9
mean edges/node:  1.499  mean count/edge: 5

Window=3 Iteration=3
Time for building model:         0 seconds
Time for sampling (singles):     0 seconds
DAG statistics
mean edges/level: 3      max edges/level: 8
mean edges/node:  1.397  mean count/edge: 5

Window=3 Iteration=4
Time for building model:         0 seconds
Time for sampling (singles):     0 seconds
DAG statistics
mean edges/level: 3      max edges/level: 8
mean edges/node:  1.346  mean count/edge: 5

Window=3 Iteration=5
Time for building model:         0 seconds
Time for sampling (singles):     0 seconds
DAG statistics
mean edges/level: 3      max edges/level: 9
mean edges/node:  1.307  mean count/edge: 5

Window=3 Iteration=6
Time for building model:         0 seconds
Time for sampling (singles):     0 seconds
DAG statistics
mean edges/level: 3      max edges/level: 9
mean edges/node:  1.285  mean count/edge: 5

Window=3 Iteration=7
Time for building model:         0 seconds
Time for sampling (singles):     0 seconds
DAG statistics
mean edges/level: 3      max edges/level: 9
mean edges/node:  1.264  mean count/edge: 5

Window=3 Iteration=8
Time for building model:         0 seconds
Time for sampling (singles):     0 seconds
DAG statistics
mean edges/level: 3      max edges/level: 10
mean edges/node:  1.252  mean count/edge: 5

Window=3 Iteration=9
Time for building model:         0 seconds
Time for sampling (singles):     0 seconds
DAG statistics
mean edges/level: 3      max edges/level: 10
mean edges/node:  1.238  mean count/edge: 5

Window=3 Iteration=10
Time for building model:         0 seconds
Time for sampling (singles):     0 seconds
DAG statistics
mean edges/level: 3      max edges/level: 9
mean edges/node:  1.231  mean count/edge: 5

Starting phasing iterations

Window=3 Iteration=11
Time for building model:         0 seconds
Time for sampling (singles):     1 second
DAG statistics
mean edges/level: 3      max edges/level: 9
mean edges/node:  1.166  mean count/edge: 5

Window=3 Iteration=12
Time for building model:         0 seconds
Time for sampling (singles):     1 second
DAG statistics
mean edges/level: 4      max edges/level: 10
mean edges/node:  1.149  mean count/edge: 4

Window=3 Iteration=13
Time for building model:         0 seconds
Time for sampling (singles):     1 second
DAG statistics
mean edges/level: 4      max edges/level: 10
mean edges/node:  1.138  mean count/edge: 4

Window=3 Iteration=14
Time for building model:         0 seconds
Time for sampling (singles):     1 second
DAG statistics
mean edges/level: 4      max edges/level: 10
mean edges/node:  1.129  mean count/edge: 4

Window=3 Iteration=15
Time for building model:         0 seconds
Time for sampling (singles):     0 seconds
DAG statistics
mean edges/level: 4      max edges/level: 9
mean edges/node:  1.123  mean count/edge: 4

Window 4 [ NC_037334.1:54062321-76907404 ]
target markers:      50000

Starting burn-in iterations

Window=4 Iteration=1
Time for building model:         0 seconds
Time for sampling (singles):     0 seconds
DAG statistics
mean edges/level: 3      max edges/level: 10
mean edges/node:  1.602  mean count/edge: 5

Window=4 Iteration=2
Time for building model:         0 seconds
Time for sampling (singles):     0 seconds
DAG statistics
mean edges/level: 3      max edges/level: 8
mean edges/node:  1.475  mean count/edge: 5

Window=4 Iteration=3
Time for building model:         0 seconds
Time for sampling (singles):     0 seconds
DAG statistics
mean edges/level: 3      max edges/level: 10
mean edges/node:  1.377  mean count/edge: 5

Window=4 Iteration=4
Time for building model:         0 seconds
Time for sampling (singles):     0 seconds
DAG statistics
mean edges/level: 3      max edges/level: 9
mean edges/node:  1.325  mean count/edge: 5

Window=4 Iteration=5
Time for building model:         0 seconds
Time for sampling (singles):     0 seconds
DAG statistics
mean edges/level: 3      max edges/level: 12
mean edges/node:  1.290  mean count/edge: 5

Window=4 Iteration=6
Time for building model:         0 seconds
Time for sampling (singles):     0 seconds
DAG statistics
mean edges/level: 3      max edges/level: 8
mean edges/node:  1.269  mean count/edge: 5

Window=4 Iteration=7
Time for building model:         0 seconds
Time for sampling (singles):     0 seconds
DAG statistics
mean edges/level: 3      max edges/level: 10
mean edges/node:  1.248  mean count/edge: 5

Window=4 Iteration=8
Time for building model:         0 seconds
Time for sampling (singles):     0 seconds
DAG statistics
mean edges/level: 3      max edges/level: 11
mean edges/node:  1.236  mean count/edge: 5

Window=4 Iteration=9
Time for building model:         0 seconds
Time for sampling (singles):     0 seconds
DAG statistics
mean edges/level: 3      max edges/level: 10
mean edges/node:  1.223  mean count/edge: 5

Window=4 Iteration=10
Time for building model:         0 seconds
Time for sampling (singles):     0 seconds
DAG statistics
mean edges/level: 3      max edges/level: 11
mean edges/node:  1.217  mean count/edge: 5

Starting phasing iterations

Window=4 Iteration=11
Time for building model:         0 seconds
Time for sampling (singles):     1 second
DAG statistics
mean edges/level: 4      max edges/level: 11
mean edges/node:  1.157  mean count/edge: 4

Window=4 Iteration=12
Time for building model:         0 seconds
Time for sampling (singles):     0 seconds
DAG statistics
mean edges/level: 4      max edges/level: 9
mean edges/node:  1.144  mean count/edge: 4

Window=4 Iteration=13
Time for building model:         0 seconds
Time for sampling (singles):     0 seconds
DAG statistics
mean edges/level: 4      max edges/level: 9
mean edges/node:  1.128  mean count/edge: 4

Window=4 Iteration=14
Time for building model:         0 seconds
Time for sampling (singles):     1 second
DAG statistics
mean edges/level: 4      max edges/level: 9
mean edges/node:  1.122  mean count/edge: 4

Window=4 Iteration=15
Time for building model:         0 seconds
Time for sampling (singles):     0 seconds
DAG statistics
mean edges/level: 4      max edges/level: 9
mean edges/node:  1.115  mean count/edge: 4

Window 5 [ NC_037334.1:75463533-100398231 ]
target markers:      50000

Starting burn-in iterations

Window=5 Iteration=1
Time for building model:         0 seconds
Time for sampling (singles):     0 seconds
DAG statistics
mean edges/level: 3      max edges/level: 8
mean edges/node:  1.611  mean count/edge: 5

Window=5 Iteration=2
Time for building model:         0 seconds
Time for sampling (singles):     0 seconds
DAG statistics
mean edges/level: 3      max edges/level: 8
mean edges/node:  1.493  mean count/edge: 5

Window=5 Iteration=3
Time for building model:         0 seconds
Time for sampling (singles):     0 seconds
DAG statistics
mean edges/level: 3      max edges/level: 8
mean edges/node:  1.375  mean count/edge: 5

Window=5 Iteration=4
Time for building model:         0 seconds
Time for sampling (singles):     0 seconds
DAG statistics
mean edges/level: 3      max edges/level: 8
mean edges/node:  1.319  mean count/edge: 5

Window=5 Iteration=5
Time for building model:         0 seconds
Time for sampling (singles):     0 seconds
DAG statistics
mean edges/level: 3      max edges/level: 8
mean edges/node:  1.281  mean count/edge: 5

Window=5 Iteration=6
Time for building model:         0 seconds
Time for sampling (singles):     0 seconds
DAG statistics
mean edges/level: 3      max edges/level: 9
mean edges/node:  1.259  mean count/edge: 5

Window=5 Iteration=7
Time for building model:         0 seconds
Time for sampling (singles):     0 seconds
DAG statistics
mean edges/level: 3      max edges/level: 9
mean edges/node:  1.239  mean count/edge: 5

Window=5 Iteration=8
Time for building model:         0 seconds
Time for sampling (singles):     0 seconds
DAG statistics
mean edges/level: 3      max edges/level: 10
mean edges/node:  1.226  mean count/edge: 5

Window=5 Iteration=9
Time for building model:         0 seconds
Time for sampling (singles):     0 seconds
DAG statistics
mean edges/level: 3      max edges/level: 9
mean edges/node:  1.214  mean count/edge: 5

Window=5 Iteration=10
Time for building model:         0 seconds
Time for sampling (singles):     0 seconds
DAG statistics
mean edges/level: 3      max edges/level: 10
mean edges/node:  1.207  mean count/edge: 5

Starting phasing iterations

Window=5 Iteration=11
Time for building model:         0 seconds
Time for sampling (singles):     0 seconds
DAG statistics
mean edges/level: 3      max edges/level: 9
mean edges/node:  1.147  mean count/edge: 5

Window=5 Iteration=12
Time for building model:         0 seconds
Time for sampling (singles):     1 second
DAG statistics
mean edges/level: 3      max edges/level: 9
mean edges/node:  1.136  mean count/edge: 5

Window=5 Iteration=13
Time for building model:         0 seconds
Time for sampling (singles):     0 seconds
DAG statistics
mean edges/level: 4      max edges/level: 11
mean edges/node:  1.125  mean count/edge: 4

Window=5 Iteration=14
Time for building model:         0 seconds
Time for sampling (singles):     1 second
DAG statistics
mean edges/level: 4      max edges/level: 11
mean edges/node:  1.119  mean count/edge: 4

Window=5 Iteration=15
Time for building model:         0 seconds
Time for sampling (singles):     0 seconds
DAG statistics
mean edges/level: 4      max edges/level: 9
mean edges/node:  1.113  mean count/edge: 4

Window 6 [ NC_037334.1:98869077-110682126 ]
target markers:      29680

Starting burn-in iterations

Window=6 Iteration=1
Time for building model:         0 seconds
Time for sampling (singles):     0 seconds
DAG statistics
mean edges/level: 3      max edges/level: 9
mean edges/node:  1.536  mean count/edge: 5

Window=6 Iteration=2
Time for building model:         0 seconds
Time for sampling (singles):     0 seconds
DAG statistics
mean edges/level: 3      max edges/level: 9
mean edges/node:  1.430  mean count/edge: 5

Window=6 Iteration=3
Time for building model:         0 seconds
Time for sampling (singles):     0 seconds
DAG statistics
mean edges/level: 3      max edges/level: 8
mean edges/node:  1.339  mean count/edge: 5

Window=6 Iteration=4
Time for building model:         0 seconds
Time for sampling (singles):     0 seconds
DAG statistics
mean edges/level: 3      max edges/level: 10
mean edges/node:  1.294  mean count/edge: 5

Window=6 Iteration=5
Time for building model:         0 seconds
Time for sampling (singles):     0 seconds
DAG statistics
mean edges/level: 3      max edges/level: 8
mean edges/node:  1.259  mean count/edge: 5

Window=6 Iteration=6
Time for building model:         0 seconds
Time for sampling (singles):     0 seconds
DAG statistics
mean edges/level: 3      max edges/level: 10
mean edges/node:  1.243  mean count/edge: 5

Window=6 Iteration=7
Time for building model:         0 seconds
Time for sampling (singles):     0 seconds
DAG statistics
mean edges/level: 3      max edges/level: 8
mean edges/node:  1.224  mean count/edge: 5

Window=6 Iteration=8
Time for building model:         0 seconds
Time for sampling (singles):     0 seconds
DAG statistics
mean edges/level: 3      max edges/level: 9
mean edges/node:  1.213  mean count/edge: 5

Window=6 Iteration=9
Time for building model:         0 seconds
Time for sampling (singles):     0 seconds
DAG statistics
mean edges/level: 3      max edges/level: 10
mean edges/node:  1.199  mean count/edge: 5

Window=6 Iteration=10
Time for building model:         0 seconds
Time for sampling (singles):     0 seconds
DAG statistics
mean edges/level: 3      max edges/level: 9
mean edges/node:  1.195  mean count/edge: 5

Starting phasing iterations

Window=6 Iteration=11
Time for building model:         0 seconds
Time for sampling (singles):     0 seconds
DAG statistics
mean edges/level: 4      max edges/level: 10
mean edges/node:  1.139  mean count/edge: 4

Window=6 Iteration=12
Time for building model:         0 seconds
Time for sampling (singles):     0 seconds
DAG statistics
mean edges/level: 4      max edges/level: 9
mean edges/node:  1.127  mean count/edge: 4

Window=6 Iteration=13
Time for building model:         0 seconds
Time for sampling (singles):     0 seconds
DAG statistics
mean edges/level: 4      max edges/level: 10
mean edges/node:  1.115  mean count/edge: 4

Window=6 Iteration=14
Time for building model:         0 seconds
Time for sampling (singles):     0 seconds
DAG statistics
mean edges/level: 5      max edges/level: 10
mean edges/node:  1.109  mean count/edge: 3

Window=6 Iteration=15
Time for building model:         0 seconds
Time for sampling (singles):     0 seconds
DAG statistics
mean edges/level: 5      max edges/level: 10
mean edges/node:  1.102  mean count/edge: 3

Number of markers:              264680
Total time for building model: 34 seconds
Total time for sampling:       34 seconds
Total run time:                1 minute 16 seconds

End time: 06:28 PM CEST on 04 Apr 2024
beagle.27Jan18.7e1.jar (version 4.1) finished
