Input: -likes (null) -plink 0796 -Nname ../Timb.7.nind -fname ../Timb.7.ref.txt -out 0796 -whichPops all
Setup: -seed 1714662283 -method 1
Ploidy of 2 has been chosen

The accelerated EM has been chosen
The adjusted method has been chosen
Convergence: -maxIter 2000 -tol 0.00000010
The following number of bootstraps have been chosen: 0
Input has this many sites without missing data 126874643
Ref has this many sites 1183129
This many sites in ref are either not-valid-number or below maf in any of the chosen pops 0
Overlap: of 1177166 sites between input and ref

nPop=7

Opening nInd file: ../Timb.7.ref.txt with nPop=7
Chosen pop Som
N = 7.999870
Chosen pop Tan1
N = 7.895670
Chosen pop Uga
N = 4.000150
Chosen pop Eth
N = 3.000220
Chosen pop Aby
N = 3.000220
Chosen pop Tan2
N = 12.890700
Chosen pop Ken
N = 4.213210

This many iterations 45 for run 0

best like -766466.302460 after 0!
Q 0.000010 Q 0.153902 Q 0.000010 Q 0.000010 Q 0.000010 Q 0.846048 Q 0.000010  after 0!

Estimated  Q = 0.000010 0.153902 0.000010 0.000010 0.000010 0.846048 0.000010 
best like -766466.302460 after 0 runs!
FIRST row of .qopt file is BEST estimated Q, rest are nBoot bootstrapping Qs
	[ALL done] cpu-time used =  23.95 sec
	[ALL done] walltime used =  24.00 sec
