beagle.27Jan18.7e1.jar (version 4.1)
Copyright (C) 2014-2015 Brian L. Browning
Enter "java -jar beagle.27Jan18.7e1.jar" for a summary of command line arguments.
Start time: 06:40 PM CEST on 04 Apr 2024

Command line: java -Xmx54613m -jar beagle.jar
  gl=results/gl/Bostau9_tragmain2_sites_variable_noindels_renamed_Tspe.bcf.gz.NC_037329.1.vcf.gz
  chrom=NC_037329.1
  out=results/imputed/Bostau9_tragmain2_sites_variable_noindels_renamed_Tspe.bcf.gz.NC_037329.1
  nthreads=6

No genetic map is specified: using 1 cM = 1 Mb

reference samples:       0
target samples:         34

Window 1 [ NC_037329.1:98314-10233246 ]
target markers:      50000

Starting burn-in iterations

Window=1 Iteration=1
Time for building model:         2 seconds
Time for sampling (singles):     3 seconds
DAG statistics
mean edges/level: 6      max edges/level: 19
mean edges/node:  1.592  mean count/edge: 11

Window=1 Iteration=2
Time for building model:         2 seconds
Time for sampling (singles):     2 seconds
DAG statistics
mean edges/level: 5      max edges/level: 19
mean edges/node:  1.366  mean count/edge: 14

Window=1 Iteration=3
Time for building model:         1 second
Time for sampling (singles):     2 seconds
DAG statistics
mean edges/level: 5      max edges/level: 14
mean edges/node:  1.254  mean count/edge: 14

Window=1 Iteration=4
Time for building model:         1 second
Time for sampling (singles):     2 seconds
DAG statistics
mean edges/level: 5      max edges/level: 19
mean edges/node:  1.202  mean count/edge: 14

Window=1 Iteration=5
Time for building model:         2 seconds
Time for sampling (singles):     2 seconds
DAG statistics
mean edges/level: 5      max edges/level: 20
mean edges/node:  1.187  mean count/edge: 14

Window=1 Iteration=6
Time for building model:         1 second
Time for sampling (singles):     3 seconds
DAG statistics
mean edges/level: 6      max edges/level: 22
mean edges/node:  1.159  mean count/edge: 11

Window=1 Iteration=7
Time for building model:         1 second
Time for sampling (singles):     2 seconds
DAG statistics
mean edges/level: 5      max edges/level: 17
mean edges/node:  1.166  mean count/edge: 14

Window=1 Iteration=8
Time for building model:         2 seconds
Time for sampling (singles):     2 seconds
DAG statistics
mean edges/level: 5      max edges/level: 25
mean edges/node:  1.158  mean count/edge: 14

Window=1 Iteration=9
Time for building model:         1 second
Time for sampling (singles):     2 seconds
DAG statistics
mean edges/level: 5      max edges/level: 18
mean edges/node:  1.155  mean count/edge: 14

Window=1 Iteration=10
Time for building model:         2 seconds
Time for sampling (singles):     2 seconds
DAG statistics
mean edges/level: 6      max edges/level: 21
mean edges/node:  1.145  mean count/edge: 11

Starting phasing iterations

Window=1 Iteration=11
Time for building model:         2 seconds
Time for sampling (singles):     4 seconds
DAG statistics
mean edges/level: 5      max edges/level: 20
mean edges/node:  1.139  mean count/edge: 14

Window=1 Iteration=12
Time for building model:         2 seconds
Time for sampling (singles):     4 seconds
DAG statistics
mean edges/level: 7      max edges/level: 22
mean edges/node:  1.105  mean count/edge: 10

Window=1 Iteration=13
Time for building model:         2 seconds
Time for sampling (singles):     3 seconds
DAG statistics
mean edges/level: 12     max edges/level: 24
mean edges/node:  1.067  mean count/edge: 6

Window=1 Iteration=14
Time for building model:         2 seconds
Time for sampling (singles):     3 seconds
DAG statistics
mean edges/level: 14     max edges/level: 28
mean edges/node:  1.054  mean count/edge: 5

Window=1 Iteration=15
Time for building model:         2 seconds
Time for sampling (singles):     3 seconds
DAG statistics
mean edges/level: 15     max edges/level: 27
mean edges/node:  1.045  mean count/edge: 5

Window 2 [ NC_037329.1:9473136-20846755 ]
target markers:      50000

Starting burn-in iterations

Window=2 Iteration=1
Time for building model:         2 seconds
Time for sampling (singles):     2 seconds
DAG statistics
mean edges/level: 6      max edges/level: 24
mean edges/node:  1.519  mean count/edge: 11

Window=2 Iteration=2
Time for building model:         2 seconds
Time for sampling (singles):     3 seconds
DAG statistics
mean edges/level: 6      max edges/level: 18
mean edges/node:  1.370  mean count/edge: 11

Window=2 Iteration=3
Time for building model:         1 second
Time for sampling (singles):     2 seconds
DAG statistics
mean edges/level: 6      max edges/level: 23
mean edges/node:  1.225  mean count/edge: 11

Window=2 Iteration=4
Time for building model:         1 second
Time for sampling (singles):     3 seconds
DAG statistics
mean edges/level: 6      max edges/level: 22
mean edges/node:  1.179  mean count/edge: 11

Window=2 Iteration=5
Time for building model:         2 seconds
Time for sampling (singles):     3 seconds
DAG statistics
mean edges/level: 7      max edges/level: 23
mean edges/node:  1.146  mean count/edge: 10

Window=2 Iteration=6
Time for building model:         1 second
Time for sampling (singles):     3 seconds
DAG statistics
mean edges/level: 6      max edges/level: 22
mean edges/node:  1.146  mean count/edge: 11

Window=2 Iteration=7
Time for building model:         1 second
Time for sampling (singles):     2 seconds
DAG statistics
mean edges/level: 6      max edges/level: 26
mean edges/node:  1.140  mean count/edge: 11

Window=2 Iteration=8
Time for building model:         1 second
Time for sampling (singles):     2 seconds
DAG statistics
mean edges/level: 5      max edges/level: 20
mean edges/node:  1.145  mean count/edge: 14

Window=2 Iteration=9
Time for building model:         1 second
Time for sampling (singles):     3 seconds
DAG statistics
mean edges/level: 6      max edges/level: 30
mean edges/node:  1.133  mean count/edge: 11

Window=2 Iteration=10
Time for building model:         2 seconds
Time for sampling (singles):     4 seconds
DAG statistics
mean edges/level: 8      max edges/level: 22
mean edges/node:  1.123  mean count/edge: 9

Starting phasing iterations

Window=2 Iteration=11
Time for building model:         2 seconds
Time for sampling (singles):     3 seconds
DAG statistics
mean edges/level: 6      max edges/level: 24
mean edges/node:  1.107  mean count/edge: 11

Window=2 Iteration=12
Time for building model:         2 seconds
Time for sampling (singles):     4 seconds
DAG statistics
mean edges/level: 13     max edges/level: 26
mean edges/node:  1.066  mean count/edge: 5

Window=2 Iteration=13
Time for building model:         3 seconds
Time for sampling (singles):     3 seconds
DAG statistics
mean edges/level: 14     max edges/level: 27
mean edges/node:  1.053  mean count/edge: 5

Window=2 Iteration=14
Time for building model:         2 seconds
Time for sampling (singles):     4 seconds
DAG statistics
mean edges/level: 15     max edges/level: 27
mean edges/node:  1.044  mean count/edge: 5

Window=2 Iteration=15
Time for building model:         2 seconds
Time for sampling (singles):     3 seconds
DAG statistics
mean edges/level: 16     max edges/level: 29
mean edges/node:  1.039  mean count/edge: 4

Window 3 [ NC_037329.1:20230009-29631350 ]
target markers:      50000

Starting burn-in iterations

Window=3 Iteration=1
Time for building model:         2 seconds
Time for sampling (singles):     3 seconds
DAG statistics
mean edges/level: 7      max edges/level: 24
mean edges/node:  1.483  mean count/edge: 10

Window=3 Iteration=2
Time for building model:         2 seconds
Time for sampling (singles):     4 seconds
DAG statistics
mean edges/level: 7      max edges/level: 20
mean edges/node:  1.295  mean count/edge: 10

Window=3 Iteration=3
Time for building model:         2 seconds
Time for sampling (singles):     4 seconds
DAG statistics
mean edges/level: 7      max edges/level: 26
mean edges/node:  1.182  mean count/edge: 10

Window=3 Iteration=4
Time for building model:         2 seconds
Time for sampling (singles):     4 seconds
DAG statistics
mean edges/level: 7      max edges/level: 20
mean edges/node:  1.156  mean count/edge: 10

Window=3 Iteration=5
Time for building model:         1 second
Time for sampling (singles):     2 seconds
DAG statistics
mean edges/level: 6      max edges/level: 23
mean edges/node:  1.146  mean count/edge: 11

Window=3 Iteration=6
Time for building model:         1 second
Time for sampling (singles):     3 seconds
DAG statistics
mean edges/level: 7      max edges/level: 22
mean edges/node:  1.132  mean count/edge: 10

Window=3 Iteration=7
Time for building model:         2 seconds
Time for sampling (singles):     3 seconds
DAG statistics
mean edges/level: 7      max edges/level: 24
mean edges/node:  1.125  mean count/edge: 10

Window=3 Iteration=8
Time for building model:         2 seconds
Time for sampling (singles):     5 seconds
DAG statistics
mean edges/level: 9      max edges/level: 26
mean edges/node:  1.107  mean count/edge: 8

Window=3 Iteration=9
Time for building model:         2 seconds
Time for sampling (singles):     4 seconds
DAG statistics
mean edges/level: 10     max edges/level: 29
mean edges/node:  1.094  mean count/edge: 7

Window=3 Iteration=10
Time for building model:         1 second
Time for sampling (singles):     3 seconds
DAG statistics
mean edges/level: 7      max edges/level: 27
mean edges/node:  1.104  mean count/edge: 10

Starting phasing iterations

Window=3 Iteration=11
Time for building model:         1 second
Time for sampling (singles):     13 seconds
DAG statistics
mean edges/level: 13     max edges/level: 26
mean edges/node:  1.058  mean count/edge: 5

Window=3 Iteration=12
Time for building model:         7 seconds
Time for sampling (singles):     21 seconds
DAG statistics
mean edges/level: 9      max edges/level: 28
mean edges/node:  1.068  mean count/edge: 8

Window=3 Iteration=13
Time for building model:         10 seconds
Time for sampling (singles):     12 seconds
DAG statistics
mean edges/level: 15     max edges/level: 28
mean edges/node:  1.049  mean count/edge: 5

Window=3 Iteration=14
Time for building model:         11 seconds
Time for sampling (singles):     8 seconds
DAG statistics
mean edges/level: 16     max edges/level: 31
mean edges/node:  1.040  mean count/edge: 4

Window=3 Iteration=15
Time for building model:         2 seconds
Time for sampling (singles):     13 seconds
DAG statistics
mean edges/level: 17     max edges/level: 29
mean edges/node:  1.035  mean count/edge: 4

Window 4 [ NC_037329.1:28992547-40865222 ]
target markers:      50000

Starting burn-in iterations

Window=4 Iteration=1
Time for building model:         10 seconds
Time for sampling (singles):     3 seconds
DAG statistics
mean edges/level: 7      max edges/level: 23
mean edges/node:  1.479  mean count/edge: 10

Window=4 Iteration=2
Time for building model:         1 second
Time for sampling (singles):     2 seconds
DAG statistics
mean edges/level: 6      max edges/level: 17
mean edges/node:  1.334  mean count/edge: 11

Window=4 Iteration=3
Time for building model:         2 seconds
Time for sampling (singles):     2 seconds
DAG statistics
mean edges/level: 7      max edges/level: 22
mean edges/node:  1.187  mean count/edge: 10

Window=4 Iteration=4
Time for building model:         1 second
Time for sampling (singles):     2 seconds
DAG statistics
mean edges/level: 6      max edges/level: 21
mean edges/node:  1.166  mean count/edge: 11

Window=4 Iteration=5
Time for building model:         2 seconds
Time for sampling (singles):     3 seconds
DAG statistics
mean edges/level: 7      max edges/level: 23
mean edges/node:  1.137  mean count/edge: 10

Window=4 Iteration=6
Time for building model:         2 seconds
Time for sampling (singles):     4 seconds
DAG statistics
mean edges/level: 9      max edges/level: 26
mean edges/node:  1.116  mean count/edge: 8

Window=4 Iteration=7
Time for building model:         2 seconds
Time for sampling (singles):     5 seconds
DAG statistics
mean edges/level: 9      max edges/level: 25
mean edges/node:  1.103  mean count/edge: 8

Window=4 Iteration=8
Time for building model:         1 second
Time for sampling (singles):     2 seconds
DAG statistics
mean edges/level: 6      max edges/level: 26
mean edges/node:  1.134  mean count/edge: 11

Window=4 Iteration=9
Time for building model:         2 seconds
Time for sampling (singles):     4 seconds
DAG statistics
mean edges/level: 8      max edges/level: 23
mean edges/node:  1.112  mean count/edge: 9

Window=4 Iteration=10
Time for building model:         1 second
Time for sampling (singles):     2 seconds
DAG statistics
mean edges/level: 6      max edges/level: 22
mean edges/node:  1.129  mean count/edge: 11

Starting phasing iterations

Window=4 Iteration=11
Time for building model:         3 seconds
Time for sampling (singles):     15 seconds
DAG statistics
mean edges/level: 13     max edges/level: 27
mean edges/node:  1.062  mean count/edge: 5

Window=4 Iteration=12
Time for building model:         9 seconds
Time for sampling (singles):     19 seconds
DAG statistics
mean edges/level: 15     max edges/level: 30
mean edges/node:  1.051  mean count/edge: 5

Window=4 Iteration=13
Time for building model:         10 seconds
Time for sampling (singles):     13 seconds
DAG statistics
mean edges/level: 16     max edges/level: 29
mean edges/node:  1.043  mean count/edge: 4

Window=4 Iteration=14
Time for building model:         8 seconds
Time for sampling (singles):     12 seconds
DAG statistics
mean edges/level: 17     max edges/level: 28
mean edges/node:  1.039  mean count/edge: 4

Window=4 Iteration=15
Time for building model:         5 seconds
Time for sampling (singles):     5 seconds
DAG statistics
mean edges/level: 18     max edges/level: 29
mean edges/node:  1.035  mean count/edge: 4

Window 5 [ NC_037329.1:39906934-51568654 ]
target markers:      50000

Starting burn-in iterations

Window=5 Iteration=1
Time for building model:         1 second
Time for sampling (singles):     2 seconds
DAG statistics
mean edges/level: 7      max edges/level: 27
mean edges/node:  1.484  mean count/edge: 10

Window=5 Iteration=2
Time for building model:         2 seconds
Time for sampling (singles):     2 seconds
DAG statistics
mean edges/level: 6      max edges/level: 17
mean edges/node:  1.354  mean count/edge: 11

Window=5 Iteration=3
Time for building model:         1 second
Time for sampling (singles):     2 seconds
DAG statistics
mean edges/level: 6      max edges/level: 28
mean edges/node:  1.198  mean count/edge: 11

Window=5 Iteration=4
Time for building model:         4 seconds
Time for sampling (singles):     4 seconds
DAG statistics
mean edges/level: 7      max edges/level: 21
mean edges/node:  1.153  mean count/edge: 10

Window=5 Iteration=5
Time for building model:         2 seconds
Time for sampling (singles):     2 seconds
DAG statistics
mean edges/level: 6      max edges/level: 27
mean edges/node:  1.141  mean count/edge: 11

Window=5 Iteration=6
Time for building model:         2 seconds
Time for sampling (singles):     4 seconds
DAG statistics
mean edges/level: 9      max edges/level: 28
mean edges/node:  1.117  mean count/edge: 8

Window=5 Iteration=7
Time for building model:         1 second
Time for sampling (singles):     3 seconds
DAG statistics
mean edges/level: 7      max edges/level: 27
mean edges/node:  1.119  mean count/edge: 10

Window=5 Iteration=8
Time for building model:         4 seconds
Time for sampling (singles):     4 seconds
DAG statistics
mean edges/level: 9      max edges/level: 26
mean edges/node:  1.105  mean count/edge: 8

Window=5 Iteration=9
Time for building model:         1 second
Time for sampling (singles):     3 seconds
DAG statistics
mean edges/level: 7      max edges/level: 27
mean edges/node:  1.112  mean count/edge: 10

Window=5 Iteration=10
Time for building model:         2 seconds
Time for sampling (singles):     5 seconds
DAG statistics
mean edges/level: 9      max edges/level: 28
mean edges/node:  1.100  mean count/edge: 8

Starting phasing iterations

Window=5 Iteration=11
Time for building model:         1 second
Time for sampling (singles):     3 seconds
DAG statistics
mean edges/level: 8      max edges/level: 27
mean edges/node:  1.089  mean count/edge: 9

Window=5 Iteration=12
Time for building model:         2 seconds
Time for sampling (singles):     3 seconds
DAG statistics
mean edges/level: 13     max edges/level: 26
mean edges/node:  1.059  mean count/edge: 5

Window=5 Iteration=13
Time for building model:         3 seconds
Time for sampling (singles):     8 seconds
DAG statistics
mean edges/level: 15     max edges/level: 28
mean edges/node:  1.046  mean count/edge: 5

Window=5 Iteration=14
Time for building model:         5 seconds
Time for sampling (singles):     5 seconds
DAG statistics
mean edges/level: 16     max edges/level: 29
mean edges/node:  1.039  mean count/edge: 4

Window=5 Iteration=15
Time for building model:         2 seconds
Time for sampling (singles):     3 seconds
DAG statistics
mean edges/level: 17     max edges/level: 28
mean edges/node:  1.035  mean count/edge: 4

Window 6 [ NC_037329.1:50675853-60720272 ]
target markers:      50000

Starting burn-in iterations

Window=6 Iteration=1
Time for building model:         2 seconds
Time for sampling (singles):     3 seconds
DAG statistics
mean edges/level: 8      max edges/level: 24
mean edges/node:  1.412  mean count/edge: 9

Window=6 Iteration=2
Time for building model:         1 second
Time for sampling (singles):     2 seconds
DAG statistics
mean edges/level: 6      max edges/level: 18
mean edges/node:  1.268  mean count/edge: 11

Window=6 Iteration=3
Time for building model:         2 seconds
Time for sampling (singles):     4 seconds
DAG statistics
mean edges/level: 9      max edges/level: 24
mean edges/node:  1.138  mean count/edge: 8

Window=6 Iteration=4
Time for building model:         1 second
Time for sampling (singles):     3 seconds
DAG statistics
mean edges/level: 7      max edges/level: 33
mean edges/node:  1.118  mean count/edge: 10

Window=6 Iteration=5
Time for building model:         2 seconds
Time for sampling (singles):     2 seconds
DAG statistics
mean edges/level: 6      max edges/level: 27
mean edges/node:  1.121  mean count/edge: 11

Window=6 Iteration=6
Time for building model:         1 second
Time for sampling (singles):     2 seconds
DAG statistics
mean edges/level: 6      max edges/level: 19
mean edges/node:  1.121  mean count/edge: 11

Window=6 Iteration=7
Time for building model:         2 seconds
Time for sampling (singles):     5 seconds
DAG statistics
mean edges/level: 10     max edges/level: 25
mean edges/node:  1.099  mean count/edge: 7

Window=6 Iteration=8
Time for building model:         6 seconds
Time for sampling (singles):     6 seconds
DAG statistics
mean edges/level: 10     max edges/level: 30
mean edges/node:  1.086  mean count/edge: 7

Window=6 Iteration=9
Time for building model:         13 seconds
Time for sampling (singles):     4 seconds
DAG statistics
mean edges/level: 8      max edges/level: 26
mean edges/node:  1.085  mean count/edge: 9

Window=6 Iteration=10
Time for building model:         40 seconds
Time for sampling (singles):     4 seconds
DAG statistics
mean edges/level: 7      max edges/level: 31
mean edges/node:  1.102  mean count/edge: 10

Starting phasing iterations

Window=6 Iteration=11
Time for building model:         35 seconds
Time for sampling (singles):     1 minute 51 seconds
DAG statistics
mean edges/level: 14     max edges/level: 29
mean edges/node:  1.048  mean count/edge: 5

Window=6 Iteration=12
Time for building model:         1 minute 20 seconds
Time for sampling (singles):     1 minute 33 seconds
DAG statistics
mean edges/level: 16     max edges/level: 26
mean edges/node:  1.040  mean count/edge: 4

Window=6 Iteration=13
Time for building model:         1 minute 1 second
Time for sampling (singles):     2 minutes 9 seconds
DAG statistics
mean edges/level: 17     max edges/level: 30
mean edges/node:  1.034  mean count/edge: 4

Window=6 Iteration=14
Time for building model:         1 minute 43 seconds
Time for sampling (singles):     1 minute 58 seconds
DAG statistics
mean edges/level: 18     max edges/level: 30
mean edges/node:  1.030  mean count/edge: 4

Window=6 Iteration=15
Time for building model:         1 minute 14 seconds
Time for sampling (singles):     1 minute 15 seconds
DAG statistics
mean edges/level: 19     max edges/level: 30
mean edges/node:  1.028  mean count/edge: 4

Window 7 [ NC_037329.1:60336821-69396419 ]
target markers:      50000

Starting burn-in iterations

Window=7 Iteration=1
Time for building model:         2 minutes 32 seconds
Time for sampling (singles):     40 seconds
DAG statistics
mean edges/level: 8      max edges/level: 25
mean edges/node:  1.421  mean count/edge: 9

Window=7 Iteration=2
Time for building model:         1 minute 29 seconds
Time for sampling (singles):     36 seconds
DAG statistics
mean edges/level: 6      max edges/level: 19
mean edges/node:  1.315  mean count/edge: 11

Window=7 Iteration=3
Time for building model:         1 minute 17 seconds
Time for sampling (singles):     6 seconds
DAG statistics
mean edges/level: 9      max edges/level: 25
mean edges/node:  1.158  mean count/edge: 8

Window=7 Iteration=4
Time for building model:         1 minute 14 seconds
Time for sampling (singles):     8 seconds
DAG statistics
mean edges/level: 5      max edges/level: 19
mean edges/node:  1.159  mean count/edge: 14

Window=7 Iteration=5
Time for building model:         2 minutes 41 seconds
Time for sampling (singles):     13 seconds
DAG statistics
mean edges/level: 7      max edges/level: 25
mean edges/node:  1.126  mean count/edge: 10

Window=7 Iteration=6
Time for building model:         2 minutes 3 seconds
Time for sampling (singles):     12 seconds
DAG statistics
mean edges/level: 5      max edges/level: 23
mean edges/node:  1.135  mean count/edge: 14

Window=7 Iteration=7
Time for building model:         2 minutes 25 seconds
Time for sampling (singles):     14 seconds
DAG statistics
mean edges/level: 9      max edges/level: 24
mean edges/node:  1.107  mean count/edge: 8

Window=7 Iteration=8
Time for building model:         1 minute 44 seconds
Time for sampling (singles):     15 seconds
DAG statistics
mean edges/level: 5      max edges/level: 21
mean edges/node:  1.123  mean count/edge: 14

Window=7 Iteration=9
Time for building model:         2 minutes 43 seconds
Time for sampling (singles):     16 seconds
DAG statistics
mean edges/level: 9      max edges/level: 25
mean edges/node:  1.099  mean count/edge: 8

Window=7 Iteration=10
Time for building model:         2 minutes 20 seconds
Time for sampling (singles):     31 seconds
DAG statistics
mean edges/level: 6      max edges/level: 20
mean edges/node:  1.115  mean count/edge: 11

Starting phasing iterations

Window=7 Iteration=11
Time for building model:         45 seconds
Time for sampling (singles):     2 minutes 4 seconds
DAG statistics
mean edges/level: 13     max edges/level: 25
mean edges/node:  1.056  mean count/edge: 5

Window=7 Iteration=12
Time for building model:         1 minute 13 seconds
Time for sampling (singles):     2 minutes 45 seconds
DAG statistics
mean edges/level: 15     max edges/level: 29
mean edges/node:  1.044  mean count/edge: 5

Window=7 Iteration=13
Time for building model:         1 minute 37 seconds
Time for sampling (singles):     2 minutes 30 seconds
DAG statistics
mean edges/level: 16     max edges/level: 27
mean edges/node:  1.037  mean count/edge: 4

Window=7 Iteration=14
Time for building model:         1 minute 45 seconds
Time for sampling (singles):     2 minutes 4 seconds
DAG statistics
mean edges/level: 17     max edges/level: 29
mean edges/node:  1.033  mean count/edge: 4

Window=7 Iteration=15
Time for building model:         1 minute 10 seconds
Time for sampling (singles):     1 minute 42 seconds
DAG statistics
mean edges/level: 18     max edges/level: 28
mean edges/node:  1.030  mean count/edge: 4

Window 8 [ NC_037329.1:68833164-77795752 ]
target markers:      50000

Starting burn-in iterations

Window=8 Iteration=1
Time for building model:         2 minutes 19 seconds
Time for sampling (singles):     29 seconds
DAG statistics
mean edges/level: 7      max edges/level: 24
mean edges/node:  1.446  mean count/edge: 10

Window=8 Iteration=2
Time for building model:         3 minutes 0 seconds
Time for sampling (singles):     24 seconds
DAG statistics
mean edges/level: 7      max edges/level: 23
mean edges/node:  1.263  mean count/edge: 10

Window=8 Iteration=3
Time for building model:         1 minute 23 seconds
Time for sampling (singles):     11 seconds
DAG statistics
mean edges/level: 6      max edges/level: 24
mean edges/node:  1.170  mean count/edge: 11

Window=8 Iteration=4
Time for building model:         2 minutes 37 seconds
Time for sampling (singles):     17 seconds
DAG statistics
mean edges/level: 7      max edges/level: 27
mean edges/node:  1.137  mean count/edge: 10

Window=8 Iteration=5
Time for building model:         1 minute 57 seconds
Time for sampling (singles):     21 seconds
DAG statistics
mean edges/level: 8      max edges/level: 25
mean edges/node:  1.113  mean count/edge: 9

Window=8 Iteration=6
Time for building model:         1 minute 32 seconds
Time for sampling (singles):     9 seconds
DAG statistics
mean edges/level: 6      max edges/level: 23
mean edges/node:  1.122  mean count/edge: 11

Window=8 Iteration=7
Time for building model:         1 minute 30 seconds
Time for sampling (singles):     12 seconds
DAG statistics
mean edges/level: 6      max edges/level: 26
mean edges/node:  1.116  mean count/edge: 11

Window=8 Iteration=8
Time for building model:         2 minutes 0 seconds
Time for sampling (singles):     26 seconds
DAG statistics
mean edges/level: 7      max edges/level: 25
mean edges/node:  1.112  mean count/edge: 10

Window=8 Iteration=9
Time for building model:         1 minute 37 seconds
Time for sampling (singles):     16 seconds
DAG statistics
mean edges/level: 8      max edges/level: 26
mean edges/node:  1.101  mean count/edge: 9

Window=8 Iteration=10
Time for building model:         2 minutes 51 seconds
Time for sampling (singles):     14 seconds
DAG statistics
mean edges/level: 8      max edges/level: 33
mean edges/node:  1.096  mean count/edge: 9

Starting phasing iterations

Window=8 Iteration=11
Time for building model:         1 minute 6 seconds
Time for sampling (singles):     2 minutes 14 seconds
DAG statistics
mean edges/level: 10     max edges/level: 26
mean edges/node:  1.063  mean count/edge: 7

Window=8 Iteration=12
Time for building model:         1 minute 13 seconds
Time for sampling (singles):     2 minutes 3 seconds
DAG statistics
mean edges/level: 8      max edges/level: 25
mean edges/node:  1.074  mean count/edge: 9

Window=8 Iteration=13
Time for building model:         1 minute 22 seconds
Time for sampling (singles):     2 minutes 20 seconds
DAG statistics
mean edges/level: 14     max edges/level: 26
mean edges/node:  1.046  mean count/edge: 5

Window=8 Iteration=14
Time for building model:         1 minute 4 seconds
Time for sampling (singles):     2 minutes 15 seconds
DAG statistics
mean edges/level: 16     max edges/level: 30
mean edges/node:  1.037  mean count/edge: 4

Window=8 Iteration=15
Time for building model:         1 minute 5 seconds
Time for sampling (singles):     2 minutes 10 seconds
DAG statistics
mean edges/level: 17     max edges/level: 31
mean edges/node:  1.033  mean count/edge: 4

Window 9 [ NC_037329.1:77275587-89304725 ]
target markers:      50000

Starting burn-in iterations

Window=9 Iteration=1
Time for building model:         1 minute 39 seconds
Time for sampling (singles):     10 seconds
DAG statistics
mean edges/level: 7      max edges/level: 23
mean edges/node:  1.477  mean count/edge: 10

Window=9 Iteration=2
Time for building model:         1 minute 44 seconds
Time for sampling (singles):     10 seconds
DAG statistics
mean edges/level: 6      max edges/level: 17
mean edges/node:  1.335  mean count/edge: 11

Window=9 Iteration=3
Time for building model:         1 minute 40 seconds
Time for sampling (singles):     11 seconds
DAG statistics
mean edges/level: 6      max edges/level: 23
mean edges/node:  1.190  mean count/edge: 11

Window=9 Iteration=4
Time for building model:         2 minutes 2 seconds
Time for sampling (singles):     28 seconds
DAG statistics
mean edges/level: 6      max edges/level: 20
mean edges/node:  1.164  mean count/edge: 11

Window=9 Iteration=5
Time for building model:         1 minute 43 seconds
Time for sampling (singles):     11 seconds
DAG statistics
mean edges/level: 7      max edges/level: 23
mean edges/node:  1.137  mean count/edge: 10

Window=9 Iteration=6
Time for building model:         1 minute 18 seconds
Time for sampling (singles):     4 seconds
DAG statistics
mean edges/level: 6      max edges/level: 22
mean edges/node:  1.141  mean count/edge: 11

Window=9 Iteration=7
Time for building model:         2 minutes 29 seconds
Time for sampling (singles):     22 seconds
DAG statistics
mean edges/level: 7      max edges/level: 25
mean edges/node:  1.127  mean count/edge: 10

Window=9 Iteration=8
Time for building model:         2 minutes 21 seconds
Time for sampling (singles):     17 seconds
DAG statistics
mean edges/level: 6      max edges/level: 21
mean edges/node:  1.130  mean count/edge: 11

Window=9 Iteration=9
Time for building model:         2 minutes 44 seconds
Time for sampling (singles):     19 seconds
DAG statistics
mean edges/level: 7      max edges/level: 24
mean edges/node:  1.116  mean count/edge: 10

Window=9 Iteration=10
Time for building model:         1 minute 50 seconds
Time for sampling (singles):     19 seconds
DAG statistics
mean edges/level: 7      max edges/level: 22
mean edges/node:  1.122  mean count/edge: 10

Starting phasing iterations

Window=9 Iteration=11
Time for building model:         34 seconds
Time for sampling (singles):     2 minutes 22 seconds
DAG statistics
mean edges/level: 12     max edges/level: 26
mean edges/node:  1.069  mean count/edge: 6

Window=9 Iteration=12
Time for building model:         1 minute 12 seconds
Time for sampling (singles):     2 minutes 54 seconds
DAG statistics
mean edges/level: 14     max edges/level: 29
mean edges/node:  1.052  mean count/edge: 5

Window=9 Iteration=13
Time for building model:         1 minute 25 seconds
Time for sampling (singles):     2 minutes 23 seconds
DAG statistics
mean edges/level: 16     max edges/level: 28
mean edges/node:  1.044  mean count/edge: 4

Window=9 Iteration=14
Time for building model:         1 minute 7 seconds
Time for sampling (singles):     1 minute 32 seconds
DAG statistics
mean edges/level: 17     max edges/level: 30
mean edges/node:  1.038  mean count/edge: 4

Window=9 Iteration=15
Time for building model:         1 minute 21 seconds
Time for sampling (singles):     1 minute 43 seconds
DAG statistics
mean edges/level: 18     max edges/level: 31
mean edges/node:  1.034  mean count/edge: 4

Window 10 [ NC_037329.1:88614504-98811787 ]
target markers:      50000

Starting burn-in iterations

Window=10 Iteration=1
Time for building model:         1 minute 37 seconds
Time for sampling (singles):     4 seconds
DAG statistics
mean edges/level: 7      max edges/level: 24
mean edges/node:  1.483  mean count/edge: 10

Window=10 Iteration=2
Time for building model:         2 minutes 22 seconds
Time for sampling (singles):     11 seconds
DAG statistics
mean edges/level: 6      max edges/level: 21
mean edges/node:  1.331  mean count/edge: 11

Window=10 Iteration=3
Time for building model:         2 minutes 22 seconds
Time for sampling (singles):     5 seconds
DAG statistics
mean edges/level: 8      max edges/level: 26
mean edges/node:  1.184  mean count/edge: 9

Window=10 Iteration=4
Time for building model:         1 minute 47 seconds
Time for sampling (singles):     13 seconds
DAG statistics
mean edges/level: 6      max edges/level: 20
mean edges/node:  1.165  mean count/edge: 11

Window=10 Iteration=5
Time for building model:         1 minute 56 seconds
Time for sampling (singles):     12 seconds
DAG statistics
mean edges/level: 6      max edges/level: 23
mean edges/node:  1.144  mean count/edge: 11

Window=10 Iteration=6
Time for building model:         1 minute 47 seconds
Time for sampling (singles):     5 seconds
DAG statistics
mean edges/level: 6      max edges/level: 18
mean edges/node:  1.149  mean count/edge: 11

Window=10 Iteration=7
Time for building model:         2 minutes 14 seconds
Time for sampling (singles):     9 seconds
DAG statistics
mean edges/level: 8      max edges/level: 26
mean edges/node:  1.122  mean count/edge: 9

Window=10 Iteration=8
Time for building model:         1 minute 44 seconds
Time for sampling (singles):     13 seconds
DAG statistics
mean edges/level: 6      max edges/level: 21
mean edges/node:  1.132  mean count/edge: 11

Window=10 Iteration=9
Time for building model:         2 minutes 17 seconds
Time for sampling (singles):     30 seconds
DAG statistics
mean edges/level: 9      max edges/level: 24
mean edges/node:  1.107  mean count/edge: 8

Window=10 Iteration=10
Time for building model:         2 minutes 5 seconds
Time for sampling (singles):     17 seconds
DAG statistics
mean edges/level: 6      max edges/level: 21
mean edges/node:  1.127  mean count/edge: 11

Starting phasing iterations

Window=10 Iteration=11
Time for building model:         55 seconds
Time for sampling (singles):     2 minutes 11 seconds
DAG statistics
mean edges/level: 8      max edges/level: 25
mean edges/node:  1.091  mean count/edge: 9

Window=10 Iteration=12
Time for building model:         57 seconds
Time for sampling (singles):     3 minutes 6 seconds
DAG statistics
mean edges/level: 13     max edges/level: 26
mean edges/node:  1.060  mean count/edge: 5

Window=10 Iteration=13
Time for building model:         1 minute 15 seconds
Time for sampling (singles):     2 minutes 2 seconds
DAG statistics
mean edges/level: 15     max edges/level: 27
mean edges/node:  1.048  mean count/edge: 5

Window=10 Iteration=14
Time for building model:         1 minute 21 seconds
Time for sampling (singles):     2 minutes 53 seconds
DAG statistics
mean edges/level: 16     max edges/level: 30
mean edges/node:  1.041  mean count/edge: 4

Window=10 Iteration=15
Time for building model:         1 minute 39 seconds
Time for sampling (singles):     2 minutes 17 seconds
DAG statistics
mean edges/level: 17     max edges/level: 29
mean edges/node:  1.038  mean count/edge: 4

Window 11 [ NC_037329.1:98287596-107919733 ]
target markers:      50000

Starting burn-in iterations

Window=11 Iteration=1
Time for building model:         2 minutes 13 seconds
Time for sampling (singles):     21 seconds
DAG statistics
mean edges/level: 8      max edges/level: 27
mean edges/node:  1.444  mean count/edge: 9

Window=11 Iteration=2
Time for building model:         1 minute 29 seconds
Time for sampling (singles):     6 seconds
DAG statistics
mean edges/level: 6      max edges/level: 17
mean edges/node:  1.340  mean count/edge: 11

Window=11 Iteration=3
Time for building model:         1 minute 42 seconds
Time for sampling (singles):     7 seconds
DAG statistics
mean edges/level: 9      max edges/level: 25
mean edges/node:  1.167  mean count/edge: 8

Window=11 Iteration=4
Time for building model:         1 minute 51 seconds
Time for sampling (singles):     3 seconds
DAG statistics
mean edges/level: 6      max edges/level: 19
mean edges/node:  1.164  mean count/edge: 11

Window=11 Iteration=5
Time for building model:         2 minutes 21 seconds
Time for sampling (singles):     11 seconds
DAG statistics
mean edges/level: 9      max edges/level: 27
mean edges/node:  1.121  mean count/edge: 8

Window=11 Iteration=6
Time for building model:         2 minutes 21 seconds
Time for sampling (singles):     6 seconds
DAG statistics
mean edges/level: 7      max edges/level: 22
mean edges/node:  1.130  mean count/edge: 10

Window=11 Iteration=7
Time for building model:         1 minute 40 seconds
Time for sampling (singles):     3 seconds
DAG statistics
mean edges/level: 7      max edges/level: 25
mean edges/node:  1.123  mean count/edge: 10

Window=11 Iteration=8
Time for building model:         2 minutes 15 seconds
Time for sampling (singles):     16 seconds
DAG statistics
mean edges/level: 9      max edges/level: 25
mean edges/node:  1.106  mean count/edge: 8

Window=11 Iteration=9
Time for building model:         2 minutes 20 seconds
Time for sampling (singles):     17 seconds
DAG statistics
mean edges/level: 10     max edges/level: 25
mean edges/node:  1.093  mean count/edge: 7

Window=11 Iteration=10
Time for building model:         1 minute 38 seconds
Time for sampling (singles):     8 seconds
DAG statistics
mean edges/level: 6      max edges/level: 21
mean edges/node:  1.122  mean count/edge: 11

Starting phasing iterations

Window=11 Iteration=11
Time for building model:         51 seconds
Time for sampling (singles):     2 minutes 1 second
DAG statistics
mean edges/level: 13     max edges/level: 28
mean edges/node:  1.057  mean count/edge: 5

Window=11 Iteration=12
Time for building model:         1 minute 35 seconds
Time for sampling (singles):     2 minutes 49 seconds
DAG statistics
mean edges/level: 15     max edges/level: 26
mean edges/node:  1.047  mean count/edge: 5

Window=11 Iteration=13
Time for building model:         57 seconds
Time for sampling (singles):     2 minutes 32 seconds
DAG statistics
mean edges/level: 16     max edges/level: 30
mean edges/node:  1.041  mean count/edge: 4

Window=11 Iteration=14
Time for building model:         1 minute 49 seconds
Time for sampling (singles):     2 minutes 46 seconds
DAG statistics
mean edges/level: 17     max edges/level: 28
mean edges/node:  1.037  mean count/edge: 4

Window=11 Iteration=15
Time for building model:         1 minute 29 seconds
Time for sampling (singles):     2 minutes 7 seconds
DAG statistics
mean edges/level: 18     max edges/level: 31
mean edges/node:  1.034  mean count/edge: 4

Window 12 [ NC_037329.1:107409244-115997774 ]
target markers:      50000

Starting burn-in iterations

Window=12 Iteration=1
Time for building model:         3 minutes 10 seconds
Time for sampling (singles):     13 seconds
DAG statistics
mean edges/level: 8      max edges/level: 24
mean edges/node:  1.430  mean count/edge: 9

Window=12 Iteration=2
Time for building model:         2 minutes 14 seconds
Time for sampling (singles):     23 seconds
DAG statistics
mean edges/level: 6      max edges/level: 20
mean edges/node:  1.336  mean count/edge: 11

Window=12 Iteration=3
Time for building model:         2 minutes 22 seconds
Time for sampling (singles):     22 seconds
DAG statistics
mean edges/level: 8      max edges/level: 24
mean edges/node:  1.175  mean count/edge: 9

Window=12 Iteration=4
Time for building model:         1 minute 44 seconds
Time for sampling (singles):     17 seconds
DAG statistics
mean edges/level: 6      max edges/level: 18
mean edges/node:  1.168  mean count/edge: 11

Window=12 Iteration=5
Time for building model:         2 minutes 13 seconds
Time for sampling (singles):     8 seconds
DAG statistics
mean edges/level: 8      max edges/level: 27
mean edges/node:  1.128  mean count/edge: 9

Window=12 Iteration=6
Time for building model:         2 minutes 19 seconds
Time for sampling (singles):     11 seconds
DAG statistics
mean edges/level: 9      max edges/level: 26
mean edges/node:  1.109  mean count/edge: 8

Window=12 Iteration=7
Time for building model:         2 minutes 59 seconds
Time for sampling (singles):     13 seconds
DAG statistics
mean edges/level: 10     max edges/level: 25
mean edges/node:  1.092  mean count/edge: 7

Window=12 Iteration=8
Time for building model:         1 minute 45 seconds
Time for sampling (singles):     19 seconds
DAG statistics
mean edges/level: 7      max edges/level: 24
mean edges/node:  1.108  mean count/edge: 10

Window=12 Iteration=9
Time for building model:         2 minutes 28 seconds
Time for sampling (singles):     13 seconds
DAG statistics
mean edges/level: 10     max edges/level: 25
mean edges/node:  1.092  mean count/edge: 7

Window=12 Iteration=10
Time for building model:         2 minutes 27 seconds
Time for sampling (singles):     14 seconds
DAG statistics
mean edges/level: 11     max edges/level: 28
mean edges/node:  1.083  mean count/edge: 6

Starting phasing iterations

Window=12 Iteration=11
Time for building model:         1 minute 46 seconds
Time for sampling (singles):     2 minutes 27 seconds
DAG statistics
mean edges/level: 14     max edges/level: 27
mean edges/node:  1.052  mean count/edge: 5

Window=12 Iteration=12
Time for building model:         1 minute 13 seconds
Time for sampling (singles):     2 minutes 5 seconds
DAG statistics
mean edges/level: 16     max edges/level: 27
mean edges/node:  1.044  mean count/edge: 4

Window=12 Iteration=13
Time for building model:         1 minute 47 seconds
Time for sampling (singles):     2 minutes 13 seconds
DAG statistics
mean edges/level: 17     max edges/level: 28
mean edges/node:  1.038  mean count/edge: 4

Window=12 Iteration=14
Time for building model:         1 minute 0 seconds
Time for sampling (singles):     2 minutes 2 seconds
DAG statistics
mean edges/level: 18     max edges/level: 30
mean edges/node:  1.035  mean count/edge: 4

Window=12 Iteration=15
Time for building model:         47 seconds
Time for sampling (singles):     1 minute 25 seconds
DAG statistics
mean edges/level: 18     max edges/level: 29
mean edges/node:  1.032  mean count/edge: 4

Window 13 [ NC_037329.1:115448235-123407063 ]
target markers:      50000

Starting burn-in iterations

Window=13 Iteration=1
Time for building model:         1 minute 33 seconds
Time for sampling (singles):     4 seconds
DAG statistics
mean edges/level: 7      max edges/level: 23
mean edges/node:  1.478  mean count/edge: 10

Window=13 Iteration=2
Time for building model:         1 minute 24 seconds
Time for sampling (singles):     6 seconds
DAG statistics
mean edges/level: 6      max edges/level: 18
mean edges/node:  1.357  mean count/edge: 11

Window=13 Iteration=3
Time for building model:         1 minute 32 seconds
Time for sampling (singles):     5 seconds
DAG statistics
mean edges/level: 7      max edges/level: 22
mean edges/node:  1.199  mean count/edge: 10

Window=13 Iteration=4
Time for building model:         1 minute 37 seconds
Time for sampling (singles):     3 seconds
DAG statistics
mean edges/level: 6      max edges/level: 19
mean edges/node:  1.188  mean count/edge: 11

Window=13 Iteration=5
Time for building model:         1 minute 11 seconds
Time for sampling (singles):     4 seconds
DAG statistics
mean edges/level: 7      max edges/level: 23
mean edges/node:  1.145  mean count/edge: 10

Window=13 Iteration=6
Time for building model:         56 seconds
Time for sampling (singles):     4 seconds
DAG statistics
mean edges/level: 6      max edges/level: 24
mean edges/node:  1.152  mean count/edge: 11

Window=13 Iteration=7
Time for building model:         1 minute 33 seconds
Time for sampling (singles):     10 seconds
DAG statistics
mean edges/level: 7      max edges/level: 23
mean edges/node:  1.137  mean count/edge: 10

Window=13 Iteration=8
Time for building model:         1 minute 3 seconds
Time for sampling (singles):     5 seconds
DAG statistics
mean edges/level: 7      max edges/level: 23
mean edges/node:  1.137  mean count/edge: 10

Window=13 Iteration=9
Time for building model:         1 minute 13 seconds
Time for sampling (singles):     6 seconds
DAG statistics
mean edges/level: 9      max edges/level: 23
mean edges/node:  1.119  mean count/edge: 8

Window=13 Iteration=10
Time for building model:         1 minute 32 seconds
Time for sampling (singles):     5 seconds
DAG statistics
mean edges/level: 6      max edges/level: 19
mean edges/node:  1.133  mean count/edge: 11

Starting phasing iterations

Window=13 Iteration=11
Time for building model:         27 seconds
Time for sampling (singles):     1 minute 20 seconds
DAG statistics
mean edges/level: 10     max edges/level: 26
mean edges/node:  1.081  mean count/edge: 7

Window=13 Iteration=12
Time for building model:         34 seconds
Time for sampling (singles):     2 minutes 4 seconds
DAG statistics
mean edges/level: 10     max edges/level: 25
mean edges/node:  1.079  mean count/edge: 7

Window=13 Iteration=13
Time for building model:         40 seconds
Time for sampling (singles):     1 minute 1 second
DAG statistics
mean edges/level: 14     max edges/level: 28
mean edges/node:  1.057  mean count/edge: 5

Window=13 Iteration=14
Time for building model:         51 seconds
Time for sampling (singles):     1 minute 29 seconds
DAG statistics
mean edges/level: 15     max edges/level: 28
mean edges/node:  1.049  mean count/edge: 5

Window=13 Iteration=15
Time for building model:         51 seconds
Time for sampling (singles):     1 minute 9 seconds
DAG statistics
mean edges/level: 16     max edges/level: 28
mean edges/node:  1.044  mean count/edge: 4

Window 14 [ NC_037329.1:123148844-130036321 ]
target markers:      50000

Starting burn-in iterations

Window=14 Iteration=1
Time for building model:         1 minute 23 seconds
Time for sampling (singles):     6 seconds
DAG statistics
mean edges/level: 7      max edges/level: 23
mean edges/node:  1.501  mean count/edge: 10

Window=14 Iteration=2
Time for building model:         50 seconds
Time for sampling (singles):     5 seconds
DAG statistics
mean edges/level: 7      max edges/level: 20
mean edges/node:  1.351  mean count/edge: 10

Window=14 Iteration=3
Time for building model:         59 seconds
Time for sampling (singles):     5 seconds
DAG statistics
mean edges/level: 6      max edges/level: 26
mean edges/node:  1.226  mean count/edge: 11

Window=14 Iteration=4
Time for building model:         1 minute 17 seconds
Time for sampling (singles):     10 seconds
DAG statistics
mean edges/level: 9      max edges/level: 24
mean edges/node:  1.158  mean count/edge: 8

Window=14 Iteration=5
Time for building model:         1 minute 8 seconds
Time for sampling (singles):     8 seconds
DAG statistics
mean edges/level: 7      max edges/level: 26
mean edges/node:  1.150  mean count/edge: 10

Window=14 Iteration=6
Time for building model:         48 seconds
Time for sampling (singles):     5 seconds
DAG statistics
mean edges/level: 8      max edges/level: 22
mean edges/node:  1.140  mean count/edge: 9

Window=14 Iteration=7
Time for building model:         1 minute 26 seconds
Time for sampling (singles):     3 seconds
DAG statistics
mean edges/level: 7      max edges/level: 24
mean edges/node:  1.135  mean count/edge: 10

Window=14 Iteration=8
Time for building model:         1 minute 30 seconds
Time for sampling (singles):     4 seconds
DAG statistics
mean edges/level: 6      max edges/level: 21
mean edges/node:  1.149  mean count/edge: 11

Window=14 Iteration=9
Time for building model:         1 minute 6 seconds
Time for sampling (singles):     7 seconds
DAG statistics
mean edges/level: 7      max edges/level: 23
mean edges/node:  1.137  mean count/edge: 10

Window=14 Iteration=10
Time for building model:         1 minute 18 seconds
Time for sampling (singles):     7 seconds
DAG statistics
mean edges/level: 8      max edges/level: 22
mean edges/node:  1.128  mean count/edge: 9

Starting phasing iterations

Window=14 Iteration=11
Time for building model:         48 seconds
Time for sampling (singles):     1 minute 48 seconds
DAG statistics
mean edges/level: 10     max edges/level: 24
mean edges/node:  1.084  mean count/edge: 7

Window=14 Iteration=12
Time for building model:         1 minute 13 seconds
Time for sampling (singles):     2 minutes 17 seconds
DAG statistics
mean edges/level: 10     max edges/level: 26
mean edges/node:  1.080  mean count/edge: 7

Window=14 Iteration=13
Time for building model:         31 seconds
Time for sampling (singles):     1 minute 26 seconds
DAG statistics
mean edges/level: 14     max edges/level: 28
mean edges/node:  1.058  mean count/edge: 5

Window=14 Iteration=14
Time for building model:         32 seconds
Time for sampling (singles):     1 minute 43 seconds
DAG statistics
mean edges/level: 16     max edges/level: 26
mean edges/node:  1.050  mean count/edge: 4

Window=14 Iteration=15
Time for building model:         45 seconds
Time for sampling (singles):     1 minute 27 seconds
DAG statistics
mean edges/level: 17     max edges/level: 28
mean edges/node:  1.045  mean count/edge: 4

Window 15 [ NC_037329.1:129653757-135477350 ]
target markers:      50000

Starting burn-in iterations

Window=15 Iteration=1
Time for building model:         56 seconds
Time for sampling (singles):     2 seconds
DAG statistics
mean edges/level: 7      max edges/level: 27
mean edges/node:  1.518  mean count/edge: 10

Window=15 Iteration=2
Time for building model:         1 minute 1 second
Time for sampling (singles):     4 seconds
DAG statistics
mean edges/level: 7      max edges/level: 18
mean edges/node:  1.373  mean count/edge: 10

Window=15 Iteration=3
Time for building model:         33 seconds
Time for sampling (singles):     3 seconds
DAG statistics
mean edges/level: 7      max edges/level: 26
mean edges/node:  1.236  mean count/edge: 10

Window=15 Iteration=4
Time for building model:         1 minute 27 seconds
Time for sampling (singles):     6 seconds
DAG statistics
mean edges/level: 7      max edges/level: 22
mean edges/node:  1.204  mean count/edge: 10

Window=15 Iteration=5
Time for building model:         1 minute 14 seconds
Time for sampling (singles):     3 seconds
DAG statistics
mean edges/level: 7      max edges/level: 26
mean edges/node:  1.171  mean count/edge: 10

Window=15 Iteration=6
Time for building model:         1 minute 37 seconds
Time for sampling (singles):     11 seconds
DAG statistics
mean edges/level: 9      max edges/level: 26
mean edges/node:  1.144  mean count/edge: 8

Window=15 Iteration=7
Time for building model:         56 seconds
Time for sampling (singles):     4 seconds
DAG statistics
mean edges/level: 8      max edges/level: 26
mean edges/node:  1.139  mean count/edge: 9

Window=15 Iteration=8
Time for building model:         1 minute 25 seconds
Time for sampling (singles):     5 seconds
DAG statistics
mean edges/level: 10     max edges/level: 24
mean edges/node:  1.127  mean count/edge: 7

Window=15 Iteration=9
Time for building model:         1 minute 38 seconds
Time for sampling (singles):     6 seconds
DAG statistics
mean edges/level: 10     max edges/level: 31
mean edges/node:  1.113  mean count/edge: 7

Window=15 Iteration=10
Time for building model:         1 minute 1 second
Time for sampling (singles):     4 seconds
DAG statistics
mean edges/level: 8      max edges/level: 22
mean edges/node:  1.129  mean count/edge: 9

Starting phasing iterations

Window=15 Iteration=11
Time for building model:         46 seconds
Time for sampling (singles):     1 minute 57 seconds
DAG statistics
mean edges/level: 13     max edges/level: 27
mean edges/node:  1.072  mean count/edge: 5

Window=15 Iteration=12
Time for building model:         41 seconds
Time for sampling (singles):     2 minutes 22 seconds
DAG statistics
mean edges/level: 15     max edges/level: 26
mean edges/node:  1.060  mean count/edge: 5

Window=15 Iteration=13
Time for building model:         43 seconds
Time for sampling (singles):     1 minute 28 seconds
DAG statistics
mean edges/level: 16     max edges/level: 27
mean edges/node:  1.053  mean count/edge: 4

Window=15 Iteration=14
Time for building model:         1 minute 0 seconds
Time for sampling (singles):     59 seconds
DAG statistics
mean edges/level: 17     max edges/level: 27
mean edges/node:  1.048  mean count/edge: 4

Window=15 Iteration=15
Time for building model:         24 seconds
Time for sampling (singles):     31 seconds
DAG statistics
mean edges/level: 17     max edges/level: 31
mean edges/node:  1.045  mean count/edge: 4

Window 16 [ NC_037329.1:135168108-136228777 ]
target markers:       8749

Starting burn-in iterations

Window=16 Iteration=1
Time for building model:         9 seconds
Time for sampling (singles):     0 seconds
DAG statistics
mean edges/level: 7      max edges/level: 22
mean edges/node:  1.375  mean count/edge: 10

Window=16 Iteration=2
Time for building model:         2 seconds
Time for sampling (singles):     3 seconds
DAG statistics
mean edges/level: 8      max edges/level: 24
mean edges/node:  1.276  mean count/edge: 9

Window=16 Iteration=3
Time for building model:         2 seconds
Time for sampling (singles):     0 seconds
DAG statistics
mean edges/level: 9      max edges/level: 22
mean edges/node:  1.204  mean count/edge: 8

Window=16 Iteration=4
Time for building model:         1 second
Time for sampling (singles):     0 seconds
DAG statistics
mean edges/level: 9      max edges/level: 23
mean edges/node:  1.169  mean count/edge: 8

Window=16 Iteration=5
Time for building model:         0 seconds
Time for sampling (singles):     1 second
DAG statistics
mean edges/level: 9      max edges/level: 23
mean edges/node:  1.152  mean count/edge: 8

Window=16 Iteration=6
Time for building model:         14 seconds
Time for sampling (singles):     1 second
DAG statistics
mean edges/level: 9      max edges/level: 24
mean edges/node:  1.144  mean count/edge: 8

Window=16 Iteration=7
Time for building model:         20 seconds
Time for sampling (singles):     6 seconds
DAG statistics
mean edges/level: 10     max edges/level: 22
mean edges/node:  1.134  mean count/edge: 7

Window=16 Iteration=8
Time for building model:         17 seconds
Time for sampling (singles):     5 seconds
DAG statistics
mean edges/level: 10     max edges/level: 23
mean edges/node:  1.126  mean count/edge: 7

Window=16 Iteration=9
Time for building model:         17 seconds
Time for sampling (singles):     9 seconds
DAG statistics
mean edges/level: 10     max edges/level: 22
mean edges/node:  1.121  mean count/edge: 7

Window=16 Iteration=10
Time for building model:         25 seconds
Time for sampling (singles):     1 second
DAG statistics
mean edges/level: 10     max edges/level: 24
mean edges/node:  1.116  mean count/edge: 7

Starting phasing iterations

Window=16 Iteration=11
Time for building model:         9 seconds
Time for sampling (singles):     5 seconds
DAG statistics
mean edges/level: 13     max edges/level: 22
mean edges/node:  1.090  mean count/edge: 5

Window=16 Iteration=12
Time for building model:         3 seconds
Time for sampling (singles):     9 seconds
DAG statistics
mean edges/level: 14     max edges/level: 26
mean edges/node:  1.081  mean count/edge: 5

Window=16 Iteration=13
Time for building model:         13 seconds
Time for sampling (singles):     15 seconds
DAG statistics
mean edges/level: 15     max edges/level: 26
mean edges/node:  1.071  mean count/edge: 5

Window=16 Iteration=14
Time for building model:         5 seconds
Time for sampling (singles):     3 seconds
DAG statistics
mean edges/level: 15     max edges/level: 25
mean edges/node:  1.066  mean count/edge: 5

Window=16 Iteration=15
Time for building model:         3 seconds
Time for sampling (singles):     7 seconds
DAG statistics
mean edges/level: 16     max edges/level: 27
mean edges/node:  1.062  mean count/edge: 4

Number of markers:              713749
Total time for building model: 3 hours 42 minutes 12 seconds
Total time for sampling:       2 hours 5 minutes 4 seconds
Total run time:                6 hours 5 minutes 3 seconds

End time: 12:46 AM CEST on 05 Apr 2024
beagle.27Jan18.7e1.jar (version 4.1) finished
