beagle.27Jan18.7e1.jar (version 4.1)
Copyright (C) 2014-2015 Brian L. Browning
Enter "java -jar beagle.27Jan18.7e1.jar" for a summary of command line arguments.
Start time: 06:40 PM CEST on 04 Apr 2024

Command line: java -Xmx54613m -jar beagle.jar
  gl=results/gl/Bostau9_tragmain2_sites_variable_noindels_renamed_Tspe.bcf.gz.NC_037344.1.vcf.gz
  chrom=NC_037344.1
  out=results/imputed/Bostau9_tragmain2_sites_variable_noindels_renamed_Tspe.bcf.gz.NC_037344.1
  nthreads=6

No genetic map is specified: using 1 cM = 1 Mb

reference samples:       0
target samples:         34

Window 1 [ NC_037344.1:26078-12930855 ]
target markers:      50000

Starting burn-in iterations

Window=1 Iteration=1
Time for building model:         1 second
Time for sampling (singles):     2 seconds
DAG statistics
mean edges/level: 6      max edges/level: 17
mean edges/node:  1.585  mean count/edge: 11

Window=1 Iteration=2
Time for building model:         1 second
Time for sampling (singles):     2 seconds
DAG statistics
mean edges/level: 6      max edges/level: 16
mean edges/node:  1.370  mean count/edge: 11

Window=1 Iteration=3
Time for building model:         2 seconds
Time for sampling (singles):     2 seconds
DAG statistics
mean edges/level: 5      max edges/level: 16
mean edges/node:  1.258  mean count/edge: 14

Window=1 Iteration=4
Time for building model:         1 second
Time for sampling (singles):     2 seconds
DAG statistics
mean edges/level: 5      max edges/level: 18
mean edges/node:  1.207  mean count/edge: 14

Window=1 Iteration=5
Time for building model:         1 second
Time for sampling (singles):     2 seconds
DAG statistics
mean edges/level: 5      max edges/level: 18
mean edges/node:  1.191  mean count/edge: 14

Window=1 Iteration=6
Time for building model:         1 second
Time for sampling (singles):     2 seconds
DAG statistics
mean edges/level: 5      max edges/level: 23
mean edges/node:  1.172  mean count/edge: 14

Window=1 Iteration=7
Time for building model:         1 second
Time for sampling (singles):     2 seconds
DAG statistics
mean edges/level: 5      max edges/level: 17
mean edges/node:  1.173  mean count/edge: 14

Window=1 Iteration=8
Time for building model:         2 seconds
Time for sampling (singles):     3 seconds
DAG statistics
mean edges/level: 6      max edges/level: 21
mean edges/node:  1.153  mean count/edge: 11

Window=1 Iteration=9
Time for building model:         1 second
Time for sampling (singles):     2 seconds
DAG statistics
mean edges/level: 6      max edges/level: 22
mean edges/node:  1.157  mean count/edge: 11

Window=1 Iteration=10
Time for building model:         1 second
Time for sampling (singles):     3 seconds
DAG statistics
mean edges/level: 6      max edges/level: 20
mean edges/node:  1.147  mean count/edge: 11

Starting phasing iterations

Window=1 Iteration=11
Time for building model:         2 seconds
Time for sampling (singles):     4 seconds
DAG statistics
mean edges/level: 11     max edges/level: 23
mean edges/node:  1.083  mean count/edge: 6

Window=1 Iteration=12
Time for building model:         2 seconds
Time for sampling (singles):     4 seconds
DAG statistics
mean edges/level: 12     max edges/level: 27
mean edges/node:  1.068  mean count/edge: 6

Window=1 Iteration=13
Time for building model:         2 seconds
Time for sampling (singles):     3 seconds
DAG statistics
mean edges/level: 10     max edges/level: 27
mean edges/node:  1.073  mean count/edge: 7

Window=1 Iteration=14
Time for building model:         2 seconds
Time for sampling (singles):     4 seconds
DAG statistics
mean edges/level: 14     max edges/level: 26
mean edges/node:  1.055  mean count/edge: 5

Window=1 Iteration=15
Time for building model:         2 seconds
Time for sampling (singles):     3 seconds
DAG statistics
mean edges/level: 15     max edges/level: 27
mean edges/node:  1.046  mean count/edge: 5

Window 2 [ NC_037344.1:12263074-21859955 ]
target markers:      50000

Starting burn-in iterations

Window=2 Iteration=1
Time for building model:         2 seconds
Time for sampling (singles):     3 seconds
DAG statistics
mean edges/level: 6      max edges/level: 26
mean edges/node:  1.515  mean count/edge: 11

Window=2 Iteration=2
Time for building model:         1 second
Time for sampling (singles):     3 seconds
DAG statistics
mean edges/level: 6      max edges/level: 24
mean edges/node:  1.336  mean count/edge: 11

Window=2 Iteration=3
Time for building model:         1 second
Time for sampling (singles):     2 seconds
DAG statistics
mean edges/level: 6      max edges/level: 25
mean edges/node:  1.215  mean count/edge: 11

Window=2 Iteration=4
Time for building model:         2 seconds
Time for sampling (singles):     4 seconds
DAG statistics
mean edges/level: 7      max edges/level: 26
mean edges/node:  1.164  mean count/edge: 10

Window=2 Iteration=5
Time for building model:         1 second
Time for sampling (singles):     2 seconds
DAG statistics
mean edges/level: 5      max edges/level: 24
mean edges/node:  1.161  mean count/edge: 14

Window=2 Iteration=6
Time for building model:         2 seconds
Time for sampling (singles):     4 seconds
DAG statistics
mean edges/level: 7      max edges/level: 22
mean edges/node:  1.141  mean count/edge: 10

Window=2 Iteration=7
Time for building model:         2 seconds
Time for sampling (singles):     2 seconds
DAG statistics
mean edges/level: 6      max edges/level: 25
mean edges/node:  1.141  mean count/edge: 11

Window=2 Iteration=8
Time for building model:         2 seconds
Time for sampling (singles):     4 seconds
DAG statistics
mean edges/level: 8      max edges/level: 25
mean edges/node:  1.128  mean count/edge: 9

Window=2 Iteration=9
Time for building model:         2 seconds
Time for sampling (singles):     4 seconds
DAG statistics
mean edges/level: 7      max edges/level: 26
mean edges/node:  1.120  mean count/edge: 10

Window=2 Iteration=10
Time for building model:         2 seconds
Time for sampling (singles):     5 seconds
DAG statistics
mean edges/level: 8      max edges/level: 23
mean edges/node:  1.110  mean count/edge: 9

Starting phasing iterations

Window=2 Iteration=11
Time for building model:         1 second
Time for sampling (singles):     3 seconds
DAG statistics
mean edges/level: 7      max edges/level: 26
mean edges/node:  1.107  mean count/edge: 10

Window=2 Iteration=12
Time for building model:         2 seconds
Time for sampling (singles):     4 seconds
DAG statistics
mean edges/level: 13     max edges/level: 26
mean edges/node:  1.067  mean count/edge: 5

Window=2 Iteration=13
Time for building model:         2 seconds
Time for sampling (singles):     4 seconds
DAG statistics
mean edges/level: 15     max edges/level: 28
mean edges/node:  1.053  mean count/edge: 5

Window=2 Iteration=14
Time for building model:         2 seconds
Time for sampling (singles):     3 seconds
DAG statistics
mean edges/level: 16     max edges/level: 27
mean edges/node:  1.045  mean count/edge: 4

Window=2 Iteration=15
Time for building model:         2 seconds
Time for sampling (singles):     4 seconds
DAG statistics
mean edges/level: 17     max edges/level: 29
mean edges/node:  1.039  mean count/edge: 4

Window 3 [ NC_037344.1:21214326-32484537 ]
target markers:      50000

Starting burn-in iterations

Window=3 Iteration=1
Time for building model:         2 seconds
Time for sampling (singles):     3 seconds
DAG statistics
mean edges/level: 7      max edges/level: 26
mean edges/node:  1.450  mean count/edge: 10

Window=3 Iteration=2
Time for building model:         2 seconds
Time for sampling (singles):     2 seconds
DAG statistics
mean edges/level: 6      max edges/level: 17
mean edges/node:  1.332  mean count/edge: 11

Window=3 Iteration=3
Time for building model:         1 second
Time for sampling (singles):     2 seconds
DAG statistics
mean edges/level: 6      max edges/level: 26
mean edges/node:  1.188  mean count/edge: 11

Window=3 Iteration=4
Time for building model:         1 second
Time for sampling (singles):     3 seconds
DAG statistics
mean edges/level: 6      max edges/level: 19
mean edges/node:  1.159  mean count/edge: 11

Window=3 Iteration=5
Time for building model:         2 seconds
Time for sampling (singles):     3 seconds
DAG statistics
mean edges/level: 7      max edges/level: 26
mean edges/node:  1.129  mean count/edge: 10

Window=3 Iteration=6
Time for building model:         1 second
Time for sampling (singles):     3 seconds
DAG statistics
mean edges/level: 6      max edges/level: 21
mean edges/node:  1.131  mean count/edge: 11

Window=3 Iteration=7
Time for building model:         1 second
Time for sampling (singles):     2 seconds
DAG statistics
mean edges/level: 6      max edges/level: 26
mean edges/node:  1.120  mean count/edge: 11

Window=3 Iteration=8
Time for building model:         2 seconds
Time for sampling (singles):     3 seconds
DAG statistics
mean edges/level: 7      max edges/level: 26
mean edges/node:  1.118  mean count/edge: 10

Window=3 Iteration=9
Time for building model:         1 second
Time for sampling (singles):     3 seconds
DAG statistics
mean edges/level: 6      max edges/level: 26
mean edges/node:  1.114  mean count/edge: 11

Window=3 Iteration=10
Time for building model:         1 second
Time for sampling (singles):     3 seconds
DAG statistics
mean edges/level: 6      max edges/level: 19
mean edges/node:  1.118  mean count/edge: 11

Starting phasing iterations

Window=3 Iteration=11
Time for building model:         1 second
Time for sampling (singles):     4 seconds
DAG statistics
mean edges/level: 11     max edges/level: 26
mean edges/node:  1.067  mean count/edge: 6

Window=3 Iteration=12
Time for building model:         3 seconds
Time for sampling (singles):     6 seconds
DAG statistics
mean edges/level: 14     max edges/level: 27
mean edges/node:  1.051  mean count/edge: 5

Window=3 Iteration=13
Time for building model:         2 seconds
Time for sampling (singles):     5 seconds
DAG statistics
mean edges/level: 16     max edges/level: 27
mean edges/node:  1.041  mean count/edge: 4

Window=3 Iteration=14
Time for building model:         2 seconds
Time for sampling (singles):     5 seconds
DAG statistics
mean edges/level: 17     max edges/level: 28
mean edges/node:  1.035  mean count/edge: 4

Window=3 Iteration=15
Time for building model:         2 seconds
Time for sampling (singles):     3 seconds
DAG statistics
mean edges/level: 18     max edges/level: 29
mean edges/node:  1.032  mean count/edge: 4

Window 4 [ NC_037344.1:31873421-40802931 ]
target markers:      50000

Starting burn-in iterations

Window=4 Iteration=1
Time for building model:         1 second
Time for sampling (singles):     2 seconds
DAG statistics
mean edges/level: 7      max edges/level: 24
mean edges/node:  1.477  mean count/edge: 10

Window=4 Iteration=2
Time for building model:         1 second
Time for sampling (singles):     2 seconds
DAG statistics
mean edges/level: 6      max edges/level: 18
mean edges/node:  1.330  mean count/edge: 11

Window=4 Iteration=3
Time for building model:         2 seconds
Time for sampling (singles):     2 seconds
DAG statistics
mean edges/level: 7      max edges/level: 24
mean edges/node:  1.176  mean count/edge: 10

Window=4 Iteration=4
Time for building model:         2 seconds
Time for sampling (singles):     3 seconds
DAG statistics
mean edges/level: 6      max edges/level: 19
mean edges/node:  1.156  mean count/edge: 11

Window=4 Iteration=5
Time for building model:         1 second
Time for sampling (singles):     2 seconds
DAG statistics
mean edges/level: 6      max edges/level: 24
mean edges/node:  1.132  mean count/edge: 11

Window=4 Iteration=6
Time for building model:         1 second
Time for sampling (singles):     3 seconds
DAG statistics
mean edges/level: 6      max edges/level: 25
mean edges/node:  1.130  mean count/edge: 11

Window=4 Iteration=7
Time for building model:         7 seconds
Time for sampling (singles):     2 seconds
DAG statistics
mean edges/level: 6      max edges/level: 25
mean edges/node:  1.118  mean count/edge: 11

Window=4 Iteration=8
Time for building model:         35 seconds
Time for sampling (singles):     3 seconds
DAG statistics
mean edges/level: 6      max edges/level: 23
mean edges/node:  1.120  mean count/edge: 11

Window=4 Iteration=9
Time for building model:         16 seconds
Time for sampling (singles):     5 seconds
DAG statistics
mean edges/level: 8      max edges/level: 24
mean edges/node:  1.103  mean count/edge: 9

Window=4 Iteration=10
Time for building model:         19 seconds
Time for sampling (singles):     4 seconds
DAG statistics
mean edges/level: 6      max edges/level: 20
mean edges/node:  1.111  mean count/edge: 11

Starting phasing iterations

Window=4 Iteration=11
Time for building model:         10 seconds
Time for sampling (singles):     17 seconds
DAG statistics
mean edges/level: 6      max edges/level: 24
mean edges/node:  1.097  mean count/edge: 11

Window=4 Iteration=12
Time for building model:         10 seconds
Time for sampling (singles):     9 seconds
DAG statistics
mean edges/level: 13     max edges/level: 27
mean edges/node:  1.056  mean count/edge: 5

Window=4 Iteration=13
Time for building model:         4 seconds
Time for sampling (singles):     22 seconds
DAG statistics
mean edges/level: 15     max edges/level: 26
mean edges/node:  1.044  mean count/edge: 5

Window=4 Iteration=14
Time for building model:         13 seconds
Time for sampling (singles):     24 seconds
DAG statistics
mean edges/level: 16     max edges/level: 28
mean edges/node:  1.037  mean count/edge: 4

Window=4 Iteration=15
Time for building model:         8 seconds
Time for sampling (singles):     14 seconds
DAG statistics
mean edges/level: 17     max edges/level: 29
mean edges/node:  1.033  mean count/edge: 4

Window 5 [ NC_037344.1:40440543-47915284 ]
target markers:      50000

Starting burn-in iterations

Window=5 Iteration=1
Time for building model:         2 seconds
Time for sampling (singles):     3 seconds
DAG statistics
mean edges/level: 7      max edges/level: 23
mean edges/node:  1.478  mean count/edge: 10

Window=5 Iteration=2
Time for building model:         1 second
Time for sampling (singles):     3 seconds
DAG statistics
mean edges/level: 6      max edges/level: 19
mean edges/node:  1.305  mean count/edge: 11

Window=5 Iteration=3
Time for building model:         5 seconds
Time for sampling (singles):     3 seconds
DAG statistics
mean edges/level: 7      max edges/level: 23
mean edges/node:  1.176  mean count/edge: 10

Window=5 Iteration=4
Time for building model:         1 second
Time for sampling (singles):     2 seconds
DAG statistics
mean edges/level: 6      max edges/level: 22
mean edges/node:  1.162  mean count/edge: 11

Window=5 Iteration=5
Time for building model:         1 second
Time for sampling (singles):     2 seconds
DAG statistics
mean edges/level: 6      max edges/level: 27
mean edges/node:  1.139  mean count/edge: 11

Window=5 Iteration=6
Time for building model:         1 second
Time for sampling (singles):     2 seconds
DAG statistics
mean edges/level: 6      max edges/level: 19
mean edges/node:  1.140  mean count/edge: 11

Window=5 Iteration=7
Time for building model:         3 seconds
Time for sampling (singles):     2 seconds
DAG statistics
mean edges/level: 6      max edges/level: 23
mean edges/node:  1.123  mean count/edge: 11

Window=5 Iteration=8
Time for building model:         1 second
Time for sampling (singles):     3 seconds
DAG statistics
mean edges/level: 6      max edges/level: 20
mean edges/node:  1.126  mean count/edge: 11

Window=5 Iteration=9
Time for building model:         4 seconds
Time for sampling (singles):     3 seconds
DAG statistics
mean edges/level: 7      max edges/level: 25
mean edges/node:  1.112  mean count/edge: 10

Window=5 Iteration=10
Time for building model:         1 second
Time for sampling (singles):     4 seconds
DAG statistics
mean edges/level: 7      max edges/level: 24
mean edges/node:  1.115  mean count/edge: 10

Starting phasing iterations

Window=5 Iteration=11
Time for building model:         4 seconds
Time for sampling (singles):     4 seconds
DAG statistics
mean edges/level: 9      max edges/level: 25
mean edges/node:  1.076  mean count/edge: 8

Window=5 Iteration=12
Time for building model:         2 seconds
Time for sampling (singles):     4 seconds
DAG statistics
mean edges/level: 13     max edges/level: 25
mean edges/node:  1.057  mean count/edge: 5

Window=5 Iteration=13
Time for building model:         2 seconds
Time for sampling (singles):     5 seconds
DAG statistics
mean edges/level: 15     max edges/level: 29
mean edges/node:  1.046  mean count/edge: 5

Window=5 Iteration=14
Time for building model:         2 seconds
Time for sampling (singles):     3 seconds
DAG statistics
mean edges/level: 16     max edges/level: 31
mean edges/node:  1.041  mean count/edge: 4

Window=5 Iteration=15
Time for building model:         5 seconds
Time for sampling (singles):     3 seconds
DAG statistics
mean edges/level: 17     max edges/level: 29
mean edges/node:  1.036  mean count/edge: 4

Window 6 [ NC_037344.1:47450684-55228134 ]
target markers:      50000

Starting burn-in iterations

Window=6 Iteration=1
Time for building model:         1 second
Time for sampling (singles):     2 seconds
DAG statistics
mean edges/level: 7      max edges/level: 26
mean edges/node:  1.473  mean count/edge: 10

Window=6 Iteration=2
Time for building model:         1 second
Time for sampling (singles):     3 seconds
DAG statistics
mean edges/level: 7      max edges/level: 20
mean edges/node:  1.323  mean count/edge: 10

Window=6 Iteration=3
Time for building model:         3 seconds
Time for sampling (singles):     5 seconds
DAG statistics
mean edges/level: 9      max edges/level: 26
mean edges/node:  1.174  mean count/edge: 8

Window=6 Iteration=4
Time for building model:         2 seconds
Time for sampling (singles):     3 seconds
DAG statistics
mean edges/level: 8      max edges/level: 21
mean edges/node:  1.151  mean count/edge: 9

Window=6 Iteration=5
Time for building model:         2 seconds
Time for sampling (singles):     5 seconds
DAG statistics
mean edges/level: 9      max edges/level: 27
mean edges/node:  1.120  mean count/edge: 8

Window=6 Iteration=6
Time for building model:         1 second
Time for sampling (singles):     4 seconds
DAG statistics
mean edges/level: 7      max edges/level: 29
mean edges/node:  1.126  mean count/edge: 10

Window=6 Iteration=7
Time for building model:         3 seconds
Time for sampling (singles):     5 seconds
DAG statistics
mean edges/level: 10     max edges/level: 27
mean edges/node:  1.105  mean count/edge: 7

Window=6 Iteration=8
Time for building model:         2 seconds
Time for sampling (singles):     6 seconds
DAG statistics
mean edges/level: 10     max edges/level: 29
mean edges/node:  1.094  mean count/edge: 7

Window=6 Iteration=9
Time for building model:         2 seconds
Time for sampling (singles):     6 seconds
DAG statistics
mean edges/level: 10     max edges/level: 27
mean edges/node:  1.090  mean count/edge: 7

Window=6 Iteration=10
Time for building model:         1 second
Time for sampling (singles):     2 seconds
DAG statistics
mean edges/level: 6      max edges/level: 22
mean edges/node:  1.132  mean count/edge: 11

Starting phasing iterations

Window=6 Iteration=11
Time for building model:         15 seconds
Time for sampling (singles):     3 seconds
DAG statistics
mean edges/level: 14     max edges/level: 27
mean edges/node:  1.058  mean count/edge: 5

Window=6 Iteration=12
Time for building model:         2 seconds
Time for sampling (singles):     24 seconds
DAG statistics
mean edges/level: 15     max edges/level: 30
mean edges/node:  1.049  mean count/edge: 5

Window=6 Iteration=13
Time for building model:         5 seconds
Time for sampling (singles):     39 seconds
DAG statistics
mean edges/level: 16     max edges/level: 28
mean edges/node:  1.043  mean count/edge: 4

Window=6 Iteration=14
Time for building model:         1 minute 8 seconds
Time for sampling (singles):     2 minutes 1 second
DAG statistics
mean edges/level: 17     max edges/level: 29
mean edges/node:  1.040  mean count/edge: 4

Window=6 Iteration=15
Time for building model:         52 seconds
Time for sampling (singles):     1 minute 34 seconds
DAG statistics
mean edges/level: 18     max edges/level: 29
mean edges/node:  1.037  mean count/edge: 4

Window 7 [ NC_037344.1:54786782-63431438 ]
target markers:      50000

Starting burn-in iterations

Window=7 Iteration=1
Time for building model:         5 minutes 36 seconds
Time for sampling (singles):     1 minute 22 seconds
DAG statistics
mean edges/level: 8      max edges/level: 23
mean edges/node:  1.454  mean count/edge: 9

Window=7 Iteration=2
Time for building model:         1 minute 26 seconds
Time for sampling (singles):     18 seconds
DAG statistics
mean edges/level: 6      max edges/level: 20
mean edges/node:  1.362  mean count/edge: 11

Window=7 Iteration=3
Time for building model:         1 minute 36 seconds
Time for sampling (singles):     8 seconds
DAG statistics
mean edges/level: 6      max edges/level: 24
mean edges/node:  1.227  mean count/edge: 11

Window=7 Iteration=4
Time for building model:         1 minute 18 seconds
Time for sampling (singles):     8 seconds
DAG statistics
mean edges/level: 6      max edges/level: 20
mean edges/node:  1.194  mean count/edge: 11

Window=7 Iteration=5
Time for building model:         1 minute 21 seconds
Time for sampling (singles):     15 seconds
DAG statistics
mean edges/level: 8      max edges/level: 24
mean edges/node:  1.142  mean count/edge: 9

Window=7 Iteration=6
Time for building model:         1 minute 14 seconds
Time for sampling (singles):     4 seconds
DAG statistics
mean edges/level: 6      max edges/level: 21
mean edges/node:  1.157  mean count/edge: 11

Window=7 Iteration=7
Time for building model:         1 minute 21 seconds
Time for sampling (singles):     15 seconds
DAG statistics
mean edges/level: 9      max edges/level: 23
mean edges/node:  1.128  mean count/edge: 8

Window=7 Iteration=8
Time for building model:         1 minute 13 seconds
Time for sampling (singles):     28 seconds
DAG statistics
mean edges/level: 6      max edges/level: 20
mean edges/node:  1.148  mean count/edge: 11

Window=7 Iteration=9
Time for building model:         3 minutes 22 seconds
Time for sampling (singles):     13 seconds
DAG statistics
mean edges/level: 9      max edges/level: 24
mean edges/node:  1.120  mean count/edge: 8

Window=7 Iteration=10
Time for building model:         1 minute 46 seconds
Time for sampling (singles):     21 seconds
DAG statistics
mean edges/level: 8      max edges/level: 22
mean edges/node:  1.125  mean count/edge: 9

Starting phasing iterations

Window=7 Iteration=11
Time for building model:         1 minute 8 seconds
Time for sampling (singles):     1 minute 48 seconds
DAG statistics
mean edges/level: 12     max edges/level: 25
mean edges/node:  1.070  mean count/edge: 6

Window=7 Iteration=12
Time for building model:         59 seconds
Time for sampling (singles):     2 minutes 37 seconds
DAG statistics
mean edges/level: 7      max edges/level: 26
mean edges/node:  1.101  mean count/edge: 10

Window=7 Iteration=13
Time for building model:         1 minute 54 seconds
Time for sampling (singles):     2 minutes 40 seconds
DAG statistics
mean edges/level: 14     max edges/level: 26
mean edges/node:  1.061  mean count/edge: 5

Window=7 Iteration=14
Time for building model:         40 seconds
Time for sampling (singles):     2 minutes 4 seconds
DAG statistics
mean edges/level: 15     max edges/level: 26
mean edges/node:  1.051  mean count/edge: 5

Window=7 Iteration=15
Time for building model:         1 minute 44 seconds
Time for sampling (singles):     2 minutes 26 seconds
DAG statistics
mean edges/level: 17     max edges/level: 30
mean edges/node:  1.044  mean count/edge: 4

Window 8 [ NC_037344.1:62913864-69955559 ]
target markers:      50000

Starting burn-in iterations

Window=8 Iteration=1
Time for building model:         4 minutes 49 seconds
Time for sampling (singles):     41 seconds
DAG statistics
mean edges/level: 7      max edges/level: 23
mean edges/node:  1.543  mean count/edge: 10

Window=8 Iteration=2
Time for building model:         1 minute 20 seconds
Time for sampling (singles):     9 seconds
DAG statistics
mean edges/level: 6      max edges/level: 18
mean edges/node:  1.415  mean count/edge: 11

Window=8 Iteration=3
Time for building model:         2 minutes 16 seconds
Time for sampling (singles):     6 seconds
DAG statistics
mean edges/level: 6      max edges/level: 23
mean edges/node:  1.250  mean count/edge: 11

Window=8 Iteration=4
Time for building model:         2 minutes 38 seconds
Time for sampling (singles):     20 seconds
DAG statistics
mean edges/level: 9      max edges/level: 25
mean edges/node:  1.173  mean count/edge: 8

Window=8 Iteration=5
Time for building model:         2 minutes 3 seconds
Time for sampling (singles):     11 seconds
DAG statistics
mean edges/level: 9      max edges/level: 23
mean edges/node:  1.140  mean count/edge: 8

Window=8 Iteration=6
Time for building model:         2 minutes 13 seconds
Time for sampling (singles):     11 seconds
DAG statistics
mean edges/level: 6      max edges/level: 22
mean edges/node:  1.169  mean count/edge: 11

Window=8 Iteration=7
Time for building model:         1 minute 49 seconds
Time for sampling (singles):     16 seconds
DAG statistics
mean edges/level: 9      max edges/level: 25
mean edges/node:  1.138  mean count/edge: 8

Window=8 Iteration=8
Time for building model:         1 minute 57 seconds
Time for sampling (singles):     7 seconds
DAG statistics
mean edges/level: 6      max edges/level: 22
mean edges/node:  1.160  mean count/edge: 11

Window=8 Iteration=9
Time for building model:         2 minutes 11 seconds
Time for sampling (singles):     6 seconds
DAG statistics
mean edges/level: 6      max edges/level: 23
mean edges/node:  1.154  mean count/edge: 11

Window=8 Iteration=10
Time for building model:         1 minute 52 seconds
Time for sampling (singles):     14 seconds
DAG statistics
mean edges/level: 9      max edges/level: 24
mean edges/node:  1.126  mean count/edge: 8

Starting phasing iterations

Window=8 Iteration=11
Time for building model:         56 seconds
Time for sampling (singles):     2 minutes 32 seconds
DAG statistics
mean edges/level: 13     max edges/level: 25
mean edges/node:  1.072  mean count/edge: 5

Window=8 Iteration=12
Time for building model:         1 minute 0 seconds
Time for sampling (singles):     2 minutes 39 seconds
DAG statistics
mean edges/level: 15     max edges/level: 25
mean edges/node:  1.060  mean count/edge: 5

Window=8 Iteration=13
Time for building model:         1 minute 26 seconds
Time for sampling (singles):     2 minutes 18 seconds
DAG statistics
mean edges/level: 16     max edges/level: 30
mean edges/node:  1.052  mean count/edge: 4

Window=8 Iteration=14
Time for building model:         1 minute 38 seconds
Time for sampling (singles):     2 minutes 29 seconds
DAG statistics
mean edges/level: 17     max edges/level: 30
mean edges/node:  1.048  mean count/edge: 4

Window=8 Iteration=15
Time for building model:         1 minute 59 seconds
Time for sampling (singles):     2 minutes 7 seconds
DAG statistics
mean edges/level: 17     max edges/level: 27
mean edges/node:  1.044  mean count/edge: 4

Window 9 [ NC_037344.1:69437933-73128833 ]
target markers:      28608

Starting burn-in iterations

Window=9 Iteration=1
Time for building model:         51 seconds
Time for sampling (singles):     8 seconds
DAG statistics
mean edges/level: 6      max edges/level: 25
mean edges/node:  1.562  mean count/edge: 11

Window=9 Iteration=2
Time for building model:         1 minute 9 seconds
Time for sampling (singles):     2 seconds
DAG statistics
mean edges/level: 5      max edges/level: 16
mean edges/node:  1.497  mean count/edge: 14

Window=9 Iteration=3
Time for building model:         1 minute 4 seconds
Time for sampling (singles):     4 seconds
DAG statistics
mean edges/level: 6      max edges/level: 25
mean edges/node:  1.329  mean count/edge: 11

Window=9 Iteration=4
Time for building model:         50 seconds
Time for sampling (singles):     5 seconds
DAG statistics
mean edges/level: 6      max edges/level: 20
mean edges/node:  1.307  mean count/edge: 11

Window=9 Iteration=5
Time for building model:         54 seconds
Time for sampling (singles):     2 seconds
DAG statistics
mean edges/level: 6      max edges/level: 24
mean edges/node:  1.253  mean count/edge: 11

Window=9 Iteration=6
Time for building model:         1 minute 3 seconds
Time for sampling (singles):     2 seconds
DAG statistics
mean edges/level: 6      max edges/level: 18
mean edges/node:  1.257  mean count/edge: 11

Window=9 Iteration=7
Time for building model:         55 seconds
Time for sampling (singles):     6 seconds
DAG statistics
mean edges/level: 6      max edges/level: 24
mean edges/node:  1.227  mean count/edge: 11

Window=9 Iteration=8
Time for building model:         39 seconds
Time for sampling (singles):     2 seconds
DAG statistics
mean edges/level: 6      max edges/level: 18
mean edges/node:  1.241  mean count/edge: 11

Window=9 Iteration=9
Time for building model:         54 seconds
Time for sampling (singles):     3 seconds
DAG statistics
mean edges/level: 6      max edges/level: 24
mean edges/node:  1.226  mean count/edge: 11

Window=9 Iteration=10
Time for building model:         56 seconds
Time for sampling (singles):     2 seconds
DAG statistics
mean edges/level: 6      max edges/level: 19
mean edges/node:  1.220  mean count/edge: 11

Starting phasing iterations

Window=9 Iteration=11
Time for building model:         21 seconds
Time for sampling (singles):     1 minute 29 seconds
DAG statistics
mean edges/level: 11     max edges/level: 24
mean edges/node:  1.125  mean count/edge: 6

Window=9 Iteration=12
Time for building model:         25 seconds
Time for sampling (singles):     1 minute 7 seconds
DAG statistics
mean edges/level: 10     max edges/level: 24
mean edges/node:  1.127  mean count/edge: 7

Window=9 Iteration=13
Time for building model:         32 seconds
Time for sampling (singles):     1 minute 23 seconds
DAG statistics
mean edges/level: 13     max edges/level: 24
mean edges/node:  1.097  mean count/edge: 5

Window=9 Iteration=14
Time for building model:         53 seconds
Time for sampling (singles):     1 minute 12 seconds
DAG statistics
mean edges/level: 14     max edges/level: 26
mean edges/node:  1.085  mean count/edge: 5

Window=9 Iteration=15
Time for building model:         26 seconds
Time for sampling (singles):     1 minute 16 seconds
DAG statistics
mean edges/level: 14     max edges/level: 25
mean edges/node:  1.077  mean count/edge: 5

Number of markers:              404608
Total time for building model: 1 hour 15 minutes 17 seconds
Total time for sampling:       47 minutes 11 seconds
Total run time:                2 hours 8 minutes 7 seconds

End time: 08:48 PM CEST on 04 Apr 2024
beagle.27Jan18.7e1.jar (version 4.1) finished
