beagle.27Jan18.7e1.jar (version 4.1)
Copyright (C) 2014-2015 Brian L. Browning
Enter "java -jar beagle.27Jan18.7e1.jar" for a summary of command line arguments.
Start time: 06:40 PM CEST on 04 Apr 2024

Command line: java -Xmx54613m -jar beagle.jar
  gl=results/gl/Bostau9_tragmain2_sites_variable_noindels_renamed_Tspe.bcf.gz.NC_037348.1.vcf.gz
  chrom=NC_037348.1
  out=results/imputed/Bostau9_tragmain2_sites_variable_noindels_renamed_Tspe.bcf.gz.NC_037348.1
  nthreads=6

No genetic map is specified: using 1 cM = 1 Mb

reference samples:       0
target samples:         34

Window 1 [ NC_037348.1:16228-12204475 ]
target markers:      50000

Starting burn-in iterations

Window=1 Iteration=1
Time for building model:         1 second
Time for sampling (singles):     1 second
DAG statistics
mean edges/level: 5      max edges/level: 17
mean edges/node:  1.630  mean count/edge: 14

Window=1 Iteration=2
Time for building model:         1 second
Time for sampling (singles):     2 seconds
DAG statistics
mean edges/level: 5      max edges/level: 18
mean edges/node:  1.407  mean count/edge: 14

Window=1 Iteration=3
Time for building model:         2 seconds
Time for sampling (singles):     1 second
DAG statistics
mean edges/level: 4      max edges/level: 16
mean edges/node:  1.345  mean count/edge: 17

Window=1 Iteration=4
Time for building model:         2 seconds
Time for sampling (singles):     2 seconds
DAG statistics
mean edges/level: 5      max edges/level: 20
mean edges/node:  1.278  mean count/edge: 14

Window=1 Iteration=5
Time for building model:         2 seconds
Time for sampling (singles):     2 seconds
DAG statistics
mean edges/level: 4      max edges/level: 17
mean edges/node:  1.285  mean count/edge: 17

Window=1 Iteration=6
Time for building model:         1 second
Time for sampling (singles):     2 seconds
DAG statistics
mean edges/level: 5      max edges/level: 20
mean edges/node:  1.256  mean count/edge: 14

Window=1 Iteration=7
Time for building model:         1 second
Time for sampling (singles):     2 seconds
DAG statistics
mean edges/level: 4      max edges/level: 18
mean edges/node:  1.265  mean count/edge: 17

Window=1 Iteration=8
Time for building model:         2 seconds
Time for sampling (singles):     3 seconds
DAG statistics
mean edges/level: 5      max edges/level: 20
mean edges/node:  1.233  mean count/edge: 14

Window=1 Iteration=9
Time for building model:         1 second
Time for sampling (singles):     2 seconds
DAG statistics
mean edges/level: 4      max edges/level: 19
mean edges/node:  1.252  mean count/edge: 17

Window=1 Iteration=10
Time for building model:         2 seconds
Time for sampling (singles):     3 seconds
DAG statistics
mean edges/level: 5      max edges/level: 20
mean edges/node:  1.222  mean count/edge: 14

Starting phasing iterations

Window=1 Iteration=11
Time for building model:         2 seconds
Time for sampling (singles):     3 seconds
DAG statistics
mean edges/level: 6      max edges/level: 17
mean edges/node:  1.228  mean count/edge: 11

Window=1 Iteration=12
Time for building model:         2 seconds
Time for sampling (singles):     4 seconds
DAG statistics
mean edges/level: 10     max edges/level: 24
mean edges/node:  1.135  mean count/edge: 7

Window=1 Iteration=13
Time for building model:         2 seconds
Time for sampling (singles):     4 seconds
DAG statistics
mean edges/level: 6      max edges/level: 19
mean edges/node:  1.207  mean count/edge: 11

Window=1 Iteration=14
Time for building model:         2 seconds
Time for sampling (singles):     4 seconds
DAG statistics
mean edges/level: 11     max edges/level: 24
mean edges/node:  1.115  mean count/edge: 6

Window=1 Iteration=15
Time for building model:         3 seconds
Time for sampling (singles):     4 seconds
DAG statistics
mean edges/level: 13     max edges/level: 27
mean edges/node:  1.095  mean count/edge: 5

Window 2 [ NC_037348.1:11380307-19452463 ]
target markers:      50000

Starting burn-in iterations

Window=2 Iteration=1
Time for building model:         2 seconds
Time for sampling (singles):     4 seconds
DAG statistics
mean edges/level: 7      max edges/level: 28
mean edges/node:  1.461  mean count/edge: 10

Window=2 Iteration=2
Time for building model:         2 seconds
Time for sampling (singles):     4 seconds
DAG statistics
mean edges/level: 7      max edges/level: 19
mean edges/node:  1.275  mean count/edge: 10

Window=2 Iteration=3
Time for building model:         3 seconds
Time for sampling (singles):     5 seconds
DAG statistics
mean edges/level: 9      max edges/level: 27
mean edges/node:  1.150  mean count/edge: 8

Window=2 Iteration=4
Time for building model:         3 seconds
Time for sampling (singles):     6 seconds
DAG statistics
mean edges/level: 9      max edges/level: 25
mean edges/node:  1.112  mean count/edge: 8

Window=2 Iteration=5
Time for building model:         2 seconds
Time for sampling (singles):     6 seconds
DAG statistics
mean edges/level: 10     max edges/level: 27
mean edges/node:  1.096  mean count/edge: 7

Window=2 Iteration=6
Time for building model:         3 seconds
Time for sampling (singles):     7 seconds
DAG statistics
mean edges/level: 10     max edges/level: 27
mean edges/node:  1.086  mean count/edge: 7

Window=2 Iteration=7
Time for building model:         3 seconds
Time for sampling (singles):     7 seconds
DAG statistics
mean edges/level: 10     max edges/level: 28
mean edges/node:  1.080  mean count/edge: 7

Window=2 Iteration=8
Time for building model:         2 seconds
Time for sampling (singles):     5 seconds
DAG statistics
mean edges/level: 8      max edges/level: 27
mean edges/node:  1.096  mean count/edge: 9

Window=2 Iteration=9
Time for building model:         3 seconds
Time for sampling (singles):     7 seconds
DAG statistics
mean edges/level: 10     max edges/level: 26
mean edges/node:  1.085  mean count/edge: 7

Window=2 Iteration=10
Time for building model:         3 seconds
Time for sampling (singles):     7 seconds
DAG statistics
mean edges/level: 10     max edges/level: 29
mean edges/node:  1.076  mean count/edge: 7

Starting phasing iterations

Window=2 Iteration=11
Time for building model:         2 seconds
Time for sampling (singles):     4 seconds
DAG statistics
mean edges/level: 14     max edges/level: 34
mean edges/node:  1.049  mean count/edge: 5

Window=2 Iteration=12
Time for building model:         3 seconds
Time for sampling (singles):     4 seconds
DAG statistics
mean edges/level: 15     max edges/level: 28
mean edges/node:  1.041  mean count/edge: 5

Window=2 Iteration=13
Time for building model:         3 seconds
Time for sampling (singles):     3 seconds
DAG statistics
mean edges/level: 17     max edges/level: 30
mean edges/node:  1.037  mean count/edge: 4

Window=2 Iteration=14
Time for building model:         3 seconds
Time for sampling (singles):     3 seconds
DAG statistics
mean edges/level: 17     max edges/level: 28
mean edges/node:  1.033  mean count/edge: 4

Window=2 Iteration=15
Time for building model:         3 seconds
Time for sampling (singles):     3 seconds
DAG statistics
mean edges/level: 18     max edges/level: 33
mean edges/node:  1.031  mean count/edge: 4

Window 3 [ NC_037348.1:19078520-27216159 ]
target markers:      50000

Starting burn-in iterations

Window=3 Iteration=1
Time for building model:         2 seconds
Time for sampling (singles):     3 seconds
DAG statistics
mean edges/level: 7      max edges/level: 25
mean edges/node:  1.520  mean count/edge: 10

Window=3 Iteration=2
Time for building model:         2 seconds
Time for sampling (singles):     3 seconds
DAG statistics
mean edges/level: 6      max edges/level: 18
mean edges/node:  1.382  mean count/edge: 11

Window=3 Iteration=3
Time for building model:         1 second
Time for sampling (singles):     3 seconds
DAG statistics
mean edges/level: 6      max edges/level: 25
mean edges/node:  1.244  mean count/edge: 11

Window=3 Iteration=4
Time for building model:         1 second
Time for sampling (singles):     3 seconds
DAG statistics
mean edges/level: 5      max edges/level: 20
mean edges/node:  1.222  mean count/edge: 14

Window=3 Iteration=5
Time for building model:         1 second
Time for sampling (singles):     2 seconds
DAG statistics
mean edges/level: 6      max edges/level: 25
mean edges/node:  1.185  mean count/edge: 11

Window=3 Iteration=6
Time for building model:         1 second
Time for sampling (singles):     3 seconds
DAG statistics
mean edges/level: 5      max edges/level: 22
mean edges/node:  1.188  mean count/edge: 14

Window=3 Iteration=7
Time for building model:         1 second
Time for sampling (singles):     2 seconds
DAG statistics
mean edges/level: 6      max edges/level: 25
mean edges/node:  1.168  mean count/edge: 11

Window=3 Iteration=8
Time for building model:         1 second
Time for sampling (singles):     2 seconds
DAG statistics
mean edges/level: 5      max edges/level: 21
mean edges/node:  1.174  mean count/edge: 14

Window=3 Iteration=9
Time for building model:         1 second
Time for sampling (singles):     2 seconds
DAG statistics
mean edges/level: 6      max edges/level: 25
mean edges/node:  1.159  mean count/edge: 11

Window=3 Iteration=10
Time for building model:         12 seconds
Time for sampling (singles):     3 seconds
DAG statistics
mean edges/level: 5      max edges/level: 20
mean edges/node:  1.167  mean count/edge: 14

Starting phasing iterations

Window=3 Iteration=11
Time for building model:         9 seconds
Time for sampling (singles):     17 seconds
DAG statistics
mean edges/level: 9      max edges/level: 27
mean edges/node:  1.102  mean count/edge: 8

Window=3 Iteration=12
Time for building model:         12 seconds
Time for sampling (singles):     27 seconds
DAG statistics
mean edges/level: 13     max edges/level: 26
mean edges/node:  1.077  mean count/edge: 5

Window=3 Iteration=13
Time for building model:         6 seconds
Time for sampling (singles):     4 seconds
DAG statistics
mean edges/level: 12     max edges/level: 25
mean edges/node:  1.076  mean count/edge: 6

Window=3 Iteration=14
Time for building model:         3 seconds
Time for sampling (singles):     7 seconds
DAG statistics
mean edges/level: 15     max edges/level: 29
mean edges/node:  1.062  mean count/edge: 5

Window=3 Iteration=15
Time for building model:         16 seconds
Time for sampling (singles):     24 seconds
DAG statistics
mean edges/level: 15     max edges/level: 28
mean edges/node:  1.055  mean count/edge: 5

Window 4 [ NC_037348.1:26643149-34832527 ]
target markers:      50000

Starting burn-in iterations

Window=4 Iteration=1
Time for building model:         2 seconds
Time for sampling (singles):     3 seconds
DAG statistics
mean edges/level: 7      max edges/level: 23
mean edges/node:  1.532  mean count/edge: 10

Window=4 Iteration=2
Time for building model:         1 second
Time for sampling (singles):     2 seconds
DAG statistics
mean edges/level: 5      max edges/level: 19
mean edges/node:  1.372  mean count/edge: 14

Window=4 Iteration=3
Time for building model:         2 seconds
Time for sampling (singles):     2 seconds
DAG statistics
mean edges/level: 6      max edges/level: 23
mean edges/node:  1.231  mean count/edge: 11

Window=4 Iteration=4
Time for building model:         2 seconds
Time for sampling (singles):     2 seconds
DAG statistics
mean edges/level: 5      max edges/level: 18
mean edges/node:  1.204  mean count/edge: 14

Window=4 Iteration=5
Time for building model:         1 second
Time for sampling (singles):     3 seconds
DAG statistics
mean edges/level: 6      max edges/level: 24
mean edges/node:  1.174  mean count/edge: 11

Window=4 Iteration=6
Time for building model:         1 second
Time for sampling (singles):     2 seconds
DAG statistics
mean edges/level: 5      max edges/level: 17
mean edges/node:  1.176  mean count/edge: 14

Window=4 Iteration=7
Time for building model:         1 second
Time for sampling (singles):     2 seconds
DAG statistics
mean edges/level: 6      max edges/level: 21
mean edges/node:  1.158  mean count/edge: 11

Window=4 Iteration=8
Time for building model:         2 seconds
Time for sampling (singles):     2 seconds
DAG statistics
mean edges/level: 5      max edges/level: 18
mean edges/node:  1.164  mean count/edge: 14

Window=4 Iteration=9
Time for building model:         3 seconds
Time for sampling (singles):     2 seconds
DAG statistics
mean edges/level: 6      max edges/level: 24
mean edges/node:  1.148  mean count/edge: 11

Window=4 Iteration=10
Time for building model:         1 second
Time for sampling (singles):     2 seconds
DAG statistics
mean edges/level: 5      max edges/level: 20
mean edges/node:  1.158  mean count/edge: 14

Starting phasing iterations

Window=4 Iteration=11
Time for building model:         1 second
Time for sampling (singles):     3 seconds
DAG statistics
mean edges/level: 7      max edges/level: 24
mean edges/node:  1.121  mean count/edge: 10

Window=4 Iteration=12
Time for building model:         2 seconds
Time for sampling (singles):     4 seconds
DAG statistics
mean edges/level: 12     max edges/level: 23
mean edges/node:  1.081  mean count/edge: 6

Window=4 Iteration=13
Time for building model:         2 seconds
Time for sampling (singles):     6 seconds
DAG statistics
mean edges/level: 14     max edges/level: 27
mean edges/node:  1.062  mean count/edge: 5

Window=4 Iteration=14
Time for building model:         2 seconds
Time for sampling (singles):     4 seconds
DAG statistics
mean edges/level: 15     max edges/level: 28
mean edges/node:  1.053  mean count/edge: 5

Window=4 Iteration=15
Time for building model:         2 seconds
Time for sampling (singles):     3 seconds
DAG statistics
mean edges/level: 16     max edges/level: 29
mean edges/node:  1.048  mean count/edge: 4

Window 5 [ NC_037348.1:34524907-43849653 ]
target markers:      50000

Starting burn-in iterations

Window=5 Iteration=1
Time for building model:         1 second
Time for sampling (singles):     3 seconds
DAG statistics
mean edges/level: 7      max edges/level: 25
mean edges/node:  1.490  mean count/edge: 10

Window=5 Iteration=2
Time for building model:         1 second
Time for sampling (singles):     3 seconds
DAG statistics
mean edges/level: 7      max edges/level: 22
mean edges/node:  1.273  mean count/edge: 10

Window=5 Iteration=3
Time for building model:         1 second
Time for sampling (singles):     2 seconds
DAG statistics
mean edges/level: 6      max edges/level: 25
mean edges/node:  1.201  mean count/edge: 11

Window=5 Iteration=4
Time for building model:         2 seconds
Time for sampling (singles):     4 seconds
DAG statistics
mean edges/level: 7      max edges/level: 22
mean edges/node:  1.152  mean count/edge: 10

Window=5 Iteration=5
Time for building model:         1 second
Time for sampling (singles):     2 seconds
DAG statistics
mean edges/level: 6      max edges/level: 24
mean edges/node:  1.149  mean count/edge: 11

Window=5 Iteration=6
Time for building model:         1 second
Time for sampling (singles):     3 seconds
DAG statistics
mean edges/level: 7      max edges/level: 22
mean edges/node:  1.135  mean count/edge: 10

Window=5 Iteration=7
Time for building model:         1 second
Time for sampling (singles):     2 seconds
DAG statistics
mean edges/level: 6      max edges/level: 25
mean edges/node:  1.138  mean count/edge: 11

Window=5 Iteration=8
Time for building model:         2 seconds
Time for sampling (singles):     4 seconds
DAG statistics
mean edges/level: 7      max edges/level: 23
mean edges/node:  1.126  mean count/edge: 10

Window=5 Iteration=9
Time for building model:         1 second
Time for sampling (singles):     3 seconds
DAG statistics
mean edges/level: 6      max edges/level: 24
mean edges/node:  1.132  mean count/edge: 11

Window=5 Iteration=10
Time for building model:         2 seconds
Time for sampling (singles):     5 seconds
DAG statistics
mean edges/level: 9      max edges/level: 25
mean edges/node:  1.113  mean count/edge: 8

Starting phasing iterations

Window=5 Iteration=11
Time for building model:         2 seconds
Time for sampling (singles):     3 seconds
DAG statistics
mean edges/level: 9      max edges/level: 25
mean edges/node:  1.084  mean count/edge: 8

Window=5 Iteration=12
Time for building model:         2 seconds
Time for sampling (singles):     4 seconds
DAG statistics
mean edges/level: 14     max edges/level: 28
mean edges/node:  1.061  mean count/edge: 5

Window=5 Iteration=13
Time for building model:         2 seconds
Time for sampling (singles):     3 seconds
DAG statistics
mean edges/level: 15     max edges/level: 26
mean edges/node:  1.050  mean count/edge: 5

Window=5 Iteration=14
Time for building model:         2 seconds
Time for sampling (singles):     4 seconds
DAG statistics
mean edges/level: 16     max edges/level: 29
mean edges/node:  1.044  mean count/edge: 4

Window=5 Iteration=15
Time for building model:         3 seconds
Time for sampling (singles):     3 seconds
DAG statistics
mean edges/level: 17     max edges/level: 27
mean edges/node:  1.040  mean count/edge: 4

Window 6 [ NC_037348.1:43238570-52054710 ]
target markers:      50000

Starting burn-in iterations

Window=6 Iteration=1
Time for building model:         1 second
Time for sampling (singles):     2 seconds
DAG statistics
mean edges/level: 7      max edges/level: 25
mean edges/node:  1.462  mean count/edge: 10

Window=6 Iteration=2
Time for building model:         2 seconds
Time for sampling (singles):     4 seconds
DAG statistics
mean edges/level: 7      max edges/level: 20
mean edges/node:  1.267  mean count/edge: 10

Window=6 Iteration=3
Time for building model:         1 second
Time for sampling (singles):     3 seconds
DAG statistics
mean edges/level: 7      max edges/level: 28
mean edges/node:  1.171  mean count/edge: 10

Window=6 Iteration=4
Time for building model:         1 second
Time for sampling (singles):     3 seconds
DAG statistics
mean edges/level: 7      max edges/level: 24
mean edges/node:  1.143  mean count/edge: 10

Window=6 Iteration=5
Time for building model:         1 second
Time for sampling (singles):     2 seconds
DAG statistics
mean edges/level: 6      max edges/level: 27
mean edges/node:  1.136  mean count/edge: 11

Window=6 Iteration=6
Time for building model:         2 seconds
Time for sampling (singles):     5 seconds
DAG statistics
mean edges/level: 8      max edges/level: 21
mean edges/node:  1.117  mean count/edge: 9

Window=6 Iteration=7
Time for building model:         1 second
Time for sampling (singles):     3 seconds
DAG statistics
mean edges/level: 6      max edges/level: 26
mean edges/node:  1.123  mean count/edge: 11

Window=6 Iteration=8
Time for building model:         2 seconds
Time for sampling (singles):     5 seconds
DAG statistics
mean edges/level: 9      max edges/level: 25
mean edges/node:  1.102  mean count/edge: 8

Window=6 Iteration=9
Time for building model:         1 second
Time for sampling (singles):     3 seconds
DAG statistics
mean edges/level: 7      max edges/level: 27
mean edges/node:  1.105  mean count/edge: 10

Window=6 Iteration=10
Time for building model:         2 seconds
Time for sampling (singles):     4 seconds
DAG statistics
mean edges/level: 9      max edges/level: 28
mean edges/node:  1.101  mean count/edge: 8

Starting phasing iterations

Window=6 Iteration=11
Time for building model:         1 second
Time for sampling (singles):     2 seconds
DAG statistics
mean edges/level: 7      max edges/level: 27
mean edges/node:  1.087  mean count/edge: 10

Window=6 Iteration=12
Time for building model:         2 seconds
Time for sampling (singles):     3 seconds
DAG statistics
mean edges/level: 13     max edges/level: 31
mean edges/node:  1.056  mean count/edge: 5

Window=6 Iteration=13
Time for building model:         2 seconds
Time for sampling (singles):     8 seconds
DAG statistics
mean edges/level: 15     max edges/level: 27
mean edges/node:  1.046  mean count/edge: 5

Window=6 Iteration=14
Time for building model:         2 seconds
Time for sampling (singles):     5 seconds
DAG statistics
mean edges/level: 16     max edges/level: 27
mean edges/node:  1.039  mean count/edge: 4

Window=6 Iteration=15
Time for building model:         2 seconds
Time for sampling (singles):     3 seconds
DAG statistics
mean edges/level: 17     max edges/level: 28
mean edges/node:  1.035  mean count/edge: 4

Window 7 [ NC_037348.1:51613972-58658865 ]
target markers:      50000

Starting burn-in iterations

Window=7 Iteration=1
Time for building model:         2 seconds
Time for sampling (singles):     3 seconds
DAG statistics
mean edges/level: 7      max edges/level: 22
mean edges/node:  1.482  mean count/edge: 10

Window=7 Iteration=2
Time for building model:         2 seconds
Time for sampling (singles):     4 seconds
DAG statistics
mean edges/level: 7      max edges/level: 19
mean edges/node:  1.305  mean count/edge: 10

Window=7 Iteration=3
Time for building model:         2 seconds
Time for sampling (singles):     3 seconds
DAG statistics
mean edges/level: 7      max edges/level: 23
mean edges/node:  1.182  mean count/edge: 10

Window=7 Iteration=4
Time for building model:         1 second
Time for sampling (singles):     3 seconds
DAG statistics
mean edges/level: 6      max edges/level: 19
mean edges/node:  1.166  mean count/edge: 11

Window=7 Iteration=5
Time for building model:         1 second
Time for sampling (singles):     4 seconds
DAG statistics
mean edges/level: 7      max edges/level: 23
mean edges/node:  1.135  mean count/edge: 10

Window=7 Iteration=6
Time for building model:         1 second
Time for sampling (singles):     4 seconds
DAG statistics
mean edges/level: 7      max edges/level: 23
mean edges/node:  1.134  mean count/edge: 10

Window=7 Iteration=7
Time for building model:         1 second
Time for sampling (singles):     3 seconds
DAG statistics
mean edges/level: 6      max edges/level: 23
mean edges/node:  1.132  mean count/edge: 11

Window=7 Iteration=8
Time for building model:         2 seconds
Time for sampling (singles):     4 seconds
DAG statistics
mean edges/level: 7      max edges/level: 20
mean edges/node:  1.122  mean count/edge: 10

Window=7 Iteration=9
Time for building model:         16 seconds
Time for sampling (singles):     4 seconds
DAG statistics
mean edges/level: 7      max edges/level: 26
mean edges/node:  1.115  mean count/edge: 10

Window=7 Iteration=10
Time for building model:         11 seconds
Time for sampling (singles):     5 seconds
DAG statistics
mean edges/level: 8      max edges/level: 22
mean edges/node:  1.115  mean count/edge: 9

Starting phasing iterations

Window=7 Iteration=11
Time for building model:         34 seconds
Time for sampling (singles):     1 minute 51 seconds
DAG statistics
mean edges/level: 13     max edges/level: 27
mean edges/node:  1.061  mean count/edge: 5

Window=7 Iteration=12
Time for building model:         1 minute 7 seconds
Time for sampling (singles):     1 minute 40 seconds
DAG statistics
mean edges/level: 15     max edges/level: 26
mean edges/node:  1.050  mean count/edge: 5

Window=7 Iteration=13
Time for building model:         49 seconds
Time for sampling (singles):     1 minute 44 seconds
DAG statistics
mean edges/level: 11     max edges/level: 27
mean edges/node:  1.057  mean count/edge: 6

Window=7 Iteration=14
Time for building model:         1 minute 38 seconds
Time for sampling (singles):     2 minutes 8 seconds
DAG statistics
mean edges/level: 15     max edges/level: 27
mean edges/node:  1.046  mean count/edge: 5

Window=7 Iteration=15
Time for building model:         1 minute 22 seconds
Time for sampling (singles):     1 minute 27 seconds
DAG statistics
mean edges/level: 17     max edges/level: 31
mean edges/node:  1.039  mean count/edge: 4

Window 8 [ NC_037348.1:58378195-64765403 ]
target markers:      50000

Starting burn-in iterations

Window=8 Iteration=1
Time for building model:         1 minute 43 seconds
Time for sampling (singles):     38 seconds
DAG statistics
mean edges/level: 7      max edges/level: 25
mean edges/node:  1.502  mean count/edge: 10

Window=8 Iteration=2
Time for building model:         1 minute 21 seconds
Time for sampling (singles):     6 seconds
DAG statistics
mean edges/level: 6      max edges/level: 19
mean edges/node:  1.347  mean count/edge: 11

Window=8 Iteration=3
Time for building model:         1 minute 3 seconds
Time for sampling (singles):     5 seconds
DAG statistics
mean edges/level: 6      max edges/level: 24
mean edges/node:  1.208  mean count/edge: 11

Window=8 Iteration=4
Time for building model:         1 minute 22 seconds
Time for sampling (singles):     4 seconds
DAG statistics
mean edges/level: 6      max edges/level: 22
mean edges/node:  1.180  mean count/edge: 11

Window=8 Iteration=5
Time for building model:         1 minute 9 seconds
Time for sampling (singles):     4 seconds
DAG statistics
mean edges/level: 6      max edges/level: 25
mean edges/node:  1.154  mean count/edge: 11

Window=8 Iteration=6
Time for building model:         1 minute 17 seconds
Time for sampling (singles):     5 seconds
DAG statistics
mean edges/level: 6      max edges/level: 22
mean edges/node:  1.154  mean count/edge: 11

Window=8 Iteration=7
Time for building model:         2 minutes 23 seconds
Time for sampling (singles):     11 seconds
DAG statistics
mean edges/level: 9      max edges/level: 25
mean edges/node:  1.119  mean count/edge: 8

Window=8 Iteration=8
Time for building model:         1 minute 42 seconds
Time for sampling (singles):     9 seconds
DAG statistics
mean edges/level: 6      max edges/level: 21
mean edges/node:  1.144  mean count/edge: 11

Window=8 Iteration=9
Time for building model:         1 minute 36 seconds
Time for sampling (singles):     14 seconds
DAG statistics
mean edges/level: 6      max edges/level: 27
mean edges/node:  1.136  mean count/edge: 11

Window=8 Iteration=10
Time for building model:         1 minute 42 seconds
Time for sampling (singles):     12 seconds
DAG statistics
mean edges/level: 10     max edges/level: 25
mean edges/node:  1.110  mean count/edge: 7

Starting phasing iterations

Window=8 Iteration=11
Time for building model:         40 seconds
Time for sampling (singles):     2 minutes 4 seconds
DAG statistics
mean edges/level: 12     max edges/level: 26
mean edges/node:  1.067  mean count/edge: 6

Window=8 Iteration=12
Time for building model:         1 minute 45 seconds
Time for sampling (singles):     2 minutes 50 seconds
DAG statistics
mean edges/level: 15     max edges/level: 26
mean edges/node:  1.055  mean count/edge: 5

Window=8 Iteration=13
Time for building model:         1 minute 39 seconds
Time for sampling (singles):     2 minutes 44 seconds
DAG statistics
mean edges/level: 16     max edges/level: 28
mean edges/node:  1.048  mean count/edge: 4

Window=8 Iteration=14
Time for building model:         1 minute 38 seconds
Time for sampling (singles):     2 minutes 22 seconds
DAG statistics
mean edges/level: 17     max edges/level: 29
mean edges/node:  1.044  mean count/edge: 4

Window=8 Iteration=15
Time for building model:         1 minute 15 seconds
Time for sampling (singles):     2 minutes 31 seconds
DAG statistics
mean edges/level: 18     max edges/level: 31
mean edges/node:  1.041  mean count/edge: 4

Window 9 [ NC_037348.1:64408561-69855365 ]
target markers:      38299

Starting burn-in iterations

Window=9 Iteration=1
Time for building model:         1 minute 11 seconds
Time for sampling (singles):     6 seconds
DAG statistics
mean edges/level: 7      max edges/level: 26
mean edges/node:  1.536  mean count/edge: 10

Window=9 Iteration=2
Time for building model:         1 minute 23 seconds
Time for sampling (singles):     2 seconds
DAG statistics
mean edges/level: 6      max edges/level: 17
mean edges/node:  1.426  mean count/edge: 11

Window=9 Iteration=3
Time for building model:         1 minute 20 seconds
Time for sampling (singles):     3 seconds
DAG statistics
mean edges/level: 6      max edges/level: 25
mean edges/node:  1.260  mean count/edge: 11

Window=9 Iteration=4
Time for building model:         2 minutes 2 seconds
Time for sampling (singles):     2 seconds
DAG statistics
mean edges/level: 5      max edges/level: 20
mean edges/node:  1.245  mean count/edge: 14

Window=9 Iteration=5
Time for building model:         1 minute 17 seconds
Time for sampling (singles):     2 seconds
DAG statistics
mean edges/level: 6      max edges/level: 27
mean edges/node:  1.195  mean count/edge: 11

Window=9 Iteration=6
Time for building model:         1 minute 25 seconds
Time for sampling (singles):     16 seconds
DAG statistics
mean edges/level: 6      max edges/level: 21
mean edges/node:  1.202  mean count/edge: 11

Window=9 Iteration=7
Time for building model:         1 minute 23 seconds
Time for sampling (singles):     3 seconds
DAG statistics
mean edges/level: 7      max edges/level: 25
mean edges/node:  1.174  mean count/edge: 10

Window=9 Iteration=8
Time for building model:         1 minute 50 seconds
Time for sampling (singles):     9 seconds
DAG statistics
mean edges/level: 6      max edges/level: 23
mean edges/node:  1.183  mean count/edge: 11

Window=9 Iteration=9
Time for building model:         1 minute 44 seconds
Time for sampling (singles):     10 seconds
DAG statistics
mean edges/level: 6      max edges/level: 27
mean edges/node:  1.167  mean count/edge: 11

Window=9 Iteration=10
Time for building model:         1 minute 10 seconds
Time for sampling (singles):     19 seconds
DAG statistics
mean edges/level: 6      max edges/level: 22
mean edges/node:  1.183  mean count/edge: 11

Starting phasing iterations

Window=9 Iteration=11
Time for building model:         56 seconds
Time for sampling (singles):     1 minute 47 seconds
DAG statistics
mean edges/level: 8      max edges/level: 26
mean edges/node:  1.122  mean count/edge: 9

Window=9 Iteration=12
Time for building model:         53 seconds
Time for sampling (singles):     1 minute 29 seconds
DAG statistics
mean edges/level: 8      max edges/level: 24
mean edges/node:  1.121  mean count/edge: 9

Window=9 Iteration=13
Time for building model:         37 seconds
Time for sampling (singles):     1 minute 44 seconds
DAG statistics
mean edges/level: 10     max edges/level: 26
mean edges/node:  1.095  mean count/edge: 7

Window=9 Iteration=14
Time for building model:         24 seconds
Time for sampling (singles):     2 minutes 6 seconds
DAG statistics
mean edges/level: 14     max edges/level: 25
mean edges/node:  1.071  mean count/edge: 5

Window=9 Iteration=15
Time for building model:         1 minute 2 seconds
Time for sampling (singles):     2 minutes 10 seconds
DAG statistics
mean edges/level: 15     max edges/level: 26
mean edges/node:  1.062  mean count/edge: 5

Number of markers:              414299
Total time for building model: 50 minutes 26 seconds
Total time for sampling:       40 minutes 28 seconds
Total run time:                1 hour 35 minutes 32 seconds

End time: 08:16 PM CEST on 04 Apr 2024
beagle.27Jan18.7e1.jar (version 4.1) finished
