beagle.27Jan18.7e1.jar (version 4.1)
Copyright (C) 2014-2015 Brian L. Browning
Enter "java -jar beagle.27Jan18.7e1.jar" for a summary of command line arguments.
Start time: 06:40 PM CEST on 04 Apr 2024

Command line: java -Xmx54613m -jar beagle.jar
  gl=results/gl/Bostau9_tragmain2_sites_variable_noindels_renamed_Tspe.bcf.gz.NC_037350.1.vcf.gz
  chrom=NC_037350.1
  out=results/imputed/Bostau9_tragmain2_sites_variable_noindels_renamed_Tspe.bcf.gz.NC_037350.1
  nthreads=6

No genetic map is specified: using 1 cM = 1 Mb

reference samples:       0
target samples:         34

Window 1 [ NC_037350.1:118-13796148 ]
target markers:      50000

Starting burn-in iterations

Window=1 Iteration=1
Time for building model:         1 second
Time for sampling (singles):     2 seconds
DAG statistics
mean edges/level: 6      max edges/level: 17
mean edges/node:  1.606  mean count/edge: 11

Window=1 Iteration=2
Time for building model:         1 second
Time for sampling (singles):     2 seconds
DAG statistics
mean edges/level: 6      max edges/level: 19
mean edges/node:  1.374  mean count/edge: 11

Window=1 Iteration=3
Time for building model:         1 second
Time for sampling (singles):     1 second
DAG statistics
mean edges/level: 5      max edges/level: 16
mean edges/node:  1.284  mean count/edge: 14

Window=1 Iteration=4
Time for building model:         1 second
Time for sampling (singles):     2 seconds
DAG statistics
mean edges/level: 5      max edges/level: 20
mean edges/node:  1.230  mean count/edge: 14

Window=1 Iteration=5
Time for building model:         1 second
Time for sampling (singles):     2 seconds
DAG statistics
mean edges/level: 5      max edges/level: 16
mean edges/node:  1.215  mean count/edge: 14

Window=1 Iteration=6
Time for building model:         1 second
Time for sampling (singles):     2 seconds
DAG statistics
mean edges/level: 5      max edges/level: 22
mean edges/node:  1.197  mean count/edge: 14

Window=1 Iteration=7
Time for building model:         1 second
Time for sampling (singles):     2 seconds
DAG statistics
mean edges/level: 5      max edges/level: 16
mean edges/node:  1.194  mean count/edge: 14

Window=1 Iteration=8
Time for building model:         1 second
Time for sampling (singles):     2 seconds
DAG statistics
mean edges/level: 5      max edges/level: 19
mean edges/node:  1.182  mean count/edge: 14

Window=1 Iteration=9
Time for building model:         1 second
Time for sampling (singles):     2 seconds
DAG statistics
mean edges/level: 6      max edges/level: 19
mean edges/node:  1.175  mean count/edge: 11

Window=1 Iteration=10
Time for building model:         2 seconds
Time for sampling (singles):     3 seconds
DAG statistics
mean edges/level: 7      max edges/level: 23
mean edges/node:  1.153  mean count/edge: 10

Starting phasing iterations

Window=1 Iteration=11
Time for building model:         1 second
Time for sampling (singles):     4 seconds
DAG statistics
mean edges/level: 6      max edges/level: 21
mean edges/node:  1.153  mean count/edge: 11

Window=1 Iteration=12
Time for building model:         3 seconds
Time for sampling (singles):     4 seconds
DAG statistics
mean edges/level: 11     max edges/level: 24
mean edges/node:  1.091  mean count/edge: 6

Window=1 Iteration=13
Time for building model:         2 seconds
Time for sampling (singles):     3 seconds
DAG statistics
mean edges/level: 13     max edges/level: 26
mean edges/node:  1.072  mean count/edge: 5

Window=1 Iteration=14
Time for building model:         3 seconds
Time for sampling (singles):     4 seconds
DAG statistics
mean edges/level: 15     max edges/level: 28
mean edges/node:  1.060  mean count/edge: 5

Window=1 Iteration=15
Time for building model:         2 seconds
Time for sampling (singles):     3 seconds
DAG statistics
mean edges/level: 16     max edges/level: 31
mean edges/node:  1.052  mean count/edge: 4

Window 2 [ NC_037350.1:13252143-21986315 ]
target markers:      50000

Starting burn-in iterations

Window=2 Iteration=1
Time for building model:         2 seconds
Time for sampling (singles):     3 seconds
DAG statistics
mean edges/level: 7      max edges/level: 24
mean edges/node:  1.483  mean count/edge: 10

Window=2 Iteration=2
Time for building model:         1 second
Time for sampling (singles):     3 seconds
DAG statistics
mean edges/level: 6      max edges/level: 17
mean edges/node:  1.355  mean count/edge: 11

Window=2 Iteration=3
Time for building model:         2 seconds
Time for sampling (singles):     3 seconds
DAG statistics
mean edges/level: 6      max edges/level: 24
mean edges/node:  1.196  mean count/edge: 11

Window=2 Iteration=4
Time for building model:         1 second
Time for sampling (singles):     3 seconds
DAG statistics
mean edges/level: 5      max edges/level: 21
mean edges/node:  1.179  mean count/edge: 14

Window=2 Iteration=5
Time for building model:         2 seconds
Time for sampling (singles):     3 seconds
DAG statistics
mean edges/level: 7      max edges/level: 24
mean edges/node:  1.142  mean count/edge: 10

Window=2 Iteration=6
Time for building model:         1 second
Time for sampling (singles):     3 seconds
DAG statistics
mean edges/level: 5      max edges/level: 22
mean edges/node:  1.152  mean count/edge: 14

Window=2 Iteration=7
Time for building model:         2 seconds
Time for sampling (singles):     3 seconds
DAG statistics
mean edges/level: 6      max edges/level: 24
mean edges/node:  1.134  mean count/edge: 11

Window=2 Iteration=8
Time for building model:         1 second
Time for sampling (singles):     3 seconds
DAG statistics
mean edges/level: 5      max edges/level: 21
mean edges/node:  1.142  mean count/edge: 14

Window=2 Iteration=9
Time for building model:         2 seconds
Time for sampling (singles):     4 seconds
DAG statistics
mean edges/level: 7      max edges/level: 24
mean edges/node:  1.121  mean count/edge: 10

Window=2 Iteration=10
Time for building model:         1 second
Time for sampling (singles):     2 seconds
DAG statistics
mean edges/level: 5      max edges/level: 20
mean edges/node:  1.136  mean count/edge: 14

Starting phasing iterations

Window=2 Iteration=11
Time for building model:         1 second
Time for sampling (singles):     3 seconds
DAG statistics
mean edges/level: 8      max edges/level: 25
mean edges/node:  1.092  mean count/edge: 9

Window=2 Iteration=12
Time for building model:         2 seconds
Time for sampling (singles):     4 seconds
DAG statistics
mean edges/level: 13     max edges/level: 28
mean edges/node:  1.062  mean count/edge: 5

Window=2 Iteration=13
Time for building model:         2 seconds
Time for sampling (singles):     3 seconds
DAG statistics
mean edges/level: 15     max edges/level: 26
mean edges/node:  1.050  mean count/edge: 5

Window=2 Iteration=14
Time for building model:         2 seconds
Time for sampling (singles):     3 seconds
DAG statistics
mean edges/level: 16     max edges/level: 29
mean edges/node:  1.043  mean count/edge: 4

Window=2 Iteration=15
Time for building model:         2 seconds
Time for sampling (singles):     3 seconds
DAG statistics
mean edges/level: 17     max edges/level: 29
mean edges/node:  1.038  mean count/edge: 4

Window 3 [ NC_037350.1:21429509-26101895 ]
target markers:      50000

Starting burn-in iterations

Window=3 Iteration=1
Time for building model:         2 seconds
Time for sampling (singles):     3 seconds
DAG statistics
mean edges/level: 7      max edges/level: 24
mean edges/node:  1.547  mean count/edge: 10

Window=3 Iteration=2
Time for building model:         1 second
Time for sampling (singles):     3 seconds
DAG statistics
mean edges/level: 6      max edges/level: 18
mean edges/node:  1.413  mean count/edge: 11

Window=3 Iteration=3
Time for building model:         1 second
Time for sampling (singles):     3 seconds
DAG statistics
mean edges/level: 6      max edges/level: 22
mean edges/node:  1.253  mean count/edge: 11

Window=3 Iteration=4
Time for building model:         2 seconds
Time for sampling (singles):     3 seconds
DAG statistics
mean edges/level: 6      max edges/level: 19
mean edges/node:  1.213  mean count/edge: 11

Window=3 Iteration=5
Time for building model:         1 second
Time for sampling (singles):     3 seconds
DAG statistics
mean edges/level: 6      max edges/level: 21
mean edges/node:  1.177  mean count/edge: 11

Window=3 Iteration=6
Time for building model:         1 second
Time for sampling (singles):     3 seconds
DAG statistics
mean edges/level: 6      max edges/level: 19
mean edges/node:  1.169  mean count/edge: 11

Window=3 Iteration=7
Time for building model:         1 second
Time for sampling (singles):     3 seconds
DAG statistics
mean edges/level: 6      max edges/level: 24
mean edges/node:  1.157  mean count/edge: 11

Window=3 Iteration=8
Time for building model:         2 seconds
Time for sampling (singles):     5 seconds
DAG statistics
mean edges/level: 8      max edges/level: 24
mean edges/node:  1.138  mean count/edge: 9

Window=3 Iteration=9
Time for building model:         2 seconds
Time for sampling (singles):     4 seconds
DAG statistics
mean edges/level: 7      max edges/level: 24
mean edges/node:  1.135  mean count/edge: 10

Window=3 Iteration=10
Time for building model:         2 seconds
Time for sampling (singles):     6 seconds
DAG statistics
mean edges/level: 9      max edges/level: 24
mean edges/node:  1.124  mean count/edge: 8

Starting phasing iterations

Window=3 Iteration=11
Time for building model:         1 second
Time for sampling (singles):     4 seconds
DAG statistics
mean edges/level: 9      max edges/level: 24
mean edges/node:  1.100  mean count/edge: 8

Window=3 Iteration=12
Time for building model:         3 seconds
Time for sampling (singles):     6 seconds
DAG statistics
mean edges/level: 14     max edges/level: 27
mean edges/node:  1.069  mean count/edge: 5

Window=3 Iteration=13
Time for building model:         3 seconds
Time for sampling (singles):     4 seconds
DAG statistics
mean edges/level: 15     max edges/level: 29
mean edges/node:  1.056  mean count/edge: 5

Window=3 Iteration=14
Time for building model:         3 seconds
Time for sampling (singles):     5 seconds
DAG statistics
mean edges/level: 16     max edges/level: 28
mean edges/node:  1.051  mean count/edge: 4

Window=3 Iteration=15
Time for building model:         10 seconds
Time for sampling (singles):     29 seconds
DAG statistics
mean edges/level: 17     max edges/level: 30
mean edges/node:  1.046  mean count/edge: 4

Window 4 [ NC_037350.1:26055410-29295058 ]
target markers:      50000

Starting burn-in iterations

Window=4 Iteration=1
Time for building model:         8 seconds
Time for sampling (singles):     2 seconds
DAG statistics
mean edges/level: 5      max edges/level: 28
mean edges/node:  1.640  mean count/edge: 14

Window=4 Iteration=2
Time for building model:         6 seconds
Time for sampling (singles):     2 seconds
DAG statistics
mean edges/level: 5      max edges/level: 14
mean edges/node:  1.564  mean count/edge: 14

Window=4 Iteration=3
Time for building model:         2 seconds
Time for sampling (singles):     2 seconds
DAG statistics
mean edges/level: 5      max edges/level: 25
mean edges/node:  1.414  mean count/edge: 14

Window=4 Iteration=4
Time for building model:         5 seconds
Time for sampling (singles):     2 seconds
DAG statistics
mean edges/level: 5      max edges/level: 17
mean edges/node:  1.385  mean count/edge: 14

Window=4 Iteration=5
Time for building model:         7 seconds
Time for sampling (singles):     2 seconds
DAG statistics
mean edges/level: 5      max edges/level: 25
mean edges/node:  1.326  mean count/edge: 14

Window=4 Iteration=6
Time for building model:         15 seconds
Time for sampling (singles):     2 seconds
DAG statistics
mean edges/level: 5      max edges/level: 19
mean edges/node:  1.325  mean count/edge: 14

Window=4 Iteration=7
Time for building model:         14 seconds
Time for sampling (singles):     2 seconds
DAG statistics
mean edges/level: 5      max edges/level: 25
mean edges/node:  1.289  mean count/edge: 14

Window=4 Iteration=8
Time for building model:         14 seconds
Time for sampling (singles):     3 seconds
DAG statistics
mean edges/level: 5      max edges/level: 17
mean edges/node:  1.293  mean count/edge: 14

Window=4 Iteration=9
Time for building model:         9 seconds
Time for sampling (singles):     2 seconds
DAG statistics
mean edges/level: 5      max edges/level: 24
mean edges/node:  1.264  mean count/edge: 14

Window=4 Iteration=10
Time for building model:         3 seconds
Time for sampling (singles):     2 seconds
DAG statistics
mean edges/level: 5      max edges/level: 17
mean edges/node:  1.273  mean count/edge: 14

Starting phasing iterations

Window=4 Iteration=11
Time for building model:         2 seconds
Time for sampling (singles):     33 seconds
DAG statistics
mean edges/level: 6      max edges/level: 25
mean edges/node:  1.223  mean count/edge: 11

Window=4 Iteration=12
Time for building model:         11 seconds
Time for sampling (singles):     24 seconds
DAG statistics
mean edges/level: 8      max edges/level: 21
mean edges/node:  1.193  mean count/edge: 9

Window=4 Iteration=13
Time for building model:         6 seconds
Time for sampling (singles):     16 seconds
DAG statistics
mean edges/level: 9      max edges/level: 25
mean edges/node:  1.164  mean count/edge: 8

Window=4 Iteration=14
Time for building model:         4 seconds
Time for sampling (singles):     9 seconds
DAG statistics
mean edges/level: 12     max edges/level: 25
mean edges/node:  1.129  mean count/edge: 6

Window=4 Iteration=15
Time for building model:         2 seconds
Time for sampling (singles):     5 seconds
DAG statistics
mean edges/level: 12     max edges/level: 26
mean edges/node:  1.115  mean count/edge: 6

Window 5 [ NC_037350.1:29164323-35251040 ]
target markers:      50000

Starting burn-in iterations

Window=5 Iteration=1
Time for building model:         5 seconds
Time for sampling (singles):     2 seconds
DAG statistics
mean edges/level: 5      max edges/level: 19
mean edges/node:  1.639  mean count/edge: 14

Window=5 Iteration=2
Time for building model:         1 second
Time for sampling (singles):     2 seconds
DAG statistics
mean edges/level: 5      max edges/level: 15
mean edges/node:  1.518  mean count/edge: 14

Window=5 Iteration=3
Time for building model:         1 second
Time for sampling (singles):     2 seconds
DAG statistics
mean edges/level: 5      max edges/level: 23
mean edges/node:  1.363  mean count/edge: 14

Window=5 Iteration=4
Time for building model:         1 second
Time for sampling (singles):     2 seconds
DAG statistics
mean edges/level: 5      max edges/level: 16
mean edges/node:  1.315  mean count/edge: 14

Window=5 Iteration=5
Time for building model:         3 seconds
Time for sampling (singles):     2 seconds
DAG statistics
mean edges/level: 5      max edges/level: 23
mean edges/node:  1.280  mean count/edge: 14

Window=5 Iteration=6
Time for building model:         7 seconds
Time for sampling (singles):     2 seconds
DAG statistics
mean edges/level: 5      max edges/level: 17
mean edges/node:  1.269  mean count/edge: 14

Window=5 Iteration=7
Time for building model:         1 second
Time for sampling (singles):     2 seconds
DAG statistics
mean edges/level: 5      max edges/level: 19
mean edges/node:  1.251  mean count/edge: 14

Window=5 Iteration=8
Time for building model:         1 second
Time for sampling (singles):     2 seconds
DAG statistics
mean edges/level: 5      max edges/level: 17
mean edges/node:  1.249  mean count/edge: 14

Window=5 Iteration=9
Time for building model:         1 second
Time for sampling (singles):     2 seconds
DAG statistics
mean edges/level: 5      max edges/level: 21
mean edges/node:  1.238  mean count/edge: 14

Window=5 Iteration=10
Time for building model:         2 seconds
Time for sampling (singles):     2 seconds
DAG statistics
mean edges/level: 5      max edges/level: 18
mean edges/node:  1.238  mean count/edge: 14

Starting phasing iterations

Window=5 Iteration=11
Time for building model:         1 second
Time for sampling (singles):     4 seconds
DAG statistics
mean edges/level: 6      max edges/level: 20
mean edges/node:  1.213  mean count/edge: 11

Window=5 Iteration=12
Time for building model:         3 seconds
Time for sampling (singles):     3 seconds
DAG statistics
mean edges/level: 6      max edges/level: 18
mean edges/node:  1.213  mean count/edge: 11

Window=5 Iteration=13
Time for building model:         2 seconds
Time for sampling (singles):     4 seconds
DAG statistics
mean edges/level: 8      max edges/level: 22
mean edges/node:  1.172  mean count/edge: 9

Window=5 Iteration=14
Time for building model:         2 seconds
Time for sampling (singles):     4 seconds
DAG statistics
mean edges/level: 12     max edges/level: 25
mean edges/node:  1.110  mean count/edge: 6

Window=5 Iteration=15
Time for building model:         2 seconds
Time for sampling (singles):     5 seconds
DAG statistics
mean edges/level: 13     max edges/level: 27
mean edges/node:  1.092  mean count/edge: 5

Window 6 [ NC_037350.1:35046226-42166833 ]
target markers:      50000

Starting burn-in iterations

Window=6 Iteration=1
Time for building model:         1 second
Time for sampling (singles):     3 seconds
DAG statistics
mean edges/level: 7      max edges/level: 18
mean edges/node:  1.570  mean count/edge: 10

Window=6 Iteration=2
Time for building model:         2 seconds
Time for sampling (singles):     4 seconds
DAG statistics
mean edges/level: 8      max edges/level: 19
mean edges/node:  1.311  mean count/edge: 9

Window=6 Iteration=3
Time for building model:         1 second
Time for sampling (singles):     2 seconds
DAG statistics
mean edges/level: 6      max edges/level: 16
mean edges/node:  1.258  mean count/edge: 11

Window=6 Iteration=4
Time for building model:         2 seconds
Time for sampling (singles):     4 seconds
DAG statistics
mean edges/level: 9      max edges/level: 21
mean edges/node:  1.167  mean count/edge: 8

Window=6 Iteration=5
Time for building model:         2 seconds
Time for sampling (singles):     5 seconds
DAG statistics
mean edges/level: 9      max edges/level: 24
mean edges/node:  1.135  mean count/edge: 8

Window=6 Iteration=6
Time for building model:         2 seconds
Time for sampling (singles):     6 seconds
DAG statistics
mean edges/level: 9      max edges/level: 25
mean edges/node:  1.121  mean count/edge: 8

Window=6 Iteration=7
Time for building model:         1 second
Time for sampling (singles):     2 seconds
DAG statistics
mean edges/level: 6      max edges/level: 18
mean edges/node:  1.165  mean count/edge: 11

Window=6 Iteration=8
Time for building model:         1 second
Time for sampling (singles):     3 seconds
DAG statistics
mean edges/level: 6      max edges/level: 20
mean edges/node:  1.154  mean count/edge: 11

Window=6 Iteration=9
Time for building model:         2 seconds
Time for sampling (singles):     6 seconds
DAG statistics
mean edges/level: 9      max edges/level: 25
mean edges/node:  1.124  mean count/edge: 8

Window=6 Iteration=10
Time for building model:         6 seconds
Time for sampling (singles):     6 seconds
DAG statistics
mean edges/level: 9      max edges/level: 23
mean edges/node:  1.113  mean count/edge: 8

Starting phasing iterations

Window=6 Iteration=11
Time for building model:         2 seconds
Time for sampling (singles):     39 seconds
DAG statistics
mean edges/level: 13     max edges/level: 25
mean edges/node:  1.069  mean count/edge: 5

Window=6 Iteration=12
Time for building model:         42 seconds
Time for sampling (singles):     1 minute 24 seconds
DAG statistics
mean edges/level: 15     max edges/level: 28
mean edges/node:  1.058  mean count/edge: 5

Window=6 Iteration=13
Time for building model:         15 seconds
Time for sampling (singles):     1 minute 31 seconds
DAG statistics
mean edges/level: 16     max edges/level: 28
mean edges/node:  1.051  mean count/edge: 4

Window=6 Iteration=14
Time for building model:         1 minute 8 seconds
Time for sampling (singles):     1 minute 29 seconds
DAG statistics
mean edges/level: 17     max edges/level: 28
mean edges/node:  1.046  mean count/edge: 4

Window=6 Iteration=15
Time for building model:         1 minute 16 seconds
Time for sampling (singles):     2 minutes 29 seconds
DAG statistics
mean edges/level: 17     max edges/level: 28
mean edges/node:  1.044  mean count/edge: 4

Window 7 [ NC_037350.1:41768822-48247064 ]
target markers:      50000

Starting burn-in iterations

Window=7 Iteration=1
Time for building model:         2 minutes 20 seconds
Time for sampling (singles):     16 seconds
DAG statistics
mean edges/level: 8      max edges/level: 23
mean edges/node:  1.456  mean count/edge: 9

Window=7 Iteration=2
Time for building model:         1 minute 29 seconds
Time for sampling (singles):     4 seconds
DAG statistics
mean edges/level: 6      max edges/level: 17
mean edges/node:  1.391  mean count/edge: 11

Window=7 Iteration=3
Time for building model:         1 minute 42 seconds
Time for sampling (singles):     10 seconds
DAG statistics
mean edges/level: 8      max edges/level: 25
mean edges/node:  1.193  mean count/edge: 9

Window=7 Iteration=4
Time for building model:         1 minute 15 seconds
Time for sampling (singles):     9 seconds
DAG statistics
mean edges/level: 9      max edges/level: 23
mean edges/node:  1.142  mean count/edge: 8

Window=7 Iteration=5
Time for building model:         1 minute 19 seconds
Time for sampling (singles):     6 seconds
DAG statistics
mean edges/level: 8      max edges/level: 23
mean edges/node:  1.130  mean count/edge: 9

Window=7 Iteration=6
Time for building model:         1 minute 21 seconds
Time for sampling (singles):     6 seconds
DAG statistics
mean edges/level: 10     max edges/level: 25
mean edges/node:  1.114  mean count/edge: 7

Window=7 Iteration=7
Time for building model:         1 minute 21 seconds
Time for sampling (singles):     8 seconds
DAG statistics
mean edges/level: 10     max edges/level: 24
mean edges/node:  1.104  mean count/edge: 7

Window=7 Iteration=8
Time for building model:         1 minute 9 seconds
Time for sampling (singles):     5 seconds
DAG statistics
mean edges/level: 6      max edges/level: 21
mean edges/node:  1.149  mean count/edge: 11

Window=7 Iteration=9
Time for building model:         2 minutes 33 seconds
Time for sampling (singles):     10 seconds
DAG statistics
mean edges/level: 10     max edges/level: 24
mean edges/node:  1.113  mean count/edge: 7

Window=7 Iteration=10
Time for building model:         1 minute 44 seconds
Time for sampling (singles):     10 seconds
DAG statistics
mean edges/level: 10     max edges/level: 25
mean edges/node:  1.100  mean count/edge: 7

Starting phasing iterations

Window=7 Iteration=11
Time for building model:         41 seconds
Time for sampling (singles):     1 minute 41 seconds
DAG statistics
mean edges/level: 14     max edges/level: 25
mean edges/node:  1.061  mean count/edge: 5

Window=7 Iteration=12
Time for building model:         47 seconds
Time for sampling (singles):     1 minute 55 seconds
DAG statistics
mean edges/level: 15     max edges/level: 26
mean edges/node:  1.052  mean count/edge: 5

Window=7 Iteration=13
Time for building model:         1 minute 29 seconds
Time for sampling (singles):     2 minutes 43 seconds
DAG statistics
mean edges/level: 17     max edges/level: 27
mean edges/node:  1.045  mean count/edge: 4

Window=7 Iteration=14
Time for building model:         1 minute 33 seconds
Time for sampling (singles):     2 minutes 14 seconds
DAG statistics
mean edges/level: 17     max edges/level: 27
mean edges/node:  1.041  mean count/edge: 4

Window=7 Iteration=15
Time for building model:         1 minute 37 seconds
Time for sampling (singles):     2 minutes 21 seconds
DAG statistics
mean edges/level: 18     max edges/level: 30
mean edges/node:  1.039  mean count/edge: 4

Window 8 [ NC_037350.1:47778092-52496851 ]
target markers:      41332

Starting burn-in iterations

Window=8 Iteration=1
Time for building model:         1 minute 43 seconds
Time for sampling (singles):     17 seconds
DAG statistics
mean edges/level: 7      max edges/level: 23
mean edges/node:  1.541  mean count/edge: 10

Window=8 Iteration=2
Time for building model:         2 minutes 21 seconds
Time for sampling (singles):     29 seconds
DAG statistics
mean edges/level: 6      max edges/level: 15
mean edges/node:  1.448  mean count/edge: 11

Window=8 Iteration=3
Time for building model:         1 minute 51 seconds
Time for sampling (singles):     5 seconds
DAG statistics
mean edges/level: 7      max edges/level: 24
mean edges/node:  1.260  mean count/edge: 10

Window=8 Iteration=4
Time for building model:         1 minute 32 seconds
Time for sampling (singles):     2 seconds
DAG statistics
mean edges/level: 6      max edges/level: 16
mean edges/node:  1.246  mean count/edge: 11

Window=8 Iteration=5
Time for building model:         1 minute 57 seconds
Time for sampling (singles):     7 seconds
DAG statistics
mean edges/level: 7      max edges/level: 23
mean edges/node:  1.194  mean count/edge: 10

Window=8 Iteration=6
Time for building model:         1 minute 25 seconds
Time for sampling (singles):     7 seconds
DAG statistics
mean edges/level: 6      max edges/level: 18
mean edges/node:  1.204  mean count/edge: 11

Window=8 Iteration=7
Time for building model:         1 minute 15 seconds
Time for sampling (singles):     8 seconds
DAG statistics
mean edges/level: 7      max edges/level: 23
mean edges/node:  1.172  mean count/edge: 10

Window=8 Iteration=8
Time for building model:         1 minute 27 seconds
Time for sampling (singles):     13 seconds
DAG statistics
mean edges/level: 6      max edges/level: 17
mean edges/node:  1.189  mean count/edge: 11

Window=8 Iteration=9
Time for building model:         2 minutes 5 seconds
Time for sampling (singles):     13 seconds
DAG statistics
mean edges/level: 7      max edges/level: 27
mean edges/node:  1.160  mean count/edge: 10

Window=8 Iteration=10
Time for building model:         2 minutes 3 seconds
Time for sampling (singles):     8 seconds
DAG statistics
mean edges/level: 6      max edges/level: 19
mean edges/node:  1.179  mean count/edge: 11

Starting phasing iterations

Window=8 Iteration=11
Time for building model:         57 seconds
Time for sampling (singles):     2 minutes 16 seconds
DAG statistics
mean edges/level: 11     max edges/level: 26
mean edges/node:  1.096  mean count/edge: 6

Window=8 Iteration=12
Time for building model:         1 minute 22 seconds
Time for sampling (singles):     1 minute 51 seconds
DAG statistics
mean edges/level: 13     max edges/level: 25
mean edges/node:  1.078  mean count/edge: 5

Window=8 Iteration=13
Time for building model:         58 seconds
Time for sampling (singles):     1 minute 32 seconds
DAG statistics
mean edges/level: 15     max edges/level: 26
mean edges/node:  1.066  mean count/edge: 5

Window=8 Iteration=14
Time for building model:         1 minute 19 seconds
Time for sampling (singles):     1 minute 52 seconds
DAG statistics
mean edges/level: 16     max edges/level: 27
mean edges/node:  1.059  mean count/edge: 4

Window=8 Iteration=15
Time for building model:         1 minute 5 seconds
Time for sampling (singles):     2 minutes 1 second
DAG statistics
mean edges/level: 16     max edges/level: 27
mean edges/node:  1.053  mean count/edge: 4

Number of markers:              370332
Total time for building model: 53 minutes 9 seconds
Total time for sampling:       37 minutes 9 seconds
Total run time:                1 hour 35 minutes 51 seconds

End time: 08:16 PM CEST on 04 Apr 2024
beagle.27Jan18.7e1.jar (version 4.1) finished
