beagle.27Jan18.7e1.jar (version 4.1)
Copyright (C) 2014-2015 Brian L. Browning
Enter "java -jar beagle.27Jan18.7e1.jar" for a summary of command line arguments.
Start time: 06:40 PM CEST on 04 Apr 2024

Command line: java -Xmx54613m -jar beagle.jar
  gl=results/gl/Bostau9_tragmain2_sites_variable_noindels_renamed_Tspe.bcf.gz.NC_037342.1.vcf.gz
  chrom=NC_037342.1
  out=results/imputed/Bostau9_tragmain2_sites_variable_noindels_renamed_Tspe.bcf.gz.NC_037342.1
  nthreads=6

No genetic map is specified: using 1 cM = 1 Mb

reference samples:       0
target samples:         34

Window 1 [ NC_037342.1:85804-13391164 ]
target markers:      50000

Starting burn-in iterations

Window=1 Iteration=1
Time for building model:         2 seconds
Time for sampling (singles):     2 seconds
DAG statistics
mean edges/level: 5      max edges/level: 15
mean edges/node:  1.631  mean count/edge: 14

Window=1 Iteration=2
Time for building model:         1 second
Time for sampling (singles):     2 seconds
DAG statistics
mean edges/level: 5      max edges/level: 17
mean edges/node:  1.433  mean count/edge: 14

Window=1 Iteration=3
Time for building model:         1 second
Time for sampling (singles):     2 seconds
DAG statistics
mean edges/level: 4      max edges/level: 16
mean edges/node:  1.309  mean count/edge: 17

Window=1 Iteration=4
Time for building model:         2 seconds
Time for sampling (singles):     2 seconds
DAG statistics
mean edges/level: 5      max edges/level: 23
mean edges/node:  1.237  mean count/edge: 14

Window=1 Iteration=5
Time for building model:         1 second
Time for sampling (singles):     2 seconds
DAG statistics
mean edges/level: 4      max edges/level: 20
mean edges/node:  1.232  mean count/edge: 17

Window=1 Iteration=6
Time for building model:         1 second
Time for sampling (singles):     2 seconds
DAG statistics
mean edges/level: 5      max edges/level: 24
mean edges/node:  1.209  mean count/edge: 14

Window=1 Iteration=7
Time for building model:         1 second
Time for sampling (singles):     2 seconds
DAG statistics
mean edges/level: 4      max edges/level: 20
mean edges/node:  1.209  mean count/edge: 17

Window=1 Iteration=8
Time for building model:         1 second
Time for sampling (singles):     2 seconds
DAG statistics
mean edges/level: 5      max edges/level: 24
mean edges/node:  1.184  mean count/edge: 14

Window=1 Iteration=9
Time for building model:         1 second
Time for sampling (singles):     2 seconds
DAG statistics
mean edges/level: 4      max edges/level: 22
mean edges/node:  1.195  mean count/edge: 17

Window=1 Iteration=10
Time for building model:         1 second
Time for sampling (singles):     3 seconds
DAG statistics
mean edges/level: 5      max edges/level: 23
mean edges/node:  1.172  mean count/edge: 14

Starting phasing iterations

Window=1 Iteration=11
Time for building model:         2 seconds
Time for sampling (singles):     4 seconds
DAG statistics
mean edges/level: 5      max edges/level: 16
mean edges/node:  1.185  mean count/edge: 14

Window=1 Iteration=12
Time for building model:         3 seconds
Time for sampling (singles):     4 seconds
DAG statistics
mean edges/level: 7      max edges/level: 22
mean edges/node:  1.150  mean count/edge: 10

Window=1 Iteration=13
Time for building model:         2 seconds
Time for sampling (singles):     3 seconds
DAG statistics
mean edges/level: 8      max edges/level: 23
mean edges/node:  1.133  mean count/edge: 9

Window=1 Iteration=14
Time for building model:         2 seconds
Time for sampling (singles):     3 seconds
DAG statistics
mean edges/level: 12     max edges/level: 26
mean edges/node:  1.081  mean count/edge: 6

Window=1 Iteration=15
Time for building model:         3 seconds
Time for sampling (singles):     3 seconds
DAG statistics
mean edges/level: 14     max edges/level: 31
mean edges/node:  1.062  mean count/edge: 5

Window 2 [ NC_037342.1:12735955-23914682 ]
target markers:      50000

Starting burn-in iterations

Window=2 Iteration=1
Time for building model:         1 second
Time for sampling (singles):     2 seconds
DAG statistics
mean edges/level: 6      max edges/level: 25
mean edges/node:  1.495  mean count/edge: 11

Window=2 Iteration=2
Time for building model:         1 second
Time for sampling (singles):     2 seconds
DAG statistics
mean edges/level: 6      max edges/level: 18
mean edges/node:  1.308  mean count/edge: 11

Window=2 Iteration=3
Time for building model:         1 second
Time for sampling (singles):     2 seconds
DAG statistics
mean edges/level: 5      max edges/level: 24
mean edges/node:  1.198  mean count/edge: 14

Window=2 Iteration=4
Time for building model:         1 second
Time for sampling (singles):     2 seconds
DAG statistics
mean edges/level: 5      max edges/level: 20
mean edges/node:  1.168  mean count/edge: 14

Window=2 Iteration=5
Time for building model:         1 second
Time for sampling (singles):     2 seconds
DAG statistics
mean edges/level: 5      max edges/level: 24
mean edges/node:  1.149  mean count/edge: 14

Window=2 Iteration=6
Time for building model:         1 second
Time for sampling (singles):     2 seconds
DAG statistics
mean edges/level: 5      max edges/level: 20
mean edges/node:  1.140  mean count/edge: 14

Window=2 Iteration=7
Time for building model:         1 second
Time for sampling (singles):     2 seconds
DAG statistics
mean edges/level: 6      max edges/level: 24
mean edges/node:  1.131  mean count/edge: 11

Window=2 Iteration=8
Time for building model:         2 seconds
Time for sampling (singles):     4 seconds
DAG statistics
mean edges/level: 7      max edges/level: 24
mean edges/node:  1.123  mean count/edge: 10

Window=2 Iteration=9
Time for building model:         1 second
Time for sampling (singles):     2 seconds
DAG statistics
mean edges/level: 6      max edges/level: 25
mean edges/node:  1.122  mean count/edge: 11

Window=2 Iteration=10
Time for building model:         2 seconds
Time for sampling (singles):     4 seconds
DAG statistics
mean edges/level: 7      max edges/level: 27
mean edges/node:  1.115  mean count/edge: 10

Starting phasing iterations

Window=2 Iteration=11
Time for building model:         1 second
Time for sampling (singles):     4 seconds
DAG statistics
mean edges/level: 7      max edges/level: 27
mean edges/node:  1.091  mean count/edge: 10

Window=2 Iteration=12
Time for building model:         2 seconds
Time for sampling (singles):     3 seconds
DAG statistics
mean edges/level: 10     max edges/level: 23
mean edges/node:  1.075  mean count/edge: 7

Window=2 Iteration=13
Time for building model:         2 seconds
Time for sampling (singles):     4 seconds
DAG statistics
mean edges/level: 14     max edges/level: 26
mean edges/node:  1.052  mean count/edge: 5

Window=2 Iteration=14
Time for building model:         2 seconds
Time for sampling (singles):     3 seconds
DAG statistics
mean edges/level: 15     max edges/level: 28
mean edges/node:  1.043  mean count/edge: 5

Window=2 Iteration=15
Time for building model:         2 seconds
Time for sampling (singles):     4 seconds
DAG statistics
mean edges/level: 16     max edges/level: 29
mean edges/node:  1.037  mean count/edge: 4

Window 3 [ NC_037342.1:23461467-32497069 ]
target markers:      50000

Starting burn-in iterations

Window=3 Iteration=1
Time for building model:         1 second
Time for sampling (singles):     4 seconds
DAG statistics
mean edges/level: 7      max edges/level: 25
mean edges/node:  1.493  mean count/edge: 10

Window=3 Iteration=2
Time for building model:         1 second
Time for sampling (singles):     3 seconds
DAG statistics
mean edges/level: 7      max edges/level: 20
mean edges/node:  1.332  mean count/edge: 10

Window=3 Iteration=3
Time for building model:         2 seconds
Time for sampling (singles):     4 seconds
DAG statistics
mean edges/level: 8      max edges/level: 26
mean edges/node:  1.190  mean count/edge: 9

Window=3 Iteration=4
Time for building model:         1 second
Time for sampling (singles):     3 seconds
DAG statistics
mean edges/level: 7      max edges/level: 20
mean edges/node:  1.170  mean count/edge: 10

Window=3 Iteration=5
Time for building model:         2 seconds
Time for sampling (singles):     4 seconds
DAG statistics
mean edges/level: 8      max edges/level: 25
mean edges/node:  1.136  mean count/edge: 9

Window=3 Iteration=6
Time for building model:         1 second
Time for sampling (singles):     3 seconds
DAG statistics
mean edges/level: 6      max edges/level: 19
mean edges/node:  1.151  mean count/edge: 11

Window=3 Iteration=7
Time for building model:         2 seconds
Time for sampling (singles):     5 seconds
DAG statistics
mean edges/level: 8      max edges/level: 27
mean edges/node:  1.122  mean count/edge: 9

Window=3 Iteration=8
Time for building model:         1 second
Time for sampling (singles):     3 seconds
DAG statistics
mean edges/level: 6      max edges/level: 21
mean edges/node:  1.136  mean count/edge: 11

Window=3 Iteration=9
Time for building model:         2 seconds
Time for sampling (singles):     5 seconds
DAG statistics
mean edges/level: 8      max edges/level: 25
mean edges/node:  1.115  mean count/edge: 9

Window=3 Iteration=10
Time for building model:         1 second
Time for sampling (singles):     3 seconds
DAG statistics
mean edges/level: 6      max edges/level: 24
mean edges/node:  1.130  mean count/edge: 11

Starting phasing iterations

Window=3 Iteration=11
Time for building model:         1 second
Time for sampling (singles):     5 seconds
DAG statistics
mean edges/level: 11     max edges/level: 25
mean edges/node:  1.073  mean count/edge: 6

Window=3 Iteration=12
Time for building model:         3 seconds
Time for sampling (singles):     7 seconds
DAG statistics
mean edges/level: 14     max edges/level: 27
mean edges/node:  1.057  mean count/edge: 5

Window=3 Iteration=13
Time for building model:         3 seconds
Time for sampling (singles):     4 seconds
DAG statistics
mean edges/level: 16     max edges/level: 30
mean edges/node:  1.047  mean count/edge: 4

Window=3 Iteration=14
Time for building model:         10 seconds
Time for sampling (singles):     46 seconds
DAG statistics
mean edges/level: 17     max edges/level: 30
mean edges/node:  1.042  mean count/edge: 4

Window=3 Iteration=15
Time for building model:         17 seconds
Time for sampling (singles):     31 seconds
DAG statistics
mean edges/level: 17     max edges/level: 28
mean edges/node:  1.038  mean count/edge: 4

Window 4 [ NC_037342.1:31956463-41313297 ]
target markers:      50000

Starting burn-in iterations

Window=4 Iteration=1
Time for building model:         23 seconds
Time for sampling (singles):     3 seconds
DAG statistics
mean edges/level: 7      max edges/level: 25
mean edges/node:  1.489  mean count/edge: 10

Window=4 Iteration=2
Time for building model:         23 seconds
Time for sampling (singles):     3 seconds
DAG statistics
mean edges/level: 6      max edges/level: 17
mean edges/node:  1.356  mean count/edge: 11

Window=4 Iteration=3
Time for building model:         25 seconds
Time for sampling (singles):     3 seconds
DAG statistics
mean edges/level: 7      max edges/level: 25
mean edges/node:  1.197  mean count/edge: 10

Window=4 Iteration=4
Time for building model:         16 seconds
Time for sampling (singles):     3 seconds
DAG statistics
mean edges/level: 6      max edges/level: 24
mean edges/node:  1.168  mean count/edge: 11

Window=4 Iteration=5
Time for building model:         19 seconds
Time for sampling (singles):     4 seconds
DAG statistics
mean edges/level: 9      max edges/level: 24
mean edges/node:  1.131  mean count/edge: 8

Window=4 Iteration=6
Time for building model:         19 seconds
Time for sampling (singles):     3 seconds
DAG statistics
mean edges/level: 7      max edges/level: 24
mean edges/node:  1.132  mean count/edge: 10

Window=4 Iteration=7
Time for building model:         19 seconds
Time for sampling (singles):     5 seconds
DAG statistics
mean edges/level: 9      max edges/level: 25
mean edges/node:  1.112  mean count/edge: 8

Window=4 Iteration=8
Time for building model:         18 seconds
Time for sampling (singles):     6 seconds
DAG statistics
mean edges/level: 10     max edges/level: 25
mean edges/node:  1.099  mean count/edge: 7

Window=4 Iteration=9
Time for building model:         15 seconds
Time for sampling (singles):     6 seconds
DAG statistics
mean edges/level: 10     max edges/level: 26
mean edges/node:  1.093  mean count/edge: 7

Window=4 Iteration=10
Time for building model:         21 seconds
Time for sampling (singles):     5 seconds
DAG statistics
mean edges/level: 10     max edges/level: 28
mean edges/node:  1.088  mean count/edge: 7

Starting phasing iterations

Window=4 Iteration=11
Time for building model:         16 seconds
Time for sampling (singles):     29 seconds
DAG statistics
mean edges/level: 14     max edges/level: 26
mean edges/node:  1.059  mean count/edge: 5

Window=4 Iteration=12
Time for building model:         24 seconds
Time for sampling (singles):     1 minute 55 seconds
DAG statistics
mean edges/level: 15     max edges/level: 26
mean edges/node:  1.050  mean count/edge: 5

Window=4 Iteration=13
Time for building model:         1 minute 13 seconds
Time for sampling (singles):     1 minute 46 seconds
DAG statistics
mean edges/level: 16     max edges/level: 28
mean edges/node:  1.043  mean count/edge: 4

Window=4 Iteration=14
Time for building model:         1 minute 1 second
Time for sampling (singles):     1 minute 21 seconds
DAG statistics
mean edges/level: 17     max edges/level: 27
mean edges/node:  1.040  mean count/edge: 4

Window=4 Iteration=15
Time for building model:         1 minute 13 seconds
Time for sampling (singles):     2 minutes 33 seconds
DAG statistics
mean edges/level: 18     max edges/level: 30
mean edges/node:  1.037  mean count/edge: 4

Window 5 [ NC_037342.1:40959642-47844413 ]
target markers:      50000

Starting burn-in iterations

Window=5 Iteration=1
Time for building model:         2 minutes 47 seconds
Time for sampling (singles):     20 seconds
DAG statistics
mean edges/level: 6      max edges/level: 25
mean edges/node:  1.532  mean count/edge: 11

Window=5 Iteration=2
Time for building model:         1 minute 24 seconds
Time for sampling (singles):     12 seconds
DAG statistics
mean edges/level: 5      max edges/level: 16
mean edges/node:  1.465  mean count/edge: 14

Window=5 Iteration=3
Time for building model:         1 minute 35 seconds
Time for sampling (singles):     10 seconds
DAG statistics
mean edges/level: 5      max edges/level: 26
mean edges/node:  1.285  mean count/edge: 14

Window=5 Iteration=4
Time for building model:         1 minute 7 seconds
Time for sampling (singles):     8 seconds
DAG statistics
mean edges/level: 5      max edges/level: 16
mean edges/node:  1.280  mean count/edge: 14

Window=5 Iteration=5
Time for building model:         1 minute 30 seconds
Time for sampling (singles):     9 seconds
DAG statistics
mean edges/level: 7      max edges/level: 25
mean edges/node:  1.194  mean count/edge: 10

Window=5 Iteration=6
Time for building model:         1 minute 4 seconds
Time for sampling (singles):     4 seconds
DAG statistics
mean edges/level: 5      max edges/level: 19
mean edges/node:  1.235  mean count/edge: 14

Window=5 Iteration=7
Time for building model:         1 minute 26 seconds
Time for sampling (singles):     8 seconds
DAG statistics
mean edges/level: 6      max edges/level: 25
mean edges/node:  1.189  mean count/edge: 11

Window=5 Iteration=8
Time for building model:         2 minutes 24 seconds
Time for sampling (singles):     20 seconds
DAG statistics
mean edges/level: 5      max edges/level: 17
mean edges/node:  1.217  mean count/edge: 14

Window=5 Iteration=9
Time for building model:         2 minutes 11 seconds
Time for sampling (singles):     12 seconds
DAG statistics
mean edges/level: 7      max edges/level: 25
mean edges/node:  1.161  mean count/edge: 10

Window=5 Iteration=10
Time for building model:         2 minutes 37 seconds
Time for sampling (singles):     15 seconds
DAG statistics
mean edges/level: 5      max edges/level: 17
mean edges/node:  1.204  mean count/edge: 14

Starting phasing iterations

Window=5 Iteration=11
Time for building model:         40 seconds
Time for sampling (singles):     2 minutes 24 seconds
DAG statistics
mean edges/level: 10     max edges/level: 26
mean edges/node:  1.115  mean count/edge: 7

Window=5 Iteration=12
Time for building model:         1 minute 13 seconds
Time for sampling (singles):     3 minutes 13 seconds
DAG statistics
mean edges/level: 6      max edges/level: 24
mean edges/node:  1.186  mean count/edge: 11

Window=5 Iteration=13
Time for building model:         1 minute 35 seconds
Time for sampling (singles):     2 minutes 34 seconds
DAG statistics
mean edges/level: 12     max edges/level: 25
mean edges/node:  1.101  mean count/edge: 6

Window=5 Iteration=14
Time for building model:         1 minute 20 seconds
Time for sampling (singles):     3 minutes 13 seconds
DAG statistics
mean edges/level: 13     max edges/level: 28
mean edges/node:  1.081  mean count/edge: 5

Window=5 Iteration=15
Time for building model:         1 minute 18 seconds
Time for sampling (singles):     3 minutes 16 seconds
DAG statistics
mean edges/level: 14     max edges/level: 27
mean edges/node:  1.069  mean count/edge: 5

Window 6 [ NC_037342.1:47600867-54343874 ]
target markers:      50000

Starting burn-in iterations

Window=6 Iteration=1
Time for building model:         2 minutes 24 seconds
Time for sampling (singles):     38 seconds
DAG statistics
mean edges/level: 5      max edges/level: 22
mean edges/node:  1.632  mean count/edge: 14

Window=6 Iteration=2
Time for building model:         2 minutes 15 seconds
Time for sampling (singles):     6 seconds
DAG statistics
mean edges/level: 5      max edges/level: 20
mean edges/node:  1.491  mean count/edge: 14

Window=6 Iteration=3
Time for building model:         1 minute 31 seconds
Time for sampling (singles):     7 seconds
DAG statistics
mean edges/level: 4      max edges/level: 22
mean edges/node:  1.389  mean count/edge: 17

Window=6 Iteration=4
Time for building model:         1 minute 28 seconds
Time for sampling (singles):     2 seconds
DAG statistics
mean edges/level: 5      max edges/level: 20
mean edges/node:  1.306  mean count/edge: 14

Window=6 Iteration=5
Time for building model:         1 minute 47 seconds
Time for sampling (singles):     5 seconds
DAG statistics
mean edges/level: 4      max edges/level: 22
mean edges/node:  1.304  mean count/edge: 17

Window=6 Iteration=6
Time for building model:         2 minutes 24 seconds
Time for sampling (singles):     11 seconds
DAG statistics
mean edges/level: 5      max edges/level: 23
mean edges/node:  1.255  mean count/edge: 14

Window=6 Iteration=7
Time for building model:         1 minute 50 seconds
Time for sampling (singles):     6 seconds
DAG statistics
mean edges/level: 4      max edges/level: 22
mean edges/node:  1.269  mean count/edge: 17

Window=6 Iteration=8
Time for building model:         1 minute 53 seconds
Time for sampling (singles):     3 seconds
DAG statistics
mean edges/level: 5      max edges/level: 20
mean edges/node:  1.262  mean count/edge: 14

Window=6 Iteration=9
Time for building model:         1 minute 53 seconds
Time for sampling (singles):     12 seconds
DAG statistics
mean edges/level: 4      max edges/level: 22
mean edges/node:  1.254  mean count/edge: 17

Window=6 Iteration=10
Time for building model:         2 minutes 32 seconds
Time for sampling (singles):     10 seconds
DAG statistics
mean edges/level: 5      max edges/level: 21
mean edges/node:  1.249  mean count/edge: 14

Starting phasing iterations

Window=6 Iteration=11
Time for building model:         57 seconds
Time for sampling (singles):     2 minutes 49 seconds
DAG statistics
mean edges/level: 6      max edges/level: 22
mean edges/node:  1.234  mean count/edge: 11

Window=6 Iteration=12
Time for building model:         1 minute 2 seconds
Time for sampling (singles):     3 minutes 11 seconds
DAG statistics
mean edges/level: 6      max edges/level: 27
mean edges/node:  1.232  mean count/edge: 11

Window=6 Iteration=13
Time for building model:         1 minute 39 seconds
Time for sampling (singles):     3 minutes 16 seconds
DAG statistics
mean edges/level: 7      max edges/level: 24
mean edges/node:  1.195  mean count/edge: 10

Window=6 Iteration=14
Time for building model:         1 minute 33 seconds
Time for sampling (singles):     2 minutes 53 seconds
DAG statistics
mean edges/level: 11     max edges/level: 25
mean edges/node:  1.121  mean count/edge: 6

Window=6 Iteration=15
Time for building model:         1 minute 6 seconds
Time for sampling (singles):     2 minutes 11 seconds
DAG statistics
mean edges/level: 12     max edges/level: 27
mean edges/node:  1.097  mean count/edge: 6

Window 7 [ NC_037342.1:53782228-61692756 ]
target markers:      50000

Starting burn-in iterations

Window=7 Iteration=1
Time for building model:         1 minute 41 seconds
Time for sampling (singles):     16 seconds
DAG statistics
mean edges/level: 7      max edges/level: 25
mean edges/node:  1.480  mean count/edge: 10

Window=7 Iteration=2
Time for building model:         1 minute 53 seconds
Time for sampling (singles):     23 seconds
DAG statistics
mean edges/level: 7      max edges/level: 19
mean edges/node:  1.315  mean count/edge: 10

Window=7 Iteration=3
Time for building model:         1 minute 40 seconds
Time for sampling (singles):     21 seconds
DAG statistics
mean edges/level: 6      max edges/level: 22
mean edges/node:  1.210  mean count/edge: 11

Window=7 Iteration=4
Time for building model:         2 minutes 18 seconds
Time for sampling (singles):     5 seconds
DAG statistics
mean edges/level: 9      max edges/level: 24
mean edges/node:  1.143  mean count/edge: 8

Window=7 Iteration=5
Time for building model:         1 minute 12 seconds
Time for sampling (singles):     3 seconds
DAG statistics
mean edges/level: 6      max edges/level: 24
mean edges/node:  1.144  mean count/edge: 11

Window=7 Iteration=6
Time for building model:         1 minute 46 seconds
Time for sampling (singles):     5 seconds
DAG statistics
mean edges/level: 6      max edges/level: 21
mean edges/node:  1.144  mean count/edge: 11

Window=7 Iteration=7
Time for building model:         1 minute 36 seconds
Time for sampling (singles):     6 seconds
DAG statistics
mean edges/level: 6      max edges/level: 24
mean edges/node:  1.134  mean count/edge: 11

Window=7 Iteration=8
Time for building model:         1 minute 50 seconds
Time for sampling (singles):     11 seconds
DAG statistics
mean edges/level: 7      max edges/level: 22
mean edges/node:  1.127  mean count/edge: 10

Window=7 Iteration=9
Time for building model:         2 minutes 29 seconds
Time for sampling (singles):     4 seconds
DAG statistics
mean edges/level: 7      max edges/level: 23
mean edges/node:  1.122  mean count/edge: 10

Window=7 Iteration=10
Time for building model:         1 minute 32 seconds
Time for sampling (singles):     13 seconds
DAG statistics
mean edges/level: 8      max edges/level: 22
mean edges/node:  1.115  mean count/edge: 9

Starting phasing iterations

Window=7 Iteration=11
Time for building model:         59 seconds
Time for sampling (singles):     2 minutes 29 seconds
DAG statistics
mean edges/level: 9      max edges/level: 25
mean edges/node:  1.086  mean count/edge: 8

Window=7 Iteration=12
Time for building model:         1 minute 8 seconds
Time for sampling (singles):     2 minutes 42 seconds
DAG statistics
mean edges/level: 13     max edges/level: 26
mean edges/node:  1.060  mean count/edge: 5

Window=7 Iteration=13
Time for building model:         1 minute 25 seconds
Time for sampling (singles):     2 minutes 56 seconds
DAG statistics
mean edges/level: 15     max edges/level: 27
mean edges/node:  1.049  mean count/edge: 5

Window=7 Iteration=14
Time for building model:         1 minute 41 seconds
Time for sampling (singles):     2 minutes 19 seconds
DAG statistics
mean edges/level: 16     max edges/level: 27
mean edges/node:  1.042  mean count/edge: 4

Window=7 Iteration=15
Time for building model:         1 minute 29 seconds
Time for sampling (singles):     1 minute 40 seconds
DAG statistics
mean edges/level: 17     max edges/level: 30
mean edges/node:  1.038  mean count/edge: 4

Window 8 [ NC_037342.1:61144189-68604746 ]
target markers:      50000

Starting burn-in iterations

Window=8 Iteration=1
Time for building model:         2 minutes 16 seconds
Time for sampling (singles):     5 seconds
DAG statistics
mean edges/level: 7      max edges/level: 25
mean edges/node:  1.488  mean count/edge: 10

Window=8 Iteration=2
Time for building model:         1 minute 38 seconds
Time for sampling (singles):     9 seconds
DAG statistics
mean edges/level: 6      max edges/level: 19
mean edges/node:  1.370  mean count/edge: 11

Window=8 Iteration=3
Time for building model:         2 minutes 3 seconds
Time for sampling (singles):     5 seconds
DAG statistics
mean edges/level: 7      max edges/level: 26
mean edges/node:  1.205  mean count/edge: 10

Window=8 Iteration=4
Time for building model:         2 minutes 20 seconds
Time for sampling (singles):     11 seconds
DAG statistics
mean edges/level: 5      max edges/level: 23
mean edges/node:  1.184  mean count/edge: 14

Window=8 Iteration=5
Time for building model:         2 minutes 16 seconds
Time for sampling (singles):     10 seconds
DAG statistics
mean edges/level: 7      max edges/level: 25
mean edges/node:  1.144  mean count/edge: 10

Window=8 Iteration=6
Time for building model:         2 minutes 11 seconds
Time for sampling (singles):     13 seconds
DAG statistics
mean edges/level: 7      max edges/level: 22
mean edges/node:  1.141  mean count/edge: 10

Window=8 Iteration=7
Time for building model:         2 minutes 10 seconds
Time for sampling (singles):     4 seconds
DAG statistics
mean edges/level: 7      max edges/level: 27
mean edges/node:  1.128  mean count/edge: 10

Window=8 Iteration=8
Time for building model:         1 minute 48 seconds
Time for sampling (singles):     16 seconds
DAG statistics
mean edges/level: 7      max edges/level: 24
mean edges/node:  1.126  mean count/edge: 10

Window=8 Iteration=9
Time for building model:         2 minutes 12 seconds
Time for sampling (singles):     20 seconds
DAG statistics
mean edges/level: 7      max edges/level: 24
mean edges/node:  1.120  mean count/edge: 10

Window=8 Iteration=10
Time for building model:         2 minutes 20 seconds
Time for sampling (singles):     10 seconds
DAG statistics
mean edges/level: 10     max edges/level: 26
mean edges/node:  1.104  mean count/edge: 7

Starting phasing iterations

Window=8 Iteration=11
Time for building model:         1 minute 17 seconds
Time for sampling (singles):     2 minutes 35 seconds
DAG statistics
mean edges/level: 8      max edges/level: 28
mean edges/node:  1.089  mean count/edge: 9

Window=8 Iteration=12
Time for building model:         1 minute 16 seconds
Time for sampling (singles):     2 minutes 21 seconds
DAG statistics
mean edges/level: 13     max edges/level: 26
mean edges/node:  1.061  mean count/edge: 5

Window=8 Iteration=13
Time for building model:         2 minutes 2 seconds
Time for sampling (singles):     2 minutes 32 seconds
DAG statistics
mean edges/level: 15     max edges/level: 27
mean edges/node:  1.049  mean count/edge: 5

Window=8 Iteration=14
Time for building model:         1 minute 27 seconds
Time for sampling (singles):     2 minutes 49 seconds
DAG statistics
mean edges/level: 16     max edges/level: 28
mean edges/node:  1.042  mean count/edge: 4

Window=8 Iteration=15
Time for building model:         1 minute 44 seconds
Time for sampling (singles):     2 minutes 27 seconds
DAG statistics
mean edges/level: 17     max edges/level: 29
mean edges/node:  1.038  mean count/edge: 4

Window 9 [ NC_037342.1:68098276-75002744 ]
target markers:      50000

Starting burn-in iterations

Window=9 Iteration=1
Time for building model:         2 minutes 22 seconds
Time for sampling (singles):     19 seconds
DAG statistics
mean edges/level: 7      max edges/level: 25
mean edges/node:  1.487  mean count/edge: 10

Window=9 Iteration=2
Time for building model:         1 minute 57 seconds
Time for sampling (singles):     15 seconds
DAG statistics
mean edges/level: 6      max edges/level: 19
mean edges/node:  1.321  mean count/edge: 11

Window=9 Iteration=3
Time for building model:         2 minutes 2 seconds
Time for sampling (singles):     7 seconds
DAG statistics
mean edges/level: 9      max edges/level: 27
mean edges/node:  1.158  mean count/edge: 8

Window=9 Iteration=4
Time for building model:         1 minute 33 seconds
Time for sampling (singles):     11 seconds
DAG statistics
mean edges/level: 6      max edges/level: 25
mean edges/node:  1.149  mean count/edge: 11

Window=9 Iteration=5
Time for building model:         1 minute 20 seconds
Time for sampling (singles):     21 seconds
DAG statistics
mean edges/level: 9      max edges/level: 24
mean edges/node:  1.121  mean count/edge: 8

Window=9 Iteration=6
Time for building model:         1 minute 56 seconds
Time for sampling (singles):     15 seconds
DAG statistics
mean edges/level: 10     max edges/level: 26
mean edges/node:  1.100  mean count/edge: 7

Window=9 Iteration=7
Time for building model:         2 minutes 4 seconds
Time for sampling (singles):     8 seconds
DAG statistics
mean edges/level: 10     max edges/level: 30
mean edges/node:  1.086  mean count/edge: 7

Window=9 Iteration=8
Time for building model:         2 minutes 12 seconds
Time for sampling (singles):     7 seconds
DAG statistics
mean edges/level: 7      max edges/level: 24
mean edges/node:  1.114  mean count/edge: 10

Window=9 Iteration=9
Time for building model:         2 minutes 7 seconds
Time for sampling (singles):     13 seconds
DAG statistics
mean edges/level: 6      max edges/level: 25
mean edges/node:  1.115  mean count/edge: 11

Window=9 Iteration=10
Time for building model:         2 minutes 19 seconds
Time for sampling (singles):     23 seconds
DAG statistics
mean edges/level: 9      max edges/level: 25
mean edges/node:  1.104  mean count/edge: 8

Starting phasing iterations

Window=9 Iteration=11
Time for building model:         59 seconds
Time for sampling (singles):     2 minutes 27 seconds
DAG statistics
mean edges/level: 7      max edges/level: 28
mean edges/node:  1.085  mean count/edge: 10

Window=9 Iteration=12
Time for building model:         1 minute 14 seconds
Time for sampling (singles):     2 minutes 48 seconds
DAG statistics
mean edges/level: 14     max edges/level: 28
mean edges/node:  1.054  mean count/edge: 5

Window=9 Iteration=13
Time for building model:         1 minute 20 seconds
Time for sampling (singles):     3 minutes 11 seconds
DAG statistics
mean edges/level: 16     max edges/level: 32
mean edges/node:  1.042  mean count/edge: 4

Window=9 Iteration=14
Time for building model:         37 seconds
Time for sampling (singles):     2 minutes 22 seconds
DAG statistics
mean edges/level: 17     max edges/level: 29
mean edges/node:  1.037  mean count/edge: 4

Window=9 Iteration=15
Time for building model:         1 minute 29 seconds
Time for sampling (singles):     2 minutes 2 seconds
DAG statistics
mean edges/level: 18     max edges/level: 30
mean edges/node:  1.034  mean count/edge: 4

Window 10 [ NC_037342.1:74697535-80318093 ]
target markers:      50000

Starting burn-in iterations

Window=10 Iteration=1
Time for building model:         2 minutes 47 seconds
Time for sampling (singles):     14 seconds
DAG statistics
mean edges/level: 6      max edges/level: 23
mean edges/node:  1.542  mean count/edge: 11

Window=10 Iteration=2
Time for building model:         2 minutes 37 seconds
Time for sampling (singles):     8 seconds
DAG statistics
mean edges/level: 5      max edges/level: 16
mean edges/node:  1.490  mean count/edge: 14

Window=10 Iteration=3
Time for building model:         2 minutes 26 seconds
Time for sampling (singles):     9 seconds
DAG statistics
mean edges/level: 6      max edges/level: 24
mean edges/node:  1.323  mean count/edge: 11

Window=10 Iteration=4
Time for building model:         2 minutes 33 seconds
Time for sampling (singles):     10 seconds
DAG statistics
mean edges/level: 5      max edges/level: 18
mean edges/node:  1.325  mean count/edge: 14

Window=10 Iteration=5
Time for building model:         2 minutes 7 seconds
Time for sampling (singles):     11 seconds
DAG statistics
mean edges/level: 6      max edges/level: 24
mean edges/node:  1.239  mean count/edge: 11

Window=10 Iteration=6
Time for building model:         1 minute 56 seconds
Time for sampling (singles):     2 seconds
DAG statistics
mean edges/level: 5      max edges/level: 17
mean edges/node:  1.282  mean count/edge: 14

Window=10 Iteration=7
Time for building model:         1 minute 51 seconds
Time for sampling (singles):     6 seconds
DAG statistics
mean edges/level: 6      max edges/level: 25
mean edges/node:  1.217  mean count/edge: 11

Window=10 Iteration=8
Time for building model:         2 minutes 36 seconds
Time for sampling (singles):     10 seconds
DAG statistics
mean edges/level: 5      max edges/level: 19
mean edges/node:  1.254  mean count/edge: 14

Window=10 Iteration=9
Time for building model:         2 minutes 27 seconds
Time for sampling (singles):     18 seconds
DAG statistics
mean edges/level: 7      max edges/level: 24
mean edges/node:  1.196  mean count/edge: 10

Window=10 Iteration=10
Time for building model:         1 minute 54 seconds
Time for sampling (singles):     5 seconds
DAG statistics
mean edges/level: 5      max edges/level: 18
mean edges/node:  1.240  mean count/edge: 14

Starting phasing iterations

Window=10 Iteration=11
Time for building model:         46 seconds
Time for sampling (singles):     3 minutes 49 seconds
DAG statistics
mean edges/level: 8      max edges/level: 25
mean edges/node:  1.162  mean count/edge: 9

Window=10 Iteration=12
Time for building model:         2 minutes 0 seconds
Time for sampling (singles):     3 minutes 0 seconds
DAG statistics
mean edges/level: 6      max edges/level: 20
mean edges/node:  1.207  mean count/edge: 11

Window=10 Iteration=13
Time for building model:         1 minute 38 seconds
Time for sampling (singles):     2 minutes 19 seconds
DAG statistics
mean edges/level: 10     max edges/level: 24
mean edges/node:  1.132  mean count/edge: 7

Window=10 Iteration=14
Time for building model:         59 seconds
Time for sampling (singles):     2 minutes 32 seconds
DAG statistics
mean edges/level: 12     max edges/level: 28
mean edges/node:  1.104  mean count/edge: 6

Window=10 Iteration=15
Time for building model:         45 seconds
Time for sampling (singles):     1 minute 36 seconds
DAG statistics
mean edges/level: 13     max edges/level: 26
mean edges/node:  1.088  mean count/edge: 5

Window 11 [ NC_037342.1:79934182-84991974 ]
target markers:      36174

Starting burn-in iterations

Window=11 Iteration=1
Time for building model:         1 minute 1 second
Time for sampling (singles):     4 seconds
DAG statistics
mean edges/level: 6      max edges/level: 21
mean edges/node:  1.587  mean count/edge: 11

Window=11 Iteration=2
Time for building model:         1 minute 7 seconds
Time for sampling (singles):     5 seconds
DAG statistics
mean edges/level: 5      max edges/level: 15
mean edges/node:  1.484  mean count/edge: 14

Window=11 Iteration=3
Time for building model:         1 minute 8 seconds
Time for sampling (singles):     9 seconds
DAG statistics
mean edges/level: 6      max edges/level: 22
mean edges/node:  1.289  mean count/edge: 11

Window=11 Iteration=4
Time for building model:         1 minute 0 seconds
Time for sampling (singles):     3 seconds
DAG statistics
mean edges/level: 5      max edges/level: 16
mean edges/node:  1.291  mean count/edge: 14

Window=11 Iteration=5
Time for building model:         45 seconds
Time for sampling (singles):     3 seconds
DAG statistics
mean edges/level: 7      max edges/level: 21
mean edges/node:  1.213  mean count/edge: 10

Window=11 Iteration=6
Time for building model:         1 minute 18 seconds
Time for sampling (singles):     3 seconds
DAG statistics
mean edges/level: 5      max edges/level: 16
mean edges/node:  1.242  mean count/edge: 14

Window=11 Iteration=7
Time for building model:         51 seconds
Time for sampling (singles):     2 seconds
DAG statistics
mean edges/level: 5      max edges/level: 22
mean edges/node:  1.221  mean count/edge: 14

Window=11 Iteration=8
Time for building model:         44 seconds
Time for sampling (singles):     4 seconds
DAG statistics
mean edges/level: 5      max edges/level: 18
mean edges/node:  1.224  mean count/edge: 14

Window=11 Iteration=9
Time for building model:         50 seconds
Time for sampling (singles):     2 seconds
DAG statistics
mean edges/level: 6      max edges/level: 21
mean edges/node:  1.200  mean count/edge: 11

Window=11 Iteration=10
Time for building model:         1 minute 2 seconds
Time for sampling (singles):     2 seconds
DAG statistics
mean edges/level: 5      max edges/level: 17
mean edges/node:  1.214  mean count/edge: 14

Starting phasing iterations

Window=11 Iteration=11
Time for building model:         29 seconds
Time for sampling (singles):     1 minute 19 seconds
DAG statistics
mean edges/level: 8      max edges/level: 24
mean edges/node:  1.135  mean count/edge: 9

Window=11 Iteration=12
Time for building model:         37 seconds
Time for sampling (singles):     1 minute 13 seconds
DAG statistics
mean edges/level: 6      max edges/level: 19
mean edges/node:  1.187  mean count/edge: 11

Window=11 Iteration=13
Time for building model:         49 seconds
Time for sampling (singles):     1 minute 29 seconds
DAG statistics
mean edges/level: 12     max edges/level: 25
mean edges/node:  1.103  mean count/edge: 6

Window=11 Iteration=14
Time for building model:         29 seconds
Time for sampling (singles):     1 minute 1 second
DAG statistics
mean edges/level: 13     max edges/level: 25
mean edges/node:  1.085  mean count/edge: 5

Window=11 Iteration=15
Time for building model:         31 seconds
Time for sampling (singles):     1 minute 16 seconds
DAG statistics
mean edges/level: 14     max edges/level: 28
mean edges/node:  1.074  mean count/edge: 5

Number of markers:              506174
Total time for building model: 3 hours 38 seconds
Total time for sampling:       1 hour 50 minutes 31 seconds
Total run time:                5 hours 5 minutes 7 seconds

End time: 11:45 PM CEST on 04 Apr 2024
beagle.27Jan18.7e1.jar (version 4.1) finished
