beagle.27Jan18.7e1.jar (version 4.1)
Copyright (C) 2014-2015 Brian L. Browning
Enter "java -jar beagle.27Jan18.7e1.jar" for a summary of command line arguments.
Start time: 06:40 PM CEST on 04 Apr 2024

Command line: java -Xmx54613m -jar beagle.jar
  gl=results/gl/Bostau9_tragmain2_sites_variable_noindels_renamed_Tspe.bcf.gz.NC_037354.1.vcf.gz
  chrom=NC_037354.1
  out=results/imputed/Bostau9_tragmain2_sites_variable_noindels_renamed_Tspe.bcf.gz.NC_037354.1
  nthreads=6

No genetic map is specified: using 1 cM = 1 Mb

reference samples:       0
target samples:         34

Window 1 [ NC_037354.1:5464-9166511 ]
target markers:      50000

Starting burn-in iterations

Window=1 Iteration=1
Time for building model:         1 second
Time for sampling (singles):     2 seconds
DAG statistics
mean edges/level: 5      max edges/level: 15
mean edges/node:  1.647  mean count/edge: 14

Window=1 Iteration=2
Time for building model:         1 second
Time for sampling (singles):     2 seconds
DAG statistics
mean edges/level: 5      max edges/level: 18
mean edges/node:  1.449  mean count/edge: 14

Window=1 Iteration=3
Time for building model:         1 second
Time for sampling (singles):     2 seconds
DAG statistics
mean edges/level: 4      max edges/level: 18
mean edges/node:  1.346  mean count/edge: 17

Window=1 Iteration=4
Time for building model:         1 second
Time for sampling (singles):     2 seconds
DAG statistics
mean edges/level: 5      max edges/level: 22
mean edges/node:  1.276  mean count/edge: 14

Window=1 Iteration=5
Time for building model:         1 second
Time for sampling (singles):     1 second
DAG statistics
mean edges/level: 4      max edges/level: 16
mean edges/node:  1.270  mean count/edge: 17

Window=1 Iteration=6
Time for building model:         1 second
Time for sampling (singles):     2 seconds
DAG statistics
mean edges/level: 5      max edges/level: 20
mean edges/node:  1.240  mean count/edge: 14

Window=1 Iteration=7
Time for building model:         1 second
Time for sampling (singles):     1 second
DAG statistics
mean edges/level: 4      max edges/level: 20
mean edges/node:  1.247  mean count/edge: 17

Window=1 Iteration=8
Time for building model:         1 second
Time for sampling (singles):     2 seconds
DAG statistics
mean edges/level: 5      max edges/level: 21
mean edges/node:  1.227  mean count/edge: 14

Window=1 Iteration=9
Time for building model:         1 second
Time for sampling (singles):     2 seconds
DAG statistics
mean edges/level: 4      max edges/level: 21
mean edges/node:  1.233  mean count/edge: 17

Window=1 Iteration=10
Time for building model:         1 second
Time for sampling (singles):     2 seconds
DAG statistics
mean edges/level: 5      max edges/level: 24
mean edges/node:  1.212  mean count/edge: 14

Starting phasing iterations

Window=1 Iteration=11
Time for building model:         1 second
Time for sampling (singles):     3 seconds
DAG statistics
mean edges/level: 5      max edges/level: 19
mean edges/node:  1.213  mean count/edge: 14

Window=1 Iteration=12
Time for building model:         2 seconds
Time for sampling (singles):     4 seconds
DAG statistics
mean edges/level: 7      max edges/level: 24
mean edges/node:  1.177  mean count/edge: 10

Window=1 Iteration=13
Time for building model:         2 seconds
Time for sampling (singles):     4 seconds
DAG statistics
mean edges/level: 10     max edges/level: 25
mean edges/node:  1.128  mean count/edge: 7

Window=1 Iteration=14
Time for building model:         2 seconds
Time for sampling (singles):     3 seconds
DAG statistics
mean edges/level: 12     max edges/level: 25
mean edges/node:  1.096  mean count/edge: 6

Window=1 Iteration=15
Time for building model:         2 seconds
Time for sampling (singles):     3 seconds
DAG statistics
mean edges/level: 14     max edges/level: 28
mean edges/node:  1.081  mean count/edge: 5

Window 2 [ NC_037354.1:8642661-18100576 ]
target markers:      50000

Starting burn-in iterations

Window=2 Iteration=1
Time for building model:         1 second
Time for sampling (singles):     3 seconds
DAG statistics
mean edges/level: 7      max edges/level: 25
mean edges/node:  1.495  mean count/edge: 10

Window=2 Iteration=2
Time for building model:         1 second
Time for sampling (singles):     3 seconds
DAG statistics
mean edges/level: 6      max edges/level: 20
mean edges/node:  1.334  mean count/edge: 11

Window=2 Iteration=3
Time for building model:         1 second
Time for sampling (singles):     3 seconds
DAG statistics
mean edges/level: 6      max edges/level: 22
mean edges/node:  1.202  mean count/edge: 11

Window=2 Iteration=4
Time for building model:         1 second
Time for sampling (singles):     2 seconds
DAG statistics
mean edges/level: 5      max edges/level: 20
mean edges/node:  1.178  mean count/edge: 14

Window=2 Iteration=5
Time for building model:         1 second
Time for sampling (singles):     3 seconds
DAG statistics
mean edges/level: 6      max edges/level: 25
mean edges/node:  1.153  mean count/edge: 11

Window=2 Iteration=6
Time for building model:         2 seconds
Time for sampling (singles):     4 seconds
DAG statistics
mean edges/level: 8      max edges/level: 23
mean edges/node:  1.134  mean count/edge: 9

Window=2 Iteration=7
Time for building model:         2 seconds
Time for sampling (singles):     4 seconds
DAG statistics
mean edges/level: 8      max edges/level: 25
mean edges/node:  1.116  mean count/edge: 9

Window=2 Iteration=8
Time for building model:         2 seconds
Time for sampling (singles):     4 seconds
DAG statistics
mean edges/level: 7      max edges/level: 22
mean edges/node:  1.118  mean count/edge: 10

Window=2 Iteration=9
Time for building model:         3 seconds
Time for sampling (singles):     5 seconds
DAG statistics
mean edges/level: 9      max edges/level: 25
mean edges/node:  1.105  mean count/edge: 8

Window=2 Iteration=10
Time for building model:         2 seconds
Time for sampling (singles):     5 seconds
DAG statistics
mean edges/level: 9      max edges/level: 27
mean edges/node:  1.098  mean count/edge: 8

Starting phasing iterations

Window=2 Iteration=11
Time for building model:         1 second
Time for sampling (singles):     3 seconds
DAG statistics
mean edges/level: 9      max edges/level: 26
mean edges/node:  1.079  mean count/edge: 8

Window=2 Iteration=12
Time for building model:         2 seconds
Time for sampling (singles):     4 seconds
DAG statistics
mean edges/level: 14     max edges/level: 27
mean edges/node:  1.058  mean count/edge: 5

Window=2 Iteration=13
Time for building model:         2 seconds
Time for sampling (singles):     3 seconds
DAG statistics
mean edges/level: 15     max edges/level: 28
mean edges/node:  1.047  mean count/edge: 5

Window=2 Iteration=14
Time for building model:         2 seconds
Time for sampling (singles):     3 seconds
DAG statistics
mean edges/level: 16     max edges/level: 29
mean edges/node:  1.041  mean count/edge: 4

Window=2 Iteration=15
Time for building model:         2 seconds
Time for sampling (singles):     3 seconds
DAG statistics
mean edges/level: 17     max edges/level: 31
mean edges/node:  1.037  mean count/edge: 4

Window 3 [ NC_037354.1:17633356-25906554 ]
target markers:      50000

Starting burn-in iterations

Window=3 Iteration=1
Time for building model:         2 seconds
Time for sampling (singles):     4 seconds
DAG statistics
mean edges/level: 8      max edges/level: 27
mean edges/node:  1.403  mean count/edge: 9

Window=3 Iteration=2
Time for building model:         1 second
Time for sampling (singles):     3 seconds
DAG statistics
mean edges/level: 6      max edges/level: 23
mean edges/node:  1.335  mean count/edge: 11

Window=3 Iteration=3
Time for building model:         2 seconds
Time for sampling (singles):     3 seconds
DAG statistics
mean edges/level: 6      max edges/level: 27
mean edges/node:  1.186  mean count/edge: 11

Window=3 Iteration=4
Time for building model:         1 second
Time for sampling (singles):     3 seconds
DAG statistics
mean edges/level: 5      max edges/level: 20
mean edges/node:  1.162  mean count/edge: 14

Window=3 Iteration=5
Time for building model:         2 seconds
Time for sampling (singles):     4 seconds
DAG statistics
mean edges/level: 9      max edges/level: 27
mean edges/node:  1.124  mean count/edge: 8

Window=3 Iteration=6
Time for building model:         2 seconds
Time for sampling (singles):     5 seconds
DAG statistics
mean edges/level: 8      max edges/level: 31
mean edges/node:  1.113  mean count/edge: 9

Window=3 Iteration=7
Time for building model:         1 second
Time for sampling (singles):     3 seconds
DAG statistics
mean edges/level: 7      max edges/level: 27
mean edges/node:  1.119  mean count/edge: 10

Window=3 Iteration=8
Time for building model:         1 second
Time for sampling (singles):     3 seconds
DAG statistics
mean edges/level: 6      max edges/level: 33
mean edges/node:  1.126  mean count/edge: 11

Window=3 Iteration=9
Time for building model:         3 seconds
Time for sampling (singles):     6 seconds
DAG statistics
mean edges/level: 9      max edges/level: 25
mean edges/node:  1.104  mean count/edge: 8

Window=3 Iteration=10
Time for building model:         2 seconds
Time for sampling (singles):     7 seconds
DAG statistics
mean edges/level: 10     max edges/level: 30
mean edges/node:  1.091  mean count/edge: 7

Starting phasing iterations

Window=3 Iteration=11
Time for building model:         2 seconds
Time for sampling (singles):     5 seconds
DAG statistics
mean edges/level: 11     max edges/level: 26
mean edges/node:  1.064  mean count/edge: 6

Window=3 Iteration=12
Time for building model:         2 seconds
Time for sampling (singles):     3 seconds
DAG statistics
mean edges/level: 14     max edges/level: 26
mean edges/node:  1.050  mean count/edge: 5

Window=3 Iteration=13
Time for building model:         2 seconds
Time for sampling (singles):     5 seconds
DAG statistics
mean edges/level: 16     max edges/level: 28
mean edges/node:  1.041  mean count/edge: 4

Window=3 Iteration=14
Time for building model:         4 seconds
Time for sampling (singles):     4 seconds
DAG statistics
mean edges/level: 17     max edges/level: 31
mean edges/node:  1.037  mean count/edge: 4

Window=3 Iteration=15
Time for building model:         2 seconds
Time for sampling (singles):     4 seconds
DAG statistics
mean edges/level: 17     max edges/level: 27
mean edges/node:  1.034  mean count/edge: 4

Window 4 [ NC_037354.1:25477018-32348420 ]
target markers:      50000

Starting burn-in iterations

Window=4 Iteration=1
Time for building model:         1 second
Time for sampling (singles):     3 seconds
DAG statistics
mean edges/level: 7      max edges/level: 25
mean edges/node:  1.470  mean count/edge: 10

Window=4 Iteration=2
Time for building model:         2 seconds
Time for sampling (singles):     5 seconds
DAG statistics
mean edges/level: 9      max edges/level: 24
mean edges/node:  1.230  mean count/edge: 8

Window=4 Iteration=3
Time for building model:         2 seconds
Time for sampling (singles):     5 seconds
DAG statistics
mean edges/level: 10     max edges/level: 24
mean edges/node:  1.137  mean count/edge: 7

Window=4 Iteration=4
Time for building model:         9 seconds
Time for sampling (singles):     6 seconds
DAG statistics
mean edges/level: 10     max edges/level: 25
mean edges/node:  1.106  mean count/edge: 7

Window=4 Iteration=5
Time for building model:         1 second
Time for sampling (singles):     6 seconds
DAG statistics
mean edges/level: 11     max edges/level: 25
mean edges/node:  1.093  mean count/edge: 6

Window=4 Iteration=6
Time for building model:         35 seconds
Time for sampling (singles):     7 seconds
DAG statistics
mean edges/level: 11     max edges/level: 25
mean edges/node:  1.086  mean count/edge: 6

Window=4 Iteration=7
Time for building model:         31 seconds
Time for sampling (singles):     8 seconds
DAG statistics
mean edges/level: 11     max edges/level: 26
mean edges/node:  1.079  mean count/edge: 6

Window=4 Iteration=8
Time for building model:         28 seconds
Time for sampling (singles):     7 seconds
DAG statistics
mean edges/level: 11     max edges/level: 27
mean edges/node:  1.078  mean count/edge: 6

Window=4 Iteration=9
Time for building model:         27 seconds
Time for sampling (singles):     8 seconds
DAG statistics
mean edges/level: 11     max edges/level: 26
mean edges/node:  1.073  mean count/edge: 6

Window=4 Iteration=10
Time for building model:         24 seconds
Time for sampling (singles):     7 seconds
DAG statistics
mean edges/level: 12     max edges/level: 26
mean edges/node:  1.071  mean count/edge: 6

Starting phasing iterations

Window=4 Iteration=11
Time for building model:         9 seconds
Time for sampling (singles):     20 seconds
DAG statistics
mean edges/level: 15     max edges/level: 26
mean edges/node:  1.050  mean count/edge: 5

Window=4 Iteration=12
Time for building model:         12 seconds
Time for sampling (singles):     21 seconds
DAG statistics
mean edges/level: 16     max edges/level: 28
mean edges/node:  1.043  mean count/edge: 4

Window=4 Iteration=13
Time for building model:         12 seconds
Time for sampling (singles):     21 seconds
DAG statistics
mean edges/level: 17     max edges/level: 30
mean edges/node:  1.038  mean count/edge: 4

Window=4 Iteration=14
Time for building model:         6 seconds
Time for sampling (singles):     19 seconds
DAG statistics
mean edges/level: 18     max edges/level: 30
mean edges/node:  1.035  mean count/edge: 4

Window=4 Iteration=15
Time for building model:         11 seconds
Time for sampling (singles):     32 seconds
DAG statistics
mean edges/level: 19     max edges/level: 31
mean edges/node:  1.033  mean count/edge: 4

Window 5 [ NC_037354.1:31996687-38141786 ]
target markers:      50000

Starting burn-in iterations

Window=5 Iteration=1
Time for building model:         1 minute 8 seconds
Time for sampling (singles):     4 seconds
DAG statistics
mean edges/level: 7      max edges/level: 25
mean edges/node:  1.484  mean count/edge: 10

Window=5 Iteration=2
Time for building model:         2 minutes 55 seconds
Time for sampling (singles):     1 minute 13 seconds
DAG statistics
mean edges/level: 6      max edges/level: 20
mean edges/node:  1.345  mean count/edge: 11

Window=5 Iteration=3
Time for building model:         1 minute 35 seconds
Time for sampling (singles):     10 seconds
DAG statistics
mean edges/level: 7      max edges/level: 25
mean edges/node:  1.202  mean count/edge: 10

Window=5 Iteration=4
Time for building model:         2 minutes 3 seconds
Time for sampling (singles):     34 seconds
DAG statistics
mean edges/level: 7      max edges/level: 21
mean edges/node:  1.165  mean count/edge: 10

Window=5 Iteration=5
Time for building model:         2 minutes 55 seconds
Time for sampling (singles):     25 seconds
DAG statistics
mean edges/level: 7      max edges/level: 26
mean edges/node:  1.145  mean count/edge: 10

Window=5 Iteration=6
Time for building model:         1 minute 54 seconds
Time for sampling (singles):     9 seconds
DAG statistics
mean edges/level: 8      max edges/level: 24
mean edges/node:  1.136  mean count/edge: 9

Window=5 Iteration=7
Time for building model:         1 minute 24 seconds
Time for sampling (singles):     7 seconds
DAG statistics
mean edges/level: 7      max edges/level: 25
mean edges/node:  1.130  mean count/edge: 10

Window=5 Iteration=8
Time for building model:         1 minute 31 seconds
Time for sampling (singles):     9 seconds
DAG statistics
mean edges/level: 6      max edges/level: 22
mean edges/node:  1.139  mean count/edge: 11

Window=5 Iteration=9
Time for building model:         1 minute 20 seconds
Time for sampling (singles):     7 seconds
DAG statistics
mean edges/level: 7      max edges/level: 25
mean edges/node:  1.125  mean count/edge: 10

Window=5 Iteration=10
Time for building model:         1 minute 5 seconds
Time for sampling (singles):     6 seconds
DAG statistics
mean edges/level: 7      max edges/level: 22
mean edges/node:  1.127  mean count/edge: 10

Starting phasing iterations

Window=5 Iteration=11
Time for building model:         39 seconds
Time for sampling (singles):     1 minute 23 seconds
DAG statistics
mean edges/level: 9      max edges/level: 25
mean edges/node:  1.090  mean count/edge: 8

Window=5 Iteration=12
Time for building model:         41 seconds
Time for sampling (singles):     1 minute 32 seconds
DAG statistics
mean edges/level: 13     max edges/level: 25
mean edges/node:  1.066  mean count/edge: 5

Window=5 Iteration=13
Time for building model:         53 seconds
Time for sampling (singles):     3 minutes 10 seconds
DAG statistics
mean edges/level: 15     max edges/level: 26
mean edges/node:  1.054  mean count/edge: 5

Window=5 Iteration=14
Time for building model:         43 seconds
Time for sampling (singles):     1 minute 58 seconds
DAG statistics
mean edges/level: 16     max edges/level: 27
mean edges/node:  1.047  mean count/edge: 4

Window=5 Iteration=15
Time for building model:         1 minute 16 seconds
Time for sampling (singles):     1 minute 50 seconds
DAG statistics
mean edges/level: 17     max edges/level: 27
mean edges/node:  1.042  mean count/edge: 4

Window 6 [ NC_037354.1:37900999-43515489 ]
target markers:      50000

Starting burn-in iterations

Window=6 Iteration=1
Time for building model:         5 minutes 1 second
Time for sampling (singles):     38 seconds
DAG statistics
mean edges/level: 7      max edges/level: 28
mean edges/node:  1.510  mean count/edge: 10

Window=6 Iteration=2
Time for building model:         2 minutes 40 seconds
Time for sampling (singles):     33 seconds
DAG statistics
mean edges/level: 6      max edges/level: 19
mean edges/node:  1.388  mean count/edge: 11

Window=6 Iteration=3
Time for building model:         2 minutes 57 seconds
Time for sampling (singles):     33 seconds
DAG statistics
mean edges/level: 9      max edges/level: 25
mean edges/node:  1.200  mean count/edge: 8

Window=6 Iteration=4
Time for building model:         1 minute 45 seconds
Time for sampling (singles):     14 seconds
DAG statistics
mean edges/level: 6      max edges/level: 19
mean edges/node:  1.198  mean count/edge: 11

Window=6 Iteration=5
Time for building model:         2 minutes 25 seconds
Time for sampling (singles):     18 seconds
DAG statistics
mean edges/level: 9      max edges/level: 28
mean edges/node:  1.144  mean count/edge: 8

Window=6 Iteration=6
Time for building model:         1 minute 53 seconds
Time for sampling (singles):     9 seconds
DAG statistics
mean edges/level: 9      max edges/level: 25
mean edges/node:  1.135  mean count/edge: 8

Window=6 Iteration=7
Time for building model:         1 minute 55 seconds
Time for sampling (singles):     9 seconds
DAG statistics
mean edges/level: 9      max edges/level: 26
mean edges/node:  1.118  mean count/edge: 8

Window=6 Iteration=8
Time for building model:         2 minutes 19 seconds
Time for sampling (singles):     13 seconds
DAG statistics
mean edges/level: 10     max edges/level: 26
mean edges/node:  1.108  mean count/edge: 7

Window=6 Iteration=9
Time for building model:         1 minute 43 seconds
Time for sampling (singles):     14 seconds
DAG statistics
mean edges/level: 8      max edges/level: 27
mean edges/node:  1.116  mean count/edge: 9

Window=6 Iteration=10
Time for building model:         2 minutes 1 second
Time for sampling (singles):     13 seconds
DAG statistics
mean edges/level: 10     max edges/level: 25
mean edges/node:  1.106  mean count/edge: 7

Starting phasing iterations

Window=6 Iteration=11
Time for building model:         1 minute 33 seconds
Time for sampling (singles):     2 minutes 14 seconds
DAG statistics
mean edges/level: 14     max edges/level: 27
mean edges/node:  1.065  mean count/edge: 5

Window=6 Iteration=12
Time for building model:         1 minute 17 seconds
Time for sampling (singles):     2 minutes 29 seconds
DAG statistics
mean edges/level: 15     max edges/level: 27
mean edges/node:  1.054  mean count/edge: 5

Window=6 Iteration=13
Time for building model:         1 minute 38 seconds
Time for sampling (singles):     2 minutes 32 seconds
DAG statistics
mean edges/level: 16     max edges/level: 26
mean edges/node:  1.048  mean count/edge: 4

Window=6 Iteration=14
Time for building model:         1 minute 38 seconds
Time for sampling (singles):     2 minutes 20 seconds
DAG statistics
mean edges/level: 17     max edges/level: 28
mean edges/node:  1.044  mean count/edge: 4

Window=6 Iteration=15
Time for building model:         1 minute 20 seconds
Time for sampling (singles):     2 minutes 14 seconds
DAG statistics
mean edges/level: 18     max edges/level: 28
mean edges/node:  1.041  mean count/edge: 4

Window 7 [ NC_037354.1:43216680-45611558 ]
target markers:      20655

Starting burn-in iterations

Window=7 Iteration=1
Time for building model:         52 seconds
Time for sampling (singles):     4 seconds
DAG statistics
mean edges/level: 8      max edges/level: 25
mean edges/node:  1.401  mean count/edge: 9

Window=7 Iteration=2
Time for building model:         1 minute 25 seconds
Time for sampling (singles):     9 seconds
DAG statistics
mean edges/level: 9      max edges/level: 25
mean edges/node:  1.282  mean count/edge: 8

Window=7 Iteration=3
Time for building model:         50 seconds
Time for sampling (singles):     2 seconds
DAG statistics
mean edges/level: 9      max edges/level: 24
mean edges/node:  1.182  mean count/edge: 8

Window=7 Iteration=4
Time for building model:         59 seconds
Time for sampling (singles):     2 seconds
DAG statistics
mean edges/level: 9      max edges/level: 25
mean edges/node:  1.145  mean count/edge: 8

Window=7 Iteration=5
Time for building model:         1 minute 15 seconds
Time for sampling (singles):     5 seconds
DAG statistics
mean edges/level: 10     max edges/level: 24
mean edges/node:  1.126  mean count/edge: 7

Window=7 Iteration=6
Time for building model:         39 seconds
Time for sampling (singles):     10 seconds
DAG statistics
mean edges/level: 10     max edges/level: 25
mean edges/node:  1.117  mean count/edge: 7

Window=7 Iteration=7
Time for building model:         1 minute 1 second
Time for sampling (singles):     8 seconds
DAG statistics
mean edges/level: 10     max edges/level: 24
mean edges/node:  1.107  mean count/edge: 7

Window=7 Iteration=8
Time for building model:         1 minute 12 seconds
Time for sampling (singles):     4 seconds
DAG statistics
mean edges/level: 11     max edges/level: 25
mean edges/node:  1.101  mean count/edge: 6

Window=7 Iteration=9
Time for building model:         42 seconds
Time for sampling (singles):     3 seconds
DAG statistics
mean edges/level: 11     max edges/level: 24
mean edges/node:  1.096  mean count/edge: 6

Window=7 Iteration=10
Time for building model:         42 seconds
Time for sampling (singles):     2 seconds
DAG statistics
mean edges/level: 6      max edges/level: 22
mean edges/node:  1.150  mean count/edge: 11

Starting phasing iterations

Window=7 Iteration=11
Time for building model:         39 seconds
Time for sampling (singles):     1 minute 6 seconds
DAG statistics
mean edges/level: 14     max edges/level: 27
mean edges/node:  1.066  mean count/edge: 5

Window=7 Iteration=12
Time for building model:         29 seconds
Time for sampling (singles):     53 seconds
DAG statistics
mean edges/level: 15     max edges/level: 26
mean edges/node:  1.058  mean count/edge: 5

Window=7 Iteration=13
Time for building model:         29 seconds
Time for sampling (singles):     1 minute 0 seconds
DAG statistics
mean edges/level: 16     max edges/level: 28
mean edges/node:  1.050  mean count/edge: 4

Window=7 Iteration=14
Time for building model:         25 seconds
Time for sampling (singles):     47 seconds
DAG statistics
mean edges/level: 17     max edges/level: 27
mean edges/node:  1.046  mean count/edge: 4

Window=7 Iteration=15
Time for building model:         24 seconds
Time for sampling (singles):     42 seconds
DAG statistics
mean edges/level: 17     max edges/level: 27
mean edges/node:  1.044  mean count/edge: 4

Number of markers:              302655
Total time for building model: 1 hour 10 minutes 55 seconds
Total time for sampling:       38 minutes 42 seconds
Total run time:                1 hour 54 minutes 27 seconds

End time: 08:34 PM CEST on 04 Apr 2024
beagle.27Jan18.7e1.jar (version 4.1) finished
