beagle.27Jan18.7e1.jar (version 4.1)
Copyright (C) 2014-2015 Brian L. Browning
Enter "java -jar beagle.27Jan18.7e1.jar" for a summary of command line arguments.
Start time: 06:40 PM CEST on 04 Apr 2024

Command line: java -Xmx54613m -jar beagle.jar
  gl=results/gl/Bostau9_tragmain2_sites_variable_noindels_renamed_Tspe.bcf.gz.NC_037343.1.vcf.gz
  chrom=NC_037343.1
  out=results/imputed/Bostau9_tragmain2_sites_variable_noindels_renamed_Tspe.bcf.gz.NC_037343.1
  nthreads=6

No genetic map is specified: using 1 cM = 1 Mb

reference samples:       0
target samples:         34

Window 1 [ NC_037343.1:208657-10311727 ]
target markers:      50000

Starting burn-in iterations

Window=1 Iteration=1
Time for building model:         2 seconds
Time for sampling (singles):     2 seconds
DAG statistics
mean edges/level: 4      max edges/level: 15
mean edges/node:  1.702  mean count/edge: 17

Window=1 Iteration=2
Time for building model:         1 second
Time for sampling (singles):     2 seconds
DAG statistics
mean edges/level: 4      max edges/level: 14
mean edges/node:  1.535  mean count/edge: 17

Window=1 Iteration=3
Time for building model:         2 seconds
Time for sampling (singles):     1 second
DAG statistics
mean edges/level: 4      max edges/level: 15
mean edges/node:  1.433  mean count/edge: 17

Window=1 Iteration=4
Time for building model:         1 second
Time for sampling (singles):     2 seconds
DAG statistics
mean edges/level: 4      max edges/level: 18
mean edges/node:  1.355  mean count/edge: 17

Window=1 Iteration=5
Time for building model:         2 seconds
Time for sampling (singles):     2 seconds
DAG statistics
mean edges/level: 4      max edges/level: 15
mean edges/node:  1.347  mean count/edge: 17

Window=1 Iteration=6
Time for building model:         1 second
Time for sampling (singles):     2 seconds
DAG statistics
mean edges/level: 4      max edges/level: 18
mean edges/node:  1.319  mean count/edge: 17

Window=1 Iteration=7
Time for building model:         1 second
Time for sampling (singles):     1 second
DAG statistics
mean edges/level: 4      max edges/level: 16
mean edges/node:  1.318  mean count/edge: 17

Window=1 Iteration=8
Time for building model:         1 second
Time for sampling (singles):     2 seconds
DAG statistics
mean edges/level: 4      max edges/level: 20
mean edges/node:  1.301  mean count/edge: 17

Window=1 Iteration=9
Time for building model:         1 second
Time for sampling (singles):     1 second
DAG statistics
mean edges/level: 4      max edges/level: 16
mean edges/node:  1.302  mean count/edge: 17

Window=1 Iteration=10
Time for building model:         1 second
Time for sampling (singles):     2 seconds
DAG statistics
mean edges/level: 4      max edges/level: 18
mean edges/node:  1.290  mean count/edge: 17

Starting phasing iterations

Window=1 Iteration=11
Time for building model:         2 seconds
Time for sampling (singles):     4 seconds
DAG statistics
mean edges/level: 5      max edges/level: 15
mean edges/node:  1.271  mean count/edge: 14

Window=1 Iteration=12
Time for building model:         2 seconds
Time for sampling (singles):     5 seconds
DAG statistics
mean edges/level: 7      max edges/level: 27
mean edges/node:  1.213  mean count/edge: 10

Window=1 Iteration=13
Time for building model:         3 seconds
Time for sampling (singles):     5 seconds
DAG statistics
mean edges/level: 9      max edges/level: 23
mean edges/node:  1.164  mean count/edge: 8

Window=1 Iteration=14
Time for building model:         2 seconds
Time for sampling (singles):     4 seconds
DAG statistics
mean edges/level: 9      max edges/level: 26
mean edges/node:  1.150  mean count/edge: 8

Window=1 Iteration=15
Time for building model:         2 seconds
Time for sampling (singles):     4 seconds
DAG statistics
mean edges/level: 9      max edges/level: 23
mean edges/node:  1.148  mean count/edge: 8

Window 2 [ NC_037343.1:9654970-21482824 ]
target markers:      50000

Starting burn-in iterations

Window=2 Iteration=1
Time for building model:         1 second
Time for sampling (singles):     3 seconds
DAG statistics
mean edges/level: 7      max edges/level: 20
mean edges/node:  1.506  mean count/edge: 10

Window=2 Iteration=2
Time for building model:         2 seconds
Time for sampling (singles):     3 seconds
DAG statistics
mean edges/level: 6      max edges/level: 19
mean edges/node:  1.311  mean count/edge: 11

Window=2 Iteration=3
Time for building model:         1 second
Time for sampling (singles):     3 seconds
DAG statistics
mean edges/level: 6      max edges/level: 21
mean edges/node:  1.188  mean count/edge: 11

Window=2 Iteration=4
Time for building model:         1 second
Time for sampling (singles):     3 seconds
DAG statistics
mean edges/level: 6      max edges/level: 23
mean edges/node:  1.162  mean count/edge: 11

Window=2 Iteration=5
Time for building model:         2 seconds
Time for sampling (singles):     4 seconds
DAG statistics
mean edges/level: 6      max edges/level: 22
mean edges/node:  1.138  mean count/edge: 11

Window=2 Iteration=6
Time for building model:         1 second
Time for sampling (singles):     3 seconds
DAG statistics
mean edges/level: 6      max edges/level: 21
mean edges/node:  1.141  mean count/edge: 11

Window=2 Iteration=7
Time for building model:         2 seconds
Time for sampling (singles):     3 seconds
DAG statistics
mean edges/level: 7      max edges/level: 22
mean edges/node:  1.126  mean count/edge: 10

Window=2 Iteration=8
Time for building model:         2 seconds
Time for sampling (singles):     3 seconds
DAG statistics
mean edges/level: 6      max edges/level: 27
mean edges/node:  1.129  mean count/edge: 11

Window=2 Iteration=9
Time for building model:         2 seconds
Time for sampling (singles):     4 seconds
DAG statistics
mean edges/level: 7      max edges/level: 25
mean edges/node:  1.117  mean count/edge: 10

Window=2 Iteration=10
Time for building model:         2 seconds
Time for sampling (singles):     3 seconds
DAG statistics
mean edges/level: 6      max edges/level: 24
mean edges/node:  1.126  mean count/edge: 11

Starting phasing iterations

Window=2 Iteration=11
Time for building model:         2 seconds
Time for sampling (singles):     3 seconds
DAG statistics
mean edges/level: 10     max edges/level: 25
mean edges/node:  1.076  mean count/edge: 7

Window=2 Iteration=12
Time for building model:         3 seconds
Time for sampling (singles):     4 seconds
DAG statistics
mean edges/level: 14     max edges/level: 31
mean edges/node:  1.056  mean count/edge: 5

Window=2 Iteration=13
Time for building model:         2 seconds
Time for sampling (singles):     4 seconds
DAG statistics
mean edges/level: 15     max edges/level: 30
mean edges/node:  1.045  mean count/edge: 5

Window=2 Iteration=14
Time for building model:         3 seconds
Time for sampling (singles):     4 seconds
DAG statistics
mean edges/level: 17     max edges/level: 30
mean edges/node:  1.037  mean count/edge: 4

Window=2 Iteration=15
Time for building model:         2 seconds
Time for sampling (singles):     2 seconds
DAG statistics
mean edges/level: 18     max edges/level: 31
mean edges/node:  1.033  mean count/edge: 4

Window 3 [ NC_037343.1:20882328-30971974 ]
target markers:      50000

Starting burn-in iterations

Window=3 Iteration=1
Time for building model:         2 seconds
Time for sampling (singles):     3 seconds
DAG statistics
mean edges/level: 7      max edges/level: 23
mean edges/node:  1.482  mean count/edge: 10

Window=3 Iteration=2
Time for building model:         1 second
Time for sampling (singles):     2 seconds
DAG statistics
mean edges/level: 6      max edges/level: 18
mean edges/node:  1.342  mean count/edge: 11

Window=3 Iteration=3
Time for building model:         2 seconds
Time for sampling (singles):     4 seconds
DAG statistics
mean edges/level: 8      max edges/level: 25
mean edges/node:  1.170  mean count/edge: 9

Window=3 Iteration=4
Time for building model:         2 seconds
Time for sampling (singles):     5 seconds
DAG statistics
mean edges/level: 8      max edges/level: 26
mean edges/node:  1.138  mean count/edge: 9

Window=3 Iteration=5
Time for building model:         2 seconds
Time for sampling (singles):     5 seconds
DAG statistics
mean edges/level: 9      max edges/level: 25
mean edges/node:  1.111  mean count/edge: 8

Window=3 Iteration=6
Time for building model:         2 seconds
Time for sampling (singles):     5 seconds
DAG statistics
mean edges/level: 10     max edges/level: 26
mean edges/node:  1.098  mean count/edge: 7

Window=3 Iteration=7
Time for building model:         4 seconds
Time for sampling (singles):     6 seconds
DAG statistics
mean edges/level: 10     max edges/level: 24
mean edges/node:  1.089  mean count/edge: 7

Window=3 Iteration=8
Time for building model:         4 seconds
Time for sampling (singles):     5 seconds
DAG statistics
mean edges/level: 10     max edges/level: 28
mean edges/node:  1.085  mean count/edge: 7

Window=3 Iteration=9
Time for building model:         2 seconds
Time for sampling (singles):     2 seconds
DAG statistics
mean edges/level: 6      max edges/level: 24
mean edges/node:  1.116  mean count/edge: 11

Window=3 Iteration=10
Time for building model:         4 seconds
Time for sampling (singles):     2 seconds
DAG statistics
mean edges/level: 6      max edges/level: 18
mean edges/node:  1.132  mean count/edge: 11

Starting phasing iterations

Window=3 Iteration=11
Time for building model:         8 seconds
Time for sampling (singles):     15 seconds
DAG statistics
mean edges/level: 14     max edges/level: 31
mean edges/node:  1.055  mean count/edge: 5

Window=3 Iteration=12
Time for building model:         8 seconds
Time for sampling (singles):     40 seconds
DAG statistics
mean edges/level: 15     max edges/level: 26
mean edges/node:  1.046  mean count/edge: 5

Window=3 Iteration=13
Time for building model:         19 seconds
Time for sampling (singles):     29 seconds
DAG statistics
mean edges/level: 17     max edges/level: 29
mean edges/node:  1.039  mean count/edge: 4

Window=3 Iteration=14
Time for building model:         18 seconds
Time for sampling (singles):     27 seconds
DAG statistics
mean edges/level: 18     max edges/level: 31
mean edges/node:  1.035  mean count/edge: 4

Window=3 Iteration=15
Time for building model:         16 seconds
Time for sampling (singles):     23 seconds
DAG statistics
mean edges/level: 18     max edges/level: 28
mean edges/node:  1.033  mean count/edge: 4

Window 4 [ NC_037343.1:30363097-39695435 ]
target markers:      50000

Starting burn-in iterations

Window=4 Iteration=1
Time for building model:         20 seconds
Time for sampling (singles):     3 seconds
DAG statistics
mean edges/level: 7      max edges/level: 24
mean edges/node:  1.496  mean count/edge: 10

Window=4 Iteration=2
Time for building model:         14 seconds
Time for sampling (singles):     3 seconds
DAG statistics
mean edges/level: 6      max edges/level: 19
mean edges/node:  1.323  mean count/edge: 11

Window=4 Iteration=3
Time for building model:         17 seconds
Time for sampling (singles):     3 seconds
DAG statistics
mean edges/level: 6      max edges/level: 24
mean edges/node:  1.183  mean count/edge: 11

Window=4 Iteration=4
Time for building model:         9 seconds
Time for sampling (singles):     2 seconds
DAG statistics
mean edges/level: 5      max edges/level: 22
mean edges/node:  1.164  mean count/edge: 14

Window=4 Iteration=5
Time for building model:         7 seconds
Time for sampling (singles):     3 seconds
DAG statistics
mean edges/level: 6      max edges/level: 26
mean edges/node:  1.136  mean count/edge: 11

Window=4 Iteration=6
Time for building model:         14 seconds
Time for sampling (singles):     3 seconds
DAG statistics
mean edges/level: 6      max edges/level: 22
mean edges/node:  1.140  mean count/edge: 11

Window=4 Iteration=7
Time for building model:         13 seconds
Time for sampling (singles):     5 seconds
DAG statistics
mean edges/level: 9      max edges/level: 25
mean edges/node:  1.114  mean count/edge: 8

Window=4 Iteration=8
Time for building model:         12 seconds
Time for sampling (singles):     3 seconds
DAG statistics
mean edges/level: 6      max edges/level: 24
mean edges/node:  1.128  mean count/edge: 11

Window=4 Iteration=9
Time for building model:         26 seconds
Time for sampling (singles):     6 seconds
DAG statistics
mean edges/level: 9      max edges/level: 25
mean edges/node:  1.107  mean count/edge: 8

Window=4 Iteration=10
Time for building model:         23 seconds
Time for sampling (singles):     3 seconds
DAG statistics
mean edges/level: 6      max edges/level: 22
mean edges/node:  1.123  mean count/edge: 11

Starting phasing iterations

Window=4 Iteration=11
Time for building model:         15 seconds
Time for sampling (singles):     1 minute 49 seconds
DAG statistics
mean edges/level: 12     max edges/level: 26
mean edges/node:  1.062  mean count/edge: 6

Window=4 Iteration=12
Time for building model:         1 minute 16 seconds
Time for sampling (singles):     2 minutes 0 seconds
DAG statistics
mean edges/level: 15     max edges/level: 30
mean edges/node:  1.050  mean count/edge: 5

Window=4 Iteration=13
Time for building model:         1 minute 4 seconds
Time for sampling (singles):     1 minute 45 seconds
DAG statistics
mean edges/level: 16     max edges/level: 28
mean edges/node:  1.042  mean count/edge: 4

Window=4 Iteration=14
Time for building model:         1 minute 22 seconds
Time for sampling (singles):     2 minutes 41 seconds
DAG statistics
mean edges/level: 17     max edges/level: 27
mean edges/node:  1.037  mean count/edge: 4

Window=4 Iteration=15
Time for building model:         1 minute 19 seconds
Time for sampling (singles):     1 minute 47 seconds
DAG statistics
mean edges/level: 18     max edges/level: 31
mean edges/node:  1.035  mean count/edge: 4

Window 5 [ NC_037343.1:38892996-49153121 ]
target markers:      50000

Starting burn-in iterations

Window=5 Iteration=1
Time for building model:         1 minute 59 seconds
Time for sampling (singles):     37 seconds
DAG statistics
mean edges/level: 7      max edges/level: 24
mean edges/node:  1.507  mean count/edge: 10

Window=5 Iteration=2
Time for building model:         1 minute 13 seconds
Time for sampling (singles):     9 seconds
DAG statistics
mean edges/level: 6      max edges/level: 16
mean edges/node:  1.354  mean count/edge: 11

Window=5 Iteration=3
Time for building model:         1 minute 6 seconds
Time for sampling (singles):     5 seconds
DAG statistics
mean edges/level: 6      max edges/level: 27
mean edges/node:  1.206  mean count/edge: 11

Window=5 Iteration=4
Time for building model:         1 minute 22 seconds
Time for sampling (singles):     7 seconds
DAG statistics
mean edges/level: 7      max edges/level: 22
mean edges/node:  1.160  mean count/edge: 10

Window=5 Iteration=5
Time for building model:         1 minute 5 seconds
Time for sampling (singles):     5 seconds
DAG statistics
mean edges/level: 6      max edges/level: 26
mean edges/node:  1.151  mean count/edge: 11

Window=5 Iteration=6
Time for building model:         1 minute 22 seconds
Time for sampling (singles):     9 seconds
DAG statistics
mean edges/level: 7      max edges/level: 27
mean edges/node:  1.136  mean count/edge: 10

Window=5 Iteration=7
Time for building model:         4 minutes 23 seconds
Time for sampling (singles):     11 seconds
DAG statistics
mean edges/level: 6      max edges/level: 27
mean edges/node:  1.135  mean count/edge: 11

Window=5 Iteration=8
Time for building model:         2 minutes 20 seconds
Time for sampling (singles):     18 seconds
DAG statistics
mean edges/level: 8      max edges/level: 25
mean edges/node:  1.125  mean count/edge: 9

Window=5 Iteration=9
Time for building model:         1 minute 42 seconds
Time for sampling (singles):     22 seconds
DAG statistics
mean edges/level: 7      max edges/level: 25
mean edges/node:  1.124  mean count/edge: 10

Window=5 Iteration=10
Time for building model:         1 minute 46 seconds
Time for sampling (singles):     12 seconds
DAG statistics
mean edges/level: 6      max edges/level: 23
mean edges/node:  1.135  mean count/edge: 11

Starting phasing iterations

Window=5 Iteration=11
Time for building model:         1 minute 1 second
Time for sampling (singles):     2 minutes 32 seconds
DAG statistics
mean edges/level: 8      max edges/level: 26
mean edges/node:  1.095  mean count/edge: 9

Window=5 Iteration=12
Time for building model:         55 seconds
Time for sampling (singles):     2 minutes 53 seconds
DAG statistics
mean edges/level: 6      max edges/level: 23
mean edges/node:  1.110  mean count/edge: 11

Window=5 Iteration=13
Time for building model:         1 minute 58 seconds
Time for sampling (singles):     3 minutes 17 seconds
DAG statistics
mean edges/level: 14     max edges/level: 26
mean edges/node:  1.061  mean count/edge: 5

Window=5 Iteration=14
Time for building model:         1 minute 13 seconds
Time for sampling (singles):     2 minutes 44 seconds
DAG statistics
mean edges/level: 15     max edges/level: 30
mean edges/node:  1.048  mean count/edge: 5

Window=5 Iteration=15
Time for building model:         1 minute 13 seconds
Time for sampling (singles):     2 minutes 7 seconds
DAG statistics
mean edges/level: 17     max edges/level: 29
mean edges/node:  1.041  mean count/edge: 4

Window 6 [ NC_037343.1:48715810-57210131 ]
target markers:      50000

Starting burn-in iterations

Window=6 Iteration=1
Time for building model:         2 minutes 57 seconds
Time for sampling (singles):     21 seconds
DAG statistics
mean edges/level: 7      max edges/level: 28
mean edges/node:  1.507  mean count/edge: 10

Window=6 Iteration=2
Time for building model:         1 minute 40 seconds
Time for sampling (singles):     5 seconds
DAG statistics
mean edges/level: 6      max edges/level: 19
mean edges/node:  1.344  mean count/edge: 11

Window=6 Iteration=3
Time for building model:         2 minutes 27 seconds
Time for sampling (singles):     16 seconds
DAG statistics
mean edges/level: 6      max edges/level: 27
mean edges/node:  1.216  mean count/edge: 11

Window=6 Iteration=4
Time for building model:         2 minutes 4 seconds
Time for sampling (singles):     12 seconds
DAG statistics
mean edges/level: 6      max edges/level: 22
mean edges/node:  1.179  mean count/edge: 11

Window=6 Iteration=5
Time for building model:         1 minute 35 seconds
Time for sampling (singles):     20 seconds
DAG statistics
mean edges/level: 7      max edges/level: 28
mean edges/node:  1.155  mean count/edge: 10

Window=6 Iteration=6
Time for building model:         2 minutes 22 seconds
Time for sampling (singles):     25 seconds
DAG statistics
mean edges/level: 6      max edges/level: 22
mean edges/node:  1.148  mean count/edge: 11

Window=6 Iteration=7
Time for building model:         2 minutes 0 seconds
Time for sampling (singles):     7 seconds
DAG statistics
mean edges/level: 6      max edges/level: 29
mean edges/node:  1.140  mean count/edge: 11

Window=6 Iteration=8
Time for building model:         2 minutes 14 seconds
Time for sampling (singles):     15 seconds
DAG statistics
mean edges/level: 6      max edges/level: 22
mean edges/node:  1.136  mean count/edge: 11

Window=6 Iteration=9
Time for building model:         3 minutes 26 seconds
Time for sampling (singles):     22 seconds
DAG statistics
mean edges/level: 8      max edges/level: 27
mean edges/node:  1.122  mean count/edge: 9

Window=6 Iteration=10
Time for building model:         2 minutes 24 seconds
Time for sampling (singles):     17 seconds
DAG statistics
mean edges/level: 8      max edges/level: 25
mean edges/node:  1.114  mean count/edge: 9

Starting phasing iterations

Window=6 Iteration=11
Time for building model:         52 seconds
Time for sampling (singles):     2 minutes 35 seconds
DAG statistics
mean edges/level: 8      max edges/level: 27
mean edges/node:  1.101  mean count/edge: 9

Window=6 Iteration=12
Time for building model:         1 minute 28 seconds
Time for sampling (singles):     3 minutes 9 seconds
DAG statistics
mean edges/level: 13     max edges/level: 29
mean edges/node:  1.064  mean count/edge: 5

Window=6 Iteration=13
Time for building model:         1 minute 49 seconds
Time for sampling (singles):     2 minutes 29 seconds
DAG statistics
mean edges/level: 15     max edges/level: 27
mean edges/node:  1.052  mean count/edge: 5

Window=6 Iteration=14
Time for building model:         1 minute 28 seconds
Time for sampling (singles):     2 minutes 14 seconds
DAG statistics
mean edges/level: 16     max edges/level: 30
mean edges/node:  1.045  mean count/edge: 4

Window=6 Iteration=15
Time for building model:         1 minute 29 seconds
Time for sampling (singles):     1 minute 41 seconds
DAG statistics
mean edges/level: 17     max edges/level: 30
mean edges/node:  1.041  mean count/edge: 4

Window 7 [ NC_037343.1:56796363-64703358 ]
target markers:      50000

Starting burn-in iterations

Window=7 Iteration=1
Time for building model:         2 minutes 28 seconds
Time for sampling (singles):     27 seconds
DAG statistics
mean edges/level: 8      max edges/level: 24
mean edges/node:  1.435  mean count/edge: 9

Window=7 Iteration=2
Time for building model:         1 minute 55 seconds
Time for sampling (singles):     18 seconds
DAG statistics
mean edges/level: 9      max edges/level: 24
mean edges/node:  1.244  mean count/edge: 8

Window=7 Iteration=3
Time for building model:         2 minutes 4 seconds
Time for sampling (singles):     17 seconds
DAG statistics
mean edges/level: 8      max edges/level: 24
mean edges/node:  1.171  mean count/edge: 9

Window=7 Iteration=4
Time for building model:         1 minute 20 seconds
Time for sampling (singles):     4 seconds
DAG statistics
mean edges/level: 6      max edges/level: 26
mean edges/node:  1.171  mean count/edge: 11

Window=7 Iteration=5
Time for building model:         1 minute 48 seconds
Time for sampling (singles):     5 seconds
DAG statistics
mean edges/level: 9      max edges/level: 28
mean edges/node:  1.127  mean count/edge: 8

Window=7 Iteration=6
Time for building model:         2 minutes 22 seconds
Time for sampling (singles):     5 seconds
DAG statistics
mean edges/level: 6      max edges/level: 23
mean edges/node:  1.141  mean count/edge: 11

Window=7 Iteration=7
Time for building model:         2 minutes 8 seconds
Time for sampling (singles):     8 seconds
DAG statistics
mean edges/level: 8      max edges/level: 26
mean edges/node:  1.120  mean count/edge: 9

Window=7 Iteration=8
Time for building model:         3 minutes 11 seconds
Time for sampling (singles):     13 seconds
DAG statistics
mean edges/level: 10     max edges/level: 29
mean edges/node:  1.103  mean count/edge: 7

Window=7 Iteration=9
Time for building model:         2 minutes 33 seconds
Time for sampling (singles):     7 seconds
DAG statistics
mean edges/level: 9      max edges/level: 25
mean edges/node:  1.099  mean count/edge: 8

Window=7 Iteration=10
Time for building model:         2 minutes 21 seconds
Time for sampling (singles):     10 seconds
DAG statistics
mean edges/level: 10     max edges/level: 26
mean edges/node:  1.090  mean count/edge: 7

Starting phasing iterations

Window=7 Iteration=11
Time for building model:         1 minute 23 seconds
Time for sampling (singles):     2 minutes 35 seconds
DAG statistics
mean edges/level: 10     max edges/level: 26
mean edges/node:  1.071  mean count/edge: 7

Window=7 Iteration=12
Time for building model:         1 minute 27 seconds
Time for sampling (singles):     2 minutes 21 seconds
DAG statistics
mean edges/level: 14     max edges/level: 26
mean edges/node:  1.054  mean count/edge: 5

Window=7 Iteration=13
Time for building model:         1 minute 6 seconds
Time for sampling (singles):     2 minutes 43 seconds
DAG statistics
mean edges/level: 16     max edges/level: 29
mean edges/node:  1.046  mean count/edge: 4

Window=7 Iteration=14
Time for building model:         1 minute 13 seconds
Time for sampling (singles):     1 minute 48 seconds
DAG statistics
mean edges/level: 17     max edges/level: 29
mean edges/node:  1.039  mean count/edge: 4

Window=7 Iteration=15
Time for building model:         1 minute 17 seconds
Time for sampling (singles):     2 minutes 24 seconds
DAG statistics
mean edges/level: 18     max edges/level: 29
mean edges/node:  1.037  mean count/edge: 4

Window 8 [ NC_037343.1:64271062-71916783 ]
target markers:      50000

Starting burn-in iterations

Window=8 Iteration=1
Time for building model:         2 minutes 12 seconds
Time for sampling (singles):     13 seconds
DAG statistics
mean edges/level: 7      max edges/level: 24
mean edges/node:  1.510  mean count/edge: 10

Window=8 Iteration=2
Time for building model:         2 minutes 6 seconds
Time for sampling (singles):     14 seconds
DAG statistics
mean edges/level: 6      max edges/level: 17
mean edges/node:  1.346  mean count/edge: 11

Window=8 Iteration=3
Time for building model:         2 minutes 33 seconds
Time for sampling (singles):     17 seconds
DAG statistics
mean edges/level: 8      max edges/level: 25
mean edges/node:  1.184  mean count/edge: 9

Window=8 Iteration=4
Time for building model:         2 minutes 1 second
Time for sampling (singles):     16 seconds
DAG statistics
mean edges/level: 6      max edges/level: 21
mean edges/node:  1.173  mean count/edge: 11

Window=8 Iteration=5
Time for building model:         1 minute 53 seconds
Time for sampling (singles):     9 seconds
DAG statistics
mean edges/level: 9      max edges/level: 26
mean edges/node:  1.127  mean count/edge: 8

Window=8 Iteration=6
Time for building model:         2 minutes 6 seconds
Time for sampling (singles):     16 seconds
DAG statistics
mean edges/level: 6      max edges/level: 23
mean edges/node:  1.137  mean count/edge: 11

Window=8 Iteration=7
Time for building model:         3 minutes 7 seconds
Time for sampling (singles):     9 seconds
DAG statistics
mean edges/level: 9      max edges/level: 24
mean edges/node:  1.116  mean count/edge: 8

Window=8 Iteration=8
Time for building model:         2 minutes 12 seconds
Time for sampling (singles):     5 seconds
DAG statistics
mean edges/level: 6      max edges/level: 23
mean edges/node:  1.133  mean count/edge: 11

Window=8 Iteration=9
Time for building model:         2 minutes 29 seconds
Time for sampling (singles):     7 seconds
DAG statistics
mean edges/level: 10     max edges/level: 24
mean edges/node:  1.108  mean count/edge: 7

Window=8 Iteration=10
Time for building model:         2 minutes 7 seconds
Time for sampling (singles):     8 seconds
DAG statistics
mean edges/level: 6      max edges/level: 23
mean edges/node:  1.122  mean count/edge: 11

Starting phasing iterations

Window=8 Iteration=11
Time for building model:         52 seconds
Time for sampling (singles):     2 minutes 43 seconds
DAG statistics
mean edges/level: 13     max edges/level: 27
mean edges/node:  1.060  mean count/edge: 5

Window=8 Iteration=12
Time for building model:         1 minute 44 seconds
Time for sampling (singles):     2 minutes 37 seconds
DAG statistics
mean edges/level: 7      max edges/level: 26
mean edges/node:  1.089  mean count/edge: 10

Window=8 Iteration=13
Time for building model:         1 minute 22 seconds
Time for sampling (singles):     2 minutes 29 seconds
DAG statistics
mean edges/level: 14     max edges/level: 26
mean edges/node:  1.054  mean count/edge: 5

Window=8 Iteration=14
Time for building model:         59 seconds
Time for sampling (singles):     2 minutes 21 seconds
DAG statistics
mean edges/level: 16     max edges/level: 29
mean edges/node:  1.045  mean count/edge: 4

Window=8 Iteration=15
Time for building model:         1 minute 7 seconds
Time for sampling (singles):     2 minutes 7 seconds
DAG statistics
mean edges/level: 17     max edges/level: 27
mean edges/node:  1.040  mean count/edge: 4

Window 9 [ NC_037343.1:71422539-78059470 ]
target markers:      50000

Starting burn-in iterations

Window=9 Iteration=1
Time for building model:         2 minutes 6 seconds
Time for sampling (singles):     7 seconds
DAG statistics
mean edges/level: 8      max edges/level: 27
mean edges/node:  1.419  mean count/edge: 9

Window=9 Iteration=2
Time for building model:         2 minutes 40 seconds
Time for sampling (singles):     13 seconds
DAG statistics
mean edges/level: 7      max edges/level: 19
mean edges/node:  1.336  mean count/edge: 10

Window=9 Iteration=3
Time for building model:         1 minute 39 seconds
Time for sampling (singles):     8 seconds
DAG statistics
mean edges/level: 6      max edges/level: 26
mean edges/node:  1.206  mean count/edge: 11

Window=9 Iteration=4
Time for building model:         2 minutes 1 second
Time for sampling (singles):     9 seconds
DAG statistics
mean edges/level: 7      max edges/level: 20
mean edges/node:  1.173  mean count/edge: 10

Window=9 Iteration=5
Time for building model:         1 minute 54 seconds
Time for sampling (singles):     11 seconds
DAG statistics
mean edges/level: 8      max edges/level: 27
mean edges/node:  1.135  mean count/edge: 9

Window=9 Iteration=6
Time for building model:         2 minutes 36 seconds
Time for sampling (singles):     16 seconds
DAG statistics
mean edges/level: 10     max edges/level: 31
mean edges/node:  1.114  mean count/edge: 7

Window=9 Iteration=7
Time for building model:         2 minutes 17 seconds
Time for sampling (singles):     5 seconds
DAG statistics
mean edges/level: 9      max edges/level: 28
mean edges/node:  1.108  mean count/edge: 8

Window=9 Iteration=8
Time for building model:         2 minutes 28 seconds
Time for sampling (singles):     12 seconds
DAG statistics
mean edges/level: 7      max edges/level: 22
mean edges/node:  1.136  mean count/edge: 10

Window=9 Iteration=9
Time for building model:         2 minutes 46 seconds
Time for sampling (singles):     14 seconds
DAG statistics
mean edges/level: 9      max edges/level: 25
mean edges/node:  1.114  mean count/edge: 8

Window=9 Iteration=10
Time for building model:         2 minutes 24 seconds
Time for sampling (singles):     10 seconds
DAG statistics
mean edges/level: 10     max edges/level: 24
mean edges/node:  1.108  mean count/edge: 7

Starting phasing iterations

Window=9 Iteration=11
Time for building model:         56 seconds
Time for sampling (singles):     2 minutes 55 seconds
DAG statistics
mean edges/level: 14     max edges/level: 26
mean edges/node:  1.060  mean count/edge: 5

Window=9 Iteration=12
Time for building model:         1 minute 11 seconds
Time for sampling (singles):     2 minutes 46 seconds
DAG statistics
mean edges/level: 15     max edges/level: 29
mean edges/node:  1.051  mean count/edge: 5

Window=9 Iteration=13
Time for building model:         1 minute 32 seconds
Time for sampling (singles):     2 minutes 53 seconds
DAG statistics
mean edges/level: 16     max edges/level: 27
mean edges/node:  1.045  mean count/edge: 4

Window=9 Iteration=14
Time for building model:         1 minute 19 seconds
Time for sampling (singles):     2 minutes 26 seconds
DAG statistics
mean edges/level: 17     max edges/level: 31
mean edges/node:  1.041  mean count/edge: 4

Window=9 Iteration=15
Time for building model:         1 minute 46 seconds
Time for sampling (singles):     2 minutes 12 seconds
DAG statistics
mean edges/level: 18     max edges/level: 28
mean edges/node:  1.038  mean count/edge: 4

Window 10 [ NC_037343.1:77573623-81004210 ]
target markers:      24098

Starting burn-in iterations

Window=10 Iteration=1
Time for building model:         1 minute 30 seconds
Time for sampling (singles):     1 second
DAG statistics
mean edges/level: 7      max edges/level: 26
mean edges/node:  1.499  mean count/edge: 10

Window=10 Iteration=2
Time for building model:         1 minute 5 seconds
Time for sampling (singles):     1 second
DAG statistics
mean edges/level: 6      max edges/level: 16
mean edges/node:  1.402  mean count/edge: 11

Window=10 Iteration=3
Time for building model:         1 minute 12 seconds
Time for sampling (singles):     1 second
DAG statistics
mean edges/level: 7      max edges/level: 23
mean edges/node:  1.226  mean count/edge: 10

Window=10 Iteration=4
Time for building model:         1 minute 1 second
Time for sampling (singles):     8 seconds
DAG statistics
mean edges/level: 7      max edges/level: 19
mean edges/node:  1.221  mean count/edge: 10

Window=10 Iteration=5
Time for building model:         1 minute 55 seconds
Time for sampling (singles):     4 seconds
DAG statistics
mean edges/level: 9      max edges/level: 24
mean edges/node:  1.159  mean count/edge: 8

Window=10 Iteration=6
Time for building model:         1 minute 12 seconds
Time for sampling (singles):     12 seconds
DAG statistics
mean edges/level: 9      max edges/level: 26
mean edges/node:  1.137  mean count/edge: 8

Window=10 Iteration=7
Time for building model:         1 minute 8 seconds
Time for sampling (singles):     2 seconds
DAG statistics
mean edges/level: 8      max edges/level: 27
mean edges/node:  1.139  mean count/edge: 9

Window=10 Iteration=8
Time for building model:         56 seconds
Time for sampling (singles):     6 seconds
DAG statistics
mean edges/level: 7      max edges/level: 21
mean edges/node:  1.172  mean count/edge: 10

Window=10 Iteration=9
Time for building model:         52 seconds
Time for sampling (singles):     2 seconds
DAG statistics
mean edges/level: 8      max edges/level: 24
mean edges/node:  1.143  mean count/edge: 9

Window=10 Iteration=10
Time for building model:         1 minute 7 seconds
Time for sampling (singles):     2 seconds
DAG statistics
mean edges/level: 9      max edges/level: 28
mean edges/node:  1.126  mean count/edge: 8

Starting phasing iterations

Window=10 Iteration=11
Time for building model:         35 seconds
Time for sampling (singles):     1 minute 14 seconds
DAG statistics
mean edges/level: 13     max edges/level: 25
mean edges/node:  1.082  mean count/edge: 5

Window=10 Iteration=12
Time for building model:         33 seconds
Time for sampling (singles):     1 minute 41 seconds
DAG statistics
mean edges/level: 14     max edges/level: 26
mean edges/node:  1.070  mean count/edge: 5

Window=10 Iteration=13
Time for building model:         1 minute 15 seconds
Time for sampling (singles):     1 minute 56 seconds
DAG statistics
mean edges/level: 15     max edges/level: 26
mean edges/node:  1.061  mean count/edge: 5

Window=10 Iteration=14
Time for building model:         32 seconds
Time for sampling (singles):     1 minute 35 seconds
DAG statistics
mean edges/level: 16     max edges/level: 27
mean edges/node:  1.054  mean count/edge: 4

Window=10 Iteration=15
Time for building model:         23 seconds
Time for sampling (singles):     1 minute 18 seconds
DAG statistics
mean edges/level: 17     max edges/level: 27
mean edges/node:  1.050  mean count/edge: 4

Number of markers:              447098
Total time for building model: 2 hours 47 minutes 32 seconds
Total time for sampling:       1 hour 37 minutes 10 seconds
Total run time:                4 hours 35 minutes 43 seconds

End time: 11:16 PM CEST on 04 Apr 2024
beagle.27Jan18.7e1.jar (version 4.1) finished
