beagle.27Jan18.7e1.jar (version 4.1)
Copyright (C) 2014-2015 Brian L. Browning
Enter "java -jar beagle.27Jan18.7e1.jar" for a summary of command line arguments.
Start time: 06:40 PM CEST on 04 Apr 2024

Command line: java -Xmx54613m -jar beagle.jar
  gl=results/gl/Bostau9_tragmain2_sites_variable_noindels_renamed_Tspe.bcf.gz.NC_037340.1.vcf.gz
  chrom=NC_037340.1
  out=results/imputed/Bostau9_tragmain2_sites_variable_noindels_renamed_Tspe.bcf.gz.NC_037340.1
  nthreads=6

No genetic map is specified: using 1 cM = 1 Mb

reference samples:       0
target samples:         34

Window 1 [ NC_037340.1:212285-5360864 ]
target markers:      50000

Starting burn-in iterations

Window=1 Iteration=1
Time for building model:         2 seconds
Time for sampling (singles):     2 seconds
DAG statistics
mean edges/level: 4      max edges/level: 13
mean edges/node:  1.596  mean count/edge: 17

Window=1 Iteration=2
Time for building model:         3 seconds
Time for sampling (singles):     3 seconds
DAG statistics
mean edges/level: 6      max edges/level: 17
mean edges/node:  1.354  mean count/edge: 11

Window=1 Iteration=3
Time for building model:         2 seconds
Time for sampling (singles):     2 seconds
DAG statistics
mean edges/level: 5      max edges/level: 14
mean edges/node:  1.394  mean count/edge: 14

Window=1 Iteration=4
Time for building model:         2 seconds
Time for sampling (singles):     4 seconds
DAG statistics
mean edges/level: 8      max edges/level: 23
mean edges/node:  1.210  mean count/edge: 9

Window=1 Iteration=5
Time for building model:         2 seconds
Time for sampling (singles):     2 seconds
DAG statistics
mean edges/level: 5      max edges/level: 14
mean edges/node:  1.266  mean count/edge: 14

Window=1 Iteration=6
Time for building model:         2 seconds
Time for sampling (singles):     5 seconds
DAG statistics
mean edges/level: 8      max edges/level: 25
mean edges/node:  1.151  mean count/edge: 9

Window=1 Iteration=7
Time for building model:         1 second
Time for sampling (singles):     2 seconds
DAG statistics
mean edges/level: 5      max edges/level: 13
mean edges/node:  1.215  mean count/edge: 14

Window=1 Iteration=8
Time for building model:         2 seconds
Time for sampling (singles):     4 seconds
DAG statistics
mean edges/level: 9      max edges/level: 22
mean edges/node:  1.126  mean count/edge: 8

Window=1 Iteration=9
Time for building model:         1 second
Time for sampling (singles):     2 seconds
DAG statistics
mean edges/level: 5      max edges/level: 14
mean edges/node:  1.195  mean count/edge: 14

Window=1 Iteration=10
Time for building model:         2 seconds
Time for sampling (singles):     5 seconds
DAG statistics
mean edges/level: 9      max edges/level: 21
mean edges/node:  1.117  mean count/edge: 8

Starting phasing iterations

Window=1 Iteration=11
Time for building model:         2 seconds
Time for sampling (singles):     4 seconds
DAG statistics
mean edges/level: 6      max edges/level: 16
mean edges/node:  1.185  mean count/edge: 11

Window=1 Iteration=12
Time for building model:         3 seconds
Time for sampling (singles):     3 seconds
DAG statistics
mean edges/level: 13     max edges/level: 24
mean edges/node:  1.081  mean count/edge: 5

Window=1 Iteration=13
Time for building model:         3 seconds
Time for sampling (singles):     3 seconds
DAG statistics
mean edges/level: 14     max edges/level: 24
mean edges/node:  1.063  mean count/edge: 5

Window=1 Iteration=14
Time for building model:         3 seconds
Time for sampling (singles):     4 seconds
DAG statistics
mean edges/level: 15     max edges/level: 30
mean edges/node:  1.049  mean count/edge: 5

Window=1 Iteration=15
Time for building model:         3 seconds
Time for sampling (singles):     3 seconds
DAG statistics
mean edges/level: 15     max edges/level: 27
mean edges/node:  1.042  mean count/edge: 5

Window 2 [ NC_037340.1:5087143-10282677 ]
target markers:      50000

Starting burn-in iterations

Window=2 Iteration=1
Time for building model:         2 seconds
Time for sampling (singles):     2 seconds
DAG statistics
mean edges/level: 5      max edges/level: 23
mean edges/node:  1.459  mean count/edge: 14

Window=2 Iteration=2
Time for building model:         2 seconds
Time for sampling (singles):     2 seconds
DAG statistics
mean edges/level: 6      max edges/level: 15
mean edges/node:  1.390  mean count/edge: 11

Window=2 Iteration=3
Time for building model:         2 seconds
Time for sampling (singles):     3 seconds
DAG statistics
mean edges/level: 8      max edges/level: 23
mean edges/node:  1.245  mean count/edge: 9

Window=2 Iteration=4
Time for building model:         2 seconds
Time for sampling (singles):     3 seconds
DAG statistics
mean edges/level: 6      max edges/level: 20
mean edges/node:  1.256  mean count/edge: 11

Window=2 Iteration=5
Time for building model:         2 seconds
Time for sampling (singles):     4 seconds
DAG statistics
mean edges/level: 9      max edges/level: 23
mean edges/node:  1.144  mean count/edge: 8

Window=2 Iteration=6
Time for building model:         2 seconds
Time for sampling (singles):     5 seconds
DAG statistics
mean edges/level: 10     max edges/level: 23
mean edges/node:  1.112  mean count/edge: 7

Window=2 Iteration=7
Time for building model:         2 seconds
Time for sampling (singles):     6 seconds
DAG statistics
mean edges/level: 10     max edges/level: 27
mean edges/node:  1.093  mean count/edge: 7

Window=2 Iteration=8
Time for building model:         3 seconds
Time for sampling (singles):     7 seconds
DAG statistics
mean edges/level: 10     max edges/level: 24
mean edges/node:  1.088  mean count/edge: 7

Window=2 Iteration=9
Time for building model:         2 seconds
Time for sampling (singles):     7 seconds
DAG statistics
mean edges/level: 11     max edges/level: 26
mean edges/node:  1.080  mean count/edge: 6

Window=2 Iteration=10
Time for building model:         2 seconds
Time for sampling (singles):     8 seconds
DAG statistics
mean edges/level: 11     max edges/level: 25
mean edges/node:  1.076  mean count/edge: 6

Starting phasing iterations

Window=2 Iteration=11
Time for building model:         2 seconds
Time for sampling (singles):     5 seconds
DAG statistics
mean edges/level: 14     max edges/level: 25
mean edges/node:  1.062  mean count/edge: 5

Window=2 Iteration=12
Time for building model:         3 seconds
Time for sampling (singles):     4 seconds
DAG statistics
mean edges/level: 15     max edges/level: 26
mean edges/node:  1.054  mean count/edge: 5

Window=2 Iteration=13
Time for building model:         3 seconds
Time for sampling (singles):     3 seconds
DAG statistics
mean edges/level: 16     max edges/level: 27
mean edges/node:  1.041  mean count/edge: 4

Window=2 Iteration=14
Time for building model:         2 seconds
Time for sampling (singles):     3 seconds
DAG statistics
mean edges/level: 17     max edges/level: 29
mean edges/node:  1.032  mean count/edge: 4

Window=2 Iteration=15
Time for building model:         2 seconds
Time for sampling (singles):     3 seconds
DAG statistics
mean edges/level: 18     max edges/level: 28
mean edges/node:  1.026  mean count/edge: 4

Window 3 [ NC_037340.1:9948132-15159387 ]
target markers:      50000

Starting burn-in iterations

Window=3 Iteration=1
Time for building model:         1 second
Time for sampling (singles):     1 second
DAG statistics
mean edges/level: 4      max edges/level: 27
mean edges/node:  1.527  mean count/edge: 17

Window=3 Iteration=2
Time for building model:         2 seconds
Time for sampling (singles):     2 seconds
DAG statistics
mean edges/level: 5      max edges/level: 15
mean edges/node:  1.444  mean count/edge: 14

Window=3 Iteration=3
Time for building model:         1 second
Time for sampling (singles):     2 seconds
DAG statistics
mean edges/level: 5      max edges/level: 27
mean edges/node:  1.379  mean count/edge: 14

Window=3 Iteration=4
Time for building model:         1 second
Time for sampling (singles):     2 seconds
DAG statistics
mean edges/level: 5      max edges/level: 16
mean edges/node:  1.349  mean count/edge: 14

Window=3 Iteration=5
Time for building model:         2 seconds
Time for sampling (singles):     2 seconds
DAG statistics
mean edges/level: 5      max edges/level: 27
mean edges/node:  1.271  mean count/edge: 14

Window=3 Iteration=6
Time for building model:         2 seconds
Time for sampling (singles):     3 seconds
DAG statistics
mean edges/level: 7      max edges/level: 20
mean edges/node:  1.193  mean count/edge: 10

Window=3 Iteration=7
Time for building model:         1 second
Time for sampling (singles):     2 seconds
DAG statistics
mean edges/level: 5      max edges/level: 27
mean edges/node:  1.222  mean count/edge: 14

Window=3 Iteration=8
Time for building model:         1 second
Time for sampling (singles):     2 seconds
DAG statistics
mean edges/level: 6      max edges/level: 18
mean edges/node:  1.189  mean count/edge: 11

Window=3 Iteration=9
Time for building model:         1 second
Time for sampling (singles):     2 seconds
DAG statistics
mean edges/level: 5      max edges/level: 27
mean edges/node:  1.204  mean count/edge: 14

Window=3 Iteration=10
Time for building model:         2 seconds
Time for sampling (singles):     3 seconds
DAG statistics
mean edges/level: 7      max edges/level: 25
mean edges/node:  1.154  mean count/edge: 10

Starting phasing iterations

Window=3 Iteration=11
Time for building model:         1 second
Time for sampling (singles):     18 seconds
DAG statistics
mean edges/level: 7      max edges/level: 27
mean edges/node:  1.186  mean count/edge: 10

Window=3 Iteration=12
Time for building model:         10 seconds
Time for sampling (singles):     17 seconds
DAG statistics
mean edges/level: 11     max edges/level: 25
mean edges/node:  1.117  mean count/edge: 6

Window=3 Iteration=13
Time for building model:         17 seconds
Time for sampling (singles):     3 seconds
DAG statistics
mean edges/level: 13     max edges/level: 27
mean edges/node:  1.087  mean count/edge: 5

Window=3 Iteration=14
Time for building model:         2 seconds
Time for sampling (singles):     5 seconds
DAG statistics
mean edges/level: 14     max edges/level: 27
mean edges/node:  1.069  mean count/edge: 5

Window=3 Iteration=15
Time for building model:         14 seconds
Time for sampling (singles):     10 seconds
DAG statistics
mean edges/level: 15     max edges/level: 27
mean edges/node:  1.059  mean count/edge: 5

Window 4 [ NC_037340.1:14775340-20260278 ]
target markers:      50000

Starting burn-in iterations

Window=4 Iteration=1
Time for building model:         2 seconds
Time for sampling (singles):     1 second
DAG statistics
mean edges/level: 4      max edges/level: 22
mean edges/node:  1.512  mean count/edge: 17

Window=4 Iteration=2
Time for building model:         1 second
Time for sampling (singles):     2 seconds
DAG statistics
mean edges/level: 5      max edges/level: 17
mean edges/node:  1.428  mean count/edge: 14

Window=4 Iteration=3
Time for building model:         1 second
Time for sampling (singles):     2 seconds
DAG statistics
mean edges/level: 6      max edges/level: 24
mean edges/node:  1.346  mean count/edge: 11

Window=4 Iteration=4
Time for building model:         2 seconds
Time for sampling (singles):     2 seconds
DAG statistics
mean edges/level: 6      max edges/level: 18
mean edges/node:  1.258  mean count/edge: 11

Window=4 Iteration=5
Time for building model:         2 seconds
Time for sampling (singles):     2 seconds
DAG statistics
mean edges/level: 6      max edges/level: 22
mean edges/node:  1.206  mean count/edge: 11

Window=4 Iteration=6
Time for building model:         2 seconds
Time for sampling (singles):     2 seconds
DAG statistics
mean edges/level: 7      max edges/level: 20
mean edges/node:  1.178  mean count/edge: 10

Window=4 Iteration=7
Time for building model:         4 seconds
Time for sampling (singles):     3 seconds
DAG statistics
mean edges/level: 7      max edges/level: 24
mean edges/node:  1.162  mean count/edge: 10

Window=4 Iteration=8
Time for building model:         4 seconds
Time for sampling (singles):     3 seconds
DAG statistics
mean edges/level: 7      max edges/level: 20
mean edges/node:  1.151  mean count/edge: 10

Window=4 Iteration=9
Time for building model:         1 second
Time for sampling (singles):     3 seconds
DAG statistics
mean edges/level: 7      max edges/level: 24
mean edges/node:  1.142  mean count/edge: 10

Window=4 Iteration=10
Time for building model:         1 second
Time for sampling (singles):     3 seconds
DAG statistics
mean edges/level: 7      max edges/level: 21
mean edges/node:  1.135  mean count/edge: 10

Starting phasing iterations

Window=4 Iteration=11
Time for building model:         1 second
Time for sampling (singles):     3 seconds
DAG statistics
mean edges/level: 9      max edges/level: 26
mean edges/node:  1.112  mean count/edge: 8

Window=4 Iteration=12
Time for building model:         2 seconds
Time for sampling (singles):     3 seconds
DAG statistics
mean edges/level: 10     max edges/level: 23
mean edges/node:  1.102  mean count/edge: 7

Window=4 Iteration=13
Time for building model:         2 seconds
Time for sampling (singles):     2 seconds
DAG statistics
mean edges/level: 10     max edges/level: 26
mean edges/node:  1.084  mean count/edge: 7

Window=4 Iteration=14
Time for building model:         2 seconds
Time for sampling (singles):     3 seconds
DAG statistics
mean edges/level: 15     max edges/level: 26
mean edges/node:  1.048  mean count/edge: 5

Window=4 Iteration=15
Time for building model:         2 seconds
Time for sampling (singles):     3 seconds
DAG statistics
mean edges/level: 16     max edges/level: 27
mean edges/node:  1.039  mean count/edge: 4

Window 5 [ NC_037340.1:19858379-25574147 ]
target markers:      50000

Starting burn-in iterations

Window=5 Iteration=1
Time for building model:         1 second
Time for sampling (singles):     1 second
DAG statistics
mean edges/level: 4      max edges/level: 24
mean edges/node:  1.489  mean count/edge: 17

Window=5 Iteration=2
Time for building model:         1 second
Time for sampling (singles):     1 second
DAG statistics
mean edges/level: 5      max edges/level: 16
mean edges/node:  1.420  mean count/edge: 14

Window=5 Iteration=3
Time for building model:         1 second
Time for sampling (singles):     2 seconds
DAG statistics
mean edges/level: 6      max edges/level: 24
mean edges/node:  1.325  mean count/edge: 11

Window=5 Iteration=4
Time for building model:         5 seconds
Time for sampling (singles):     3 seconds
DAG statistics
mean edges/level: 8      max edges/level: 26
mean edges/node:  1.207  mean count/edge: 9

Window=5 Iteration=5
Time for building model:         2 seconds
Time for sampling (singles):     3 seconds
DAG statistics
mean edges/level: 7      max edges/level: 23
mean edges/node:  1.169  mean count/edge: 10

Window=5 Iteration=6
Time for building model:         2 seconds
Time for sampling (singles):     4 seconds
DAG statistics
mean edges/level: 9      max edges/level: 23
mean edges/node:  1.122  mean count/edge: 8

Window=5 Iteration=7
Time for building model:         2 seconds
Time for sampling (singles):     4 seconds
DAG statistics
mean edges/level: 10     max edges/level: 24
mean edges/node:  1.103  mean count/edge: 7

Window=5 Iteration=8
Time for building model:         2 seconds
Time for sampling (singles):     5 seconds
DAG statistics
mean edges/level: 10     max edges/level: 25
mean edges/node:  1.093  mean count/edge: 7

Window=5 Iteration=9
Time for building model:         2 seconds
Time for sampling (singles):     4 seconds
DAG statistics
mean edges/level: 8      max edges/level: 24
mean edges/node:  1.100  mean count/edge: 9

Window=5 Iteration=10
Time for building model:         2 seconds
Time for sampling (singles):     5 seconds
DAG statistics
mean edges/level: 10     max edges/level: 25
mean edges/node:  1.087  mean count/edge: 7

Starting phasing iterations

Window=5 Iteration=11
Time for building model:         1 second
Time for sampling (singles):     3 seconds
DAG statistics
mean edges/level: 10     max edges/level: 24
mean edges/node:  1.081  mean count/edge: 7

Window=5 Iteration=12
Time for building model:         4 seconds
Time for sampling (singles):     4 seconds
DAG statistics
mean edges/level: 14     max edges/level: 26
mean edges/node:  1.059  mean count/edge: 5

Window=5 Iteration=13
Time for building model:         2 seconds
Time for sampling (singles):     2 seconds
DAG statistics
mean edges/level: 15     max edges/level: 27
mean edges/node:  1.044  mean count/edge: 5

Window=5 Iteration=14
Time for building model:         2 seconds
Time for sampling (singles):     3 seconds
DAG statistics
mean edges/level: 16     max edges/level: 27
mean edges/node:  1.032  mean count/edge: 4

Window=5 Iteration=15
Time for building model:         2 seconds
Time for sampling (singles):     2 seconds
DAG statistics
mean edges/level: 17     max edges/level: 28
mean edges/node:  1.026  mean count/edge: 4

Window 6 [ NC_037340.1:25238917-30664254 ]
target markers:      50000

Starting burn-in iterations

Window=6 Iteration=1
Time for building model:         1 second
Time for sampling (singles):     1 second
DAG statistics
mean edges/level: 5      max edges/level: 24
mean edges/node:  1.436  mean count/edge: 14

Window=6 Iteration=2
Time for building model:         1 second
Time for sampling (singles):     2 seconds
DAG statistics
mean edges/level: 5      max edges/level: 14
mean edges/node:  1.412  mean count/edge: 14

Window=6 Iteration=3
Time for building model:         1 second
Time for sampling (singles):     2 seconds
DAG statistics
mean edges/level: 7      max edges/level: 24
mean edges/node:  1.272  mean count/edge: 10

Window=6 Iteration=4
Time for building model:         1 second
Time for sampling (singles):     2 seconds
DAG statistics
mean edges/level: 6      max edges/level: 20
mean edges/node:  1.238  mean count/edge: 11

Window=6 Iteration=5
Time for building model:         4 seconds
Time for sampling (singles):     5 seconds
DAG statistics
mean edges/level: 9      max edges/level: 24
mean edges/node:  1.136  mean count/edge: 8

Window=6 Iteration=6
Time for building model:         2 seconds
Time for sampling (singles):     4 seconds
DAG statistics
mean edges/level: 9      max edges/level: 23
mean edges/node:  1.107  mean count/edge: 8

Window=6 Iteration=7
Time for building model:         2 seconds
Time for sampling (singles):     4 seconds
DAG statistics
mean edges/level: 10     max edges/level: 24
mean edges/node:  1.093  mean count/edge: 7

Window=6 Iteration=8
Time for building model:         2 seconds
Time for sampling (singles):     5 seconds
DAG statistics
mean edges/level: 10     max edges/level: 23
mean edges/node:  1.083  mean count/edge: 7

Window=6 Iteration=9
Time for building model:         2 seconds
Time for sampling (singles):     5 seconds
DAG statistics
mean edges/level: 10     max edges/level: 26
mean edges/node:  1.077  mean count/edge: 7

Window=6 Iteration=10
Time for building model:         2 seconds
Time for sampling (singles):     5 seconds
DAG statistics
mean edges/level: 10     max edges/level: 25
mean edges/node:  1.072  mean count/edge: 7

Starting phasing iterations

Window=6 Iteration=11
Time for building model:         2 seconds
Time for sampling (singles):     3 seconds
DAG statistics
mean edges/level: 13     max edges/level: 24
mean edges/node:  1.059  mean count/edge: 5

Window=6 Iteration=12
Time for building model:         2 seconds
Time for sampling (singles):     2 seconds
DAG statistics
mean edges/level: 14     max edges/level: 26
mean edges/node:  1.053  mean count/edge: 5

Window=6 Iteration=13
Time for building model:         2 seconds
Time for sampling (singles):     2 seconds
DAG statistics
mean edges/level: 16     max edges/level: 29
mean edges/node:  1.041  mean count/edge: 4

Window=6 Iteration=14
Time for building model:         3 seconds
Time for sampling (singles):     3 seconds
DAG statistics
mean edges/level: 16     max edges/level: 27
mean edges/node:  1.031  mean count/edge: 4

Window=6 Iteration=15
Time for building model:         2 seconds
Time for sampling (singles):     2 seconds
DAG statistics
mean edges/level: 17     max edges/level: 29
mean edges/node:  1.025  mean count/edge: 4

Window 7 [ NC_037340.1:30126605-36171790 ]
target markers:      50000

Starting burn-in iterations

Window=7 Iteration=1
Time for building model:         1 second
Time for sampling (singles):     1 second
DAG statistics
mean edges/level: 5      max edges/level: 28
mean edges/node:  1.471  mean count/edge: 14

Window=7 Iteration=2
Time for building model:         2 seconds
Time for sampling (singles):     2 seconds
DAG statistics
mean edges/level: 5      max edges/level: 17
mean edges/node:  1.429  mean count/edge: 14

Window=7 Iteration=3
Time for building model:         2 seconds
Time for sampling (singles):     3 seconds
DAG statistics
mean edges/level: 8      max edges/level: 26
mean edges/node:  1.270  mean count/edge: 9

Window=7 Iteration=4
Time for building model:         4 seconds
Time for sampling (singles):     4 seconds
DAG statistics
mean edges/level: 9      max edges/level: 27
mean edges/node:  1.188  mean count/edge: 8

Window=7 Iteration=5
Time for building model:         2 seconds
Time for sampling (singles):     5 seconds
DAG statistics
mean edges/level: 9      max edges/level: 26
mean edges/node:  1.139  mean count/edge: 8

Window=7 Iteration=6
Time for building model:         2 seconds
Time for sampling (singles):     5 seconds
DAG statistics
mean edges/level: 10     max edges/level: 28
mean edges/node:  1.112  mean count/edge: 7

Window=7 Iteration=7
Time for building model:         2 seconds
Time for sampling (singles):     5 seconds
DAG statistics
mean edges/level: 10     max edges/level: 28
mean edges/node:  1.094  mean count/edge: 7

Window=7 Iteration=8
Time for building model:         2 seconds
Time for sampling (singles):     7 seconds
DAG statistics
mean edges/level: 10     max edges/level: 28
mean edges/node:  1.086  mean count/edge: 7

Window=7 Iteration=9
Time for building model:         3 seconds
Time for sampling (singles):     6 seconds
DAG statistics
mean edges/level: 11     max edges/level: 26
mean edges/node:  1.080  mean count/edge: 6

Window=7 Iteration=10
Time for building model:         2 seconds
Time for sampling (singles):     6 seconds
DAG statistics
mean edges/level: 10     max edges/level: 27
mean edges/node:  1.079  mean count/edge: 7

Starting phasing iterations

Window=7 Iteration=11
Time for building model:         2 seconds
Time for sampling (singles):     18 seconds
DAG statistics
mean edges/level: 14     max edges/level: 28
mean edges/node:  1.060  mean count/edge: 5

Window=7 Iteration=12
Time for building model:         13 seconds
Time for sampling (singles):     1 minute 12 seconds
DAG statistics
mean edges/level: 15     max edges/level: 28
mean edges/node:  1.051  mean count/edge: 5

Window=7 Iteration=13
Time for building model:         1 minute 0 seconds
Time for sampling (singles):     1 minute 26 seconds
DAG statistics
mean edges/level: 16     max edges/level: 28
mean edges/node:  1.040  mean count/edge: 4

Window=7 Iteration=14
Time for building model:         53 seconds
Time for sampling (singles):     1 minute 26 seconds
DAG statistics
mean edges/level: 17     max edges/level: 31
mean edges/node:  1.032  mean count/edge: 4

Window=7 Iteration=15
Time for building model:         1 minute 9 seconds
Time for sampling (singles):     2 minutes 6 seconds
DAG statistics
mean edges/level: 18     max edges/level: 29
mean edges/node:  1.027  mean count/edge: 4

Window 8 [ NC_037340.1:35824204-40964559 ]
target markers:      50000

Starting burn-in iterations

Window=8 Iteration=1
Time for building model:         3 minutes 17 seconds
Time for sampling (singles):     13 seconds
DAG statistics
mean edges/level: 4      max edges/level: 25
mean edges/node:  1.510  mean count/edge: 17

Window=8 Iteration=2
Time for building model:         2 minutes 6 seconds
Time for sampling (singles):     25 seconds
DAG statistics
mean edges/level: 5      max edges/level: 14
mean edges/node:  1.475  mean count/edge: 14

Window=8 Iteration=3
Time for building model:         1 minute 36 seconds
Time for sampling (singles):     7 seconds
DAG statistics
mean edges/level: 6      max edges/level: 24
mean edges/node:  1.375  mean count/edge: 11

Window=8 Iteration=4
Time for building model:         1 minute 10 seconds
Time for sampling (singles):     5 seconds
DAG statistics
mean edges/level: 6      max edges/level: 18
mean edges/node:  1.285  mean count/edge: 11

Window=8 Iteration=5
Time for building model:         1 minute 29 seconds
Time for sampling (singles):     16 seconds
DAG statistics
mean edges/level: 9      max edges/level: 25
mean edges/node:  1.175  mean count/edge: 8

Window=8 Iteration=6
Time for building model:         1 minute 5 seconds
Time for sampling (singles):     6 seconds
DAG statistics
mean edges/level: 7      max edges/level: 22
mean edges/node:  1.162  mean count/edge: 10

Window=8 Iteration=7
Time for building model:         1 minute 20 seconds
Time for sampling (singles):     6 seconds
DAG statistics
mean edges/level: 7      max edges/level: 25
mean edges/node:  1.158  mean count/edge: 10

Window=8 Iteration=8
Time for building model:         2 minutes 30 seconds
Time for sampling (singles):     7 seconds
DAG statistics
mean edges/level: 9      max edges/level: 26
mean edges/node:  1.119  mean count/edge: 8

Window=8 Iteration=9
Time for building model:         1 minute 40 seconds
Time for sampling (singles):     8 seconds
DAG statistics
mean edges/level: 7      max edges/level: 27
mean edges/node:  1.131  mean count/edge: 10

Window=8 Iteration=10
Time for building model:         1 minute 55 seconds
Time for sampling (singles):     8 seconds
DAG statistics
mean edges/level: 9      max edges/level: 30
mean edges/node:  1.101  mean count/edge: 8

Starting phasing iterations

Window=8 Iteration=11
Time for building model:         1 minute 2 seconds
Time for sampling (singles):     1 minute 35 seconds
DAG statistics
mean edges/level: 13     max edges/level: 25
mean edges/node:  1.073  mean count/edge: 5

Window=8 Iteration=12
Time for building model:         1 minute 2 seconds
Time for sampling (singles):     2 minutes 21 seconds
DAG statistics
mean edges/level: 14     max edges/level: 26
mean edges/node:  1.061  mean count/edge: 5

Window=8 Iteration=13
Time for building model:         1 minute 31 seconds
Time for sampling (singles):     2 minutes 19 seconds
DAG statistics
mean edges/level: 15     max edges/level: 26
mean edges/node:  1.049  mean count/edge: 5

Window=8 Iteration=14
Time for building model:         1 minute 32 seconds
Time for sampling (singles):     2 minutes 20 seconds
DAG statistics
mean edges/level: 16     max edges/level: 27
mean edges/node:  1.040  mean count/edge: 4

Window=8 Iteration=15
Time for building model:         1 minute 8 seconds
Time for sampling (singles):     2 minutes 2 seconds
DAG statistics
mean edges/level: 17     max edges/level: 27
mean edges/node:  1.033  mean count/edge: 4

Window 9 [ NC_037340.1:40624964-45187747 ]
target markers:      50000

Starting burn-in iterations

Window=9 Iteration=1
Time for building model:         2 minutes 26 seconds
Time for sampling (singles):     36 seconds
DAG statistics
mean edges/level: 4      max edges/level: 23
mean edges/node:  1.516  mean count/edge: 17

Window=9 Iteration=2
Time for building model:         3 minutes 4 seconds
Time for sampling (singles):     14 seconds
DAG statistics
mean edges/level: 5      max edges/level: 14
mean edges/node:  1.457  mean count/edge: 14

Window=9 Iteration=3
Time for building model:         2 minutes 14 seconds
Time for sampling (singles):     18 seconds
DAG statistics
mean edges/level: 6      max edges/level: 26
mean edges/node:  1.358  mean count/edge: 11

Window=9 Iteration=4
Time for building model:         2 minutes 23 seconds
Time for sampling (singles):     30 seconds
DAG statistics
mean edges/level: 6      max edges/level: 19
mean edges/node:  1.286  mean count/edge: 11

Window=9 Iteration=5
Time for building model:         2 minutes 11 seconds
Time for sampling (singles):     14 seconds
DAG statistics
mean edges/level: 7      max edges/level: 24
mean edges/node:  1.197  mean count/edge: 10

Window=9 Iteration=6
Time for building model:         2 minutes 24 seconds
Time for sampling (singles):     16 seconds
DAG statistics
mean edges/level: 6      max edges/level: 20
mean edges/node:  1.190  mean count/edge: 11

Window=9 Iteration=7
Time for building model:         1 minute 53 seconds
Time for sampling (singles):     4 seconds
DAG statistics
mean edges/level: 7      max edges/level: 25
mean edges/node:  1.145  mean count/edge: 10

Window=9 Iteration=8
Time for building model:         2 minutes 41 seconds
Time for sampling (singles):     22 seconds
DAG statistics
mean edges/level: 9      max edges/level: 26
mean edges/node:  1.112  mean count/edge: 8

Window=9 Iteration=9
Time for building model:         2 minutes 9 seconds
Time for sampling (singles):     12 seconds
DAG statistics
mean edges/level: 8      max edges/level: 24
mean edges/node:  1.113  mean count/edge: 9

Window=9 Iteration=10
Time for building model:         2 minutes 12 seconds
Time for sampling (singles):     18 seconds
DAG statistics
mean edges/level: 6      max edges/level: 20
mean edges/node:  1.137  mean count/edge: 11

Starting phasing iterations

Window=9 Iteration=11
Time for building model:         39 seconds
Time for sampling (singles):     2 minutes 37 seconds
DAG statistics
mean edges/level: 12     max edges/level: 26
mean edges/node:  1.072  mean count/edge: 6

Window=9 Iteration=12
Time for building model:         53 seconds
Time for sampling (singles):     2 minutes 16 seconds
DAG statistics
mean edges/level: 14     max edges/level: 29
mean edges/node:  1.062  mean count/edge: 5

Window=9 Iteration=13
Time for building model:         1 minute 3 seconds
Time for sampling (singles):     2 minutes 31 seconds
DAG statistics
mean edges/level: 15     max edges/level: 27
mean edges/node:  1.049  mean count/edge: 5

Window=9 Iteration=14
Time for building model:         1 minute 29 seconds
Time for sampling (singles):     2 minutes 24 seconds
DAG statistics
mean edges/level: 16     max edges/level: 28
mean edges/node:  1.039  mean count/edge: 4

Window=9 Iteration=15
Time for building model:         1 minute 28 seconds
Time for sampling (singles):     1 minute 52 seconds
DAG statistics
mean edges/level: 17     max edges/level: 30
mean edges/node:  1.033  mean count/edge: 4

Window 10 [ NC_037340.1:45002449-50373549 ]
target markers:      50000

Starting burn-in iterations

Window=10 Iteration=1
Time for building model:         2 minutes 15 seconds
Time for sampling (singles):     34 seconds
DAG statistics
mean edges/level: 4      max edges/level: 20
mean edges/node:  1.498  mean count/edge: 17

Window=10 Iteration=2
Time for building model:         1 minute 51 seconds
Time for sampling (singles):     7 seconds
DAG statistics
mean edges/level: 5      max edges/level: 16
mean edges/node:  1.436  mean count/edge: 14

Window=10 Iteration=3
Time for building model:         2 minutes 17 seconds
Time for sampling (singles):     5 seconds
DAG statistics
mean edges/level: 5      max edges/level: 20
mean edges/node:  1.348  mean count/edge: 14

Window=10 Iteration=4
Time for building model:         1 minute 42 seconds
Time for sampling (singles):     8 seconds
DAG statistics
mean edges/level: 5      max edges/level: 16
mean edges/node:  1.282  mean count/edge: 14

Window=10 Iteration=5
Time for building model:         2 minutes 3 seconds
Time for sampling (singles):     5 seconds
DAG statistics
mean edges/level: 6      max edges/level: 21
mean edges/node:  1.196  mean count/edge: 11

Window=10 Iteration=6
Time for building model:         2 minutes 16 seconds
Time for sampling (singles):     15 seconds
DAG statistics
mean edges/level: 8      max edges/level: 21
mean edges/node:  1.134  mean count/edge: 9

Window=10 Iteration=7
Time for building model:         1 minute 17 seconds
Time for sampling (singles):     14 seconds
DAG statistics
mean edges/level: 5      max edges/level: 20
mean edges/node:  1.170  mean count/edge: 14

Window=10 Iteration=8
Time for building model:         1 minute 16 seconds
Time for sampling (singles):     6 seconds
DAG statistics
mean edges/level: 5      max edges/level: 18
mean edges/node:  1.164  mean count/edge: 14

Window=10 Iteration=9
Time for building model:         1 minute 32 seconds
Time for sampling (singles):     11 seconds
DAG statistics
mean edges/level: 9      max edges/level: 21
mean edges/node:  1.110  mean count/edge: 8

Window=10 Iteration=10
Time for building model:         1 minute 38 seconds
Time for sampling (singles):     9 seconds
DAG statistics
mean edges/level: 9      max edges/level: 25
mean edges/node:  1.095  mean count/edge: 8

Starting phasing iterations

Window=10 Iteration=11
Time for building model:         1 minute 4 seconds
Time for sampling (singles):     2 minutes 3 seconds
DAG statistics
mean edges/level: 8      max edges/level: 26
mean edges/node:  1.101  mean count/edge: 9

Window=10 Iteration=12
Time for building model:         1 minute 17 seconds
Time for sampling (singles):     2 minutes 5 seconds
DAG statistics
mean edges/level: 13     max edges/level: 24
mean edges/node:  1.067  mean count/edge: 5

Window=10 Iteration=13
Time for building model:         1 minute 45 seconds
Time for sampling (singles):     1 minute 55 seconds
DAG statistics
mean edges/level: 14     max edges/level: 24
mean edges/node:  1.049  mean count/edge: 5

Window=10 Iteration=14
Time for building model:         1 minute 32 seconds
Time for sampling (singles):     2 minutes 19 seconds
DAG statistics
mean edges/level: 15     max edges/level: 26
mean edges/node:  1.037  mean count/edge: 5

Window=10 Iteration=15
Time for building model:         1 minute 4 seconds
Time for sampling (singles):     1 minute 58 seconds
DAG statistics
mean edges/level: 16     max edges/level: 28
mean edges/node:  1.031  mean count/edge: 4

Window 11 [ NC_037340.1:49881976-57082960 ]
target markers:      50000

Starting burn-in iterations

Window=11 Iteration=1
Time for building model:         2 minutes 49 seconds
Time for sampling (singles):     28 seconds
DAG statistics
mean edges/level: 7      max edges/level: 22
mean edges/node:  1.486  mean count/edge: 10

Window=11 Iteration=2
Time for building model:         2 minutes 26 seconds
Time for sampling (singles):     10 seconds
DAG statistics
mean edges/level: 7      max edges/level: 18
mean edges/node:  1.335  mean count/edge: 10

Window=11 Iteration=3
Time for building model:         1 minute 59 seconds
Time for sampling (singles):     8 seconds
DAG statistics
mean edges/level: 6      max edges/level: 25
mean edges/node:  1.259  mean count/edge: 11

Window=11 Iteration=4
Time for building model:         1 minute 38 seconds
Time for sampling (singles):     6 seconds
DAG statistics
mean edges/level: 6      max edges/level: 20
mean edges/node:  1.202  mean count/edge: 11

Window=11 Iteration=5
Time for building model:         1 minute 34 seconds
Time for sampling (singles):     6 seconds
DAG statistics
mean edges/level: 7      max edges/level: 25
mean edges/node:  1.162  mean count/edge: 10

Window=11 Iteration=6
Time for building model:         2 minutes 2 seconds
Time for sampling (singles):     11 seconds
DAG statistics
mean edges/level: 6      max edges/level: 20
mean edges/node:  1.164  mean count/edge: 11

Window=11 Iteration=7
Time for building model:         2 minutes 4 seconds
Time for sampling (singles):     12 seconds
DAG statistics
mean edges/level: 7      max edges/level: 23
mean edges/node:  1.140  mean count/edge: 10

Window=11 Iteration=8
Time for building model:         1 minute 55 seconds
Time for sampling (singles):     8 seconds
DAG statistics
mean edges/level: 6      max edges/level: 25
mean edges/node:  1.141  mean count/edge: 11

Window=11 Iteration=9
Time for building model:         2 minutes 42 seconds
Time for sampling (singles):     12 seconds
DAG statistics
mean edges/level: 9      max edges/level: 26
mean edges/node:  1.111  mean count/edge: 8

Window=11 Iteration=10
Time for building model:         2 minutes 0 seconds
Time for sampling (singles):     15 seconds
DAG statistics
mean edges/level: 7      max edges/level: 22
mean edges/node:  1.121  mean count/edge: 10

Starting phasing iterations

Window=11 Iteration=11
Time for building model:         46 seconds
Time for sampling (singles):     1 minute 51 seconds
DAG statistics
mean edges/level: 9      max edges/level: 25
mean edges/node:  1.091  mean count/edge: 8

Window=11 Iteration=12
Time for building model:         1 minute 2 seconds
Time for sampling (singles):     2 minutes 28 seconds
DAG statistics
mean edges/level: 10     max edges/level: 23
mean edges/node:  1.084  mean count/edge: 7

Window=11 Iteration=13
Time for building model:         1 minute 41 seconds
Time for sampling (singles):     1 minute 58 seconds
DAG statistics
mean edges/level: 14     max edges/level: 29
mean edges/node:  1.055  mean count/edge: 5

Window=11 Iteration=14
Time for building model:         1 minute 1 second
Time for sampling (singles):     1 minute 57 seconds
DAG statistics
mean edges/level: 15     max edges/level: 27
mean edges/node:  1.045  mean count/edge: 5

Window=11 Iteration=15
Time for building model:         1 minute 46 seconds
Time for sampling (singles):     2 minutes 23 seconds
DAG statistics
mean edges/level: 16     max edges/level: 27
mean edges/node:  1.039  mean count/edge: 4

Window 12 [ NC_037340.1:56594591-64555552 ]
target markers:      50000

Starting burn-in iterations

Window=12 Iteration=1
Time for building model:         4 minutes 13 seconds
Time for sampling (singles):     33 seconds
DAG statistics
mean edges/level: 7      max edges/level: 27
mean edges/node:  1.521  mean count/edge: 10

Window=12 Iteration=2
Time for building model:         2 minutes 30 seconds
Time for sampling (singles):     16 seconds
DAG statistics
mean edges/level: 6      max edges/level: 17
mean edges/node:  1.400  mean count/edge: 11

Window=12 Iteration=3
Time for building model:         1 minute 42 seconds
Time for sampling (singles):     6 seconds
DAG statistics
mean edges/level: 6      max edges/level: 27
mean edges/node:  1.236  mean count/edge: 11

Window=12 Iteration=4
Time for building model:         1 minute 35 seconds
Time for sampling (singles):     8 seconds
DAG statistics
mean edges/level: 5      max edges/level: 16
mean edges/node:  1.217  mean count/edge: 14

Window=12 Iteration=5
Time for building model:         1 minute 35 seconds
Time for sampling (singles):     4 seconds
DAG statistics
mean edges/level: 6      max edges/level: 25
mean edges/node:  1.179  mean count/edge: 11

Window=12 Iteration=6
Time for building model:         2 minutes 4 seconds
Time for sampling (singles):     7 seconds
DAG statistics
mean edges/level: 6      max edges/level: 21
mean edges/node:  1.171  mean count/edge: 11

Window=12 Iteration=7
Time for building model:         1 minute 40 seconds
Time for sampling (singles):     6 seconds
DAG statistics
mean edges/level: 6      max edges/level: 25
mean edges/node:  1.158  mean count/edge: 11

Window=12 Iteration=8
Time for building model:         1 minute 37 seconds
Time for sampling (singles):     6 seconds
DAG statistics
mean edges/level: 6      max edges/level: 23
mean edges/node:  1.160  mean count/edge: 11

Window=12 Iteration=9
Time for building model:         1 minute 55 seconds
Time for sampling (singles):     3 seconds
DAG statistics
mean edges/level: 7      max edges/level: 25
mean edges/node:  1.137  mean count/edge: 10

Window=12 Iteration=10
Time for building model:         2 minutes 7 seconds
Time for sampling (singles):     5 seconds
DAG statistics
mean edges/level: 6      max edges/level: 22
mean edges/node:  1.149  mean count/edge: 11

Starting phasing iterations

Window=12 Iteration=11
Time for building model:         47 seconds
Time for sampling (singles):     2 minutes 27 seconds
DAG statistics
mean edges/level: 7      max edges/level: 25
mean edges/node:  1.122  mean count/edge: 10

Window=12 Iteration=12
Time for building model:         1 minute 9 seconds
Time for sampling (singles):     2 minutes 37 seconds
DAG statistics
mean edges/level: 7      max edges/level: 23
mean edges/node:  1.121  mean count/edge: 10

Window=12 Iteration=13
Time for building model:         1 minute 20 seconds
Time for sampling (singles):     2 minutes 28 seconds
DAG statistics
mean edges/level: 13     max edges/level: 25
mean edges/node:  1.072  mean count/edge: 5

Window=12 Iteration=14
Time for building model:         1 minute 28 seconds
Time for sampling (singles):     2 minutes 15 seconds
DAG statistics
mean edges/level: 14     max edges/level: 27
mean edges/node:  1.059  mean count/edge: 5

Window=12 Iteration=15
Time for building model:         1 minute 43 seconds
Time for sampling (singles):     2 minutes 22 seconds
DAG statistics
mean edges/level: 16     max edges/level: 27
mean edges/node:  1.052  mean count/edge: 4

Window 13 [ NC_037340.1:63930338-71422767 ]
target markers:      50000

Starting burn-in iterations

Window=13 Iteration=1
Time for building model:         3 minutes 13 seconds
Time for sampling (singles):     5 seconds
DAG statistics
mean edges/level: 7      max edges/level: 24
mean edges/node:  1.507  mean count/edge: 10

Window=13 Iteration=2
Time for building model:         2 minutes 1 second
Time for sampling (singles):     5 seconds
DAG statistics
mean edges/level: 7      max edges/level: 21
mean edges/node:  1.342  mean count/edge: 10

Window=13 Iteration=3
Time for building model:         1 minute 47 seconds
Time for sampling (singles):     5 seconds
DAG statistics
mean edges/level: 6      max edges/level: 24
mean edges/node:  1.206  mean count/edge: 11

Window=13 Iteration=4
Time for building model:         2 minutes 38 seconds
Time for sampling (singles):     10 seconds
DAG statistics
mean edges/level: 8      max edges/level: 21
mean edges/node:  1.157  mean count/edge: 9

Window=13 Iteration=5
Time for building model:         2 minutes 43 seconds
Time for sampling (singles):     17 seconds
DAG statistics
mean edges/level: 6      max edges/level: 24
mean edges/node:  1.148  mean count/edge: 11

Window=13 Iteration=6
Time for building model:         2 minutes 43 seconds
Time for sampling (singles):     19 seconds
DAG statistics
mean edges/level: 8      max edges/level: 25
mean edges/node:  1.124  mean count/edge: 9

Window=13 Iteration=7
Time for building model:         2 minutes 8 seconds
Time for sampling (singles):     16 seconds
DAG statistics
mean edges/level: 9      max edges/level: 24
mean edges/node:  1.111  mean count/edge: 8

Window=13 Iteration=8
Time for building model:         2 minutes 30 seconds
Time for sampling (singles):     14 seconds
DAG statistics
mean edges/level: 9      max edges/level: 28
mean edges/node:  1.105  mean count/edge: 8

Window=13 Iteration=9
Time for building model:         2 minutes 16 seconds
Time for sampling (singles):     7 seconds
DAG statistics
mean edges/level: 6      max edges/level: 23
mean edges/node:  1.127  mean count/edge: 11

Window=13 Iteration=10
Time for building model:         2 minutes 41 seconds
Time for sampling (singles):     14 seconds
DAG statistics
mean edges/level: 9      max edges/level: 23
mean edges/node:  1.111  mean count/edge: 8

Starting phasing iterations

Window=13 Iteration=11
Time for building model:         1 minute 8 seconds
Time for sampling (singles):     2 minutes 46 seconds
DAG statistics
mean edges/level: 14     max edges/level: 25
mean edges/node:  1.059  mean count/edge: 5

Window=13 Iteration=12
Time for building model:         1 minute 14 seconds
Time for sampling (singles):     2 minutes 34 seconds
DAG statistics
mean edges/level: 15     max edges/level: 28
mean edges/node:  1.050  mean count/edge: 5

Window=13 Iteration=13
Time for building model:         1 minute 31 seconds
Time for sampling (singles):     2 minutes 18 seconds
DAG statistics
mean edges/level: 16     max edges/level: 28
mean edges/node:  1.043  mean count/edge: 4

Window=13 Iteration=14
Time for building model:         59 seconds
Time for sampling (singles):     2 minutes 1 second
DAG statistics
mean edges/level: 17     max edges/level: 26
mean edges/node:  1.040  mean count/edge: 4

Window=13 Iteration=15
Time for building model:         49 seconds
Time for sampling (singles):     1 minute 49 seconds
DAG statistics
mean edges/level: 18     max edges/level: 32
mean edges/node:  1.037  mean count/edge: 4

Window 14 [ NC_037340.1:71018762-76674584 ]
target markers:      50000

Starting burn-in iterations

Window=14 Iteration=1
Time for building model:         1 minute 39 seconds
Time for sampling (singles):     4 seconds
DAG statistics
mean edges/level: 7      max edges/level: 24
mean edges/node:  1.498  mean count/edge: 10

Window=14 Iteration=2
Time for building model:         1 minute 33 seconds
Time for sampling (singles):     9 seconds
DAG statistics
mean edges/level: 7      max edges/level: 19
mean edges/node:  1.385  mean count/edge: 10

Window=14 Iteration=3
Time for building model:         1 minute 39 seconds
Time for sampling (singles):     3 seconds
DAG statistics
mean edges/level: 7      max edges/level: 26
mean edges/node:  1.249  mean count/edge: 10

Window=14 Iteration=4
Time for building model:         2 minutes 2 seconds
Time for sampling (singles):     7 seconds
DAG statistics
mean edges/level: 5      max edges/level: 17
mean edges/node:  1.237  mean count/edge: 14

Window=14 Iteration=5
Time for building model:         1 minute 37 seconds
Time for sampling (singles):     4 seconds
DAG statistics
mean edges/level: 7      max edges/level: 25
mean edges/node:  1.179  mean count/edge: 10

Window=14 Iteration=6
Time for building model:         1 minute 21 seconds
Time for sampling (singles):     7 seconds
DAG statistics
mean edges/level: 5      max edges/level: 20
mean edges/node:  1.195  mean count/edge: 14

Window=14 Iteration=7
Time for building model:         1 minute 29 seconds
Time for sampling (singles):     7 seconds
DAG statistics
mean edges/level: 7      max edges/level: 25
mean edges/node:  1.158  mean count/edge: 10

Window=14 Iteration=8
Time for building model:         1 minute 25 seconds
Time for sampling (singles):     4 seconds
DAG statistics
mean edges/level: 7      max edges/level: 23
mean edges/node:  1.161  mean count/edge: 10

Window=14 Iteration=9
Time for building model:         1 minute 1 second
Time for sampling (singles):     4 seconds
DAG statistics
mean edges/level: 7      max edges/level: 25
mean edges/node:  1.148  mean count/edge: 10

Window=14 Iteration=10
Time for building model:         1 minute 10 seconds
Time for sampling (singles):     4 seconds
DAG statistics
mean edges/level: 6      max edges/level: 26
mean edges/node:  1.162  mean count/edge: 11

Starting phasing iterations

Window=14 Iteration=11
Time for building model:         28 seconds
Time for sampling (singles):     1 minute 18 seconds
DAG statistics
mean edges/level: 9      max edges/level: 25
mean edges/node:  1.105  mean count/edge: 8

Window=14 Iteration=12
Time for building model:         48 seconds
Time for sampling (singles):     1 minute 33 seconds
DAG statistics
mean edges/level: 9      max edges/level: 24
mean edges/node:  1.114  mean count/edge: 8

Window=14 Iteration=13
Time for building model:         45 seconds
Time for sampling (singles):     59 seconds
DAG statistics
mean edges/level: 13     max edges/level: 25
mean edges/node:  1.079  mean count/edge: 5

Window=14 Iteration=14
Time for building model:         56 seconds
Time for sampling (singles):     1 minute 40 seconds
DAG statistics
mean edges/level: 14     max edges/level: 27
mean edges/node:  1.066  mean count/edge: 5

Window=14 Iteration=15
Time for building model:         34 seconds
Time for sampling (singles):     1 minute 7 seconds
DAG statistics
mean edges/level: 15     max edges/level: 29
mean edges/node:  1.058  mean count/edge: 5

Window 15 [ NC_037340.1:76414929-82512954 ]
target markers:      50000

Starting burn-in iterations

Window=15 Iteration=1
Time for building model:         1 minute 5 seconds
Time for sampling (singles):     3 seconds
DAG statistics
mean edges/level: 7      max edges/level: 23
mean edges/node:  1.543  mean count/edge: 10

Window=15 Iteration=2
Time for building model:         24 seconds
Time for sampling (singles):     3 seconds
DAG statistics
mean edges/level: 7      max edges/level: 20
mean edges/node:  1.380  mean count/edge: 10

Window=15 Iteration=3
Time for building model:         47 seconds
Time for sampling (singles):     3 seconds
DAG statistics
mean edges/level: 6      max edges/level: 24
mean edges/node:  1.271  mean count/edge: 11

Window=15 Iteration=4
Time for building model:         43 seconds
Time for sampling (singles):     4 seconds
DAG statistics
mean edges/level: 6      max edges/level: 20
mean edges/node:  1.221  mean count/edge: 11

Window=15 Iteration=5
Time for building model:         1 minute 0 seconds
Time for sampling (singles):     4 seconds
DAG statistics
mean edges/level: 7      max edges/level: 24
mean edges/node:  1.181  mean count/edge: 10

Window=15 Iteration=6
Time for building model:         41 seconds
Time for sampling (singles):     6 seconds
DAG statistics
mean edges/level: 9      max edges/level: 24
mean edges/node:  1.156  mean count/edge: 8

Window=15 Iteration=7
Time for building model:         39 seconds
Time for sampling (singles):     5 seconds
DAG statistics
mean edges/level: 9      max edges/level: 25
mean edges/node:  1.139  mean count/edge: 8

Window=15 Iteration=8
Time for building model:         42 seconds
Time for sampling (singles):     6 seconds
DAG statistics
mean edges/level: 8      max edges/level: 23
mean edges/node:  1.139  mean count/edge: 9

Window=15 Iteration=9
Time for building model:         25 seconds
Time for sampling (singles):     9 seconds
DAG statistics
mean edges/level: 10     max edges/level: 23
mean edges/node:  1.123  mean count/edge: 7

Window=15 Iteration=10
Time for building model:         1 minute 12 seconds
Time for sampling (singles):     9 seconds
DAG statistics
mean edges/level: 10     max edges/level: 25
mean edges/node:  1.117  mean count/edge: 7

Starting phasing iterations

Window=15 Iteration=11
Time for building model:         35 seconds
Time for sampling (singles):     45 seconds
DAG statistics
mean edges/level: 11     max edges/level: 24
mean edges/node:  1.087  mean count/edge: 6

Window=15 Iteration=12
Time for building model:         43 seconds
Time for sampling (singles):     32 seconds
DAG statistics
mean edges/level: 14     max edges/level: 26
mean edges/node:  1.069  mean count/edge: 5

Window=15 Iteration=13
Time for building model:         21 seconds
Time for sampling (singles):     14 seconds
DAG statistics
mean edges/level: 15     max edges/level: 28
mean edges/node:  1.060  mean count/edge: 5

Window=15 Iteration=14
Time for building model:         2 seconds
Time for sampling (singles):     3 seconds
DAG statistics
mean edges/level: 16     max edges/level: 31
mean edges/node:  1.053  mean count/edge: 4

Window=15 Iteration=15
Time for building model:         2 seconds
Time for sampling (singles):     3 seconds
DAG statistics
mean edges/level: 17     max edges/level: 29
mean edges/node:  1.049  mean count/edge: 4

Window 16 [ NC_037340.1:82116119-83467050 ]
target markers:      10937

Starting burn-in iterations

Window=16 Iteration=1
Time for building model:         0 seconds
Time for sampling (singles):     1 second
DAG statistics
mean edges/level: 8      max edges/level: 23
mean edges/node:  1.364  mean count/edge: 9

Window=16 Iteration=2
Time for building model:         0 seconds
Time for sampling (singles):     1 second
DAG statistics
mean edges/level: 7      max edges/level: 18
mean edges/node:  1.302  mean count/edge: 10

Window=16 Iteration=3
Time for building model:         0 seconds
Time for sampling (singles):     1 second
DAG statistics
mean edges/level: 9      max edges/level: 24
mean edges/node:  1.172  mean count/edge: 8

Window=16 Iteration=4
Time for building model:         0 seconds
Time for sampling (singles):     1 second
DAG statistics
mean edges/level: 9      max edges/level: 22
mean edges/node:  1.135  mean count/edge: 8

Window=16 Iteration=5
Time for building model:         0 seconds
Time for sampling (singles):     1 second
DAG statistics
mean edges/level: 10     max edges/level: 24
mean edges/node:  1.121  mean count/edge: 7

Window=16 Iteration=6
Time for building model:         0 seconds
Time for sampling (singles):     1 second
DAG statistics
mean edges/level: 7      max edges/level: 23
mean edges/node:  1.135  mean count/edge: 10

Window=16 Iteration=7
Time for building model:         0 seconds
Time for sampling (singles):     1 second
DAG statistics
mean edges/level: 10     max edges/level: 22
mean edges/node:  1.114  mean count/edge: 7

Window=16 Iteration=8
Time for building model:         0 seconds
Time for sampling (singles):     1 second
DAG statistics
mean edges/level: 8      max edges/level: 22
mean edges/node:  1.122  mean count/edge: 9

Window=16 Iteration=9
Time for building model:         0 seconds
Time for sampling (singles):     1 second
DAG statistics
mean edges/level: 10     max edges/level: 23
mean edges/node:  1.100  mean count/edge: 7

Window=16 Iteration=10
Time for building model:         0 seconds
Time for sampling (singles):     1 second
DAG statistics
mean edges/level: 10     max edges/level: 24
mean edges/node:  1.095  mean count/edge: 7

Starting phasing iterations

Window=16 Iteration=11
Time for building model:         0 seconds
Time for sampling (singles):     0 seconds
DAG statistics
mean edges/level: 13     max edges/level: 24
mean edges/node:  1.070  mean count/edge: 5

Window=16 Iteration=12
Time for building model:         0 seconds
Time for sampling (singles):     0 seconds
DAG statistics
mean edges/level: 14     max edges/level: 26
mean edges/node:  1.061  mean count/edge: 5

Window=16 Iteration=13
Time for building model:         0 seconds
Time for sampling (singles):     0 seconds
DAG statistics
mean edges/level: 16     max edges/level: 26
mean edges/node:  1.054  mean count/edge: 4

Window=16 Iteration=14
Time for building model:         0 seconds
Time for sampling (singles):     1 second
DAG statistics
mean edges/level: 16     max edges/level: 27
mean edges/node:  1.049  mean count/edge: 4

Window=16 Iteration=15
Time for building model:         0 seconds
Time for sampling (singles):     1 second
DAG statistics
mean edges/level: 17     max edges/level: 27
mean edges/node:  1.046  mean count/edge: 4

Number of markers:              715937
Total time for building model: 3 hours 18 minutes 36 seconds
Total time for sampling:       1 hour 41 minutes 52 seconds
Total run time:                5 hours 15 minutes 53 seconds

End time: 11:56 PM CEST on 04 Apr 2024
beagle.27Jan18.7e1.jar (version 4.1) finished
