nohup: ignoring input
There are 8 sets (populations/species) excluding the Outgroup
Going to calculate D and f4-ratio values for 56 trios
Done permutations
The VCF contains 28192540 variants
Going to use block size of 1409626 variants to get 20 Jackknife blocks
Processed 100000 variants (0.354704%) in 78.7453secs
Processed 200000 variants (0.709408%) in 157.484secs
Processed 300000 variants (1.06411%) in 236.131secs
Processed 400000 variants (1.41882%) in 314.654secs
Processed 500000 variants (1.77352%) in 393.107secs
Processed 600000 variants (2.12822%) in 471.553secs
Processed 700000 variants (2.48293%) in 550.12secs
Processed 800000 variants (2.83763%) in 628.8secs
Processed 900000 variants (3.19233%) in 707.456secs
Processed 1000000 variants (3.54704%) in 785.985secs
Processed 1100000 variants (3.90174%) in 864.562secs
Processed 1200000 variants (4.25645%) in 943.023secs
Processed 1300000 variants (4.61115%) in 1021.72secs
Processed 1400000 variants (4.96585%) in 1100.38secs
Processed 1500000 variants (5.32056%) in 1179.1secs
Processed 1600000 variants (5.67526%) in 1257.82secs
Processed 1700000 variants (6.02996%) in 1336.41secs
Processed 1800000 variants (6.38467%) in 1415.09secs
Processed 1900000 variants (6.73937%) in 1493.96secs
Processed 2000000 variants (7.09408%) in 1572.83secs
Processed 2100000 variants (7.44878%) in 1651.5secs
Processed 2200000 variants (7.80348%) in 1730.18secs
Processed 2300000 variants (8.15819%) in 1808.73secs
Processed 2400000 variants (8.51289%) in 1887.25secs
Processed 2500000 variants (8.86759%) in 1965.65secs
Processed 2600000 variants (9.2223%) in 2044.24secs
Processed 2700000 variants (9.577%) in 2122.9secs
Processed 2800000 variants (9.93171%) in 2201.52secs
Processed 2900000 variants (10.2864%) in 2280.05secs
Processed 3000000 variants (10.6411%) in 2359.52secs
Processed 3100000 variants (10.9958%) in 2438.24secs
Processed 3200000 variants (11.3505%) in 2517.06secs
Processed 3300000 variants (11.7052%) in 2595.79secs
Processed 3400000 variants (12.0599%) in 2674.48secs
Processed 3500000 variants (12.4146%) in 2753.13secs
Processed 3600000 variants (12.7693%) in 2831.7secs
Processed 3700000 variants (13.124%) in 2910.36secs
Processed 3800000 variants (13.4787%) in 2989secs
Processed 3900000 variants (13.8334%) in 3067.76secs
Processed 4000000 variants (14.1882%) in 3146.38secs
Processed 4100000 variants (14.5429%) in 3225.01secs
Processed 4200000 variants (14.8976%) in 3303.57secs
Processed 4300000 variants (15.2523%) in 3382.29secs
Processed 4400000 variants (15.607%) in 3460.87secs
Processed 4500000 variants (15.9617%) in 3539.45secs
Processed 4600000 variants (16.3164%) in 3618.14secs
Processed 4700000 variants (16.6711%) in 3696.9secs
Processed 4800000 variants (17.0258%) in 3775.6secs
Processed 4900000 variants (17.3805%) in 3854.3secs
Processed 5000000 variants (17.7352%) in 3932.98secs
Processed 5100000 variants (18.0899%) in 4011.66secs
Processed 5200000 variants (18.4446%) in 4090.28secs
Processed 5300000 variants (18.7993%) in 4169.08secs
Processed 5400000 variants (19.154%) in 4247.76secs
Processed 5500000 variants (19.5087%) in 4326.39secs
Processed 5600000 variants (19.8634%) in 4404.99secs
Processed 5700000 variants (20.2181%) in 4483.7secs
Processed 5800000 variants (20.5728%) in 4562.41secs
Processed 5900000 variants (20.9275%) in 4641.03secs
Processed 6000000 variants (21.2822%) in 4719.51secs
Processed 6100000 variants (21.6369%) in 4798.28secs
Processed 6200000 variants (21.9916%) in 4877.04secs
Processed 6300000 variants (22.3463%) in 4955.79secs
Processed 6400000 variants (22.701%) in 5034.54secs
Processed 6500000 variants (23.0557%) in 5113.3secs
Processed 6600000 variants (23.4104%) in 5192.12secs
Processed 6700000 variants (23.7652%) in 5270.8secs
Processed 6800000 variants (24.1199%) in 5349.42secs
Processed 6900000 variants (24.4746%) in 5428.11secs
Processed 7000000 variants (24.8293%) in 5506.82secs
Processed 7100000 variants (25.184%) in 5585.45secs
Processed 7200000 variants (25.5387%) in 5664.07secs
Processed 7300000 variants (25.8934%) in 5742.64secs
Processed 7400000 variants (26.2481%) in 5821.29secs
Processed 7500000 variants (26.6028%) in 5899.84secs
Processed 7600000 variants (26.9575%) in 5978.35secs
Processed 7700000 variants (27.3122%) in 6056.98secs
Processed 7800000 variants (27.6669%) in 6135.58secs
Processed 7900000 variants (28.0216%) in 6214.17secs
Processed 8000000 variants (28.3763%) in 6292.82secs
Processed 8100000 variants (28.731%) in 6371.51secs
Processed 8200000 variants (29.0857%) in 6450.08secs
Processed 8300000 variants (29.4404%) in 6528.61secs
Processed 8400000 variants (29.7951%) in 6607.11secs
Processed 8500000 variants (30.1498%) in 6685.81secs
Processed 8600000 variants (30.5045%) in 6764.53secs
Processed 8700000 variants (30.8592%) in 6843.27secs
Processed 8800000 variants (31.2139%) in 6922.09secs
Processed 8900000 variants (31.5686%) in 7000.76secs
Processed 9000000 variants (31.9233%) in 7079.39secs
Processed 9100000 variants (32.278%) in 7158secs
Processed 9200000 variants (32.6327%) in 7236.54secs
Processed 9300000 variants (32.9874%) in 7315.02secs
Processed 9400000 variants (33.3422%) in 7393.76secs
Processed 9500000 variants (33.6969%) in 7472.59secs
Processed 9600000 variants (34.0516%) in 7551.34secs
Processed 9700000 variants (34.4063%) in 7630.08secs
Processed 9800000 variants (34.761%) in 7708.72secs
Processed 9900000 variants (35.1157%) in 7787.32secs
Processed 10000000 variants (35.4704%) in 7866.02secs
Processed 10100000 variants (35.8251%) in 7944.98secs
Processed 10200000 variants (36.1798%) in 8023.67secs
Processed 10300000 variants (36.5345%) in 8102.73secs
Processed 10400000 variants (36.8892%) in 8181.59secs
Processed 10500000 variants (37.2439%) in 8260.35secs
Processed 10600000 variants (37.5986%) in 8338.99secs
Processed 10700000 variants (37.9533%) in 8417.67secs
Processed 10800000 variants (38.308%) in 8499.57secs
Processed 10900000 variants (38.6627%) in 8578.4secs
Processed 11000000 variants (39.0174%) in 8657.12secs
Processed 11100000 variants (39.3721%) in 8735.74secs
Processed 11200000 variants (39.7268%) in 8814.46secs
Processed 11300000 variants (40.0815%) in 8893.23secs
Processed 11400000 variants (40.4362%) in 8971.9secs
Processed 11500000 variants (40.7909%) in 9050.64secs
Processed 11600000 variants (41.1456%) in 9129.42secs
Processed 11700000 variants (41.5003%) in 9208.17secs
Processed 11800000 variants (41.855%) in 9286.94secs
Processed 11900000 variants (42.2097%) in 9365.7secs
Processed 12000000 variants (42.5645%) in 9444.42secs
Processed 12100000 variants (42.9192%) in 9522.98secs
Processed 12200000 variants (43.2739%) in 9601.53secs
Processed 12300000 variants (43.6286%) in 9680.09secs
Processed 12400000 variants (43.9833%) in 9758.59secs
Processed 12500000 variants (44.338%) in 9837.18secs
Processed 12600000 variants (44.6927%) in 9915.72secs
Processed 12700000 variants (45.0474%) in 9994.33secs
Processed 12800000 variants (45.4021%) in 10073secs
Processed 12900000 variants (45.7568%) in 10151.6secs
Processed 13000000 variants (46.1115%) in 10230.2secs
Processed 13100000 variants (46.4662%) in 10308.8secs
Processed 13200000 variants (46.8209%) in 10387.6secs
Processed 13300000 variants (47.1756%) in 10466.4secs
Processed 13400000 variants (47.5303%) in 10545.3secs
Processed 13500000 variants (47.885%) in 10624secs
Processed 13600000 variants (48.2397%) in 10702.7secs
Processed 13700000 variants (48.5944%) in 10781.4secs
Processed 13800000 variants (48.9491%) in 10860.2secs
Processed 13900000 variants (49.3038%) in 10938.9secs
Processed 14000000 variants (49.6585%) in 11017.6secs
Processed 14100000 variants (50.0132%) in 11096.2secs
Processed 14200000 variants (50.3679%) in 11175secs
Processed 14300000 variants (50.7226%) in 11253.8secs
Processed 14400000 variants (51.0773%) in 11332.5secs
Processed 14500000 variants (51.432%) in 11411.3secs
Processed 14600000 variants (51.7867%) in 11490.1secs
Processed 14700000 variants (52.1415%) in 11568.8secs
Processed 14800000 variants (52.4962%) in 11647.6secs
Processed 14900000 variants (52.8509%) in 11726.3secs
Processed 15000000 variants (53.2056%) in 11805secs
Processed 15100000 variants (53.5603%) in 11883.8secs
Processed 15200000 variants (53.915%) in 11962.4secs
Processed 15300000 variants (54.2697%) in 12040.8secs
Processed 15400000 variants (54.6244%) in 12119.6secs
Processed 15500000 variants (54.9791%) in 12198.4secs
Processed 15600000 variants (55.3338%) in 12277.1secs
Processed 15700000 variants (55.6885%) in 12356secs
Processed 15800000 variants (56.0432%) in 12434.7secs
Processed 15900000 variants (56.3979%) in 12513.4secs
Processed 16000000 variants (56.7526%) in 12592.3secs
Processed 16100000 variants (57.1073%) in 12671secs
Processed 16200000 variants (57.462%) in 12750.8secs
Processed 16300000 variants (57.8167%) in 12829.5secs
Processed 16400000 variants (58.1714%) in 12908.2secs
Processed 16500000 variants (58.5261%) in 12987secs
Processed 16600000 variants (58.8808%) in 13065.8secs
Processed 16700000 variants (59.2355%) in 13144.6secs
Processed 16800000 variants (59.5902%) in 13223.4secs
Processed 16900000 variants (59.9449%) in 13302.1secs
Processed 17000000 variants (60.2996%) in 13380.9secs
Processed 17100000 variants (60.6543%) in 13459.7secs
Processed 17200000 variants (61.009%) in 13538.4secs
Processed 17300000 variants (61.3638%) in 13617.2secs
Processed 17400000 variants (61.7185%) in 13696secs
Processed 17500000 variants (62.0732%) in 13774.7secs
Processed 17600000 variants (62.4279%) in 13853.4secs
Processed 17700000 variants (62.7826%) in 13932.2secs
Processed 17800000 variants (63.1373%) in 14011.1secs
Processed 17900000 variants (63.492%) in 14089.9secs
Processed 18000000 variants (63.8467%) in 14168.8secs
Processed 18100000 variants (64.2014%) in 14247.7secs
Processed 18200000 variants (64.5561%) in 14326.5secs
Processed 18300000 variants (64.9108%) in 14405.3secs
Processed 18400000 variants (65.2655%) in 14484.1secs
Processed 18500000 variants (65.6202%) in 14562.8secs
Processed 18600000 variants (65.9749%) in 14641.6secs
Processed 18700000 variants (66.3296%) in 14720.3secs
Processed 18800000 variants (66.6843%) in 14799secs
Processed 18900000 variants (67.039%) in 14877.7secs
Processed 19000000 variants (67.3937%) in 14956.4secs
Processed 19100000 variants (67.7484%) in 15035.2secs
Processed 19200000 variants (68.1031%) in 15114.1secs
Processed 19300000 variants (68.4578%) in 15192.8secs
Processed 19400000 variants (68.8125%) in 15271.6secs
Processed 19500000 variants (69.1672%) in 15350.3secs
Processed 19600000 variants (69.5219%) in 15429.1secs
Processed 19700000 variants (69.8766%) in 15507.9secs
Processed 19800000 variants (70.2313%) in 15586.7secs
Processed 19900000 variants (70.586%) in 15665.4secs
Processed 20000000 variants (70.9408%) in 15744.2secs
Processed 20100000 variants (71.2955%) in 15823.1secs
Processed 20200000 variants (71.6502%) in 15902.1secs
Processed 20300000 variants (72.0049%) in 15981secs
Processed 20400000 variants (72.3596%) in 16059.8secs
Processed 20500000 variants (72.7143%) in 16138.6secs
Processed 20600000 variants (73.069%) in 16217.4secs
Processed 20700000 variants (73.4237%) in 16296.2secs
Processed 20800000 variants (73.7784%) in 16375secs
Processed 20900000 variants (74.1331%) in 16453.8secs
Processed 21000000 variants (74.4878%) in 16532.6secs
Processed 21100000 variants (74.8425%) in 16611.3secs
Processed 21200000 variants (75.1972%) in 16689.8secs
Processed 21300000 variants (75.5519%) in 16768.7secs
Processed 21400000 variants (75.9066%) in 16847.5secs
Processed 21500000 variants (76.2613%) in 16926.3secs
Processed 21600000 variants (76.616%) in 17005.1secs
Processed 21700000 variants (76.9707%) in 17084secs
Processed 21800000 variants (77.3254%) in 17162.7secs
Processed 21900000 variants (77.6801%) in 17241.5secs
Processed 22000000 variants (78.0348%) in 17320.2secs
Processed 22100000 variants (78.3895%) in 17399secs
Processed 22200000 variants (78.7442%) in 17477.8secs
Processed 22300000 variants (79.0989%) in 17556.5secs
Processed 22400000 variants (79.4536%) in 17635.1secs
Processed 22500000 variants (79.8083%) in 17713.8secs
Processed 22600000 variants (80.1631%) in 17792.7secs
Processed 22700000 variants (80.5178%) in 17871.6secs
Processed 22800000 variants (80.8725%) in 17950.5secs
Processed 22900000 variants (81.2272%) in 18029.3secs
Processed 23000000 variants (81.5819%) in 18108.1secs
Processed 23100000 variants (81.9366%) in 18186.8secs
Processed 23200000 variants (82.2913%) in 18265.6secs
Processed 23300000 variants (82.646%) in 18344.3secs
Processed 23400000 variants (83.0007%) in 18423.1secs
Processed 23500000 variants (83.3554%) in 18501.9secs
Processed 23600000 variants (83.7101%) in 18580.6secs
Processed 23700000 variants (84.0648%) in 18659.3secs
Processed 23800000 variants (84.4195%) in 18737.8secs
Processed 23900000 variants (84.7742%) in 18816.7secs
Processed 24000000 variants (85.1289%) in 18895.5secs
Processed 24100000 variants (85.4836%) in 18974.3secs
Processed 24200000 variants (85.8383%) in 19053secs
Processed 24300000 variants (86.193%) in 19131.8secs
Processed 24400000 variants (86.5477%) in 19210.5secs
Processed 24500000 variants (86.9024%) in 19289.2secs
Processed 24600000 variants (87.2571%) in 19367.9secs
Processed 24700000 variants (87.6118%) in 19446.6secs
Processed 24800000 variants (87.9665%) in 19525.4secs
Processed 24900000 variants (88.3212%) in 19604secs
Processed 25000000 variants (88.6759%) in 19682.8secs
Processed 25100000 variants (89.0306%) in 19761.3secs
Processed 25200000 variants (89.3853%) in 19840.3secs
Processed 25300000 variants (89.7401%) in 19919.1secs
Processed 25400000 variants (90.0948%) in 19998secs
Processed 25500000 variants (90.4495%) in 20083.8secs
Processed 25600000 variants (90.8042%) in 20162.7secs
Processed 25700000 variants (91.1589%) in 20241.7secs
Processed 25800000 variants (91.5136%) in 20320.5secs
Processed 25900000 variants (91.8683%) in 20399.4secs
Processed 26000000 variants (92.223%) in 20478.3secs
Processed 26100000 variants (92.5777%) in 20559.3secs
Processed 26200000 variants (92.9324%) in 20641.5secs
Processed 26300000 variants (93.2871%) in 20723.8secs
Processed 26400000 variants (93.6418%) in 20806secs
Processed 26500000 variants (93.9965%) in 20888.1secs
Processed 26600000 variants (94.3512%) in 20970.4secs
Processed 26700000 variants (94.7059%) in 21051.4secs
Processed 26800000 variants (95.0606%) in 21133.7secs
Processed 26900000 variants (95.4153%) in 21216secs
Processed 27000000 variants (95.77%) in 21298.3secs
Processed 27100000 variants (96.1247%) in 21381.5secs
Processed 27200000 variants (96.4794%) in 21463.7secs
Processed 27300000 variants (96.8341%) in 21546.6secs
Processed 27400000 variants (97.1888%) in 21628.8secs
Processed 27500000 variants (97.5435%) in 21711.1secs
Processed 27600000 variants (97.8982%) in 21792.3secs
Processed 27700000 variants (98.2529%) in 21874.6secs
Processed 27800000 variants (98.6076%) in 21956.9secs
Processed 27900000 variants (98.9623%) in 22039.2secs
Processed 28000000 variants (99.3171%) in 22121.4secs
Processed 28100000 variants (99.6718%) in 22203.6secs
Done processing VCF. Preparing output files...
