beagle.27Jan18.7e1.jar (version 4.1)
Copyright (C) 2014-2015 Brian L. Browning
Enter "java -jar beagle.27Jan18.7e1.jar" for a summary of command line arguments.
Start time: 07:00 PM CEST on 04 Apr 2024

Command line: java -Xmx54613m -jar beagle.jar
  gl=results/gl/Bostau9_tragmain2_sites_variable_noindels_renamed_Tstr.bcf.gz.NC_037333.1.vcf.gz
  chrom=NC_037333.1
  out=results/imputed/Bostau9_tragmain2_sites_variable_noindels_renamed_Tstr.bcf.gz.NC_037333.1
  nthreads=6

No genetic map is specified: using 1 cM = 1 Mb

reference samples:       0
target samples:         58

Window 1 [ NC_037333.1:102308-19404311 ]
target markers:      50000

Starting burn-in iterations

Window=1 Iteration=1
Time for building model:         8 seconds
Time for sampling (singles):     4 seconds
DAG statistics
mean edges/level: 6      max edges/level: 18
mean edges/node:  1.757  mean count/edge: 19

Window=1 Iteration=2
Time for building model:         4 seconds
Time for sampling (singles):     4 seconds
DAG statistics
mean edges/level: 5      max edges/level: 18
mean edges/node:  1.535  mean count/edge: 23

Window=1 Iteration=3
Time for building model:         9 seconds
Time for sampling (singles):     3 seconds
DAG statistics
mean edges/level: 5      max edges/level: 16
mean edges/node:  1.351  mean count/edge: 23

Window=1 Iteration=4
Time for building model:         11 seconds
Time for sampling (singles):     3 seconds
DAG statistics
mean edges/level: 5      max edges/level: 23
mean edges/node:  1.289  mean count/edge: 23

Window=1 Iteration=5
Time for building model:         2 seconds
Time for sampling (singles):     4 seconds
DAG statistics
mean edges/level: 5      max edges/level: 18
mean edges/node:  1.275  mean count/edge: 23

Window=1 Iteration=6
Time for building model:         2 seconds
Time for sampling (singles):     4 seconds
DAG statistics
mean edges/level: 5      max edges/level: 24
mean edges/node:  1.252  mean count/edge: 23

Window=1 Iteration=7
Time for building model:         1 second
Time for sampling (singles):     3 seconds
DAG statistics
mean edges/level: 5      max edges/level: 21
mean edges/node:  1.253  mean count/edge: 23

Window=1 Iteration=8
Time for building model:         10 seconds
Time for sampling (singles):     3 seconds
DAG statistics
mean edges/level: 5      max edges/level: 23
mean edges/node:  1.240  mean count/edge: 23

Window=1 Iteration=9
Time for building model:         8 seconds
Time for sampling (singles):     3 seconds
DAG statistics
mean edges/level: 5      max edges/level: 18
mean edges/node:  1.242  mean count/edge: 23

Window=1 Iteration=10
Time for building model:         2 seconds
Time for sampling (singles):     3 seconds
DAG statistics
mean edges/level: 5      max edges/level: 26
mean edges/node:  1.233  mean count/edge: 23

Starting phasing iterations

Window=1 Iteration=11
Time for building model:         2 seconds
Time for sampling (singles):     20 seconds
DAG statistics
mean edges/level: 6      max edges/level: 20
mean edges/node:  1.235  mean count/edge: 19

Window=1 Iteration=12
Time for building model:         3 seconds
Time for sampling (singles):     7 seconds
DAG statistics
mean edges/level: 8      max edges/level: 27
mean edges/node:  1.190  mean count/edge: 15

Window=1 Iteration=13
Time for building model:         2 seconds
Time for sampling (singles):     21 seconds
DAG statistics
mean edges/level: 7      max edges/level: 21
mean edges/node:  1.210  mean count/edge: 17

Window=1 Iteration=14
Time for building model:         3 seconds
Time for sampling (singles):     6 seconds
DAG statistics
mean edges/level: 12     max edges/level: 31
mean edges/node:  1.125  mean count/edge: 10

Window=1 Iteration=15
Time for building model:         2 seconds
Time for sampling (singles):     5 seconds
DAG statistics
mean edges/level: 9      max edges/level: 30
mean edges/node:  1.146  mean count/edge: 13

Window 2 [ NC_037333.1:18347505-35391582 ]
target markers:      50000

Starting burn-in iterations

Window=2 Iteration=1
Time for building model:         2 seconds
Time for sampling (singles):     4 seconds
DAG statistics
mean edges/level: 7      max edges/level: 28
mean edges/node:  1.638  mean count/edge: 17

Window=2 Iteration=2
Time for building model:         6 seconds
Time for sampling (singles):     5 seconds
DAG statistics
mean edges/level: 6      max edges/level: 21
mean edges/node:  1.464  mean count/edge: 19

Window=2 Iteration=3
Time for building model:         10 seconds
Time for sampling (singles):     6 seconds
DAG statistics
mean edges/level: 6      max edges/level: 32
mean edges/node:  1.273  mean count/edge: 19

Window=2 Iteration=4
Time for building model:         9 seconds
Time for sampling (singles):     4 seconds
DAG statistics
mean edges/level: 6      max edges/level: 22
mean edges/node:  1.241  mean count/edge: 19

Window=2 Iteration=5
Time for building model:         6 seconds
Time for sampling (singles):     4 seconds
DAG statistics
mean edges/level: 6      max edges/level: 29
mean edges/node:  1.211  mean count/edge: 19

Window=2 Iteration=6
Time for building model:         7 seconds
Time for sampling (singles):     7 seconds
DAG statistics
mean edges/level: 6      max edges/level: 24
mean edges/node:  1.213  mean count/edge: 19

Window=2 Iteration=7
Time for building model:         2 seconds
Time for sampling (singles):     4 seconds
DAG statistics
mean edges/level: 6      max edges/level: 29
mean edges/node:  1.198  mean count/edge: 19

Window=2 Iteration=8
Time for building model:         2 seconds
Time for sampling (singles):     4 seconds
DAG statistics
mean edges/level: 6      max edges/level: 28
mean edges/node:  1.203  mean count/edge: 19

Window=2 Iteration=9
Time for building model:         2 seconds
Time for sampling (singles):     4 seconds
DAG statistics
mean edges/level: 6      max edges/level: 29
mean edges/node:  1.191  mean count/edge: 19

Window=2 Iteration=10
Time for building model:         2 seconds
Time for sampling (singles):     4 seconds
DAG statistics
mean edges/level: 6      max edges/level: 25
mean edges/node:  1.197  mean count/edge: 19

Starting phasing iterations

Window=2 Iteration=11
Time for building model:         2 seconds
Time for sampling (singles):     1 minute 59 seconds
DAG statistics
mean edges/level: 7      max edges/level: 36
mean edges/node:  1.168  mean count/edge: 17

Window=2 Iteration=12
Time for building model:         1 minute 7 seconds
Time for sampling (singles):     2 minutes 14 seconds
DAG statistics
mean edges/level: 7      max edges/level: 28
mean edges/node:  1.168  mean count/edge: 17

Window=2 Iteration=13
Time for building model:         55 seconds
Time for sampling (singles):     2 minutes 39 seconds
DAG statistics
mean edges/level: 8      max edges/level: 31
mean edges/node:  1.150  mean count/edge: 15

Window=2 Iteration=14
Time for building model:         1 minute 15 seconds
Time for sampling (singles):     3 minutes 17 seconds
DAG statistics
mean edges/level: 15     max edges/level: 33
mean edges/node:  1.095  mean count/edge: 8

Window=2 Iteration=15
Time for building model:         1 minute 42 seconds
Time for sampling (singles):     3 minutes 41 seconds
DAG statistics
mean edges/level: 17     max edges/level: 36
mean edges/node:  1.074  mean count/edge: 7

Window 3 [ NC_037333.1:34253863-49817832 ]
target markers:      50000

Starting burn-in iterations

Window=3 Iteration=1
Time for building model:         8 minutes 17 seconds
Time for sampling (singles):     57 seconds
DAG statistics
mean edges/level: 7      max edges/level: 34
mean edges/node:  1.610  mean count/edge: 17

Window=3 Iteration=2
Time for building model:         5 minutes 26 seconds
Time for sampling (singles):     33 seconds
DAG statistics
mean edges/level: 6      max edges/level: 23
mean edges/node:  1.428  mean count/edge: 19

Window=3 Iteration=3
Time for building model:         4 minutes 57 seconds
Time for sampling (singles):     52 seconds
DAG statistics
mean edges/level: 6      max edges/level: 31
mean edges/node:  1.245  mean count/edge: 19

Window=3 Iteration=4
Time for building model:         4 minutes 33 seconds
Time for sampling (singles):     28 seconds
DAG statistics
mean edges/level: 6      max edges/level: 29
mean edges/node:  1.216  mean count/edge: 19

Window=3 Iteration=5
Time for building model:         2 minutes 55 seconds
Time for sampling (singles):     25 seconds
DAG statistics
mean edges/level: 6      max edges/level: 33
mean edges/node:  1.192  mean count/edge: 19

Window=3 Iteration=6
Time for building model:         2 minutes 56 seconds
Time for sampling (singles):     8 seconds
DAG statistics
mean edges/level: 6      max edges/level: 22
mean edges/node:  1.196  mean count/edge: 19

Window=3 Iteration=7
Time for building model:         3 minutes 4 seconds
Time for sampling (singles):     26 seconds
DAG statistics
mean edges/level: 6      max edges/level: 33
mean edges/node:  1.181  mean count/edge: 19

Window=3 Iteration=8
Time for building model:         3 minutes 11 seconds
Time for sampling (singles):     5 seconds
DAG statistics
mean edges/level: 6      max edges/level: 25
mean edges/node:  1.183  mean count/edge: 19

Window=3 Iteration=9
Time for building model:         2 minutes 58 seconds
Time for sampling (singles):     6 seconds
DAG statistics
mean edges/level: 7      max edges/level: 34
mean edges/node:  1.169  mean count/edge: 17

Window=3 Iteration=10
Time for building model:         2 minutes 44 seconds
Time for sampling (singles):     5 seconds
DAG statistics
mean edges/level: 6      max edges/level: 26
mean edges/node:  1.175  mean count/edge: 19

Starting phasing iterations

Window=3 Iteration=11
Time for building model:         1 minute 8 seconds
Time for sampling (singles):     4 minutes 50 seconds
DAG statistics
mean edges/level: 8      max edges/level: 33
mean edges/node:  1.140  mean count/edge: 15

Window=3 Iteration=12
Time for building model:         1 minute 58 seconds
Time for sampling (singles):     4 minutes 42 seconds
DAG statistics
mean edges/level: 10     max edges/level: 29
mean edges/node:  1.124  mean count/edge: 12

Window=3 Iteration=13
Time for building model:         1 minute 32 seconds
Time for sampling (singles):     3 minutes 38 seconds
DAG statistics
mean edges/level: 15     max edges/level: 33
mean edges/node:  1.086  mean count/edge: 8

Window=3 Iteration=14
Time for building model:         1 minute 17 seconds
Time for sampling (singles):     3 minutes 50 seconds
DAG statistics
mean edges/level: 18     max edges/level: 37
mean edges/node:  1.067  mean count/edge: 6

Window=3 Iteration=15
Time for building model:         1 minute 42 seconds
Time for sampling (singles):     3 minutes 26 seconds
DAG statistics
mean edges/level: 19     max edges/level: 35
mean edges/node:  1.057  mean count/edge: 6

Window 4 [ NC_037333.1:48867138-64777622 ]
target markers:      50000

Starting burn-in iterations

Window=4 Iteration=1
Time for building model:         2 minutes 28 seconds
Time for sampling (singles):     15 seconds
DAG statistics
mean edges/level: 7      max edges/level: 32
mean edges/node:  1.627  mean count/edge: 17

Window=4 Iteration=2
Time for building model:         2 minutes 12 seconds
Time for sampling (singles):     5 seconds
DAG statistics
mean edges/level: 6      max edges/level: 20
mean edges/node:  1.450  mean count/edge: 19

Window=4 Iteration=3
Time for building model:         2 minutes 30 seconds
Time for sampling (singles):     9 seconds
DAG statistics
mean edges/level: 6      max edges/level: 32
mean edges/node:  1.253  mean count/edge: 19

Window=4 Iteration=4
Time for building model:         2 minutes 36 seconds
Time for sampling (singles):     8 seconds
DAG statistics
mean edges/level: 5      max edges/level: 20
mean edges/node:  1.227  mean count/edge: 23

Window=4 Iteration=5
Time for building model:         3 minutes 35 seconds
Time for sampling (singles):     12 seconds
DAG statistics
mean edges/level: 6      max edges/level: 32
mean edges/node:  1.195  mean count/edge: 19

Window=4 Iteration=6
Time for building model:         3 minutes 47 seconds
Time for sampling (singles):     28 seconds
DAG statistics
mean edges/level: 6      max edges/level: 21
mean edges/node:  1.199  mean count/edge: 19

Window=4 Iteration=7
Time for building model:         4 minutes 41 seconds
Time for sampling (singles):     18 seconds
DAG statistics
mean edges/level: 6      max edges/level: 33
mean edges/node:  1.180  mean count/edge: 19

Window=4 Iteration=8
Time for building model:         3 minutes 29 seconds
Time for sampling (singles):     14 seconds
DAG statistics
mean edges/level: 6      max edges/level: 21
mean edges/node:  1.188  mean count/edge: 19

Window=4 Iteration=9
Time for building model:         3 minutes 31 seconds
Time for sampling (singles):     20 seconds
DAG statistics
mean edges/level: 6      max edges/level: 31
mean edges/node:  1.174  mean count/edge: 19

Window=4 Iteration=10
Time for building model:         2 minutes 31 seconds
Time for sampling (singles):     11 seconds
DAG statistics
mean edges/level: 6      max edges/level: 22
mean edges/node:  1.181  mean count/edge: 19

Starting phasing iterations

Window=4 Iteration=11
Time for building model:         1 minute 30 seconds
Time for sampling (singles):     4 minutes 14 seconds
DAG statistics
mean edges/level: 7      max edges/level: 34
mean edges/node:  1.167  mean count/edge: 17

Window=4 Iteration=12
Time for building model:         1 minute 20 seconds
Time for sampling (singles):     4 minutes 23 seconds
DAG statistics
mean edges/level: 9      max edges/level: 29
mean edges/node:  1.139  mean count/edge: 13

Window=4 Iteration=13
Time for building model:         1 minute 31 seconds
Time for sampling (singles):     3 minutes 50 seconds
DAG statistics
mean edges/level: 8      max edges/level: 34
mean edges/node:  1.141  mean count/edge: 15

Window=4 Iteration=14
Time for building model:         1 minute 48 seconds
Time for sampling (singles):     4 minutes 28 seconds
DAG statistics
mean edges/level: 15     max edges/level: 32
mean edges/node:  1.089  mean count/edge: 8

Window=4 Iteration=15
Time for building model:         2 minutes 31 seconds
Time for sampling (singles):     4 minutes 38 seconds
DAG statistics
mean edges/level: 17     max edges/level: 35
mean edges/node:  1.068  mean count/edge: 7

Window 5 [ NC_037333.1:63626845-80723202 ]
target markers:      50000

Starting burn-in iterations

Window=5 Iteration=1
Time for building model:         5 minutes 50 seconds
Time for sampling (singles):     39 seconds
DAG statistics
mean edges/level: 7      max edges/level: 29
mean edges/node:  1.628  mean count/edge: 17

Window=5 Iteration=2
Time for building model:         3 minutes 59 seconds
Time for sampling (singles):     28 seconds
DAG statistics
mean edges/level: 6      max edges/level: 20
mean edges/node:  1.461  mean count/edge: 19

Window=5 Iteration=3
Time for building model:         2 minutes 52 seconds
Time for sampling (singles):     10 seconds
DAG statistics
mean edges/level: 6      max edges/level: 27
mean edges/node:  1.265  mean count/edge: 19

Window=5 Iteration=4
Time for building model:         3 minutes 22 seconds
Time for sampling (singles):     9 seconds
DAG statistics
mean edges/level: 5      max edges/level: 22
mean edges/node:  1.232  mean count/edge: 23

Window=5 Iteration=5
Time for building model:         2 minutes 56 seconds
Time for sampling (singles):     11 seconds
DAG statistics
mean edges/level: 6      max edges/level: 28
mean edges/node:  1.206  mean count/edge: 19

Window=5 Iteration=6
Time for building model:         3 minutes 4 seconds
Time for sampling (singles):     7 seconds
DAG statistics
mean edges/level: 5      max edges/level: 21
mean edges/node:  1.205  mean count/edge: 23

Window=5 Iteration=7
Time for building model:         2 minutes 56 seconds
Time for sampling (singles):     7 seconds
DAG statistics
mean edges/level: 6      max edges/level: 29
mean edges/node:  1.192  mean count/edge: 19

Window=5 Iteration=8
Time for building model:         3 minutes 4 seconds
Time for sampling (singles):     12 seconds
DAG statistics
mean edges/level: 5      max edges/level: 21
mean edges/node:  1.197  mean count/edge: 23

Window=5 Iteration=9
Time for building model:         3 minutes 2 seconds
Time for sampling (singles):     16 seconds
DAG statistics
mean edges/level: 6      max edges/level: 28
mean edges/node:  1.184  mean count/edge: 19

Window=5 Iteration=10
Time for building model:         3 minutes 30 seconds
Time for sampling (singles):     22 seconds
DAG statistics
mean edges/level: 5      max edges/level: 22
mean edges/node:  1.191  mean count/edge: 23

Starting phasing iterations

Window=5 Iteration=11
Time for building model:         1 minute 41 seconds
Time for sampling (singles):     5 minutes 30 seconds
DAG statistics
mean edges/level: 7      max edges/level: 27
mean edges/node:  1.175  mean count/edge: 17

Window=5 Iteration=12
Time for building model:         2 minutes 9 seconds
Time for sampling (singles):     5 minutes 9 seconds
DAG statistics
mean edges/level: 7      max edges/level: 28
mean edges/node:  1.171  mean count/edge: 17

Window=5 Iteration=13
Time for building model:         1 minute 57 seconds
Time for sampling (singles):     5 minutes 42 seconds
DAG statistics
mean edges/level: 9      max edges/level: 28
mean edges/node:  1.137  mean count/edge: 13

Window=5 Iteration=14
Time for building model:         1 minute 42 seconds
Time for sampling (singles):     4 minutes 49 seconds
DAG statistics
mean edges/level: 15     max edges/level: 32
mean edges/node:  1.091  mean count/edge: 8

Window=5 Iteration=15
Time for building model:         1 minute 47 seconds
Time for sampling (singles):     5 minutes 8 seconds
DAG statistics
mean edges/level: 16     max edges/level: 37
mean edges/node:  1.074  mean count/edge: 7

Window 6 [ NC_037333.1:79897321-94327773 ]
target markers:      50000

Starting burn-in iterations

Window=6 Iteration=1
Time for building model:         6 minutes 31 seconds
Time for sampling (singles):     48 seconds
DAG statistics
mean edges/level: 7      max edges/level: 37
mean edges/node:  1.625  mean count/edge: 17

Window=6 Iteration=2
Time for building model:         3 minutes 16 seconds
Time for sampling (singles):     18 seconds
DAG statistics
mean edges/level: 6      max edges/level: 21
mean edges/node:  1.464  mean count/edge: 19

Window=6 Iteration=3
Time for building model:         3 minutes 30 seconds
Time for sampling (singles):     22 seconds
DAG statistics
mean edges/level: 5      max edges/level: 34
mean edges/node:  1.277  mean count/edge: 23

Window=6 Iteration=4
Time for building model:         2 minutes 55 seconds
Time for sampling (singles):     12 seconds
DAG statistics
mean edges/level: 5      max edges/level: 24
mean edges/node:  1.253  mean count/edge: 23

Window=6 Iteration=5
Time for building model:         2 minutes 28 seconds
Time for sampling (singles):     16 seconds
DAG statistics
mean edges/level: 5      max edges/level: 32
mean edges/node:  1.222  mean count/edge: 23

Window=6 Iteration=6
Time for building model:         2 minutes 52 seconds
Time for sampling (singles):     20 seconds
DAG statistics
mean edges/level: 5      max edges/level: 21
mean edges/node:  1.228  mean count/edge: 23

Window=6 Iteration=7
Time for building model:         2 minutes 17 seconds
Time for sampling (singles):     6 seconds
DAG statistics
mean edges/level: 5      max edges/level: 27
mean edges/node:  1.209  mean count/edge: 23

Window=6 Iteration=8
Time for building model:         2 minutes 0 seconds
Time for sampling (singles):     8 seconds
DAG statistics
mean edges/level: 5      max edges/level: 32
mean edges/node:  1.214  mean count/edge: 23

Window=6 Iteration=9
Time for building model:         1 minute 51 seconds
Time for sampling (singles):     6 seconds
DAG statistics
mean edges/level: 6      max edges/level: 31
mean edges/node:  1.199  mean count/edge: 19

Window=6 Iteration=10
Time for building model:         1 minute 41 seconds
Time for sampling (singles):     6 seconds
DAG statistics
mean edges/level: 5      max edges/level: 22
mean edges/node:  1.210  mean count/edge: 23

Starting phasing iterations

Window=6 Iteration=11
Time for building model:         46 seconds
Time for sampling (singles):     2 minutes 59 seconds
DAG statistics
mean edges/level: 7      max edges/level: 31
mean edges/node:  1.183  mean count/edge: 17

Window=6 Iteration=12
Time for building model:         41 seconds
Time for sampling (singles):     2 minutes 59 seconds
DAG statistics
mean edges/level: 7      max edges/level: 30
mean edges/node:  1.189  mean count/edge: 17

Window=6 Iteration=13
Time for building model:         46 seconds
Time for sampling (singles):     2 minutes 55 seconds
DAG statistics
mean edges/level: 8      max edges/level: 29
mean edges/node:  1.172  mean count/edge: 15

Window=6 Iteration=14
Time for building model:         53 seconds
Time for sampling (singles):     2 minutes 44 seconds
DAG statistics
mean edges/level: 14     max edges/level: 32
mean edges/node:  1.105  mean count/edge: 8

Window=6 Iteration=15
Time for building model:         48 seconds
Time for sampling (singles):     2 minutes 15 seconds
DAG statistics
mean edges/level: 15     max edges/level: 35
mean edges/node:  1.090  mean count/edge: 8

Window 7 [ NC_037333.1:93479803-106556183 ]
target markers:      50000

Starting burn-in iterations

Window=7 Iteration=1
Time for building model:         1 minute 21 seconds
Time for sampling (singles):     5 seconds
DAG statistics
mean edges/level: 7      max edges/level: 29
mean edges/node:  1.641  mean count/edge: 17

Window=7 Iteration=2
Time for building model:         1 minute 31 seconds
Time for sampling (singles):     5 seconds
DAG statistics
mean edges/level: 6      max edges/level: 20
mean edges/node:  1.458  mean count/edge: 19

Window=7 Iteration=3
Time for building model:         1 minute 36 seconds
Time for sampling (singles):     5 seconds
DAG statistics
mean edges/level: 6      max edges/level: 29
mean edges/node:  1.264  mean count/edge: 19

Window=7 Iteration=4
Time for building model:         1 minute 34 seconds
Time for sampling (singles):     9 seconds
DAG statistics
mean edges/level: 6      max edges/level: 22
mean edges/node:  1.220  mean count/edge: 19

Window=7 Iteration=5
Time for building model:         2 minutes 40 seconds
Time for sampling (singles):     17 seconds
DAG statistics
mean edges/level: 6      max edges/level: 28
mean edges/node:  1.201  mean count/edge: 19

Window=7 Iteration=6
Time for building model:         2 minutes 16 seconds
Time for sampling (singles):     21 seconds
DAG statistics
mean edges/level: 6      max edges/level: 22
mean edges/node:  1.194  mean count/edge: 19

Window=7 Iteration=7
Time for building model:         2 minutes 11 seconds
Time for sampling (singles):     19 seconds
DAG statistics
mean edges/level: 6      max edges/level: 28
mean edges/node:  1.186  mean count/edge: 19

Window=7 Iteration=8
Time for building model:         2 minutes 37 seconds
Time for sampling (singles):     10 seconds
DAG statistics
mean edges/level: 6      max edges/level: 21
mean edges/node:  1.191  mean count/edge: 19

Window=7 Iteration=9
Time for building model:         2 minutes 4 seconds
Time for sampling (singles):     9 seconds
DAG statistics
mean edges/level: 6      max edges/level: 27
mean edges/node:  1.179  mean count/edge: 19

Window=7 Iteration=10
Time for building model:         2 minutes 56 seconds
Time for sampling (singles):     12 seconds
DAG statistics
mean edges/level: 6      max edges/level: 21
mean edges/node:  1.183  mean count/edge: 19

Starting phasing iterations

Window=7 Iteration=11
Time for building model:         58 seconds
Time for sampling (singles):     3 minutes 19 seconds
DAG statistics
mean edges/level: 7      max edges/level: 29
mean edges/node:  1.157  mean count/edge: 17

Window=7 Iteration=12
Time for building model:         1 minute 28 seconds
Time for sampling (singles):     3 minutes 28 seconds
DAG statistics
mean edges/level: 13     max edges/level: 31
mean edges/node:  1.108  mean count/edge: 9

Window=7 Iteration=13
Time for building model:         2 minutes 1 second
Time for sampling (singles):     4 minutes 7 seconds
DAG statistics
mean edges/level: 16     max edges/level: 38
mean edges/node:  1.082  mean count/edge: 7

Window=7 Iteration=14
Time for building model:         2 minutes 11 seconds
Time for sampling (singles):     3 minutes 30 seconds
DAG statistics
mean edges/level: 18     max edges/level: 36
mean edges/node:  1.066  mean count/edge: 6

Window=7 Iteration=15
Time for building model:         1 minute 20 seconds
Time for sampling (singles):     3 minutes 23 seconds
DAG statistics
mean edges/level: 20     max edges/level: 37
mean edges/node:  1.056  mean count/edge: 6

Window 8 [ NC_037333.1:105760250-117378583 ]
target markers:      50000

Starting burn-in iterations

Window=8 Iteration=1
Time for building model:         2 minutes 42 seconds
Time for sampling (singles):     23 seconds
DAG statistics
mean edges/level: 7      max edges/level: 31
mean edges/node:  1.612  mean count/edge: 17

Window=8 Iteration=2
Time for building model:         2 minutes 44 seconds
Time for sampling (singles):     24 seconds
DAG statistics
mean edges/level: 6      max edges/level: 20
mean edges/node:  1.499  mean count/edge: 19

Window=8 Iteration=3
Time for building model:         2 minutes 15 seconds
Time for sampling (singles):     12 seconds
DAG statistics
mean edges/level: 6      max edges/level: 32
mean edges/node:  1.286  mean count/edge: 19

Window=8 Iteration=4
Time for building model:         1 minute 35 seconds
Time for sampling (singles):     7 seconds
DAG statistics
mean edges/level: 5      max edges/level: 21
mean edges/node:  1.270  mean count/edge: 23

Window=8 Iteration=5
Time for building model:         2 minutes 16 seconds
Time for sampling (singles):     4 seconds
DAG statistics
mean edges/level: 6      max edges/level: 32
mean edges/node:  1.217  mean count/edge: 19

Window=8 Iteration=6
Time for building model:         1 minute 48 seconds
Time for sampling (singles):     9 seconds
DAG statistics
mean edges/level: 5      max edges/level: 19
mean edges/node:  1.233  mean count/edge: 23

Window=8 Iteration=7
Time for building model:         1 minute 37 seconds
Time for sampling (singles):     5 seconds
DAG statistics
mean edges/level: 6      max edges/level: 31
mean edges/node:  1.199  mean count/edge: 19

Window=8 Iteration=8
Time for building model:         1 minute 37 seconds
Time for sampling (singles):     4 seconds
DAG statistics
mean edges/level: 5      max edges/level: 21
mean edges/node:  1.219  mean count/edge: 23

Window=8 Iteration=9
Time for building model:         2 minutes 6 seconds
Time for sampling (singles):     9 seconds
DAG statistics
mean edges/level: 6      max edges/level: 32
mean edges/node:  1.191  mean count/edge: 19

Window=8 Iteration=10
Time for building model:         1 minute 40 seconds
Time for sampling (singles):     5 seconds
DAG statistics
mean edges/level: 5      max edges/level: 21
mean edges/node:  1.211  mean count/edge: 23

Starting phasing iterations

Window=8 Iteration=11
Time for building model:         54 seconds
Time for sampling (singles):     2 minutes 49 seconds
DAG statistics
mean edges/level: 8      max edges/level: 31
mean edges/node:  1.155  mean count/edge: 15

Window=8 Iteration=12
Time for building model:         1 minute 0 seconds
Time for sampling (singles):     2 minutes 25 seconds
DAG statistics
mean edges/level: 7      max edges/level: 25
mean edges/node:  1.177  mean count/edge: 17

Window=8 Iteration=13
Time for building model:         59 seconds
Time for sampling (singles):     2 minutes 39 seconds
DAG statistics
mean edges/level: 14     max edges/level: 32
mean edges/node:  1.105  mean count/edge: 8

Window=8 Iteration=14
Time for building model:         1 minute 5 seconds
Time for sampling (singles):     2 minutes 28 seconds
DAG statistics
mean edges/level: 16     max edges/level: 34
mean edges/node:  1.081  mean count/edge: 7

Window=8 Iteration=15
Time for building model:         1 minute 0 seconds
Time for sampling (singles):     2 minutes 59 seconds
DAG statistics
mean edges/level: 18     max edges/level: 34
mean edges/node:  1.067  mean count/edge: 6

Window 9 [ NC_037333.1:116714906-117795141 ]
target markers:       4487

Starting burn-in iterations

Window=9 Iteration=1
Time for building model:         11 seconds
Time for sampling (singles):     1 second
DAG statistics
mean edges/level: 9      max edges/level: 31
mean edges/node:  1.282  mean count/edge: 13

Window=9 Iteration=2
Time for building model:         11 seconds
Time for sampling (singles):     3 seconds
DAG statistics
mean edges/level: 9      max edges/level: 32
mean edges/node:  1.279  mean count/edge: 13

Window=9 Iteration=3
Time for building model:         16 seconds
Time for sampling (singles):     0 seconds
DAG statistics
mean edges/level: 9      max edges/level: 28
mean edges/node:  1.233  mean count/edge: 13

Window=9 Iteration=4
Time for building model:         4 seconds
Time for sampling (singles):     1 second
DAG statistics
mean edges/level: 6      max edges/level: 21
mean edges/node:  1.333  mean count/edge: 19

Window=9 Iteration=5
Time for building model:         15 seconds
Time for sampling (singles):     1 second
DAG statistics
mean edges/level: 9      max edges/level: 27
mean edges/node:  1.203  mean count/edge: 13

Window=9 Iteration=6
Time for building model:         13 seconds
Time for sampling (singles):     0 seconds
DAG statistics
mean edges/level: 6      max edges/level: 21
mean edges/node:  1.283  mean count/edge: 19

Window=9 Iteration=7
Time for building model:         6 seconds
Time for sampling (singles):     0 seconds
DAG statistics
mean edges/level: 9      max edges/level: 29
mean edges/node:  1.181  mean count/edge: 13

Window=9 Iteration=8
Time for building model:         8 seconds
Time for sampling (singles):     1 second
DAG statistics
mean edges/level: 9      max edges/level: 33
mean edges/node:  1.186  mean count/edge: 13

Window=9 Iteration=9
Time for building model:         6 seconds
Time for sampling (singles):     1 second
DAG statistics
mean edges/level: 9      max edges/level: 29
mean edges/node:  1.176  mean count/edge: 13

Window=9 Iteration=10
Time for building model:         6 seconds
Time for sampling (singles):     3 seconds
DAG statistics
mean edges/level: 9      max edges/level: 28
mean edges/node:  1.175  mean count/edge: 13

Starting phasing iterations

Window=9 Iteration=11
Time for building model:         1 second
Time for sampling (singles):     12 seconds
DAG statistics
mean edges/level: 12     max edges/level: 30
mean edges/node:  1.157  mean count/edge: 10

Window=9 Iteration=12
Time for building model:         6 seconds
Time for sampling (singles):     19 seconds
DAG statistics
mean edges/level: 13     max edges/level: 27
mean edges/node:  1.148  mean count/edge: 9

Window=9 Iteration=13
Time for building model:         4 seconds
Time for sampling (singles):     29 seconds
DAG statistics
mean edges/level: 14     max edges/level: 29
mean edges/node:  1.136  mean count/edge: 8

Window=9 Iteration=14
Time for building model:         3 seconds
Time for sampling (singles):     27 seconds
DAG statistics
mean edges/level: 15     max edges/level: 33
mean edges/node:  1.123  mean count/edge: 8

Window=9 Iteration=15
Time for building model:         5 seconds
Time for sampling (singles):     14 seconds
DAG statistics
mean edges/level: 16     max edges/level: 30
mean edges/node:  1.114  mean count/edge: 7

Number of markers:              380487
Total time for building model: 3 hours 48 minutes 39 seconds
Total time for sampling:       2 hours 26 minutes 54 seconds
Total run time:                6 hours 33 minutes 47 seconds

End time: 01:34 AM CEST on 05 Apr 2024
beagle.27Jan18.7e1.jar (version 4.1) finished
