beagle.27Jan18.7e1.jar (version 4.1)
Copyright (C) 2014-2015 Brian L. Browning
Enter "java -jar beagle.27Jan18.7e1.jar" for a summary of command line arguments.
Start time: 06:59 PM CEST on 04 Apr 2024

Command line: java -Xmx54613m -jar beagle.jar
  gl=results/gl/Bostau9_tragmain2_sites_variable_noindels_renamed_Tstr.bcf.gz.NC_037341.1.vcf.gz
  chrom=NC_037341.1
  out=results/imputed/Bostau9_tragmain2_sites_variable_noindels_renamed_Tstr.bcf.gz.NC_037341.1
  nthreads=6

No genetic map is specified: using 1 cM = 1 Mb

reference samples:       0
target samples:         58

Window 1 [ NC_037341.1:1573-14654545 ]
target markers:      50000

Starting burn-in iterations

Window=1 Iteration=1
Time for building model:         5 seconds
Time for sampling (singles):     4 seconds
DAG statistics
mean edges/level: 6      max edges/level: 17
mean edges/node:  1.735  mean count/edge: 19

Window=1 Iteration=2
Time for building model:         3 seconds
Time for sampling (singles):     5 seconds
DAG statistics
mean edges/level: 6      max edges/level: 20
mean edges/node:  1.522  mean count/edge: 19

Window=1 Iteration=3
Time for building model:         7 seconds
Time for sampling (singles):     3 seconds
DAG statistics
mean edges/level: 5      max edges/level: 18
mean edges/node:  1.337  mean count/edge: 23

Window=1 Iteration=4
Time for building model:         2 seconds
Time for sampling (singles):     4 seconds
DAG statistics
mean edges/level: 5      max edges/level: 22
mean edges/node:  1.277  mean count/edge: 23

Window=1 Iteration=5
Time for building model:         2 seconds
Time for sampling (singles):     4 seconds
DAG statistics
mean edges/level: 5      max edges/level: 20
mean edges/node:  1.257  mean count/edge: 23

Window=1 Iteration=6
Time for building model:         1 second
Time for sampling (singles):     4 seconds
DAG statistics
mean edges/level: 6      max edges/level: 23
mean edges/node:  1.238  mean count/edge: 19

Window=1 Iteration=7
Time for building model:         13 seconds
Time for sampling (singles):     3 seconds
DAG statistics
mean edges/level: 5      max edges/level: 20
mean edges/node:  1.234  mean count/edge: 23

Window=1 Iteration=8
Time for building model:         18 seconds
Time for sampling (singles):     3 seconds
DAG statistics
mean edges/level: 6      max edges/level: 22
mean edges/node:  1.222  mean count/edge: 19

Window=1 Iteration=9
Time for building model:         2 seconds
Time for sampling (singles):     3 seconds
DAG statistics
mean edges/level: 5      max edges/level: 25
mean edges/node:  1.224  mean count/edge: 23

Window=1 Iteration=10
Time for building model:         2 seconds
Time for sampling (singles):     5 seconds
DAG statistics
mean edges/level: 6      max edges/level: 29
mean edges/node:  1.215  mean count/edge: 19

Starting phasing iterations

Window=1 Iteration=11
Time for building model:         14 seconds
Time for sampling (singles):     32 seconds
DAG statistics
mean edges/level: 7      max edges/level: 25
mean edges/node:  1.191  mean count/edge: 17

Window=1 Iteration=12
Time for building model:         5 seconds
Time for sampling (singles):     8 seconds
DAG statistics
mean edges/level: 7      max edges/level: 27
mean edges/node:  1.175  mean count/edge: 17

Window=1 Iteration=13
Time for building model:         10 seconds
Time for sampling (singles):     6 seconds
DAG statistics
mean edges/level: 12     max edges/level: 29
mean edges/node:  1.122  mean count/edge: 10

Window=1 Iteration=14
Time for building model:         13 seconds
Time for sampling (singles):     13 seconds
DAG statistics
mean edges/level: 16     max edges/level: 34
mean edges/node:  1.089  mean count/edge: 7

Window=1 Iteration=15
Time for building model:         4 seconds
Time for sampling (singles):     6 seconds
DAG statistics
mean edges/level: 18     max edges/level: 39
mean edges/node:  1.071  mean count/edge: 6

Window 2 [ NC_037341.1:13881027-29670220 ]
target markers:      50000

Starting burn-in iterations

Window=2 Iteration=1
Time for building model:         3 seconds
Time for sampling (singles):     5 seconds
DAG statistics
mean edges/level: 7      max edges/level: 32
mean edges/node:  1.621  mean count/edge: 17

Window=2 Iteration=2
Time for building model:         2 seconds
Time for sampling (singles):     4 seconds
DAG statistics
mean edges/level: 6      max edges/level: 19
mean edges/node:  1.464  mean count/edge: 19

Window=2 Iteration=3
Time for building model:         2 seconds
Time for sampling (singles):     4 seconds
DAG statistics
mean edges/level: 6      max edges/level: 31
mean edges/node:  1.271  mean count/edge: 19

Window=2 Iteration=4
Time for building model:         2 seconds
Time for sampling (singles):     3 seconds
DAG statistics
mean edges/level: 6      max edges/level: 19
mean edges/node:  1.243  mean count/edge: 19

Window=2 Iteration=5
Time for building model:         2 seconds
Time for sampling (singles):     4 seconds
DAG statistics
mean edges/level: 6      max edges/level: 32
mean edges/node:  1.209  mean count/edge: 19

Window=2 Iteration=6
Time for building model:         2 seconds
Time for sampling (singles):     4 seconds
DAG statistics
mean edges/level: 6      max edges/level: 24
mean edges/node:  1.206  mean count/edge: 19

Window=2 Iteration=7
Time for building model:         2 seconds
Time for sampling (singles):     4 seconds
DAG statistics
mean edges/level: 6      max edges/level: 34
mean edges/node:  1.189  mean count/edge: 19

Window=2 Iteration=8
Time for building model:         2 seconds
Time for sampling (singles):     4 seconds
DAG statistics
mean edges/level: 6      max edges/level: 21
mean edges/node:  1.200  mean count/edge: 19

Window=2 Iteration=9
Time for building model:         2 seconds
Time for sampling (singles):     4 seconds
DAG statistics
mean edges/level: 6      max edges/level: 30
mean edges/node:  1.190  mean count/edge: 19

Window=2 Iteration=10
Time for building model:         2 seconds
Time for sampling (singles):     5 seconds
DAG statistics
mean edges/level: 6      max edges/level: 24
mean edges/node:  1.191  mean count/edge: 19

Starting phasing iterations

Window=2 Iteration=11
Time for building model:         4 seconds
Time for sampling (singles):     58 seconds
DAG statistics
mean edges/level: 7      max edges/level: 31
mean edges/node:  1.172  mean count/edge: 17

Window=2 Iteration=12
Time for building model:         50 seconds
Time for sampling (singles):     3 minutes 12 seconds
DAG statistics
mean edges/level: 9      max edges/level: 30
mean edges/node:  1.148  mean count/edge: 13

Window=2 Iteration=13
Time for building model:         1 minute 20 seconds
Time for sampling (singles):     3 minutes 7 seconds
DAG statistics
mean edges/level: 15     max edges/level: 32
mean edges/node:  1.099  mean count/edge: 8

Window=2 Iteration=14
Time for building model:         1 minute 4 seconds
Time for sampling (singles):     3 minutes 56 seconds
DAG statistics
mean edges/level: 17     max edges/level: 35
mean edges/node:  1.077  mean count/edge: 7

Window=2 Iteration=15
Time for building model:         2 minutes 2 seconds
Time for sampling (singles):     3 minutes 23 seconds
DAG statistics
mean edges/level: 19     max edges/level: 38
mean edges/node:  1.063  mean count/edge: 6

Window 3 [ NC_037341.1:28616864-46877089 ]
target markers:      50000

Starting burn-in iterations

Window=3 Iteration=1
Time for building model:         6 minutes 23 seconds
Time for sampling (singles):     38 seconds
DAG statistics
mean edges/level: 7      max edges/level: 33
mean edges/node:  1.624  mean count/edge: 17

Window=3 Iteration=2
Time for building model:         4 minutes 10 seconds
Time for sampling (singles):     46 seconds
DAG statistics
mean edges/level: 6      max edges/level: 22
mean edges/node:  1.474  mean count/edge: 19

Window=3 Iteration=3
Time for building model:         5 minutes 15 seconds
Time for sampling (singles):     1 minute 11 seconds
DAG statistics
mean edges/level: 6      max edges/level: 34
mean edges/node:  1.269  mean count/edge: 19

Window=3 Iteration=4
Time for building model:         4 minutes 14 seconds
Time for sampling (singles):     17 seconds
DAG statistics
mean edges/level: 6      max edges/level: 22
mean edges/node:  1.239  mean count/edge: 19

Window=3 Iteration=5
Time for building model:         3 minutes 17 seconds
Time for sampling (singles):     20 seconds
DAG statistics
mean edges/level: 6      max edges/level: 34
mean edges/node:  1.208  mean count/edge: 19

Window=3 Iteration=6
Time for building model:         3 minutes 8 seconds
Time for sampling (singles):     11 seconds
DAG statistics
mean edges/level: 6      max edges/level: 22
mean edges/node:  1.213  mean count/edge: 19

Window=3 Iteration=7
Time for building model:         2 minutes 59 seconds
Time for sampling (singles):     8 seconds
DAG statistics
mean edges/level: 6      max edges/level: 37
mean edges/node:  1.193  mean count/edge: 19

Window=3 Iteration=8
Time for building model:         4 minutes 6 seconds
Time for sampling (singles):     13 seconds
DAG statistics
mean edges/level: 6      max edges/level: 21
mean edges/node:  1.204  mean count/edge: 19

Window=3 Iteration=9
Time for building model:         3 minutes 20 seconds
Time for sampling (singles):     15 seconds
DAG statistics
mean edges/level: 6      max edges/level: 36
mean edges/node:  1.187  mean count/edge: 19

Window=3 Iteration=10
Time for building model:         2 minutes 23 seconds
Time for sampling (singles):     11 seconds
DAG statistics
mean edges/level: 6      max edges/level: 22
mean edges/node:  1.196  mean count/edge: 19

Starting phasing iterations

Window=3 Iteration=11
Time for building model:         1 minute 35 seconds
Time for sampling (singles):     4 minutes 17 seconds
DAG statistics
mean edges/level: 9      max edges/level: 36
mean edges/node:  1.152  mean count/edge: 13

Window=3 Iteration=12
Time for building model:         2 minutes 24 seconds
Time for sampling (singles):     4 minutes 47 seconds
DAG statistics
mean edges/level: 9      max edges/level: 29
mean edges/node:  1.149  mean count/edge: 13

Window=3 Iteration=13
Time for building model:         2 minutes 26 seconds
Time for sampling (singles):     3 minutes 49 seconds
DAG statistics
mean edges/level: 15     max edges/level: 36
mean edges/node:  1.098  mean count/edge: 8

Window=3 Iteration=14
Time for building model:         1 minute 31 seconds
Time for sampling (singles):     3 minutes 27 seconds
DAG statistics
mean edges/level: 17     max edges/level: 36
mean edges/node:  1.077  mean count/edge: 7

Window=3 Iteration=15
Time for building model:         1 minute 18 seconds
Time for sampling (singles):     3 minutes 13 seconds
DAG statistics
mean edges/level: 19     max edges/level: 37
mean edges/node:  1.063  mean count/edge: 6

Window 4 [ NC_037341.1:45978875-62296337 ]
target markers:      50000

Starting burn-in iterations

Window=4 Iteration=1
Time for building model:         1 minute 58 seconds
Time for sampling (singles):     18 seconds
DAG statistics
mean edges/level: 7      max edges/level: 39
mean edges/node:  1.601  mean count/edge: 17

Window=4 Iteration=2
Time for building model:         2 minutes 20 seconds
Time for sampling (singles):     11 seconds
DAG statistics
mean edges/level: 6      max edges/level: 18
mean edges/node:  1.462  mean count/edge: 19

Window=4 Iteration=3
Time for building model:         2 minutes 34 seconds
Time for sampling (singles):     11 seconds
DAG statistics
mean edges/level: 6      max edges/level: 37
mean edges/node:  1.263  mean count/edge: 19

Window=4 Iteration=4
Time for building model:         2 minutes 42 seconds
Time for sampling (singles):     13 seconds
DAG statistics
mean edges/level: 5      max edges/level: 21
mean edges/node:  1.243  mean count/edge: 23

Window=4 Iteration=5
Time for building model:         3 minutes 34 seconds
Time for sampling (singles):     38 seconds
DAG statistics
mean edges/level: 6      max edges/level: 34
mean edges/node:  1.204  mean count/edge: 19

Window=4 Iteration=6
Time for building model:         2 minutes 52 seconds
Time for sampling (singles):     26 seconds
DAG statistics
mean edges/level: 6      max edges/level: 21
mean edges/node:  1.214  mean count/edge: 19

Window=4 Iteration=7
Time for building model:         3 minutes 50 seconds
Time for sampling (singles):     13 seconds
DAG statistics
mean edges/level: 6      max edges/level: 36
mean edges/node:  1.188  mean count/edge: 19

Window=4 Iteration=8
Time for building model:         4 minutes 19 seconds
Time for sampling (singles):     8 seconds
DAG statistics
mean edges/level: 6      max edges/level: 21
mean edges/node:  1.204  mean count/edge: 19

Window=4 Iteration=9
Time for building model:         2 minutes 51 seconds
Time for sampling (singles):     10 seconds
DAG statistics
mean edges/level: 6      max edges/level: 38
mean edges/node:  1.180  mean count/edge: 19

Window=4 Iteration=10
Time for building model:         3 minutes 35 seconds
Time for sampling (singles):     20 seconds
DAG statistics
mean edges/level: 6      max edges/level: 25
mean edges/node:  1.192  mean count/edge: 19

Starting phasing iterations

Window=4 Iteration=11
Time for building model:         1 minute 5 seconds
Time for sampling (singles):     4 minutes 26 seconds
DAG statistics
mean edges/level: 7      max edges/level: 34
mean edges/node:  1.171  mean count/edge: 17

Window=4 Iteration=12
Time for building model:         1 minute 52 seconds
Time for sampling (singles):     4 minutes 37 seconds
DAG statistics
mean edges/level: 7      max edges/level: 27
mean edges/node:  1.167  mean count/edge: 17

Window=4 Iteration=13
Time for building model:         1 minute 43 seconds
Time for sampling (singles):     4 minutes 22 seconds
DAG statistics
mean edges/level: 11     max edges/level: 36
mean edges/node:  1.121  mean count/edge: 11

Window=4 Iteration=14
Time for building model:         1 minute 26 seconds
Time for sampling (singles):     4 minutes 23 seconds
DAG statistics
mean edges/level: 13     max edges/level: 33
mean edges/node:  1.099  mean count/edge: 9

Window=4 Iteration=15
Time for building model:         1 minute 50 seconds
Time for sampling (singles):     4 minutes 47 seconds
DAG statistics
mean edges/level: 17     max edges/level: 37
mean edges/node:  1.073  mean count/edge: 7

Window 5 [ NC_037341.1:61332745-76123011 ]
target markers:      50000

Starting burn-in iterations

Window=5 Iteration=1
Time for building model:         8 minutes 0 seconds
Time for sampling (singles):     56 seconds
DAG statistics
mean edges/level: 7      max edges/level: 31
mean edges/node:  1.646  mean count/edge: 17

Window=5 Iteration=2
Time for building model:         3 minutes 27 seconds
Time for sampling (singles):     35 seconds
DAG statistics
mean edges/level: 6      max edges/level: 22
mean edges/node:  1.470  mean count/edge: 19

Window=5 Iteration=3
Time for building model:         2 minutes 47 seconds
Time for sampling (singles):     14 seconds
DAG statistics
mean edges/level: 6      max edges/level: 28
mean edges/node:  1.277  mean count/edge: 19

Window=5 Iteration=4
Time for building model:         3 minutes 4 seconds
Time for sampling (singles):     11 seconds
DAG statistics
mean edges/level: 6      max edges/level: 23
mean edges/node:  1.243  mean count/edge: 19

Window=5 Iteration=5
Time for building model:         3 minutes 8 seconds
Time for sampling (singles):     18 seconds
DAG statistics
mean edges/level: 6      max edges/level: 30
mean edges/node:  1.214  mean count/edge: 19

Window=5 Iteration=6
Time for building model:         2 minutes 45 seconds
Time for sampling (singles):     11 seconds
DAG statistics
mean edges/level: 6      max edges/level: 22
mean edges/node:  1.221  mean count/edge: 19

Window=5 Iteration=7
Time for building model:         3 minutes 3 seconds
Time for sampling (singles):     18 seconds
DAG statistics
mean edges/level: 6      max edges/level: 32
mean edges/node:  1.201  mean count/edge: 19

Window=5 Iteration=8
Time for building model:         3 minutes 19 seconds
Time for sampling (singles):     12 seconds
DAG statistics
mean edges/level: 6      max edges/level: 24
mean edges/node:  1.205  mean count/edge: 19

Window=5 Iteration=9
Time for building model:         3 minutes 26 seconds
Time for sampling (singles):     17 seconds
DAG statistics
mean edges/level: 6      max edges/level: 32
mean edges/node:  1.192  mean count/edge: 19

Window=5 Iteration=10
Time for building model:         3 minutes 7 seconds
Time for sampling (singles):     11 seconds
DAG statistics
mean edges/level: 6      max edges/level: 24
mean edges/node:  1.199  mean count/edge: 19

Starting phasing iterations

Window=5 Iteration=11
Time for building model:         1 minute 58 seconds
Time for sampling (singles):     5 minutes 25 seconds
DAG statistics
mean edges/level: 7      max edges/level: 31
mean edges/node:  1.169  mean count/edge: 17

Window=5 Iteration=12
Time for building model:         1 minute 50 seconds
Time for sampling (singles):     5 minutes 16 seconds
DAG statistics
mean edges/level: 7      max edges/level: 29
mean edges/node:  1.181  mean count/edge: 17

Window=5 Iteration=13
Time for building model:         2 minutes 34 seconds
Time for sampling (singles):     6 minutes 2 seconds
DAG statistics
mean edges/level: 14     max edges/level: 32
mean edges/node:  1.106  mean count/edge: 8

Window=5 Iteration=14
Time for building model:         2 minutes 3 seconds
Time for sampling (singles):     4 minutes 20 seconds
DAG statistics
mean edges/level: 16     max edges/level: 37
mean edges/node:  1.082  mean count/edge: 7

Window=5 Iteration=15
Time for building model:         2 minutes 12 seconds
Time for sampling (singles):     4 minutes 19 seconds
DAG statistics
mean edges/level: 19     max edges/level: 37
mean edges/node:  1.067  mean count/edge: 6

Window 6 [ NC_037341.1:75304030-82395478 ]
target markers:      29604

Starting burn-in iterations

Window=6 Iteration=1
Time for building model:         2 minutes 55 seconds
Time for sampling (singles):     12 seconds
DAG statistics
mean edges/level: 7      max edges/level: 32
mean edges/node:  1.596  mean count/edge: 17

Window=6 Iteration=2
Time for building model:         2 minutes 6 seconds
Time for sampling (singles):     17 seconds
DAG statistics
mean edges/level: 6      max edges/level: 19
mean edges/node:  1.498  mean count/edge: 19

Window=6 Iteration=3
Time for building model:         1 minute 41 seconds
Time for sampling (singles):     3 seconds
DAG statistics
mean edges/level: 6      max edges/level: 34
mean edges/node:  1.292  mean count/edge: 19

Window=6 Iteration=4
Time for building model:         1 minute 21 seconds
Time for sampling (singles):     2 seconds
DAG statistics
mean edges/level: 5      max edges/level: 20
mean edges/node:  1.289  mean count/edge: 23

Window=6 Iteration=5
Time for building model:         1 minute 57 seconds
Time for sampling (singles):     3 seconds
DAG statistics
mean edges/level: 6      max edges/level: 32
mean edges/node:  1.233  mean count/edge: 19

Window=6 Iteration=6
Time for building model:         1 minute 24 seconds
Time for sampling (singles):     10 seconds
DAG statistics
mean edges/level: 6      max edges/level: 22
mean edges/node:  1.252  mean count/edge: 19

Window=6 Iteration=7
Time for building model:         1 minute 57 seconds
Time for sampling (singles):     9 seconds
DAG statistics
mean edges/level: 6      max edges/level: 31
mean edges/node:  1.214  mean count/edge: 19

Window=6 Iteration=8
Time for building model:         1 minute 40 seconds
Time for sampling (singles):     4 seconds
DAG statistics
mean edges/level: 5      max edges/level: 27
mean edges/node:  1.238  mean count/edge: 23

Window=6 Iteration=9
Time for building model:         1 minute 49 seconds
Time for sampling (singles):     2 seconds
DAG statistics
mean edges/level: 6      max edges/level: 31
mean edges/node:  1.206  mean count/edge: 19

Window=6 Iteration=10
Time for building model:         1 minute 33 seconds
Time for sampling (singles):     4 seconds
DAG statistics
mean edges/level: 6      max edges/level: 25
mean edges/node:  1.225  mean count/edge: 19

Starting phasing iterations

Window=6 Iteration=11
Time for building model:         38 seconds
Time for sampling (singles):     1 minute 59 seconds
DAG statistics
mean edges/level: 8      max edges/level: 31
mean edges/node:  1.167  mean count/edge: 15

Window=6 Iteration=12
Time for building model:         26 seconds
Time for sampling (singles):     1 minute 50 seconds
DAG statistics
mean edges/level: 8      max edges/level: 27
mean edges/node:  1.177  mean count/edge: 15

Window=6 Iteration=13
Time for building model:         40 seconds
Time for sampling (singles):     1 minute 58 seconds
DAG statistics
mean edges/level: 14     max edges/level: 33
mean edges/node:  1.117  mean count/edge: 8

Window=6 Iteration=14
Time for building model:         30 seconds
Time for sampling (singles):     1 minute 18 seconds
DAG statistics
mean edges/level: 16     max edges/level: 32
mean edges/node:  1.094  mean count/edge: 7

Window=6 Iteration=15
Time for building model:         46 seconds
Time for sampling (singles):     1 minute 30 seconds
DAG statistics
mean edges/level: 18     max edges/level: 35
mean edges/node:  1.079  mean count/edge: 6

Number of markers:              264604
Total time for building model: 2 hours 42 minutes 26 seconds
Total time for sampling:       1 hour 44 minutes 42 seconds
Total run time:                4 hours 38 minutes 54 seconds

End time: 11:38 PM CEST on 04 Apr 2024
beagle.27Jan18.7e1.jar (version 4.1) finished
