beagle.27Jan18.7e1.jar (version 4.1)
Copyright (C) 2014-2015 Brian L. Browning
Enter "java -jar beagle.27Jan18.7e1.jar" for a summary of command line arguments.
Start time: 06:58 PM CEST on 04 Apr 2024

Command line: java -Xmx54613m -jar beagle.jar
  gl=results/gl/Bostau9_tragmain2_sites_variable_noindels_renamed_Tstr.bcf.gz.NC_037353.1.vcf.gz
  chrom=NC_037353.1
  out=results/imputed/Bostau9_tragmain2_sites_variable_noindels_renamed_Tstr.bcf.gz.NC_037353.1
  nthreads=6

No genetic map is specified: using 1 cM = 1 Mb

reference samples:       0
target samples:         58

Window 1 [ NC_037353.1:17030-16240096 ]
target markers:      50000

Starting burn-in iterations

Window=1 Iteration=1
Time for building model:         4 seconds
Time for sampling (singles):     3 seconds
DAG statistics
mean edges/level: 5      max edges/level: 17
mean edges/node:  1.782  mean count/edge: 23

Window=1 Iteration=2
Time for building model:         2 seconds
Time for sampling (singles):     3 seconds
DAG statistics
mean edges/level: 5      max edges/level: 17
mean edges/node:  1.584  mean count/edge: 23

Window=1 Iteration=3
Time for building model:         6 seconds
Time for sampling (singles):     2 seconds
DAG statistics
mean edges/level: 5      max edges/level: 19
mean edges/node:  1.411  mean count/edge: 23

Window=1 Iteration=4
Time for building model:         1 second
Time for sampling (singles):     3 seconds
DAG statistics
mean edges/level: 5      max edges/level: 21
mean edges/node:  1.349  mean count/edge: 23

Window=1 Iteration=5
Time for building model:         2 seconds
Time for sampling (singles):     3 seconds
DAG statistics
mean edges/level: 5      max edges/level: 18
mean edges/node:  1.329  mean count/edge: 23

Window=1 Iteration=6
Time for building model:         2 seconds
Time for sampling (singles):     3 seconds
DAG statistics
mean edges/level: 5      max edges/level: 23
mean edges/node:  1.312  mean count/edge: 23

Window=1 Iteration=7
Time for building model:         8 seconds
Time for sampling (singles):     3 seconds
DAG statistics
mean edges/level: 5      max edges/level: 18
mean edges/node:  1.305  mean count/edge: 23

Window=1 Iteration=8
Time for building model:         12 seconds
Time for sampling (singles):     3 seconds
DAG statistics
mean edges/level: 5      max edges/level: 22
mean edges/node:  1.295  mean count/edge: 23

Window=1 Iteration=9
Time for building model:         2 seconds
Time for sampling (singles):     3 seconds
DAG statistics
mean edges/level: 5      max edges/level: 19
mean edges/node:  1.292  mean count/edge: 23

Window=1 Iteration=10
Time for building model:         1 second
Time for sampling (singles):     3 seconds
DAG statistics
mean edges/level: 5      max edges/level: 23
mean edges/node:  1.285  mean count/edge: 23

Starting phasing iterations

Window=1 Iteration=11
Time for building model:         2 seconds
Time for sampling (singles):     26 seconds
DAG statistics
mean edges/level: 6      max edges/level: 21
mean edges/node:  1.272  mean count/edge: 19

Window=1 Iteration=12
Time for building model:         4 seconds
Time for sampling (singles):     14 seconds
DAG statistics
mean edges/level: 7      max edges/level: 29
mean edges/node:  1.247  mean count/edge: 17

Window=1 Iteration=13
Time for building model:         3 seconds
Time for sampling (singles):     35 seconds
DAG statistics
mean edges/level: 7      max edges/level: 23
mean edges/node:  1.248  mean count/edge: 17

Window=1 Iteration=14
Time for building model:         3 seconds
Time for sampling (singles):     8 seconds
DAG statistics
mean edges/level: 13     max edges/level: 33
mean edges/node:  1.146  mean count/edge: 9

Window=1 Iteration=15
Time for building model:         3 seconds
Time for sampling (singles):     9 seconds
DAG statistics
mean edges/level: 15     max edges/level: 32
mean edges/node:  1.117  mean count/edge: 8

Window 2 [ NC_037353.1:15126220-29966300 ]
target markers:      50000

Starting burn-in iterations

Window=2 Iteration=1
Time for building model:         2 seconds
Time for sampling (singles):     4 seconds
DAG statistics
mean edges/level: 7      max edges/level: 27
mean edges/node:  1.662  mean count/edge: 17

Window=2 Iteration=2
Time for building model:         2 seconds
Time for sampling (singles):     4 seconds
DAG statistics
mean edges/level: 6      max edges/level: 20
mean edges/node:  1.480  mean count/edge: 19

Window=2 Iteration=3
Time for building model:         1 second
Time for sampling (singles):     3 seconds
DAG statistics
mean edges/level: 5      max edges/level: 27
mean edges/node:  1.298  mean count/edge: 23

Window=2 Iteration=4
Time for building model:         25 seconds
Time for sampling (singles):     3 seconds
DAG statistics
mean edges/level: 5      max edges/level: 21
mean edges/node:  1.258  mean count/edge: 23

Window=2 Iteration=5
Time for building model:         6 seconds
Time for sampling (singles):     6 seconds
DAG statistics
mean edges/level: 5      max edges/level: 26
mean edges/node:  1.234  mean count/edge: 23

Window=2 Iteration=6
Time for building model:         5 seconds
Time for sampling (singles):     4 seconds
DAG statistics
mean edges/level: 5      max edges/level: 23
mean edges/node:  1.227  mean count/edge: 23

Window=2 Iteration=7
Time for building model:         4 seconds
Time for sampling (singles):     3 seconds
DAG statistics
mean edges/level: 6      max edges/level: 28
mean edges/node:  1.216  mean count/edge: 19

Window=2 Iteration=8
Time for building model:         3 seconds
Time for sampling (singles):     4 seconds
DAG statistics
mean edges/level: 5      max edges/level: 23
mean edges/node:  1.217  mean count/edge: 23

Window=2 Iteration=9
Time for building model:         1 minute 3 seconds
Time for sampling (singles):     6 seconds
DAG statistics
mean edges/level: 6      max edges/level: 29
mean edges/node:  1.208  mean count/edge: 19

Window=2 Iteration=10
Time for building model:         47 seconds
Time for sampling (singles):     7 seconds
DAG statistics
mean edges/level: 5      max edges/level: 28
mean edges/node:  1.210  mean count/edge: 23

Starting phasing iterations

Window=2 Iteration=11
Time for building model:         48 seconds
Time for sampling (singles):     3 minutes 25 seconds
DAG statistics
mean edges/level: 7      max edges/level: 28
mean edges/node:  1.194  mean count/edge: 17

Window=2 Iteration=12
Time for building model:         1 minute 5 seconds
Time for sampling (singles):     2 minutes 49 seconds
DAG statistics
mean edges/level: 7      max edges/level: 26
mean edges/node:  1.182  mean count/edge: 17

Window=2 Iteration=13
Time for building model:         54 seconds
Time for sampling (singles):     4 minutes 16 seconds
DAG statistics
mean edges/level: 9      max edges/level: 29
mean edges/node:  1.153  mean count/edge: 13

Window=2 Iteration=14
Time for building model:         1 minute 37 seconds
Time for sampling (singles):     4 minutes 23 seconds
DAG statistics
mean edges/level: 15     max edges/level: 37
mean edges/node:  1.099  mean count/edge: 8

Window=2 Iteration=15
Time for building model:         1 minute 43 seconds
Time for sampling (singles):     4 minutes 58 seconds
DAG statistics
mean edges/level: 17     max edges/level: 34
mean edges/node:  1.077  mean count/edge: 7

Window 3 [ NC_037353.1:29333081-42994425 ]
target markers:      50000

Starting burn-in iterations

Window=3 Iteration=1
Time for building model:         6 minutes 55 seconds
Time for sampling (singles):     31 seconds
DAG statistics
mean edges/level: 7      max edges/level: 28
mean edges/node:  1.624  mean count/edge: 17

Window=3 Iteration=2
Time for building model:         4 minutes 4 seconds
Time for sampling (singles):     35 seconds
DAG statistics
mean edges/level: 6      max edges/level: 19
mean edges/node:  1.481  mean count/edge: 19

Window=3 Iteration=3
Time for building model:         2 minutes 46 seconds
Time for sampling (singles):     29 seconds
DAG statistics
mean edges/level: 6      max edges/level: 29
mean edges/node:  1.265  mean count/edge: 19

Window=3 Iteration=4
Time for building model:         2 minutes 34 seconds
Time for sampling (singles):     9 seconds
DAG statistics
mean edges/level: 6      max edges/level: 27
mean edges/node:  1.238  mean count/edge: 19

Window=3 Iteration=5
Time for building model:         2 minutes 12 seconds
Time for sampling (singles):     18 seconds
DAG statistics
mean edges/level: 6      max edges/level: 26
mean edges/node:  1.204  mean count/edge: 19

Window=3 Iteration=6
Time for building model:         3 minutes 8 seconds
Time for sampling (singles):     24 seconds
DAG statistics
mean edges/level: 6      max edges/level: 26
mean edges/node:  1.208  mean count/edge: 19

Window=3 Iteration=7
Time for building model:         2 minutes 38 seconds
Time for sampling (singles):     17 seconds
DAG statistics
mean edges/level: 6      max edges/level: 28
mean edges/node:  1.190  mean count/edge: 19

Window=3 Iteration=8
Time for building model:         3 minutes 52 seconds
Time for sampling (singles):     27 seconds
DAG statistics
mean edges/level: 6      max edges/level: 25
mean edges/node:  1.196  mean count/edge: 19

Window=3 Iteration=9
Time for building model:         2 minutes 49 seconds
Time for sampling (singles):     27 seconds
DAG statistics
mean edges/level: 6      max edges/level: 28
mean edges/node:  1.183  mean count/edge: 19

Window=3 Iteration=10
Time for building model:         3 minutes 52 seconds
Time for sampling (singles):     30 seconds
DAG statistics
mean edges/level: 6      max edges/level: 21
mean edges/node:  1.196  mean count/edge: 19

Starting phasing iterations

Window=3 Iteration=11
Time for building model:         59 seconds
Time for sampling (singles):     5 minutes 7 seconds
DAG statistics
mean edges/level: 9      max edges/level: 31
mean edges/node:  1.136  mean count/edge: 13

Window=3 Iteration=12
Time for building model:         1 minute 11 seconds
Time for sampling (singles):     4 minutes 58 seconds
DAG statistics
mean edges/level: 9      max edges/level: 28
mean edges/node:  1.139  mean count/edge: 13

Window=3 Iteration=13
Time for building model:         1 minute 5 seconds
Time for sampling (singles):     4 minutes 36 seconds
DAG statistics
mean edges/level: 7      max edges/level: 31
mean edges/node:  1.149  mean count/edge: 17

Window=3 Iteration=14
Time for building model:         1 minute 20 seconds
Time for sampling (singles):     4 minutes 37 seconds
DAG statistics
mean edges/level: 15     max edges/level: 33
mean edges/node:  1.090  mean count/edge: 8

Window=3 Iteration=15
Time for building model:         1 minute 50 seconds
Time for sampling (singles):     3 minutes 46 seconds
DAG statistics
mean edges/level: 18     max edges/level: 35
mean edges/node:  1.070  mean count/edge: 6

Window 4 [ NC_037353.1:42289481-51989235 ]
target markers:      44740

Starting burn-in iterations

Window=4 Iteration=1
Time for building model:         4 minutes 8 seconds
Time for sampling (singles):     35 seconds
DAG statistics
mean edges/level: 7      max edges/level: 27
mean edges/node:  1.660  mean count/edge: 17

Window=4 Iteration=2
Time for building model:         2 minutes 50 seconds
Time for sampling (singles):     29 seconds
DAG statistics
mean edges/level: 6      max edges/level: 20
mean edges/node:  1.519  mean count/edge: 19

Window=4 Iteration=3
Time for building model:         3 minutes 3 seconds
Time for sampling (singles):     23 seconds
DAG statistics
mean edges/level: 6      max edges/level: 27
mean edges/node:  1.314  mean count/edge: 19

Window=4 Iteration=4
Time for building model:         4 minutes 37 seconds
Time for sampling (singles):     13 seconds
DAG statistics
mean edges/level: 5      max edges/level: 21
mean edges/node:  1.279  mean count/edge: 23

Window=4 Iteration=5
Time for building model:         2 minutes 57 seconds
Time for sampling (singles):     21 seconds
DAG statistics
mean edges/level: 7      max edges/level: 29
mean edges/node:  1.232  mean count/edge: 17

Window=4 Iteration=6
Time for building model:         3 minutes 7 seconds
Time for sampling (singles):     15 seconds
DAG statistics
mean edges/level: 6      max edges/level: 22
mean edges/node:  1.236  mean count/edge: 19

Window=4 Iteration=7
Time for building model:         2 minutes 47 seconds
Time for sampling (singles):     12 seconds
DAG statistics
mean edges/level: 7      max edges/level: 29
mean edges/node:  1.206  mean count/edge: 17

Window=4 Iteration=8
Time for building model:         2 minutes 58 seconds
Time for sampling (singles):     12 seconds
DAG statistics
mean edges/level: 6      max edges/level: 22
mean edges/node:  1.220  mean count/edge: 19

Window=4 Iteration=9
Time for building model:         2 minutes 46 seconds
Time for sampling (singles):     7 seconds
DAG statistics
mean edges/level: 6      max edges/level: 27
mean edges/node:  1.204  mean count/edge: 19

Window=4 Iteration=10
Time for building model:         3 minutes 21 seconds
Time for sampling (singles):     12 seconds
DAG statistics
mean edges/level: 6      max edges/level: 24
mean edges/node:  1.212  mean count/edge: 19

Starting phasing iterations

Window=4 Iteration=11
Time for building model:         1 minute 19 seconds
Time for sampling (singles):     4 minutes 5 seconds
DAG statistics
mean edges/level: 10     max edges/level: 31
mean edges/node:  1.140  mean count/edge: 12

Window=4 Iteration=12
Time for building model:         1 minute 46 seconds
Time for sampling (singles):     4 minutes 43 seconds
DAG statistics
mean edges/level: 7      max edges/level: 33
mean edges/node:  1.168  mean count/edge: 17

Window=4 Iteration=13
Time for building model:         2 minutes 12 seconds
Time for sampling (singles):     4 minutes 31 seconds
DAG statistics
mean edges/level: 12     max edges/level: 30
mean edges/node:  1.115  mean count/edge: 10

Window=4 Iteration=14
Time for building model:         1 minute 34 seconds
Time for sampling (singles):     4 minutes 51 seconds
DAG statistics
mean edges/level: 16     max edges/level: 35
mean edges/node:  1.086  mean count/edge: 7

Window=4 Iteration=15
Time for building model:         1 minute 52 seconds
Time for sampling (singles):     4 minutes 57 seconds
DAG statistics
mean edges/level: 18     max edges/level: 34
mean edges/node:  1.070  mean count/edge: 6

Number of markers:              185740
Total time for building model: 1 hour 32 minutes 13 seconds
Total time for sampling:       1 hour 16 minutes 11 seconds
Total run time:                2 hours 56 minutes 6 seconds

End time: 09:54 PM CEST on 04 Apr 2024
beagle.27Jan18.7e1.jar (version 4.1) finished
