beagle.27Jan18.7e1.jar (version 4.1)
Copyright (C) 2014-2015 Brian L. Browning
Enter "java -jar beagle.27Jan18.7e1.jar" for a summary of command line arguments.
Start time: 07:01 PM CEST on 04 Apr 2024

Command line: java -Xmx54613m -jar beagle.jar
  gl=results/gl/Bostau9_tragmain2_sites_variable_noindels_renamed_Tstr.bcf.gz.NC_037329.1.vcf.gz
  chrom=NC_037329.1
  out=results/imputed/Bostau9_tragmain2_sites_variable_noindels_renamed_Tstr.bcf.gz.NC_037329.1
  nthreads=6

No genetic map is specified: using 1 cM = 1 Mb

reference samples:       0
target samples:         58

Window 1 [ NC_037329.1:97990-16217536 ]
target markers:      50000

Starting burn-in iterations

Window=1 Iteration=1
Time for building model:         10 seconds
Time for sampling (singles):     3 seconds
DAG statistics
mean edges/level: 6      max edges/level: 19
mean edges/node:  1.754  mean count/edge: 19

Window=1 Iteration=2
Time for building model:         3 seconds
Time for sampling (singles):     3 seconds
DAG statistics
mean edges/level: 5      max edges/level: 20
mean edges/node:  1.536  mean count/edge: 23

Window=1 Iteration=3
Time for building model:         3 seconds
Time for sampling (singles):     4 seconds
DAG statistics
mean edges/level: 5      max edges/level: 17
mean edges/node:  1.347  mean count/edge: 23

Window=1 Iteration=4
Time for building model:         12 seconds
Time for sampling (singles):     3 seconds
DAG statistics
mean edges/level: 5      max edges/level: 23
mean edges/node:  1.287  mean count/edge: 23

Window=1 Iteration=5
Time for building model:         2 seconds
Time for sampling (singles):     3 seconds
DAG statistics
mean edges/level: 5      max edges/level: 18
mean edges/node:  1.265  mean count/edge: 23

Window=1 Iteration=6
Time for building model:         3 seconds
Time for sampling (singles):     3 seconds
DAG statistics
mean edges/level: 5      max edges/level: 24
mean edges/node:  1.250  mean count/edge: 23

Window=1 Iteration=7
Time for building model:         2 seconds
Time for sampling (singles):     3 seconds
DAG statistics
mean edges/level: 5      max edges/level: 21
mean edges/node:  1.244  mean count/edge: 23

Window=1 Iteration=8
Time for building model:         11 seconds
Time for sampling (singles):     3 seconds
DAG statistics
mean edges/level: 5      max edges/level: 23
mean edges/node:  1.235  mean count/edge: 23

Window=1 Iteration=9
Time for building model:         4 seconds
Time for sampling (singles):     3 seconds
DAG statistics
mean edges/level: 5      max edges/level: 20
mean edges/node:  1.232  mean count/edge: 23

Window=1 Iteration=10
Time for building model:         2 seconds
Time for sampling (singles):     4 seconds
DAG statistics
mean edges/level: 5      max edges/level: 21
mean edges/node:  1.227  mean count/edge: 23

Starting phasing iterations

Window=1 Iteration=11
Time for building model:         4 seconds
Time for sampling (singles):     15 seconds
DAG statistics
mean edges/level: 6      max edges/level: 23
mean edges/node:  1.221  mean count/edge: 19

Window=1 Iteration=12
Time for building model:         3 seconds
Time for sampling (singles):     7 seconds
DAG statistics
mean edges/level: 7      max edges/level: 26
mean edges/node:  1.198  mean count/edge: 17

Window=1 Iteration=13
Time for building model:         2 seconds
Time for sampling (singles):     16 seconds
DAG statistics
mean edges/level: 6      max edges/level: 22
mean edges/node:  1.201  mean count/edge: 19

Window=1 Iteration=14
Time for building model:         3 seconds
Time for sampling (singles):     8 seconds
DAG statistics
mean edges/level: 13     max edges/level: 28
mean edges/node:  1.114  mean count/edge: 9

Window=1 Iteration=15
Time for building model:         3 seconds
Time for sampling (singles):     6 seconds
DAG statistics
mean edges/level: 15     max edges/level: 33
mean edges/node:  1.089  mean count/edge: 8

Window 2 [ NC_037329.1:15056300-31772597 ]
target markers:      50000

Starting burn-in iterations

Window=2 Iteration=1
Time for building model:         9 seconds
Time for sampling (singles):     4 seconds
DAG statistics
mean edges/level: 7      max edges/level: 30
mean edges/node:  1.641  mean count/edge: 17

Window=2 Iteration=2
Time for building model:         7 seconds
Time for sampling (singles):     5 seconds
DAG statistics
mean edges/level: 6      max edges/level: 22
mean edges/node:  1.474  mean count/edge: 19

Window=2 Iteration=3
Time for building model:         5 seconds
Time for sampling (singles):     6 seconds
DAG statistics
mean edges/level: 6      max edges/level: 28
mean edges/node:  1.277  mean count/edge: 19

Window=2 Iteration=4
Time for building model:         4 seconds
Time for sampling (singles):     4 seconds
DAG statistics
mean edges/level: 6      max edges/level: 23
mean edges/node:  1.243  mean count/edge: 19

Window=2 Iteration=5
Time for building model:         2 seconds
Time for sampling (singles):     4 seconds
DAG statistics
mean edges/level: 6      max edges/level: 30
mean edges/node:  1.214  mean count/edge: 19

Window=2 Iteration=6
Time for building model:         2 seconds
Time for sampling (singles):     3 seconds
DAG statistics
mean edges/level: 5      max edges/level: 21
mean edges/node:  1.218  mean count/edge: 23

Window=2 Iteration=7
Time for building model:         2 seconds
Time for sampling (singles):     4 seconds
DAG statistics
mean edges/level: 6      max edges/level: 28
mean edges/node:  1.196  mean count/edge: 19

Window=2 Iteration=8
Time for building model:         2 seconds
Time for sampling (singles):     4 seconds
DAG statistics
mean edges/level: 6      max edges/level: 33
mean edges/node:  1.202  mean count/edge: 19

Window=2 Iteration=9
Time for building model:         1 minute 2 seconds
Time for sampling (singles):     8 seconds
DAG statistics
mean edges/level: 6      max edges/level: 28
mean edges/node:  1.189  mean count/edge: 19

Window=2 Iteration=10
Time for building model:         1 minute 25 seconds
Time for sampling (singles):     6 seconds
DAG statistics
mean edges/level: 6      max edges/level: 27
mean edges/node:  1.196  mean count/edge: 19

Starting phasing iterations

Window=2 Iteration=11
Time for building model:         31 seconds
Time for sampling (singles):     2 minutes 17 seconds
DAG statistics
mean edges/level: 8      max edges/level: 28
mean edges/node:  1.161  mean count/edge: 15

Window=2 Iteration=12
Time for building model:         1 minute 2 seconds
Time for sampling (singles):     2 minutes 51 seconds
DAG statistics
mean edges/level: 7      max edges/level: 33
mean edges/node:  1.164  mean count/edge: 17

Window=2 Iteration=13
Time for building model:         1 minute 15 seconds
Time for sampling (singles):     4 minutes 20 seconds
DAG statistics
mean edges/level: 14     max edges/level: 33
mean edges/node:  1.105  mean count/edge: 8

Window=2 Iteration=14
Time for building model:         32 seconds
Time for sampling (singles):     3 minutes 47 seconds
DAG statistics
mean edges/level: 16     max edges/level: 34
mean edges/node:  1.080  mean count/edge: 7

Window=2 Iteration=15
Time for building model:         2 minutes 19 seconds
Time for sampling (singles):     5 minutes 12 seconds
DAG statistics
mean edges/level: 18     max edges/level: 35
mean edges/node:  1.066  mean count/edge: 6

Window 3 [ NC_037329.1:30694387-48527310 ]
target markers:      50000

Starting burn-in iterations

Window=3 Iteration=1
Time for building model:         6 minutes 59 seconds
Time for sampling (singles):     33 seconds
DAG statistics
mean edges/level: 7      max edges/level: 32
mean edges/node:  1.634  mean count/edge: 17

Window=3 Iteration=2
Time for building model:         1 minute 44 seconds
Time for sampling (singles):     8 seconds
DAG statistics
mean edges/level: 6      max edges/level: 18
mean edges/node:  1.482  mean count/edge: 19

Window=3 Iteration=3
Time for building model:         4 minutes 0 seconds
Time for sampling (singles):     36 seconds
DAG statistics
mean edges/level: 6      max edges/level: 35
mean edges/node:  1.272  mean count/edge: 19

Window=3 Iteration=4
Time for building model:         3 minutes 3 seconds
Time for sampling (singles):     20 seconds
DAG statistics
mean edges/level: 6      max edges/level: 24
mean edges/node:  1.241  mean count/edge: 19

Window=3 Iteration=5
Time for building model:         2 minutes 33 seconds
Time for sampling (singles):     26 seconds
DAG statistics
mean edges/level: 6      max edges/level: 33
mean edges/node:  1.212  mean count/edge: 19

Window=3 Iteration=6
Time for building model:         3 minutes 12 seconds
Time for sampling (singles):     12 seconds
DAG statistics
mean edges/level: 6      max edges/level: 23
mean edges/node:  1.213  mean count/edge: 19

Window=3 Iteration=7
Time for building model:         3 minutes 30 seconds
Time for sampling (singles):     33 seconds
DAG statistics
mean edges/level: 6      max edges/level: 33
mean edges/node:  1.196  mean count/edge: 19

Window=3 Iteration=8
Time for building model:         2 minutes 59 seconds
Time for sampling (singles):     20 seconds
DAG statistics
mean edges/level: 6      max edges/level: 23
mean edges/node:  1.201  mean count/edge: 19

Window=3 Iteration=9
Time for building model:         3 minutes 30 seconds
Time for sampling (singles):     13 seconds
DAG statistics
mean edges/level: 6      max edges/level: 33
mean edges/node:  1.188  mean count/edge: 19

Window=3 Iteration=10
Time for building model:         2 minutes 16 seconds
Time for sampling (singles):     15 seconds
DAG statistics
mean edges/level: 6      max edges/level: 24
mean edges/node:  1.198  mean count/edge: 19

Starting phasing iterations

Window=3 Iteration=11
Time for building model:         2 minutes 4 seconds
Time for sampling (singles):     5 minutes 13 seconds
DAG statistics
mean edges/level: 7      max edges/level: 32
mean edges/node:  1.174  mean count/edge: 17

Window=3 Iteration=12
Time for building model:         1 minute 42 seconds
Time for sampling (singles):     4 minutes 39 seconds
DAG statistics
mean edges/level: 7      max edges/level: 26
mean edges/node:  1.182  mean count/edge: 17

Window=3 Iteration=13
Time for building model:         2 minutes 9 seconds
Time for sampling (singles):     3 minutes 57 seconds
DAG statistics
mean edges/level: 11     max edges/level: 32
mean edges/node:  1.121  mean count/edge: 11

Window=3 Iteration=14
Time for building model:         1 minute 34 seconds
Time for sampling (singles):     4 minutes 4 seconds
DAG statistics
mean edges/level: 16     max edges/level: 34
mean edges/node:  1.087  mean count/edge: 7

Window=3 Iteration=15
Time for building model:         2 minutes 4 seconds
Time for sampling (singles):     3 minutes 25 seconds
DAG statistics
mean edges/level: 18     max edges/level: 36
mean edges/node:  1.070  mean count/edge: 6

Window 4 [ NC_037329.1:47241298-64053302 ]
target markers:      50000

Starting burn-in iterations

Window=4 Iteration=1
Time for building model:         3 minutes 33 seconds
Time for sampling (singles):     24 seconds
DAG statistics
mean edges/level: 7      max edges/level: 25
mean edges/node:  1.642  mean count/edge: 17

Window=4 Iteration=2
Time for building model:         3 minutes 58 seconds
Time for sampling (singles):     13 seconds
DAG statistics
mean edges/level: 6      max edges/level: 19
mean edges/node:  1.450  mean count/edge: 19

Window=4 Iteration=3
Time for building model:         3 minutes 12 seconds
Time for sampling (singles):     11 seconds
DAG statistics
mean edges/level: 6      max edges/level: 25
mean edges/node:  1.256  mean count/edge: 19

Window=4 Iteration=4
Time for building model:         3 minutes 36 seconds
Time for sampling (singles):     12 seconds
DAG statistics
mean edges/level: 5      max edges/level: 21
mean edges/node:  1.222  mean count/edge: 23

Window=4 Iteration=5
Time for building model:         3 minutes 59 seconds
Time for sampling (singles):     9 seconds
DAG statistics
mean edges/level: 6      max edges/level: 29
mean edges/node:  1.197  mean count/edge: 19

Window=4 Iteration=6
Time for building model:         2 minutes 53 seconds
Time for sampling (singles):     8 seconds
DAG statistics
mean edges/level: 6      max edges/level: 22
mean edges/node:  1.196  mean count/edge: 19

Window=4 Iteration=7
Time for building model:         3 minutes 7 seconds
Time for sampling (singles):     13 seconds
DAG statistics
mean edges/level: 6      max edges/level: 27
mean edges/node:  1.184  mean count/edge: 19

Window=4 Iteration=8
Time for building model:         2 minutes 38 seconds
Time for sampling (singles):     13 seconds
DAG statistics
mean edges/level: 6      max edges/level: 22
mean edges/node:  1.185  mean count/edge: 19

Window=4 Iteration=9
Time for building model:         3 minutes 30 seconds
Time for sampling (singles):     24 seconds
DAG statistics
mean edges/level: 6      max edges/level: 28
mean edges/node:  1.175  mean count/edge: 19

Window=4 Iteration=10
Time for building model:         3 minutes 27 seconds
Time for sampling (singles):     9 seconds
DAG statistics
mean edges/level: 6      max edges/level: 23
mean edges/node:  1.181  mean count/edge: 19

Starting phasing iterations

Window=4 Iteration=11
Time for building model:         1 minute 8 seconds
Time for sampling (singles):     4 minutes 42 seconds
DAG statistics
mean edges/level: 8      max edges/level: 29
mean edges/node:  1.154  mean count/edge: 15

Window=4 Iteration=12
Time for building model:         1 minute 19 seconds
Time for sampling (singles):     4 minutes 37 seconds
DAG statistics
mean edges/level: 7      max edges/level: 26
mean edges/node:  1.162  mean count/edge: 17

Window=4 Iteration=13
Time for building model:         1 minute 36 seconds
Time for sampling (singles):     4 minutes 44 seconds
DAG statistics
mean edges/level: 8      max edges/level: 28
mean edges/node:  1.138  mean count/edge: 15

Window=4 Iteration=14
Time for building model:         2 minutes 44 seconds
Time for sampling (singles):     5 minutes 17 seconds
DAG statistics
mean edges/level: 15     max edges/level: 34
mean edges/node:  1.087  mean count/edge: 8

Window=4 Iteration=15
Time for building model:         2 minutes 13 seconds
Time for sampling (singles):     4 minutes 25 seconds
DAG statistics
mean edges/level: 18     max edges/level: 35
mean edges/node:  1.067  mean count/edge: 6

Window 5 [ NC_037329.1:63225810-78653907 ]
target markers:      50000

Starting burn-in iterations

Window=5 Iteration=1
Time for building model:         2 minutes 40 seconds
Time for sampling (singles):     14 seconds
DAG statistics
mean edges/level: 7      max edges/level: 28
mean edges/node:  1.618  mean count/edge: 17

Window=5 Iteration=2
Time for building model:         2 minutes 57 seconds
Time for sampling (singles):     9 seconds
DAG statistics
mean edges/level: 6      max edges/level: 18
mean edges/node:  1.442  mean count/edge: 19

Window=5 Iteration=3
Time for building model:         2 minutes 56 seconds
Time for sampling (singles):     17 seconds
DAG statistics
mean edges/level: 6      max edges/level: 27
mean edges/node:  1.249  mean count/edge: 19

Window=5 Iteration=4
Time for building model:         2 minutes 38 seconds
Time for sampling (singles):     19 seconds
DAG statistics
mean edges/level: 6      max edges/level: 20
mean edges/node:  1.221  mean count/edge: 19

Window=5 Iteration=5
Time for building model:         2 minutes 45 seconds
Time for sampling (singles):     20 seconds
DAG statistics
mean edges/level: 6      max edges/level: 28
mean edges/node:  1.190  mean count/edge: 19

Window=5 Iteration=6
Time for building model:         3 minutes 59 seconds
Time for sampling (singles):     14 seconds
DAG statistics
mean edges/level: 5      max edges/level: 22
mean edges/node:  1.198  mean count/edge: 23

Window=5 Iteration=7
Time for building model:         3 minutes 19 seconds
Time for sampling (singles):     13 seconds
DAG statistics
mean edges/level: 6      max edges/level: 27
mean edges/node:  1.178  mean count/edge: 19

Window=5 Iteration=8
Time for building model:         3 minutes 9 seconds
Time for sampling (singles):     19 seconds
DAG statistics
mean edges/level: 5      max edges/level: 27
mean edges/node:  1.188  mean count/edge: 23

Window=5 Iteration=9
Time for building model:         3 minutes 13 seconds
Time for sampling (singles):     13 seconds
DAG statistics
mean edges/level: 6      max edges/level: 25
mean edges/node:  1.173  mean count/edge: 19

Window=5 Iteration=10
Time for building model:         4 minutes 46 seconds
Time for sampling (singles):     16 seconds
DAG statistics
mean edges/level: 6      max edges/level: 27
mean edges/node:  1.182  mean count/edge: 19

Starting phasing iterations

Window=5 Iteration=11
Time for building model:         1 minute 25 seconds
Time for sampling (singles):     5 minutes 42 seconds
DAG statistics
mean edges/level: 8      max edges/level: 28
mean edges/node:  1.147  mean count/edge: 15

Window=5 Iteration=12
Time for building model:         1 minute 48 seconds
Time for sampling (singles):     5 minutes 8 seconds
DAG statistics
mean edges/level: 8      max edges/level: 31
mean edges/node:  1.146  mean count/edge: 15

Window=5 Iteration=13
Time for building model:         1 minute 54 seconds
Time for sampling (singles):     5 minutes 3 seconds
DAG statistics
mean edges/level: 14     max edges/level: 34
mean edges/node:  1.095  mean count/edge: 8

Window=5 Iteration=14
Time for building model:         1 minute 37 seconds
Time for sampling (singles):     4 minutes 33 seconds
DAG statistics
mean edges/level: 17     max edges/level: 37
mean edges/node:  1.071  mean count/edge: 7

Window=5 Iteration=15
Time for building model:         1 minute 52 seconds
Time for sampling (singles):     4 minutes 50 seconds
DAG statistics
mean edges/level: 19     max edges/level: 36
mean edges/node:  1.058  mean count/edge: 6

Window 6 [ NC_037329.1:77506617-96221583 ]
target markers:      50000

Starting burn-in iterations

Window=6 Iteration=1
Time for building model:         4 minutes 5 seconds
Time for sampling (singles):     17 seconds
DAG statistics
mean edges/level: 7      max edges/level: 29
mean edges/node:  1.636  mean count/edge: 17

Window=6 Iteration=2
Time for building model:         3 minutes 28 seconds
Time for sampling (singles):     8 seconds
DAG statistics
mean edges/level: 6      max edges/level: 22
mean edges/node:  1.465  mean count/edge: 19

Window=6 Iteration=3
Time for building model:         3 minutes 13 seconds
Time for sampling (singles):     5 seconds
DAG statistics
mean edges/level: 6      max edges/level: 30
mean edges/node:  1.270  mean count/edge: 19

Window=6 Iteration=4
Time for building model:         2 minutes 20 seconds
Time for sampling (singles):     15 seconds
DAG statistics
mean edges/level: 6      max edges/level: 23
mean edges/node:  1.238  mean count/edge: 19

Window=6 Iteration=5
Time for building model:         2 minutes 26 seconds
Time for sampling (singles):     8 seconds
DAG statistics
mean edges/level: 6      max edges/level: 31
mean edges/node:  1.207  mean count/edge: 19

Window=6 Iteration=6
Time for building model:         2 minutes 27 seconds
Time for sampling (singles):     5 seconds
DAG statistics
mean edges/level: 6      max edges/level: 21
mean edges/node:  1.212  mean count/edge: 19

Window=6 Iteration=7
Time for building model:         2 minutes 12 seconds
Time for sampling (singles):     8 seconds
DAG statistics
mean edges/level: 6      max edges/level: 33
mean edges/node:  1.196  mean count/edge: 19

Window=6 Iteration=8
Time for building model:         1 minute 56 seconds
Time for sampling (singles):     6 seconds
DAG statistics
mean edges/level: 6      max edges/level: 25
mean edges/node:  1.198  mean count/edge: 19

Window=6 Iteration=9
Time for building model:         1 minute 52 seconds
Time for sampling (singles):     5 seconds
DAG statistics
mean edges/level: 6      max edges/level: 36
mean edges/node:  1.188  mean count/edge: 19

Window=6 Iteration=10
Time for building model:         2 minutes 22 seconds
Time for sampling (singles):     15 seconds
DAG statistics
mean edges/level: 6      max edges/level: 23
mean edges/node:  1.197  mean count/edge: 19

Starting phasing iterations

Window=6 Iteration=11
Time for building model:         41 seconds
Time for sampling (singles):     3 minutes 24 seconds
DAG statistics
mean edges/level: 7      max edges/level: 30
mean edges/node:  1.177  mean count/edge: 17

Window=6 Iteration=12
Time for building model:         41 seconds
Time for sampling (singles):     3 minutes 18 seconds
DAG statistics
mean edges/level: 8      max edges/level: 29
mean edges/node:  1.158  mean count/edge: 15

Window=6 Iteration=13
Time for building model:         59 seconds
Time for sampling (singles):     2 minutes 44 seconds
DAG statistics
mean edges/level: 12     max edges/level: 30
mean edges/node:  1.116  mean count/edge: 10

Window=6 Iteration=14
Time for building model:         1 minute 2 seconds
Time for sampling (singles):     2 minutes 23 seconds
DAG statistics
mean edges/level: 16     max edges/level: 32
mean edges/node:  1.085  mean count/edge: 7

Window=6 Iteration=15
Time for building model:         1 minute 11 seconds
Time for sampling (singles):     2 minutes 7 seconds
DAG statistics
mean edges/level: 18     max edges/level: 35
mean edges/node:  1.068  mean count/edge: 6

Window 7 [ NC_037329.1:95116059-111776210 ]
target markers:      50000

Starting burn-in iterations

Window=7 Iteration=1
Time for building model:         1 minute 39 seconds
Time for sampling (singles):     9 seconds
DAG statistics
mean edges/level: 7      max edges/level: 27
mean edges/node:  1.634  mean count/edge: 17

Window=7 Iteration=2
Time for building model:         1 minute 53 seconds
Time for sampling (singles):     8 seconds
DAG statistics
mean edges/level: 6      max edges/level: 22
mean edges/node:  1.460  mean count/edge: 19

Window=7 Iteration=3
Time for building model:         2 minutes 9 seconds
Time for sampling (singles):     5 seconds
DAG statistics
mean edges/level: 6      max edges/level: 30
mean edges/node:  1.263  mean count/edge: 19

Window=7 Iteration=4
Time for building model:         2 minutes 28 seconds
Time for sampling (singles):     5 seconds
DAG statistics
mean edges/level: 5      max edges/level: 23
mean edges/node:  1.236  mean count/edge: 23

Window=7 Iteration=5
Time for building model:         3 minutes 0 seconds
Time for sampling (singles):     6 seconds
DAG statistics
mean edges/level: 6      max edges/level: 29
mean edges/node:  1.206  mean count/edge: 19

Window=7 Iteration=6
Time for building model:         2 minutes 34 seconds
Time for sampling (singles):     9 seconds
DAG statistics
mean edges/level: 5      max edges/level: 20
mean edges/node:  1.208  mean count/edge: 23

Window=7 Iteration=7
Time for building model:         3 minutes 1 second
Time for sampling (singles):     12 seconds
DAG statistics
mean edges/level: 6      max edges/level: 29
mean edges/node:  1.190  mean count/edge: 19

Window=7 Iteration=8
Time for building model:         2 minutes 35 seconds
Time for sampling (singles):     7 seconds
DAG statistics
mean edges/level: 6      max edges/level: 25
mean edges/node:  1.194  mean count/edge: 19

Window=7 Iteration=9
Time for building model:         2 minutes 21 seconds
Time for sampling (singles):     10 seconds
DAG statistics
mean edges/level: 6      max edges/level: 29
mean edges/node:  1.183  mean count/edge: 19

Window=7 Iteration=10
Time for building model:         2 minutes 35 seconds
Time for sampling (singles):     9 seconds
DAG statistics
mean edges/level: 6      max edges/level: 23
mean edges/node:  1.186  mean count/edge: 19

Starting phasing iterations

Window=7 Iteration=11
Time for building model:         1 minute 19 seconds
Time for sampling (singles):     4 minutes 40 seconds
DAG statistics
mean edges/level: 7      max edges/level: 29
mean edges/node:  1.159  mean count/edge: 17

Window=7 Iteration=12
Time for building model:         1 minute 30 seconds
Time for sampling (singles):     4 minutes 13 seconds
DAG statistics
mean edges/level: 8      max edges/level: 29
mean edges/node:  1.145  mean count/edge: 15

Window=7 Iteration=13
Time for building model:         1 minute 28 seconds
Time for sampling (singles):     3 minutes 43 seconds
DAG statistics
mean edges/level: 14     max edges/level: 34
mean edges/node:  1.098  mean count/edge: 8

Window=7 Iteration=14
Time for building model:         2 minutes 3 seconds
Time for sampling (singles):     3 minutes 33 seconds
DAG statistics
mean edges/level: 17     max edges/level: 37
mean edges/node:  1.076  mean count/edge: 7

Window=7 Iteration=15
Time for building model:         1 minute 7 seconds
Time for sampling (singles):     3 minutes 35 seconds
DAG statistics
mean edges/level: 19     max edges/level: 35
mean edges/node:  1.063  mean count/edge: 6

Window 8 [ NC_037329.1:110743086-125509336 ]
target markers:      50000

Starting burn-in iterations

Window=8 Iteration=1
Time for building model:         2 minutes 34 seconds
Time for sampling (singles):     8 seconds
DAG statistics
mean edges/level: 7      max edges/level: 35
mean edges/node:  1.630  mean count/edge: 17

Window=8 Iteration=2
Time for building model:         2 minutes 16 seconds
Time for sampling (singles):     5 seconds
DAG statistics
mean edges/level: 6      max edges/level: 19
mean edges/node:  1.485  mean count/edge: 19

Window=8 Iteration=3
Time for building model:         1 minute 38 seconds
Time for sampling (singles):     4 seconds
DAG statistics
mean edges/level: 6      max edges/level: 34
mean edges/node:  1.283  mean count/edge: 19

Window=8 Iteration=4
Time for building model:         1 minute 41 seconds
Time for sampling (singles):     7 seconds
DAG statistics
mean edges/level: 6      max edges/level: 21
mean edges/node:  1.249  mean count/edge: 19

Window=8 Iteration=5
Time for building model:         1 minute 53 seconds
Time for sampling (singles):     4 seconds
DAG statistics
mean edges/level: 6      max edges/level: 34
mean edges/node:  1.213  mean count/edge: 19

Window=8 Iteration=6
Time for building model:         1 minute 40 seconds
Time for sampling (singles):     4 seconds
DAG statistics
mean edges/level: 6      max edges/level: 22
mean edges/node:  1.217  mean count/edge: 19

Window=8 Iteration=7
Time for building model:         1 minute 34 seconds
Time for sampling (singles):     5 seconds
DAG statistics
mean edges/level: 6      max edges/level: 34
mean edges/node:  1.199  mean count/edge: 19

Window=8 Iteration=8
Time for building model:         1 minute 52 seconds
Time for sampling (singles):     6 seconds
DAG statistics
mean edges/level: 6      max edges/level: 21
mean edges/node:  1.204  mean count/edge: 19

Window=8 Iteration=9
Time for building model:         2 minutes 5 seconds
Time for sampling (singles):     10 seconds
DAG statistics
mean edges/level: 6      max edges/level: 34
mean edges/node:  1.188  mean count/edge: 19

Window=8 Iteration=10
Time for building model:         1 minute 35 seconds
Time for sampling (singles):     6 seconds
DAG statistics
mean edges/level: 6      max edges/level: 20
mean edges/node:  1.202  mean count/edge: 19

Starting phasing iterations

Window=8 Iteration=11
Time for building model:         37 seconds
Time for sampling (singles):     3 minutes 11 seconds
DAG statistics
mean edges/level: 8      max edges/level: 34
mean edges/node:  1.156  mean count/edge: 15

Window=8 Iteration=12
Time for building model:         1 minute 2 seconds
Time for sampling (singles):     3 minutes 14 seconds
DAG statistics
mean edges/level: 9      max edges/level: 28
mean edges/node:  1.153  mean count/edge: 13

Window=8 Iteration=13
Time for building model:         1 minute 8 seconds
Time for sampling (singles):     2 minutes 17 seconds
DAG statistics
mean edges/level: 11     max edges/level: 34
mean edges/node:  1.119  mean count/edge: 11

Window=8 Iteration=14
Time for building model:         1 minute 49 seconds
Time for sampling (singles):     2 minutes 12 seconds
DAG statistics
mean edges/level: 16     max edges/level: 37
mean edges/node:  1.089  mean count/edge: 7

Window=8 Iteration=15
Time for building model:         56 seconds
Time for sampling (singles):     2 minutes 13 seconds
DAG statistics
mean edges/level: 18     max edges/level: 36
mean edges/node:  1.072  mean count/edge: 6

Window 9 [ NC_037329.1:124577748-136176458 ]
target markers:      50000

Starting burn-in iterations

Window=9 Iteration=1
Time for building model:         1 minute 59 seconds
Time for sampling (singles):     7 seconds
DAG statistics
mean edges/level: 6      max edges/level: 27
mean edges/node:  1.696  mean count/edge: 19

Window=9 Iteration=2
Time for building model:         1 minute 21 seconds
Time for sampling (singles):     6 seconds
DAG statistics
mean edges/level: 6      max edges/level: 19
mean edges/node:  1.536  mean count/edge: 19

Window=9 Iteration=3
Time for building model:         1 minute 12 seconds
Time for sampling (singles):     4 seconds
DAG statistics
mean edges/level: 6      max edges/level: 27
mean edges/node:  1.334  mean count/edge: 19

Window=9 Iteration=4
Time for building model:         1 minute 18 seconds
Time for sampling (singles):     8 seconds
DAG statistics
mean edges/level: 6      max edges/level: 20
mean edges/node:  1.288  mean count/edge: 19

Window=9 Iteration=5
Time for building model:         1 minute 39 seconds
Time for sampling (singles):     5 seconds
DAG statistics
mean edges/level: 6      max edges/level: 27
mean edges/node:  1.252  mean count/edge: 19

Window=9 Iteration=6
Time for building model:         1 minute 43 seconds
Time for sampling (singles):     8 seconds
DAG statistics
mean edges/level: 6      max edges/level: 19
mean edges/node:  1.250  mean count/edge: 19

Window=9 Iteration=7
Time for building model:         1 minute 31 seconds
Time for sampling (singles):     6 seconds
DAG statistics
mean edges/level: 6      max edges/level: 26
mean edges/node:  1.230  mean count/edge: 19

Window=9 Iteration=8
Time for building model:         1 minute 15 seconds
Time for sampling (singles):     8 seconds
DAG statistics
mean edges/level: 6      max edges/level: 23
mean edges/node:  1.231  mean count/edge: 19

Window=9 Iteration=9
Time for building model:         1 minute 40 seconds
Time for sampling (singles):     5 seconds
DAG statistics
mean edges/level: 6      max edges/level: 27
mean edges/node:  1.218  mean count/edge: 19

Window=9 Iteration=10
Time for building model:         1 minute 10 seconds
Time for sampling (singles):     5 seconds
DAG statistics
mean edges/level: 6      max edges/level: 22
mean edges/node:  1.223  mean count/edge: 19

Starting phasing iterations

Window=9 Iteration=11
Time for building model:         24 seconds
Time for sampling (singles):     1 minute 56 seconds
DAG statistics
mean edges/level: 7      max edges/level: 28
mean edges/node:  1.189  mean count/edge: 17

Window=9 Iteration=12
Time for building model:         13 seconds
Time for sampling (singles):     15 seconds
DAG statistics
mean edges/level: 10     max edges/level: 31
mean edges/node:  1.152  mean count/edge: 12

Window=9 Iteration=13
Time for building model:         3 seconds
Time for sampling (singles):     12 seconds
DAG statistics
mean edges/level: 13     max edges/level: 30
mean edges/node:  1.113  mean count/edge: 9

Window=9 Iteration=14
Time for building model:         3 seconds
Time for sampling (singles):     27 seconds
DAG statistics
mean edges/level: 11     max edges/level: 31
mean edges/node:  1.113  mean count/edge: 11

Window=9 Iteration=15
Time for building model:         4 seconds
Time for sampling (singles):     39 seconds
DAG statistics
mean edges/level: 16     max edges/level: 32
mean edges/node:  1.085  mean count/edge: 7

Window 10 [ NC_037329.1:135529769-136228772 ]
target markers:       3594

Starting burn-in iterations

Window=10 Iteration=1
Time for building model:         3 seconds
Time for sampling (singles):     0 seconds
DAG statistics
mean edges/level: 9      max edges/level: 27
mean edges/node:  1.241  mean count/edge: 13

Window=10 Iteration=2
Time for building model:         0 seconds
Time for sampling (singles):     0 seconds
DAG statistics
mean edges/level: 5      max edges/level: 21
mean edges/node:  1.393  mean count/edge: 23

Window=10 Iteration=3
Time for building model:         0 seconds
Time for sampling (singles):     0 seconds
DAG statistics
mean edges/level: 9      max edges/level: 27
mean edges/node:  1.208  mean count/edge: 13

Window=10 Iteration=4
Time for building model:         0 seconds
Time for sampling (singles):     0 seconds
DAG statistics
mean edges/level: 5      max edges/level: 21
mean edges/node:  1.330  mean count/edge: 23

Window=10 Iteration=5
Time for building model:         0 seconds
Time for sampling (singles):     0 seconds
DAG statistics
mean edges/level: 9      max edges/level: 29
mean edges/node:  1.186  mean count/edge: 13

Window=10 Iteration=6
Time for building model:         0 seconds
Time for sampling (singles):     0 seconds
DAG statistics
mean edges/level: 9      max edges/level: 27
mean edges/node:  1.183  mean count/edge: 13

Window=10 Iteration=7
Time for building model:         0 seconds
Time for sampling (singles):     0 seconds
DAG statistics
mean edges/level: 9      max edges/level: 26
mean edges/node:  1.182  mean count/edge: 13

Window=10 Iteration=8
Time for building model:         0 seconds
Time for sampling (singles):     0 seconds
DAG statistics
mean edges/level: 9      max edges/level: 30
mean edges/node:  1.174  mean count/edge: 13

Window=10 Iteration=9
Time for building model:         0 seconds
Time for sampling (singles):     0 seconds
DAG statistics
mean edges/level: 10     max edges/level: 27
mean edges/node:  1.172  mean count/edge: 12

Window=10 Iteration=10
Time for building model:         0 seconds
Time for sampling (singles):     0 seconds
DAG statistics
mean edges/level: 10     max edges/level: 30
mean edges/node:  1.168  mean count/edge: 12

Starting phasing iterations

Window=10 Iteration=11
Time for building model:         0 seconds
Time for sampling (singles):     1 second
DAG statistics
mean edges/level: 12     max edges/level: 26
mean edges/node:  1.164  mean count/edge: 10

Window=10 Iteration=12
Time for building model:         0 seconds
Time for sampling (singles):     1 second
DAG statistics
mean edges/level: 13     max edges/level: 29
mean edges/node:  1.157  mean count/edge: 9

Window=10 Iteration=13
Time for building model:         0 seconds
Time for sampling (singles):     1 second
DAG statistics
mean edges/level: 13     max edges/level: 27
mean edges/node:  1.148  mean count/edge: 9

Window=10 Iteration=14
Time for building model:         0 seconds
Time for sampling (singles):     1 second
DAG statistics
mean edges/level: 14     max edges/level: 26
mean edges/node:  1.140  mean count/edge: 8

Window=10 Iteration=15
Time for building model:         0 seconds
Time for sampling (singles):     1 second
DAG statistics
mean edges/level: 15     max edges/level: 28
mean edges/node:  1.125  mean count/edge: 8

Number of markers:              426594
Total time for building model: 3 hours 59 minutes 32 seconds
Total time for sampling:       2 hours 35 minutes 7 seconds
Total run time:                6 hours 55 minutes 29 seconds

End time: 01:57 AM CEST on 05 Apr 2024
beagle.27Jan18.7e1.jar (version 4.1) finished
