beagle.27Jan18.7e1.jar (version 4.1)
Copyright (C) 2014-2015 Brian L. Browning
Enter "java -jar beagle.27Jan18.7e1.jar" for a summary of command line arguments.
Start time: 06:59 PM CEST on 04 Apr 2024

Command line: java -Xmx54613m -jar beagle.jar
  gl=results/gl/Bostau9_tragmain2_sites_variable_noindels_renamed_Tstr.bcf.gz.NC_037335.1.vcf.gz
  chrom=NC_037335.1
  out=results/imputed/Bostau9_tragmain2_sites_variable_noindels_renamed_Tstr.bcf.gz.NC_037335.1
  nthreads=6

No genetic map is specified: using 1 cM = 1 Mb

reference samples:       0
target samples:         58

Window 1 [ NC_037335.1:17637-17160150 ]
target markers:      50000

Starting burn-in iterations

Window=1 Iteration=1
Time for building model:         4 seconds
Time for sampling (singles):     4 seconds
DAG statistics
mean edges/level: 6      max edges/level: 16
mean edges/node:  1.756  mean count/edge: 19

Window=1 Iteration=2
Time for building model:         4 seconds
Time for sampling (singles):     5 seconds
DAG statistics
mean edges/level: 5      max edges/level: 19
mean edges/node:  1.540  mean count/edge: 23

Window=1 Iteration=3
Time for building model:         6 seconds
Time for sampling (singles):     3 seconds
DAG statistics
mean edges/level: 5      max edges/level: 21
mean edges/node:  1.346  mean count/edge: 23

Window=1 Iteration=4
Time for building model:         2 seconds
Time for sampling (singles):     4 seconds
DAG statistics
mean edges/level: 5      max edges/level: 25
mean edges/node:  1.284  mean count/edge: 23

Window=1 Iteration=5
Time for building model:         1 second
Time for sampling (singles):     3 seconds
DAG statistics
mean edges/level: 5      max edges/level: 18
mean edges/node:  1.267  mean count/edge: 23

Window=1 Iteration=6
Time for building model:         1 second
Time for sampling (singles):     3 seconds
DAG statistics
mean edges/level: 5      max edges/level: 21
mean edges/node:  1.252  mean count/edge: 23

Window=1 Iteration=7
Time for building model:         7 seconds
Time for sampling (singles):     4 seconds
DAG statistics
mean edges/level: 5      max edges/level: 18
mean edges/node:  1.246  mean count/edge: 23

Window=1 Iteration=8
Time for building model:         5 seconds
Time for sampling (singles):     4 seconds
DAG statistics
mean edges/level: 5      max edges/level: 24
mean edges/node:  1.234  mean count/edge: 23

Window=1 Iteration=9
Time for building model:         2 seconds
Time for sampling (singles):     3 seconds
DAG statistics
mean edges/level: 5      max edges/level: 21
mean edges/node:  1.235  mean count/edge: 23

Window=1 Iteration=10
Time for building model:         2 seconds
Time for sampling (singles):     4 seconds
DAG statistics
mean edges/level: 5      max edges/level: 21
mean edges/node:  1.225  mean count/edge: 23

Starting phasing iterations

Window=1 Iteration=11
Time for building model:         3 seconds
Time for sampling (singles):     42 seconds
DAG statistics
mean edges/level: 6      max edges/level: 21
mean edges/node:  1.220  mean count/edge: 19

Window=1 Iteration=12
Time for building model:         6 seconds
Time for sampling (singles):     10 seconds
DAG statistics
mean edges/level: 8      max edges/level: 29
mean edges/node:  1.180  mean count/edge: 15

Window=1 Iteration=13
Time for building model:         3 seconds
Time for sampling (singles):     12 seconds
DAG statistics
mean edges/level: 7      max edges/level: 23
mean edges/node:  1.194  mean count/edge: 17

Window=1 Iteration=14
Time for building model:         8 seconds
Time for sampling (singles):     8 seconds
DAG statistics
mean edges/level: 8      max edges/level: 26
mean edges/node:  1.159  mean count/edge: 15

Window=1 Iteration=15
Time for building model:         3 seconds
Time for sampling (singles):     10 seconds
DAG statistics
mean edges/level: 14     max edges/level: 31
mean edges/node:  1.101  mean count/edge: 8

Window 2 [ NC_037335.1:16278913-30663313 ]
target markers:      50000

Starting burn-in iterations

Window=2 Iteration=1
Time for building model:         2 seconds
Time for sampling (singles):     5 seconds
DAG statistics
mean edges/level: 6      max edges/level: 29
mean edges/node:  1.651  mean count/edge: 19

Window=2 Iteration=2
Time for building model:         12 seconds
Time for sampling (singles):     3 seconds
DAG statistics
mean edges/level: 6      max edges/level: 20
mean edges/node:  1.504  mean count/edge: 19

Window=2 Iteration=3
Time for building model:         2 seconds
Time for sampling (singles):     3 seconds
DAG statistics
mean edges/level: 6      max edges/level: 29
mean edges/node:  1.314  mean count/edge: 19

Window=2 Iteration=4
Time for building model:         2 seconds
Time for sampling (singles):     3 seconds
DAG statistics
mean edges/level: 5      max edges/level: 22
mean edges/node:  1.295  mean count/edge: 23

Window=2 Iteration=5
Time for building model:         2 seconds
Time for sampling (singles):     3 seconds
DAG statistics
mean edges/level: 6      max edges/level: 27
mean edges/node:  1.255  mean count/edge: 19

Window=2 Iteration=6
Time for building model:         2 seconds
Time for sampling (singles):     3 seconds
DAG statistics
mean edges/level: 5      max edges/level: 20
mean edges/node:  1.266  mean count/edge: 23

Window=2 Iteration=7
Time for building model:         24 seconds
Time for sampling (singles):     4 seconds
DAG statistics
mean edges/level: 6      max edges/level: 28
mean edges/node:  1.240  mean count/edge: 19

Window=2 Iteration=8
Time for building model:         11 seconds
Time for sampling (singles):     4 seconds
DAG statistics
mean edges/level: 5      max edges/level: 22
mean edges/node:  1.256  mean count/edge: 23

Window=2 Iteration=9
Time for building model:         11 seconds
Time for sampling (singles):     4 seconds
DAG statistics
mean edges/level: 6      max edges/level: 32
mean edges/node:  1.226  mean count/edge: 19

Window=2 Iteration=10
Time for building model:         7 seconds
Time for sampling (singles):     4 seconds
DAG statistics
mean edges/level: 5      max edges/level: 24
mean edges/node:  1.247  mean count/edge: 23

Starting phasing iterations

Window=2 Iteration=11
Time for building model:         4 seconds
Time for sampling (singles):     1 minute 18 seconds
DAG statistics
mean edges/level: 8      max edges/level: 31
mean edges/node:  1.197  mean count/edge: 15

Window=2 Iteration=12
Time for building model:         22 seconds
Time for sampling (singles):     1 minute 39 seconds
DAG statistics
mean edges/level: 8      max edges/level: 29
mean edges/node:  1.207  mean count/edge: 15

Window=2 Iteration=13
Time for building model:         1 minute 19 seconds
Time for sampling (singles):     1 minute 54 seconds
DAG statistics
mean edges/level: 10     max edges/level: 31
mean edges/node:  1.173  mean count/edge: 12

Window=2 Iteration=14
Time for building model:         29 seconds
Time for sampling (singles):     2 minutes 35 seconds
DAG statistics
mean edges/level: 15     max edges/level: 35
mean edges/node:  1.120  mean count/edge: 8

Window=2 Iteration=15
Time for building model:         1 minute 7 seconds
Time for sampling (singles):     4 minutes 47 seconds
DAG statistics
mean edges/level: 16     max edges/level: 36
mean edges/node:  1.098  mean count/edge: 7

Window 3 [ NC_037335.1:29436171-46223095 ]
target markers:      50000

Starting burn-in iterations

Window=3 Iteration=1
Time for building model:         4 minutes 34 seconds
Time for sampling (singles):     41 seconds
DAG statistics
mean edges/level: 7      max edges/level: 31
mean edges/node:  1.623  mean count/edge: 17

Window=3 Iteration=2
Time for building model:         6 minutes 39 seconds
Time for sampling (singles):     29 seconds
DAG statistics
mean edges/level: 6      max edges/level: 24
mean edges/node:  1.460  mean count/edge: 19

Window=3 Iteration=3
Time for building model:         6 minutes 47 seconds
Time for sampling (singles):     37 seconds
DAG statistics
mean edges/level: 6      max edges/level: 33
mean edges/node:  1.261  mean count/edge: 19

Window=3 Iteration=4
Time for building model:         4 minutes 0 seconds
Time for sampling (singles):     30 seconds
DAG statistics
mean edges/level: 6      max edges/level: 25
mean edges/node:  1.229  mean count/edge: 19

Window=3 Iteration=5
Time for building model:         3 minutes 21 seconds
Time for sampling (singles):     31 seconds
DAG statistics
mean edges/level: 6      max edges/level: 32
mean edges/node:  1.200  mean count/edge: 19

Window=3 Iteration=6
Time for building model:         3 minutes 52 seconds
Time for sampling (singles):     16 seconds
DAG statistics
mean edges/level: 6      max edges/level: 23
mean edges/node:  1.200  mean count/edge: 19

Window=3 Iteration=7
Time for building model:         3 minutes 17 seconds
Time for sampling (singles):     19 seconds
DAG statistics
mean edges/level: 6      max edges/level: 33
mean edges/node:  1.188  mean count/edge: 19

Window=3 Iteration=8
Time for building model:         2 minutes 53 seconds
Time for sampling (singles):     25 seconds
DAG statistics
mean edges/level: 6      max edges/level: 24
mean edges/node:  1.190  mean count/edge: 19

Window=3 Iteration=9
Time for building model:         3 minutes 15 seconds
Time for sampling (singles):     17 seconds
DAG statistics
mean edges/level: 6      max edges/level: 33
mean edges/node:  1.180  mean count/edge: 19

Window=3 Iteration=10
Time for building model:         2 minutes 15 seconds
Time for sampling (singles):     11 seconds
DAG statistics
mean edges/level: 6      max edges/level: 26
mean edges/node:  1.182  mean count/edge: 19

Starting phasing iterations

Window=3 Iteration=11
Time for building model:         59 seconds
Time for sampling (singles):     4 minutes 38 seconds
DAG statistics
mean edges/level: 7      max edges/level: 32
mean edges/node:  1.157  mean count/edge: 17

Window=3 Iteration=12
Time for building model:         2 minutes 4 seconds
Time for sampling (singles):     4 minutes 33 seconds
DAG statistics
mean edges/level: 8      max edges/level: 29
mean edges/node:  1.149  mean count/edge: 15

Window=3 Iteration=13
Time for building model:         43 seconds
Time for sampling (singles):     4 minutes 26 seconds
DAG statistics
mean edges/level: 8      max edges/level: 32
mean edges/node:  1.139  mean count/edge: 15

Window=3 Iteration=14
Time for building model:         1 minute 45 seconds
Time for sampling (singles):     4 minutes 17 seconds
DAG statistics
mean edges/level: 15     max edges/level: 33
mean edges/node:  1.088  mean count/edge: 8

Window=3 Iteration=15
Time for building model:         1 minute 38 seconds
Time for sampling (singles):     3 minutes 18 seconds
DAG statistics
mean edges/level: 18     max edges/level: 36
mean edges/node:  1.068  mean count/edge: 6

Window 4 [ NC_037335.1:45366944-62796106 ]
target markers:      50000

Starting burn-in iterations

Window=4 Iteration=1
Time for building model:         2 minutes 22 seconds
Time for sampling (singles):     19 seconds
DAG statistics
mean edges/level: 7      max edges/level: 27
mean edges/node:  1.629  mean count/edge: 17

Window=4 Iteration=2
Time for building model:         2 minutes 0 seconds
Time for sampling (singles):     4 seconds
DAG statistics
mean edges/level: 6      max edges/level: 16
mean edges/node:  1.486  mean count/edge: 19

Window=4 Iteration=3
Time for building model:         2 minutes 31 seconds
Time for sampling (singles):     8 seconds
DAG statistics
mean edges/level: 6      max edges/level: 27
mean edges/node:  1.282  mean count/edge: 19

Window=4 Iteration=4
Time for building model:         3 minutes 36 seconds
Time for sampling (singles):     7 seconds
DAG statistics
mean edges/level: 5      max edges/level: 18
mean edges/node:  1.255  mean count/edge: 23

Window=4 Iteration=5
Time for building model:         3 minutes 20 seconds
Time for sampling (singles):     10 seconds
DAG statistics
mean edges/level: 6      max edges/level: 27
mean edges/node:  1.219  mean count/edge: 19

Window=4 Iteration=6
Time for building model:         3 minutes 28 seconds
Time for sampling (singles):     17 seconds
DAG statistics
mean edges/level: 5      max edges/level: 18
mean edges/node:  1.225  mean count/edge: 23

Window=4 Iteration=7
Time for building model:         4 minutes 50 seconds
Time for sampling (singles):     10 seconds
DAG statistics
mean edges/level: 6      max edges/level: 27
mean edges/node:  1.204  mean count/edge: 19

Window=4 Iteration=8
Time for building model:         3 minutes 23 seconds
Time for sampling (singles):     8 seconds
DAG statistics
mean edges/level: 5      max edges/level: 19
mean edges/node:  1.213  mean count/edge: 23

Window=4 Iteration=9
Time for building model:         3 minutes 1 second
Time for sampling (singles):     14 seconds
DAG statistics
mean edges/level: 6      max edges/level: 27
mean edges/node:  1.196  mean count/edge: 19

Window=4 Iteration=10
Time for building model:         3 minutes 52 seconds
Time for sampling (singles):     8 seconds
DAG statistics
mean edges/level: 5      max edges/level: 21
mean edges/node:  1.207  mean count/edge: 23

Starting phasing iterations

Window=4 Iteration=11
Time for building model:         1 minute 7 seconds
Time for sampling (singles):     4 minutes 22 seconds
DAG statistics
mean edges/level: 7      max edges/level: 32
mean edges/node:  1.175  mean count/edge: 17

Window=4 Iteration=12
Time for building model:         1 minute 21 seconds
Time for sampling (singles):     4 minutes 40 seconds
DAG statistics
mean edges/level: 7      max edges/level: 22
mean edges/node:  1.191  mean count/edge: 17

Window=4 Iteration=13
Time for building model:         1 minute 42 seconds
Time for sampling (singles):     4 minutes 43 seconds
DAG statistics
mean edges/level: 13     max edges/level: 30
mean edges/node:  1.114  mean count/edge: 9

Window=4 Iteration=14
Time for building model:         1 minute 37 seconds
Time for sampling (singles):     5 minutes 5 seconds
DAG statistics
mean edges/level: 16     max edges/level: 37
mean edges/node:  1.087  mean count/edge: 7

Window=4 Iteration=15
Time for building model:         1 minute 59 seconds
Time for sampling (singles):     5 minutes 3 seconds
DAG statistics
mean edges/level: 18     max edges/level: 36
mean edges/node:  1.072  mean count/edge: 6

Window 5 [ NC_037335.1:61604297-75832608 ]
target markers:      50000

Starting burn-in iterations

Window=5 Iteration=1
Time for building model:         6 minutes 9 seconds
Time for sampling (singles):     33 seconds
DAG statistics
mean edges/level: 6      max edges/level: 30
mean edges/node:  1.633  mean count/edge: 19

Window=5 Iteration=2
Time for building model:         3 minutes 5 seconds
Time for sampling (singles):     12 seconds
DAG statistics
mean edges/level: 6      max edges/level: 20
mean edges/node:  1.480  mean count/edge: 19

Window=5 Iteration=3
Time for building model:         3 minutes 41 seconds
Time for sampling (singles):     18 seconds
DAG statistics
mean edges/level: 5      max edges/level: 30
mean edges/node:  1.300  mean count/edge: 23

Window=5 Iteration=4
Time for building model:         2 minutes 31 seconds
Time for sampling (singles):     17 seconds
DAG statistics
mean edges/level: 5      max edges/level: 22
mean edges/node:  1.276  mean count/edge: 23

Window=5 Iteration=5
Time for building model:         2 minutes 37 seconds
Time for sampling (singles):     14 seconds
DAG statistics
mean edges/level: 6      max edges/level: 29
mean edges/node:  1.238  mean count/edge: 19

Window=5 Iteration=6
Time for building model:         2 minutes 42 seconds
Time for sampling (singles):     10 seconds
DAG statistics
mean edges/level: 5      max edges/level: 22
mean edges/node:  1.245  mean count/edge: 23

Window=5 Iteration=7
Time for building model:         3 minutes 41 seconds
Time for sampling (singles):     27 seconds
DAG statistics
mean edges/level: 5      max edges/level: 28
mean edges/node:  1.224  mean count/edge: 23

Window=5 Iteration=8
Time for building model:         3 minutes 10 seconds
Time for sampling (singles):     12 seconds
DAG statistics
mean edges/level: 5      max edges/level: 22
mean edges/node:  1.234  mean count/edge: 23

Window=5 Iteration=9
Time for building model:         2 minutes 39 seconds
Time for sampling (singles):     24 seconds
DAG statistics
mean edges/level: 6      max edges/level: 33
mean edges/node:  1.214  mean count/edge: 19

Window=5 Iteration=10
Time for building model:         3 minutes 51 seconds
Time for sampling (singles):     32 seconds
DAG statistics
mean edges/level: 6      max edges/level: 28
mean edges/node:  1.223  mean count/edge: 19

Starting phasing iterations

Window=5 Iteration=11
Time for building model:         1 minute 18 seconds
Time for sampling (singles):     5 minutes 58 seconds
DAG statistics
mean edges/level: 8      max edges/level: 28
mean edges/node:  1.186  mean count/edge: 15

Window=5 Iteration=12
Time for building model:         2 minutes 28 seconds
Time for sampling (singles):     5 minutes 40 seconds
DAG statistics
mean edges/level: 13     max edges/level: 31
mean edges/node:  1.128  mean count/edge: 9

Window=5 Iteration=13
Time for building model:         1 minute 37 seconds
Time for sampling (singles):     5 minutes 59 seconds
DAG statistics
mean edges/level: 15     max edges/level: 35
mean edges/node:  1.104  mean count/edge: 8

Window=5 Iteration=14
Time for building model:         2 minutes 43 seconds
Time for sampling (singles):     5 minutes 15 seconds
DAG statistics
mean edges/level: 17     max edges/level: 39
mean edges/node:  1.087  mean count/edge: 7

Window=5 Iteration=15
Time for building model:         2 minutes 41 seconds
Time for sampling (singles):     4 minutes 38 seconds
DAG statistics
mean edges/level: 18     max edges/level: 37
mean edges/node:  1.076  mean count/edge: 6

Window 6 [ NC_037335.1:74885048-90306959 ]
target markers:      50000

Starting burn-in iterations

Window=6 Iteration=1
Time for building model:         5 minutes 4 seconds
Time for sampling (singles):     23 seconds
DAG statistics
mean edges/level: 7      max edges/level: 36
mean edges/node:  1.620  mean count/edge: 17

Window=6 Iteration=2
Time for building model:         2 minutes 33 seconds
Time for sampling (singles):     17 seconds
DAG statistics
mean edges/level: 6      max edges/level: 25
mean edges/node:  1.483  mean count/edge: 19

Window=6 Iteration=3
Time for building model:         2 minutes 46 seconds
Time for sampling (singles):     13 seconds
DAG statistics
mean edges/level: 6      max edges/level: 36
mean edges/node:  1.277  mean count/edge: 19

Window=6 Iteration=4
Time for building model:         3 minutes 0 seconds
Time for sampling (singles):     30 seconds
DAG statistics
mean edges/level: 5      max edges/level: 24
mean edges/node:  1.252  mean count/edge: 23

Window=6 Iteration=5
Time for building model:         2 minutes 41 seconds
Time for sampling (singles):     18 seconds
DAG statistics
mean edges/level: 6      max edges/level: 32
mean edges/node:  1.214  mean count/edge: 19

Window=6 Iteration=6
Time for building model:         2 minutes 41 seconds
Time for sampling (singles):     11 seconds
DAG statistics
mean edges/level: 5      max edges/level: 24
mean edges/node:  1.220  mean count/edge: 23

Window=6 Iteration=7
Time for building model:         2 minutes 16 seconds
Time for sampling (singles):     5 seconds
DAG statistics
mean edges/level: 6      max edges/level: 32
mean edges/node:  1.198  mean count/edge: 19

Window=6 Iteration=8
Time for building model:         2 minutes 7 seconds
Time for sampling (singles):     6 seconds
DAG statistics
mean edges/level: 5      max edges/level: 24
mean edges/node:  1.211  mean count/edge: 23

Window=6 Iteration=9
Time for building model:         1 minute 36 seconds
Time for sampling (singles):     4 seconds
DAG statistics
mean edges/level: 6      max edges/level: 33
mean edges/node:  1.191  mean count/edge: 19

Window=6 Iteration=10
Time for building model:         2 minutes 6 seconds
Time for sampling (singles):     7 seconds
DAG statistics
mean edges/level: 5      max edges/level: 23
mean edges/node:  1.204  mean count/edge: 23

Starting phasing iterations

Window=6 Iteration=11
Time for building model:         53 seconds
Time for sampling (singles):     3 minutes 14 seconds
DAG statistics
mean edges/level: 7      max edges/level: 36
mean edges/node:  1.169  mean count/edge: 17

Window=6 Iteration=12
Time for building model:         59 seconds
Time for sampling (singles):     2 minutes 50 seconds
DAG statistics
mean edges/level: 7      max edges/level: 30
mean edges/node:  1.169  mean count/edge: 17

Window=6 Iteration=13
Time for building model:         1 minute 8 seconds
Time for sampling (singles):     2 minutes 8 seconds
DAG statistics
mean edges/level: 9      max edges/level: 34
mean edges/node:  1.138  mean count/edge: 13

Window=6 Iteration=14
Time for building model:         54 seconds
Time for sampling (singles):     3 minutes 1 second
DAG statistics
mean edges/level: 15     max edges/level: 36
mean edges/node:  1.094  mean count/edge: 8

Window=6 Iteration=15
Time for building model:         1 minute 0 seconds
Time for sampling (singles):     2 minutes 20 seconds
DAG statistics
mean edges/level: 17     max edges/level: 37
mean edges/node:  1.075  mean count/edge: 7

Window 7 [ NC_037335.1:89372476-103812379 ]
target markers:      50000

Starting burn-in iterations

Window=7 Iteration=1
Time for building model:         2 minutes 5 seconds
Time for sampling (singles):     7 seconds
DAG statistics
mean edges/level: 7      max edges/level: 26
mean edges/node:  1.646  mean count/edge: 17

Window=7 Iteration=2
Time for building model:         1 minute 31 seconds
Time for sampling (singles):     6 seconds
DAG statistics
mean edges/level: 6      max edges/level: 20
mean edges/node:  1.491  mean count/edge: 19

Window=7 Iteration=3
Time for building model:         1 minute 46 seconds
Time for sampling (singles):     4 seconds
DAG statistics
mean edges/level: 5      max edges/level: 28
mean edges/node:  1.300  mean count/edge: 23

Window=7 Iteration=4
Time for building model:         1 minute 53 seconds
Time for sampling (singles):     9 seconds
DAG statistics
mean edges/level: 5      max edges/level: 22
mean edges/node:  1.265  mean count/edge: 23

Window=7 Iteration=5
Time for building model:         2 minutes 15 seconds
Time for sampling (singles):     12 seconds
DAG statistics
mean edges/level: 6      max edges/level: 27
mean edges/node:  1.232  mean count/edge: 19

Window=7 Iteration=6
Time for building model:         2 minutes 12 seconds
Time for sampling (singles):     8 seconds
DAG statistics
mean edges/level: 5      max edges/level: 25
mean edges/node:  1.233  mean count/edge: 23

Window=7 Iteration=7
Time for building model:         2 minutes 10 seconds
Time for sampling (singles):     15 seconds
DAG statistics
mean edges/level: 6      max edges/level: 25
mean edges/node:  1.216  mean count/edge: 19

Window=7 Iteration=8
Time for building model:         3 minutes 4 seconds
Time for sampling (singles):     44 seconds
DAG statistics
mean edges/level: 6      max edges/level: 26
mean edges/node:  1.221  mean count/edge: 19

Window=7 Iteration=9
Time for building model:         2 minutes 22 seconds
Time for sampling (singles):     11 seconds
DAG statistics
mean edges/level: 6      max edges/level: 28
mean edges/node:  1.205  mean count/edge: 19

Window=7 Iteration=10
Time for building model:         3 minutes 14 seconds
Time for sampling (singles):     5 seconds
DAG statistics
mean edges/level: 6      max edges/level: 23
mean edges/node:  1.213  mean count/edge: 19

Starting phasing iterations

Window=7 Iteration=11
Time for building model:         1 minute 14 seconds
Time for sampling (singles):     3 minutes 49 seconds
DAG statistics
mean edges/level: 7      max edges/level: 30
mean edges/node:  1.186  mean count/edge: 17

Window=7 Iteration=12
Time for building model:         1 minute 17 seconds
Time for sampling (singles):     3 minutes 49 seconds
DAG statistics
mean edges/level: 7      max edges/level: 28
mean edges/node:  1.182  mean count/edge: 17

Window=7 Iteration=13
Time for building model:         1 minute 40 seconds
Time for sampling (singles):     4 minutes 18 seconds
DAG statistics
mean edges/level: 14     max edges/level: 33
mean edges/node:  1.114  mean count/edge: 8

Window=7 Iteration=14
Time for building model:         1 minute 58 seconds
Time for sampling (singles):     3 minutes 15 seconds
DAG statistics
mean edges/level: 15     max edges/level: 35
mean edges/node:  1.094  mean count/edge: 8

Window=7 Iteration=15
Time for building model:         1 minute 27 seconds
Time for sampling (singles):     3 minutes 58 seconds
DAG statistics
mean edges/level: 18     max edges/level: 34
mean edges/node:  1.075  mean count/edge: 6

Window 8 [ NC_037335.1:103129601-113279630 ]
target markers:      45164

Starting burn-in iterations

Window=8 Iteration=1
Time for building model:         2 minutes 10 seconds
Time for sampling (singles):     11 seconds
DAG statistics
mean edges/level: 7      max edges/level: 35
mean edges/node:  1.604  mean count/edge: 17

Window=8 Iteration=2
Time for building model:         2 minutes 26 seconds
Time for sampling (singles):     12 seconds
DAG statistics
mean edges/level: 6      max edges/level: 23
mean edges/node:  1.517  mean count/edge: 19

Window=8 Iteration=3
Time for building model:         1 minute 43 seconds
Time for sampling (singles):     6 seconds
DAG statistics
mean edges/level: 6      max edges/level: 33
mean edges/node:  1.292  mean count/edge: 19

Window=8 Iteration=4
Time for building model:         1 minute 49 seconds
Time for sampling (singles):     7 seconds
DAG statistics
mean edges/level: 5      max edges/level: 22
mean edges/node:  1.273  mean count/edge: 23

Window=8 Iteration=5
Time for building model:         1 minute 40 seconds
Time for sampling (singles):     7 seconds
DAG statistics
mean edges/level: 6      max edges/level: 33
mean edges/node:  1.225  mean count/edge: 19

Window=8 Iteration=6
Time for building model:         1 minute 27 seconds
Time for sampling (singles):     9 seconds
DAG statistics
mean edges/level: 5      max edges/level: 20
mean edges/node:  1.235  mean count/edge: 23

Window=8 Iteration=7
Time for building model:         1 minute 46 seconds
Time for sampling (singles):     8 seconds
DAG statistics
mean edges/level: 7      max edges/level: 33
mean edges/node:  1.197  mean count/edge: 17

Window=8 Iteration=8
Time for building model:         1 minute 21 seconds
Time for sampling (singles):     5 seconds
DAG statistics
mean edges/level: 5      max edges/level: 22
mean edges/node:  1.219  mean count/edge: 23

Window=8 Iteration=9
Time for building model:         1 minute 30 seconds
Time for sampling (singles):     11 seconds
DAG statistics
mean edges/level: 6      max edges/level: 35
mean edges/node:  1.194  mean count/edge: 19

Window=8 Iteration=10
Time for building model:         1 minute 36 seconds
Time for sampling (singles):     4 seconds
DAG statistics
mean edges/level: 6      max edges/level: 22
mean edges/node:  1.212  mean count/edge: 19

Starting phasing iterations

Window=8 Iteration=11
Time for building model:         33 seconds
Time for sampling (singles):     2 minutes 26 seconds
DAG statistics
mean edges/level: 7      max edges/level: 36
mean edges/node:  1.169  mean count/edge: 17

Window=8 Iteration=12
Time for building model:         42 seconds
Time for sampling (singles):     2 minutes 51 seconds
DAG statistics
mean edges/level: 8      max edges/level: 24
mean edges/node:  1.168  mean count/edge: 15

Window=8 Iteration=13
Time for building model:         49 seconds
Time for sampling (singles):     2 minutes 16 seconds
DAG statistics
mean edges/level: 12     max edges/level: 36
mean edges/node:  1.113  mean count/edge: 10

Window=8 Iteration=14
Time for building model:         51 seconds
Time for sampling (singles):     2 minutes 30 seconds
DAG statistics
mean edges/level: 16     max edges/level: 33
mean edges/node:  1.087  mean count/edge: 7

Window=8 Iteration=15
Time for building model:         1 minute 21 seconds
Time for sampling (singles):     2 minutes 42 seconds
DAG statistics
mean edges/level: 18     max edges/level: 36
mean edges/node:  1.071  mean count/edge: 6

Number of markers:              374164
Total time for building model: 3 hours 42 minutes 15 seconds
Total time for sampling:       2 hours 28 minutes 41 seconds
Total run time:                6 hours 27 minutes 21 seconds

End time: 01:26 AM CEST on 05 Apr 2024
beagle.27Jan18.7e1.jar (version 4.1) finished
