beagle.27Jan18.7e1.jar (version 4.1)
Copyright (C) 2014-2015 Brian L. Browning
Enter "java -jar beagle.27Jan18.7e1.jar" for a summary of command line arguments.
Start time: 06:58 PM CEST on 04 Apr 2024

Command line: java -Xmx54613m -jar beagle.jar
  gl=results/gl/Bostau9_tragmain2_sites_variable_noindels_renamed_Tstr.bcf.gz.NC_037352.1.vcf.gz
  chrom=NC_037352.1
  out=results/imputed/Bostau9_tragmain2_sites_variable_noindels_renamed_Tstr.bcf.gz.NC_037352.1
  nthreads=6

No genetic map is specified: using 1 cM = 1 Mb

reference samples:       0
target samples:         58

Window 1 [ NC_037352.1:3688-12772371 ]
target markers:      50000

Starting burn-in iterations

Window=1 Iteration=1
Time for building model:         5 seconds
Time for sampling (singles):     4 seconds
DAG statistics
mean edges/level: 6      max edges/level: 18
mean edges/node:  1.729  mean count/edge: 19

Window=1 Iteration=2
Time for building model:         2 seconds
Time for sampling (singles):     5 seconds
DAG statistics
mean edges/level: 6      max edges/level: 20
mean edges/node:  1.531  mean count/edge: 19

Window=1 Iteration=3
Time for building model:         7 seconds
Time for sampling (singles):     3 seconds
DAG statistics
mean edges/level: 5      max edges/level: 20
mean edges/node:  1.337  mean count/edge: 23

Window=1 Iteration=4
Time for building model:         2 seconds
Time for sampling (singles):     4 seconds
DAG statistics
mean edges/level: 5      max edges/level: 23
mean edges/node:  1.282  mean count/edge: 23

Window=1 Iteration=5
Time for building model:         2 seconds
Time for sampling (singles):     3 seconds
DAG statistics
mean edges/level: 6      max edges/level: 25
mean edges/node:  1.258  mean count/edge: 19

Window=1 Iteration=6
Time for building model:         2 seconds
Time for sampling (singles):     3 seconds
DAG statistics
mean edges/level: 5      max edges/level: 23
mean edges/node:  1.245  mean count/edge: 23

Window=1 Iteration=7
Time for building model:         8 seconds
Time for sampling (singles):     3 seconds
DAG statistics
mean edges/level: 5      max edges/level: 22
mean edges/node:  1.238  mean count/edge: 23

Window=1 Iteration=8
Time for building model:         7 seconds
Time for sampling (singles):     4 seconds
DAG statistics
mean edges/level: 5      max edges/level: 25
mean edges/node:  1.230  mean count/edge: 23

Window=1 Iteration=9
Time for building model:         2 seconds
Time for sampling (singles):     4 seconds
DAG statistics
mean edges/level: 5      max edges/level: 19
mean edges/node:  1.226  mean count/edge: 23

Window=1 Iteration=10
Time for building model:         2 seconds
Time for sampling (singles):     5 seconds
DAG statistics
mean edges/level: 5      max edges/level: 23
mean edges/node:  1.222  mean count/edge: 23

Starting phasing iterations

Window=1 Iteration=11
Time for building model:         7 seconds
Time for sampling (singles):     20 seconds
DAG statistics
mean edges/level: 7      max edges/level: 27
mean edges/node:  1.190  mean count/edge: 17

Window=1 Iteration=12
Time for building model:         3 seconds
Time for sampling (singles):     7 seconds
DAG statistics
mean edges/level: 9      max edges/level: 28
mean edges/node:  1.158  mean count/edge: 13

Window=1 Iteration=13
Time for building model:         3 seconds
Time for sampling (singles):     7 seconds
DAG statistics
mean edges/level: 15     max edges/level: 37
mean edges/node:  1.109  mean count/edge: 8

Window=1 Iteration=14
Time for building model:         13 seconds
Time for sampling (singles):     1 minute 0 seconds
DAG statistics
mean edges/level: 17     max edges/level: 36
mean edges/node:  1.085  mean count/edge: 7

Window=1 Iteration=15
Time for building model:         6 seconds
Time for sampling (singles):     2 minutes 39 seconds
DAG statistics
mean edges/level: 19     max edges/level: 37
mean edges/node:  1.071  mean count/edge: 6

Window 2 [ NC_037352.1:11967365-26039392 ]
target markers:      50000

Starting burn-in iterations

Window=2 Iteration=1
Time for building model:         2 minutes 4 seconds
Time for sampling (singles):     7 seconds
DAG statistics
mean edges/level: 7      max edges/level: 29
mean edges/node:  1.636  mean count/edge: 17

Window=2 Iteration=2
Time for building model:         2 minutes 39 seconds
Time for sampling (singles):     20 seconds
DAG statistics
mean edges/level: 6      max edges/level: 17
mean edges/node:  1.497  mean count/edge: 19

Window=2 Iteration=3
Time for building model:         2 minutes 2 seconds
Time for sampling (singles):     23 seconds
DAG statistics
mean edges/level: 6      max edges/level: 29
mean edges/node:  1.281  mean count/edge: 19

Window=2 Iteration=4
Time for building model:         1 minute 45 seconds
Time for sampling (singles):     7 seconds
DAG statistics
mean edges/level: 5      max edges/level: 20
mean edges/node:  1.249  mean count/edge: 23

Window=2 Iteration=5
Time for building model:         2 minutes 53 seconds
Time for sampling (singles):     11 seconds
DAG statistics
mean edges/level: 6      max edges/level: 28
mean edges/node:  1.215  mean count/edge: 19

Window=2 Iteration=6
Time for building model:         2 minutes 52 seconds
Time for sampling (singles):     21 seconds
DAG statistics
mean edges/level: 5      max edges/level: 20
mean edges/node:  1.218  mean count/edge: 23

Window=2 Iteration=7
Time for building model:         3 minutes 39 seconds
Time for sampling (singles):     13 seconds
DAG statistics
mean edges/level: 6      max edges/level: 32
mean edges/node:  1.198  mean count/edge: 19

Window=2 Iteration=8
Time for building model:         2 minutes 51 seconds
Time for sampling (singles):     17 seconds
DAG statistics
mean edges/level: 6      max edges/level: 23
mean edges/node:  1.201  mean count/edge: 19

Window=2 Iteration=9
Time for building model:         4 minutes 32 seconds
Time for sampling (singles):     9 seconds
DAG statistics
mean edges/level: 6      max edges/level: 32
mean edges/node:  1.189  mean count/edge: 19

Window=2 Iteration=10
Time for building model:         2 minutes 3 seconds
Time for sampling (singles):     4 seconds
DAG statistics
mean edges/level: 6      max edges/level: 23
mean edges/node:  1.198  mean count/edge: 19

Starting phasing iterations

Window=2 Iteration=11
Time for building model:         12 seconds
Time for sampling (singles):     2 minutes 44 seconds
DAG statistics
mean edges/level: 6      max edges/level: 29
mean edges/node:  1.177  mean count/edge: 19

Window=2 Iteration=12
Time for building model:         1 minute 26 seconds
Time for sampling (singles):     5 minutes 27 seconds
DAG statistics
mean edges/level: 7      max edges/level: 28
mean edges/node:  1.162  mean count/edge: 17

Window=2 Iteration=13
Time for building model:         1 minute 31 seconds
Time for sampling (singles):     4 minutes 9 seconds
DAG statistics
mean edges/level: 7      max edges/level: 28
mean edges/node:  1.163  mean count/edge: 17

Window=2 Iteration=14
Time for building model:         1 minute 27 seconds
Time for sampling (singles):     4 minutes 30 seconds
DAG statistics
mean edges/level: 14     max edges/level: 32
mean edges/node:  1.096  mean count/edge: 8

Window=2 Iteration=15
Time for building model:         2 minutes 23 seconds
Time for sampling (singles):     4 minutes 21 seconds
DAG statistics
mean edges/level: 17     max edges/level: 33
mean edges/node:  1.075  mean count/edge: 7

Window 3 [ NC_037352.1:25180986-38501011 ]
target markers:      50000

Starting burn-in iterations

Window=3 Iteration=1
Time for building model:         5 minutes 31 seconds
Time for sampling (singles):     31 seconds
DAG statistics
mean edges/level: 6      max edges/level: 31
mean edges/node:  1.672  mean count/edge: 19

Window=3 Iteration=2
Time for building model:         3 minutes 5 seconds
Time for sampling (singles):     9 seconds
DAG statistics
mean edges/level: 6      max edges/level: 20
mean edges/node:  1.527  mean count/edge: 19

Window=3 Iteration=3
Time for building model:         4 minutes 9 seconds
Time for sampling (singles):     37 seconds
DAG statistics
mean edges/level: 6      max edges/level: 33
mean edges/node:  1.333  mean count/edge: 19

Window=3 Iteration=4
Time for building model:         4 minutes 15 seconds
Time for sampling (singles):     29 seconds
DAG statistics
mean edges/level: 5      max edges/level: 21
mean edges/node:  1.298  mean count/edge: 23

Window=3 Iteration=5
Time for building model:         2 minutes 33 seconds
Time for sampling (singles):     19 seconds
DAG statistics
mean edges/level: 6      max edges/level: 32
mean edges/node:  1.257  mean count/edge: 19

Window=3 Iteration=6
Time for building model:         5 minutes 0 seconds
Time for sampling (singles):     13 seconds
DAG statistics
mean edges/level: 5      max edges/level: 23
mean edges/node:  1.259  mean count/edge: 23

Window=3 Iteration=7
Time for building model:         2 minutes 54 seconds
Time for sampling (singles):     8 seconds
DAG statistics
mean edges/level: 6      max edges/level: 32
mean edges/node:  1.235  mean count/edge: 19

Window=3 Iteration=8
Time for building model:         3 minutes 13 seconds
Time for sampling (singles):     18 seconds
DAG statistics
mean edges/level: 5      max edges/level: 25
mean edges/node:  1.242  mean count/edge: 23

Window=3 Iteration=9
Time for building model:         4 minutes 7 seconds
Time for sampling (singles):     17 seconds
DAG statistics
mean edges/level: 6      max edges/level: 34
mean edges/node:  1.226  mean count/edge: 19

Window=3 Iteration=10
Time for building model:         4 minutes 8 seconds
Time for sampling (singles):     29 seconds
DAG statistics
mean edges/level: 6      max edges/level: 22
mean edges/node:  1.233  mean count/edge: 19

Starting phasing iterations

Window=3 Iteration=11
Time for building model:         1 minute 9 seconds
Time for sampling (singles):     4 minutes 54 seconds
DAG statistics
mean edges/level: 7      max edges/level: 34
mean edges/node:  1.202  mean count/edge: 17

Window=3 Iteration=12
Time for building model:         1 minute 42 seconds
Time for sampling (singles):     5 minutes 25 seconds
DAG statistics
mean edges/level: 7      max edges/level: 27
mean edges/node:  1.200  mean count/edge: 17

Window=3 Iteration=13
Time for building model:         2 minutes 2 seconds
Time for sampling (singles):     4 minutes 53 seconds
DAG statistics
mean edges/level: 8      max edges/level: 32
mean edges/node:  1.171  mean count/edge: 15

Window=3 Iteration=14
Time for building model:         1 minute 40 seconds
Time for sampling (singles):     4 minutes 18 seconds
DAG statistics
mean edges/level: 14     max edges/level: 30
mean edges/node:  1.113  mean count/edge: 8

Window=3 Iteration=15
Time for building model:         1 minute 29 seconds
Time for sampling (singles):     4 minutes 42 seconds
DAG statistics
mean edges/level: 16     max edges/level: 34
mean edges/node:  1.091  mean count/edge: 7

Window 4 [ NC_037352.1:37715430-42349792 ]
target markers:      22424

Starting burn-in iterations

Window=4 Iteration=1
Time for building model:         1 minute 22 seconds
Time for sampling (singles):     3 seconds
DAG statistics
mean edges/level: 6      max edges/level: 30
mean edges/node:  1.585  mean count/edge: 19

Window=4 Iteration=2
Time for building model:         1 minute 26 seconds
Time for sampling (singles):     4 seconds
DAG statistics
mean edges/level: 5      max edges/level: 20
mean edges/node:  1.568  mean count/edge: 23

Window=4 Iteration=3
Time for building model:         1 minute 14 seconds
Time for sampling (singles):     3 seconds
DAG statistics
mean edges/level: 6      max edges/level: 28
mean edges/node:  1.336  mean count/edge: 19

Window=4 Iteration=4
Time for building model:         1 minute 11 seconds
Time for sampling (singles):     3 seconds
DAG statistics
mean edges/level: 5      max edges/level: 20
mean edges/node:  1.343  mean count/edge: 23

Window=4 Iteration=5
Time for building model:         50 seconds
Time for sampling (singles):     8 seconds
DAG statistics
mean edges/level: 7      max edges/level: 29
mean edges/node:  1.260  mean count/edge: 17

Window=4 Iteration=6
Time for building model:         1 minute 13 seconds
Time for sampling (singles):     2 seconds
DAG statistics
mean edges/level: 5      max edges/level: 20
mean edges/node:  1.291  mean count/edge: 23

Window=4 Iteration=7
Time for building model:         1 minute 13 seconds
Time for sampling (singles):     2 seconds
DAG statistics
mean edges/level: 6      max edges/level: 29
mean edges/node:  1.239  mean count/edge: 19

Window=4 Iteration=8
Time for building model:         1 minute 54 seconds
Time for sampling (singles):     8 seconds
DAG statistics
mean edges/level: 5      max edges/level: 20
mean edges/node:  1.273  mean count/edge: 23

Window=4 Iteration=9
Time for building model:         1 minute 41 seconds
Time for sampling (singles):     3 seconds
DAG statistics
mean edges/level: 6      max edges/level: 28
mean edges/node:  1.230  mean count/edge: 19

Window=4 Iteration=10
Time for building model:         1 minute 37 seconds
Time for sampling (singles):     2 seconds
DAG statistics
mean edges/level: 5      max edges/level: 20
mean edges/node:  1.260  mean count/edge: 23

Starting phasing iterations

Window=4 Iteration=11
Time for building model:         28 seconds
Time for sampling (singles):     2 minutes 18 seconds
DAG statistics
mean edges/level: 10     max edges/level: 29
mean edges/node:  1.167  mean count/edge: 12

Window=4 Iteration=12
Time for building model:         1 minute 12 seconds
Time for sampling (singles):     3 minutes 2 seconds
DAG statistics
mean edges/level: 13     max edges/level: 32
mean edges/node:  1.139  mean count/edge: 9

Window=4 Iteration=13
Time for building model:         59 seconds
Time for sampling (singles):     2 minutes 47 seconds
DAG statistics
mean edges/level: 15     max edges/level: 32
mean edges/node:  1.115  mean count/edge: 8

Window=4 Iteration=14
Time for building model:         54 seconds
Time for sampling (singles):     2 minutes 38 seconds
DAG statistics
mean edges/level: 16     max edges/level: 38
mean edges/node:  1.099  mean count/edge: 7

Window=4 Iteration=15
Time for building model:         50 seconds
Time for sampling (singles):     2 minutes 10 seconds
DAG statistics
mean edges/level: 17     max edges/level: 35
mean edges/node:  1.086  mean count/edge: 7

Number of markers:              163424
Total time for building model: 1 hour 40 minutes 29 seconds
Total time for sampling:       1 hour 9 minutes 36 seconds
Total run time:                2 hours 58 minutes 2 seconds

End time: 09:56 PM CEST on 04 Apr 2024
beagle.27Jan18.7e1.jar (version 4.1) finished
