beagle.27Jan18.7e1.jar (version 4.1)
Copyright (C) 2014-2015 Brian L. Browning
Enter "java -jar beagle.27Jan18.7e1.jar" for a summary of command line arguments.
Start time: 07:00 PM CEST on 04 Apr 2024

Command line: java -Xmx54613m -jar beagle.jar
  gl=results/gl/Bostau9_tragmain2_sites_variable_noindels_renamed_Tstr.bcf.gz.NC_037330.1.vcf.gz
  chrom=NC_037330.1
  out=results/imputed/Bostau9_tragmain2_sites_variable_noindels_renamed_Tstr.bcf.gz.NC_037330.1
  nthreads=6

No genetic map is specified: using 1 cM = 1 Mb

reference samples:       0
target samples:         58

Window 1 [ NC_037330.1:3170-16403676 ]
target markers:      50000

Starting burn-in iterations

Window=1 Iteration=1
Time for building model:         8 seconds
Time for sampling (singles):     3 seconds
DAG statistics
mean edges/level: 5      max edges/level: 18
mean edges/node:  1.811  mean count/edge: 23

Window=1 Iteration=2
Time for building model:         17 seconds
Time for sampling (singles):     5 seconds
DAG statistics
mean edges/level: 5      max edges/level: 18
mean edges/node:  1.641  mean count/edge: 23

Window=1 Iteration=3
Time for building model:         19 seconds
Time for sampling (singles):     2 seconds
DAG statistics
mean edges/level: 5      max edges/level: 17
mean edges/node:  1.465  mean count/edge: 23

Window=1 Iteration=4
Time for building model:         2 seconds
Time for sampling (singles):     3 seconds
DAG statistics
mean edges/level: 5      max edges/level: 18
mean edges/node:  1.395  mean count/edge: 23

Window=1 Iteration=5
Time for building model:         2 seconds
Time for sampling (singles):     3 seconds
DAG statistics
mean edges/level: 4      max edges/level: 18
mean edges/node:  1.368  mean count/edge: 29

Window=1 Iteration=6
Time for building model:         2 seconds
Time for sampling (singles):     3 seconds
DAG statistics
mean edges/level: 5      max edges/level: 21
mean edges/node:  1.347  mean count/edge: 23

Window=1 Iteration=7
Time for building model:         20 seconds
Time for sampling (singles):     4 seconds
DAG statistics
mean edges/level: 5      max edges/level: 21
mean edges/node:  1.334  mean count/edge: 23

Window=1 Iteration=8
Time for building model:         12 seconds
Time for sampling (singles):     3 seconds
DAG statistics
mean edges/level: 5      max edges/level: 21
mean edges/node:  1.321  mean count/edge: 23

Window=1 Iteration=9
Time for building model:         1 minute 8 seconds
Time for sampling (singles):     7 seconds
DAG statistics
mean edges/level: 5      max edges/level: 18
mean edges/node:  1.318  mean count/edge: 23

Window=1 Iteration=10
Time for building model:         2 minutes 44 seconds
Time for sampling (singles):     22 seconds
DAG statistics
mean edges/level: 5      max edges/level: 23
mean edges/node:  1.305  mean count/edge: 23

Starting phasing iterations

Window=1 Iteration=11
Time for building model:         33 seconds
Time for sampling (singles):     1 minute 43 seconds
DAG statistics
mean edges/level: 6      max edges/level: 19
mean edges/node:  1.288  mean count/edge: 19

Window=1 Iteration=12
Time for building model:         13 seconds
Time for sampling (singles):     11 seconds
DAG statistics
mean edges/level: 7      max edges/level: 26
mean edges/node:  1.261  mean count/edge: 17

Window=1 Iteration=13
Time for building model:         4 seconds
Time for sampling (singles):     11 seconds
DAG statistics
mean edges/level: 10     max edges/level: 28
mean edges/node:  1.193  mean count/edge: 12

Window=1 Iteration=14
Time for building model:         4 seconds
Time for sampling (singles):     11 seconds
DAG statistics
mean edges/level: 8      max edges/level: 27
mean edges/node:  1.214  mean count/edge: 15

Window=1 Iteration=15
Time for building model:         2 seconds
Time for sampling (singles):     8 seconds
DAG statistics
mean edges/level: 13     max edges/level: 31
mean edges/node:  1.134  mean count/edge: 9

Window 2 [ NC_037330.1:15203469-30849259 ]
target markers:      50000

Starting burn-in iterations

Window=2 Iteration=1
Time for building model:         2 seconds
Time for sampling (singles):     3 seconds
DAG statistics
mean edges/level: 6      max edges/level: 31
mean edges/node:  1.673  mean count/edge: 19

Window=2 Iteration=2
Time for building model:         2 seconds
Time for sampling (singles):     5 seconds
DAG statistics
mean edges/level: 5      max edges/level: 20
mean edges/node:  1.543  mean count/edge: 23

Window=2 Iteration=3
Time for building model:         7 seconds
Time for sampling (singles):     3 seconds
DAG statistics
mean edges/level: 5      max edges/level: 33
mean edges/node:  1.357  mean count/edge: 23

Window=2 Iteration=4
Time for building model:         2 seconds
Time for sampling (singles):     3 seconds
DAG statistics
mean edges/level: 5      max edges/level: 22
mean edges/node:  1.326  mean count/edge: 23

Window=2 Iteration=5
Time for building model:         2 seconds
Time for sampling (singles):     3 seconds
DAG statistics
mean edges/level: 5      max edges/level: 32
mean edges/node:  1.288  mean count/edge: 23

Window=2 Iteration=6
Time for building model:         2 seconds
Time for sampling (singles):     3 seconds
DAG statistics
mean edges/level: 5      max edges/level: 24
mean edges/node:  1.287  mean count/edge: 23

Window=2 Iteration=7
Time for building model:         19 seconds
Time for sampling (singles):     4 seconds
DAG statistics
mean edges/level: 5      max edges/level: 30
mean edges/node:  1.266  mean count/edge: 23

Window=2 Iteration=8
Time for building model:         5 seconds
Time for sampling (singles):     4 seconds
DAG statistics
mean edges/level: 5      max edges/level: 23
mean edges/node:  1.271  mean count/edge: 23

Window=2 Iteration=9
Time for building model:         6 seconds
Time for sampling (singles):     4 seconds
DAG statistics
mean edges/level: 5      max edges/level: 30
mean edges/node:  1.254  mean count/edge: 23

Window=2 Iteration=10
Time for building model:         7 seconds
Time for sampling (singles):     4 seconds
DAG statistics
mean edges/level: 5      max edges/level: 25
mean edges/node:  1.261  mean count/edge: 23

Starting phasing iterations

Window=2 Iteration=11
Time for building model:         4 seconds
Time for sampling (singles):     34 seconds
DAG statistics
mean edges/level: 7      max edges/level: 31
mean edges/node:  1.239  mean count/edge: 17

Window=2 Iteration=12
Time for building model:         12 seconds
Time for sampling (singles):     27 seconds
DAG statistics
mean edges/level: 9      max edges/level: 33
mean edges/node:  1.195  mean count/edge: 13

Window=2 Iteration=13
Time for building model:         2 seconds
Time for sampling (singles):     7 seconds
DAG statistics
mean edges/level: 8      max edges/level: 29
mean edges/node:  1.203  mean count/edge: 15

Window=2 Iteration=14
Time for building model:         3 seconds
Time for sampling (singles):     8 seconds
DAG statistics
mean edges/level: 14     max edges/level: 36
mean edges/node:  1.134  mean count/edge: 8

Window=2 Iteration=15
Time for building model:         3 seconds
Time for sampling (singles):     8 seconds
DAG statistics
mean edges/level: 15     max edges/level: 34
mean edges/node:  1.109  mean count/edge: 8

Window 3 [ NC_037330.1:29820341-48159748 ]
target markers:      50000

Starting burn-in iterations

Window=3 Iteration=1
Time for building model:         2 seconds
Time for sampling (singles):     4 seconds
DAG statistics
mean edges/level: 7      max edges/level: 32
mean edges/node:  1.618  mean count/edge: 17

Window=3 Iteration=2
Time for building model:         2 seconds
Time for sampling (singles):     4 seconds
DAG statistics
mean edges/level: 6      max edges/level: 19
mean edges/node:  1.473  mean count/edge: 19

Window=3 Iteration=3
Time for building model:         2 seconds
Time for sampling (singles):     3 seconds
DAG statistics
mean edges/level: 6      max edges/level: 33
mean edges/node:  1.277  mean count/edge: 19

Window=3 Iteration=4
Time for building model:         2 seconds
Time for sampling (singles):     4 seconds
DAG statistics
mean edges/level: 5      max edges/level: 20
mean edges/node:  1.253  mean count/edge: 23

Window=3 Iteration=5
Time for building model:         2 seconds
Time for sampling (singles):     3 seconds
DAG statistics
mean edges/level: 6      max edges/level: 31
mean edges/node:  1.218  mean count/edge: 19

Window=3 Iteration=6
Time for building model:         2 seconds
Time for sampling (singles):     4 seconds
DAG statistics
mean edges/level: 6      max edges/level: 24
mean edges/node:  1.223  mean count/edge: 19

Window=3 Iteration=7
Time for building model:         2 seconds
Time for sampling (singles):     4 seconds
DAG statistics
mean edges/level: 6      max edges/level: 32
mean edges/node:  1.206  mean count/edge: 19

Window=3 Iteration=8
Time for building model:         2 seconds
Time for sampling (singles):     4 seconds
DAG statistics
mean edges/level: 5      max edges/level: 26
mean edges/node:  1.214  mean count/edge: 23

Window=3 Iteration=9
Time for building model:         2 seconds
Time for sampling (singles):     4 seconds
DAG statistics
mean edges/level: 6      max edges/level: 33
mean edges/node:  1.198  mean count/edge: 19

Window=3 Iteration=10
Time for building model:         2 seconds
Time for sampling (singles):     4 seconds
DAG statistics
mean edges/level: 6      max edges/level: 21
mean edges/node:  1.205  mean count/edge: 19

Starting phasing iterations

Window=3 Iteration=11
Time for building model:         1 second
Time for sampling (singles):     22 seconds
DAG statistics
mean edges/level: 7      max edges/level: 34
mean edges/node:  1.177  mean count/edge: 17

Window=3 Iteration=12
Time for building model:         10 seconds
Time for sampling (singles):     38 seconds
DAG statistics
mean edges/level: 8      max edges/level: 27
mean edges/node:  1.175  mean count/edge: 15

Window=3 Iteration=13
Time for building model:         2 minutes 6 seconds
Time for sampling (singles):     3 minutes 29 seconds
DAG statistics
mean edges/level: 10     max edges/level: 34
mean edges/node:  1.135  mean count/edge: 12

Window=3 Iteration=14
Time for building model:         1 minute 36 seconds
Time for sampling (singles):     3 minutes 23 seconds
DAG statistics
mean edges/level: 12     max edges/level: 32
mean edges/node:  1.110  mean count/edge: 10

Window=3 Iteration=15
Time for building model:         2 minutes 49 seconds
Time for sampling (singles):     4 minutes 58 seconds
DAG statistics
mean edges/level: 17     max edges/level: 38
mean edges/node:  1.080  mean count/edge: 7

Window 4 [ NC_037330.1:47343398-64272288 ]
target markers:      50000

Starting burn-in iterations

Window=4 Iteration=1
Time for building model:         7 minutes 21 seconds
Time for sampling (singles):     50 seconds
DAG statistics
mean edges/level: 7      max edges/level: 32
mean edges/node:  1.635  mean count/edge: 17

Window=4 Iteration=2
Time for building model:         3 minutes 14 seconds
Time for sampling (singles):     13 seconds
DAG statistics
mean edges/level: 6      max edges/level: 24
mean edges/node:  1.467  mean count/edge: 19

Window=4 Iteration=3
Time for building model:         3 minutes 55 seconds
Time for sampling (singles):     21 seconds
DAG statistics
mean edges/level: 6      max edges/level: 31
mean edges/node:  1.282  mean count/edge: 19

Window=4 Iteration=4
Time for building model:         4 minutes 20 seconds
Time for sampling (singles):     18 seconds
DAG statistics
mean edges/level: 6      max edges/level: 22
mean edges/node:  1.248  mean count/edge: 19

Window=4 Iteration=5
Time for building model:         2 minutes 18 seconds
Time for sampling (singles):     11 seconds
DAG statistics
mean edges/level: 6      max edges/level: 28
mean edges/node:  1.220  mean count/edge: 19

Window=4 Iteration=6
Time for building model:         4 minutes 31 seconds
Time for sampling (singles):     20 seconds
DAG statistics
mean edges/level: 6      max edges/level: 24
mean edges/node:  1.218  mean count/edge: 19

Window=4 Iteration=7
Time for building model:         2 minutes 56 seconds
Time for sampling (singles):     10 seconds
DAG statistics
mean edges/level: 6      max edges/level: 34
mean edges/node:  1.202  mean count/edge: 19

Window=4 Iteration=8
Time for building model:         3 minutes 52 seconds
Time for sampling (singles):     14 seconds
DAG statistics
mean edges/level: 6      max edges/level: 26
mean edges/node:  1.207  mean count/edge: 19

Window=4 Iteration=9
Time for building model:         2 minutes 38 seconds
Time for sampling (singles):     12 seconds
DAG statistics
mean edges/level: 6      max edges/level: 32
mean edges/node:  1.196  mean count/edge: 19

Window=4 Iteration=10
Time for building model:         3 minutes 18 seconds
Time for sampling (singles):     15 seconds
DAG statistics
mean edges/level: 6      max edges/level: 23
mean edges/node:  1.194  mean count/edge: 19

Starting phasing iterations

Window=4 Iteration=11
Time for building model:         58 seconds
Time for sampling (singles):     4 minutes 37 seconds
DAG statistics
mean edges/level: 7      max edges/level: 29
mean edges/node:  1.172  mean count/edge: 17

Window=4 Iteration=12
Time for building model:         1 minute 57 seconds
Time for sampling (singles):     3 minutes 47 seconds
DAG statistics
mean edges/level: 7      max edges/level: 27
mean edges/node:  1.185  mean count/edge: 17

Window=4 Iteration=13
Time for building model:         1 minute 35 seconds
Time for sampling (singles):     2 minutes 59 seconds
DAG statistics
mean edges/level: 10     max edges/level: 31
mean edges/node:  1.129  mean count/edge: 12

Window=4 Iteration=14
Time for building model:         1 minute 38 seconds
Time for sampling (singles):     3 minutes 37 seconds
DAG statistics
mean edges/level: 14     max edges/level: 34
mean edges/node:  1.097  mean count/edge: 8

Window=4 Iteration=15
Time for building model:         1 minute 7 seconds
Time for sampling (singles):     3 minutes 7 seconds
DAG statistics
mean edges/level: 17     max edges/level: 37
mean edges/node:  1.074  mean count/edge: 7

Window 5 [ NC_037330.1:63273207-80506319 ]
target markers:      50000

Starting burn-in iterations

Window=5 Iteration=1
Time for building model:         2 minutes 36 seconds
Time for sampling (singles):     50 seconds
DAG statistics
mean edges/level: 7      max edges/level: 30
mean edges/node:  1.609  mean count/edge: 17

Window=5 Iteration=2
Time for building model:         2 minutes 51 seconds
Time for sampling (singles):     8 seconds
DAG statistics
mean edges/level: 6      max edges/level: 21
mean edges/node:  1.461  mean count/edge: 19

Window=5 Iteration=3
Time for building model:         3 minutes 24 seconds
Time for sampling (singles):     18 seconds
DAG statistics
mean edges/level: 6      max edges/level: 32
mean edges/node:  1.263  mean count/edge: 19

Window=5 Iteration=4
Time for building model:         3 minutes 9 seconds
Time for sampling (singles):     6 seconds
DAG statistics
mean edges/level: 5      max edges/level: 22
mean edges/node:  1.235  mean count/edge: 23

Window=5 Iteration=5
Time for building model:         2 minutes 38 seconds
Time for sampling (singles):     11 seconds
DAG statistics
mean edges/level: 6      max edges/level: 32
mean edges/node:  1.201  mean count/edge: 19

Window=5 Iteration=6
Time for building model:         3 minutes 44 seconds
Time for sampling (singles):     16 seconds
DAG statistics
mean edges/level: 5      max edges/level: 20
mean edges/node:  1.209  mean count/edge: 23

Window=5 Iteration=7
Time for building model:         2 minutes 46 seconds
Time for sampling (singles):     13 seconds
DAG statistics
mean edges/level: 6      max edges/level: 32
mean edges/node:  1.190  mean count/edge: 19

Window=5 Iteration=8
Time for building model:         2 minutes 50 seconds
Time for sampling (singles):     8 seconds
DAG statistics
mean edges/level: 5      max edges/level: 22
mean edges/node:  1.199  mean count/edge: 23

Window=5 Iteration=9
Time for building model:         3 minutes 3 seconds
Time for sampling (singles):     15 seconds
DAG statistics
mean edges/level: 6      max edges/level: 29
mean edges/node:  1.181  mean count/edge: 19

Window=5 Iteration=10
Time for building model:         3 minutes 8 seconds
Time for sampling (singles):     7 seconds
DAG statistics
mean edges/level: 6      max edges/level: 25
mean edges/node:  1.193  mean count/edge: 19

Starting phasing iterations

Window=5 Iteration=11
Time for building model:         1 minute 36 seconds
Time for sampling (singles):     4 minutes 42 seconds
DAG statistics
mean edges/level: 7      max edges/level: 30
mean edges/node:  1.168  mean count/edge: 17

Window=5 Iteration=12
Time for building model:         2 minutes 2 seconds
Time for sampling (singles):     4 minutes 30 seconds
DAG statistics
mean edges/level: 7      max edges/level: 27
mean edges/node:  1.171  mean count/edge: 17

Window=5 Iteration=13
Time for building model:         1 minute 25 seconds
Time for sampling (singles):     4 minutes 39 seconds
DAG statistics
mean edges/level: 8      max edges/level: 30
mean edges/node:  1.142  mean count/edge: 15

Window=5 Iteration=14
Time for building model:         1 minute 44 seconds
Time for sampling (singles):     4 minutes 35 seconds
DAG statistics
mean edges/level: 8      max edges/level: 30
mean edges/node:  1.139  mean count/edge: 15

Window=5 Iteration=15
Time for building model:         2 minutes 21 seconds
Time for sampling (singles):     4 minutes 59 seconds
DAG statistics
mean edges/level: 15     max edges/level: 33
mean edges/node:  1.086  mean count/edge: 8

Window 6 [ NC_037330.1:79296860-94945512 ]
target markers:      50000

Starting burn-in iterations

Window=6 Iteration=1
Time for building model:         5 minutes 24 seconds
Time for sampling (singles):     56 seconds
DAG statistics
mean edges/level: 7      max edges/level: 27
mean edges/node:  1.650  mean count/edge: 17

Window=6 Iteration=2
Time for building model:         2 minutes 39 seconds
Time for sampling (singles):     5 seconds
DAG statistics
mean edges/level: 6      max edges/level: 21
mean edges/node:  1.474  mean count/edge: 19

Window=6 Iteration=3
Time for building model:         3 minutes 32 seconds
Time for sampling (singles):     31 seconds
DAG statistics
mean edges/level: 6      max edges/level: 25
mean edges/node:  1.284  mean count/edge: 19

Window=6 Iteration=4
Time for building model:         2 minutes 56 seconds
Time for sampling (singles):     11 seconds
DAG statistics
mean edges/level: 6      max edges/level: 23
mean edges/node:  1.245  mean count/edge: 19

Window=6 Iteration=5
Time for building model:         2 minutes 51 seconds
Time for sampling (singles):     11 seconds
DAG statistics
mean edges/level: 6      max edges/level: 24
mean edges/node:  1.221  mean count/edge: 19

Window=6 Iteration=6
Time for building model:         3 minutes 3 seconds
Time for sampling (singles):     13 seconds
DAG statistics
mean edges/level: 5      max edges/level: 21
mean edges/node:  1.220  mean count/edge: 23

Window=6 Iteration=7
Time for building model:         3 minutes 42 seconds
Time for sampling (singles):     20 seconds
DAG statistics
mean edges/level: 6      max edges/level: 25
mean edges/node:  1.204  mean count/edge: 19

Window=6 Iteration=8
Time for building model:         2 minutes 44 seconds
Time for sampling (singles):     9 seconds
DAG statistics
mean edges/level: 5      max edges/level: 21
mean edges/node:  1.210  mean count/edge: 23

Window=6 Iteration=9
Time for building model:         3 minutes 19 seconds
Time for sampling (singles):     11 seconds
DAG statistics
mean edges/level: 6      max edges/level: 25
mean edges/node:  1.197  mean count/edge: 19

Window=6 Iteration=10
Time for building model:         3 minutes 37 seconds
Time for sampling (singles):     7 seconds
DAG statistics
mean edges/level: 6      max edges/level: 24
mean edges/node:  1.196  mean count/edge: 19

Starting phasing iterations

Window=6 Iteration=11
Time for building model:         1 minute 10 seconds
Time for sampling (singles):     5 minutes 43 seconds
DAG statistics
mean edges/level: 7      max edges/level: 26
mean edges/node:  1.181  mean count/edge: 17

Window=6 Iteration=12
Time for building model:         1 minute 49 seconds
Time for sampling (singles):     5 minutes 41 seconds
DAG statistics
mean edges/level: 7      max edges/level: 29
mean edges/node:  1.185  mean count/edge: 17

Window=6 Iteration=13
Time for building model:         2 minutes 12 seconds
Time for sampling (singles):     5 minutes 27 seconds
DAG statistics
mean edges/level: 9      max edges/level: 32
mean edges/node:  1.142  mean count/edge: 13

Window=6 Iteration=14
Time for building model:         1 minute 46 seconds
Time for sampling (singles):     5 minutes 23 seconds
DAG statistics
mean edges/level: 9      max edges/level: 30
mean edges/node:  1.136  mean count/edge: 13

Window=6 Iteration=15
Time for building model:         1 minute 57 seconds
Time for sampling (singles):     4 minutes 31 seconds
DAG statistics
mean edges/level: 16     max edges/level: 32
mean edges/node:  1.085  mean count/edge: 7

Window 7 [ NC_037330.1:93568264-109065620 ]
target markers:      50000

Starting burn-in iterations

Window=7 Iteration=1
Time for building model:         4 minutes 15 seconds
Time for sampling (singles):     29 seconds
DAG statistics
mean edges/level: 7      max edges/level: 26
mean edges/node:  1.656  mean count/edge: 17

Window=7 Iteration=2
Time for building model:         3 minutes 34 seconds
Time for sampling (singles):     18 seconds
DAG statistics
mean edges/level: 6      max edges/level: 21
mean edges/node:  1.473  mean count/edge: 19

Window=7 Iteration=3
Time for building model:         3 minutes 21 seconds
Time for sampling (singles):     19 seconds
DAG statistics
mean edges/level: 6      max edges/level: 25
mean edges/node:  1.298  mean count/edge: 19

Window=7 Iteration=4
Time for building model:         2 minutes 39 seconds
Time for sampling (singles):     13 seconds
DAG statistics
mean edges/level: 5      max edges/level: 24
mean edges/node:  1.261  mean count/edge: 23

Window=7 Iteration=5
Time for building model:         2 minutes 9 seconds
Time for sampling (singles):     10 seconds
DAG statistics
mean edges/level: 6      max edges/level: 26
mean edges/node:  1.235  mean count/edge: 19

Window=7 Iteration=6
Time for building model:         2 minutes 33 seconds
Time for sampling (singles):     9 seconds
DAG statistics
mean edges/level: 6      max edges/level: 25
mean edges/node:  1.230  mean count/edge: 19

Window=7 Iteration=7
Time for building model:         2 minutes 37 seconds
Time for sampling (singles):     9 seconds
DAG statistics
mean edges/level: 6      max edges/level: 28
mean edges/node:  1.217  mean count/edge: 19

Window=7 Iteration=8
Time for building model:         2 minutes 6 seconds
Time for sampling (singles):     9 seconds
DAG statistics
mean edges/level: 6      max edges/level: 25
mean edges/node:  1.217  mean count/edge: 19

Window=7 Iteration=9
Time for building model:         2 minutes 28 seconds
Time for sampling (singles):     5 seconds
DAG statistics
mean edges/level: 6      max edges/level: 27
mean edges/node:  1.210  mean count/edge: 19

Window=7 Iteration=10
Time for building model:         2 minutes 6 seconds
Time for sampling (singles):     7 seconds
DAG statistics
mean edges/level: 6      max edges/level: 33
mean edges/node:  1.211  mean count/edge: 19

Starting phasing iterations

Window=7 Iteration=11
Time for building model:         54 seconds
Time for sampling (singles):     2 minutes 55 seconds
DAG statistics
mean edges/level: 7      max edges/level: 32
mean edges/node:  1.193  mean count/edge: 17

Window=7 Iteration=12
Time for building model:         1 minute 3 seconds
Time for sampling (singles):     2 minutes 16 seconds
DAG statistics
mean edges/level: 8      max edges/level: 28
mean edges/node:  1.178  mean count/edge: 15

Window=7 Iteration=13
Time for building model:         1 minute 24 seconds
Time for sampling (singles):     2 minutes 18 seconds
DAG statistics
mean edges/level: 7      max edges/level: 32
mean edges/node:  1.182  mean count/edge: 17

Window=7 Iteration=14
Time for building model:         1 minute 16 seconds
Time for sampling (singles):     2 minutes 39 seconds
DAG statistics
mean edges/level: 14     max edges/level: 30
mean edges/node:  1.107  mean count/edge: 8

Window=7 Iteration=15
Time for building model:         59 seconds
Time for sampling (singles):     2 minutes 1 second
DAG statistics
mean edges/level: 16     max edges/level: 37
mean edges/node:  1.083  mean count/edge: 7

Window 8 [ NC_037330.1:108443805-119007146 ]
target markers:      50000

Starting burn-in iterations

Window=8 Iteration=1
Time for building model:         1 minute 56 seconds
Time for sampling (singles):     9 seconds
DAG statistics
mean edges/level: 7      max edges/level: 30
mean edges/node:  1.633  mean count/edge: 17

Window=8 Iteration=2
Time for building model:         1 minute 38 seconds
Time for sampling (singles):     9 seconds
DAG statistics
mean edges/level: 6      max edges/level: 20
mean edges/node:  1.493  mean count/edge: 19

Window=8 Iteration=3
Time for building model:         2 minutes 21 seconds
Time for sampling (singles):     18 seconds
DAG statistics
mean edges/level: 6      max edges/level: 28
mean edges/node:  1.289  mean count/edge: 19

Window=8 Iteration=4
Time for building model:         2 minutes 36 seconds
Time for sampling (singles):     12 seconds
DAG statistics
mean edges/level: 5      max edges/level: 20
mean edges/node:  1.258  mean count/edge: 23

Window=8 Iteration=5
Time for building model:         2 minutes 37 seconds
Time for sampling (singles):     7 seconds
DAG statistics
mean edges/level: 6      max edges/level: 29
mean edges/node:  1.215  mean count/edge: 19

Window=8 Iteration=6
Time for building model:         2 minutes 59 seconds
Time for sampling (singles):     23 seconds
DAG statistics
mean edges/level: 6      max edges/level: 21
mean edges/node:  1.220  mean count/edge: 19

Window=8 Iteration=7
Time for building model:         2 minutes 52 seconds
Time for sampling (singles):     19 seconds
DAG statistics
mean edges/level: 6      max edges/level: 31
mean edges/node:  1.197  mean count/edge: 19

Window=8 Iteration=8
Time for building model:         3 minutes 13 seconds
Time for sampling (singles):     15 seconds
DAG statistics
mean edges/level: 6      max edges/level: 22
mean edges/node:  1.206  mean count/edge: 19

Window=8 Iteration=9
Time for building model:         2 minutes 42 seconds
Time for sampling (singles):     18 seconds
DAG statistics
mean edges/level: 6      max edges/level: 29
mean edges/node:  1.188  mean count/edge: 19

Window=8 Iteration=10
Time for building model:         3 minutes 4 seconds
Time for sampling (singles):     4 seconds
DAG statistics
mean edges/level: 6      max edges/level: 21
mean edges/node:  1.199  mean count/edge: 19

Starting phasing iterations

Window=8 Iteration=11
Time for building model:         1 minute 3 seconds
Time for sampling (singles):     4 minutes 13 seconds
DAG statistics
mean edges/level: 7      max edges/level: 29
mean edges/node:  1.161  mean count/edge: 17

Window=8 Iteration=12
Time for building model:         1 minute 17 seconds
Time for sampling (singles):     4 minutes 52 seconds
DAG statistics
mean edges/level: 7      max edges/level: 28
mean edges/node:  1.166  mean count/edge: 17

Window=8 Iteration=13
Time for building model:         58 seconds
Time for sampling (singles):     3 minutes 41 seconds
DAG statistics
mean edges/level: 13     max edges/level: 32
mean edges/node:  1.106  mean count/edge: 9

Window=8 Iteration=14
Time for building model:         1 minute 32 seconds
Time for sampling (singles):     3 minutes 24 seconds
DAG statistics
mean edges/level: 16     max edges/level: 33
mean edges/node:  1.081  mean count/edge: 7

Window=8 Iteration=15
Time for building model:         1 minute 42 seconds
Time for sampling (singles):     3 minutes 13 seconds
DAG statistics
mean edges/level: 18     max edges/level: 35
mean edges/node:  1.066  mean count/edge: 6

Window 9 [ NC_037330.1:118619816-120999594 ]
target markers:      14747

Starting burn-in iterations

Window=9 Iteration=1
Time for building model:         38 seconds
Time for sampling (singles):     1 second
DAG statistics
mean edges/level: 6      max edges/level: 28
mean edges/node:  1.477  mean count/edge: 19

Window=9 Iteration=2
Time for building model:         42 seconds
Time for sampling (singles):     4 seconds
DAG statistics
mean edges/level: 5      max edges/level: 18
mean edges/node:  1.573  mean count/edge: 23

Window=9 Iteration=3
Time for building model:         48 seconds
Time for sampling (singles):     4 seconds
DAG statistics
mean edges/level: 6      max edges/level: 27
mean edges/node:  1.339  mean count/edge: 19

Window=9 Iteration=4
Time for building model:         41 seconds
Time for sampling (singles):     2 seconds
DAG statistics
mean edges/level: 5      max edges/level: 18
mean edges/node:  1.397  mean count/edge: 23

Window=9 Iteration=5
Time for building model:         47 seconds
Time for sampling (singles):     1 second
DAG statistics
mean edges/level: 6      max edges/level: 27
mean edges/node:  1.281  mean count/edge: 19

Window=9 Iteration=6
Time for building model:         32 seconds
Time for sampling (singles):     4 seconds
DAG statistics
mean edges/level: 5      max edges/level: 21
mean edges/node:  1.345  mean count/edge: 23

Window=9 Iteration=7
Time for building model:         27 seconds
Time for sampling (singles):     2 seconds
DAG statistics
mean edges/level: 6      max edges/level: 30
mean edges/node:  1.259  mean count/edge: 19

Window=9 Iteration=8
Time for building model:         36 seconds
Time for sampling (singles):     4 seconds
DAG statistics
mean edges/level: 4      max edges/level: 18
mean edges/node:  1.343  mean count/edge: 29

Window=9 Iteration=9
Time for building model:         35 seconds
Time for sampling (singles):     2 seconds
DAG statistics
mean edges/level: 6      max edges/level: 30
mean edges/node:  1.244  mean count/edge: 19

Window=9 Iteration=10
Time for building model:         41 seconds
Time for sampling (singles):     2 seconds
DAG statistics
mean edges/level: 5      max edges/level: 19
mean edges/node:  1.318  mean count/edge: 23

Starting phasing iterations

Window=9 Iteration=11
Time for building model:         17 seconds
Time for sampling (singles):     1 minute 2 seconds
DAG statistics
mean edges/level: 8      max edges/level: 27
mean edges/node:  1.235  mean count/edge: 15

Window=9 Iteration=12
Time for building model:         21 seconds
Time for sampling (singles):     1 minute 0 seconds
DAG statistics
mean edges/level: 9      max edges/level: 23
mean edges/node:  1.238  mean count/edge: 13

Window=9 Iteration=13
Time for building model:         19 seconds
Time for sampling (singles):     1 minute 0 seconds
DAG statistics
mean edges/level: 9      max edges/level: 29
mean edges/node:  1.228  mean count/edge: 13

Window=9 Iteration=14
Time for building model:         26 seconds
Time for sampling (singles):     1 minute 5 seconds
DAG statistics
mean edges/level: 13     max edges/level: 30
mean edges/node:  1.169  mean count/edge: 9

Window=9 Iteration=15
Time for building model:         21 seconds
Time for sampling (singles):     55 seconds
DAG statistics
mean edges/level: 14     max edges/level: 31
mean edges/node:  1.139  mean count/edge: 8

Number of markers:              390747
Total time for building model: 3 hours 36 minutes 6 seconds
Total time for sampling:       2 hours 17 minutes 16 seconds
Total run time:                6 hours 9 minutes 19 seconds

End time: 01:09 AM CEST on 05 Apr 2024
beagle.27Jan18.7e1.jar (version 4.1) finished
