beagle.27Jan18.7e1.jar (version 4.1)
Copyright (C) 2014-2015 Brian L. Browning
Enter "java -jar beagle.27Jan18.7e1.jar" for a summary of command line arguments.
Start time: 06:59 PM CEST on 04 Apr 2024

Command line: java -Xmx54613m -jar beagle.jar
  gl=results/gl/Bostau9_tragmain2_sites_variable_noindels_renamed_Tstr.bcf.gz.NC_037347.1.vcf.gz
  chrom=NC_037347.1
  out=results/imputed/Bostau9_tragmain2_sites_variable_noindels_renamed_Tstr.bcf.gz.NC_037347.1
  nthreads=6

No genetic map is specified: using 1 cM = 1 Mb

reference samples:       0
target samples:         58

Window 1 [ NC_037347.1:17407-16916755 ]
target markers:      50000

Starting burn-in iterations

Window=1 Iteration=1
Time for building model:         3 seconds
Time for sampling (singles):     3 seconds
DAG statistics
mean edges/level: 6      max edges/level: 18
mean edges/node:  1.764  mean count/edge: 19

Window=1 Iteration=2
Time for building model:         4 seconds
Time for sampling (singles):     6 seconds
DAG statistics
mean edges/level: 6      max edges/level: 21
mean edges/node:  1.548  mean count/edge: 19

Window=1 Iteration=3
Time for building model:         15 seconds
Time for sampling (singles):     2 seconds
DAG statistics
mean edges/level: 5      max edges/level: 18
mean edges/node:  1.356  mean count/edge: 23

Window=1 Iteration=4
Time for building model:         2 seconds
Time for sampling (singles):     3 seconds
DAG statistics
mean edges/level: 5      max edges/level: 19
mean edges/node:  1.297  mean count/edge: 23

Window=1 Iteration=5
Time for building model:         1 second
Time for sampling (singles):     3 seconds
DAG statistics
mean edges/level: 5      max edges/level: 19
mean edges/node:  1.276  mean count/edge: 23

Window=1 Iteration=6
Time for building model:         2 seconds
Time for sampling (singles):     3 seconds
DAG statistics
mean edges/level: 5      max edges/level: 22
mean edges/node:  1.261  mean count/edge: 23

Window=1 Iteration=7
Time for building model:         8 seconds
Time for sampling (singles):     5 seconds
DAG statistics
mean edges/level: 5      max edges/level: 19
mean edges/node:  1.255  mean count/edge: 23

Window=1 Iteration=8
Time for building model:         18 seconds
Time for sampling (singles):     5 seconds
DAG statistics
mean edges/level: 6      max edges/level: 23
mean edges/node:  1.239  mean count/edge: 19

Window=1 Iteration=9
Time for building model:         2 seconds
Time for sampling (singles):     3 seconds
DAG statistics
mean edges/level: 5      max edges/level: 19
mean edges/node:  1.242  mean count/edge: 23

Window=1 Iteration=10
Time for building model:         2 seconds
Time for sampling (singles):     4 seconds
DAG statistics
mean edges/level: 5      max edges/level: 21
mean edges/node:  1.236  mean count/edge: 23

Starting phasing iterations

Window=1 Iteration=11
Time for building model:         4 seconds
Time for sampling (singles):     47 seconds
DAG statistics
mean edges/level: 6      max edges/level: 22
mean edges/node:  1.224  mean count/edge: 19

Window=1 Iteration=12
Time for building model:         4 seconds
Time for sampling (singles):     7 seconds
DAG statistics
mean edges/level: 8      max edges/level: 27
mean edges/node:  1.179  mean count/edge: 15

Window=1 Iteration=13
Time for building model:         3 seconds
Time for sampling (singles):     5 seconds
DAG statistics
mean edges/level: 7      max edges/level: 24
mean edges/node:  1.201  mean count/edge: 17

Window=1 Iteration=14
Time for building model:         6 seconds
Time for sampling (singles):     21 seconds
DAG statistics
mean edges/level: 14     max edges/level: 32
mean edges/node:  1.117  mean count/edge: 8

Window=1 Iteration=15
Time for building model:         3 seconds
Time for sampling (singles):     7 seconds
DAG statistics
mean edges/level: 16     max edges/level: 33
mean edges/node:  1.091  mean count/edge: 7

Window 2 [ NC_037347.1:16038503-33189289 ]
target markers:      50000

Starting burn-in iterations

Window=2 Iteration=1
Time for building model:         2 seconds
Time for sampling (singles):     4 seconds
DAG statistics
mean edges/level: 7      max edges/level: 28
mean edges/node:  1.641  mean count/edge: 17

Window=2 Iteration=2
Time for building model:         2 seconds
Time for sampling (singles):     4 seconds
DAG statistics
mean edges/level: 6      max edges/level: 24
mean edges/node:  1.486  mean count/edge: 19

Window=2 Iteration=3
Time for building model:         2 seconds
Time for sampling (singles):     3 seconds
DAG statistics
mean edges/level: 6      max edges/level: 29
mean edges/node:  1.280  mean count/edge: 19

Window=2 Iteration=4
Time for building model:         2 seconds
Time for sampling (singles):     4 seconds
DAG statistics
mean edges/level: 5      max edges/level: 26
mean edges/node:  1.248  mean count/edge: 23

Window=2 Iteration=5
Time for building model:         2 seconds
Time for sampling (singles):     3 seconds
DAG statistics
mean edges/level: 6      max edges/level: 30
mean edges/node:  1.217  mean count/edge: 19

Window=2 Iteration=6
Time for building model:         2 seconds
Time for sampling (singles):     3 seconds
DAG statistics
mean edges/level: 6      max edges/level: 27
mean edges/node:  1.219  mean count/edge: 19

Window=2 Iteration=7
Time for building model:         2 seconds
Time for sampling (singles):     4 seconds
DAG statistics
mean edges/level: 6      max edges/level: 33
mean edges/node:  1.201  mean count/edge: 19

Window=2 Iteration=8
Time for building model:         2 seconds
Time for sampling (singles):     4 seconds
DAG statistics
mean edges/level: 6      max edges/level: 24
mean edges/node:  1.208  mean count/edge: 19

Window=2 Iteration=9
Time for building model:         2 seconds
Time for sampling (singles):     4 seconds
DAG statistics
mean edges/level: 6      max edges/level: 31
mean edges/node:  1.191  mean count/edge: 19

Window=2 Iteration=10
Time for building model:         32 seconds
Time for sampling (singles):     4 seconds
DAG statistics
mean edges/level: 6      max edges/level: 27
mean edges/node:  1.200  mean count/edge: 19

Starting phasing iterations

Window=2 Iteration=11
Time for building model:         4 seconds
Time for sampling (singles):     1 minute 24 seconds
DAG statistics
mean edges/level: 8      max edges/level: 32
mean edges/node:  1.160  mean count/edge: 15

Window=2 Iteration=12
Time for building model:         58 seconds
Time for sampling (singles):     3 minutes 8 seconds
DAG statistics
mean edges/level: 7      max edges/level: 30
mean edges/node:  1.172  mean count/edge: 17

Window=2 Iteration=13
Time for building model:         1 minute 11 seconds
Time for sampling (singles):     2 minutes 42 seconds
DAG statistics
mean edges/level: 12     max edges/level: 31
mean edges/node:  1.117  mean count/edge: 10

Window=2 Iteration=14
Time for building model:         1 minute 5 seconds
Time for sampling (singles):     3 minutes 59 seconds
DAG statistics
mean edges/level: 16     max edges/level: 38
mean edges/node:  1.087  mean count/edge: 7

Window=2 Iteration=15
Time for building model:         1 minute 54 seconds
Time for sampling (singles):     3 minutes 32 seconds
DAG statistics
mean edges/level: 18     max edges/level: 38
mean edges/node:  1.071  mean count/edge: 6

Window 3 [ NC_037347.1:32100725-47061837 ]
target markers:      50000

Starting burn-in iterations

Window=3 Iteration=1
Time for building model:         7 minutes 42 seconds
Time for sampling (singles):     1 minute 22 seconds
DAG statistics
mean edges/level: 7      max edges/level: 31
mean edges/node:  1.634  mean count/edge: 17

Window=3 Iteration=2
Time for building model:         4 minutes 19 seconds
Time for sampling (singles):     15 seconds
DAG statistics
mean edges/level: 6      max edges/level: 20
mean edges/node:  1.452  mean count/edge: 19

Window=3 Iteration=3
Time for building model:         2 minutes 55 seconds
Time for sampling (singles):     28 seconds
DAG statistics
mean edges/level: 6      max edges/level: 31
mean edges/node:  1.260  mean count/edge: 19

Window=3 Iteration=4
Time for building model:         4 minutes 26 seconds
Time for sampling (singles):     20 seconds
DAG statistics
mean edges/level: 5      max edges/level: 22
mean edges/node:  1.228  mean count/edge: 23

Window=3 Iteration=5
Time for building model:         4 minutes 8 seconds
Time for sampling (singles):     15 seconds
DAG statistics
mean edges/level: 6      max edges/level: 29
mean edges/node:  1.200  mean count/edge: 19

Window=3 Iteration=6
Time for building model:         3 minutes 10 seconds
Time for sampling (singles):     16 seconds
DAG statistics
mean edges/level: 5      max edges/level: 21
mean edges/node:  1.204  mean count/edge: 23

Window=3 Iteration=7
Time for building model:         3 minutes 19 seconds
Time for sampling (singles):     19 seconds
DAG statistics
mean edges/level: 6      max edges/level: 30
mean edges/node:  1.186  mean count/edge: 19

Window=3 Iteration=8
Time for building model:         3 minutes 33 seconds
Time for sampling (singles):     17 seconds
DAG statistics
mean edges/level: 5      max edges/level: 21
mean edges/node:  1.194  mean count/edge: 23

Window=3 Iteration=9
Time for building model:         3 minutes 4 seconds
Time for sampling (singles):     13 seconds
DAG statistics
mean edges/level: 6      max edges/level: 31
mean edges/node:  1.180  mean count/edge: 19

Window=3 Iteration=10
Time for building model:         3 minutes 24 seconds
Time for sampling (singles):     13 seconds
DAG statistics
mean edges/level: 6      max edges/level: 24
mean edges/node:  1.186  mean count/edge: 19

Starting phasing iterations

Window=3 Iteration=11
Time for building model:         47 seconds
Time for sampling (singles):     4 minutes 8 seconds
DAG statistics
mean edges/level: 7      max edges/level: 32
mean edges/node:  1.168  mean count/edge: 17

Window=3 Iteration=12
Time for building model:         1 minute 38 seconds
Time for sampling (singles):     4 minutes 17 seconds
DAG statistics
mean edges/level: 6      max edges/level: 20
mean edges/node:  1.176  mean count/edge: 19

Window=3 Iteration=13
Time for building model:         2 minutes 0 seconds
Time for sampling (singles):     3 minutes 42 seconds
DAG statistics
mean edges/level: 9      max edges/level: 29
mean edges/node:  1.135  mean count/edge: 13

Window=3 Iteration=14
Time for building model:         1 minute 55 seconds
Time for sampling (singles):     3 minutes 59 seconds
DAG statistics
mean edges/level: 15     max edges/level: 33
mean edges/node:  1.088  mean count/edge: 8

Window=3 Iteration=15
Time for building model:         1 minute 35 seconds
Time for sampling (singles):     3 minutes 31 seconds
DAG statistics
mean edges/level: 17     max edges/level: 37
mean edges/node:  1.069  mean count/edge: 7

Window 4 [ NC_037347.1:46127731-60652328 ]
target markers:      50000

Starting burn-in iterations

Window=4 Iteration=1
Time for building model:         2 minutes 52 seconds
Time for sampling (singles):     29 seconds
DAG statistics
mean edges/level: 7      max edges/level: 28
mean edges/node:  1.619  mean count/edge: 17

Window=4 Iteration=2
Time for building model:         2 minutes 58 seconds
Time for sampling (singles):     23 seconds
DAG statistics
mean edges/level: 6      max edges/level: 24
mean edges/node:  1.435  mean count/edge: 19

Window=4 Iteration=3
Time for building model:         3 minutes 41 seconds
Time for sampling (singles):     15 seconds
DAG statistics
mean edges/level: 5      max edges/level: 27
mean edges/node:  1.253  mean count/edge: 23

Window=4 Iteration=4
Time for building model:         3 minutes 59 seconds
Time for sampling (singles):     23 seconds
DAG statistics
mean edges/level: 5      max edges/level: 21
mean edges/node:  1.220  mean count/edge: 23

Window=4 Iteration=5
Time for building model:         3 minutes 43 seconds
Time for sampling (singles):     28 seconds
DAG statistics
mean edges/level: 5      max edges/level: 26
mean edges/node:  1.198  mean count/edge: 23

Window=4 Iteration=6
Time for building model:         3 minutes 25 seconds
Time for sampling (singles):     31 seconds
DAG statistics
mean edges/level: 6      max edges/level: 21
mean edges/node:  1.195  mean count/edge: 19

Window=4 Iteration=7
Time for building model:         4 minutes 20 seconds
Time for sampling (singles):     16 seconds
DAG statistics
mean edges/level: 5      max edges/level: 26
mean edges/node:  1.185  mean count/edge: 23

Window=4 Iteration=8
Time for building model:         2 minutes 39 seconds
Time for sampling (singles):     15 seconds
DAG statistics
mean edges/level: 6      max edges/level: 22
mean edges/node:  1.186  mean count/edge: 19

Window=4 Iteration=9
Time for building model:         3 minutes 8 seconds
Time for sampling (singles):     13 seconds
DAG statistics
mean edges/level: 6      max edges/level: 28
mean edges/node:  1.178  mean count/edge: 19

Window=4 Iteration=10
Time for building model:         2 minutes 38 seconds
Time for sampling (singles):     10 seconds
DAG statistics
mean edges/level: 5      max edges/level: 19
mean edges/node:  1.184  mean count/edge: 23

Starting phasing iterations

Window=4 Iteration=11
Time for building model:         1 minute 12 seconds
Time for sampling (singles):     4 minutes 20 seconds
DAG statistics
mean edges/level: 7      max edges/level: 29
mean edges/node:  1.163  mean count/edge: 17

Window=4 Iteration=12
Time for building model:         1 minute 48 seconds
Time for sampling (singles):     4 minutes 17 seconds
DAG statistics
mean edges/level: 9      max edges/level: 30
mean edges/node:  1.134  mean count/edge: 13

Window=4 Iteration=13
Time for building model:         1 minute 36 seconds
Time for sampling (singles):     4 minutes 20 seconds
DAG statistics
mean edges/level: 10     max edges/level: 28
mean edges/node:  1.120  mean count/edge: 12

Window=4 Iteration=14
Time for building model:         2 minutes 21 seconds
Time for sampling (singles):     5 minutes 5 seconds
DAG statistics
mean edges/level: 15     max edges/level: 33
mean edges/node:  1.082  mean count/edge: 8

Window=4 Iteration=15
Time for building model:         2 minutes 8 seconds
Time for sampling (singles):     4 minutes 25 seconds
DAG statistics
mean edges/level: 17     max edges/level: 35
mean edges/node:  1.065  mean count/edge: 7

Window 5 [ NC_037347.1:59942361-70695131 ]
target markers:      50000

Starting burn-in iterations

Window=5 Iteration=1
Time for building model:         5 minutes 21 seconds
Time for sampling (singles):     14 seconds
DAG statistics
mean edges/level: 7      max edges/level: 29
mean edges/node:  1.651  mean count/edge: 17

Window=5 Iteration=2
Time for building model:         3 minutes 9 seconds
Time for sampling (singles):     12 seconds
DAG statistics
mean edges/level: 6      max edges/level: 21
mean edges/node:  1.480  mean count/edge: 19

Window=5 Iteration=3
Time for building model:         2 minutes 43 seconds
Time for sampling (singles):     7 seconds
DAG statistics
mean edges/level: 6      max edges/level: 29
mean edges/node:  1.280  mean count/edge: 19

Window=5 Iteration=4
Time for building model:         2 minutes 51 seconds
Time for sampling (singles):     22 seconds
DAG statistics
mean edges/level: 6      max edges/level: 21
mean edges/node:  1.246  mean count/edge: 19

Window=5 Iteration=5
Time for building model:         2 minutes 12 seconds
Time for sampling (singles):     9 seconds
DAG statistics
mean edges/level: 6      max edges/level: 30
mean edges/node:  1.213  mean count/edge: 19

Window=5 Iteration=6
Time for building model:         3 minutes 20 seconds
Time for sampling (singles):     17 seconds
DAG statistics
mean edges/level: 6      max edges/level: 30
mean edges/node:  1.211  mean count/edge: 19

Window=5 Iteration=7
Time for building model:         2 minutes 43 seconds
Time for sampling (singles):     4 seconds
DAG statistics
mean edges/level: 6      max edges/level: 29
mean edges/node:  1.195  mean count/edge: 19

Window=5 Iteration=8
Time for building model:         3 minutes 13 seconds
Time for sampling (singles):     6 seconds
DAG statistics
mean edges/level: 6      max edges/level: 22
mean edges/node:  1.201  mean count/edge: 19

Window=5 Iteration=9
Time for building model:         2 minutes 46 seconds
Time for sampling (singles):     13 seconds
DAG statistics
mean edges/level: 6      max edges/level: 25
mean edges/node:  1.186  mean count/edge: 19

Window=5 Iteration=10
Time for building model:         3 minutes 35 seconds
Time for sampling (singles):     10 seconds
DAG statistics
mean edges/level: 6      max edges/level: 22
mean edges/node:  1.193  mean count/edge: 19

Starting phasing iterations

Window=5 Iteration=11
Time for building model:         1 minute 43 seconds
Time for sampling (singles):     4 minutes 54 seconds
DAG statistics
mean edges/level: 13     max edges/level: 31
mean edges/node:  1.114  mean count/edge: 9

Window=5 Iteration=12
Time for building model:         2 minutes 21 seconds
Time for sampling (singles):     5 minutes 4 seconds
DAG statistics
mean edges/level: 13     max edges/level: 33
mean edges/node:  1.100  mean count/edge: 9

Window=5 Iteration=13
Time for building model:         1 minute 59 seconds
Time for sampling (singles):     5 minutes 16 seconds
DAG statistics
mean edges/level: 14     max edges/level: 34
mean edges/node:  1.085  mean count/edge: 8

Window=5 Iteration=14
Time for building model:         2 minutes 16 seconds
Time for sampling (singles):     4 minutes 34 seconds
DAG statistics
mean edges/level: 17     max edges/level: 35
mean edges/node:  1.070  mean count/edge: 7

Window=5 Iteration=15
Time for building model:         2 minutes 2 seconds
Time for sampling (singles):     4 minutes 24 seconds
DAG statistics
mean edges/level: 19     max edges/level: 40
mean edges/node:  1.059  mean count/edge: 6

Window 6 [ NC_037347.1:70212318-71971274 ]
target markers:       9736

Starting burn-in iterations

Window=6 Iteration=1
Time for building model:         1 minute 0 seconds
Time for sampling (singles):     4 seconds
DAG statistics
mean edges/level: 7      max edges/level: 29
mean edges/node:  1.441  mean count/edge: 17

Window=6 Iteration=2
Time for building model:         39 seconds
Time for sampling (singles):     1 second
DAG statistics
mean edges/level: 8      max edges/level: 28
mean edges/node:  1.357  mean count/edge: 15

Window=6 Iteration=3
Time for building model:         57 seconds
Time for sampling (singles):     2 seconds
DAG statistics
mean edges/level: 7      max edges/level: 27
mean edges/node:  1.278  mean count/edge: 17

Window=6 Iteration=4
Time for building model:         46 seconds
Time for sampling (singles):     1 second
DAG statistics
mean edges/level: 8      max edges/level: 28
mean edges/node:  1.231  mean count/edge: 15

Window=6 Iteration=5
Time for building model:         1 minute 4 seconds
Time for sampling (singles):     7 seconds
DAG statistics
mean edges/level: 8      max edges/level: 28
mean edges/node:  1.209  mean count/edge: 15

Window=6 Iteration=6
Time for building model:         30 seconds
Time for sampling (singles):     1 second
DAG statistics
mean edges/level: 8      max edges/level: 28
mean edges/node:  1.200  mean count/edge: 15

Window=6 Iteration=7
Time for building model:         46 seconds
Time for sampling (singles):     1 second
DAG statistics
mean edges/level: 8      max edges/level: 29
mean edges/node:  1.189  mean count/edge: 15

Window=6 Iteration=8
Time for building model:         50 seconds
Time for sampling (singles):     1 second
DAG statistics
mean edges/level: 6      max edges/level: 19
mean edges/node:  1.258  mean count/edge: 19

Window=6 Iteration=9
Time for building model:         57 seconds
Time for sampling (singles):     1 second
DAG statistics
mean edges/level: 8      max edges/level: 28
mean edges/node:  1.197  mean count/edge: 15

Window=6 Iteration=10
Time for building model:         30 seconds
Time for sampling (singles):     3 seconds
DAG statistics
mean edges/level: 8      max edges/level: 27
mean edges/node:  1.186  mean count/edge: 15

Starting phasing iterations

Window=6 Iteration=11
Time for building model:         19 seconds
Time for sampling (singles):     57 seconds
DAG statistics
mean edges/level: 12     max edges/level: 29
mean edges/node:  1.142  mean count/edge: 10

Window=6 Iteration=12
Time for building model:         9 seconds
Time for sampling (singles):     48 seconds
DAG statistics
mean edges/level: 8      max edges/level: 22
mean edges/node:  1.200  mean count/edge: 15

Window=6 Iteration=13
Time for building model:         17 seconds
Time for sampling (singles):     1 minute 21 seconds
DAG statistics
mean edges/level: 13     max edges/level: 30
mean edges/node:  1.131  mean count/edge: 9

Window=6 Iteration=14
Time for building model:         13 seconds
Time for sampling (singles):     54 seconds
DAG statistics
mean edges/level: 14     max edges/level: 29
mean edges/node:  1.112  mean count/edge: 8

Window=6 Iteration=15
Time for building model:         31 seconds
Time for sampling (singles):     1 minute 5 seconds
DAG statistics
mean edges/level: 16     max edges/level: 34
mean edges/node:  1.097  mean count/edge: 7

Number of markers:              244736
Total time for building model: 2 hours 29 minutes 20 seconds
Total time for sampling:       1 hour 38 minutes 48 seconds
Total run time:                4 hours 19 minutes 56 seconds

End time: 11:19 PM CEST on 04 Apr 2024
beagle.27Jan18.7e1.jar (version 4.1) finished
