beagle.27Jan18.7e1.jar (version 4.1)
Copyright (C) 2014-2015 Brian L. Browning
Enter "java -jar beagle.27Jan18.7e1.jar" for a summary of command line arguments.
Start time: 06:59 PM CEST on 04 Apr 2024

Command line: java -Xmx54613m -jar beagle.jar
  gl=results/gl/Bostau9_tragmain2_sites_variable_noindels_renamed_Tstr.bcf.gz.NC_037346.1.vcf.gz
  chrom=NC_037346.1
  out=results/imputed/Bostau9_tragmain2_sites_variable_noindels_renamed_Tstr.bcf.gz.NC_037346.1
  nthreads=6

No genetic map is specified: using 1 cM = 1 Mb

reference samples:       0
target samples:         58

Window 1 [ NC_037346.1:40222-18555573 ]
target markers:      50000

Starting burn-in iterations

Window=1 Iteration=1
Time for building model:         3 seconds
Time for sampling (singles):     3 seconds
DAG statistics
mean edges/level: 6      max edges/level: 17
mean edges/node:  1.763  mean count/edge: 19

Window=1 Iteration=2
Time for building model:         2 seconds
Time for sampling (singles):     4 seconds
DAG statistics
mean edges/level: 5      max edges/level: 19
mean edges/node:  1.555  mean count/edge: 23

Window=1 Iteration=3
Time for building model:         4 seconds
Time for sampling (singles):     3 seconds
DAG statistics
mean edges/level: 5      max edges/level: 18
mean edges/node:  1.376  mean count/edge: 23

Window=1 Iteration=4
Time for building model:         2 seconds
Time for sampling (singles):     5 seconds
DAG statistics
mean edges/level: 5      max edges/level: 22
mean edges/node:  1.311  mean count/edge: 23

Window=1 Iteration=5
Time for building model:         2 seconds
Time for sampling (singles):     3 seconds
DAG statistics
mean edges/level: 5      max edges/level: 17
mean edges/node:  1.291  mean count/edge: 23

Window=1 Iteration=6
Time for building model:         2 seconds
Time for sampling (singles):     3 seconds
DAG statistics
mean edges/level: 5      max edges/level: 23
mean edges/node:  1.269  mean count/edge: 23

Window=1 Iteration=7
Time for building model:         13 seconds
Time for sampling (singles):     4 seconds
DAG statistics
mean edges/level: 5      max edges/level: 17
mean edges/node:  1.267  mean count/edge: 23

Window=1 Iteration=8
Time for building model:         4 seconds
Time for sampling (singles):     4 seconds
DAG statistics
mean edges/level: 6      max edges/level: 31
mean edges/node:  1.247  mean count/edge: 19

Window=1 Iteration=9
Time for building model:         2 seconds
Time for sampling (singles):     3 seconds
DAG statistics
mean edges/level: 5      max edges/level: 16
mean edges/node:  1.254  mean count/edge: 23

Window=1 Iteration=10
Time for building model:         2 seconds
Time for sampling (singles):     4 seconds
DAG statistics
mean edges/level: 5      max edges/level: 24
mean edges/node:  1.244  mean count/edge: 23

Starting phasing iterations

Window=1 Iteration=11
Time for building model:         5 seconds
Time for sampling (singles):     28 seconds
DAG statistics
mean edges/level: 6      max edges/level: 23
mean edges/node:  1.233  mean count/edge: 19

Window=1 Iteration=12
Time for building model:         6 seconds
Time for sampling (singles):     10 seconds
DAG statistics
mean edges/level: 8      max edges/level: 29
mean edges/node:  1.192  mean count/edge: 15

Window=1 Iteration=13
Time for building model:         3 seconds
Time for sampling (singles):     9 seconds
DAG statistics
mean edges/level: 13     max edges/level: 31
mean edges/node:  1.132  mean count/edge: 9

Window=1 Iteration=14
Time for building model:         7 seconds
Time for sampling (singles):     13 seconds
DAG statistics
mean edges/level: 15     max edges/level: 34
mean edges/node:  1.106  mean count/edge: 8

Window=1 Iteration=15
Time for building model:         4 seconds
Time for sampling (singles):     6 seconds
DAG statistics
mean edges/level: 17     max edges/level: 35
mean edges/node:  1.086  mean count/edge: 7

Window 2 [ NC_037346.1:17596860-33016519 ]
target markers:      50000

Starting burn-in iterations

Window=2 Iteration=1
Time for building model:         2 seconds
Time for sampling (singles):     4 seconds
DAG statistics
mean edges/level: 6      max edges/level: 28
mean edges/node:  1.659  mean count/edge: 19

Window=2 Iteration=2
Time for building model:         2 seconds
Time for sampling (singles):     4 seconds
DAG statistics
mean edges/level: 6      max edges/level: 18
mean edges/node:  1.522  mean count/edge: 19

Window=2 Iteration=3
Time for building model:         7 seconds
Time for sampling (singles):     3 seconds
DAG statistics
mean edges/level: 6      max edges/level: 33
mean edges/node:  1.318  mean count/edge: 19

Window=2 Iteration=4
Time for building model:         2 seconds
Time for sampling (singles):     3 seconds
DAG statistics
mean edges/level: 5      max edges/level: 20
mean edges/node:  1.288  mean count/edge: 23

Window=2 Iteration=5
Time for building model:         2 seconds
Time for sampling (singles):     4 seconds
DAG statistics
mean edges/level: 6      max edges/level: 29
mean edges/node:  1.248  mean count/edge: 19

Window=2 Iteration=6
Time for building model:         1 minute 46 seconds
Time for sampling (singles):     10 seconds
DAG statistics
mean edges/level: 5      max edges/level: 19
mean edges/node:  1.254  mean count/edge: 23

Window=2 Iteration=7
Time for building model:         1 minute 14 seconds
Time for sampling (singles):     6 seconds
DAG statistics
mean edges/level: 6      max edges/level: 33
mean edges/node:  1.230  mean count/edge: 19

Window=2 Iteration=8
Time for building model:         48 seconds
Time for sampling (singles):     6 seconds
DAG statistics
mean edges/level: 6      max edges/level: 23
mean edges/node:  1.230  mean count/edge: 19

Window=2 Iteration=9
Time for building model:         1 minute 58 seconds
Time for sampling (singles):     9 seconds
DAG statistics
mean edges/level: 6      max edges/level: 33
mean edges/node:  1.219  mean count/edge: 19

Window=2 Iteration=10
Time for building model:         8 seconds
Time for sampling (singles):     4 seconds
DAG statistics
mean edges/level: 6      max edges/level: 22
mean edges/node:  1.221  mean count/edge: 19

Starting phasing iterations

Window=2 Iteration=11
Time for building model:         5 seconds
Time for sampling (singles):     1 minute 24 seconds
DAG statistics
mean edges/level: 7      max edges/level: 29
mean edges/node:  1.205  mean count/edge: 17

Window=2 Iteration=12
Time for building model:         1 minute 3 seconds
Time for sampling (singles):     2 minutes 53 seconds
DAG statistics
mean edges/level: 12     max edges/level: 30
mean edges/node:  1.140  mean count/edge: 10

Window=2 Iteration=13
Time for building model:         1 minute 9 seconds
Time for sampling (singles):     4 minutes 4 seconds
DAG statistics
mean edges/level: 8      max edges/level: 29
mean edges/node:  1.178  mean count/edge: 15

Window=2 Iteration=14
Time for building model:         1 minute 33 seconds
Time for sampling (singles):     4 minutes 10 seconds
DAG statistics
mean edges/level: 15     max edges/level: 31
mean edges/node:  1.111  mean count/edge: 8

Window=2 Iteration=15
Time for building model:         2 minutes 2 seconds
Time for sampling (singles):     4 minutes 56 seconds
DAG statistics
mean edges/level: 17     max edges/level: 35
mean edges/node:  1.087  mean count/edge: 7

Window 3 [ NC_037346.1:32196399-48208224 ]
target markers:      50000

Starting burn-in iterations

Window=3 Iteration=1
Time for building model:         4 minutes 0 seconds
Time for sampling (singles):     14 seconds
DAG statistics
mean edges/level: 6      max edges/level: 29
mean edges/node:  1.672  mean count/edge: 19

Window=3 Iteration=2
Time for building model:         2 minutes 59 seconds
Time for sampling (singles):     25 seconds
DAG statistics
mean edges/level: 6      max edges/level: 19
mean edges/node:  1.524  mean count/edge: 19

Window=3 Iteration=3
Time for building model:         3 minutes 4 seconds
Time for sampling (singles):     29 seconds
DAG statistics
mean edges/level: 6      max edges/level: 32
mean edges/node:  1.316  mean count/edge: 19

Window=3 Iteration=4
Time for building model:         3 minutes 5 seconds
Time for sampling (singles):     12 seconds
DAG statistics
mean edges/level: 5      max edges/level: 20
mean edges/node:  1.285  mean count/edge: 23

Window=3 Iteration=5
Time for building model:         3 minutes 4 seconds
Time for sampling (singles):     10 seconds
DAG statistics
mean edges/level: 6      max edges/level: 27
mean edges/node:  1.247  mean count/edge: 19

Window=3 Iteration=6
Time for building model:         4 minutes 10 seconds
Time for sampling (singles):     15 seconds
DAG statistics
mean edges/level: 5      max edges/level: 21
mean edges/node:  1.249  mean count/edge: 23

Window=3 Iteration=7
Time for building model:         3 minutes 42 seconds
Time for sampling (singles):     21 seconds
DAG statistics
mean edges/level: 6      max edges/level: 30
mean edges/node:  1.226  mean count/edge: 19

Window=3 Iteration=8
Time for building model:         2 minutes 21 seconds
Time for sampling (singles):     8 seconds
DAG statistics
mean edges/level: 5      max edges/level: 20
mean edges/node:  1.237  mean count/edge: 23

Window=3 Iteration=9
Time for building model:         3 minutes 15 seconds
Time for sampling (singles):     13 seconds
DAG statistics
mean edges/level: 6      max edges/level: 27
mean edges/node:  1.221  mean count/edge: 19

Window=3 Iteration=10
Time for building model:         5 minutes 59 seconds
Time for sampling (singles):     15 seconds
DAG statistics
mean edges/level: 5      max edges/level: 21
mean edges/node:  1.230  mean count/edge: 23

Starting phasing iterations

Window=3 Iteration=11
Time for building model:         1 minute 40 seconds
Time for sampling (singles):     4 minutes 44 seconds
DAG statistics
mean edges/level: 7      max edges/level: 27
mean edges/node:  1.195  mean count/edge: 17

Window=3 Iteration=12
Time for building model:         1 minute 26 seconds
Time for sampling (singles):     4 minutes 33 seconds
DAG statistics
mean edges/level: 9      max edges/level: 29
mean edges/node:  1.172  mean count/edge: 13

Window=3 Iteration=13
Time for building model:         1 minute 28 seconds
Time for sampling (singles):     3 minutes 37 seconds
DAG statistics
mean edges/level: 8      max edges/level: 27
mean edges/node:  1.179  mean count/edge: 15

Window=3 Iteration=14
Time for building model:         1 minute 29 seconds
Time for sampling (singles):     3 minutes 11 seconds
DAG statistics
mean edges/level: 14     max edges/level: 31
mean edges/node:  1.112  mean count/edge: 8

Window=3 Iteration=15
Time for building model:         1 minute 34 seconds
Time for sampling (singles):     3 minutes 13 seconds
DAG statistics
mean edges/level: 16     max edges/level: 33
mean edges/node:  1.088  mean count/edge: 7

Window 4 [ NC_037346.1:47204802-58457179 ]
target markers:      50000

Starting burn-in iterations

Window=4 Iteration=1
Time for building model:         2 minutes 10 seconds
Time for sampling (singles):     5 seconds
DAG statistics
mean edges/level: 6      max edges/level: 28
mean edges/node:  1.687  mean count/edge: 19

Window=4 Iteration=2
Time for building model:         2 minutes 2 seconds
Time for sampling (singles):     8 seconds
DAG statistics
mean edges/level: 6      max edges/level: 21
mean edges/node:  1.560  mean count/edge: 19

Window=4 Iteration=3
Time for building model:         2 minutes 27 seconds
Time for sampling (singles):     4 seconds
DAG statistics
mean edges/level: 5      max edges/level: 28
mean edges/node:  1.373  mean count/edge: 23

Window=4 Iteration=4
Time for building model:         3 minutes 29 seconds
Time for sampling (singles):     9 seconds
DAG statistics
mean edges/level: 5      max edges/level: 24
mean edges/node:  1.329  mean count/edge: 23

Window=4 Iteration=5
Time for building model:         3 minutes 1 second
Time for sampling (singles):     8 seconds
DAG statistics
mean edges/level: 5      max edges/level: 28
mean edges/node:  1.291  mean count/edge: 23

Window=4 Iteration=6
Time for building model:         4 minutes 53 seconds
Time for sampling (singles):     14 seconds
DAG statistics
mean edges/level: 5      max edges/level: 23
mean edges/node:  1.290  mean count/edge: 23

Window=4 Iteration=7
Time for building model:         4 minutes 27 seconds
Time for sampling (singles):     9 seconds
DAG statistics
mean edges/level: 5      max edges/level: 28
mean edges/node:  1.266  mean count/edge: 23

Window=4 Iteration=8
Time for building model:         2 minutes 48 seconds
Time for sampling (singles):     9 seconds
DAG statistics
mean edges/level: 5      max edges/level: 24
mean edges/node:  1.267  mean count/edge: 23

Window=4 Iteration=9
Time for building model:         3 minutes 16 seconds
Time for sampling (singles):     13 seconds
DAG statistics
mean edges/level: 5      max edges/level: 29
mean edges/node:  1.254  mean count/edge: 23

Window=4 Iteration=10
Time for building model:         2 minutes 52 seconds
Time for sampling (singles):     14 seconds
DAG statistics
mean edges/level: 5      max edges/level: 26
mean edges/node:  1.259  mean count/edge: 23

Starting phasing iterations

Window=4 Iteration=11
Time for building model:         1 minute 34 seconds
Time for sampling (singles):     4 minutes 52 seconds
DAG statistics
mean edges/level: 7      max edges/level: 29
mean edges/node:  1.233  mean count/edge: 17

Window=4 Iteration=12
Time for building model:         1 minute 35 seconds
Time for sampling (singles):     4 minutes 46 seconds
DAG statistics
mean edges/level: 8      max edges/level: 29
mean edges/node:  1.209  mean count/edge: 15

Window=4 Iteration=13
Time for building model:         1 minute 36 seconds
Time for sampling (singles):     5 minutes 3 seconds
DAG statistics
mean edges/level: 14     max edges/level: 31
mean edges/node:  1.140  mean count/edge: 8

Window=4 Iteration=14
Time for building model:         1 minute 31 seconds
Time for sampling (singles):     5 minutes 23 seconds
DAG statistics
mean edges/level: 10     max edges/level: 31
mean edges/node:  1.161  mean count/edge: 12

Window=4 Iteration=15
Time for building model:         2 minutes 2 seconds
Time for sampling (singles):     5 minutes 8 seconds
DAG statistics
mean edges/level: 15     max edges/level: 34
mean edges/node:  1.110  mean count/edge: 8

Window 5 [ NC_037346.1:57860876-63448239 ]
target markers:      24636

Starting burn-in iterations

Window=5 Iteration=1
Time for building model:         1 minute 53 seconds
Time for sampling (singles):     5 seconds
DAG statistics
mean edges/level: 7      max edges/level: 32
mean edges/node:  1.584  mean count/edge: 17

Window=5 Iteration=2
Time for building model:         1 minute 27 seconds
Time for sampling (singles):     9 seconds
DAG statistics
mean edges/level: 6      max edges/level: 17
mean edges/node:  1.542  mean count/edge: 19

Window=5 Iteration=3
Time for building model:         1 minute 30 seconds
Time for sampling (singles):     3 seconds
DAG statistics
mean edges/level: 6      max edges/level: 33
mean edges/node:  1.302  mean count/edge: 19

Window=5 Iteration=4
Time for building model:         1 minute 32 seconds
Time for sampling (singles):     3 seconds
DAG statistics
mean edges/level: 5      max edges/level: 20
mean edges/node:  1.299  mean count/edge: 23

Window=5 Iteration=5
Time for building model:         1 minute 16 seconds
Time for sampling (singles):     4 seconds
DAG statistics
mean edges/level: 6      max edges/level: 34
mean edges/node:  1.234  mean count/edge: 19

Window=5 Iteration=6
Time for building model:         1 minute 9 seconds
Time for sampling (singles):     3 seconds
DAG statistics
mean edges/level: 5      max edges/level: 20
mean edges/node:  1.259  mean count/edge: 23

Window=5 Iteration=7
Time for building model:         1 minute 33 seconds
Time for sampling (singles):     3 seconds
DAG statistics
mean edges/level: 7      max edges/level: 31
mean edges/node:  1.214  mean count/edge: 17

Window=5 Iteration=8
Time for building model:         1 minute 12 seconds
Time for sampling (singles):     2 seconds
DAG statistics
mean edges/level: 7      max edges/level: 26
mean edges/node:  1.232  mean count/edge: 17

Window=5 Iteration=9
Time for building model:         1 minute 52 seconds
Time for sampling (singles):     15 seconds
DAG statistics
mean edges/level: 9      max edges/level: 30
mean edges/node:  1.188  mean count/edge: 13

Window=5 Iteration=10
Time for building model:         1 minute 32 seconds
Time for sampling (singles):     5 seconds
DAG statistics
mean edges/level: 6      max edges/level: 24
mean edges/node:  1.217  mean count/edge: 19

Starting phasing iterations

Window=5 Iteration=11
Time for building model:         46 seconds
Time for sampling (singles):     2 minutes 20 seconds
DAG statistics
mean edges/level: 13     max edges/level: 36
mean edges/node:  1.132  mean count/edge: 9

Window=5 Iteration=12
Time for building model:         1 minute 1 second
Time for sampling (singles):     2 minutes 13 seconds
DAG statistics
mean edges/level: 9      max edges/level: 30
mean edges/node:  1.155  mean count/edge: 13

Window=5 Iteration=13
Time for building model:         1 minute 5 seconds
Time for sampling (singles):     2 minutes 21 seconds
DAG statistics
mean edges/level: 15     max edges/level: 36
mean edges/node:  1.107  mean count/edge: 8

Window=5 Iteration=14
Time for building model:         1 minute 14 seconds
Time for sampling (singles):     2 minutes 18 seconds
DAG statistics
mean edges/level: 17     max edges/level: 35
mean edges/node:  1.088  mean count/edge: 7

Window=5 Iteration=15
Time for building model:         1 minute 13 seconds
Time for sampling (singles):     2 minutes 42 seconds
DAG statistics
mean edges/level: 19     max edges/level: 36
mean edges/node:  1.073  mean count/edge: 6

Number of markers:              212636
Total time for building model: 1 hour 56 minutes 15 seconds
Total time for sampling:       1 hour 21 minutes 47 seconds
Total run time:                3 hours 29 minutes 5 seconds

End time: 10:28 PM CEST on 04 Apr 2024
beagle.27Jan18.7e1.jar (version 4.1) finished
