nohup: ignoring input
There are 8 sets (populations/species) excluding the Outgroup
Going to calculate D and f4-ratio values for 56 trios
Done permutations
The VCF contains 24820695 variants
Going to use block size of 1241033 variants to get 20 Jackknife blocks
Processed 100000 variants (0.40289%) in 82.7596secs
Processed 200000 variants (0.805779%) in 165.515secs
Processed 300000 variants (1.20867%) in 248.29secs
Processed 400000 variants (1.61156%) in 330.912secs
Processed 500000 variants (2.01445%) in 413.498secs
Processed 600000 variants (2.41734%) in 496.315secs
Processed 700000 variants (2.82023%) in 579.08secs
Processed 800000 variants (3.22312%) in 661.674secs
Processed 900000 variants (3.62601%) in 744.372secs
Processed 1000000 variants (4.0289%) in 827.091secs
Processed 1100000 variants (4.43179%) in 909.853secs
Processed 1200000 variants (4.83468%) in 993.33secs
Processed 1300000 variants (5.23756%) in 1076.15secs
Processed 1400000 variants (5.64045%) in 1158.94secs
Processed 1500000 variants (6.04334%) in 1241.9secs
Processed 1600000 variants (6.44623%) in 1324.79secs
Processed 1700000 variants (6.84912%) in 1407.61secs
Processed 1800000 variants (7.25201%) in 1490.5secs
Processed 1900000 variants (7.6549%) in 1573.27secs
Processed 2000000 variants (8.05779%) in 1655.95secs
Processed 2100000 variants (8.46068%) in 1738.79secs
Processed 2200000 variants (8.86357%) in 1821.72secs
Processed 2300000 variants (9.26646%) in 1904.47secs
Processed 2400000 variants (9.66935%) in 1987.16secs
Processed 2500000 variants (10.0722%) in 2070.1secs
Processed 2600000 variants (10.4751%) in 2152.9secs
Processed 2700000 variants (10.878%) in 2235.71secs
Processed 2800000 variants (11.2809%) in 2318.52secs
Processed 2900000 variants (11.6838%) in 2401.3secs
Processed 3000000 variants (12.0867%) in 2484.17secs
Processed 3100000 variants (12.4896%) in 2567secs
Processed 3200000 variants (12.8925%) in 2649.7secs
Processed 3300000 variants (13.2954%) in 2732.6secs
Processed 3400000 variants (13.6982%) in 2815.46secs
Processed 3500000 variants (14.1011%) in 2898.31secs
Processed 3600000 variants (14.504%) in 2981.04secs
Processed 3700000 variants (14.9069%) in 3067.33secs
Processed 3800000 variants (15.3098%) in 3150.12secs
Processed 3900000 variants (15.7127%) in 3232.97secs
Processed 4000000 variants (16.1156%) in 3315.82secs
Processed 4100000 variants (16.5185%) in 3398.57secs
Processed 4200000 variants (16.9214%) in 3481.23secs
Processed 4300000 variants (17.3243%) in 3563.96secs
Processed 4400000 variants (17.7271%) in 3646.74secs
Processed 4500000 variants (18.13%) in 3729.4secs
Processed 4600000 variants (18.5329%) in 3812.11secs
Processed 4700000 variants (18.9358%) in 3896.42secs
Processed 4800000 variants (19.3387%) in 3979.23secs
Processed 4900000 variants (19.7416%) in 4061.85secs
Processed 5000000 variants (20.1445%) in 4145.07secs
Processed 5100000 variants (20.5474%) in 4227.83secs
Processed 5200000 variants (20.9503%) in 4310.59secs
Processed 5300000 variants (21.3531%) in 4393.36secs
Processed 5400000 variants (21.756%) in 4476.18secs
Processed 5500000 variants (22.1589%) in 4558.8secs
Processed 5600000 variants (22.5618%) in 4641.64secs
Processed 5700000 variants (22.9647%) in 4724.38secs
Processed 5800000 variants (23.3676%) in 4807.1secs
Processed 5900000 variants (23.7705%) in 4889.68secs
Processed 6000000 variants (24.1734%) in 4972.31secs
Processed 6100000 variants (24.5763%) in 5054.93secs
Processed 6200000 variants (24.9792%) in 5137.52secs
Processed 6300000 variants (25.382%) in 5220.29secs
Processed 6400000 variants (25.7849%) in 5303.05secs
Processed 6500000 variants (26.1878%) in 5385.87secs
Processed 6600000 variants (26.5907%) in 5468.7secs
Processed 6700000 variants (26.9936%) in 5551.51secs
Processed 6800000 variants (27.3965%) in 5634.99secs
Processed 6900000 variants (27.7994%) in 5718.81secs
Processed 7000000 variants (28.2023%) in 5801.76secs
Processed 7100000 variants (28.6052%) in 5884.61secs
Processed 7200000 variants (29.0081%) in 5967.53secs
Processed 7300000 variants (29.4109%) in 6050.4secs
Processed 7400000 variants (29.8138%) in 6133.17secs
Processed 7500000 variants (30.2167%) in 6215.86secs
Processed 7600000 variants (30.6196%) in 6298.66secs
Processed 7700000 variants (31.0225%) in 6381.65secs
Processed 7800000 variants (31.4254%) in 6464.58secs
Processed 7900000 variants (31.8283%) in 6547.49secs
Processed 8000000 variants (32.2312%) in 6630.19secs
Processed 8100000 variants (32.6341%) in 6713.12secs
Processed 8200000 variants (33.0369%) in 6796.05secs
Processed 8300000 variants (33.4398%) in 6878.91secs
Processed 8400000 variants (33.8427%) in 6961.79secs
Processed 8500000 variants (34.2456%) in 7044.75secs
Processed 8600000 variants (34.6485%) in 7127.57secs
Processed 8700000 variants (35.0514%) in 7210.25secs
Processed 8800000 variants (35.4543%) in 7292.91secs
Processed 8900000 variants (35.8572%) in 7375.36secs
Processed 9000000 variants (36.2601%) in 7458.31secs
Processed 9100000 variants (36.663%) in 7541.12secs
Processed 9200000 variants (37.0658%) in 7623.98secs
Processed 9300000 variants (37.4687%) in 7706.89secs
Processed 9400000 variants (37.8716%) in 7789.74secs
Processed 9500000 variants (38.2745%) in 7872.63secs
Processed 9600000 variants (38.6774%) in 7955.51secs
Processed 9700000 variants (39.0803%) in 8038.38secs
Processed 9800000 variants (39.4832%) in 8120.96secs
Processed 9900000 variants (39.8861%) in 8203.85secs
Processed 10000000 variants (40.289%) in 8286.72secs
Processed 10100000 variants (40.6919%) in 8369.6secs
Processed 10200000 variants (41.0947%) in 8453.06secs
Processed 10300000 variants (41.4976%) in 8536.67secs
Processed 10400000 variants (41.9005%) in 8619.48secs
Processed 10500000 variants (42.3034%) in 8703.1secs
Processed 10600000 variants (42.7063%) in 8785.86secs
Processed 10700000 variants (43.1092%) in 8868.59secs
Processed 10800000 variants (43.5121%) in 8951.41secs
Processed 10900000 variants (43.915%) in 9034.17secs
Processed 11000000 variants (44.3179%) in 9117.06secs
Processed 11100000 variants (44.7207%) in 9199.95secs
Processed 11200000 variants (45.1236%) in 9282.68secs
Processed 11300000 variants (45.5265%) in 9365.27secs
Processed 11400000 variants (45.9294%) in 9448.03secs
Processed 11500000 variants (46.3323%) in 9530.81secs
Processed 11600000 variants (46.7352%) in 9613.63secs
Processed 11700000 variants (47.1381%) in 9696.36secs
Processed 11800000 variants (47.541%) in 9779.06secs
Processed 11900000 variants (47.9439%) in 9861.75secs
Processed 12000000 variants (48.3468%) in 9944.48secs
Processed 12100000 variants (48.7496%) in 10027.2secs
Processed 12200000 variants (49.1525%) in 10110.8secs
Processed 12300000 variants (49.5554%) in 10193.4secs
Processed 12400000 variants (49.9583%) in 10276.1secs
Processed 12500000 variants (50.3612%) in 10358.8secs
Processed 12600000 variants (50.7641%) in 10441.5secs
Processed 12700000 variants (51.167%) in 10523.7secs
Processed 12800000 variants (51.5699%) in 10605.6secs
Processed 12900000 variants (51.9728%) in 10687.4secs
Processed 13000000 variants (52.3756%) in 10769secs
Processed 13100000 variants (52.7785%) in 10850.9secs
Processed 13200000 variants (53.1814%) in 10933.1secs
Processed 13300000 variants (53.5843%) in 11015.1secs
Processed 13400000 variants (53.9872%) in 11096.5secs
Processed 13500000 variants (54.3901%) in 11178.8secs
Processed 13600000 variants (54.793%) in 11261.5secs
Processed 13700000 variants (55.1959%) in 11343.7secs
Processed 13800000 variants (55.5988%) in 11426.4secs
Processed 13900000 variants (56.0017%) in 11508.8secs
Processed 14000000 variants (56.4045%) in 11590.3secs
Processed 14100000 variants (56.8074%) in 11671.6secs
Processed 14200000 variants (57.2103%) in 11753.4secs
Processed 14300000 variants (57.6132%) in 11835secs
Processed 14400000 variants (58.0161%) in 11916.6secs
Processed 14500000 variants (58.419%) in 11998.4secs
Processed 14600000 variants (58.8219%) in 12078.7secs
Processed 14700000 variants (59.2248%) in 12158.8secs
Processed 14800000 variants (59.6277%) in 12240secs
Processed 14900000 variants (60.0306%) in 12321.5secs
Processed 15000000 variants (60.4334%) in 12403.4secs
Processed 15100000 variants (60.8363%) in 12485secs
Processed 15200000 variants (61.2392%) in 12566.4secs
Processed 15300000 variants (61.6421%) in 12647.9secs
Processed 15400000 variants (62.045%) in 12729.3secs
Processed 15500000 variants (62.4479%) in 12810.6secs
Processed 15600000 variants (62.8508%) in 12892.9secs
Processed 15700000 variants (63.2537%) in 12974.4secs
Processed 15800000 variants (63.6566%) in 13055.8secs
Processed 15900000 variants (64.0594%) in 13137.4secs
Processed 16000000 variants (64.4623%) in 13218.8secs
Processed 16100000 variants (64.8652%) in 13300.2secs
Processed 16200000 variants (65.2681%) in 13381.5secs
Processed 16300000 variants (65.671%) in 13462.7secs
Processed 16400000 variants (66.0739%) in 13546.3secs
Processed 16500000 variants (66.4768%) in 13628secs
Processed 16600000 variants (66.8797%) in 13709.6secs
Processed 16700000 variants (67.2826%) in 13791.9secs
Processed 16800000 variants (67.6855%) in 13874.7secs
Processed 16900000 variants (68.0883%) in 13957.4secs
Processed 17000000 variants (68.4912%) in 14039.9secs
Processed 17100000 variants (68.8941%) in 14120.2secs
Processed 17200000 variants (69.297%) in 14200.4secs
Processed 17300000 variants (69.6999%) in 14280.7secs
Processed 17400000 variants (70.1028%) in 14361.1secs
Processed 17500000 variants (70.5057%) in 14441.3secs
Processed 17600000 variants (70.9086%) in 14521.6secs
Processed 17700000 variants (71.3115%) in 14601.3secs
Processed 17800000 variants (71.7143%) in 14681.2secs
Processed 17900000 variants (72.1172%) in 14761.4secs
Processed 18000000 variants (72.5201%) in 14841.6secs
Processed 18100000 variants (72.923%) in 14921.7secs
Processed 18200000 variants (73.3259%) in 15001.9secs
Processed 18300000 variants (73.7288%) in 15082secs
Processed 18400000 variants (74.1317%) in 15162.2secs
Processed 18500000 variants (74.5346%) in 15242.5secs
Processed 18600000 variants (74.9375%) in 15322.6secs
Processed 18700000 variants (75.3404%) in 15402.6secs
Processed 18800000 variants (75.7432%) in 15482.8secs
Processed 18900000 variants (76.1461%) in 15563secs
Processed 19000000 variants (76.549%) in 15643.2secs
Processed 19100000 variants (76.9519%) in 15723.3secs
Processed 19200000 variants (77.3548%) in 15803.6secs
Processed 19300000 variants (77.7577%) in 15883.8secs
Processed 19400000 variants (78.1606%) in 15964secs
Processed 19500000 variants (78.5635%) in 16044.3secs
Processed 19600000 variants (78.9664%) in 16124.6secs
Processed 19700000 variants (79.3693%) in 16205.1secs
Processed 19800000 variants (79.7721%) in 16285.5secs
Processed 19900000 variants (80.175%) in 16365.9secs
Processed 20000000 variants (80.5779%) in 16446.2secs
Processed 20100000 variants (80.9808%) in 16527secs
Processed 20200000 variants (81.3837%) in 16607.3secs
Processed 20300000 variants (81.7866%) in 16687.5secs
Processed 20400000 variants (82.1895%) in 16767.8secs
Processed 20500000 variants (82.5924%) in 16848secs
Processed 20600000 variants (82.9953%) in 16928.1secs
Processed 20700000 variants (83.3981%) in 17008.4secs
Processed 20800000 variants (83.801%) in 17090secs
Processed 20900000 variants (84.2039%) in 17169.4secs
Processed 21000000 variants (84.6068%) in 17248.5secs
Processed 21100000 variants (85.0097%) in 17327.8secs
Processed 21200000 variants (85.4126%) in 17407.1secs
Processed 21300000 variants (85.8155%) in 17486.5secs
Processed 21400000 variants (86.2184%) in 17565.8secs
Processed 21500000 variants (86.6213%) in 17645.3secs
Processed 21600000 variants (87.0242%) in 17724.7secs
Processed 21700000 variants (87.427%) in 17803.9secs
Processed 21800000 variants (87.8299%) in 17883.2secs
Processed 21900000 variants (88.2328%) in 17962.7secs
Processed 22000000 variants (88.6357%) in 18042.1secs
Processed 22100000 variants (89.0386%) in 18121.5secs
Processed 22200000 variants (89.4415%) in 18200.8secs
Processed 22300000 variants (89.8444%) in 18280.1secs
Processed 22400000 variants (90.2473%) in 18359.5secs
Processed 22500000 variants (90.6502%) in 18439.9secs
Processed 22600000 variants (91.0531%) in 18519.3secs
Processed 22700000 variants (91.4559%) in 18598.6secs
Processed 22800000 variants (91.8588%) in 18677.6secs
Processed 22900000 variants (92.2617%) in 18756.6secs
Processed 23000000 variants (92.6646%) in 18836.7secs
Processed 23100000 variants (93.0675%) in 18915.9secs
Processed 23200000 variants (93.4704%) in 18994.9secs
Processed 23300000 variants (93.8733%) in 19073.8secs
Processed 23400000 variants (94.2762%) in 19152.9secs
Processed 23500000 variants (94.6791%) in 19232secs
Processed 23600000 variants (95.0819%) in 19311.1secs
Processed 23700000 variants (95.4848%) in 19390.1secs
Processed 23800000 variants (95.8877%) in 19469.2secs
Processed 23900000 variants (96.2906%) in 19548.2secs
Processed 24000000 variants (96.6935%) in 19627.3secs
Processed 24100000 variants (97.0964%) in 19706.6secs
Processed 24200000 variants (97.4993%) in 19785.4secs
Processed 24300000 variants (97.9022%) in 19865.3secs
Processed 24400000 variants (98.3051%) in 19944.2secs
Processed 24500000 variants (98.708%) in 20023secs
Processed 24600000 variants (99.1108%) in 20101.9secs
Processed 24700000 variants (99.5137%) in 20180.8secs
Processed 24800000 variants (99.9166%) in 20259.6secs
Done processing VCF. Preparing output files...
