beagle.27Jan18.7e1.jar (version 4.1)
Copyright (C) 2014-2015 Brian L. Browning
Enter "java -jar beagle.27Jan18.7e1.jar" for a summary of command line arguments.
Start time: 06:53 PM CEST on 04 Apr 2024

Command line: java -Xmx54613m -jar beagle.jar
  gl=results/gl/Bostau9_tragmain2_sites_variable_noindels_renamed_Timb.bcf.gz.NC_037340.1.vcf.gz
  chrom=NC_037340.1
  out=results/imputed/Bostau9_tragmain2_sites_variable_noindels_renamed_Timb.bcf.gz.NC_037340.1
  nthreads=6

No genetic map is specified: using 1 cM = 1 Mb

reference samples:       0
target samples:         53

Window 1 [ NC_037340.1:212600-5330611 ]
target markers:      50000

Starting burn-in iterations

Window=1 Iteration=1
Time for building model:         10 seconds
Time for sampling (singles):     1 second
DAG statistics
mean edges/level: 3      max edges/level: 10
mean edges/node:  1.753  mean count/edge: 35

Window=1 Iteration=2
Time for building model:         7 seconds
Time for sampling (singles):     2 seconds
DAG statistics
mean edges/level: 3      max edges/level: 14
mean edges/node:  1.626  mean count/edge: 35

Window=1 Iteration=3
Time for building model:         19 seconds
Time for sampling (singles):     6 seconds
DAG statistics
mean edges/level: 4      max edges/level: 12
mean edges/node:  1.512  mean count/edge: 27

Window=1 Iteration=4
Time for building model:         2 seconds
Time for sampling (singles):     2 seconds
DAG statistics
mean edges/level: 3      max edges/level: 16
mean edges/node:  1.360  mean count/edge: 35

Window=1 Iteration=5
Time for building model:         2 seconds
Time for sampling (singles):     2 seconds
DAG statistics
mean edges/level: 3      max edges/level: 15
mean edges/node:  1.292  mean count/edge: 35

Window=1 Iteration=6
Time for building model:         2 seconds
Time for sampling (singles):     2 seconds
DAG statistics
mean edges/level: 4      max edges/level: 17
mean edges/node:  1.198  mean count/edge: 27

Window=1 Iteration=7
Time for building model:         2 seconds
Time for sampling (singles):     1 second
DAG statistics
mean edges/level: 3      max edges/level: 13
mean edges/node:  1.210  mean count/edge: 35

Window=1 Iteration=8
Time for building model:         11 seconds
Time for sampling (singles):     3 seconds
DAG statistics
mean edges/level: 5      max edges/level: 17
mean edges/node:  1.150  mean count/edge: 21

Window=1 Iteration=9
Time for building model:         6 seconds
Time for sampling (singles):     1 second
DAG statistics
mean edges/level: 3      max edges/level: 13
mean edges/node:  1.185  mean count/edge: 35

Window=1 Iteration=10
Time for building model:         2 seconds
Time for sampling (singles):     3 seconds
DAG statistics
mean edges/level: 5      max edges/level: 17
mean edges/node:  1.129  mean count/edge: 21

Starting phasing iterations

Window=1 Iteration=11
Time for building model:         2 seconds
Time for sampling (singles):     13 seconds
DAG statistics
mean edges/level: 3      max edges/level: 19
mean edges/node:  1.194  mean count/edge: 35

Window=1 Iteration=12
Time for building model:         8 seconds
Time for sampling (singles):     14 seconds
DAG statistics
mean edges/level: 9      max edges/level: 24
mean edges/node:  1.084  mean count/edge: 12

Window=1 Iteration=13
Time for building model:         3 seconds
Time for sampling (singles):     5 seconds
DAG statistics
mean edges/level: 10     max edges/level: 24
mean edges/node:  1.072  mean count/edge: 11

Window=1 Iteration=14
Time for building model:         2 seconds
Time for sampling (singles):     8 seconds
DAG statistics
mean edges/level: 11     max edges/level: 26
mean edges/node:  1.061  mean count/edge: 10

Window=1 Iteration=15
Time for building model:         6 seconds
Time for sampling (singles):     9 seconds
DAG statistics
mean edges/level: 12     max edges/level: 25
mean edges/node:  1.052  mean count/edge: 9

Window 2 [ NC_037340.1:5038718-10755944 ]
target markers:      50000

Starting burn-in iterations

Window=2 Iteration=1
Time for building model:         2 seconds
Time for sampling (singles):     1 second
DAG statistics
mean edges/level: 3      max edges/level: 18
mean edges/node:  1.635  mean count/edge: 35

Window=2 Iteration=2
Time for building model:         2 seconds
Time for sampling (singles):     1 second
DAG statistics
mean edges/level: 3      max edges/level: 11
mean edges/node:  1.607  mean count/edge: 35

Window=2 Iteration=3
Time for building model:         2 seconds
Time for sampling (singles):     2 seconds
DAG statistics
mean edges/level: 4      max edges/level: 20
mean edges/node:  1.465  mean count/edge: 27

Window=2 Iteration=4
Time for building model:         2 seconds
Time for sampling (singles):     2 seconds
DAG statistics
mean edges/level: 3      max edges/level: 12
mean edges/node:  1.410  mean count/edge: 35

Window=2 Iteration=5
Time for building model:         3 seconds
Time for sampling (singles):     2 seconds
DAG statistics
mean edges/level: 4      max edges/level: 18
mean edges/node:  1.256  mean count/edge: 27

Window=2 Iteration=6
Time for building model:         2 seconds
Time for sampling (singles):     3 seconds
DAG statistics
mean edges/level: 3      max edges/level: 12
mean edges/node:  1.245  mean count/edge: 35

Window=2 Iteration=7
Time for building model:         5 seconds
Time for sampling (singles):     2 seconds
DAG statistics
mean edges/level: 4      max edges/level: 20
mean edges/node:  1.172  mean count/edge: 27

Window=2 Iteration=8
Time for building model:         1 second
Time for sampling (singles):     2 seconds
DAG statistics
mean edges/level: 3      max edges/level: 11
mean edges/node:  1.182  mean count/edge: 35

Window=2 Iteration=9
Time for building model:         3 seconds
Time for sampling (singles):     2 seconds
DAG statistics
mean edges/level: 4      max edges/level: 18
mean edges/node:  1.137  mean count/edge: 27

Window=2 Iteration=10
Time for building model:         21 seconds
Time for sampling (singles):     2 seconds
DAG statistics
mean edges/level: 3      max edges/level: 11
mean edges/node:  1.160  mean count/edge: 35

Starting phasing iterations

Window=2 Iteration=11
Time for building model:         1 second
Time for sampling (singles):     2 minutes 5 seconds
DAG statistics
mean edges/level: 6      max edges/level: 21
mean edges/node:  1.112  mean count/edge: 18

Window=2 Iteration=12
Time for building model:         1 minute 35 seconds
Time for sampling (singles):     1 minute 29 seconds
DAG statistics
mean edges/level: 4      max edges/level: 19
mean edges/node:  1.155  mean count/edge: 27

Window=2 Iteration=13
Time for building model:         20 seconds
Time for sampling (singles):     3 minutes 3 seconds
DAG statistics
mean edges/level: 10     max edges/level: 25
mean edges/node:  1.066  mean count/edge: 11

Window=2 Iteration=14
Time for building model:         1 minute 1 second
Time for sampling (singles):     2 minutes 50 seconds
DAG statistics
mean edges/level: 11     max edges/level: 28
mean edges/node:  1.050  mean count/edge: 10

Window=2 Iteration=15
Time for building model:         48 seconds
Time for sampling (singles):     2 minutes 6 seconds
DAG statistics
mean edges/level: 13     max edges/level: 28
mean edges/node:  1.039  mean count/edge: 8

Window 3 [ NC_037340.1:10378628-16963576 ]
target markers:      50000

Starting burn-in iterations

Window=3 Iteration=1
Time for building model:         1 minute 41 seconds
Time for sampling (singles):     4 seconds
DAG statistics
mean edges/level: 3      max edges/level: 20
mean edges/node:  1.716  mean count/edge: 35

Window=3 Iteration=2
Time for building model:         2 minutes 58 seconds
Time for sampling (singles):     5 seconds
DAG statistics
mean edges/level: 3      max edges/level: 18
mean edges/node:  1.702  mean count/edge: 35

Window=3 Iteration=3
Time for building model:         3 minutes 50 seconds
Time for sampling (singles):     16 seconds
DAG statistics
mean edges/level: 4      max edges/level: 21
mean edges/node:  1.575  mean count/edge: 27

Window=3 Iteration=4
Time for building model:         2 minutes 35 seconds
Time for sampling (singles):     11 seconds
DAG statistics
mean edges/level: 4      max edges/level: 18
mean edges/node:  1.516  mean count/edge: 27

Window=3 Iteration=5
Time for building model:         2 minutes 36 seconds
Time for sampling (singles):     7 seconds
DAG statistics
mean edges/level: 3      max edges/level: 22
mean edges/node:  1.414  mean count/edge: 35

Window=3 Iteration=6
Time for building model:         3 minutes 50 seconds
Time for sampling (singles):     13 seconds
DAG statistics
mean edges/level: 3      max edges/level: 18
mean edges/node:  1.386  mean count/edge: 35

Window=3 Iteration=7
Time for building model:         2 minutes 7 seconds
Time for sampling (singles):     9 seconds
DAG statistics
mean edges/level: 3      max edges/level: 20
mean edges/node:  1.322  mean count/edge: 35

Window=3 Iteration=8
Time for building model:         3 minutes 15 seconds
Time for sampling (singles):     14 seconds
DAG statistics
mean edges/level: 3      max edges/level: 18
mean edges/node:  1.318  mean count/edge: 35

Window=3 Iteration=9
Time for building model:         3 minutes 51 seconds
Time for sampling (singles):     6 seconds
DAG statistics
mean edges/level: 3      max edges/level: 22
mean edges/node:  1.287  mean count/edge: 35

Window=3 Iteration=10
Time for building model:         3 minutes 31 seconds
Time for sampling (singles):     8 seconds
DAG statistics
mean edges/level: 3      max edges/level: 18
mean edges/node:  1.290  mean count/edge: 35

Starting phasing iterations

Window=3 Iteration=11
Time for building model:         51 seconds
Time for sampling (singles):     4 minutes 14 seconds
DAG statistics
mean edges/level: 5      max edges/level: 22
mean edges/node:  1.278  mean count/edge: 21

Window=3 Iteration=12
Time for building model:         1 minute 32 seconds
Time for sampling (singles):     3 minutes 48 seconds
DAG statistics
mean edges/level: 8      max edges/level: 21
mean edges/node:  1.159  mean count/edge: 13

Window=3 Iteration=13
Time for building model:         1 minute 58 seconds
Time for sampling (singles):     3 minutes 46 seconds
DAG statistics
mean edges/level: 5      max edges/level: 22
mean edges/node:  1.251  mean count/edge: 21

Window=3 Iteration=14
Time for building model:         1 minute 48 seconds
Time for sampling (singles):     3 minutes 35 seconds
DAG statistics
mean edges/level: 10     max edges/level: 26
mean edges/node:  1.118  mean count/edge: 11

Window=3 Iteration=15
Time for building model:         1 minute 42 seconds
Time for sampling (singles):     3 minutes 32 seconds
DAG statistics
mean edges/level: 12     max edges/level: 26
mean edges/node:  1.095  mean count/edge: 9

Window 4 [ NC_037340.1:16494648-23982926 ]
target markers:      50000

Starting burn-in iterations

Window=4 Iteration=1
Time for building model:         4 minutes 26 seconds
Time for sampling (singles):     37 seconds
DAG statistics
mean edges/level: 3      max edges/level: 19
mean edges/node:  1.668  mean count/edge: 35

Window=4 Iteration=2
Time for building model:         1 minute 57 seconds
Time for sampling (singles):     9 seconds
DAG statistics
mean edges/level: 3      max edges/level: 12
mean edges/node:  1.638  mean count/edge: 35

Window=4 Iteration=3
Time for building model:         3 minutes 30 seconds
Time for sampling (singles):     39 seconds
DAG statistics
mean edges/level: 4      max edges/level: 20
mean edges/node:  1.505  mean count/edge: 27

Window=4 Iteration=4
Time for building model:         2 minutes 28 seconds
Time for sampling (singles):     31 seconds
DAG statistics
mean edges/level: 3      max edges/level: 13
mean edges/node:  1.432  mean count/edge: 35

Window=4 Iteration=5
Time for building model:         3 minutes 14 seconds
Time for sampling (singles):     9 seconds
DAG statistics
mean edges/level: 3      max edges/level: 20
mean edges/node:  1.311  mean count/edge: 35

Window=4 Iteration=6
Time for building model:         2 minutes 19 seconds
Time for sampling (singles):     9 seconds
DAG statistics
mean edges/level: 3      max edges/level: 14
mean edges/node:  1.275  mean count/edge: 35

Window=4 Iteration=7
Time for building model:         4 minutes 15 seconds
Time for sampling (singles):     11 seconds
DAG statistics
mean edges/level: 3      max edges/level: 20
mean edges/node:  1.225  mean count/edge: 35

Window=4 Iteration=8
Time for building model:         2 minutes 56 seconds
Time for sampling (singles):     6 seconds
DAG statistics
mean edges/level: 3      max edges/level: 14
mean edges/node:  1.223  mean count/edge: 35

Window=4 Iteration=9
Time for building model:         2 minutes 37 seconds
Time for sampling (singles):     8 seconds
DAG statistics
mean edges/level: 3      max edges/level: 20
mean edges/node:  1.192  mean count/edge: 35

Window=4 Iteration=10
Time for building model:         2 minutes 58 seconds
Time for sampling (singles):     18 seconds
DAG statistics
mean edges/level: 3      max edges/level: 15
mean edges/node:  1.194  mean count/edge: 35

Starting phasing iterations

Window=4 Iteration=11
Time for building model:         57 seconds
Time for sampling (singles):     4 minutes 17 seconds
DAG statistics
mean edges/level: 5      max edges/level: 20
mean edges/node:  1.174  mean count/edge: 21

Window=4 Iteration=12
Time for building model:         1 minute 56 seconds
Time for sampling (singles):     4 minutes 23 seconds
DAG statistics
mean edges/level: 8      max edges/level: 23
mean edges/node:  1.108  mean count/edge: 13

Window=4 Iteration=13
Time for building model:         1 minute 44 seconds
Time for sampling (singles):     4 minutes 7 seconds
DAG statistics
mean edges/level: 10     max edges/level: 25
mean edges/node:  1.083  mean count/edge: 11

Window=4 Iteration=14
Time for building model:         1 minute 26 seconds
Time for sampling (singles):     3 minutes 19 seconds
DAG statistics
mean edges/level: 11     max edges/level: 26
mean edges/node:  1.065  mean count/edge: 10

Window=4 Iteration=15
Time for building model:         1 minute 32 seconds
Time for sampling (singles):     2 minutes 57 seconds
DAG statistics
mean edges/level: 12     max edges/level: 25
mean edges/node:  1.052  mean count/edge: 9

Window 5 [ NC_037340.1:23455256-30024040 ]
target markers:      50000

Starting burn-in iterations

Window=5 Iteration=1
Time for building model:         3 minutes 30 seconds
Time for sampling (singles):     46 seconds
DAG statistics
mean edges/level: 3      max edges/level: 21
mean edges/node:  1.623  mean count/edge: 35

Window=5 Iteration=2
Time for building model:         4 minutes 2 seconds
Time for sampling (singles):     29 seconds
DAG statistics
mean edges/level: 3      max edges/level: 13
mean edges/node:  1.578  mean count/edge: 35

Window=5 Iteration=3
Time for building model:         3 minutes 30 seconds
Time for sampling (singles):     21 seconds
DAG statistics
mean edges/level: 4      max edges/level: 21
mean edges/node:  1.452  mean count/edge: 27

Window=5 Iteration=4
Time for building model:         2 minutes 33 seconds
Time for sampling (singles):     20 seconds
DAG statistics
mean edges/level: 3      max edges/level: 14
mean edges/node:  1.355  mean count/edge: 35

Window=5 Iteration=5
Time for building model:         4 minutes 10 seconds
Time for sampling (singles):     11 seconds
DAG statistics
mean edges/level: 4      max edges/level: 20
mean edges/node:  1.232  mean count/edge: 27

Window=5 Iteration=6
Time for building model:         3 minutes 12 seconds
Time for sampling (singles):     9 seconds
DAG statistics
mean edges/level: 3      max edges/level: 15
mean edges/node:  1.193  mean count/edge: 35

Window=5 Iteration=7
Time for building model:         2 minutes 59 seconds
Time for sampling (singles):     14 seconds
DAG statistics
mean edges/level: 4      max edges/level: 22
mean edges/node:  1.146  mean count/edge: 27

Window=5 Iteration=8
Time for building model:         3 minutes 19 seconds
Time for sampling (singles):     14 seconds
DAG statistics
mean edges/level: 4      max edges/level: 15
mean edges/node:  1.134  mean count/edge: 27

Window=5 Iteration=9
Time for building model:         3 minutes 57 seconds
Time for sampling (singles):     14 seconds
DAG statistics
mean edges/level: 3      max edges/level: 22
mean edges/node:  1.124  mean count/edge: 35

Window=5 Iteration=10
Time for building model:         2 minutes 50 seconds
Time for sampling (singles):     11 seconds
DAG statistics
mean edges/level: 4      max edges/level: 16
mean edges/node:  1.111  mean count/edge: 27

Starting phasing iterations

Window=5 Iteration=11
Time for building model:         1 minute 0 seconds
Time for sampling (singles):     3 minutes 56 seconds
DAG statistics
mean edges/level: 4      max edges/level: 23
mean edges/node:  1.112  mean count/edge: 27

Window=5 Iteration=12
Time for building model:         1 minute 9 seconds
Time for sampling (singles):     3 minutes 13 seconds
DAG statistics
mean edges/level: 9      max edges/level: 23
mean edges/node:  1.058  mean count/edge: 12

Window=5 Iteration=13
Time for building model:         1 minute 16 seconds
Time for sampling (singles):     3 minutes 34 seconds
DAG statistics
mean edges/level: 11     max edges/level: 24
mean edges/node:  1.046  mean count/edge: 10

Window=5 Iteration=14
Time for building model:         1 minute 20 seconds
Time for sampling (singles):     3 minutes 34 seconds
DAG statistics
mean edges/level: 11     max edges/level: 25
mean edges/node:  1.038  mean count/edge: 10

Window=5 Iteration=15
Time for building model:         1 minute 33 seconds
Time for sampling (singles):     4 minutes 2 seconds
DAG statistics
mean edges/level: 13     max edges/level: 29
mean edges/node:  1.030  mean count/edge: 8

Window 6 [ NC_037340.1:29726066-44721242 ]
target markers:      50000

Starting burn-in iterations

Window=6 Iteration=1
Time for building model:         3 minutes 41 seconds
Time for sampling (singles):     32 seconds
DAG statistics
mean edges/level: 4      max edges/level: 19
mean edges/node:  1.685  mean count/edge: 27

Window=6 Iteration=2
Time for building model:         3 minutes 10 seconds
Time for sampling (singles):     6 seconds
DAG statistics
mean edges/level: 4      max edges/level: 17
mean edges/node:  1.578  mean count/edge: 27

Window=6 Iteration=3
Time for building model:         2 minutes 40 seconds
Time for sampling (singles):     43 seconds
DAG statistics
mean edges/level: 4      max edges/level: 23
mean edges/node:  1.387  mean count/edge: 27

Window=6 Iteration=4
Time for building model:         3 minutes 18 seconds
Time for sampling (singles):     7 seconds
DAG statistics
mean edges/level: 4      max edges/level: 15
mean edges/node:  1.352  mean count/edge: 27

Window=6 Iteration=5
Time for building model:         2 minutes 28 seconds
Time for sampling (singles):     4 seconds
DAG statistics
mean edges/level: 4      max edges/level: 19
mean edges/node:  1.267  mean count/edge: 27

Window=6 Iteration=6
Time for building model:         3 minutes 24 seconds
Time for sampling (singles):     12 seconds
DAG statistics
mean edges/level: 4      max edges/level: 17
mean edges/node:  1.266  mean count/edge: 27

Window=6 Iteration=7
Time for building model:         3 minutes 24 seconds
Time for sampling (singles):     14 seconds
DAG statistics
mean edges/level: 4      max edges/level: 21
mean edges/node:  1.226  mean count/edge: 27

Window=6 Iteration=8
Time for building model:         2 minutes 55 seconds
Time for sampling (singles):     12 seconds
DAG statistics
mean edges/level: 4      max edges/level: 21
mean edges/node:  1.242  mean count/edge: 27

Window=6 Iteration=9
Time for building model:         3 minutes 16 seconds
Time for sampling (singles):     27 seconds
DAG statistics
mean edges/level: 4      max edges/level: 21
mean edges/node:  1.205  mean count/edge: 27

Window=6 Iteration=10
Time for building model:         1 minute 52 seconds
Time for sampling (singles):     4 seconds
DAG statistics
mean edges/level: 4      max edges/level: 18
mean edges/node:  1.230  mean count/edge: 27

Starting phasing iterations

Window=6 Iteration=11
Time for building model:         1 minute 43 seconds
Time for sampling (singles):     4 minutes 26 seconds
DAG statistics
mean edges/level: 9      max edges/level: 26
mean edges/node:  1.125  mean count/edge: 12

Window=6 Iteration=12
Time for building model:         1 minute 40 seconds
Time for sampling (singles):     5 minutes 0 seconds
DAG statistics
mean edges/level: 5      max edges/level: 24
mean edges/node:  1.204  mean count/edge: 21

Window=6 Iteration=13
Time for building model:         1 minute 49 seconds
Time for sampling (singles):     4 minutes 17 seconds
DAG statistics
mean edges/level: 11     max edges/level: 26
mean edges/node:  1.105  mean count/edge: 10

Window=6 Iteration=14
Time for building model:         1 minute 24 seconds
Time for sampling (singles):     3 minutes 27 seconds
DAG statistics
mean edges/level: 12     max edges/level: 27
mean edges/node:  1.085  mean count/edge: 9

Window=6 Iteration=15
Time for building model:         1 minute 25 seconds
Time for sampling (singles):     3 minutes 20 seconds
DAG statistics
mean edges/level: 13     max edges/level: 31
mean edges/node:  1.073  mean count/edge: 8

Window 7 [ NC_037340.1:43658367-64714296 ]
target markers:      50000

Starting burn-in iterations

Window=7 Iteration=1
Time for building model:         2 minutes 50 seconds
Time for sampling (singles):     11 seconds
DAG statistics
mean edges/level: 6      max edges/level: 20
mean edges/node:  1.739  mean count/edge: 18

Window=7 Iteration=2
Time for building model:         2 minutes 16 seconds
Time for sampling (singles):     25 seconds
DAG statistics
mean edges/level: 5      max edges/level: 17
mean edges/node:  1.564  mean count/edge: 21

Window=7 Iteration=3
Time for building model:         1 minute 38 seconds
Time for sampling (singles):     4 seconds
DAG statistics
mean edges/level: 5      max edges/level: 23
mean edges/node:  1.386  mean count/edge: 21

Window=7 Iteration=4
Time for building model:         2 minutes 6 seconds
Time for sampling (singles):     4 seconds
DAG statistics
mean edges/level: 5      max edges/level: 17
mean edges/node:  1.346  mean count/edge: 21

Window=7 Iteration=5
Time for building model:         1 minute 25 seconds
Time for sampling (singles):     8 seconds
DAG statistics
mean edges/level: 5      max edges/level: 20
mean edges/node:  1.312  mean count/edge: 21

Window=7 Iteration=6
Time for building model:         2 minutes 11 seconds
Time for sampling (singles):     3 seconds
DAG statistics
mean edges/level: 4      max edges/level: 19
mean edges/node:  1.308  mean count/edge: 27

Window=7 Iteration=7
Time for building model:         1 minute 54 seconds
Time for sampling (singles):     7 seconds
DAG statistics
mean edges/level: 5      max edges/level: 22
mean edges/node:  1.289  mean count/edge: 21

Window=7 Iteration=8
Time for building model:         2 minutes 13 seconds
Time for sampling (singles):     10 seconds
DAG statistics
mean edges/level: 5      max edges/level: 20
mean edges/node:  1.290  mean count/edge: 21

Window=7 Iteration=9
Time for building model:         1 minute 17 seconds
Time for sampling (singles):     8 seconds
DAG statistics
mean edges/level: 5      max edges/level: 22
mean edges/node:  1.274  mean count/edge: 21

Window=7 Iteration=10
Time for building model:         1 minute 23 seconds
Time for sampling (singles):     9 seconds
DAG statistics
mean edges/level: 5      max edges/level: 19
mean edges/node:  1.278  mean count/edge: 21

Starting phasing iterations

Window=7 Iteration=11
Time for building model:         45 seconds
Time for sampling (singles):     2 minutes 47 seconds
DAG statistics
mean edges/level: 6      max edges/level: 24
mean edges/node:  1.237  mean count/edge: 18

Window=7 Iteration=12
Time for building model:         52 seconds
Time for sampling (singles):     2 minutes 18 seconds
DAG statistics
mean edges/level: 6      max edges/level: 26
mean edges/node:  1.234  mean count/edge: 18

Window=7 Iteration=13
Time for building model:         56 seconds
Time for sampling (singles):     2 minutes 18 seconds
DAG statistics
mean edges/level: 9      max edges/level: 26
mean edges/node:  1.169  mean count/edge: 12

Window=7 Iteration=14
Time for building model:         35 seconds
Time for sampling (singles):     2 minutes 8 seconds
DAG statistics
mean edges/level: 9      max edges/level: 25
mean edges/node:  1.160  mean count/edge: 12

Window=7 Iteration=15
Time for building model:         1 minute 2 seconds
Time for sampling (singles):     2 minutes 4 seconds
DAG statistics
mean edges/level: 13     max edges/level: 28
mean edges/node:  1.114  mean count/edge: 8

Window 8 [ NC_037340.1:63009627-81758644 ]
target markers:      50000

Starting burn-in iterations

Window=8 Iteration=1
Time for building model:         2 minutes 5 seconds
Time for sampling (singles):     9 seconds
DAG statistics
mean edges/level: 5      max edges/level: 24
mean edges/node:  1.747  mean count/edge: 21

Window=8 Iteration=2
Time for building model:         1 minute 36 seconds
Time for sampling (singles):     5 seconds
DAG statistics
mean edges/level: 5      max edges/level: 17
mean edges/node:  1.614  mean count/edge: 21

Window=8 Iteration=3
Time for building model:         2 minutes 21 seconds
Time for sampling (singles):     4 seconds
DAG statistics
mean edges/level: 5      max edges/level: 26
mean edges/node:  1.431  mean count/edge: 21

Window=8 Iteration=4
Time for building model:         3 minutes 3 seconds
Time for sampling (singles):     17 seconds
DAG statistics
mean edges/level: 4      max edges/level: 18
mean edges/node:  1.395  mean count/edge: 27

Window=8 Iteration=5
Time for building model:         2 minutes 42 seconds
Time for sampling (singles):     24 seconds
DAG statistics
mean edges/level: 5      max edges/level: 27
mean edges/node:  1.348  mean count/edge: 21

Window=8 Iteration=6
Time for building model:         2 minutes 26 seconds
Time for sampling (singles):     7 seconds
DAG statistics
mean edges/level: 5      max edges/level: 21
mean edges/node:  1.346  mean count/edge: 21

Window=8 Iteration=7
Time for building model:         2 minutes 27 seconds
Time for sampling (singles):     7 seconds
DAG statistics
mean edges/level: 5      max edges/level: 26
mean edges/node:  1.321  mean count/edge: 21

Window=8 Iteration=8
Time for building model:         2 minutes 22 seconds
Time for sampling (singles):     5 seconds
DAG statistics
mean edges/level: 5      max edges/level: 19
mean edges/node:  1.324  mean count/edge: 21

Window=8 Iteration=9
Time for building model:         2 minutes 37 seconds
Time for sampling (singles):     10 seconds
DAG statistics
mean edges/level: 5      max edges/level: 25
mean edges/node:  1.306  mean count/edge: 21

Window=8 Iteration=10
Time for building model:         2 minutes 46 seconds
Time for sampling (singles):     11 seconds
DAG statistics
mean edges/level: 4      max edges/level: 17
mean edges/node:  1.317  mean count/edge: 27

Starting phasing iterations

Window=8 Iteration=11
Time for building model:         1 minute 12 seconds
Time for sampling (singles):     3 minutes 58 seconds
DAG statistics
mean edges/level: 6      max edges/level: 26
mean edges/node:  1.267  mean count/edge: 18

Window=8 Iteration=12
Time for building model:         1 minute 28 seconds
Time for sampling (singles):     3 minutes 59 seconds
DAG statistics
mean edges/level: 7      max edges/level: 26
mean edges/node:  1.233  mean count/edge: 15

Window=8 Iteration=13
Time for building model:         1 minute 13 seconds
Time for sampling (singles):     3 minutes 15 seconds
DAG statistics
mean edges/level: 9      max edges/level: 27
mean edges/node:  1.194  mean count/edge: 12

Window=8 Iteration=14
Time for building model:         1 minute 49 seconds
Time for sampling (singles):     2 minutes 9 seconds
DAG statistics
mean edges/level: 12     max edges/level: 28
mean edges/node:  1.142  mean count/edge: 9

Window=8 Iteration=15
Time for building model:         54 seconds
Time for sampling (singles):     3 minutes 31 seconds
DAG statistics
mean edges/level: 13     max edges/level: 32
mean edges/node:  1.116  mean count/edge: 8

Window 9 [ NC_037340.1:80768204-83467050 ]
target markers:       7517

Starting burn-in iterations

Window=9 Iteration=1
Time for building model:         10 seconds
Time for sampling (singles):     8 seconds
DAG statistics
mean edges/level: 7      max edges/level: 24
mean edges/node:  1.456  mean count/edge: 15

Window=9 Iteration=2
Time for building model:         7 seconds
Time for sampling (singles):     0 seconds
DAG statistics
mean edges/level: 5      max edges/level: 16
mean edges/node:  1.529  mean count/edge: 21

Window=9 Iteration=3
Time for building model:         29 seconds
Time for sampling (singles):     1 second
DAG statistics
mean edges/level: 6      max edges/level: 25
mean edges/node:  1.306  mean count/edge: 18

Window=9 Iteration=4
Time for building model:         19 seconds
Time for sampling (singles):     1 second
DAG statistics
mean edges/level: 5      max edges/level: 16
mean edges/node:  1.370  mean count/edge: 21

Window=9 Iteration=5
Time for building model:         24 seconds
Time for sampling (singles):     1 second
DAG statistics
mean edges/level: 6      max edges/level: 29
mean edges/node:  1.259  mean count/edge: 18

Window=9 Iteration=6
Time for building model:         12 seconds
Time for sampling (singles):     3 seconds
DAG statistics
mean edges/level: 5      max edges/level: 16
mean edges/node:  1.320  mean count/edge: 21

Window=9 Iteration=7
Time for building model:         13 seconds
Time for sampling (singles):     1 second
DAG statistics
mean edges/level: 6      max edges/level: 26
mean edges/node:  1.231  mean count/edge: 18

Window=9 Iteration=8
Time for building model:         6 seconds
Time for sampling (singles):     1 second
DAG statistics
mean edges/level: 7      max edges/level: 27
mean edges/node:  1.230  mean count/edge: 15

Window=9 Iteration=9
Time for building model:         19 seconds
Time for sampling (singles):     0 seconds
DAG statistics
mean edges/level: 6      max edges/level: 24
mean edges/node:  1.221  mean count/edge: 18

Window=9 Iteration=10
Time for building model:         17 seconds
Time for sampling (singles):     1 second
DAG statistics
mean edges/level: 5      max edges/level: 16
mean edges/node:  1.293  mean count/edge: 21

Starting phasing iterations

Window=9 Iteration=11
Time for building model:         12 seconds
Time for sampling (singles):     25 seconds
DAG statistics
mean edges/level: 9      max edges/level: 26
mean edges/node:  1.185  mean count/edge: 12

Window=9 Iteration=12
Time for building model:         8 seconds
Time for sampling (singles):     34 seconds
DAG statistics
mean edges/level: 11     max edges/level: 25
mean edges/node:  1.165  mean count/edge: 10

Window=9 Iteration=13
Time for building model:         26 seconds
Time for sampling (singles):     23 seconds
DAG statistics
mean edges/level: 12     max edges/level: 26
mean edges/node:  1.145  mean count/edge: 9

Window=9 Iteration=14
Time for building model:         6 seconds
Time for sampling (singles):     24 seconds
DAG statistics
mean edges/level: 13     max edges/level: 27
mean edges/node:  1.126  mean count/edge: 8

Window=9 Iteration=15
Time for building model:         11 seconds
Time for sampling (singles):     27 seconds
DAG statistics
mean edges/level: 14     max edges/level: 28
mean edges/node:  1.110  mean count/edge: 8

Number of markers:              383517
Total time for building model: 3 hours 38 minutes 41 seconds
Total time for sampling:       2 hours 14 minutes 37 seconds
Total run time:                6 hours 9 minutes 32 seconds

End time: 01:02 AM CEST on 05 Apr 2024
beagle.27Jan18.7e1.jar (version 4.1) finished
