beagle.27Jan18.7e1.jar (version 4.1)
Copyright (C) 2014-2015 Brian L. Browning
Enter "java -jar beagle.27Jan18.7e1.jar" for a summary of command line arguments.
Start time: 06:51 PM CEST on 04 Apr 2024

Command line: java -Xmx54613m -jar beagle.jar
  gl=results/gl/Bostau9_tragmain2_sites_variable_noindels_renamed_Timb.bcf.gz.NC_037349.1.vcf.gz
  chrom=NC_037349.1
  out=results/imputed/Bostau9_tragmain2_sites_variable_noindels_renamed_Timb.bcf.gz.NC_037349.1
  nthreads=6

No genetic map is specified: using 1 cM = 1 Mb

reference samples:       0
target samples:         53

Window 1 [ NC_037349.1:8899-21559580 ]
target markers:      50000

Starting burn-in iterations

Window=1 Iteration=1
Time for building model:         4 seconds
Time for sampling (singles):     3 seconds
DAG statistics
mean edges/level: 5      max edges/level: 17
mean edges/node:  1.788  mean count/edge: 21

Window=1 Iteration=2
Time for building model:         2 seconds
Time for sampling (singles):     3 seconds
DAG statistics
mean edges/level: 5      max edges/level: 16
mean edges/node:  1.575  mean count/edge: 21

Window=1 Iteration=3
Time for building model:         6 seconds
Time for sampling (singles):     3 seconds
DAG statistics
mean edges/level: 4      max edges/level: 15
mean edges/node:  1.410  mean count/edge: 27

Window=1 Iteration=4
Time for building model:         2 seconds
Time for sampling (singles):     3 seconds
DAG statistics
mean edges/level: 5      max edges/level: 22
mean edges/node:  1.353  mean count/edge: 21

Window=1 Iteration=5
Time for building model:         2 seconds
Time for sampling (singles):     3 seconds
DAG statistics
mean edges/level: 4      max edges/level: 18
mean edges/node:  1.331  mean count/edge: 27

Window=1 Iteration=6
Time for building model:         2 seconds
Time for sampling (singles):     3 seconds
DAG statistics
mean edges/level: 5      max edges/level: 18
mean edges/node:  1.315  mean count/edge: 21

Window=1 Iteration=7
Time for building model:         4 seconds
Time for sampling (singles):     3 seconds
DAG statistics
mean edges/level: 5      max edges/level: 17
mean edges/node:  1.306  mean count/edge: 21

Window=1 Iteration=8
Time for building model:         13 seconds
Time for sampling (singles):     5 seconds
DAG statistics
mean edges/level: 5      max edges/level: 19
mean edges/node:  1.300  mean count/edge: 21

Window=1 Iteration=9
Time for building model:         4 seconds
Time for sampling (singles):     2 seconds
DAG statistics
mean edges/level: 4      max edges/level: 18
mean edges/node:  1.297  mean count/edge: 27

Window=1 Iteration=10
Time for building model:         2 seconds
Time for sampling (singles):     3 seconds
DAG statistics
mean edges/level: 5      max edges/level: 20
mean edges/node:  1.288  mean count/edge: 21

Starting phasing iterations

Window=1 Iteration=11
Time for building model:         2 seconds
Time for sampling (singles):     40 seconds
DAG statistics
mean edges/level: 6      max edges/level: 23
mean edges/node:  1.252  mean count/edge: 18

Window=1 Iteration=12
Time for building model:         18 seconds
Time for sampling (singles):     2 minutes 59 seconds
DAG statistics
mean edges/level: 7      max edges/level: 23
mean edges/node:  1.224  mean count/edge: 15

Window=1 Iteration=13
Time for building model:         1 minute 3 seconds
Time for sampling (singles):     3 minutes 14 seconds
DAG statistics
mean edges/level: 7      max edges/level: 24
mean edges/node:  1.215  mean count/edge: 15

Window=1 Iteration=14
Time for building model:         1 minute 10 seconds
Time for sampling (singles):     2 minutes 37 seconds
DAG statistics
mean edges/level: 11     max edges/level: 29
mean edges/node:  1.142  mean count/edge: 10

Window=1 Iteration=15
Time for building model:         1 minute 26 seconds
Time for sampling (singles):     2 minutes 52 seconds
DAG statistics
mean edges/level: 13     max edges/level: 30
mean edges/node:  1.111  mean count/edge: 8

Window 2 [ NC_037349.1:20022055-46933542 ]
target markers:      50000

Starting burn-in iterations

Window=2 Iteration=1
Time for building model:         3 minutes 27 seconds
Time for sampling (singles):     18 seconds
DAG statistics
mean edges/level: 6      max edges/level: 25
mean edges/node:  1.703  mean count/edge: 18

Window=2 Iteration=2
Time for building model:         1 minute 50 seconds
Time for sampling (singles):     16 seconds
DAG statistics
mean edges/level: 5      max edges/level: 18
mean edges/node:  1.534  mean count/edge: 21

Window=2 Iteration=3
Time for building model:         4 minutes 9 seconds
Time for sampling (singles):     13 seconds
DAG statistics
mean edges/level: 5      max edges/level: 23
mean edges/node:  1.339  mean count/edge: 21

Window=2 Iteration=4
Time for building model:         3 minutes 6 seconds
Time for sampling (singles):     6 seconds
DAG statistics
mean edges/level: 5      max edges/level: 18
mean edges/node:  1.311  mean count/edge: 21

Window=2 Iteration=5
Time for building model:         2 minutes 54 seconds
Time for sampling (singles):     17 seconds
DAG statistics
mean edges/level: 5      max edges/level: 25
mean edges/node:  1.277  mean count/edge: 21

Window=2 Iteration=6
Time for building model:         3 minutes 26 seconds
Time for sampling (singles):     18 seconds
DAG statistics
mean edges/level: 5      max edges/level: 18
mean edges/node:  1.281  mean count/edge: 21

Window=2 Iteration=7
Time for building model:         3 minutes 5 seconds
Time for sampling (singles):     17 seconds
DAG statistics
mean edges/level: 5      max edges/level: 24
mean edges/node:  1.261  mean count/edge: 21

Window=2 Iteration=8
Time for building model:         3 minutes 28 seconds
Time for sampling (singles):     6 seconds
DAG statistics
mean edges/level: 5      max edges/level: 18
mean edges/node:  1.268  mean count/edge: 21

Window=2 Iteration=9
Time for building model:         3 minutes 12 seconds
Time for sampling (singles):     13 seconds
DAG statistics
mean edges/level: 5      max edges/level: 25
mean edges/node:  1.251  mean count/edge: 21

Window=2 Iteration=10
Time for building model:         2 minutes 31 seconds
Time for sampling (singles):     9 seconds
DAG statistics
mean edges/level: 5      max edges/level: 18
mean edges/node:  1.260  mean count/edge: 21

Starting phasing iterations

Window=2 Iteration=11
Time for building model:         3 seconds
Time for sampling (singles):     3 minutes 0 seconds
DAG statistics
mean edges/level: 6      max edges/level: 25
mean edges/node:  1.219  mean count/edge: 18

Window=2 Iteration=12
Time for building model:         1 minute 55 seconds
Time for sampling (singles):     4 minutes 38 seconds
DAG statistics
mean edges/level: 6      max edges/level: 24
mean edges/node:  1.216  mean count/edge: 18

Window=2 Iteration=13
Time for building model:         1 minute 42 seconds
Time for sampling (singles):     4 minutes 39 seconds
DAG statistics
mean edges/level: 8      max edges/level: 29
mean edges/node:  1.175  mean count/edge: 13

Window=2 Iteration=14
Time for building model:         1 minute 53 seconds
Time for sampling (singles):     4 minutes 25 seconds
DAG statistics
mean edges/level: 12     max edges/level: 29
mean edges/node:  1.120  mean count/edge: 9

Window=2 Iteration=15
Time for building model:         1 minute 35 seconds
Time for sampling (singles):     4 minutes 8 seconds
DAG statistics
mean edges/level: 14     max edges/level: 29
mean edges/node:  1.096  mean count/edge: 8

Window 3 [ NC_037349.1:44895524-60766507 ]
target markers:      39889

Starting burn-in iterations

Window=3 Iteration=1
Time for building model:         2 minutes 25 seconds
Time for sampling (singles):     18 seconds
DAG statistics
mean edges/level: 5      max edges/level: 24
mean edges/node:  1.725  mean count/edge: 21

Window=3 Iteration=2
Time for building model:         2 minutes 20 seconds
Time for sampling (singles):     23 seconds
DAG statistics
mean edges/level: 5      max edges/level: 18
mean edges/node:  1.609  mean count/edge: 21

Window=3 Iteration=3
Time for building model:         2 minutes 21 seconds
Time for sampling (singles):     17 seconds
DAG statistics
mean edges/level: 5      max edges/level: 24
mean edges/node:  1.416  mean count/edge: 21

Window=3 Iteration=4
Time for building model:         2 minutes 59 seconds
Time for sampling (singles):     24 seconds
DAG statistics
mean edges/level: 4      max edges/level: 16
mean edges/node:  1.386  mean count/edge: 27

Window=3 Iteration=5
Time for building model:         1 minute 44 seconds
Time for sampling (singles):     11 seconds
DAG statistics
mean edges/level: 5      max edges/level: 26
mean edges/node:  1.330  mean count/edge: 21

Window=3 Iteration=6
Time for building model:         1 minute 51 seconds
Time for sampling (singles):     10 seconds
DAG statistics
mean edges/level: 4      max edges/level: 18
mean edges/node:  1.334  mean count/edge: 27

Window=3 Iteration=7
Time for building model:         2 minutes 46 seconds
Time for sampling (singles):     16 seconds
DAG statistics
mean edges/level: 5      max edges/level: 25
mean edges/node:  1.302  mean count/edge: 21

Window=3 Iteration=8
Time for building model:         1 minute 53 seconds
Time for sampling (singles):     9 seconds
DAG statistics
mean edges/level: 4      max edges/level: 16
mean edges/node:  1.312  mean count/edge: 27

Window=3 Iteration=9
Time for building model:         2 minutes 1 second
Time for sampling (singles):     15 seconds
DAG statistics
mean edges/level: 5      max edges/level: 24
mean edges/node:  1.286  mean count/edge: 21

Window=3 Iteration=10
Time for building model:         2 minutes 12 seconds
Time for sampling (singles):     11 seconds
DAG statistics
mean edges/level: 4      max edges/level: 16
mean edges/node:  1.297  mean count/edge: 27

Starting phasing iterations

Window=3 Iteration=11
Time for building model:         54 seconds
Time for sampling (singles):     3 minutes 45 seconds
DAG statistics
mean edges/level: 6      max edges/level: 25
mean edges/node:  1.238  mean count/edge: 18

Window=3 Iteration=12
Time for building model:         57 seconds
Time for sampling (singles):     4 minutes 1 second
DAG statistics
mean edges/level: 7      max edges/level: 23
mean edges/node:  1.211  mean count/edge: 15

Window=3 Iteration=13
Time for building model:         1 minute 47 seconds
Time for sampling (singles):     4 minutes 26 seconds
DAG statistics
mean edges/level: 10     max edges/level: 27
mean edges/node:  1.154  mean count/edge: 11

Window=3 Iteration=14
Time for building model:         1 minute 3 seconds
Time for sampling (singles):     4 minutes 25 seconds
DAG statistics
mean edges/level: 12     max edges/level: 29
mean edges/node:  1.123  mean count/edge: 9

Window=3 Iteration=15
Time for building model:         1 minute 29 seconds
Time for sampling (singles):     4 minutes 16 seconds
DAG statistics
mean edges/level: 14     max edges/level: 29
mean edges/node:  1.101  mean count/edge: 8

Number of markers:              133889
Total time for building model: 1 hour 11 minutes 36 seconds
Total time for sampling:       59 minutes 32 seconds
Total run time:                2 hours 17 minutes 12 seconds

End time: 09:08 PM CEST on 04 Apr 2024
beagle.27Jan18.7e1.jar (version 4.1) finished
