beagle.27Jan18.7e1.jar (version 4.1)
Copyright (C) 2014-2015 Brian L. Browning
Enter "java -jar beagle.27Jan18.7e1.jar" for a summary of command line arguments.
Start time: 06:51 PM CEST on 04 Apr 2024

Command line: java -Xmx54613m -jar beagle.jar
  gl=results/gl/Bostau9_tragmain2_sites_variable_noindels_renamed_Timb.bcf.gz.NC_037337.1.vcf.gz
  chrom=NC_037337.1
  out=results/imputed/Bostau9_tragmain2_sites_variable_noindels_renamed_Timb.bcf.gz.NC_037337.1
  nthreads=6

No genetic map is specified: using 1 cM = 1 Mb

reference samples:       0
target samples:         53

Window 1 [ NC_037337.1:52653-22131183 ]
target markers:      50000

Starting burn-in iterations

Window=1 Iteration=1
Time for building model:         14 seconds
Time for sampling (singles):     4 seconds
DAG statistics
mean edges/level: 5      max edges/level: 17
mean edges/node:  1.840  mean count/edge: 21

Window=1 Iteration=2
Time for building model:         2 seconds
Time for sampling (singles):     2 seconds
DAG statistics
mean edges/level: 4      max edges/level: 16
mean edges/node:  1.653  mean count/edge: 27

Window=1 Iteration=3
Time for building model:         16 seconds
Time for sampling (singles):     2 seconds
DAG statistics
mean edges/level: 4      max edges/level: 16
mean edges/node:  1.482  mean count/edge: 27

Window=1 Iteration=4
Time for building model:         2 seconds
Time for sampling (singles):     3 seconds
DAG statistics
mean edges/level: 4      max edges/level: 16
mean edges/node:  1.429  mean count/edge: 27

Window=1 Iteration=5
Time for building model:         2 seconds
Time for sampling (singles):     2 seconds
DAG statistics
mean edges/level: 4      max edges/level: 16
mean edges/node:  1.400  mean count/edge: 27

Window=1 Iteration=6
Time for building model:         1 second
Time for sampling (singles):     2 seconds
DAG statistics
mean edges/level: 4      max edges/level: 16
mean edges/node:  1.384  mean count/edge: 27

Window=1 Iteration=7
Time for building model:         4 seconds
Time for sampling (singles):     5 seconds
DAG statistics
mean edges/level: 4      max edges/level: 18
mean edges/node:  1.370  mean count/edge: 27

Window=1 Iteration=8
Time for building model:         31 seconds
Time for sampling (singles):     2 seconds
DAG statistics
mean edges/level: 4      max edges/level: 17
mean edges/node:  1.355  mean count/edge: 27

Window=1 Iteration=9
Time for building model:         53 seconds
Time for sampling (singles):     6 seconds
DAG statistics
mean edges/level: 4      max edges/level: 17
mean edges/node:  1.354  mean count/edge: 27

Window=1 Iteration=10
Time for building model:         1 minute 55 seconds
Time for sampling (singles):     4 seconds
DAG statistics
mean edges/level: 4      max edges/level: 16
mean edges/node:  1.349  mean count/edge: 27

Starting phasing iterations

Window=1 Iteration=11
Time for building model:         31 seconds
Time for sampling (singles):     1 minute 30 seconds
DAG statistics
mean edges/level: 6      max edges/level: 19
mean edges/node:  1.306  mean count/edge: 18

Window=1 Iteration=12
Time for building model:         36 seconds
Time for sampling (singles):     55 seconds
DAG statistics
mean edges/level: 7      max edges/level: 27
mean edges/node:  1.260  mean count/edge: 15

Window=1 Iteration=13
Time for building model:         17 seconds
Time for sampling (singles):     20 seconds
DAG statistics
mean edges/level: 7      max edges/level: 21
mean edges/node:  1.270  mean count/edge: 15

Window=1 Iteration=14
Time for building model:         14 seconds
Time for sampling (singles):     37 seconds
DAG statistics
mean edges/level: 11     max edges/level: 25
mean edges/node:  1.171  mean count/edge: 10

Window=1 Iteration=15
Time for building model:         4 seconds
Time for sampling (singles):     22 seconds
DAG statistics
mean edges/level: 13     max edges/level: 29
mean edges/node:  1.138  mean count/edge: 8

Window 2 [ NC_037337.1:20647440-38949202 ]
target markers:      50000

Starting burn-in iterations

Window=2 Iteration=1
Time for building model:         3 seconds
Time for sampling (singles):     2 seconds
DAG statistics
mean edges/level: 5      max edges/level: 24
mean edges/node:  1.756  mean count/edge: 21

Window=2 Iteration=2
Time for building model:         5 seconds
Time for sampling (singles):     3 seconds
DAG statistics
mean edges/level: 4      max edges/level: 17
mean edges/node:  1.676  mean count/edge: 27

Window=2 Iteration=3
Time for building model:         1 minute 25 seconds
Time for sampling (singles):     36 seconds
DAG statistics
mean edges/level: 4      max edges/level: 21
mean edges/node:  1.514  mean count/edge: 27

Window=2 Iteration=4
Time for building model:         1 minute 45 seconds
Time for sampling (singles):     8 seconds
DAG statistics
mean edges/level: 4      max edges/level: 21
mean edges/node:  1.499  mean count/edge: 27

Window=2 Iteration=5
Time for building model:         2 minutes 6 seconds
Time for sampling (singles):     23 seconds
DAG statistics
mean edges/level: 4      max edges/level: 25
mean edges/node:  1.439  mean count/edge: 27

Window=2 Iteration=6
Time for building model:         1 minute 53 seconds
Time for sampling (singles):     6 seconds
DAG statistics
mean edges/level: 4      max edges/level: 19
mean edges/node:  1.445  mean count/edge: 27

Window=2 Iteration=7
Time for building model:         1 minute 58 seconds
Time for sampling (singles):     10 seconds
DAG statistics
mean edges/level: 4      max edges/level: 24
mean edges/node:  1.405  mean count/edge: 27

Window=2 Iteration=8
Time for building model:         1 minute 37 seconds
Time for sampling (singles):     7 seconds
DAG statistics
mean edges/level: 4      max edges/level: 18
mean edges/node:  1.411  mean count/edge: 27

Window=2 Iteration=9
Time for building model:         2 minutes 51 seconds
Time for sampling (singles):     7 seconds
DAG statistics
mean edges/level: 4      max edges/level: 24
mean edges/node:  1.382  mean count/edge: 27

Window=2 Iteration=10
Time for building model:         2 minutes 40 seconds
Time for sampling (singles):     7 seconds
DAG statistics
mean edges/level: 4      max edges/level: 24
mean edges/node:  1.395  mean count/edge: 27

Starting phasing iterations

Window=2 Iteration=11
Time for building model:         28 seconds
Time for sampling (singles):     2 minutes 21 seconds
DAG statistics
mean edges/level: 6      max edges/level: 23
mean edges/node:  1.321  mean count/edge: 18

Window=2 Iteration=12
Time for building model:         1 minute 1 second
Time for sampling (singles):     5 minutes 32 seconds
DAG statistics
mean edges/level: 8      max edges/level: 24
mean edges/node:  1.285  mean count/edge: 13

Window=2 Iteration=13
Time for building model:         1 minute 40 seconds
Time for sampling (singles):     4 minutes 53 seconds
DAG statistics
mean edges/level: 8      max edges/level: 26
mean edges/node:  1.278  mean count/edge: 13

Window=2 Iteration=14
Time for building model:         1 minute 49 seconds
Time for sampling (singles):     5 minutes 23 seconds
DAG statistics
mean edges/level: 9      max edges/level: 27
mean edges/node:  1.223  mean count/edge: 12

Window=2 Iteration=15
Time for building model:         1 minute 44 seconds
Time for sampling (singles):     4 minutes 15 seconds
DAG statistics
mean edges/level: 12     max edges/level: 29
mean edges/node:  1.173  mean count/edge: 9

Window 3 [ NC_037337.1:37301393-65424972 ]
target markers:      50000

Starting burn-in iterations

Window=3 Iteration=1
Time for building model:         2 minutes 29 seconds
Time for sampling (singles):     8 seconds
DAG statistics
mean edges/level: 6      max edges/level: 27
mean edges/node:  1.706  mean count/edge: 18

Window=3 Iteration=2
Time for building model:         2 minutes 19 seconds
Time for sampling (singles):     27 seconds
DAG statistics
mean edges/level: 5      max edges/level: 18
mean edges/node:  1.537  mean count/edge: 21

Window=3 Iteration=3
Time for building model:         2 minutes 23 seconds
Time for sampling (singles):     10 seconds
DAG statistics
mean edges/level: 5      max edges/level: 26
mean edges/node:  1.357  mean count/edge: 21

Window=3 Iteration=4
Time for building model:         2 minutes 53 seconds
Time for sampling (singles):     7 seconds
DAG statistics
mean edges/level: 5      max edges/level: 18
mean edges/node:  1.331  mean count/edge: 21

Window=3 Iteration=5
Time for building model:         3 minutes 29 seconds
Time for sampling (singles):     8 seconds
DAG statistics
mean edges/level: 5      max edges/level: 28
mean edges/node:  1.295  mean count/edge: 21

Window=3 Iteration=6
Time for building model:         2 minutes 24 seconds
Time for sampling (singles):     15 seconds
DAG statistics
mean edges/level: 5      max edges/level: 19
mean edges/node:  1.301  mean count/edge: 21

Window=3 Iteration=7
Time for building model:         2 minutes 37 seconds
Time for sampling (singles):     16 seconds
DAG statistics
mean edges/level: 5      max edges/level: 29
mean edges/node:  1.278  mean count/edge: 21

Window=3 Iteration=8
Time for building model:         2 minutes 38 seconds
Time for sampling (singles):     8 seconds
DAG statistics
mean edges/level: 5      max edges/level: 18
mean edges/node:  1.286  mean count/edge: 21

Window=3 Iteration=9
Time for building model:         3 minutes 33 seconds
Time for sampling (singles):     27 seconds
DAG statistics
mean edges/level: 5      max edges/level: 29
mean edges/node:  1.267  mean count/edge: 21

Window=3 Iteration=10
Time for building model:         2 minutes 15 seconds
Time for sampling (singles):     13 seconds
DAG statistics
mean edges/level: 5      max edges/level: 18
mean edges/node:  1.276  mean count/edge: 21

Starting phasing iterations

Window=3 Iteration=11
Time for building model:         1 minute 5 seconds
Time for sampling (singles):     4 minutes 27 seconds
DAG statistics
mean edges/level: 7      max edges/level: 27
mean edges/node:  1.226  mean count/edge: 15

Window=3 Iteration=12
Time for building model:         1 minute 2 seconds
Time for sampling (singles):     4 minutes 21 seconds
DAG statistics
mean edges/level: 6      max edges/level: 24
mean edges/node:  1.230  mean count/edge: 18

Window=3 Iteration=13
Time for building model:         1 minute 26 seconds
Time for sampling (singles):     4 minutes 2 seconds
DAG statistics
mean edges/level: 8      max edges/level: 27
mean edges/node:  1.176  mean count/edge: 13

Window=3 Iteration=14
Time for building model:         1 minute 29 seconds
Time for sampling (singles):     3 minutes 34 seconds
DAG statistics
mean edges/level: 12     max edges/level: 29
mean edges/node:  1.127  mean count/edge: 9

Window=3 Iteration=15
Time for building model:         1 minute 23 seconds
Time for sampling (singles):     3 minutes 38 seconds
DAG statistics
mean edges/level: 14     max edges/level: 31
mean edges/node:  1.104  mean count/edge: 8

Window 4 [ NC_037337.1:63668431-88173974 ]
target markers:      50000

Starting burn-in iterations

Window=4 Iteration=1
Time for building model:         3 minutes 44 seconds
Time for sampling (singles):     33 seconds
DAG statistics
mean edges/level: 6      max edges/level: 27
mean edges/node:  1.712  mean count/edge: 18

Window=4 Iteration=2
Time for building model:         3 minutes 39 seconds
Time for sampling (singles):     16 seconds
DAG statistics
mean edges/level: 5      max edges/level: 19
mean edges/node:  1.561  mean count/edge: 21

Window=4 Iteration=3
Time for building model:         3 minutes 31 seconds
Time for sampling (singles):     25 seconds
DAG statistics
mean edges/level: 5      max edges/level: 26
mean edges/node:  1.371  mean count/edge: 21

Window=4 Iteration=4
Time for building model:         3 minutes 5 seconds
Time for sampling (singles):     28 seconds
DAG statistics
mean edges/level: 5      max edges/level: 21
mean edges/node:  1.342  mean count/edge: 21

Window=4 Iteration=5
Time for building model:         2 minutes 32 seconds
Time for sampling (singles):     9 seconds
DAG statistics
mean edges/level: 5      max edges/level: 25
mean edges/node:  1.306  mean count/edge: 21

Window=4 Iteration=6
Time for building model:         3 minutes 19 seconds
Time for sampling (singles):     7 seconds
DAG statistics
mean edges/level: 5      max edges/level: 21
mean edges/node:  1.307  mean count/edge: 21

Window=4 Iteration=7
Time for building model:         2 minutes 33 seconds
Time for sampling (singles):     11 seconds
DAG statistics
mean edges/level: 5      max edges/level: 23
mean edges/node:  1.285  mean count/edge: 21

Window=4 Iteration=8
Time for building model:         2 minutes 44 seconds
Time for sampling (singles):     5 seconds
DAG statistics
mean edges/level: 5      max edges/level: 21
mean edges/node:  1.290  mean count/edge: 21

Window=4 Iteration=9
Time for building model:         2 minutes 52 seconds
Time for sampling (singles):     13 seconds
DAG statistics
mean edges/level: 5      max edges/level: 25
mean edges/node:  1.274  mean count/edge: 21

Window=4 Iteration=10
Time for building model:         2 minutes 49 seconds
Time for sampling (singles):     10 seconds
DAG statistics
mean edges/level: 5      max edges/level: 22
mean edges/node:  1.282  mean count/edge: 21

Starting phasing iterations

Window=4 Iteration=11
Time for building model:         1 minute 10 seconds
Time for sampling (singles):     4 minutes 14 seconds
DAG statistics
mean edges/level: 6      max edges/level: 26
mean edges/node:  1.248  mean count/edge: 18

Window=4 Iteration=12
Time for building model:         1 minute 22 seconds
Time for sampling (singles):     5 minutes 4 seconds
DAG statistics
mean edges/level: 6      max edges/level: 24
mean edges/node:  1.240  mean count/edge: 18

Window=4 Iteration=13
Time for building model:         1 minute 37 seconds
Time for sampling (singles):     5 minutes 5 seconds
DAG statistics
mean edges/level: 8      max edges/level: 26
mean edges/node:  1.196  mean count/edge: 13

Window=4 Iteration=14
Time for building model:         2 minutes 2 seconds
Time for sampling (singles):     5 minutes 5 seconds
DAG statistics
mean edges/level: 12     max edges/level: 28
mean edges/node:  1.133  mean count/edge: 9

Window=4 Iteration=15
Time for building model:         2 minutes 10 seconds
Time for sampling (singles):     4 minutes 6 seconds
DAG statistics
mean edges/level: 13     max edges/level: 31
mean edges/node:  1.108  mean count/edge: 8

Window 5 [ NC_037337.1:86952941-103282392 ]
target markers:      37333

Starting burn-in iterations

Window=5 Iteration=1
Time for building model:         2 minutes 24 seconds
Time for sampling (singles):     6 seconds
DAG statistics
mean edges/level: 6      max edges/level: 26
mean edges/node:  1.688  mean count/edge: 18

Window=5 Iteration=2
Time for building model:         2 minutes 4 seconds
Time for sampling (singles):     9 seconds
DAG statistics
mean edges/level: 5      max edges/level: 18
mean edges/node:  1.554  mean count/edge: 21

Window=5 Iteration=3
Time for building model:         1 minute 46 seconds
Time for sampling (singles):     13 seconds
DAG statistics
mean edges/level: 5      max edges/level: 27
mean edges/node:  1.360  mean count/edge: 21

Window=5 Iteration=4
Time for building model:         1 minute 52 seconds
Time for sampling (singles):     8 seconds
DAG statistics
mean edges/level: 4      max edges/level: 18
mean edges/node:  1.335  mean count/edge: 27

Window=5 Iteration=5
Time for building model:         2 minutes 31 seconds
Time for sampling (singles):     8 seconds
DAG statistics
mean edges/level: 5      max edges/level: 24
mean edges/node:  1.289  mean count/edge: 21

Window=5 Iteration=6
Time for building model:         2 minutes 24 seconds
Time for sampling (singles):     12 seconds
DAG statistics
mean edges/level: 5      max edges/level: 18
mean edges/node:  1.298  mean count/edge: 21

Window=5 Iteration=7
Time for building model:         1 minute 51 seconds
Time for sampling (singles):     3 seconds
DAG statistics
mean edges/level: 5      max edges/level: 26
mean edges/node:  1.267  mean count/edge: 21

Window=5 Iteration=8
Time for building model:         2 minutes 50 seconds
Time for sampling (singles):     8 seconds
DAG statistics
mean edges/level: 5      max edges/level: 18
mean edges/node:  1.282  mean count/edge: 21

Window=5 Iteration=9
Time for building model:         2 minutes 14 seconds
Time for sampling (singles):     7 seconds
DAG statistics
mean edges/level: 5      max edges/level: 24
mean edges/node:  1.258  mean count/edge: 21

Window=5 Iteration=10
Time for building model:         1 minute 46 seconds
Time for sampling (singles):     8 seconds
DAG statistics
mean edges/level: 5      max edges/level: 18
mean edges/node:  1.273  mean count/edge: 21

Starting phasing iterations

Window=5 Iteration=11
Time for building model:         48 seconds
Time for sampling (singles):     3 minutes 58 seconds
DAG statistics
mean edges/level: 6      max edges/level: 25
mean edges/node:  1.219  mean count/edge: 18

Window=5 Iteration=12
Time for building model:         1 minute 22 seconds
Time for sampling (singles):     4 minutes 23 seconds
DAG statistics
mean edges/level: 7      max edges/level: 24
mean edges/node:  1.204  mean count/edge: 15

Window=5 Iteration=13
Time for building model:         1 minute 45 seconds
Time for sampling (singles):     4 minutes 5 seconds
DAG statistics
mean edges/level: 11     max edges/level: 27
mean edges/node:  1.139  mean count/edge: 10

Window=5 Iteration=14
Time for building model:         1 minute 29 seconds
Time for sampling (singles):     3 minutes 40 seconds
DAG statistics
mean edges/level: 13     max edges/level: 28
mean edges/node:  1.114  mean count/edge: 8

Window=5 Iteration=15
Time for building model:         1 minute 49 seconds
Time for sampling (singles):     4 minutes 5 seconds
DAG statistics
mean edges/level: 14     max edges/level: 28
mean edges/node:  1.095  mean count/edge: 8

Number of markers:              225333
Total time for building model: 2 hours 10 minutes 16 seconds
Total time for sampling:       1 hour 38 minutes 55 seconds
Total run time:                3 hours 59 minutes 43 seconds

End time: 10:51 PM CEST on 04 Apr 2024
beagle.27Jan18.7e1.jar (version 4.1) finished
