beagle.27Jan18.7e1.jar (version 4.1)
Copyright (C) 2014-2015 Brian L. Browning
Enter "java -jar beagle.27Jan18.7e1.jar" for a summary of command line arguments.
Start time: 06:51 PM CEST on 04 Apr 2024

Command line: java -Xmx54613m -jar beagle.jar
  gl=results/gl/Bostau9_tragmain2_sites_variable_noindels_renamed_Timb.bcf.gz.NC_037356.1.vcf.gz
  chrom=NC_037356.1
  out=results/imputed/Bostau9_tragmain2_sites_variable_noindels_renamed_Timb.bcf.gz.NC_037356.1
  nthreads=6

No genetic map is specified: using 1 cM = 1 Mb

reference samples:       0
target samples:         53

Window 1 [ NC_037356.1:34351-17195309 ]
target markers:      50000

Starting burn-in iterations

Window=1 Iteration=1
Time for building model:         5 seconds
Time for sampling (singles):     2 seconds
DAG statistics
mean edges/level: 4      max edges/level: 16
mean edges/node:  1.861  mean count/edge: 27

Window=1 Iteration=2
Time for building model:         2 seconds
Time for sampling (singles):     3 seconds
DAG statistics
mean edges/level: 4      max edges/level: 17
mean edges/node:  1.697  mean count/edge: 27

Window=1 Iteration=3
Time for building model:         4 seconds
Time for sampling (singles):     2 seconds
DAG statistics
mean edges/level: 4      max edges/level: 16
mean edges/node:  1.553  mean count/edge: 27

Window=1 Iteration=4
Time for building model:         2 seconds
Time for sampling (singles):     2 seconds
DAG statistics
mean edges/level: 4      max edges/level: 20
mean edges/node:  1.495  mean count/edge: 27

Window=1 Iteration=5
Time for building model:         2 seconds
Time for sampling (singles):     2 seconds
DAG statistics
mean edges/level: 4      max edges/level: 16
mean edges/node:  1.469  mean count/edge: 27

Window=1 Iteration=6
Time for building model:         2 seconds
Time for sampling (singles):     2 seconds
DAG statistics
mean edges/level: 4      max edges/level: 18
mean edges/node:  1.444  mean count/edge: 27

Window=1 Iteration=7
Time for building model:         2 seconds
Time for sampling (singles):     2 seconds
DAG statistics
mean edges/level: 4      max edges/level: 18
mean edges/node:  1.435  mean count/edge: 27

Window=1 Iteration=8
Time for building model:         9 seconds
Time for sampling (singles):     2 seconds
DAG statistics
mean edges/level: 4      max edges/level: 18
mean edges/node:  1.414  mean count/edge: 27

Window=1 Iteration=9
Time for building model:         2 seconds
Time for sampling (singles):     2 seconds
DAG statistics
mean edges/level: 4      max edges/level: 18
mean edges/node:  1.414  mean count/edge: 27

Window=1 Iteration=10
Time for building model:         2 seconds
Time for sampling (singles):     2 seconds
DAG statistics
mean edges/level: 4      max edges/level: 18
mean edges/node:  1.398  mean count/edge: 27

Starting phasing iterations

Window=1 Iteration=11
Time for building model:         4 seconds
Time for sampling (singles):     50 seconds
DAG statistics
mean edges/level: 6      max edges/level: 19
mean edges/node:  1.353  mean count/edge: 18

Window=1 Iteration=12
Time for building model:         2 seconds
Time for sampling (singles):     12 seconds
DAG statistics
mean edges/level: 7      max edges/level: 23
mean edges/node:  1.314  mean count/edge: 15

Window=1 Iteration=13
Time for building model:         2 seconds
Time for sampling (singles):     19 seconds
DAG statistics
mean edges/level: 7      max edges/level: 25
mean edges/node:  1.320  mean count/edge: 15

Window=1 Iteration=14
Time for building model:         26 seconds
Time for sampling (singles):     1 minute 1 second
DAG statistics
mean edges/level: 8      max edges/level: 28
mean edges/node:  1.247  mean count/edge: 13

Window=1 Iteration=15
Time for building model:         1 minute 8 seconds
Time for sampling (singles):     2 minutes 59 seconds
DAG statistics
mean edges/level: 11     max edges/level: 27
mean edges/node:  1.179  mean count/edge: 10

Window 2 [ NC_037356.1:15896349-36535913 ]
target markers:      50000

Starting burn-in iterations

Window=2 Iteration=1
Time for building model:         2 minutes 26 seconds
Time for sampling (singles):     25 seconds
DAG statistics
mean edges/level: 5      max edges/level: 23
mean edges/node:  1.725  mean count/edge: 21

Window=2 Iteration=2
Time for building model:         3 minutes 16 seconds
Time for sampling (singles):     29 seconds
DAG statistics
mean edges/level: 5      max edges/level: 17
mean edges/node:  1.591  mean count/edge: 21

Window=2 Iteration=3
Time for building model:         1 minute 57 seconds
Time for sampling (singles):     11 seconds
DAG statistics
mean edges/level: 5      max edges/level: 27
mean edges/node:  1.393  mean count/edge: 21

Window=2 Iteration=4
Time for building model:         1 minute 49 seconds
Time for sampling (singles):     19 seconds
DAG statistics
mean edges/level: 4      max edges/level: 18
mean edges/node:  1.365  mean count/edge: 27

Window=2 Iteration=5
Time for building model:         3 minutes 55 seconds
Time for sampling (singles):     25 seconds
DAG statistics
mean edges/level: 5      max edges/level: 26
mean edges/node:  1.318  mean count/edge: 21

Window=2 Iteration=6
Time for building model:         3 minutes 21 seconds
Time for sampling (singles):     11 seconds
DAG statistics
mean edges/level: 4      max edges/level: 19
mean edges/node:  1.322  mean count/edge: 27

Window=2 Iteration=7
Time for building model:         2 minutes 24 seconds
Time for sampling (singles):     26 seconds
DAG statistics
mean edges/level: 5      max edges/level: 26
mean edges/node:  1.295  mean count/edge: 21

Window=2 Iteration=8
Time for building model:         2 minutes 51 seconds
Time for sampling (singles):     17 seconds
DAG statistics
mean edges/level: 4      max edges/level: 18
mean edges/node:  1.301  mean count/edge: 27

Window=2 Iteration=9
Time for building model:         29 seconds
Time for sampling (singles):     5 seconds
DAG statistics
mean edges/level: 5      max edges/level: 23
mean edges/node:  1.281  mean count/edge: 21

Window=2 Iteration=10
Time for building model:         27 seconds
Time for sampling (singles):     5 seconds
DAG statistics
mean edges/level: 5      max edges/level: 18
mean edges/node:  1.289  mean count/edge: 21

Starting phasing iterations

Window=2 Iteration=11
Time for building model:         13 seconds
Time for sampling (singles):     3 minutes 32 seconds
DAG statistics
mean edges/level: 6      max edges/level: 26
mean edges/node:  1.243  mean count/edge: 18

Window=2 Iteration=12
Time for building model:         2 minutes 0 seconds
Time for sampling (singles):     5 minutes 11 seconds
DAG statistics
mean edges/level: 7      max edges/level: 27
mean edges/node:  1.227  mean count/edge: 15

Window=2 Iteration=13
Time for building model:         1 minute 35 seconds
Time for sampling (singles):     4 minutes 9 seconds
DAG statistics
mean edges/level: 7      max edges/level: 24
mean edges/node:  1.214  mean count/edge: 15

Window=2 Iteration=14
Time for building model:         1 minute 16 seconds
Time for sampling (singles):     3 minutes 54 seconds
DAG statistics
mean edges/level: 6      max edges/level: 24
mean edges/node:  1.206  mean count/edge: 18

Window=2 Iteration=15
Time for building model:         1 minute 21 seconds
Time for sampling (singles):     4 minutes 25 seconds
DAG statistics
mean edges/level: 7      max edges/level: 24
mean edges/node:  1.182  mean count/edge: 15

Window 3 [ NC_037356.1:35264248-47968318 ]
target markers:      50000

Starting burn-in iterations

Window=3 Iteration=1
Time for building model:         5 minutes 55 seconds
Time for sampling (singles):     37 seconds
DAG statistics
mean edges/level: 4      max edges/level: 25
mean edges/node:  1.788  mean count/edge: 27

Window=3 Iteration=2
Time for building model:         4 minutes 3 seconds
Time for sampling (singles):     18 seconds
DAG statistics
mean edges/level: 4      max edges/level: 20
mean edges/node:  1.726  mean count/edge: 27

Window=3 Iteration=3
Time for building model:         3 minutes 53 seconds
Time for sampling (singles):     24 seconds
DAG statistics
mean edges/level: 4      max edges/level: 26
mean edges/node:  1.569  mean count/edge: 27

Window=3 Iteration=4
Time for building model:         3 minutes 55 seconds
Time for sampling (singles):     12 seconds
DAG statistics
mean edges/level: 4      max edges/level: 17
mean edges/node:  1.537  mean count/edge: 27

Window=3 Iteration=5
Time for building model:         2 minutes 55 seconds
Time for sampling (singles):     20 seconds
DAG statistics
mean edges/level: 4      max edges/level: 22
mean edges/node:  1.466  mean count/edge: 27

Window=3 Iteration=6
Time for building model:         3 minutes 56 seconds
Time for sampling (singles):     9 seconds
DAG statistics
mean edges/level: 4      max edges/level: 20
mean edges/node:  1.459  mean count/edge: 27

Window=3 Iteration=7
Time for building model:         3 minutes 41 seconds
Time for sampling (singles):     9 seconds
DAG statistics
mean edges/level: 4      max edges/level: 25
mean edges/node:  1.418  mean count/edge: 27

Window=3 Iteration=8
Time for building model:         3 minutes 2 seconds
Time for sampling (singles):     9 seconds
DAG statistics
mean edges/level: 4      max edges/level: 19
mean edges/node:  1.421  mean count/edge: 27

Window=3 Iteration=9
Time for building model:         2 minutes 34 seconds
Time for sampling (singles):     13 seconds
DAG statistics
mean edges/level: 4      max edges/level: 25
mean edges/node:  1.392  mean count/edge: 27

Window=3 Iteration=10
Time for building model:         3 minutes 1 second
Time for sampling (singles):     7 seconds
DAG statistics
mean edges/level: 4      max edges/level: 17
mean edges/node:  1.398  mean count/edge: 27

Starting phasing iterations

Window=3 Iteration=11
Time for building model:         1 minute 19 seconds
Time for sampling (singles):     4 minutes 43 seconds
DAG statistics
mean edges/level: 6      max edges/level: 25
mean edges/node:  1.312  mean count/edge: 18

Window=3 Iteration=12
Time for building model:         1 minute 41 seconds
Time for sampling (singles):     6 minutes 11 seconds
DAG statistics
mean edges/level: 7      max edges/level: 25
mean edges/node:  1.298  mean count/edge: 15

Window=3 Iteration=13
Time for building model:         1 minute 31 seconds
Time for sampling (singles):     5 minutes 6 seconds
DAG statistics
mean edges/level: 8      max edges/level: 24
mean edges/node:  1.263  mean count/edge: 13

Window=3 Iteration=14
Time for building model:         1 minute 18 seconds
Time for sampling (singles):     4 minutes 53 seconds
DAG statistics
mean edges/level: 11     max edges/level: 26
mean edges/node:  1.195  mean count/edge: 10

Window=3 Iteration=15
Time for building model:         1 minute 49 seconds
Time for sampling (singles):     4 minutes 6 seconds
DAG statistics
mean edges/level: 12     max edges/level: 28
mean edges/node:  1.167  mean count/edge: 9

Window 4 [ NC_037356.1:47311122-51098013 ]
target markers:      16463

Starting burn-in iterations

Window=4 Iteration=1
Time for building model:         38 seconds
Time for sampling (singles):     2 seconds
DAG statistics
mean edges/level: 5      max edges/level: 24
mean edges/node:  1.616  mean count/edge: 21

Window=4 Iteration=2
Time for building model:         54 seconds
Time for sampling (singles):     9 seconds
DAG statistics
mean edges/level: 4      max edges/level: 15
mean edges/node:  1.631  mean count/edge: 27

Window=4 Iteration=3
Time for building model:         1 minute 3 seconds
Time for sampling (singles):     2 seconds
DAG statistics
mean edges/level: 5      max edges/level: 25
mean edges/node:  1.399  mean count/edge: 21

Window=4 Iteration=4
Time for building model:         1 minute 9 seconds
Time for sampling (singles):     1 second
DAG statistics
mean edges/level: 4      max edges/level: 18
mean edges/node:  1.414  mean count/edge: 27

Window=4 Iteration=5
Time for building model:         1 minute 8 seconds
Time for sampling (singles):     2 seconds
DAG statistics
mean edges/level: 5      max edges/level: 24
mean edges/node:  1.316  mean count/edge: 21

Window=4 Iteration=6
Time for building model:         47 seconds
Time for sampling (singles):     2 seconds
DAG statistics
mean edges/level: 4      max edges/level: 15
mean edges/node:  1.360  mean count/edge: 27

Window=4 Iteration=7
Time for building model:         1 minute 9 seconds
Time for sampling (singles):     1 second
DAG statistics
mean edges/level: 5      max edges/level: 27
mean edges/node:  1.285  mean count/edge: 21

Window=4 Iteration=8
Time for building model:         45 seconds
Time for sampling (singles):     4 seconds
DAG statistics
mean edges/level: 4      max edges/level: 17
mean edges/node:  1.327  mean count/edge: 27

Window=4 Iteration=9
Time for building model:         45 seconds
Time for sampling (singles):     1 second
DAG statistics
mean edges/level: 5      max edges/level: 24
mean edges/node:  1.275  mean count/edge: 21

Window=4 Iteration=10
Time for building model:         1 minute 3 seconds
Time for sampling (singles):     2 seconds
DAG statistics
mean edges/level: 4      max edges/level: 16
mean edges/node:  1.316  mean count/edge: 27

Starting phasing iterations

Window=4 Iteration=11
Time for building model:         28 seconds
Time for sampling (singles):     1 minute 36 seconds
DAG statistics
mean edges/level: 7      max edges/level: 26
mean edges/node:  1.215  mean count/edge: 15

Window=4 Iteration=12
Time for building model:         21 seconds
Time for sampling (singles):     1 minute 41 seconds
DAG statistics
mean edges/level: 7      max edges/level: 20
mean edges/node:  1.226  mean count/edge: 15

Window=4 Iteration=13
Time for building model:         25 seconds
Time for sampling (singles):     1 minute 52 seconds
DAG statistics
mean edges/level: 10     max edges/level: 26
mean edges/node:  1.156  mean count/edge: 11

Window=4 Iteration=14
Time for building model:         39 seconds
Time for sampling (singles):     1 minute 46 seconds
DAG statistics
mean edges/level: 12     max edges/level: 27
mean edges/node:  1.131  mean count/edge: 9

Window=4 Iteration=15
Time for building model:         35 seconds
Time for sampling (singles):     1 minute 49 seconds
DAG statistics
mean edges/level: 13     max edges/level: 26
mean edges/node:  1.112  mean count/edge: 8

Number of markers:              157463
Total time for building model: 1 hour 27 minutes 59 seconds
Total time for sampling:       1 hour 7 minutes 13 seconds
Total run time:                2 hours 45 minutes 45 seconds

End time: 09:36 PM CEST on 04 Apr 2024
beagle.27Jan18.7e1.jar (version 4.1) finished
