beagle.27Jan18.7e1.jar (version 4.1)
Copyright (C) 2014-2015 Brian L. Browning
Enter "java -jar beagle.27Jan18.7e1.jar" for a summary of command line arguments.
Start time: 06:52 PM CEST on 04 Apr 2024

Command line: java -Xmx54613m -jar beagle.jar
  gl=results/gl/Bostau9_tragmain2_sites_variable_noindels_renamed_Timb.bcf.gz.NC_037329.1.vcf.gz
  chrom=NC_037329.1
  out=results/imputed/Bostau9_tragmain2_sites_variable_noindels_renamed_Timb.bcf.gz.NC_037329.1
  nthreads=6

No genetic map is specified: using 1 cM = 1 Mb

reference samples:       0
target samples:         53

Window 1 [ NC_037329.1:98007-26085328 ]
target markers:      50000

Starting burn-in iterations

Window=1 Iteration=1
Time for building model:         7 seconds
Time for sampling (singles):     3 seconds
DAG statistics
mean edges/level: 5      max edges/level: 18
mean edges/node:  1.807  mean count/edge: 21

Window=1 Iteration=2
Time for building model:         7 seconds
Time for sampling (singles):     3 seconds
DAG statistics
mean edges/level: 5      max edges/level: 16
mean edges/node:  1.585  mean count/edge: 21

Window=1 Iteration=3
Time for building model:         16 seconds
Time for sampling (singles):     5 seconds
DAG statistics
mean edges/level: 4      max edges/level: 18
mean edges/node:  1.418  mean count/edge: 27

Window=1 Iteration=4
Time for building model:         1 second
Time for sampling (singles):     3 seconds
DAG statistics
mean edges/level: 4      max edges/level: 21
mean edges/node:  1.361  mean count/edge: 27

Window=1 Iteration=5
Time for building model:         2 seconds
Time for sampling (singles):     2 seconds
DAG statistics
mean edges/level: 4      max edges/level: 17
mean edges/node:  1.339  mean count/edge: 27

Window=1 Iteration=6
Time for building model:         2 seconds
Time for sampling (singles):     2 seconds
DAG statistics
mean edges/level: 4      max edges/level: 18
mean edges/node:  1.321  mean count/edge: 27

Window=1 Iteration=7
Time for building model:         7 seconds
Time for sampling (singles):     3 seconds
DAG statistics
mean edges/level: 4      max edges/level: 20
mean edges/node:  1.313  mean count/edge: 27

Window=1 Iteration=8
Time for building model:         30 seconds
Time for sampling (singles):     2 seconds
DAG statistics
mean edges/level: 4      max edges/level: 21
mean edges/node:  1.304  mean count/edge: 27

Window=1 Iteration=9
Time for building model:         4 seconds
Time for sampling (singles):     2 seconds
DAG statistics
mean edges/level: 4      max edges/level: 19
mean edges/node:  1.300  mean count/edge: 27

Window=1 Iteration=10
Time for building model:         2 seconds
Time for sampling (singles):     2 seconds
DAG statistics
mean edges/level: 5      max edges/level: 18
mean edges/node:  1.293  mean count/edge: 21

Starting phasing iterations

Window=1 Iteration=11
Time for building model:         2 seconds
Time for sampling (singles):     15 seconds
DAG statistics
mean edges/level: 6      max edges/level: 22
mean edges/node:  1.250  mean count/edge: 18

Window=1 Iteration=12
Time for building model:         4 seconds
Time for sampling (singles):     8 seconds
DAG statistics
mean edges/level: 8      max edges/level: 26
mean edges/node:  1.207  mean count/edge: 13

Window=1 Iteration=13
Time for building model:         6 seconds
Time for sampling (singles):     8 seconds
DAG statistics
mean edges/level: 11     max edges/level: 28
mean edges/node:  1.158  mean count/edge: 10

Window=1 Iteration=14
Time for building model:         3 seconds
Time for sampling (singles):     11 seconds
DAG statistics
mean edges/level: 12     max edges/level: 30
mean edges/node:  1.125  mean count/edge: 9

Window=1 Iteration=15
Time for building model:         3 seconds
Time for sampling (singles):     5 seconds
DAG statistics
mean edges/level: 14     max edges/level: 32
mean edges/node:  1.102  mean count/edge: 8

Window 2 [ NC_037329.1:24466165-54141275 ]
target markers:      50000

Starting burn-in iterations

Window=2 Iteration=1
Time for building model:         2 seconds
Time for sampling (singles):     3 seconds
DAG statistics
mean edges/level: 6      max edges/level: 31
mean edges/node:  1.694  mean count/edge: 18

Window=2 Iteration=2
Time for building model:         2 seconds
Time for sampling (singles):     3 seconds
DAG statistics
mean edges/level: 5      max edges/level: 18
mean edges/node:  1.519  mean count/edge: 21

Window=2 Iteration=3
Time for building model:         3 seconds
Time for sampling (singles):     3 seconds
DAG statistics
mean edges/level: 5      max edges/level: 28
mean edges/node:  1.334  mean count/edge: 21

Window=2 Iteration=4
Time for building model:         2 seconds
Time for sampling (singles):     2 seconds
DAG statistics
mean edges/level: 5      max edges/level: 18
mean edges/node:  1.312  mean count/edge: 21

Window=2 Iteration=5
Time for building model:         2 seconds
Time for sampling (singles):     2 seconds
DAG statistics
mean edges/level: 5      max edges/level: 26
mean edges/node:  1.277  mean count/edge: 21

Window=2 Iteration=6
Time for building model:         2 seconds
Time for sampling (singles):     2 seconds
DAG statistics
mean edges/level: 5      max edges/level: 20
mean edges/node:  1.283  mean count/edge: 21

Window=2 Iteration=7
Time for building model:         2 seconds
Time for sampling (singles):     3 seconds
DAG statistics
mean edges/level: 5      max edges/level: 28
mean edges/node:  1.261  mean count/edge: 21

Window=2 Iteration=8
Time for building model:         1 second
Time for sampling (singles):     2 seconds
DAG statistics
mean edges/level: 5      max edges/level: 20
mean edges/node:  1.271  mean count/edge: 21

Window=2 Iteration=9
Time for building model:         2 seconds
Time for sampling (singles):     3 seconds
DAG statistics
mean edges/level: 5      max edges/level: 27
mean edges/node:  1.251  mean count/edge: 21

Window=2 Iteration=10
Time for building model:         1 second
Time for sampling (singles):     2 seconds
DAG statistics
mean edges/level: 5      max edges/level: 18
mean edges/node:  1.262  mean count/edge: 21

Starting phasing iterations

Window=2 Iteration=11
Time for building model:         2 seconds
Time for sampling (singles):     15 seconds
DAG statistics
mean edges/level: 7      max edges/level: 27
mean edges/node:  1.218  mean count/edge: 15

Window=2 Iteration=12
Time for building model:         5 seconds
Time for sampling (singles):     16 seconds
DAG statistics
mean edges/level: 7      max edges/level: 28
mean edges/node:  1.199  mean count/edge: 15

Window=2 Iteration=13
Time for building model:         3 seconds
Time for sampling (singles):     17 seconds
DAG statistics
mean edges/level: 8      max edges/level: 29
mean edges/node:  1.173  mean count/edge: 13

Window=2 Iteration=14
Time for building model:         3 seconds
Time for sampling (singles):     5 seconds
DAG statistics
mean edges/level: 9      max edges/level: 27
mean edges/node:  1.147  mean count/edge: 12

Window=2 Iteration=15
Time for building model:         3 seconds
Time for sampling (singles):     5 seconds
DAG statistics
mean edges/level: 13     max edges/level: 29
mean edges/node:  1.106  mean count/edge: 8

Window 3 [ NC_037329.1:52166539-79115079 ]
target markers:      50000

Starting burn-in iterations

Window=3 Iteration=1
Time for building model:         2 seconds
Time for sampling (singles):     3 seconds
DAG statistics
mean edges/level: 6      max edges/level: 28
mean edges/node:  1.681  mean count/edge: 18

Window=3 Iteration=2
Time for building model:         1 second
Time for sampling (singles):     2 seconds
DAG statistics
mean edges/level: 5      max edges/level: 18
mean edges/node:  1.503  mean count/edge: 21

Window=3 Iteration=3
Time for building model:         2 seconds
Time for sampling (singles):     2 seconds
DAG statistics
mean edges/level: 5      max edges/level: 25
mean edges/node:  1.318  mean count/edge: 21

Window=3 Iteration=4
Time for building model:         2 seconds
Time for sampling (singles):     3 seconds
DAG statistics
mean edges/level: 4      max edges/level: 21
mean edges/node:  1.293  mean count/edge: 27

Window=3 Iteration=5
Time for building model:         2 seconds
Time for sampling (singles):     3 seconds
DAG statistics
mean edges/level: 5      max edges/level: 27
mean edges/node:  1.265  mean count/edge: 21

Window=3 Iteration=6
Time for building model:         1 second
Time for sampling (singles):     2 seconds
DAG statistics
mean edges/level: 5      max edges/level: 18
mean edges/node:  1.266  mean count/edge: 21

Window=3 Iteration=7
Time for building model:         2 seconds
Time for sampling (singles):     2 seconds
DAG statistics
mean edges/level: 5      max edges/level: 27
mean edges/node:  1.248  mean count/edge: 21

Window=3 Iteration=8
Time for building model:         1 second
Time for sampling (singles):     2 seconds
DAG statistics
mean edges/level: 5      max edges/level: 18
mean edges/node:  1.253  mean count/edge: 21

Window=3 Iteration=9
Time for building model:         1 second
Time for sampling (singles):     3 seconds
DAG statistics
mean edges/level: 5      max edges/level: 25
mean edges/node:  1.240  mean count/edge: 21

Window=3 Iteration=10
Time for building model:         4 seconds
Time for sampling (singles):     3 seconds
DAG statistics
mean edges/level: 5      max edges/level: 18
mean edges/node:  1.245  mean count/edge: 21

Starting phasing iterations

Window=3 Iteration=11
Time for building model:         2 seconds
Time for sampling (singles):     4 seconds
DAG statistics
mean edges/level: 6      max edges/level: 24
mean edges/node:  1.218  mean count/edge: 18

Window=3 Iteration=12
Time for building model:         3 seconds
Time for sampling (singles):     5 seconds
DAG statistics
mean edges/level: 7      max edges/level: 23
mean edges/node:  1.199  mean count/edge: 15

Window=3 Iteration=13
Time for building model:         2 seconds
Time for sampling (singles):     6 seconds
DAG statistics
mean edges/level: 8      max edges/level: 26
mean edges/node:  1.163  mean count/edge: 13

Window=3 Iteration=14
Time for building model:         3 seconds
Time for sampling (singles):     6 seconds
DAG statistics
mean edges/level: 8      max edges/level: 28
mean edges/node:  1.148  mean count/edge: 13

Window=3 Iteration=15
Time for building model:         3 seconds
Time for sampling (singles):     7 seconds
DAG statistics
mean edges/level: 13     max edges/level: 29
mean edges/node:  1.102  mean count/edge: 8

Window 4 [ NC_037329.1:77495992-106695709 ]
target markers:      50000

Starting burn-in iterations

Window=4 Iteration=1
Time for building model:         2 seconds
Time for sampling (singles):     3 seconds
DAG statistics
mean edges/level: 6      max edges/level: 23
mean edges/node:  1.697  mean count/edge: 18

Window=4 Iteration=2
Time for building model:         2 seconds
Time for sampling (singles):     3 seconds
DAG statistics
mean edges/level: 5      max edges/level: 16
mean edges/node:  1.509  mean count/edge: 21

Window=4 Iteration=3
Time for building model:         2 seconds
Time for sampling (singles):     3 seconds
DAG statistics
mean edges/level: 5      max edges/level: 20
mean edges/node:  1.335  mean count/edge: 21

Window=4 Iteration=4
Time for building model:         1 second
Time for sampling (singles):     3 seconds
DAG statistics
mean edges/level: 5      max edges/level: 20
mean edges/node:  1.312  mean count/edge: 21

Window=4 Iteration=5
Time for building model:         2 seconds
Time for sampling (singles):     3 seconds
DAG statistics
mean edges/level: 5      max edges/level: 22
mean edges/node:  1.279  mean count/edge: 21

Window=4 Iteration=6
Time for building model:         2 seconds
Time for sampling (singles):     3 seconds
DAG statistics
mean edges/level: 5      max edges/level: 21
mean edges/node:  1.283  mean count/edge: 21

Window=4 Iteration=7
Time for building model:         2 seconds
Time for sampling (singles):     3 seconds
DAG statistics
mean edges/level: 5      max edges/level: 22
mean edges/node:  1.266  mean count/edge: 21

Window=4 Iteration=8
Time for building model:         2 seconds
Time for sampling (singles):     3 seconds
DAG statistics
mean edges/level: 5      max edges/level: 18
mean edges/node:  1.270  mean count/edge: 21

Window=4 Iteration=9
Time for building model:         2 seconds
Time for sampling (singles):     4 seconds
DAG statistics
mean edges/level: 5      max edges/level: 20
mean edges/node:  1.255  mean count/edge: 21

Window=4 Iteration=10
Time for building model:         2 seconds
Time for sampling (singles):     3 seconds
DAG statistics
mean edges/level: 5      max edges/level: 23
mean edges/node:  1.264  mean count/edge: 21

Starting phasing iterations

Window=4 Iteration=11
Time for building model:         2 seconds
Time for sampling (singles):     23 seconds
DAG statistics
mean edges/level: 6      max edges/level: 26
mean edges/node:  1.222  mean count/edge: 18

Window=4 Iteration=12
Time for building model:         9 seconds
Time for sampling (singles):     3 minutes 34 seconds
DAG statistics
mean edges/level: 7      max edges/level: 24
mean edges/node:  1.211  mean count/edge: 15

Window=4 Iteration=13
Time for building model:         56 seconds
Time for sampling (singles):     3 minutes 3 seconds
DAG statistics
mean edges/level: 7      max edges/level: 28
mean edges/node:  1.198  mean count/edge: 15

Window=4 Iteration=14
Time for building model:         1 minute 15 seconds
Time for sampling (singles):     2 minutes 46 seconds
DAG statistics
mean edges/level: 12     max edges/level: 26
mean edges/node:  1.126  mean count/edge: 9

Window=4 Iteration=15
Time for building model:         1 minute 12 seconds
Time for sampling (singles):     2 minutes 28 seconds
DAG statistics
mean edges/level: 13     max edges/level: 29
mean edges/node:  1.102  mean count/edge: 8

Window 5 [ NC_037329.1:104960447-129565849 ]
target markers:      50000

Starting burn-in iterations

Window=5 Iteration=1
Time for building model:         5 minutes 30 seconds
Time for sampling (singles):     43 seconds
DAG statistics
mean edges/level: 6      max edges/level: 26
mean edges/node:  1.715  mean count/edge: 18

Window=5 Iteration=2
Time for building model:         4 minutes 40 seconds
Time for sampling (singles):     58 seconds
DAG statistics
mean edges/level: 5      max edges/level: 17
mean edges/node:  1.574  mean count/edge: 21

Window=5 Iteration=3
Time for building model:         5 minutes 3 seconds
Time for sampling (singles):     41 seconds
DAG statistics
mean edges/level: 5      max edges/level: 27
mean edges/node:  1.374  mean count/edge: 21

Window=5 Iteration=4
Time for building model:         4 minutes 39 seconds
Time for sampling (singles):     31 seconds
DAG statistics
mean edges/level: 5      max edges/level: 17
mean edges/node:  1.344  mean count/edge: 21

Window=5 Iteration=5
Time for building model:         3 minutes 59 seconds
Time for sampling (singles):     18 seconds
DAG statistics
mean edges/level: 5      max edges/level: 26
mean edges/node:  1.303  mean count/edge: 21

Window=5 Iteration=6
Time for building model:         2 minutes 21 seconds
Time for sampling (singles):     12 seconds
DAG statistics
mean edges/level: 5      max edges/level: 17
mean edges/node:  1.304  mean count/edge: 21

Window=5 Iteration=7
Time for building model:         3 minutes 9 seconds
Time for sampling (singles):     21 seconds
DAG statistics
mean edges/level: 5      max edges/level: 26
mean edges/node:  1.280  mean count/edge: 21

Window=5 Iteration=8
Time for building model:         1 minute 57 seconds
Time for sampling (singles):     7 seconds
DAG statistics
mean edges/level: 5      max edges/level: 19
mean edges/node:  1.288  mean count/edge: 21

Window=5 Iteration=9
Time for building model:         3 minutes 37 seconds
Time for sampling (singles):     13 seconds
DAG statistics
mean edges/level: 5      max edges/level: 24
mean edges/node:  1.270  mean count/edge: 21

Window=5 Iteration=10
Time for building model:         2 minutes 49 seconds
Time for sampling (singles):     17 seconds
DAG statistics
mean edges/level: 5      max edges/level: 21
mean edges/node:  1.279  mean count/edge: 21

Starting phasing iterations

Window=5 Iteration=11
Time for building model:         1 minute 27 seconds
Time for sampling (singles):     3 minutes 59 seconds
DAG statistics
mean edges/level: 6      max edges/level: 27
mean edges/node:  1.239  mean count/edge: 18

Window=5 Iteration=12
Time for building model:         1 minute 40 seconds
Time for sampling (singles):     4 minutes 39 seconds
DAG statistics
mean edges/level: 7      max edges/level: 26
mean edges/node:  1.221  mean count/edge: 15

Window=5 Iteration=13
Time for building model:         1 minute 43 seconds
Time for sampling (singles):     4 minutes 38 seconds
DAG statistics
mean edges/level: 7      max edges/level: 27
mean edges/node:  1.194  mean count/edge: 15

Window=5 Iteration=14
Time for building model:         1 minute 8 seconds
Time for sampling (singles):     4 minutes 21 seconds
DAG statistics
mean edges/level: 8      max edges/level: 25
mean edges/node:  1.167  mean count/edge: 13

Window=5 Iteration=15
Time for building model:         1 minute 50 seconds
Time for sampling (singles):     3 minutes 52 seconds
DAG statistics
mean edges/level: 13     max edges/level: 29
mean edges/node:  1.116  mean count/edge: 8

Window 6 [ NC_037329.1:128219914-136228728 ]
target markers:      26016

Starting burn-in iterations

Window=6 Iteration=1
Time for building model:         53 seconds
Time for sampling (singles):     5 seconds
DAG statistics
mean edges/level: 5      max edges/level: 24
mean edges/node:  1.696  mean count/edge: 21

Window=6 Iteration=2
Time for building model:         59 seconds
Time for sampling (singles):     4 seconds
DAG statistics
mean edges/level: 5      max edges/level: 17
mean edges/node:  1.622  mean count/edge: 21

Window=6 Iteration=3
Time for building model:         41 seconds
Time for sampling (singles):     6 seconds
DAG statistics
mean edges/level: 5      max edges/level: 22
mean edges/node:  1.414  mean count/edge: 21

Window=6 Iteration=4
Time for building model:         1 minute 3 seconds
Time for sampling (singles):     1 second
DAG statistics
mean edges/level: 4      max edges/level: 17
mean edges/node:  1.395  mean count/edge: 27

Window=6 Iteration=5
Time for building model:         1 minute 40 seconds
Time for sampling (singles):     8 seconds
DAG statistics
mean edges/level: 5      max edges/level: 23
mean edges/node:  1.329  mean count/edge: 21

Window=6 Iteration=6
Time for building model:         1 minute 28 seconds
Time for sampling (singles):     2 seconds
DAG statistics
mean edges/level: 4      max edges/level: 18
mean edges/node:  1.344  mean count/edge: 27

Window=6 Iteration=7
Time for building model:         1 minute 5 seconds
Time for sampling (singles):     10 seconds
DAG statistics
mean edges/level: 5      max edges/level: 22
mean edges/node:  1.305  mean count/edge: 21

Window=6 Iteration=8
Time for building model:         1 minute 25 seconds
Time for sampling (singles):     4 seconds
DAG statistics
mean edges/level: 4      max edges/level: 17
mean edges/node:  1.322  mean count/edge: 27

Window=6 Iteration=9
Time for building model:         1 minute 15 seconds
Time for sampling (singles):     6 seconds
DAG statistics
mean edges/level: 5      max edges/level: 23
mean edges/node:  1.285  mean count/edge: 21

Window=6 Iteration=10
Time for building model:         1 minute 20 seconds
Time for sampling (singles):     5 seconds
DAG statistics
mean edges/level: 4      max edges/level: 17
mean edges/node:  1.311  mean count/edge: 27

Starting phasing iterations

Window=6 Iteration=11
Time for building model:         26 seconds
Time for sampling (singles):     2 minutes 39 seconds
DAG statistics
mean edges/level: 7      max edges/level: 22
mean edges/node:  1.224  mean count/edge: 15

Window=6 Iteration=12
Time for building model:         48 seconds
Time for sampling (singles):     2 minutes 20 seconds
DAG statistics
mean edges/level: 10     max edges/level: 26
mean edges/node:  1.175  mean count/edge: 11

Window=6 Iteration=13
Time for building model:         1 minute 2 seconds
Time for sampling (singles):     2 minutes 36 seconds
DAG statistics
mean edges/level: 12     max edges/level: 27
mean edges/node:  1.140  mean count/edge: 9

Window=6 Iteration=14
Time for building model:         30 seconds
Time for sampling (singles):     2 minutes 44 seconds
DAG statistics
mean edges/level: 13     max edges/level: 27
mean edges/node:  1.120  mean count/edge: 8

Window=6 Iteration=15
Time for building model:         1 minute 11 seconds
Time for sampling (singles):     2 minutes 32 seconds
DAG statistics
mean edges/level: 14     max edges/level: 30
mean edges/node:  1.103  mean count/edge: 8

Number of markers:              261016
Total time for building model: 1 hour 7 minutes 45 seconds
Total time for sampling:       55 minutes 59 seconds
Total run time:                2 hours 10 minutes 53 seconds

End time: 09:03 PM CEST on 04 Apr 2024
beagle.27Jan18.7e1.jar (version 4.1) finished
