beagle.27Jan18.7e1.jar (version 4.1)
Copyright (C) 2014-2015 Brian L. Browning
Enter "java -jar beagle.27Jan18.7e1.jar" for a summary of command line arguments.
Start time: 06:51 PM CEST on 04 Apr 2024

Command line: java -Xmx54613m -jar beagle.jar
  gl=results/gl/Bostau9_tragmain2_sites_variable_noindels_renamed_Timb.bcf.gz.NC_037336.1.vcf.gz
  chrom=NC_037336.1
  out=results/imputed/Bostau9_tragmain2_sites_variable_noindels_renamed_Timb.bcf.gz.NC_037336.1
  nthreads=6

No genetic map is specified: using 1 cM = 1 Mb

reference samples:       0
target samples:         53

Window 1 [ NC_037336.1:5956-24286349 ]
target markers:      50000

Starting burn-in iterations

Window=1 Iteration=1
Time for building model:         5 seconds
Time for sampling (singles):     2 seconds
DAG statistics
mean edges/level: 5      max edges/level: 16
mean edges/node:  1.817  mean count/edge: 21

Window=1 Iteration=2
Time for building model:         2 seconds
Time for sampling (singles):     2 seconds
DAG statistics
mean edges/level: 4      max edges/level: 18
mean edges/node:  1.612  mean count/edge: 27

Window=1 Iteration=3
Time for building model:         6 seconds
Time for sampling (singles):     3 seconds
DAG statistics
mean edges/level: 4      max edges/level: 16
mean edges/node:  1.454  mean count/edge: 27

Window=1 Iteration=4
Time for building model:         2 seconds
Time for sampling (singles):     2 seconds
DAG statistics
mean edges/level: 4      max edges/level: 17
mean edges/node:  1.399  mean count/edge: 27

Window=1 Iteration=5
Time for building model:         2 seconds
Time for sampling (singles):     2 seconds
DAG statistics
mean edges/level: 4      max edges/level: 19
mean edges/node:  1.378  mean count/edge: 27

Window=1 Iteration=6
Time for building model:         2 seconds
Time for sampling (singles):     3 seconds
DAG statistics
mean edges/level: 4      max edges/level: 16
mean edges/node:  1.359  mean count/edge: 27

Window=1 Iteration=7
Time for building model:         6 seconds
Time for sampling (singles):     3 seconds
DAG statistics
mean edges/level: 4      max edges/level: 20
mean edges/node:  1.352  mean count/edge: 27

Window=1 Iteration=8
Time for building model:         20 seconds
Time for sampling (singles):     2 seconds
DAG statistics
mean edges/level: 4      max edges/level: 18
mean edges/node:  1.338  mean count/edge: 27

Window=1 Iteration=9
Time for building model:         13 seconds
Time for sampling (singles):     2 seconds
DAG statistics
mean edges/level: 4      max edges/level: 18
mean edges/node:  1.338  mean count/edge: 27

Window=1 Iteration=10
Time for building model:         2 seconds
Time for sampling (singles):     3 seconds
DAG statistics
mean edges/level: 4      max edges/level: 18
mean edges/node:  1.327  mean count/edge: 27

Starting phasing iterations

Window=1 Iteration=11
Time for building model:         3 seconds
Time for sampling (singles):     39 seconds
DAG statistics
mean edges/level: 6      max edges/level: 22
mean edges/node:  1.296  mean count/edge: 18

Window=1 Iteration=12
Time for building model:         25 seconds
Time for sampling (singles):     39 seconds
DAG statistics
mean edges/level: 7      max edges/level: 24
mean edges/node:  1.265  mean count/edge: 15

Window=1 Iteration=13
Time for building model:         2 seconds
Time for sampling (singles):     9 seconds
DAG statistics
mean edges/level: 7      max edges/level: 24
mean edges/node:  1.263  mean count/edge: 15

Window=1 Iteration=14
Time for building model:         3 seconds
Time for sampling (singles):     22 seconds
DAG statistics
mean edges/level: 10     max edges/level: 26
mean edges/node:  1.171  mean count/edge: 11

Window=1 Iteration=15
Time for building model:         3 seconds
Time for sampling (singles):     6 seconds
DAG statistics
mean edges/level: 12     max edges/level: 30
mean edges/node:  1.134  mean count/edge: 9

Window 2 [ NC_037336.1:22741604-50741390 ]
target markers:      50000

Starting burn-in iterations

Window=2 Iteration=1
Time for building model:         2 seconds
Time for sampling (singles):     3 seconds
DAG statistics
mean edges/level: 6      max edges/level: 29
mean edges/node:  1.705  mean count/edge: 18

Window=2 Iteration=2
Time for building model:         2 seconds
Time for sampling (singles):     3 seconds
DAG statistics
mean edges/level: 5      max edges/level: 18
mean edges/node:  1.536  mean count/edge: 21

Window=2 Iteration=3
Time for building model:         2 seconds
Time for sampling (singles):     2 seconds
DAG statistics
mean edges/level: 5      max edges/level: 28
mean edges/node:  1.350  mean count/edge: 21

Window=2 Iteration=4
Time for building model:         2 seconds
Time for sampling (singles):     2 seconds
DAG statistics
mean edges/level: 5      max edges/level: 18
mean edges/node:  1.322  mean count/edge: 21

Window=2 Iteration=5
Time for building model:         2 seconds
Time for sampling (singles):     2 seconds
DAG statistics
mean edges/level: 5      max edges/level: 28
mean edges/node:  1.287  mean count/edge: 21

Window=2 Iteration=6
Time for building model:         2 seconds
Time for sampling (singles):     2 seconds
DAG statistics
mean edges/level: 5      max edges/level: 18
mean edges/node:  1.291  mean count/edge: 21

Window=2 Iteration=7
Time for building model:         2 seconds
Time for sampling (singles):     3 seconds
DAG statistics
mean edges/level: 5      max edges/level: 28
mean edges/node:  1.270  mean count/edge: 21

Window=2 Iteration=8
Time for building model:         2 seconds
Time for sampling (singles):     3 seconds
DAG statistics
mean edges/level: 5      max edges/level: 18
mean edges/node:  1.277  mean count/edge: 21

Window=2 Iteration=9
Time for building model:         2 seconds
Time for sampling (singles):     3 seconds
DAG statistics
mean edges/level: 5      max edges/level: 29
mean edges/node:  1.259  mean count/edge: 21

Window=2 Iteration=10
Time for building model:         2 seconds
Time for sampling (singles):     2 seconds
DAG statistics
mean edges/level: 5      max edges/level: 19
mean edges/node:  1.269  mean count/edge: 21

Starting phasing iterations

Window=2 Iteration=11
Time for building model:         1 second
Time for sampling (singles):     21 seconds
DAG statistics
mean edges/level: 6      max edges/level: 27
mean edges/node:  1.230  mean count/edge: 18

Window=2 Iteration=12
Time for building model:         3 seconds
Time for sampling (singles):     38 seconds
DAG statistics
mean edges/level: 6      max edges/level: 24
mean edges/node:  1.224  mean count/edge: 18

Window=2 Iteration=13
Time for building model:         2 seconds
Time for sampling (singles):     18 seconds
DAG statistics
mean edges/level: 7      max edges/level: 28
mean edges/node:  1.186  mean count/edge: 15

Window=2 Iteration=14
Time for building model:         3 seconds
Time for sampling (singles):     10 seconds
DAG statistics
mean edges/level: 12     max edges/level: 28
mean edges/node:  1.127  mean count/edge: 9

Window=2 Iteration=15
Time for building model:         2 seconds
Time for sampling (singles):     5 seconds
DAG statistics
mean edges/level: 14     max edges/level: 29
mean edges/node:  1.102  mean count/edge: 8

Window 3 [ NC_037336.1:48908100-75358309 ]
target markers:      50000

Starting burn-in iterations

Window=3 Iteration=1
Time for building model:         2 seconds
Time for sampling (singles):     3 seconds
DAG statistics
mean edges/level: 6      max edges/level: 26
mean edges/node:  1.703  mean count/edge: 18

Window=3 Iteration=2
Time for building model:         2 seconds
Time for sampling (singles):     3 seconds
DAG statistics
mean edges/level: 5      max edges/level: 18
mean edges/node:  1.538  mean count/edge: 21

Window=3 Iteration=3
Time for building model:         2 seconds
Time for sampling (singles):     2 seconds
DAG statistics
mean edges/level: 5      max edges/level: 26
mean edges/node:  1.357  mean count/edge: 21

Window=3 Iteration=4
Time for building model:         2 seconds
Time for sampling (singles):     3 seconds
DAG statistics
mean edges/level: 4      max edges/level: 18
mean edges/node:  1.330  mean count/edge: 27

Window=3 Iteration=5
Time for building model:         2 seconds
Time for sampling (singles):     3 seconds
DAG statistics
mean edges/level: 5      max edges/level: 25
mean edges/node:  1.295  mean count/edge: 21

Window=3 Iteration=6
Time for building model:         1 second
Time for sampling (singles):     3 seconds
DAG statistics
mean edges/level: 5      max edges/level: 18
mean edges/node:  1.297  mean count/edge: 21

Window=3 Iteration=7
Time for building model:         2 seconds
Time for sampling (singles):     3 seconds
DAG statistics
mean edges/level: 5      max edges/level: 26
mean edges/node:  1.275  mean count/edge: 21

Window=3 Iteration=8
Time for building model:         2 seconds
Time for sampling (singles):     2 seconds
DAG statistics
mean edges/level: 5      max edges/level: 19
mean edges/node:  1.282  mean count/edge: 21

Window=3 Iteration=9
Time for building model:         2 seconds
Time for sampling (singles):     2 seconds
DAG statistics
mean edges/level: 5      max edges/level: 26
mean edges/node:  1.262  mean count/edge: 21

Window=3 Iteration=10
Time for building model:         2 seconds
Time for sampling (singles):     3 seconds
DAG statistics
mean edges/level: 5      max edges/level: 19
mean edges/node:  1.271  mean count/edge: 21

Starting phasing iterations

Window=3 Iteration=11
Time for building model:         2 seconds
Time for sampling (singles):     6 seconds
DAG statistics
mean edges/level: 7      max edges/level: 28
mean edges/node:  1.221  mean count/edge: 15

Window=3 Iteration=12
Time for building model:         3 seconds
Time for sampling (singles):     23 seconds
DAG statistics
mean edges/level: 7      max edges/level: 24
mean edges/node:  1.221  mean count/edge: 15

Window=3 Iteration=13
Time for building model:         3 seconds
Time for sampling (singles):     16 seconds
DAG statistics
mean edges/level: 8      max edges/level: 27
mean edges/node:  1.190  mean count/edge: 13

Window=3 Iteration=14
Time for building model:         4 seconds
Time for sampling (singles):     8 seconds
DAG statistics
mean edges/level: 12     max edges/level: 29
mean edges/node:  1.127  mean count/edge: 9

Window=3 Iteration=15
Time for building model:         3 seconds
Time for sampling (singles):     14 seconds
DAG statistics
mean edges/level: 14     max edges/level: 32
mean edges/node:  1.105  mean count/edge: 8

Window 4 [ NC_037336.1:73705872-99413423 ]
target markers:      50000

Starting burn-in iterations

Window=4 Iteration=1
Time for building model:         2 seconds
Time for sampling (singles):     3 seconds
DAG statistics
mean edges/level: 6      max edges/level: 25
mean edges/node:  1.712  mean count/edge: 18

Window=4 Iteration=2
Time for building model:         2 seconds
Time for sampling (singles):     3 seconds
DAG statistics
mean edges/level: 5      max edges/level: 18
mean edges/node:  1.558  mean count/edge: 21

Window=4 Iteration=3
Time for building model:         23 seconds
Time for sampling (singles):     2 seconds
DAG statistics
mean edges/level: 5      max edges/level: 23
mean edges/node:  1.362  mean count/edge: 21

Window=4 Iteration=4
Time for building model:         10 seconds
Time for sampling (singles):     3 seconds
DAG statistics
mean edges/level: 5      max edges/level: 24
mean edges/node:  1.332  mean count/edge: 21

Window=4 Iteration=5
Time for building model:         2 seconds
Time for sampling (singles):     3 seconds
DAG statistics
mean edges/level: 5      max edges/level: 23
mean edges/node:  1.293  mean count/edge: 21

Window=4 Iteration=6
Time for building model:         2 seconds
Time for sampling (singles):     3 seconds
DAG statistics
mean edges/level: 5      max edges/level: 24
mean edges/node:  1.298  mean count/edge: 21

Window=4 Iteration=7
Time for building model:         2 seconds
Time for sampling (singles):     3 seconds
DAG statistics
mean edges/level: 5      max edges/level: 26
mean edges/node:  1.275  mean count/edge: 21

Window=4 Iteration=8
Time for building model:         2 seconds
Time for sampling (singles):     3 seconds
DAG statistics
mean edges/level: 5      max edges/level: 24
mean edges/node:  1.283  mean count/edge: 21

Window=4 Iteration=9
Time for building model:         26 seconds
Time for sampling (singles):     3 seconds
DAG statistics
mean edges/level: 5      max edges/level: 24
mean edges/node:  1.263  mean count/edge: 21

Window=4 Iteration=10
Time for building model:         29 seconds
Time for sampling (singles):     3 seconds
DAG statistics
mean edges/level: 5      max edges/level: 22
mean edges/node:  1.274  mean count/edge: 21

Starting phasing iterations

Window=4 Iteration=11
Time for building model:         3 seconds
Time for sampling (singles):     2 minutes 57 seconds
DAG statistics
mean edges/level: 7      max edges/level: 25
mean edges/node:  1.221  mean count/edge: 15

Window=4 Iteration=12
Time for building model:         1 minute 0 seconds
Time for sampling (singles):     2 minutes 57 seconds
DAG statistics
mean edges/level: 7      max edges/level: 25
mean edges/node:  1.210  mean count/edge: 15

Window=4 Iteration=13
Time for building model:         1 minute 2 seconds
Time for sampling (singles):     2 minutes 40 seconds
DAG statistics
mean edges/level: 10     max edges/level: 26
mean edges/node:  1.149  mean count/edge: 11

Window=4 Iteration=14
Time for building model:         56 seconds
Time for sampling (singles):     2 minutes 47 seconds
DAG statistics
mean edges/level: 9      max edges/level: 28
mean edges/node:  1.149  mean count/edge: 12

Window=4 Iteration=15
Time for building model:         2 minutes 7 seconds
Time for sampling (singles):     3 minutes 30 seconds
DAG statistics
mean edges/level: 13     max edges/level: 29
mean edges/node:  1.107  mean count/edge: 8

Window 5 [ NC_037336.1:98201405-104644635 ]
target markers:      21779

Starting burn-in iterations

Window=5 Iteration=1
Time for building model:         1 minute 8 seconds
Time for sampling (singles):     7 seconds
DAG statistics
mean edges/level: 5      max edges/level: 25
mean edges/node:  1.655  mean count/edge: 21

Window=5 Iteration=2
Time for building model:         1 minute 11 seconds
Time for sampling (singles):     6 seconds
DAG statistics
mean edges/level: 5      max edges/level: 17
mean edges/node:  1.605  mean count/edge: 21

Window=5 Iteration=3
Time for building model:         1 minute 35 seconds
Time for sampling (singles):     3 seconds
DAG statistics
mean edges/level: 5      max edges/level: 25
mean edges/node:  1.388  mean count/edge: 21

Window=5 Iteration=4
Time for building model:         1 minute 10 seconds
Time for sampling (singles):     2 seconds
DAG statistics
mean edges/level: 4      max edges/level: 17
mean edges/node:  1.385  mean count/edge: 27

Window=5 Iteration=5
Time for building model:         1 minute 31 seconds
Time for sampling (singles):     3 seconds
DAG statistics
mean edges/level: 5      max edges/level: 28
mean edges/node:  1.309  mean count/edge: 21

Window=5 Iteration=6
Time for building model:         1 minute 8 seconds
Time for sampling (singles):     2 seconds
DAG statistics
mean edges/level: 4      max edges/level: 17
mean edges/node:  1.334  mean count/edge: 27

Window=5 Iteration=7
Time for building model:         1 minute 54 seconds
Time for sampling (singles):     13 seconds
DAG statistics
mean edges/level: 5      max edges/level: 25
mean edges/node:  1.283  mean count/edge: 21

Window=5 Iteration=8
Time for building model:         1 minute 20 seconds
Time for sampling (singles):     1 second
DAG statistics
mean edges/level: 4      max edges/level: 17
mean edges/node:  1.313  mean count/edge: 27

Window=5 Iteration=9
Time for building model:         1 minute 22 seconds
Time for sampling (singles):     5 seconds
DAG statistics
mean edges/level: 5      max edges/level: 26
mean edges/node:  1.270  mean count/edge: 21

Window=5 Iteration=10
Time for building model:         1 minute 6 seconds
Time for sampling (singles):     5 seconds
DAG statistics
mean edges/level: 4      max edges/level: 17
mean edges/node:  1.302  mean count/edge: 27

Starting phasing iterations

Window=5 Iteration=11
Time for building model:         53 seconds
Time for sampling (singles):     2 minutes 23 seconds
DAG statistics
mean edges/level: 7      max edges/level: 28
mean edges/node:  1.221  mean count/edge: 15

Window=5 Iteration=12
Time for building model:         49 seconds
Time for sampling (singles):     2 minutes 47 seconds
DAG statistics
mean edges/level: 7      max edges/level: 22
mean edges/node:  1.224  mean count/edge: 15

Window=5 Iteration=13
Time for building model:         36 seconds
Time for sampling (singles):     2 minutes 7 seconds
DAG statistics
mean edges/level: 11     max edges/level: 28
mean edges/node:  1.150  mean count/edge: 10

Window=5 Iteration=14
Time for building model:         42 seconds
Time for sampling (singles):     2 minutes 2 seconds
DAG statistics
mean edges/level: 10     max edges/level: 26
mean edges/node:  1.145  mean count/edge: 11

Window=5 Iteration=15
Time for building model:         49 seconds
Time for sampling (singles):     1 minute 35 seconds
DAG statistics
mean edges/level: 13     max edges/level: 32
mean edges/node:  1.111  mean count/edge: 8

Number of markers:              209779
Total time for building model: 26 minutes 40 seconds
Total time for sampling:       33 minutes 0 seconds
Total run time:                1 hour 2 minutes 17 seconds

End time: 07:54 PM CEST on 04 Apr 2024
beagle.27Jan18.7e1.jar (version 4.1) finished
