beagle.27Jan18.7e1.jar (version 4.1)
Copyright (C) 2014-2015 Brian L. Browning
Enter "java -jar beagle.27Jan18.7e1.jar" for a summary of command line arguments.
Start time: 06:51 PM CEST on 04 Apr 2024

Command line: java -Xmx54613m -jar beagle.jar
  gl=results/gl/Bostau9_tragmain2_sites_variable_noindels_renamed_Timb.bcf.gz.NC_037339.1.vcf.gz
  chrom=NC_037339.1
  out=results/imputed/Bostau9_tragmain2_sites_variable_noindels_renamed_Timb.bcf.gz.NC_037339.1
  nthreads=6

No genetic map is specified: using 1 cM = 1 Mb

reference samples:       0
target samples:         53

Window 1 [ NC_037339.1:91553-26804996 ]
target markers:      50000

Starting burn-in iterations

Window=1 Iteration=1
Time for building model:         8 seconds
Time for sampling (singles):     3 seconds
DAG statistics
mean edges/level: 5      max edges/level: 15
mean edges/node:  1.782  mean count/edge: 21

Window=1 Iteration=2
Time for building model:         3 seconds
Time for sampling (singles):     3 seconds
DAG statistics
mean edges/level: 5      max edges/level: 16
mean edges/node:  1.558  mean count/edge: 21

Window=1 Iteration=3
Time for building model:         12 seconds
Time for sampling (singles):     5 seconds
DAG statistics
mean edges/level: 4      max edges/level: 18
mean edges/node:  1.383  mean count/edge: 27

Window=1 Iteration=4
Time for building model:         3 seconds
Time for sampling (singles):     7 seconds
DAG statistics
mean edges/level: 4      max edges/level: 22
mean edges/node:  1.336  mean count/edge: 27

Window=1 Iteration=5
Time for building model:         2 seconds
Time for sampling (singles):     3 seconds
DAG statistics
mean edges/level: 4      max edges/level: 19
mean edges/node:  1.315  mean count/edge: 27

Window=1 Iteration=6
Time for building model:         2 seconds
Time for sampling (singles):     2 seconds
DAG statistics
mean edges/level: 4      max edges/level: 23
mean edges/node:  1.302  mean count/edge: 27

Window=1 Iteration=7
Time for building model:         3 seconds
Time for sampling (singles):     3 seconds
DAG statistics
mean edges/level: 5      max edges/level: 18
mean edges/node:  1.292  mean count/edge: 21

Window=1 Iteration=8
Time for building model:         13 seconds
Time for sampling (singles):     3 seconds
DAG statistics
mean edges/level: 5      max edges/level: 18
mean edges/node:  1.288  mean count/edge: 21

Window=1 Iteration=9
Time for building model:         11 seconds
Time for sampling (singles):     2 seconds
DAG statistics
mean edges/level: 5      max edges/level: 18
mean edges/node:  1.283  mean count/edge: 21

Window=1 Iteration=10
Time for building model:         1 second
Time for sampling (singles):     2 seconds
DAG statistics
mean edges/level: 5      max edges/level: 20
mean edges/node:  1.279  mean count/edge: 21

Starting phasing iterations

Window=1 Iteration=11
Time for building model:         7 seconds
Time for sampling (singles):     45 seconds
DAG statistics
mean edges/level: 6      max edges/level: 25
mean edges/node:  1.241  mean count/edge: 18

Window=1 Iteration=12
Time for building model:         19 seconds
Time for sampling (singles):     2 minutes 9 seconds
DAG statistics
mean edges/level: 7      max edges/level: 26
mean edges/node:  1.221  mean count/edge: 15

Window=1 Iteration=13
Time for building model:         59 seconds
Time for sampling (singles):     3 minutes 38 seconds
DAG statistics
mean edges/level: 8      max edges/level: 24
mean edges/node:  1.190  mean count/edge: 13

Window=1 Iteration=14
Time for building model:         2 minutes 48 seconds
Time for sampling (singles):     1 minute 47 seconds
DAG statistics
mean edges/level: 12     max edges/level: 29
mean edges/node:  1.129  mean count/edge: 9

Window=1 Iteration=15
Time for building model:         1 minute 19 seconds
Time for sampling (singles):     2 minutes 58 seconds
DAG statistics
mean edges/level: 14     max edges/level: 31
mean edges/node:  1.104  mean count/edge: 8

Window 2 [ NC_037339.1:24950482-51427051 ]
target markers:      50000

Starting burn-in iterations

Window=2 Iteration=1
Time for building model:         1 minute 52 seconds
Time for sampling (singles):     39 seconds
DAG statistics
mean edges/level: 6      max edges/level: 25
mean edges/node:  1.700  mean count/edge: 18

Window=2 Iteration=2
Time for building model:         1 minute 32 seconds
Time for sampling (singles):     7 seconds
DAG statistics
mean edges/level: 5      max edges/level: 16
mean edges/node:  1.513  mean count/edge: 21

Window=2 Iteration=3
Time for building model:         1 minute 47 seconds
Time for sampling (singles):     5 seconds
DAG statistics
mean edges/level: 5      max edges/level: 26
mean edges/node:  1.342  mean count/edge: 21

Window=2 Iteration=4
Time for building model:         3 minutes 17 seconds
Time for sampling (singles):     10 seconds
DAG statistics
mean edges/level: 5      max edges/level: 18
mean edges/node:  1.309  mean count/edge: 21

Window=2 Iteration=5
Time for building model:         2 minutes 37 seconds
Time for sampling (singles):     15 seconds
DAG statistics
mean edges/level: 5      max edges/level: 24
mean edges/node:  1.279  mean count/edge: 21

Window=2 Iteration=6
Time for building model:         2 minutes 39 seconds
Time for sampling (singles):     16 seconds
DAG statistics
mean edges/level: 5      max edges/level: 19
mean edges/node:  1.276  mean count/edge: 21

Window=2 Iteration=7
Time for building model:         2 minutes 45 seconds
Time for sampling (singles):     7 seconds
DAG statistics
mean edges/level: 5      max edges/level: 26
mean edges/node:  1.260  mean count/edge: 21

Window=2 Iteration=8
Time for building model:         5 minutes 1 second
Time for sampling (singles):     17 seconds
DAG statistics
mean edges/level: 5      max edges/level: 19
mean edges/node:  1.265  mean count/edge: 21

Window=2 Iteration=9
Time for building model:         3 minutes 6 seconds
Time for sampling (singles):     11 seconds
DAG statistics
mean edges/level: 5      max edges/level: 26
mean edges/node:  1.249  mean count/edge: 21

Window=2 Iteration=10
Time for building model:         3 minutes 26 seconds
Time for sampling (singles):     10 seconds
DAG statistics
mean edges/level: 5      max edges/level: 19
mean edges/node:  1.257  mean count/edge: 21

Starting phasing iterations

Window=2 Iteration=11
Time for building model:         1 minute 7 seconds
Time for sampling (singles):     2 minutes 35 seconds
DAG statistics
mean edges/level: 6      max edges/level: 27
mean edges/node:  1.221  mean count/edge: 18

Window=2 Iteration=12
Time for building model:         41 seconds
Time for sampling (singles):     3 minutes 42 seconds
DAG statistics
mean edges/level: 7      max edges/level: 25
mean edges/node:  1.201  mean count/edge: 15

Window=2 Iteration=13
Time for building model:         1 minute 54 seconds
Time for sampling (singles):     3 minutes 44 seconds
DAG statistics
mean edges/level: 9      max edges/level: 26
mean edges/node:  1.164  mean count/edge: 12

Window=2 Iteration=14
Time for building model:         1 minute 36 seconds
Time for sampling (singles):     3 minutes 46 seconds
DAG statistics
mean edges/level: 7      max edges/level: 24
mean edges/node:  1.182  mean count/edge: 15

Window=2 Iteration=15
Time for building model:         1 minute 16 seconds
Time for sampling (singles):     3 minutes 51 seconds
DAG statistics
mean edges/level: 12     max edges/level: 29
mean edges/node:  1.112  mean count/edge: 9

Window 3 [ NC_037339.1:50131528-71171135 ]
target markers:      50000

Starting burn-in iterations

Window=3 Iteration=1
Time for building model:         4 minutes 19 seconds
Time for sampling (singles):     20 seconds
DAG statistics
mean edges/level: 6      max edges/level: 27
mean edges/node:  1.710  mean count/edge: 18

Window=3 Iteration=2
Time for building model:         2 minutes 36 seconds
Time for sampling (singles):     10 seconds
DAG statistics
mean edges/level: 5      max edges/level: 20
mean edges/node:  1.599  mean count/edge: 21

Window=3 Iteration=3
Time for building model:         3 minutes 21 seconds
Time for sampling (singles):     28 seconds
DAG statistics
mean edges/level: 5      max edges/level: 26
mean edges/node:  1.407  mean count/edge: 21

Window=3 Iteration=4
Time for building model:         2 minutes 35 seconds
Time for sampling (singles):     15 seconds
DAG statistics
mean edges/level: 5      max edges/level: 20
mean edges/node:  1.380  mean count/edge: 21

Window=3 Iteration=5
Time for building model:         3 minutes 8 seconds
Time for sampling (singles):     19 seconds
DAG statistics
mean edges/level: 5      max edges/level: 27
mean edges/node:  1.317  mean count/edge: 21

Window=3 Iteration=6
Time for building model:         2 minutes 26 seconds
Time for sampling (singles):     5 seconds
DAG statistics
mean edges/level: 5      max edges/level: 20
mean edges/node:  1.321  mean count/edge: 21

Window=3 Iteration=7
Time for building model:         2 minutes 38 seconds
Time for sampling (singles):     4 seconds
DAG statistics
mean edges/level: 5      max edges/level: 26
mean edges/node:  1.282  mean count/edge: 21

Window=3 Iteration=8
Time for building model:         1 minute 57 seconds
Time for sampling (singles):     3 seconds
DAG statistics
mean edges/level: 5      max edges/level: 20
mean edges/node:  1.293  mean count/edge: 21

Window=3 Iteration=9
Time for building model:         2 minutes 34 seconds
Time for sampling (singles):     9 seconds
DAG statistics
mean edges/level: 5      max edges/level: 27
mean edges/node:  1.265  mean count/edge: 21

Window=3 Iteration=10
Time for building model:         2 minutes 20 seconds
Time for sampling (singles):     4 seconds
DAG statistics
mean edges/level: 5      max edges/level: 20
mean edges/node:  1.276  mean count/edge: 21

Starting phasing iterations

Window=3 Iteration=11
Time for building model:         1 minute 10 seconds
Time for sampling (singles):     4 minutes 4 seconds
DAG statistics
mean edges/level: 7      max edges/level: 27
mean edges/node:  1.209  mean count/edge: 15

Window=3 Iteration=12
Time for building model:         1 minute 15 seconds
Time for sampling (singles):     3 minutes 51 seconds
DAG statistics
mean edges/level: 8      max edges/level: 24
mean edges/node:  1.196  mean count/edge: 13

Window=3 Iteration=13
Time for building model:         1 minute 41 seconds
Time for sampling (singles):     5 minutes 3 seconds
DAG statistics
mean edges/level: 7      max edges/level: 27
mean edges/node:  1.203  mean count/edge: 15

Window=3 Iteration=14
Time for building model:         1 minute 19 seconds
Time for sampling (singles):     4 minutes 57 seconds
DAG statistics
mean edges/level: 12     max edges/level: 28
mean edges/node:  1.128  mean count/edge: 9

Window=3 Iteration=15
Time for building model:         1 minute 57 seconds
Time for sampling (singles):     4 minutes 14 seconds
DAG statistics
mean edges/level: 14     max edges/level: 29
mean edges/node:  1.104  mean count/edge: 8

Window 4 [ NC_037339.1:70630134-86246045 ]
target markers:      50000

Starting burn-in iterations

Window=4 Iteration=1
Time for building model:         3 minutes 30 seconds
Time for sampling (singles):     12 seconds
DAG statistics
mean edges/level: 5      max edges/level: 22
mean edges/node:  1.756  mean count/edge: 21

Window=4 Iteration=2
Time for building model:         2 minutes 43 seconds
Time for sampling (singles):     17 seconds
DAG statistics
mean edges/level: 5      max edges/level: 18
mean edges/node:  1.629  mean count/edge: 21

Window=4 Iteration=3
Time for building model:         3 minutes 17 seconds
Time for sampling (singles):     28 seconds
DAG statistics
mean edges/level: 5      max edges/level: 23
mean edges/node:  1.464  mean count/edge: 21

Window=4 Iteration=4
Time for building model:         2 minutes 45 seconds
Time for sampling (singles):     21 seconds
DAG statistics
mean edges/level: 4      max edges/level: 18
mean edges/node:  1.422  mean count/edge: 27

Window=4 Iteration=5
Time for building model:         3 minutes 39 seconds
Time for sampling (singles):     30 seconds
DAG statistics
mean edges/level: 5      max edges/level: 25
mean edges/node:  1.366  mean count/edge: 21

Window=4 Iteration=6
Time for building model:         3 minutes 7 seconds
Time for sampling (singles):     18 seconds
DAG statistics
mean edges/level: 4      max edges/level: 18
mean edges/node:  1.363  mean count/edge: 27

Window=4 Iteration=7
Time for building model:         2 minutes 50 seconds
Time for sampling (singles):     22 seconds
DAG statistics
mean edges/level: 5      max edges/level: 23
mean edges/node:  1.332  mean count/edge: 21

Window=4 Iteration=8
Time for building model:         2 minutes 53 seconds
Time for sampling (singles):     15 seconds
DAG statistics
mean edges/level: 4      max edges/level: 18
mean edges/node:  1.333  mean count/edge: 27

Window=4 Iteration=9
Time for building model:         2 minutes 41 seconds
Time for sampling (singles):     8 seconds
DAG statistics
mean edges/level: 5      max edges/level: 22
mean edges/node:  1.308  mean count/edge: 21

Window=4 Iteration=10
Time for building model:         3 minutes 22 seconds
Time for sampling (singles):     25 seconds
DAG statistics
mean edges/level: 4      max edges/level: 18
mean edges/node:  1.315  mean count/edge: 27

Starting phasing iterations

Window=4 Iteration=11
Time for building model:         1 minute 10 seconds
Time for sampling (singles):     4 minutes 52 seconds
DAG statistics
mean edges/level: 6      max edges/level: 23
mean edges/node:  1.250  mean count/edge: 18

Window=4 Iteration=12
Time for building model:         1 minute 19 seconds
Time for sampling (singles):     5 minutes 3 seconds
DAG statistics
mean edges/level: 6      max edges/level: 23
mean edges/node:  1.239  mean count/edge: 18

Window=4 Iteration=13
Time for building model:         1 minute 40 seconds
Time for sampling (singles):     4 minutes 18 seconds
DAG statistics
mean edges/level: 7      max edges/level: 27
mean edges/node:  1.217  mean count/edge: 15

Window=4 Iteration=14
Time for building model:         1 minute 46 seconds
Time for sampling (singles):     4 minutes 29 seconds
DAG statistics
mean edges/level: 11     max edges/level: 26
mean edges/node:  1.142  mean count/edge: 10

Window=4 Iteration=15
Time for building model:         1 minute 13 seconds
Time for sampling (singles):     4 minutes 29 seconds
DAG statistics
mean edges/level: 13     max edges/level: 30
mean edges/node:  1.115  mean count/edge: 8

Window 5 [ NC_037339.1:85582770-87208154 ]
target markers:       7277

Starting burn-in iterations

Window=5 Iteration=1
Time for building model:         27 seconds
Time for sampling (singles):     0 seconds
DAG statistics
mean edges/level: 6      max edges/level: 26
mean edges/node:  1.408  mean count/edge: 18

Window=5 Iteration=2
Time for building model:         28 seconds
Time for sampling (singles):     4 seconds
DAG statistics
mean edges/level: 4      max edges/level: 16
mean edges/node:  1.540  mean count/edge: 27

Window=5 Iteration=3
Time for building model:         32 seconds
Time for sampling (singles):     2 seconds
DAG statistics
mean edges/level: 6      max edges/level: 29
mean edges/node:  1.292  mean count/edge: 18

Window=5 Iteration=4
Time for building model:         24 seconds
Time for sampling (singles):     2 seconds
DAG statistics
mean edges/level: 4      max edges/level: 16
mean edges/node:  1.391  mean count/edge: 27

Window=5 Iteration=5
Time for building model:         34 seconds
Time for sampling (singles):     0 seconds
DAG statistics
mean edges/level: 6      max edges/level: 32
mean edges/node:  1.252  mean count/edge: 18

Window=5 Iteration=6
Time for building model:         21 seconds
Time for sampling (singles):     1 second
DAG statistics
mean edges/level: 4      max edges/level: 16
mean edges/node:  1.341  mean count/edge: 27

Window=5 Iteration=7
Time for building model:         17 seconds
Time for sampling (singles):     2 seconds
DAG statistics
mean edges/level: 6      max edges/level: 24
mean edges/node:  1.233  mean count/edge: 18

Window=5 Iteration=8
Time for building model:         20 seconds
Time for sampling (singles):     0 seconds
DAG statistics
mean edges/level: 4      max edges/level: 16
mean edges/node:  1.319  mean count/edge: 27

Window=5 Iteration=9
Time for building model:         37 seconds
Time for sampling (singles):     1 second
DAG statistics
mean edges/level: 6      max edges/level: 28
mean edges/node:  1.219  mean count/edge: 18

Window=5 Iteration=10
Time for building model:         28 seconds
Time for sampling (singles):     1 second
DAG statistics
mean edges/level: 4      max edges/level: 16
mean edges/node:  1.303  mean count/edge: 27

Starting phasing iterations

Window=5 Iteration=11
Time for building model:         12 seconds
Time for sampling (singles):     58 seconds
DAG statistics
mean edges/level: 10     max edges/level: 28
mean edges/node:  1.177  mean count/edge: 11

Window=5 Iteration=12
Time for building model:         3 seconds
Time for sampling (singles):     52 seconds
DAG statistics
mean edges/level: 9      max edges/level: 23
mean edges/node:  1.187  mean count/edge: 12

Window=5 Iteration=13
Time for building model:         10 seconds
Time for sampling (singles):     1 minute 20 seconds
DAG statistics
mean edges/level: 11     max edges/level: 28
mean edges/node:  1.144  mean count/edge: 10

Window=5 Iteration=14
Time for building model:         3 seconds
Time for sampling (singles):     44 seconds
DAG statistics
mean edges/level: 12     max edges/level: 28
mean edges/node:  1.128  mean count/edge: 9

Window=5 Iteration=15
Time for building model:         16 seconds
Time for sampling (singles):     1 minute 3 seconds
DAG statistics
mean edges/level: 13     max edges/level: 29
mean edges/node:  1.114  mean count/edge: 8

Number of markers:              195277
Total time for building model: 1 hour 59 minutes 28 seconds
Total time for sampling:       1 hour 27 minutes 39 seconds
Total run time:                3 hours 36 minutes 6 seconds

End time: 10:27 PM CEST on 04 Apr 2024
beagle.27Jan18.7e1.jar (version 4.1) finished
