beagle.27Jan18.7e1.jar (version 4.1)
Copyright (C) 2014-2015 Brian L. Browning
Enter "java -jar beagle.27Jan18.7e1.jar" for a summary of command line arguments.
Start time: 06:51 PM CEST on 04 Apr 2024

Command line: java -Xmx54613m -jar beagle.jar
  gl=results/gl/Bostau9_tragmain2_sites_variable_noindels_renamed_Timb.bcf.gz.NC_037353.1.vcf.gz
  chrom=NC_037353.1
  out=results/imputed/Bostau9_tragmain2_sites_variable_noindels_renamed_Timb.bcf.gz.NC_037353.1
  nthreads=6

No genetic map is specified: using 1 cM = 1 Mb

reference samples:       0
target samples:         53

Window 1 [ NC_037353.1:17028-18719335 ]
target markers:      50000

Starting burn-in iterations

Window=1 Iteration=1
Time for building model:         3 seconds
Time for sampling (singles):     2 seconds
DAG statistics
mean edges/level: 5      max edges/level: 16
mean edges/node:  1.820  mean count/edge: 21

Window=1 Iteration=2
Time for building model:         4 seconds
Time for sampling (singles):     2 seconds
DAG statistics
mean edges/level: 4      max edges/level: 15
mean edges/node:  1.642  mean count/edge: 27

Window=1 Iteration=3
Time for building model:         6 seconds
Time for sampling (singles):     2 seconds
DAG statistics
mean edges/level: 4      max edges/level: 17
mean edges/node:  1.487  mean count/edge: 27

Window=1 Iteration=4
Time for building model:         1 second
Time for sampling (singles):     2 seconds
DAG statistics
mean edges/level: 4      max edges/level: 17
mean edges/node:  1.430  mean count/edge: 27

Window=1 Iteration=5
Time for building model:         2 seconds
Time for sampling (singles):     2 seconds
DAG statistics
mean edges/level: 4      max edges/level: 17
mean edges/node:  1.408  mean count/edge: 27

Window=1 Iteration=6
Time for building model:         2 seconds
Time for sampling (singles):     3 seconds
DAG statistics
mean edges/level: 4      max edges/level: 18
mean edges/node:  1.388  mean count/edge: 27

Window=1 Iteration=7
Time for building model:         4 seconds
Time for sampling (singles):     3 seconds
DAG statistics
mean edges/level: 4      max edges/level: 17
mean edges/node:  1.382  mean count/edge: 27

Window=1 Iteration=8
Time for building model:         8 seconds
Time for sampling (singles):     3 seconds
DAG statistics
mean edges/level: 4      max edges/level: 18
mean edges/node:  1.369  mean count/edge: 27

Window=1 Iteration=9
Time for building model:         4 seconds
Time for sampling (singles):     2 seconds
DAG statistics
mean edges/level: 4      max edges/level: 18
mean edges/node:  1.367  mean count/edge: 27

Window=1 Iteration=10
Time for building model:         1 second
Time for sampling (singles):     2 seconds
DAG statistics
mean edges/level: 4      max edges/level: 17
mean edges/node:  1.356  mean count/edge: 27

Starting phasing iterations

Window=1 Iteration=11
Time for building model:         10 seconds
Time for sampling (singles):     26 seconds
DAG statistics
mean edges/level: 6      max edges/level: 20
mean edges/node:  1.325  mean count/edge: 18

Window=1 Iteration=12
Time for building model:         9 seconds
Time for sampling (singles):     15 seconds
DAG statistics
mean edges/level: 6      max edges/level: 22
mean edges/node:  1.311  mean count/edge: 18

Window=1 Iteration=13
Time for building model:         6 seconds
Time for sampling (singles):     6 seconds
DAG statistics
mean edges/level: 7      max edges/level: 24
mean edges/node:  1.273  mean count/edge: 15

Window=1 Iteration=14
Time for building model:         2 seconds
Time for sampling (singles):     51 seconds
DAG statistics
mean edges/level: 9      max edges/level: 27
mean edges/node:  1.214  mean count/edge: 12

Window=1 Iteration=15
Time for building model:         4 seconds
Time for sampling (singles):     2 minutes 21 seconds
DAG statistics
mean edges/level: 12     max edges/level: 29
mean edges/node:  1.157  mean count/edge: 9

Window 2 [ NC_037353.1:17290329-41260354 ]
target markers:      50000

Starting burn-in iterations

Window=2 Iteration=1
Time for building model:         2 minutes 56 seconds
Time for sampling (singles):     45 seconds
DAG statistics
mean edges/level: 6      max edges/level: 27
mean edges/node:  1.697  mean count/edge: 18

Window=2 Iteration=2
Time for building model:         4 minutes 10 seconds
Time for sampling (singles):     22 seconds
DAG statistics
mean edges/level: 5      max edges/level: 17
mean edges/node:  1.531  mean count/edge: 21

Window=2 Iteration=3
Time for building model:         1 minute 56 seconds
Time for sampling (singles):     11 seconds
DAG statistics
mean edges/level: 5      max edges/level: 29
mean edges/node:  1.344  mean count/edge: 21

Window=2 Iteration=4
Time for building model:         1 minute 50 seconds
Time for sampling (singles):     9 seconds
DAG statistics
mean edges/level: 5      max edges/level: 21
mean edges/node:  1.314  mean count/edge: 21

Window=2 Iteration=5
Time for building model:         1 minute 50 seconds
Time for sampling (singles):     12 seconds
DAG statistics
mean edges/level: 5      max edges/level: 25
mean edges/node:  1.280  mean count/edge: 21

Window=2 Iteration=6
Time for building model:         1 minute 49 seconds
Time for sampling (singles):     6 seconds
DAG statistics
mean edges/level: 5      max edges/level: 18
mean edges/node:  1.282  mean count/edge: 21

Window=2 Iteration=7
Time for building model:         1 minute 47 seconds
Time for sampling (singles):     7 seconds
DAG statistics
mean edges/level: 5      max edges/level: 25
mean edges/node:  1.264  mean count/edge: 21

Window=2 Iteration=8
Time for building model:         4 minutes 15 seconds
Time for sampling (singles):     10 seconds
DAG statistics
mean edges/level: 5      max edges/level: 21
mean edges/node:  1.270  mean count/edge: 21

Window=2 Iteration=9
Time for building model:         3 minutes 15 seconds
Time for sampling (singles):     7 seconds
DAG statistics
mean edges/level: 5      max edges/level: 25
mean edges/node:  1.253  mean count/edge: 21

Window=2 Iteration=10
Time for building model:         5 minutes 2 seconds
Time for sampling (singles):     8 seconds
DAG statistics
mean edges/level: 5      max edges/level: 18
mean edges/node:  1.261  mean count/edge: 21

Starting phasing iterations

Window=2 Iteration=11
Time for building model:         1 minute 30 seconds
Time for sampling (singles):     1 minute 37 seconds
DAG statistics
mean edges/level: 7      max edges/level: 26
mean edges/node:  1.213  mean count/edge: 15

Window=2 Iteration=12
Time for building model:         2 minutes 1 second
Time for sampling (singles):     5 minutes 24 seconds
DAG statistics
mean edges/level: 9      max edges/level: 24
mean edges/node:  1.164  mean count/edge: 12

Window=2 Iteration=13
Time for building model:         1 minute 43 seconds
Time for sampling (singles):     5 minutes 1 second
DAG statistics
mean edges/level: 12     max edges/level: 29
mean edges/node:  1.127  mean count/edge: 9

Window=2 Iteration=14
Time for building model:         1 minute 26 seconds
Time for sampling (singles):     3 minutes 51 seconds
DAG statistics
mean edges/level: 12     max edges/level: 30
mean edges/node:  1.110  mean count/edge: 9

Window=2 Iteration=15
Time for building model:         1 minute 22 seconds
Time for sampling (singles):     4 minutes 25 seconds
DAG statistics
mean edges/level: 14     max edges/level: 32
mean edges/node:  1.090  mean count/edge: 8

Window 3 [ NC_037353.1:39882383-51989235 ]
target markers:      33438

Starting burn-in iterations

Window=3 Iteration=1
Time for building model:         2 minutes 17 seconds
Time for sampling (singles):     20 seconds
DAG statistics
mean edges/level: 6      max edges/level: 26
mean edges/node:  1.719  mean count/edge: 18

Window=3 Iteration=2
Time for building model:         1 minute 44 seconds
Time for sampling (singles):     8 seconds
DAG statistics
mean edges/level: 5      max edges/level: 18
mean edges/node:  1.592  mean count/edge: 21

Window=3 Iteration=3
Time for building model:         1 minute 55 seconds
Time for sampling (singles):     12 seconds
DAG statistics
mean edges/level: 5      max edges/level: 24
mean edges/node:  1.394  mean count/edge: 21

Window=3 Iteration=4
Time for building model:         1 minute 51 seconds
Time for sampling (singles):     6 seconds
DAG statistics
mean edges/level: 5      max edges/level: 18
mean edges/node:  1.360  mean count/edge: 21

Window=3 Iteration=5
Time for building model:         2 minutes 28 seconds
Time for sampling (singles):     11 seconds
DAG statistics
mean edges/level: 5      max edges/level: 26
mean edges/node:  1.313  mean count/edge: 21

Window=3 Iteration=6
Time for building model:         2 minutes 8 seconds
Time for sampling (singles):     31 seconds
DAG statistics
mean edges/level: 5      max edges/level: 18
mean edges/node:  1.315  mean count/edge: 21

Window=3 Iteration=7
Time for building model:         1 minute 10 seconds
Time for sampling (singles):     6 seconds
DAG statistics
mean edges/level: 5      max edges/level: 24
mean edges/node:  1.287  mean count/edge: 21

Window=3 Iteration=8
Time for building model:         1 minute 37 seconds
Time for sampling (singles):     3 seconds
DAG statistics
mean edges/level: 5      max edges/level: 16
mean edges/node:  1.294  mean count/edge: 21

Window=3 Iteration=9
Time for building model:         2 minutes 7 seconds
Time for sampling (singles):     20 seconds
DAG statistics
mean edges/level: 5      max edges/level: 26
mean edges/node:  1.270  mean count/edge: 21

Window=3 Iteration=10
Time for building model:         2 minutes 5 seconds
Time for sampling (singles):     13 seconds
DAG statistics
mean edges/level: 5      max edges/level: 18
mean edges/node:  1.283  mean count/edge: 21

Starting phasing iterations

Window=3 Iteration=11
Time for building model:         39 seconds
Time for sampling (singles):     3 minutes 26 seconds
DAG statistics
mean edges/level: 8      max edges/level: 26
mean edges/node:  1.190  mean count/edge: 13

Window=3 Iteration=12
Time for building model:         1 minute 6 seconds
Time for sampling (singles):     2 minutes 38 seconds
DAG statistics
mean edges/level: 7      max edges/level: 21
mean edges/node:  1.210  mean count/edge: 15

Window=3 Iteration=13
Time for building model:         1 minute 6 seconds
Time for sampling (singles):     2 minutes 53 seconds
DAG statistics
mean edges/level: 10     max edges/level: 27
mean edges/node:  1.152  mean count/edge: 11

Window=3 Iteration=14
Time for building model:         59 seconds
Time for sampling (singles):     2 minutes 22 seconds
DAG statistics
mean edges/level: 13     max edges/level: 28
mean edges/node:  1.117  mean count/edge: 8

Window=3 Iteration=15
Time for building model:         1 minute 2 seconds
Time for sampling (singles):     2 minutes 10 seconds
DAG statistics
mean edges/level: 14     max edges/level: 30
mean edges/node:  1.099  mean count/edge: 8

Number of markers:              127438
Total time for building model: 1 hour 2 minutes 12 seconds
Total time for sampling:       42 minutes 40 seconds
Total run time:                1 hour 49 minutes 40 seconds

End time: 08:40 PM CEST on 04 Apr 2024
beagle.27Jan18.7e1.jar (version 4.1) finished
