PLINK v1.90b7 64-bit (16 Jan 2023)
Options in effect:
  --allow-extra-chr
  --bfile /maps/projects/seqafrica/scratch/rdc143/trag_analyses/bed/BosTau9_tragmain2_sites_variable_noindels_8dp_5missing_nomultipoly_norelated
  --geno 0.1
  --keep keep_list.txt
  --maf 0.05
  --make-bed
  --mind 0.1
  --out plink_pre

Hostname: scarbpop01fl.unicph.domain
Working directory: /maps/projects/seqafrica/scratch/rdc143/trag_analyses/admixture/pruned20_norelated/Tspe
Start time: Mon Mar 18 10:08:05 2024

Random number seed: 1710752885
515123 MB RAM detected; reserving 257561 MB for main workspace.
127462209 variants loaded from .bim file.
224 people (0 males, 0 females, 224 ambiguous) loaded from .fam.
Ambiguous sex IDs written to plink_pre.nosex .
--keep: 33 people remaining.
1 person removed due to missing genotype data (--mind).
ID written to plink_pre.irem .
Using 1 thread (no multithreaded calculations invoked).
Before main variant filters, 32 founders and 0 nonfounders present.
Calculating allele frequencies... done.
Total genotyping rate in remaining samples is 0.990034.
758470 variants removed due to missing genotype data (--geno).
119673788 variants removed due to minor allele threshold(s)
(--maf/--max-maf/--mac/--max-mac).
7029951 variants and 32 people pass filters and QC.
Note: No phenotypes present.
--make-bed to plink_pre.bed + plink_pre.bim + plink_pre.fam ... done.

End time: Mon Mar 18 10:10:57 2024
