PLINK v1.90b7 64-bit (16 Jan 2023)
Options in effect:
  --allow-extra-chr
  --bfile plink_pre
  --extract plink.prune.in
  --make-bed
  --out plink

Hostname: scarbpop01fl.unicph.domain
Working directory: /maps/projects/seqafrica/scratch/rdc143/trag_analyses/admixture/pruned20_norelated/Tspe
Start time: Mon Mar 18 10:11:10 2024

Random number seed: 1710753070
515123 MB RAM detected; reserving 257561 MB for main workspace.
7029951 variants loaded from .bim file.
32 people (0 males, 0 females, 32 ambiguous) loaded from .fam.
Ambiguous sex IDs written to plink.nosex .
--extract: 72642 variants remaining.
Using 1 thread (no multithreaded calculations invoked).
Before main variant filters, 32 founders and 0 nonfounders present.
Calculating allele frequencies... done.
Total genotyping rate is 0.987276.
72642 variants and 32 people pass filters and QC.
Note: No phenotypes present.
--make-bed to plink.bed + plink.bim + plink.fam ... done.

End time: Mon Mar 18 10:11:13 2024
