nohup: ignoring input
****                   ADMIXTURE Version 1.3.0                  ****
****                    Copyright 2008-2015                     ****
****           David Alexander, Suyash Shringarpure,            ****
****                John  Novembre, Ken Lange                   ****
****                                                            ****
****                 Please cite our paper!                     ****
****   Information at www.genetics.ucla.edu/software/admixture  ****

Parallel execution requested.  Will use 184 threads.
Random seed: 43
Point estimation method: Block relaxation algorithm
Convergence acceleration algorithm: QuasiNewton, 3 secant conditions
Point estimation will terminate when objective function delta < 0.0001
Estimation of standard errors disabled; will compute point estimates only.
Size of G: 150x168100736
Performing five EM steps to prime main algorithm
1 (EM) 	Elapsed: 2031.39	Loglikelihood: -4.42886e+09	(delta): 3.63097e+10
2 (EM) 	Elapsed: 2034.31	Loglikelihood: -4.23077e+09	(delta): 1.98086e+08
3 (EM) 	Elapsed: 2025.89	Loglikelihood: -4.16523e+09	(delta): 6.55414e+07
4 (EM) 	Elapsed: 2051.12	Loglikelihood: -4.11841e+09	(delta): 4.68219e+07
5 (EM) 	Elapsed: 2066.93	Loglikelihood: -4.07823e+09	(delta): 4.01796e+07
Initial loglikelihood: -4.07823e+09
Starting main algorithm
1 (QN/Block) 	Elapsed: 2040.29	Loglikelihood: -1.88613e+09	(delta): 2.19209e+09
2 (QN/Block) 	Elapsed: 2069.27	Loglikelihood: -1.70278e+09	(delta): 1.83348e+08
3 (QN/Block) 	Elapsed: 2153.69	Loglikelihood: -1.6125e+09	(delta): 9.02819e+07
4 (QN/Block) 	Elapsed: 2091.32	Loglikelihood: -1.55361e+09	(delta): 5.88928e+07
5 (QN/Block) 	Elapsed: 2053.98	Loglikelihood: -1.52983e+09	(delta): 2.37823e+07
6 (QN/Block) 	Elapsed: 2134.74	Loglikelihood: -1.52236e+09	(delta): 7.4706e+06
7 (QN/Block) 	Elapsed: 2139.29	Loglikelihood: -1.52179e+09	(delta): 563331
8 (QN/Block) 	Elapsed: 2154.41	Loglikelihood: -1.52178e+09	(delta): 10029.3
9 (QN/Block) 	Elapsed: 2107.7	Loglikelihood: -1.52178e+09	(delta): 2081.34
10 (QN/Block) 	Elapsed: 2145.18	Loglikelihood: -1.52178e+09	(delta): 1432.58
11 (QN/Block) 	Elapsed: 2128.26	Loglikelihood: -1.52178e+09	(delta): 820.292
12 (QN/Block) 	Elapsed: 2103.54	Loglikelihood: -1.52178e+09	(delta): 146.143
13 (QN/Block) 	Elapsed: 2126.52	Loglikelihood: -1.52178e+09	(delta): 3.76077
14 (QN/Block) 	Elapsed: 2108.7	Loglikelihood: -1.52178e+09	(delta): 1.0108
15 (QN/Block) 	Elapsed: 2118.37	Loglikelihood: -1.52178e+09	(delta): 0.403903
16 (QN/Block) 	Elapsed: 2097.19	Loglikelihood: -1.52178e+09	(delta): 0.0184474
17 (QN/Block) 	Elapsed: 2119.15	Loglikelihood: -1.52178e+09	(delta): 1.19209e-06
Summary: 
Converged in 17 iterations (46202.4 sec)
Loglikelihood: -1521778132.020283
Fst divergences between estimated populations: 
	Pop0	Pop1	
Pop0	
Pop1	0.726	
Pop2	0.847	0.631	
Writing output files.
