PLINK v1.90b7 64-bit (16 Jan 2023)
Options in effect:
  --allow-extra-chr
  --bfile ../../bed/BosTau9_tragmain_sites_variable_noindels_nomultipoly_nomissing
  --keep keep_list_gk_ge_eland.txt
  --make-bed
  --out BosTau9_tragmain_sites_variable_noindels_nomultipoly_nomissing_gk_ge_eland

Hostname: scarbpop02fl.unicph.domain
Working directory: /maps/projects/seqafrica/scratch/rdc143/trag_analyses/apoh/gk_ge_eland
Start time: Tue Feb 13 10:38:59 2024

Random number seed: 1707817139
1031233 MB RAM detected; reserving 515616 MB for main workspace.
168100736 variants loaded from .bim file.
247 people (0 males, 0 females, 247 ambiguous) loaded from .fam.
Ambiguous sex IDs written to
BosTau9_tragmain_sites_variable_noindels_nomultipoly_nomissing_gk_ge_eland.nosex
.
--keep: 150 people remaining.
Using 1 thread (no multithreaded calculations invoked).
Before main variant filters, 150 founders and 0 nonfounders present.
Calculating allele frequencies... done.
Total genotyping rate in remaining samples is exactly 1.
168100736 variants and 150 people pass filters and QC.
Note: No phenotypes present.
--make-bed to
BosTau9_tragmain_sites_variable_noindels_nomultipoly_nomissing_gk_ge_eland.bed
+
BosTau9_tragmain_sites_variable_noindels_nomultipoly_nomissing_gk_ge_eland.bim
+
BosTau9_tragmain_sites_variable_noindels_nomultipoly_nomissing_gk_ge_eland.fam
... done.

End time: Tue Feb 13 10:41:04 2024
