/maps/projects/popgen/data/tragelaphines/eland/ToryKen_0587.Cattle.bam
/maps/projects/popgen/data/tragelaphines/eland/ToryRSA_0588.Cattle.bam
/maps/projects/popgen/data/tragelaphines/eland/ToryNam_0589.Cattle.bam
/maps/projects/popgen/data/tragelaphines/eland/ToryNam_0590.Cattle.bam
/maps/projects/popgen/data/tragelaphines/eland/ToryNam_0591.Cattle.bam
/maps/projects/popgen/data/tragelaphines/eland/ToryNam_0592.Cattle.bam
/maps/projects/popgen/data/tragelaphines/eland/ToryNam_0593.Cattle.bam
/maps/projects/popgen/data/tragelaphines/eland/ToryNam_0594.Cattle.bam
/maps/projects/popgen/data/tragelaphines/eland/ToryNam_0595.Cattle.bam
/maps/projects/popgen/data/tragelaphines/eland/ToryNam_0596.Cattle.bam
/maps/projects/popgen/data/tragelaphines/eland/ToryNam_0597.Cattle.bam
/maps/projects/popgen/data/tragelaphines/eland/ToryNam_0598.Cattle.bam
/maps/projects/popgen/data/tragelaphines/eland/ToryNam_0599.Cattle.bam
/maps/projects/popgen/data/tragelaphines/eland/ToryZim_0727.Cattle.bam
/maps/projects/popgen/data/tragelaphines/eland/ToryZim_0728.Cattle.bam
/maps/projects/popgen/data/tragelaphines/eland/ToryZim_0729.Cattle.bam
/maps/projects/popgen/data/tragelaphines/eland/ToryZim_0730.Cattle.bam
/maps/projects/popgen/data/tragelaphines/eland/ToryZim_0731.Cattle.bam
/maps/projects/popgen/data/tragelaphines/eland/ToryZim_0732.Cattle.bam
/maps/projects/popgen/data/tragelaphines/eland/ToryZim_0733.Cattle.bam
/maps/projects/popgen/data/tragelaphines/eland/ToryZim_0734.Cattle.bam
/maps/projects/popgen/data/tragelaphines/eland/ToryZim_0735.Cattle.bam
/maps/projects/popgen/data/tragelaphines/eland/ToryZim_0736.Cattle.bam
/maps/projects/popgen/data/tragelaphines/eland/ToryZim_0737.Cattle.bam
/maps/projects/popgen/data/tragelaphines/eland/ToryZim_0738.Cattle.bam
/maps/projects/popgen/data/tragelaphines/eland/ToryZim_0739.Cattle.bam
/maps/projects/popgen/data/tragelaphines/eland/ToryZim_0740.Cattle.bam
/maps/projects/popgen/data/tragelaphines/eland/ToryZim_0741.Cattle.bam
/maps/projects/popgen/data/tragelaphines/eland/ToryBot_0600.Cattle.bam
/maps/projects/popgen/data/tragelaphines/eland/ToryBot_0601.Cattle.bam
/maps/projects/popgen/data/tragelaphines/eland/ToryBot_0602.Cattle.bam
/maps/projects/popgen/data/tragelaphines/eland/ToryBot_0603.Cattle.bam
/maps/projects/popgen/data/tragelaphines/eland/ToryBot_0604.Cattle.bam
/maps/projects/popgen/data/tragelaphines/eland/ToryBot_0605.Cattle.bam
/maps/projects/popgen/data/tragelaphines/eland/ToryBot_0606.Cattle.bam
/maps/projects/popgen/data/tragelaphines/eland/ToryBot_0607.Cattle.bam
/maps/projects/popgen/data/tragelaphines/eland/ToryBot_0608.Cattle.bam
/maps/projects/popgen/data/tragelaphines/eland/ToryBot_0609.Cattle.bam
/maps/projects/popgen/data/tragelaphines/eland/ToryNam_0610.Cattle.bam
/maps/projects/popgen/data/tragelaphines/eland/ToryNam_0611.Cattle.bam
/maps/projects/popgen/data/tragelaphines/eland/ToryNam_0612.Cattle.bam
/maps/projects/popgen/data/tragelaphines/eland/ToryNam_0613.Cattle.bam
/maps/projects/popgen/data/tragelaphines/eland/ToryNam_0614.Cattle.bam
/maps/projects/popgen/data/tragelaphines/eland/ToryNam_0615.Cattle.bam
/maps/projects/popgen/data/tragelaphines/eland/ToryNam_0616.Cattle.bam
/maps/projects/popgen/data/tragelaphines/eland/ToryZam_0617.Cattle.bam
/maps/projects/popgen/data/tragelaphines/eland/ToryZam_0618.Cattle.bam
/maps/projects/popgen/data/tragelaphines/eland/ToryZam_0619.Cattle.bam
/maps/projects/popgen/data/tragelaphines/eland/ToryZam_0620.Cattle.bam
/maps/projects/popgen/data/tragelaphines/eland/ToryZam_0621.Cattle.bam
/maps/projects/popgen/data/tragelaphines/eland/ToryZam_0622.Cattle.bam
/maps/projects/popgen/data/tragelaphines/eland/ToryTan_0623.Cattle.bam
/maps/projects/popgen/data/tragelaphines/eland/ToryTan_0624.Cattle.bam
/maps/projects/popgen/data/tragelaphines/eland/ToryTan_0625.Cattle.bam
/maps/projects/popgen/data/tragelaphines/eland/ToryTan_0626.Cattle.bam
/maps/projects/popgen/data/tragelaphines/eland/ToryTan_0627.Cattle.bam
/maps/projects/popgen/data/tragelaphines/eland/ToryTan_0628.Cattle.bam
/maps/projects/popgen/data/tragelaphines/eland/ToryTan_0629.Cattle.bam
/maps/projects/popgen/data/tragelaphines/eland/ToryZam_0630.Cattle.bam
/maps/projects/popgen/data/tragelaphines/eland/ToryTan_0631.Cattle.bam
/maps/projects/popgen/data/tragelaphines/eland/ToryTan_0632.Cattle.bam
/maps/projects/popgen/data/tragelaphines/eland/ToryTan_0633.Cattle.bam
/maps/projects/popgen/data/tragelaphines/eland/ToryTan_0634.Cattle.bam
/maps/projects/popgen/data/tragelaphines/eland/ToryTan_0635.Cattle.bam
/maps/projects/popgen/data/tragelaphines/eland/ToryTan_0636.Cattle.bam
/maps/projects/popgen/data/tragelaphines/eland/ToryTan_0637.Cattle.bam
/maps/projects/popgen/data/tragelaphines/eland/ToryTan_0638.Cattle.bam
/maps/projects/popgen/data/tragelaphines/eland/ToryTan_0639.Cattle.bam
/maps/projects/popgen/data/tragelaphines/eland/ToryTan_0640.Cattle.bam
/maps/projects/popgen/data/tragelaphines/eland/ToryTan_0641.Cattle.bam
/maps/projects/popgen/data/tragelaphines/eland/ToryTan_0642.Cattle.bam
/maps/projects/popgen/data/tragelaphines/eland/ToryTan_0643.Cattle.bam
/maps/projects/popgen/data/tragelaphines/eland/ToryTan_0644.Cattle.bam
/maps/projects/popgen/data/tragelaphines/eland/ToryTan_0645.Cattle.bam
/maps/projects/popgen/data/tragelaphines/eland/ToryTan_0646.Cattle.bam
/maps/projects/popgen/data/tragelaphines/eland/ToryTan_0647.Cattle.bam
/maps/projects/popgen/data/tragelaphines/eland/ToryTan_0649.Cattle.bam
/maps/projects/popgen/data/tragelaphines/eland/ToryTan_0650.Cattle.bam
/maps/projects/popgen/data/tragelaphines/eland/ToryKen_0651.Cattle.bam
/maps/projects/popgen/data/tragelaphines/eland/ToryEth_0652.Cattle.bam
/maps/projects/popgen/data/tragelaphines/eland/ToryEth_0653.Cattle.bam
/maps/projects/popgen/data/tragelaphines/eland/ToryEth_0654.Cattle.bam
/maps/projects/popgen/data/tragelaphines/eland/ToryEth_0655.Cattle.bam
/maps/projects/popgen/data/tragelaphines/eland/ToryTan_0656.Cattle.bam
/maps/projects/popgen/data/tragelaphines/eland/ToryTan_0657.Cattle.bam
/maps/projects/popgen/data/tragelaphines/eland/ToryTan_0658.Cattle.bam
/maps/projects/popgen/data/tragelaphines/giant_eland/TderCam_0659.Cattle.bam
/maps/projects/popgen/data/tragelaphines/giant_eland/TderCam_0660.Cattle.bam
/maps/projects/popgen/data/tragelaphines/giant_eland/TderCam_0958.Cattle.bam
/maps/projects/popgen/data/tragelaphines/giant_eland/TderUga_0963.Cattle.bam
/maps/projects/popgen/data/tragelaphines/giant_eland/TderCha_0964.Cattle.bam
/maps/projects/popgen/data/tragelaphines/giant_eland/TderSSu_0965.Cattle.bam
/maps/projects/popgen/data/tragelaphines/giant_eland/TderSSu_0966.Cattle.bam
/maps/projects/popgen/data/tragelaphines/greater_kudu/TstrNam_0742.Cattle.bam
/maps/projects/popgen/data/tragelaphines/greater_kudu/TstrNam_0743.Cattle.bam
/maps/projects/popgen/data/tragelaphines/greater_kudu/TstrNam_0744.Cattle.bam
/maps/projects/popgen/data/tragelaphines/greater_kudu/TstrNam_0745.Cattle.bam
/maps/projects/popgen/data/tragelaphines/greater_kudu/TstrNam_0746.Cattle.bam
/maps/projects/popgen/data/tragelaphines/greater_kudu/TstrNam_0747.Cattle.bam
/maps/projects/popgen/data/tragelaphines/greater_kudu/TstrNam_0748.Cattle.bam
/maps/projects/popgen/data/tragelaphines/greater_kudu/TstrNam_0821.Cattle.bam
/maps/projects/popgen/data/tragelaphines/greater_kudu/TstrZim_0822.Cattle.bam
/maps/projects/popgen/data/tragelaphines/greater_kudu/TstrZim_0823.Cattle.bam
/maps/projects/popgen/data/tragelaphines/greater_kudu/TstrZim_0824.Cattle.bam
/maps/projects/popgen/data/tragelaphines/greater_kudu/TstrZim_0825.Cattle.bam
/maps/projects/popgen/data/tragelaphines/greater_kudu/TstrZim_0826.Cattle.bam
/maps/projects/popgen/data/tragelaphines/greater_kudu/TstrZim_0827.Cattle.bam
/maps/projects/popgen/data/tragelaphines/greater_kudu/TstrZim_0828.Cattle.bam
/maps/projects/popgen/data/tragelaphines/greater_kudu/TstrZim_0829.Cattle.bam
/maps/projects/popgen/data/tragelaphines/greater_kudu/TstrZim_0830.Cattle.bam
/maps/projects/popgen/data/tragelaphines/greater_kudu/TstrBot_0749.Cattle.bam
/maps/projects/popgen/data/tragelaphines/greater_kudu/TstrBot_0750.Cattle.bam
/maps/projects/popgen/data/tragelaphines/greater_kudu/TstrBot_0751.Cattle.bam
/maps/projects/popgen/data/tragelaphines/greater_kudu/TstrBot_0752.Cattle.bam
/maps/projects/popgen/data/tragelaphines/greater_kudu/TstrBot_0753.Cattle.bam
/maps/projects/popgen/data/tragelaphines/greater_kudu/TstrBot_0754.Cattle.bam
/maps/projects/popgen/data/tragelaphines/greater_kudu/TstrBot_0755.Cattle.bam
/maps/projects/popgen/data/tragelaphines/greater_kudu/TstrBot_0756.Cattle.bam
/maps/projects/popgen/data/tragelaphines/greater_kudu/TstrBot_0757.Cattle.bam
/maps/projects/popgen/data/tragelaphines/greater_kudu/TstrBot_0758.Cattle.bam
/maps/projects/popgen/data/tragelaphines/greater_kudu/TstrBot_0759.Cattle.bam
/maps/projects/popgen/data/tragelaphines/greater_kudu/TstrBot_0760.Cattle.bam
/maps/projects/popgen/data/tragelaphines/greater_kudu/TstrBot_0761.Cattle.bam
/maps/projects/popgen/data/tragelaphines/greater_kudu/TstrBot_0762.Cattle.bam
/maps/projects/popgen/data/tragelaphines/greater_kudu/TstrTan_0831.Cattle.bam
/maps/projects/popgen/data/tragelaphines/greater_kudu/TstrTan_0832.Cattle.bam
/maps/projects/popgen/data/tragelaphines/greater_kudu/TstrTan_0833.Cattle.bam
/maps/projects/popgen/data/tragelaphines/greater_kudu/TstrTan_0834.Cattle.bam
/maps/projects/popgen/data/tragelaphines/greater_kudu/TstrTan_0835.Cattle.bam
/maps/projects/popgen/data/tragelaphines/greater_kudu/TstrTan_0836.Cattle.bam
/maps/projects/popgen/data/tragelaphines/greater_kudu/TstrTan_0837.Cattle.bam
/maps/projects/popgen/data/tragelaphines/greater_kudu/TstrTan_0838.Cattle.bam
/maps/projects/popgen/data/tragelaphines/greater_kudu/TstrTan_0839.Cattle.bam
/maps/projects/popgen/data/tragelaphines/greater_kudu/TstrKen_0763.Cattle.bam
/maps/projects/popgen/data/tragelaphines/greater_kudu/TstrTan_0768.Cattle.bam
/maps/projects/popgen/data/tragelaphines/greater_kudu/TstrTan_0769.Cattle.bam
/maps/projects/popgen/data/tragelaphines/greater_kudu/TstrTan_0770.Cattle.bam
/maps/projects/popgen/data/tragelaphines/greater_kudu/TstrNA-_0840.Cattle.bam
/maps/projects/popgen/data/tragelaphines/greater_kudu/TstrRSA_0841.Cattle.bam
/maps/projects/popgen/data/tragelaphines/greater_kudu/TstrZam_0842.Cattle.bam
/maps/projects/popgen/data/tragelaphines/greater_kudu/TstrZam_0843.Cattle.bam
/maps/projects/popgen/data/tragelaphines/greater_kudu/TstrTan_0844.Cattle.bam
/maps/projects/popgen/data/tragelaphines/greater_kudu/TstrTan_0845.Cattle.bam
/maps/projects/popgen/data/tragelaphines/greater_kudu/TstrTan_0846.Cattle.bam
/maps/projects/popgen/data/tragelaphines/greater_kudu/TstrTan_0847.Cattle.bam
/maps/projects/popgen/data/tragelaphines/greater_kudu/TstrTan_0771.Cattle.bam
/maps/projects/popgen/data/tragelaphines/greater_kudu/TstrTan_0848.Cattle.bam
/maps/projects/popgen/data/tragelaphines/greater_kudu/TstrTan_0849.Cattle.bam
/maps/projects/popgen/data/tragelaphines/greater_kudu/TstrTan_0850.Cattle.bam
/maps/projects/popgen/data/tragelaphines/greater_kudu/TstrZam_0851.Cattle.bam
/maps/projects/popgen/data/tragelaphines/greater_kudu/TstrTan_0852.Cattle.bam
/maps/projects/popgen/data/tragelaphines/greater_kudu/TstrTan_0853.Cattle.bam
/maps/projects/popgen/data/tragelaphines/greater_kudu/TstrTan_0854.Cattle.bam
/maps/projects/popgen/data/tragelaphines/lesser_kudu/TimbAby_0973.Cattle.bam
/maps/projects/popgen/data/tragelaphines/lesser_kudu/TimbAby_0974.Cattle.bam
/maps/projects/popgen/data/tragelaphines/lesser_kudu/TimbAby_0976.Cattle.bam
/maps/projects/popgen/data/tragelaphines/lesser_kudu/TimbSom_0977.Cattle.bam
/maps/projects/popgen/data/tragelaphines/lesser_kudu/TimbSom_0978.Cattle.bam
/maps/projects/popgen/data/tragelaphines/lesser_kudu/TimbSom_0980.Cattle.bam
/maps/projects/popgen/data/tragelaphines/lesser_kudu/TimbSom_0981.Cattle.bam
/maps/projects/popgen/data/tragelaphines/lesser_kudu/TimbSom_0982.Cattle.bam
/maps/projects/popgen/data/tragelaphines/lesser_kudu/TimbUga_0983.Cattle.bam
/maps/projects/popgen/data/tragelaphines/lesser_kudu/TimbUga_0984.Cattle.bam
/maps/projects/popgen/data/tragelaphines/lesser_kudu/TimbUga_0985.Cattle.bam
/maps/projects/popgen/data/tragelaphines/lesser_kudu/TimbUga_0986.Cattle.bam
/maps/projects/popgen/data/tragelaphines/lesser_kudu/TimbTan_0784.Cattle.bam
/maps/projects/popgen/data/tragelaphines/lesser_kudu/TimbTan_0785.Cattle.bam
/maps/projects/popgen/data/tragelaphines/lesser_kudu/TimbTan_0786.Cattle.bam
/maps/projects/popgen/data/tragelaphines/lesser_kudu/TimbTan_0787.Cattle.bam
/maps/projects/popgen/data/tragelaphines/lesser_kudu/TimbTan_0788.Cattle.bam
/maps/projects/popgen/data/tragelaphines/lesser_kudu/TimbTan_0789.Cattle.bam
/maps/projects/popgen/data/tragelaphines/lesser_kudu/TimbTan_0790.Cattle.bam
/maps/projects/popgen/data/tragelaphines/lesser_kudu/TimbTan_0791.Cattle.bam
/maps/projects/popgen/data/tragelaphines/lesser_kudu/TimbTan_0792.Cattle.bam
/maps/projects/popgen/data/tragelaphines/lesser_kudu/TimbTan_0793.Cattle.bam
/maps/projects/popgen/data/tragelaphines/lesser_kudu/TimbTan_0794.Cattle.bam
/maps/projects/popgen/data/tragelaphines/lesser_kudu/TimbTan_0795.Cattle.bam
/maps/projects/popgen/data/tragelaphines/lesser_kudu/TimbTan_0796.Cattle.bam
/maps/projects/popgen/data/tragelaphines/lesser_kudu/TimbTan_0797.Cattle.bam
/maps/projects/popgen/data/tragelaphines/lesser_kudu/TimbTan_0798.Cattle.bam
/maps/projects/popgen/data/tragelaphines/lesser_kudu/TimbTan_0799.Cattle.bam
/maps/projects/popgen/data/tragelaphines/lesser_kudu/TimbTan_0800.Cattle.bam
/maps/projects/popgen/data/tragelaphines/lesser_kudu/TimbTan_0801.Cattle.bam
/maps/projects/popgen/data/tragelaphines/lesser_kudu/TimbTan_0802.Cattle.bam
/maps/projects/popgen/data/tragelaphines/lesser_kudu/TimbTan_0803.Cattle.bam
/maps/projects/popgen/data/tragelaphines/lesser_kudu/TimbTan_0804.Cattle.bam
/maps/projects/popgen/data/tragelaphines/lesser_kudu/TimbTan_0805.Cattle.bam
/maps/projects/popgen/data/tragelaphines/lesser_kudu/TimbTan_0806.Cattle.bam
/maps/projects/popgen/data/tragelaphines/lesser_kudu/TimbTan_0807.Cattle.bam
/maps/projects/popgen/data/tragelaphines/lesser_kudu/TimbTan_0808.Cattle.bam
/maps/projects/popgen/data/tragelaphines/lesser_kudu/TimbTan_0809.Cattle.bam
/maps/projects/popgen/data/tragelaphines/lesser_kudu/TimbTan_0810.Cattle.bam
/maps/projects/popgen/data/tragelaphines/lesser_kudu/TimbKen_0811.Cattle.bam
/maps/projects/popgen/data/tragelaphines/lesser_kudu/TimbKen_0812.Cattle.bam
/maps/projects/popgen/data/tragelaphines/lesser_kudu/TimbKen_0813.Cattle.bam
/maps/projects/popgen/data/tragelaphines/lesser_kudu/TimbKen_0814.Cattle.bam
/maps/projects/popgen/data/tragelaphines/lesser_kudu/TimbKen_0815.Cattle.bam
/maps/projects/popgen/data/tragelaphines/lesser_kudu/TimbKen_0816.Cattle.bam
/maps/projects/popgen/data/tragelaphines/lesser_kudu/TimbKen_0817.Cattle.bam
/maps/projects/popgen/data/tragelaphines/lesser_kudu/TimbTan_0818.Cattle.bam
/maps/projects/popgen/data/tragelaphines/lesser_kudu/TimbEth_0860.Cattle.bam
/maps/projects/popgen/data/tragelaphines/lesser_kudu/TimbEth_0861.Cattle.bam
/maps/projects/popgen/data/tragelaphines/lesser_kudu/TimbEth_0862.Cattle.bam
/maps/projects/popgen/data/tragelaphines/lesser_kudu/TimbTan_0820.Cattle.bam
/maps/projects/popgen/data/tragelaphines/mountain_nyala/TbuxEth_0863.Cattle.bam
/maps/projects/popgen/data/tragelaphines/mountain_nyala/TbuxEth_0864.Cattle.bam
/maps/projects/popgen/data/tragelaphines/mountain_nyala/TbuxEth_0865.Cattle.bam
/maps/projects/popgen/data/tragelaphines/mountain_nyala/TbuxEth_0866.Cattle.bam
/maps/projects/popgen/data/tragelaphines/nyala/ScafKen_1009.Cattle.bam
/maps/projects/popgen/data/tragelaphines/nyala/ScafKen_1010.Cattle.bam
/maps/projects/popgen/data/tragelaphines/nyala/ScafNA-_1003.Cattle.bam
/maps/projects/popgen/data/tragelaphines/nyala/ScafNA-_1004.Cattle.bam
/maps/projects/popgen/data/tragelaphines/sitatunga/TspeBot_0867.Cattle.bam
/maps/projects/popgen/data/tragelaphines/sitatunga/TspeBot_0868.Cattle.bam
/maps/projects/popgen/data/tragelaphines/sitatunga/TspeBot_0869.Cattle.bam
/maps/projects/popgen/data/tragelaphines/sitatunga/TspeBot_0870.Cattle.bam
/maps/projects/popgen/data/tragelaphines/sitatunga/TspeZam_0871.Cattle.bam
/maps/projects/popgen/data/tragelaphines/sitatunga/TspeTan_0872.Cattle.bam
/maps/projects/popgen/data/tragelaphines/sitatunga/TspeTan_0873.Cattle.bam
/maps/projects/popgen/data/tragelaphines/sitatunga/TspeTan_0874.Cattle.bam
/maps/projects/popgen/data/tragelaphines/sitatunga/TspeTan_0875.Cattle.bam
/maps/projects/popgen/data/tragelaphines/sitatunga/TspeTan_0876.Cattle.bam
/maps/projects/popgen/data/tragelaphines/sitatunga/TspeTan_0877.Cattle.bam
/maps/projects/popgen/data/tragelaphines/sitatunga/TspeTan_0878.Cattle.bam
/maps/projects/popgen/data/tragelaphines/sitatunga/TspeTan_0879.Cattle.bam
/maps/projects/popgen/data/tragelaphines/sitatunga/TspeTan_0881.Cattle.bam
/maps/projects/popgen/data/tragelaphines/sitatunga/TspeTan_0883.Cattle.bam
/maps/projects/popgen/data/tragelaphines/sitatunga/TspeTan_0884.Cattle.bam
/maps/projects/popgen/data/tragelaphines/sitatunga/TspeTan_0885.Cattle.bam
/maps/projects/popgen/data/tragelaphines/sitatunga/TspeTan_0886.Cattle.bam
/maps/projects/popgen/data/tragelaphines/sitatunga/TspeGha_0887.Cattle.bam
/maps/projects/popgen/data/tragelaphines/sitatunga/TspeGha_0888.Cattle.bam
/maps/projects/popgen/data/tragelaphines/sitatunga/TspeCam_1011.Cattle.bam
/maps/projects/popgen/data/tragelaphines/sitatunga/TspeCon_1012.Cattle.bam
/maps/projects/popgen/data/tragelaphines/sitatunga/TspeCam_1013.Cattle.bam
/maps/projects/popgen/data/tragelaphines/sitatunga/TspeCam_1014.Cattle.bam
/maps/projects/popgen/data/tragelaphines/sitatunga/TspeCam_1015.Cattle.bam
/maps/projects/popgen/data/tragelaphines/sitatunga/TspeCam_1016.Cattle.bam
/maps/projects/popgen/data/tragelaphines/sitatunga/TspeCam_1017.Cattle.bam
/maps/projects/popgen/data/tragelaphines/sitatunga/TspeCam_1018.Cattle.bam
/maps/projects/popgen/data/tragelaphines/sitatunga/TspeCam_1019.Cattle.bam
/maps/projects/popgen/data/tragelaphines/sitatunga/TspeCam_1020.Cattle.bam
/maps/projects/popgen/data/tragelaphines/sitatunga/TspeCam_1021.Cattle.bam
/maps/projects/popgen/data/tragelaphines/sitatunga/TspeDRC_1022.Cattle.bam
/maps/projects/popgen/data/tragelaphines/sitatunga/TspeDRC_1023.Cattle.bam
/maps/projects/popgen/data/tragelaphines/sitatunga/TspeDRC_1024.Cattle.bam
/maps/projects/popgen/data/tragelaphines/sitatunga/TspeDRC_1025.Cattle.bam
