Machine name: x86_64
Node name: scarbpop04fl.unicph.domain
Operating system release: 4.18.0-513.11.1.el8_9.x86_64
Operating system version: #1 SMP Thu Dec 7 03:06:13 EST 2023
Operating system name: Linux
PCAone (v0.4.4)    https://github.com/Zilong-Li/PCAone
Options in effect:
PCAone -b plink_pre -k 3 --ld --ld-stats 0 --ld-r2 0.2 --ld-bp 100000 -n 50 
[19/03/2024-22:14:24] program started
[19/03/2024-22:14:24] start parsing PLINK format
[19/03/2024-22:14:24] N samples is 7. M snps is 2145327
[19/03/2024-22:14:25] begin to run PCAone RSVD with in-core mode
[19/03/2024-22:14:25] running in memory mode with PCAone (algorithm2).
[19/03/2024-22:14:27] running of epoch=1, diff=0.0241925
[19/03/2024-22:14:28] running of epoch=2, diff=0.00375685
[19/03/2024-22:14:29] running of epoch=3, diff=0.0122027
[19/03/2024-22:14:31] running of epoch=4, diff=0.027933
[19/03/2024-22:14:32] running of epoch=5, diff=0.00930422
[19/03/2024-22:14:33] running of epoch=6, diff=1.62537e-12
[19/03/2024-22:14:33] stops at epoch=7
[19/03/2024-22:14:34] output eigen values
[19/03/2024-22:14:37] done output eigen values
[19/03/2024-22:14:37] ld-stats=0: calc_ld_metrics using residuals matrix!
[19/03/2024-22:14:37] output residuals values
[20/03/2024-00:06:47] done output residuals values
[20/03/2024-00:06:47] run_pca_with_halko done
[20/03/2024-00:06:48] start ld pruning and pick_random_one=0
[20/03/2024-00:06:58] total elapsed reading time: 0.0254368 seconds
[20/03/2024-00:06:58] total elapsed wall time: 6753.77 seconds
[20/03/2024-00:06:58] eigenvecs and eigenvals are saved. have a nice day. bye!
