PLINK v1.90b7 64-bit (16 Jan 2023)
Options in effect:
  --allow-extra-chr
  --bfile plink_pre
  --extract pcaone.ld.prune.in
  --make-bed
  --out plink

Hostname: scarbpop02fl.unicph.domain
Working directory: /maps/projects/seqafrica/scratch/rdc143/trag_analyses/admixture/pcaone2/Tder
Start time: Wed Apr  3 02:02:02 2024

Random number seed: 1712102522
1031233 MB RAM detected; reserving 515616 MB for main workspace.
2100566 variants loaded from .bim file.
6 people (0 males, 0 females, 6 ambiguous) loaded from .fam.
Ambiguous sex IDs written to plink.nosex .
--extract: 90311 variants remaining.
Using 1 thread (no multithreaded calculations invoked).
Before main variant filters, 6 founders and 0 nonfounders present.
Calculating allele frequencies... done.
Total genotyping rate is exactly 1.
90311 variants and 6 people pass filters and QC.
Note: No phenotypes present.
--make-bed to plink.bed + plink.bim + plink.fam ... done.

End time: Wed Apr  3 02:02:03 2024
