PLINK v1.90b7 64-bit (16 Jan 2023)
Options in effect:
  --allow-extra-chr
  --bfile BosTau9_tragmain2_sites_variable_noindels_8dp_5missing_nomultipoly
  --keep keep_unrelated2.txt
  --make-bed
  --out BosTau9_tragmain2_sites_variable_noindels_8dp_5missing_nomultipoly_norelated2

Hostname: scarbpop02fl.unicph.domain
Working directory: /maps/projects/seqafrica/scratch/rdc143/trag_analyses/plink
Start time: Tue Apr  2 23:31:12 2024

Random number seed: 1712093472
1031233 MB RAM detected; reserving 515616 MB for main workspace.
127462209 variants loaded from .bim file.
249 people (0 males, 0 females, 249 ambiguous) loaded from .fam.
Ambiguous sex IDs written to
BosTau9_tragmain2_sites_variable_noindels_8dp_5missing_nomultipoly_norelated2.nosex
.
--keep: 210 people remaining.
Using 1 thread (no multithreaded calculations invoked).
Before main variant filters, 210 founders and 0 nonfounders present.
Calculating allele frequencies... done.
Total genotyping rate in remaining samples is 0.976875.
127462209 variants and 210 people pass filters and QC.
Note: No phenotypes present.
--make-bed to
BosTau9_tragmain2_sites_variable_noindels_8dp_5missing_nomultipoly_norelated2.bed
+
BosTau9_tragmain2_sites_variable_noindels_8dp_5missing_nomultipoly_norelated2.bim
+
BosTau9_tragmain2_sites_variable_noindels_8dp_5missing_nomultipoly_norelated2.fam
... done.

End time: Tue Apr  2 23:33:27 2024
