PLINK v1.90b7 64-bit (16 Jan 2023)
Options in effect:
  --allow-extra-chr
  --bcf /maps/projects/popgen/people/rdc143/QCSeq/gt/results/tragmain/vcf/BosTau9_tragmain_sites_variable_noindels.bcf.gz
  --biallelic-only strict
  --make-bed
  --out BosTau9_tragmain_sites_variable_noindels
  --snps-only

Hostname: scarbpop06fl.unicph.domain
Working directory: /maps/projects/seqafrica/scratch/rdc143/trag_analyses/bed
Start time: Tue Dec 26 21:05:38 2023

Random number seed: 1703621138
515151 MB RAM detected; reserving 257575 MB for main workspace.
--bcf: BosTau9_tragmain_sites_variable_noindels-temporary.bed +
BosTau9_tragmain_sites_variable_noindels-temporary.bim +
BosTau9_tragmain_sites_variable_noindels-temporary.fam written.
(11778523 variants skipped.)
201974955 variants loaded from .bim file.
247 people (0 males, 0 females, 247 ambiguous) loaded from .fam.
Ambiguous sex IDs written to BosTau9_tragmain_sites_variable_noindels.nosex .
Using 1 thread (no multithreaded calculations invoked).
Before main variant filters, 247 founders and 0 nonfounders present.
Calculating allele frequencies... done.
Total genotyping rate is 0.987157.
201974955 variants and 247 people pass filters and QC.
Note: No phenotypes present.
--make-bed to BosTau9_tragmain_sites_variable_noindels.bed +
BosTau9_tragmain_sites_variable_noindels.bim +
BosTau9_tragmain_sites_variable_noindels.fam ... done.

End time: Tue Dec 26 21:40:46 2023
