PLINK v1.90b7 64-bit (16 Jan 2023)
Options in effect:
  --allow-extra-chr
  --bcf /maps/projects/popgen/people/rdc143/QCSeq/gt/results/tragmain2/vcf/BosTau9_tragmain2_sites_variable_noindels_8dp.bcf.gz
  --biallelic-only strict
  --make-bed
  --out BosTau9_tragmain2_sites_variable_noindels_8dp
  --snps-only

Hostname: scarbpop04fl.unicph.domain
Working directory: /maps/projects/seqafrica/scratch/rdc143/trag_analyses/bed
Start time: Mon Feb 26 20:33:10 2024

Random number seed: 1708975990
515137 MB RAM detected; reserving 257568 MB for main workspace.
--bcf: BosTau9_tragmain2_sites_variable_noindels_8dp-temporary.bed +
BosTau9_tragmain2_sites_variable_noindels_8dp-temporary.bim +
BosTau9_tragmain2_sites_variable_noindels_8dp-temporary.fam written.
(14828164 variants skipped.)
224439815 variants loaded from .bim file.
249 people (0 males, 0 females, 249 ambiguous) loaded from .fam.
Ambiguous sex IDs written to
BosTau9_tragmain2_sites_variable_noindels_8dp.nosex .
Using 1 thread (no multithreaded calculations invoked).
Before main variant filters, 249 founders and 0 nonfounders present.
Calculating allele frequencies... done.
Total genotyping rate is 0.890596.
224439815 variants and 249 people pass filters and QC.
Note: No phenotypes present.
--make-bed to BosTau9_tragmain2_sites_variable_noindels_8dp.bed +
BosTau9_tragmain2_sites_variable_noindels_8dp.bim +
BosTau9_tragmain2_sites_variable_noindels_8dp.fam ... done.

End time: Mon Feb 26 21:18:52 2024
