PLINK v1.90b7 64-bit (16 Jan 2023)
Options in effect:
  --allow-extra-chr
  --bfile /home/rdc143/trag_analyses/plink/BosTau9_tragmain2_sites_variable_noindels_8dp_fixedout
  --distance square 1-ibs
  --geno 0.1
  --keep keep_list.txt

Hostname: scarbpop04fl.unicph.domain
Working directory: /maps/projects/seqafrica/scratch/rdc143/trag_analyses/ibs/withinspec/Tory
Start time: Thu Apr 25 15:50:26 2024

Random number seed: 1714053026
515137 MB RAM detected; reserving 257568 MB for main workspace.
122389855 variants loaded from .bim file.
249 people (0 males, 0 females, 249 ambiguous) loaded from .fam.
Ambiguous sex IDs written to plink.nosex .
--keep: 78 people remaining.
Using up to 191 threads (change this with --threads).
Before main variant filters, 78 founders and 0 nonfounders present.
Calculating allele frequencies... done.
Total genotyping rate in remaining samples is 0.906364.
29717983 variants removed due to missing genotype data (--geno).
92671872 variants and 78 people pass filters and QC.
Note: No phenotypes present.
Distance matrix calculation complete.
IDs written to plink.mdist.id .
Distances (proportions) written to plink.mdist .

End time: Thu Apr 25 15:51:31 2024
