beagle.27Jan18.7e1.jar (version 4.1)
Copyright (C) 2014-2015 Brian L. Browning
Enter "java -jar beagle.27Jan18.7e1.jar" for a summary of command line arguments.
Start time: 07:16 PM CEST on 04 Apr 2024

Command line: java -Xmx54613m -jar beagle.jar
  gl=results/gl/Bostau9_tragmain2_sites_variable_noindels_renamed_Tory.bcf.gz.NC_037342.1.vcf.gz
  chrom=NC_037342.1
  out=results/imputed/Bostau9_tragmain2_sites_variable_noindels_renamed_Tory.bcf.gz.NC_037342.1
  nthreads=6

No genetic map is specified: using 1 cM = 1 Mb

reference samples:       0
target samples:         85

Window 1 [ NC_037342.1:85804-13622512 ]
target markers:      50000

Starting burn-in iterations

Window=1 Iteration=1
Time for building model:         5 seconds
Time for sampling (singles):     7 seconds
DAG statistics
mean edges/level: 7      max edges/level: 25
mean edges/node:  1.775  mean count/edge: 24

Window=1 Iteration=2
Time for building model:         11 seconds
Time for sampling (singles):     9 seconds
DAG statistics
mean edges/level: 7      max edges/level: 28
mean edges/node:  1.494  mean count/edge: 24

Window=1 Iteration=3
Time for building model:         3 seconds
Time for sampling (singles):     6 seconds
DAG statistics
mean edges/level: 5      max edges/level: 23
mean edges/node:  1.345  mean count/edge: 34

Window=1 Iteration=4
Time for building model:         4 seconds
Time for sampling (singles):     11 seconds
DAG statistics
mean edges/level: 6      max edges/level: 30
mean edges/node:  1.268  mean count/edge: 28

Window=1 Iteration=5
Time for building model:         1 minute 31 seconds
Time for sampling (singles):     11 seconds
DAG statistics
mean edges/level: 5      max edges/level: 21
mean edges/node:  1.265  mean count/edge: 34

Window=1 Iteration=6
Time for building model:         3 minutes 19 seconds
Time for sampling (singles):     10 seconds
DAG statistics
mean edges/level: 6      max edges/level: 31
mean edges/node:  1.244  mean count/edge: 28

Window=1 Iteration=7
Time for building model:         3 minutes 45 seconds
Time for sampling (singles):     14 seconds
DAG statistics
mean edges/level: 5      max edges/level: 18
mean edges/node:  1.244  mean count/edge: 34

Window=1 Iteration=8
Time for building model:         4 minutes 11 seconds
Time for sampling (singles):     26 seconds
DAG statistics
mean edges/level: 6      max edges/level: 31
mean edges/node:  1.232  mean count/edge: 28

Window=1 Iteration=9
Time for building model:         3 minutes 34 seconds
Time for sampling (singles):     27 seconds
DAG statistics
mean edges/level: 5      max edges/level: 20
mean edges/node:  1.233  mean count/edge: 34

Window=1 Iteration=10
Time for building model:         5 minutes 16 seconds
Time for sampling (singles):     23 seconds
DAG statistics
mean edges/level: 6      max edges/level: 28
mean edges/node:  1.223  mean count/edge: 28

Starting phasing iterations

Window=1 Iteration=11
Time for building model:         38 seconds
Time for sampling (singles):     5 minutes 41 seconds
DAG statistics
mean edges/level: 7      max edges/level: 23
mean edges/node:  1.231  mean count/edge: 24

Window=1 Iteration=12
Time for building model:         1 minute 36 seconds
Time for sampling (singles):     3 minutes 39 seconds
DAG statistics
mean edges/level: 8      max edges/level: 32
mean edges/node:  1.217  mean count/edge: 21

Window=1 Iteration=13
Time for building model:         1 minute 26 seconds
Time for sampling (singles):     4 minutes 57 seconds
DAG statistics
mean edges/level: 9      max edges/level: 37
mean edges/node:  1.197  mean count/edge: 19

Window=1 Iteration=14
Time for building model:         1 minute 1 second
Time for sampling (singles):     3 minutes 34 seconds
DAG statistics
mean edges/level: 14     max edges/level: 39
mean edges/node:  1.118  mean count/edge: 12

Window=1 Iteration=15
Time for building model:         36 seconds
Time for sampling (singles):     2 minutes 56 seconds
DAG statistics
mean edges/level: 19     max edges/level: 44
mean edges/node:  1.083  mean count/edge: 9

Window 2 [ NC_037342.1:12810901-23089821 ]
target markers:      50000

Starting burn-in iterations

Window=2 Iteration=1
Time for building model:         4 minutes 14 seconds
Time for sampling (singles):     22 seconds
DAG statistics
mean edges/level: 9      max edges/level: 36
mean edges/node:  1.662  mean count/edge: 19

Window=2 Iteration=2
Time for building model:         4 minutes 47 seconds
Time for sampling (singles):     29 seconds
DAG statistics
mean edges/level: 8      max edges/level: 28
mean edges/node:  1.497  mean count/edge: 21

Window=2 Iteration=3
Time for building model:         2 minutes 54 seconds
Time for sampling (singles):     24 seconds
DAG statistics
mean edges/level: 8      max edges/level: 35
mean edges/node:  1.255  mean count/edge: 21

Window=2 Iteration=4
Time for building model:         2 minutes 32 seconds
Time for sampling (singles):     8 seconds
DAG statistics
mean edges/level: 7      max edges/level: 38
mean edges/node:  1.218  mean count/edge: 24

Window=2 Iteration=5
Time for building model:         2 minutes 44 seconds
Time for sampling (singles):     11 seconds
DAG statistics
mean edges/level: 8      max edges/level: 36
mean edges/node:  1.186  mean count/edge: 21

Window=2 Iteration=6
Time for building model:         3 minutes 21 seconds
Time for sampling (singles):     14 seconds
DAG statistics
mean edges/level: 8      max edges/level: 35
mean edges/node:  1.178  mean count/edge: 21

Window=2 Iteration=7
Time for building model:         4 minutes 21 seconds
Time for sampling (singles):     13 seconds
DAG statistics
mean edges/level: 7      max edges/level: 35
mean edges/node:  1.176  mean count/edge: 24

Window=2 Iteration=8
Time for building model:         6 minutes 22 seconds
Time for sampling (singles):     1 minute 2 seconds
DAG statistics
mean edges/level: 10     max edges/level: 37
mean edges/node:  1.156  mean count/edge: 17

Window=2 Iteration=9
Time for building model:         5 minutes 8 seconds
Time for sampling (singles):     52 seconds
DAG statistics
mean edges/level: 9      max edges/level: 35
mean edges/node:  1.155  mean count/edge: 19

Window=2 Iteration=10
Time for building model:         5 minutes 23 seconds
Time for sampling (singles):     37 seconds
DAG statistics
mean edges/level: 9      max edges/level: 37
mean edges/node:  1.157  mean count/edge: 19

Starting phasing iterations

Window=2 Iteration=11
Time for building model:         1 minute 57 seconds
Time for sampling (singles):     7 minutes 25 seconds
DAG statistics
mean edges/level: 12     max edges/level: 41
mean edges/node:  1.106  mean count/edge: 14

Window=2 Iteration=12
Time for building model:         3 minutes 9 seconds
Time for sampling (singles):     6 minutes 16 seconds
DAG statistics
mean edges/level: 22     max edges/level: 48
mean edges/node:  1.069  mean count/edge: 8

Window=2 Iteration=13
Time for building model:         2 minutes 6 seconds
Time for sampling (singles):     6 minutes 14 seconds
DAG statistics
mean edges/level: 16     max edges/level: 48
mean edges/node:  1.073  mean count/edge: 11

Window=2 Iteration=14
Time for building model:         2 minutes 58 seconds
Time for sampling (singles):     5 minutes 49 seconds
DAG statistics
mean edges/level: 26     max edges/level: 51
mean edges/node:  1.052  mean count/edge: 7

Window=2 Iteration=15
Time for building model:         2 minutes 32 seconds
Time for sampling (singles):     6 minutes 25 seconds
DAG statistics
mean edges/level: 31     max edges/level: 54
mean edges/node:  1.038  mean count/edge: 5

Window 3 [ NC_037342.1:22779403-30585533 ]
target markers:      50000

Starting burn-in iterations

Window=3 Iteration=1
Time for building model:         8 minutes 36 seconds
Time for sampling (singles):     1 minute 16 seconds
DAG statistics
mean edges/level: 9      max edges/level: 46
mean edges/node:  1.657  mean count/edge: 19

Window=3 Iteration=2
Time for building model:         6 minutes 53 seconds
Time for sampling (singles):     50 seconds
DAG statistics
mean edges/level: 10     max edges/level: 29
mean edges/node:  1.496  mean count/edge: 17

Window=3 Iteration=3
Time for building model:         5 minutes 39 seconds
Time for sampling (singles):     48 seconds
DAG statistics
mean edges/level: 13     max edges/level: 43
mean edges/node:  1.234  mean count/edge: 13

Window=3 Iteration=4
Time for building model:         4 minutes 59 seconds
Time for sampling (singles):     42 seconds
DAG statistics
mean edges/level: 12     max edges/level: 43
mean edges/node:  1.181  mean count/edge: 14

Window=3 Iteration=5
Time for building model:         5 minutes 56 seconds
Time for sampling (singles):     1 minute 9 seconds
DAG statistics
mean edges/level: 16     max edges/level: 46
mean edges/node:  1.134  mean count/edge: 11

Window=3 Iteration=6
Time for building model:         5 minutes 6 seconds
Time for sampling (singles):     53 seconds
DAG statistics
mean edges/level: 18     max edges/level: 46
mean edges/node:  1.108  mean count/edge: 9

Window=3 Iteration=7
Time for building model:         6 minutes 29 seconds
Time for sampling (singles):     43 seconds
DAG statistics
mean edges/level: 12     max edges/level: 54
mean edges/node:  1.128  mean count/edge: 14

Window=3 Iteration=8
Time for building model:         5 minutes 42 seconds
Time for sampling (singles):     32 seconds
DAG statistics
mean edges/level: 8      max edges/level: 39
mean edges/node:  1.187  mean count/edge: 21

Window=3 Iteration=9
Time for building model:         6 minutes 16 seconds
Time for sampling (singles):     46 seconds
DAG statistics
mean edges/level: 11     max edges/level: 45
mean edges/node:  1.158  mean count/edge: 15

Window=3 Iteration=10
Time for building model:         6 minutes 46 seconds
Time for sampling (singles):     46 seconds
DAG statistics
mean edges/level: 12     max edges/level: 42
mean edges/node:  1.160  mean count/edge: 14

Starting phasing iterations

Window=3 Iteration=11
Time for building model:         1 minute 53 seconds
Time for sampling (singles):     6 minutes 11 seconds
DAG statistics
mean edges/level: 14     max edges/level: 49
mean edges/node:  1.097  mean count/edge: 12

Window=3 Iteration=12
Time for building model:         3 minutes 58 seconds
Time for sampling (singles):     6 minutes 41 seconds
DAG statistics
mean edges/level: 27     max edges/level: 55
mean edges/node:  1.064  mean count/edge: 6

Window=3 Iteration=13
Time for building model:         2 minutes 53 seconds
Time for sampling (singles):     5 minutes 39 seconds
DAG statistics
mean edges/level: 31     max edges/level: 56
mean edges/node:  1.046  mean count/edge: 5

Window=3 Iteration=14
Time for building model:         2 minutes 42 seconds
Time for sampling (singles):     5 minutes 1 second
DAG statistics
mean edges/level: 35     max edges/level: 58
mean edges/node:  1.037  mean count/edge: 5

Window=3 Iteration=15
Time for building model:         2 minutes 18 seconds
Time for sampling (singles):     3 minutes 34 seconds
DAG statistics
mean edges/level: 38     max edges/level: 60
mean edges/node:  1.032  mean count/edge: 4

Window 4 [ NC_037342.1:30174354-38416000 ]
target markers:      50000

Starting burn-in iterations

Window=4 Iteration=1
Time for building model:         3 minutes 8 seconds
Time for sampling (singles):     24 seconds
DAG statistics
mean edges/level: 10     max edges/level: 50
mean edges/node:  1.587  mean count/edge: 17

Window=4 Iteration=2
Time for building model:         2 minutes 58 seconds
Time for sampling (singles):     14 seconds
DAG statistics
mean edges/level: 9      max edges/level: 28
mean edges/node:  1.516  mean count/edge: 19

Window=4 Iteration=3
Time for building model:         4 minutes 0 seconds
Time for sampling (singles):     27 seconds
DAG statistics
mean edges/level: 13     max edges/level: 51
mean edges/node:  1.230  mean count/edge: 13

Window=4 Iteration=4
Time for building model:         2 minutes 51 seconds
Time for sampling (singles):     15 seconds
DAG statistics
mean edges/level: 8      max edges/level: 35
mean edges/node:  1.227  mean count/edge: 21

Window=4 Iteration=5
Time for building model:         3 minutes 18 seconds
Time for sampling (singles):     39 seconds
DAG statistics
mean edges/level: 14     max edges/level: 51
mean edges/node:  1.156  mean count/edge: 12

Window=4 Iteration=6
Time for building model:         2 minutes 50 seconds
Time for sampling (singles):     42 seconds
DAG statistics
mean edges/level: 17     max edges/level: 49
mean edges/node:  1.121  mean count/edge: 10

Window=4 Iteration=7
Time for building model:         2 minutes 45 seconds
Time for sampling (singles):     19 seconds
DAG statistics
mean edges/level: 10     max edges/level: 51
mean edges/node:  1.147  mean count/edge: 17

Window=4 Iteration=8
Time for building model:         4 minutes 5 seconds
Time for sampling (singles):     45 seconds
DAG statistics
mean edges/level: 12     max edges/level: 45
mean edges/node:  1.160  mean count/edge: 14

Window=4 Iteration=9
Time for building model:         4 minutes 5 seconds
Time for sampling (singles):     18 seconds
DAG statistics
mean edges/level: 10     max edges/level: 50
mean edges/node:  1.158  mean count/edge: 17

Window=4 Iteration=10
Time for building model:         3 minutes 48 seconds
Time for sampling (singles):     23 seconds
DAG statistics
mean edges/level: 8      max edges/level: 41
mean edges/node:  1.185  mean count/edge: 21

Starting phasing iterations

Window=4 Iteration=11
Time for building model:         2 minutes 7 seconds
Time for sampling (singles):     5 minutes 52 seconds
DAG statistics
mean edges/level: 25     max edges/level: 52
mean edges/node:  1.066  mean count/edge: 7

Window=4 Iteration=12
Time for building model:         2 minutes 35 seconds
Time for sampling (singles):     5 minutes 12 seconds
DAG statistics
mean edges/level: 30     max edges/level: 55
mean edges/node:  1.050  mean count/edge: 6

Window=4 Iteration=13
Time for building model:         2 minutes 40 seconds
Time for sampling (singles):     4 minutes 50 seconds
DAG statistics
mean edges/level: 30     max edges/level: 57
mean edges/node:  1.044  mean count/edge: 6

Window=4 Iteration=14
Time for building model:         2 minutes 24 seconds
Time for sampling (singles):     5 minutes 0 seconds
DAG statistics
mean edges/level: 36     max edges/level: 61
mean edges/node:  1.038  mean count/edge: 5

Window=4 Iteration=15
Time for building model:         1 minute 59 seconds
Time for sampling (singles):     4 minutes 22 seconds
DAG statistics
mean edges/level: 38     max edges/level: 60
mean edges/node:  1.032  mean count/edge: 4

Window 5 [ NC_037342.1:37740589-45807199 ]
target markers:      50000

Starting burn-in iterations

Window=5 Iteration=1
Time for building model:         3 minutes 47 seconds
Time for sampling (singles):     27 seconds
DAG statistics
mean edges/level: 9      max edges/level: 45
mean edges/node:  1.650  mean count/edge: 19

Window=5 Iteration=2
Time for building model:         2 minutes 48 seconds
Time for sampling (singles):     16 seconds
DAG statistics
mean edges/level: 8      max edges/level: 28
mean edges/node:  1.523  mean count/edge: 21

Window=5 Iteration=3
Time for building model:         2 minutes 53 seconds
Time for sampling (singles):     17 seconds
DAG statistics
mean edges/level: 8      max edges/level: 50
mean edges/node:  1.282  mean count/edge: 21

Window=5 Iteration=4
Time for building model:         3 minutes 26 seconds
Time for sampling (singles):     23 seconds
DAG statistics
mean edges/level: 11     max edges/level: 35
mean edges/node:  1.210  mean count/edge: 15

Window=5 Iteration=5
Time for building model:         3 minutes 27 seconds
Time for sampling (singles):     27 seconds
DAG statistics
mean edges/level: 13     max edges/level: 49
mean edges/node:  1.160  mean count/edge: 13

Window=5 Iteration=6
Time for building model:         2 minutes 45 seconds
Time for sampling (singles):     17 seconds
DAG statistics
mean edges/level: 10     max edges/level: 43
mean edges/node:  1.170  mean count/edge: 17

Window=5 Iteration=7
Time for building model:         3 minutes 26 seconds
Time for sampling (singles):     23 seconds
DAG statistics
mean edges/level: 12     max edges/level: 46
mean edges/node:  1.159  mean count/edge: 14

Window=5 Iteration=8
Time for building model:         3 minutes 17 seconds
Time for sampling (singles):     18 seconds
DAG statistics
mean edges/level: 11     max edges/level: 39
mean edges/node:  1.167  mean count/edge: 15

Window=5 Iteration=9
Time for building model:         3 minutes 33 seconds
Time for sampling (singles):     15 seconds
DAG statistics
mean edges/level: 9      max edges/level: 51
mean edges/node:  1.173  mean count/edge: 19

Window=5 Iteration=10
Time for building model:         2 minutes 44 seconds
Time for sampling (singles):     26 seconds
DAG statistics
mean edges/level: 9      max edges/level: 36
mean edges/node:  1.178  mean count/edge: 19

Starting phasing iterations

Window=5 Iteration=11
Time for building model:         1 minute 9 seconds
Time for sampling (singles):     3 minutes 47 seconds
DAG statistics
mean edges/level: 19     max edges/level: 52
mean edges/node:  1.086  mean count/edge: 9

Window=5 Iteration=12
Time for building model:         44 seconds
Time for sampling (singles):     1 minute 34 seconds
DAG statistics
mean edges/level: 27     max edges/level: 51
mean edges/node:  1.061  mean count/edge: 6

Window=5 Iteration=13
Time for building model:         1 minute 27 seconds
Time for sampling (singles):     2 minutes 27 seconds
DAG statistics
mean edges/level: 31     max edges/level: 60
mean edges/node:  1.047  mean count/edge: 5

Window=5 Iteration=14
Time for building model:         1 minute 24 seconds
Time for sampling (singles):     2 minutes 16 seconds
DAG statistics
mean edges/level: 35     max edges/level: 58
mean edges/node:  1.039  mean count/edge: 5

Window=5 Iteration=15
Time for building model:         1 minute 8 seconds
Time for sampling (singles):     2 minutes 12 seconds
DAG statistics
mean edges/level: 37     max edges/level: 60
mean edges/node:  1.034  mean count/edge: 5

Window 6 [ NC_037342.1:45366770-49475471 ]
target markers:      50000

Starting burn-in iterations

Window=6 Iteration=1
Time for building model:         1 minute 40 seconds
Time for sampling (singles):     4 seconds
DAG statistics
mean edges/level: 5      max edges/level: 48
mean edges/node:  1.616  mean count/edge: 34

Window=6 Iteration=2
Time for building model:         1 minute 40 seconds
Time for sampling (singles):     5 seconds
DAG statistics
mean edges/level: 5      max edges/level: 22
mean edges/node:  1.713  mean count/edge: 34

Window=6 Iteration=3
Time for building model:         1 minute 39 seconds
Time for sampling (singles):     8 seconds
DAG statistics
mean edges/level: 6      max edges/level: 49
mean edges/node:  1.468  mean count/edge: 28

Window=6 Iteration=4
Time for building model:         1 minute 36 seconds
Time for sampling (singles):     6 seconds
DAG statistics
mean edges/level: 5      max edges/level: 22
mean edges/node:  1.526  mean count/edge: 34

Window=6 Iteration=5
Time for building model:         1 minute 45 seconds
Time for sampling (singles):     7 seconds
DAG statistics
mean edges/level: 6      max edges/level: 50
mean edges/node:  1.381  mean count/edge: 28

Window=6 Iteration=6
Time for building model:         2 minutes 1 second
Time for sampling (singles):     6 seconds
DAG statistics
mean edges/level: 5      max edges/level: 23
mean edges/node:  1.450  mean count/edge: 34

Window=6 Iteration=7
Time for building model:         1 minute 56 seconds
Time for sampling (singles):     7 seconds
DAG statistics
mean edges/level: 6      max edges/level: 49
mean edges/node:  1.345  mean count/edge: 28

Window=6 Iteration=8
Time for building model:         1 minute 44 seconds
Time for sampling (singles):     5 seconds
DAG statistics
mean edges/level: 5      max edges/level: 24
mean edges/node:  1.417  mean count/edge: 34

Window=6 Iteration=9
Time for building model:         1 minute 59 seconds
Time for sampling (singles):     10 seconds
DAG statistics
mean edges/level: 6      max edges/level: 48
mean edges/node:  1.325  mean count/edge: 28

Window=6 Iteration=10
Time for building model:         2 minutes 17 seconds
Time for sampling (singles):     8 seconds
DAG statistics
mean edges/level: 5      max edges/level: 21
mean edges/node:  1.395  mean count/edge: 34

Starting phasing iterations

Window=6 Iteration=11
Time for building model:         1 minute 4 seconds
Time for sampling (singles):     5 minutes 5 seconds
DAG statistics
mean edges/level: 8      max edges/level: 48
mean edges/node:  1.304  mean count/edge: 21

Window=6 Iteration=12
Time for building model:         1 minute 35 seconds
Time for sampling (singles):     5 minutes 21 seconds
DAG statistics
mean edges/level: 8      max edges/level: 26
mean edges/node:  1.362  mean count/edge: 21

Window=6 Iteration=13
Time for building model:         2 minutes 9 seconds
Time for sampling (singles):     6 minutes 10 seconds
DAG statistics
mean edges/level: 11     max edges/level: 48
mean edges/node:  1.281  mean count/edge: 15

Window=6 Iteration=14
Time for building model:         1 minute 47 seconds
Time for sampling (singles):     6 minutes 1 second
DAG statistics
mean edges/level: 16     max edges/level: 52
mean edges/node:  1.186  mean count/edge: 11

Window=6 Iteration=15
Time for building model:         1 minute 38 seconds
Time for sampling (singles):     4 minutes 23 seconds
DAG statistics
mean edges/level: 19     max edges/level: 54
mean edges/node:  1.151  mean count/edge: 9

Window 7 [ NC_037342.1:49144514-56442557 ]
target markers:      50000

Starting burn-in iterations

Window=7 Iteration=1
Time for building model:         1 minute 52 seconds
Time for sampling (singles):     7 seconds
DAG statistics
mean edges/level: 7      max edges/level: 28
mean edges/node:  1.752  mean count/edge: 24

Window=7 Iteration=2
Time for building model:         2 minutes 8 seconds
Time for sampling (singles):     15 seconds
DAG statistics
mean edges/level: 8      max edges/level: 27
mean edges/node:  1.546  mean count/edge: 21

Window=7 Iteration=3
Time for building model:         1 minute 39 seconds
Time for sampling (singles):     7 seconds
DAG statistics
mean edges/level: 6      max edges/level: 29
mean edges/node:  1.377  mean count/edge: 28

Window=7 Iteration=4
Time for building model:         2 minutes 19 seconds
Time for sampling (singles):     13 seconds
DAG statistics
mean edges/level: 7      max edges/level: 35
mean edges/node:  1.291  mean count/edge: 24

Window=7 Iteration=5
Time for building model:         1 minute 37 seconds
Time for sampling (singles):     8 seconds
DAG statistics
mean edges/level: 6      max edges/level: 28
mean edges/node:  1.283  mean count/edge: 28

Window=7 Iteration=6
Time for building model:         1 minute 57 seconds
Time for sampling (singles):     20 seconds
DAG statistics
mean edges/level: 10     max edges/level: 41
mean edges/node:  1.212  mean count/edge: 17

Window=7 Iteration=7
Time for building model:         1 minute 39 seconds
Time for sampling (singles):     9 seconds
DAG statistics
mean edges/level: 7      max edges/level: 29
mean edges/node:  1.253  mean count/edge: 24

Window=7 Iteration=8
Time for building model:         1 minute 39 seconds
Time for sampling (singles):     19 seconds
DAG statistics
mean edges/level: 11     max edges/level: 44
mean edges/node:  1.193  mean count/edge: 15

Window=7 Iteration=9
Time for building model:         1 minute 54 seconds
Time for sampling (singles):     6 seconds
DAG statistics
mean edges/level: 7      max edges/level: 27
mean edges/node:  1.241  mean count/edge: 24

Window=7 Iteration=10
Time for building model:         2 minutes 8 seconds
Time for sampling (singles):     14 seconds
DAG statistics
mean edges/level: 8      max edges/level: 46
mean edges/node:  1.223  mean count/edge: 21

Starting phasing iterations

Window=7 Iteration=11
Time for building model:         49 seconds
Time for sampling (singles):     3 minutes 25 seconds
DAG statistics
mean edges/level: 8      max edges/level: 28
mean edges/node:  1.235  mean count/edge: 21

Window=7 Iteration=12
Time for building model:         1 minute 8 seconds
Time for sampling (singles):     3 minutes 45 seconds
DAG statistics
mean edges/level: 17     max edges/level: 46
mean edges/node:  1.128  mean count/edge: 10

Window=7 Iteration=13
Time for building model:         48 seconds
Time for sampling (singles):     2 minutes 44 seconds
DAG statistics
mean edges/level: 9      max edges/level: 31
mean edges/node:  1.223  mean count/edge: 19

Window=7 Iteration=14
Time for building model:         1 minute 1 second
Time for sampling (singles):     2 minutes 5 seconds
DAG statistics
mean edges/level: 21     max edges/level: 46
mean edges/node:  1.105  mean count/edge: 8

Window=7 Iteration=15
Time for building model:         57 seconds
Time for sampling (singles):     1 minute 26 seconds
DAG statistics
mean edges/level: 25     max edges/level: 52
mean edges/node:  1.076  mean count/edge: 7

Window 8 [ NC_037342.1:55949391-63662087 ]
target markers:      50000

Starting burn-in iterations

Window=8 Iteration=1
Time for building model:         44 seconds
Time for sampling (singles):     12 seconds
DAG statistics
mean edges/level: 10     max edges/level: 51
mean edges/node:  1.593  mean count/edge: 17

Window=8 Iteration=2
Time for building model:         38 seconds
Time for sampling (singles):     9 seconds
DAG statistics
mean edges/level: 8      max edges/level: 25
mean edges/node:  1.519  mean count/edge: 21

Window=8 Iteration=3
Time for building model:         1 minute 0 seconds
Time for sampling (singles):     10 seconds
DAG statistics
mean edges/level: 9      max edges/level: 49
mean edges/node:  1.260  mean count/edge: 19

Window=8 Iteration=4
Time for building model:         1 minute 20 seconds
Time for sampling (singles):     9 seconds
DAG statistics
mean edges/level: 7      max edges/level: 30
mean edges/node:  1.236  mean count/edge: 24

Window=8 Iteration=5
Time for building model:         1 minute 31 seconds
Time for sampling (singles):     13 seconds
DAG statistics
mean edges/level: 9      max edges/level: 51
mean edges/node:  1.186  mean count/edge: 19

Window=8 Iteration=6
Time for building model:         1 minute 2 seconds
Time for sampling (singles):     14 seconds
DAG statistics
mean edges/level: 8      max edges/level: 34
mean edges/node:  1.192  mean count/edge: 21

Window=8 Iteration=7
Time for building model:         58 seconds
Time for sampling (singles):     16 seconds
DAG statistics
mean edges/level: 10     max edges/level: 49
mean edges/node:  1.159  mean count/edge: 17

Window=8 Iteration=8
Time for building model:         1 minute 18 seconds
Time for sampling (singles):     29 seconds
DAG statistics
mean edges/level: 11     max edges/level: 45
mean edges/node:  1.158  mean count/edge: 15

Window=8 Iteration=9
Time for building model:         40 seconds
Time for sampling (singles):     14 seconds
DAG statistics
mean edges/level: 9      max edges/level: 51
mean edges/node:  1.158  mean count/edge: 19

Window=8 Iteration=10
Time for building model:         1 minute 9 seconds
Time for sampling (singles):     24 seconds
DAG statistics
mean edges/level: 13     max edges/level: 40
mean edges/node:  1.147  mean count/edge: 13

Starting phasing iterations

Window=8 Iteration=11
Time for building model:         47 seconds
Time for sampling (singles):     2 minutes 24 seconds
DAG statistics
mean edges/level: 14     max edges/level: 51
mean edges/node:  1.097  mean count/edge: 12

Window=8 Iteration=12
Time for building model:         1 minute 16 seconds
Time for sampling (singles):     1 minute 13 seconds
DAG statistics
mean edges/level: 26     max edges/level: 53
mean edges/node:  1.064  mean count/edge: 7

Window=8 Iteration=13
Time for building model:         11 seconds
Time for sampling (singles):     41 seconds
DAG statistics
mean edges/level: 12     max edges/level: 52
mean edges/node:  1.099  mean count/edge: 14

Window=8 Iteration=14
Time for building model:         6 seconds
Time for sampling (singles):     47 seconds
DAG statistics
mean edges/level: 27     max edges/level: 56
mean edges/node:  1.058  mean count/edge: 6

Window=8 Iteration=15
Time for building model:         17 seconds
Time for sampling (singles):     10 seconds
DAG statistics
mean edges/level: 33     max edges/level: 57
mean edges/node:  1.040  mean count/edge: 5

Window 9 [ NC_037342.1:63091892-70262949 ]
target markers:      50000

Starting burn-in iterations

Window=9 Iteration=1
Time for building model:         3 seconds
Time for sampling (singles):     8 seconds
DAG statistics
mean edges/level: 9      max edges/level: 45
mean edges/node:  1.630  mean count/edge: 19

Window=9 Iteration=2
Time for building model:         16 seconds
Time for sampling (singles):     18 seconds
DAG statistics
mean edges/level: 13     max edges/level: 47
mean edges/node:  1.383  mean count/edge: 13

Window=9 Iteration=3
Time for building model:         15 seconds
Time for sampling (singles):     10 seconds
DAG statistics
mean edges/level: 9      max edges/level: 44
mean edges/node:  1.248  mean count/edge: 19

Window=9 Iteration=4
Time for building model:         4 seconds
Time for sampling (singles):     18 seconds
DAG statistics
mean edges/level: 11     max edges/level: 46
mean edges/node:  1.190  mean count/edge: 15

Window=9 Iteration=5
Time for building model:         2 seconds
Time for sampling (singles):     7 seconds
DAG statistics
mean edges/level: 8      max edges/level: 49
mean edges/node:  1.184  mean count/edge: 21

Window=9 Iteration=6
Time for building model:         56 seconds
Time for sampling (singles):     24 seconds
DAG statistics
mean edges/level: 14     max edges/level: 40
mean edges/node:  1.153  mean count/edge: 12

Window=9 Iteration=7
Time for building model:         55 seconds
Time for sampling (singles):     35 seconds
DAG statistics
mean edges/level: 17     max edges/level: 49
mean edges/node:  1.112  mean count/edge: 10

Window=9 Iteration=8
Time for building model:         1 minute 24 seconds
Time for sampling (singles):     41 seconds
DAG statistics
mean edges/level: 18     max edges/level: 46
mean edges/node:  1.094  mean count/edge: 9

Window=9 Iteration=9
Time for building model:         1 minute 54 seconds
Time for sampling (singles):     42 seconds
DAG statistics
mean edges/level: 19     max edges/level: 52
mean edges/node:  1.082  mean count/edge: 9

Window=9 Iteration=10
Time for building model:         1 minute 37 seconds
Time for sampling (singles):     1 minute 2 seconds
DAG statistics
mean edges/level: 19     max edges/level: 52
mean edges/node:  1.079  mean count/edge: 9

Starting phasing iterations

Window=9 Iteration=11
Time for building model:         29 seconds
Time for sampling (singles):     1 minute 57 seconds
DAG statistics
mean edges/level: 12     max edges/level: 50
mean edges/node:  1.112  mean count/edge: 14

Window=9 Iteration=12
Time for building model:         45 seconds
Time for sampling (singles):     1 minute 19 seconds
DAG statistics
mean edges/level: 21     max edges/level: 46
mean edges/node:  1.078  mean count/edge: 8

Window=9 Iteration=13
Time for building model:         41 seconds
Time for sampling (singles):     1 minute 26 seconds
DAG statistics
mean edges/level: 30     max edges/level: 56
mean edges/node:  1.050  mean count/edge: 6

Window=9 Iteration=14
Time for building model:         40 seconds
Time for sampling (singles):     1 minute 3 seconds
DAG statistics
mean edges/level: 34     max edges/level: 59
mean edges/node:  1.037  mean count/edge: 5

Window=9 Iteration=15
Time for building model:         27 seconds
Time for sampling (singles):     33 seconds
DAG statistics
mean edges/level: 38     max edges/level: 58
mean edges/node:  1.031  mean count/edge: 4

Window 10 [ NC_037342.1:69866732-76323869 ]
target markers:      50000

Starting burn-in iterations

Window=10 Iteration=1
Time for building model:         31 seconds
Time for sampling (singles):     22 seconds
DAG statistics
mean edges/level: 10     max edges/level: 48
mean edges/node:  1.566  mean count/edge: 17

Window=10 Iteration=2
Time for building model:         16 seconds
Time for sampling (singles):     17 seconds
DAG statistics
mean edges/level: 10     max edges/level: 31
mean edges/node:  1.490  mean count/edge: 17

Window=10 Iteration=3
Time for building model:         8 seconds
Time for sampling (singles):     16 seconds
DAG statistics
mean edges/level: 11     max edges/level: 47
mean edges/node:  1.239  mean count/edge: 15

Window=10 Iteration=4
Time for building model:         23 seconds
Time for sampling (singles):     31 seconds
DAG statistics
mean edges/level: 15     max edges/level: 50
mean edges/node:  1.160  mean count/edge: 11

Window=10 Iteration=5
Time for building model:         1 minute 12 seconds
Time for sampling (singles):     35 seconds
DAG statistics
mean edges/level: 17     max edges/level: 49
mean edges/node:  1.116  mean count/edge: 10

Window=10 Iteration=6
Time for building model:         1 minute 3 seconds
Time for sampling (singles):     22 seconds
DAG statistics
mean edges/level: 11     max edges/level: 49
mean edges/node:  1.143  mean count/edge: 15

Window=10 Iteration=7
Time for building model:         1 minute 37 seconds
Time for sampling (singles):     21 seconds
DAG statistics
mean edges/level: 12     max edges/level: 50
mean edges/node:  1.147  mean count/edge: 14

Window=10 Iteration=8
Time for building model:         1 minute 14 seconds
Time for sampling (singles):     43 seconds
DAG statistics
mean edges/level: 17     max edges/level: 48
mean edges/node:  1.118  mean count/edge: 10

Window=10 Iteration=9
Time for building model:         54 seconds
Time for sampling (singles):     36 seconds
DAG statistics
mean edges/level: 14     max edges/level: 53
mean edges/node:  1.107  mean count/edge: 12

Window=10 Iteration=10
Time for building model:         31 seconds
Time for sampling (singles):     28 seconds
DAG statistics
mean edges/level: 11     max edges/level: 44
mean edges/node:  1.157  mean count/edge: 15

Starting phasing iterations

Window=10 Iteration=11
Time for building model:         25 seconds
Time for sampling (singles):     2 minutes 12 seconds
DAG statistics
mean edges/level: 26     max edges/level: 51
mean edges/node:  1.059  mean count/edge: 7

Window=10 Iteration=12
Time for building model:         39 seconds
Time for sampling (singles):     38 seconds
DAG statistics
mean edges/level: 31     max edges/level: 57
mean edges/node:  1.046  mean count/edge: 5

Window=10 Iteration=13
Time for building model:         13 seconds
Time for sampling (singles):     17 seconds
DAG statistics
mean edges/level: 35     max edges/level: 56
mean edges/node:  1.037  mean count/edge: 5

Window=10 Iteration=14
Time for building model:         9 seconds
Time for sampling (singles):     16 seconds
DAG statistics
mean edges/level: 38     max edges/level: 57
mean edges/node:  1.032  mean count/edge: 4

Window=10 Iteration=15
Time for building model:         7 seconds
Time for sampling (singles):     12 seconds
DAG statistics
mean edges/level: 40     max edges/level: 65
mean edges/node:  1.028  mean count/edge: 4

Window 11 [ NC_037342.1:75757179-81107820 ]
target markers:      50000

Starting burn-in iterations

Window=11 Iteration=1
Time for building model:         4 seconds
Time for sampling (singles):     8 seconds
DAG statistics
mean edges/level: 7      max edges/level: 57
mean edges/node:  1.615  mean count/edge: 24

Window=11 Iteration=2
Time for building model:         4 seconds
Time for sampling (singles):     9 seconds
DAG statistics
mean edges/level: 7      max edges/level: 28
mean edges/node:  1.637  mean count/edge: 24

Window=11 Iteration=3
Time for building model:         5 seconds
Time for sampling (singles):     11 seconds
DAG statistics
mean edges/level: 8      max edges/level: 53
mean edges/node:  1.371  mean count/edge: 21

Window=11 Iteration=4
Time for building model:         3 seconds
Time for sampling (singles):     9 seconds
DAG statistics
mean edges/level: 7      max edges/level: 30
mean edges/node:  1.389  mean count/edge: 24

Window=11 Iteration=5
Time for building model:         5 seconds
Time for sampling (singles):     13 seconds
DAG statistics
mean edges/level: 8      max edges/level: 56
mean edges/node:  1.293  mean count/edge: 21

Window=11 Iteration=6
Time for building model:         4 seconds
Time for sampling (singles):     11 seconds
DAG statistics
mean edges/level: 7      max edges/level: 32
mean edges/node:  1.326  mean count/edge: 24

Window=11 Iteration=7
Time for building model:         8 seconds
Time for sampling (singles):     15 seconds
DAG statistics
mean edges/level: 9      max edges/level: 55
mean edges/node:  1.246  mean count/edge: 19

Window=11 Iteration=8
Time for building model:         13 seconds
Time for sampling (singles):     14 seconds
DAG statistics
mean edges/level: 7      max edges/level: 34
mean edges/node:  1.296  mean count/edge: 24

Window=11 Iteration=9
Time for building model:         44 seconds
Time for sampling (singles):     14 seconds
DAG statistics
mean edges/level: 9      max edges/level: 56
mean edges/node:  1.228  mean count/edge: 19

Window=11 Iteration=10
Time for building model:         51 seconds
Time for sampling (singles):     8 seconds
DAG statistics
mean edges/level: 7      max edges/level: 33
mean edges/node:  1.299  mean count/edge: 24

Starting phasing iterations

Window=11 Iteration=11
Time for building model:         15 seconds
Time for sampling (singles):     1 minute 33 seconds
DAG statistics
mean edges/level: 11     max edges/level: 54
mean edges/node:  1.195  mean count/edge: 15

Window=11 Iteration=12
Time for building model:         12 seconds
Time for sampling (singles):     12 seconds
DAG statistics
mean edges/level: 10     max edges/level: 41
mean edges/node:  1.233  mean count/edge: 17

Window=11 Iteration=13
Time for building model:         15 seconds
Time for sampling (singles):     20 seconds
DAG statistics
mean edges/level: 19     max edges/level: 51
mean edges/node:  1.136  mean count/edge: 9

Window=11 Iteration=14
Time for building model:         7 seconds
Time for sampling (singles):     17 seconds
DAG statistics
mean edges/level: 22     max edges/level: 53
mean edges/node:  1.111  mean count/edge: 8

Window=11 Iteration=15
Time for building model:         7 seconds
Time for sampling (singles):     17 seconds
DAG statistics
mean edges/level: 24     max edges/level: 54
mean edges/node:  1.096  mean count/edge: 7

Window 12 [ NC_037342.1:80665752-84991990 ]
target markers:      32239

Starting burn-in iterations

Window=12 Iteration=1
Time for building model:         2 seconds
Time for sampling (singles):     5 seconds
DAG statistics
mean edges/level: 8      max edges/level: 49
mean edges/node:  1.605  mean count/edge: 21

Window=12 Iteration=2
Time for building model:         2 seconds
Time for sampling (singles):     6 seconds
DAG statistics
mean edges/level: 7      max edges/level: 28
mean edges/node:  1.638  mean count/edge: 24

Window=12 Iteration=3
Time for building model:         3 seconds
Time for sampling (singles):     7 seconds
DAG statistics
mean edges/level: 9      max edges/level: 46
mean edges/node:  1.340  mean count/edge: 19

Window=12 Iteration=4
Time for building model:         2 seconds
Time for sampling (singles):     6 seconds
DAG statistics
mean edges/level: 6      max edges/level: 28
mean edges/node:  1.370  mean count/edge: 28

Window=12 Iteration=5
Time for building model:         3 seconds
Time for sampling (singles):     13 seconds
DAG statistics
mean edges/level: 10     max edges/level: 50
mean edges/node:  1.237  mean count/edge: 17

Window=12 Iteration=6
Time for building model:         2 seconds
Time for sampling (singles):     5 seconds
DAG statistics
mean edges/level: 6      max edges/level: 33
mean edges/node:  1.307  mean count/edge: 28

Window=12 Iteration=7
Time for building model:         40 seconds
Time for sampling (singles):     11 seconds
DAG statistics
mean edges/level: 10     max edges/level: 48
mean edges/node:  1.209  mean count/edge: 17

Window=12 Iteration=8
Time for building model:         26 seconds
Time for sampling (singles):     7 seconds
DAG statistics
mean edges/level: 7      max edges/level: 29
mean edges/node:  1.285  mean count/edge: 24

Window=12 Iteration=9
Time for building model:         8 seconds
Time for sampling (singles):     12 seconds
DAG statistics
mean edges/level: 11     max edges/level: 47
mean edges/node:  1.198  mean count/edge: 15

Window=12 Iteration=10
Time for building model:         16 seconds
Time for sampling (singles):     6 seconds
DAG statistics
mean edges/level: 7      max edges/level: 28
mean edges/node:  1.273  mean count/edge: 24

Starting phasing iterations

Window=12 Iteration=11
Time for building model:         11 seconds
Time for sampling (singles):     47 seconds
DAG statistics
mean edges/level: 15     max edges/level: 50
mean edges/node:  1.135  mean count/edge: 11

Window=12 Iteration=12
Time for building model:         15 seconds
Time for sampling (singles):     24 seconds
DAG statistics
mean edges/level: 8      max edges/level: 28
mean edges/node:  1.251  mean count/edge: 21

Window=12 Iteration=13
Time for building model:         3 seconds
Time for sampling (singles):     12 seconds
DAG statistics
mean edges/level: 19     max edges/level: 53
mean edges/node:  1.124  mean count/edge: 9

Window=12 Iteration=14
Time for building model:         3 seconds
Time for sampling (singles):     10 seconds
DAG statistics
mean edges/level: 23     max edges/level: 52
mean edges/node:  1.095  mean count/edge: 7

Window=12 Iteration=15
Time for building model:         4 seconds
Time for sampling (singles):     9 seconds
DAG statistics
mean edges/level: 26     max edges/level: 57
mean edges/node:  1.078  mean count/edge: 7

Number of markers:              549239
Total time for building model: 5 hours 29 minutes 56 seconds
Total time for sampling:       3 hours 39 minutes 3 seconds
Total run time:                9 hours 28 minutes 10 seconds

End time: 04:44 AM CEST on 05 Apr 2024
beagle.27Jan18.7e1.jar (version 4.1) finished
