beagle.27Jan18.7e1.jar (version 4.1)
Copyright (C) 2014-2015 Brian L. Browning
Enter "java -jar beagle.27Jan18.7e1.jar" for a summary of command line arguments.
Start time: 07:19 PM CEST on 04 Apr 2024

Command line: java -Xmx54613m -jar beagle.jar
  gl=results/gl/Bostau9_tragmain2_sites_variable_noindels_renamed_Tory.bcf.gz.NC_037330.1.vcf.gz
  chrom=NC_037330.1
  out=results/imputed/Bostau9_tragmain2_sites_variable_noindels_renamed_Tory.bcf.gz.NC_037330.1
  nthreads=6

No genetic map is specified: using 1 cM = 1 Mb

reference samples:       0
target samples:         85

Window 1 [ NC_037330.1:2668-10251922 ]
target markers:      50000

Starting burn-in iterations

Window=1 Iteration=1
Time for building model:         10 seconds
Time for sampling (singles):     10 seconds
DAG statistics
mean edges/level: 7      max edges/level: 23
mean edges/node:  1.769  mean count/edge: 24

Window=1 Iteration=2
Time for building model:         2 minutes 26 seconds
Time for sampling (singles):     27 seconds
DAG statistics
mean edges/level: 7      max edges/level: 26
mean edges/node:  1.541  mean count/edge: 24

Window=1 Iteration=3
Time for building model:         3 minutes 13 seconds
Time for sampling (singles):     10 seconds
DAG statistics
mean edges/level: 6      max edges/level: 23
mean edges/node:  1.340  mean count/edge: 28

Window=1 Iteration=4
Time for building model:         3 minutes 56 seconds
Time for sampling (singles):     41 seconds
DAG statistics
mean edges/level: 7      max edges/level: 39
mean edges/node:  1.264  mean count/edge: 24

Window=1 Iteration=5
Time for building model:         34 seconds
Time for sampling (singles):     13 seconds
DAG statistics
mean edges/level: 6      max edges/level: 27
mean edges/node:  1.249  mean count/edge: 28

Window=1 Iteration=6
Time for building model:         5 minutes 40 seconds
Time for sampling (singles):     13 seconds
DAG statistics
mean edges/level: 7      max edges/level: 32
mean edges/node:  1.227  mean count/edge: 24

Window=1 Iteration=7
Time for building model:         4 minutes 15 seconds
Time for sampling (singles):     39 seconds
DAG statistics
mean edges/level: 6      max edges/level: 23
mean edges/node:  1.231  mean count/edge: 28

Window=1 Iteration=8
Time for building model:         5 minutes 0 seconds
Time for sampling (singles):     26 seconds
DAG statistics
mean edges/level: 7      max edges/level: 37
mean edges/node:  1.216  mean count/edge: 24

Window=1 Iteration=9
Time for building model:         3 minutes 31 seconds
Time for sampling (singles):     28 seconds
DAG statistics
mean edges/level: 6      max edges/level: 24
mean edges/node:  1.222  mean count/edge: 28

Window=1 Iteration=10
Time for building model:         2 minutes 10 seconds
Time for sampling (singles):     14 seconds
DAG statistics
mean edges/level: 7      max edges/level: 33
mean edges/node:  1.211  mean count/edge: 24

Starting phasing iterations

Window=1 Iteration=11
Time for building model:         15 seconds
Time for sampling (singles):     4 minutes 43 seconds
DAG statistics
mean edges/level: 7      max edges/level: 27
mean edges/node:  1.208  mean count/edge: 24

Window=1 Iteration=12
Time for building model:         57 seconds
Time for sampling (singles):     3 minutes 22 seconds
DAG statistics
mean edges/level: 9      max edges/level: 37
mean edges/node:  1.179  mean count/edge: 19

Window=1 Iteration=13
Time for building model:         1 minute 34 seconds
Time for sampling (singles):     4 minutes 55 seconds
DAG statistics
mean edges/level: 20     max edges/level: 44
mean edges/node:  1.095  mean count/edge: 9

Window=1 Iteration=14
Time for building model:         1 minute 53 seconds
Time for sampling (singles):     4 minutes 33 seconds
DAG statistics
mean edges/level: 24     max edges/level: 49
mean edges/node:  1.067  mean count/edge: 7

Window=1 Iteration=15
Time for building model:         21 seconds
Time for sampling (singles):     3 minutes 38 seconds
DAG statistics
mean edges/level: 28     max edges/level: 55
mean edges/node:  1.052  mean count/edge: 6

Window 2 [ NC_037330.1:9787555-18137229 ]
target markers:      50000

Starting burn-in iterations

Window=2 Iteration=1
Time for building model:         3 minutes 13 seconds
Time for sampling (singles):     30 seconds
DAG statistics
mean edges/level: 7      max edges/level: 44
mean edges/node:  1.643  mean count/edge: 24

Window=2 Iteration=2
Time for building model:         2 minutes 28 seconds
Time for sampling (singles):     19 seconds
DAG statistics
mean edges/level: 6      max edges/level: 28
mean edges/node:  1.580  mean count/edge: 28

Window=2 Iteration=3
Time for building model:         2 minutes 51 seconds
Time for sampling (singles):     14 seconds
DAG statistics
mean edges/level: 7      max edges/level: 41
mean edges/node:  1.328  mean count/edge: 24

Window=2 Iteration=4
Time for building model:         4 minutes 6 seconds
Time for sampling (singles):     17 seconds
DAG statistics
mean edges/level: 6      max edges/level: 31
mean edges/node:  1.320  mean count/edge: 28

Window=2 Iteration=5
Time for building model:         5 minutes 51 seconds
Time for sampling (singles):     34 seconds
DAG statistics
mean edges/level: 6      max edges/level: 43
mean edges/node:  1.265  mean count/edge: 28

Window=2 Iteration=6
Time for building model:         3 minutes 29 seconds
Time for sampling (singles):     12 seconds
DAG statistics
mean edges/level: 6      max edges/level: 35
mean edges/node:  1.276  mean count/edge: 28

Window=2 Iteration=7
Time for building model:         5 minutes 8 seconds
Time for sampling (singles):     9 seconds
DAG statistics
mean edges/level: 7      max edges/level: 43
mean edges/node:  1.228  mean count/edge: 24

Window=2 Iteration=8
Time for building model:         5 minutes 31 seconds
Time for sampling (singles):     12 seconds
DAG statistics
mean edges/level: 6      max edges/level: 32
mean edges/node:  1.256  mean count/edge: 28

Window=2 Iteration=9
Time for building model:         6 minutes 32 seconds
Time for sampling (singles):     32 seconds
DAG statistics
mean edges/level: 7      max edges/level: 42
mean edges/node:  1.228  mean count/edge: 24

Window=2 Iteration=10
Time for building model:         5 minutes 4 seconds
Time for sampling (singles):     17 seconds
DAG statistics
mean edges/level: 7      max edges/level: 38
mean edges/node:  1.239  mean count/edge: 24

Starting phasing iterations

Window=2 Iteration=11
Time for building model:         2 minutes 6 seconds
Time for sampling (singles):     6 minutes 51 seconds
DAG statistics
mean edges/level: 10     max edges/level: 42
mean edges/node:  1.178  mean count/edge: 17

Window=2 Iteration=12
Time for building model:         2 minutes 57 seconds
Time for sampling (singles):     7 minutes 21 seconds
DAG statistics
mean edges/level: 13     max edges/level: 43
mean edges/node:  1.154  mean count/edge: 13

Window=2 Iteration=13
Time for building model:         2 minutes 54 seconds
Time for sampling (singles):     7 minutes 40 seconds
DAG statistics
mean edges/level: 11     max edges/level: 46
mean edges/node:  1.176  mean count/edge: 15

Window=2 Iteration=14
Time for building model:         3 minutes 8 seconds
Time for sampling (singles):     9 minutes 31 seconds
DAG statistics
mean edges/level: 16     max edges/level: 44
mean edges/node:  1.128  mean count/edge: 11

Window=2 Iteration=15
Time for building model:         1 minute 57 seconds
Time for sampling (singles):     6 minutes 30 seconds
DAG statistics
mean edges/level: 22     max edges/level: 48
mean edges/node:  1.087  mean count/edge: 8

Window 3 [ NC_037330.1:17753621-26684620 ]
target markers:      50000

Starting burn-in iterations

Window=3 Iteration=1
Time for building model:         5 minutes 14 seconds
Time for sampling (singles):     15 seconds
DAG statistics
mean edges/level: 8      max edges/level: 43
mean edges/node:  1.654  mean count/edge: 21

Window=3 Iteration=2
Time for building model:         5 minutes 18 seconds
Time for sampling (singles):     18 seconds
DAG statistics
mean edges/level: 7      max edges/level: 32
mean edges/node:  1.531  mean count/edge: 24

Window=3 Iteration=3
Time for building model:         4 minutes 53 seconds
Time for sampling (singles):     27 seconds
DAG statistics
mean edges/level: 8      max edges/level: 46
mean edges/node:  1.288  mean count/edge: 21

Window=3 Iteration=4
Time for building model:         5 minutes 14 seconds
Time for sampling (singles):     17 seconds
DAG statistics
mean edges/level: 9      max edges/level: 37
mean edges/node:  1.232  mean count/edge: 19

Window=3 Iteration=5
Time for building model:         5 minutes 39 seconds
Time for sampling (singles):     18 seconds
DAG statistics
mean edges/level: 8      max edges/level: 43
mean edges/node:  1.205  mean count/edge: 21

Window=3 Iteration=6
Time for building model:         5 minutes 25 seconds
Time for sampling (singles):     44 seconds
DAG statistics
mean edges/level: 8      max edges/level: 37
mean edges/node:  1.206  mean count/edge: 21

Window=3 Iteration=7
Time for building model:         5 minutes 54 seconds
Time for sampling (singles):     1 minute 0 seconds
DAG statistics
mean edges/level: 9      max edges/level: 43
mean edges/node:  1.189  mean count/edge: 19

Window=3 Iteration=8
Time for building model:         6 minutes 53 seconds
Time for sampling (singles):     32 seconds
DAG statistics
mean edges/level: 10     max edges/level: 38
mean edges/node:  1.183  mean count/edge: 17

Window=3 Iteration=9
Time for building model:         5 minutes 28 seconds
Time for sampling (singles):     15 seconds
DAG statistics
mean edges/level: 9      max edges/level: 47
mean edges/node:  1.180  mean count/edge: 19

Window=3 Iteration=10
Time for building model:         4 minutes 39 seconds
Time for sampling (singles):     44 seconds
DAG statistics
mean edges/level: 10     max edges/level: 40
mean edges/node:  1.175  mean count/edge: 17

Starting phasing iterations

Window=3 Iteration=11
Time for building model:         2 minutes 17 seconds
Time for sampling (singles):     6 minutes 39 seconds
DAG statistics
mean edges/level: 12     max edges/level: 45
mean edges/node:  1.135  mean count/edge: 14

Window=3 Iteration=12
Time for building model:         3 minutes 3 seconds
Time for sampling (singles):     6 minutes 13 seconds
DAG statistics
mean edges/level: 12     max edges/level: 45
mean edges/node:  1.137  mean count/edge: 14

Window=3 Iteration=13
Time for building model:         2 minutes 1 second
Time for sampling (singles):     4 minutes 41 seconds
DAG statistics
mean edges/level: 11     max edges/level: 47
mean edges/node:  1.146  mean count/edge: 15

Window=3 Iteration=14
Time for building model:         1 minute 58 seconds
Time for sampling (singles):     4 minutes 1 second
DAG statistics
mean edges/level: 23     max edges/level: 47
mean edges/node:  1.082  mean count/edge: 7

Window=3 Iteration=15
Time for building model:         1 minute 41 seconds
Time for sampling (singles):     3 minutes 58 seconds
DAG statistics
mean edges/level: 27     max edges/level: 54
mean edges/node:  1.060  mean count/edge: 6

Window 4 [ NC_037330.1:26270299-34925513 ]
target markers:      50000

Starting burn-in iterations

Window=4 Iteration=1
Time for building model:         2 minutes 57 seconds
Time for sampling (singles):     24 seconds
DAG statistics
mean edges/level: 9      max edges/level: 48
mean edges/node:  1.620  mean count/edge: 19

Window=4 Iteration=2
Time for building model:         2 minutes 40 seconds
Time for sampling (singles):     27 seconds
DAG statistics
mean edges/level: 8      max edges/level: 31
mean edges/node:  1.521  mean count/edge: 21

Window=4 Iteration=3
Time for building model:         2 minutes 13 seconds
Time for sampling (singles):     8 seconds
DAG statistics
mean edges/level: 8      max edges/level: 50
mean edges/node:  1.279  mean count/edge: 21

Window=4 Iteration=4
Time for building model:         2 minutes 22 seconds
Time for sampling (singles):     10 seconds
DAG statistics
mean edges/level: 8      max edges/level: 46
mean edges/node:  1.249  mean count/edge: 21

Window=4 Iteration=5
Time for building model:         2 minutes 1 second
Time for sampling (singles):     12 seconds
DAG statistics
mean edges/level: 9      max edges/level: 50
mean edges/node:  1.201  mean count/edge: 19

Window=4 Iteration=6
Time for building model:         2 minutes 18 seconds
Time for sampling (singles):     20 seconds
DAG statistics
mean edges/level: 8      max edges/level: 41
mean edges/node:  1.214  mean count/edge: 21

Window=4 Iteration=7
Time for building model:         2 minutes 13 seconds
Time for sampling (singles):     34 seconds
DAG statistics
mean edges/level: 10     max edges/level: 48
mean edges/node:  1.176  mean count/edge: 17

Window=4 Iteration=8
Time for building model:         3 minutes 31 seconds
Time for sampling (singles):     23 seconds
DAG statistics
mean edges/level: 8      max edges/level: 37
mean edges/node:  1.200  mean count/edge: 21

Window=4 Iteration=9
Time for building model:         3 minutes 24 seconds
Time for sampling (singles):     49 seconds
DAG statistics
mean edges/level: 10     max edges/level: 48
mean edges/node:  1.168  mean count/edge: 17

Window=4 Iteration=10
Time for building model:         3 minutes 14 seconds
Time for sampling (singles):     20 seconds
DAG statistics
mean edges/level: 8      max edges/level: 38
mean edges/node:  1.194  mean count/edge: 21

Starting phasing iterations

Window=4 Iteration=11
Time for building model:         1 minute 46 seconds
Time for sampling (singles):     5 minutes 38 seconds
DAG statistics
mean edges/level: 21     max edges/level: 52
mean edges/node:  1.088  mean count/edge: 8

Window=4 Iteration=12
Time for building model:         2 minutes 17 seconds
Time for sampling (singles):     5 minutes 5 seconds
DAG statistics
mean edges/level: 27     max edges/level: 54
mean edges/node:  1.064  mean count/edge: 6

Window=4 Iteration=13
Time for building model:         2 minutes 24 seconds
Time for sampling (singles):     5 minutes 36 seconds
DAG statistics
mean edges/level: 31     max edges/level: 57
mean edges/node:  1.049  mean count/edge: 5

Window=4 Iteration=14
Time for building model:         1 minute 42 seconds
Time for sampling (singles):     5 minutes 23 seconds
DAG statistics
mean edges/level: 34     max edges/level: 57
mean edges/node:  1.041  mean count/edge: 5

Window=4 Iteration=15
Time for building model:         2 minutes 25 seconds
Time for sampling (singles):     4 minutes 21 seconds
DAG statistics
mean edges/level: 37     max edges/level: 59
mean edges/node:  1.036  mean count/edge: 5

Window 5 [ NC_037330.1:34324615-44455445 ]
target markers:      50000

Starting burn-in iterations

Window=5 Iteration=1
Time for building model:         4 minutes 56 seconds
Time for sampling (singles):     43 seconds
DAG statistics
mean edges/level: 9      max edges/level: 55
mean edges/node:  1.614  mean count/edge: 19

Window=5 Iteration=2
Time for building model:         3 minutes 12 seconds
Time for sampling (singles):     32 seconds
DAG statistics
mean edges/level: 9      max edges/level: 28
mean edges/node:  1.483  mean count/edge: 19

Window=5 Iteration=3
Time for building model:         2 minutes 44 seconds
Time for sampling (singles):     7 seconds
DAG statistics
mean edges/level: 8      max edges/level: 51
mean edges/node:  1.245  mean count/edge: 21

Window=5 Iteration=4
Time for building model:         2 minutes 24 seconds
Time for sampling (singles):     15 seconds
DAG statistics
mean edges/level: 8      max edges/level: 34
mean edges/node:  1.209  mean count/edge: 21

Window=5 Iteration=5
Time for building model:         3 minutes 15 seconds
Time for sampling (singles):     25 seconds
DAG statistics
mean edges/level: 12     max edges/level: 53
mean edges/node:  1.158  mean count/edge: 14

Window=5 Iteration=6
Time for building model:         2 minutes 28 seconds
Time for sampling (singles):     29 seconds
DAG statistics
mean edges/level: 8      max edges/level: 33
mean edges/node:  1.169  mean count/edge: 21

Window=5 Iteration=7
Time for building model:         2 minutes 40 seconds
Time for sampling (singles):     16 seconds
DAG statistics
mean edges/level: 9      max edges/level: 55
mean edges/node:  1.154  mean count/edge: 19

Window=5 Iteration=8
Time for building model:         2 minutes 29 seconds
Time for sampling (singles):     11 seconds
DAG statistics
mean edges/level: 8      max edges/level: 34
mean edges/node:  1.168  mean count/edge: 21

Window=5 Iteration=9
Time for building model:         2 minutes 36 seconds
Time for sampling (singles):     14 seconds
DAG statistics
mean edges/level: 10     max edges/level: 51
mean edges/node:  1.146  mean count/edge: 17

Window=5 Iteration=10
Time for building model:         2 minutes 33 seconds
Time for sampling (singles):     29 seconds
DAG statistics
mean edges/level: 9      max edges/level: 38
mean edges/node:  1.156  mean count/edge: 19

Starting phasing iterations

Window=5 Iteration=11
Time for building model:         57 seconds
Time for sampling (singles):     3 minutes 28 seconds
DAG statistics
mean edges/level: 13     max edges/level: 51
mean edges/node:  1.101  mean count/edge: 13

Window=5 Iteration=12
Time for building model:         1 minute 4 seconds
Time for sampling (singles):     4 minutes 29 seconds
DAG statistics
mean edges/level: 11     max edges/level: 46
mean edges/node:  1.114  mean count/edge: 15

Window=5 Iteration=13
Time for building model:         1 minute 13 seconds
Time for sampling (singles):     3 minutes 36 seconds
DAG statistics
mean edges/level: 24     max edges/level: 53
mean edges/node:  1.064  mean count/edge: 7

Window=5 Iteration=14
Time for building model:         1 minute 22 seconds
Time for sampling (singles):     2 minutes 32 seconds
DAG statistics
mean edges/level: 29     max edges/level: 52
mean edges/node:  1.044  mean count/edge: 6

Window=5 Iteration=15
Time for building model:         1 minute 13 seconds
Time for sampling (singles):     2 minutes 12 seconds
DAG statistics
mean edges/level: 32     max edges/level: 54
mean edges/node:  1.035  mean count/edge: 5

Window 6 [ NC_037330.1:43998578-53498973 ]
target markers:      50000

Starting burn-in iterations

Window=6 Iteration=1
Time for building model:         1 minute 41 seconds
Time for sampling (singles):     10 seconds
DAG statistics
mean edges/level: 10     max edges/level: 51
mean edges/node:  1.592  mean count/edge: 17

Window=6 Iteration=2
Time for building model:         1 minute 56 seconds
Time for sampling (singles):     15 seconds
DAG statistics
mean edges/level: 10     max edges/level: 30
mean edges/node:  1.478  mean count/edge: 17

Window=6 Iteration=3
Time for building model:         1 minute 42 seconds
Time for sampling (singles):     17 seconds
DAG statistics
mean edges/level: 10     max edges/level: 51
mean edges/node:  1.233  mean count/edge: 17

Window=6 Iteration=4
Time for building model:         1 minute 31 seconds
Time for sampling (singles):     12 seconds
DAG statistics
mean edges/level: 8      max edges/level: 32
mean edges/node:  1.222  mean count/edge: 21

Window=6 Iteration=5
Time for building model:         1 minute 41 seconds
Time for sampling (singles):     14 seconds
DAG statistics
mean edges/level: 9      max edges/level: 51
mean edges/node:  1.179  mean count/edge: 19

Window=6 Iteration=6
Time for building model:         45 seconds
Time for sampling (singles):     14 seconds
DAG statistics
mean edges/level: 8      max edges/level: 34
mean edges/node:  1.194  mean count/edge: 21

Window=6 Iteration=7
Time for building model:         2 minutes 14 seconds
Time for sampling (singles):     17 seconds
DAG statistics
mean edges/level: 11     max edges/level: 54
mean edges/node:  1.156  mean count/edge: 15

Window=6 Iteration=8
Time for building model:         1 minute 45 seconds
Time for sampling (singles):     14 seconds
DAG statistics
mean edges/level: 9      max edges/level: 40
mean edges/node:  1.174  mean count/edge: 19

Window=6 Iteration=9
Time for building model:         1 minute 36 seconds
Time for sampling (singles):     11 seconds
DAG statistics
mean edges/level: 9      max edges/level: 53
mean edges/node:  1.159  mean count/edge: 19

Window=6 Iteration=10
Time for building model:         2 minutes 19 seconds
Time for sampling (singles):     14 seconds
DAG statistics
mean edges/level: 8      max edges/level: 35
mean edges/node:  1.179  mean count/edge: 21

Starting phasing iterations

Window=6 Iteration=11
Time for building model:         54 seconds
Time for sampling (singles):     3 minutes 35 seconds
DAG statistics
mean edges/level: 10     max edges/level: 52
mean edges/node:  1.128  mean count/edge: 17

Window=6 Iteration=12
Time for building model:         1 minute 46 seconds
Time for sampling (singles):     4 minutes 18 seconds
DAG statistics
mean edges/level: 12     max edges/level: 42
mean edges/node:  1.123  mean count/edge: 14

Window=6 Iteration=13
Time for building model:         1 minute 53 seconds
Time for sampling (singles):     5 minutes 24 seconds
DAG statistics
mean edges/level: 25     max edges/level: 52
mean edges/node:  1.066  mean count/edge: 7

Window=6 Iteration=14
Time for building model:         2 minutes 9 seconds
Time for sampling (singles):     4 minutes 44 seconds
DAG statistics
mean edges/level: 31     max edges/level: 55
mean edges/node:  1.046  mean count/edge: 5

Window=6 Iteration=15
Time for building model:         2 minutes 21 seconds
Time for sampling (singles):     3 minutes 45 seconds
DAG statistics
mean edges/level: 34     max edges/level: 56
mean edges/node:  1.036  mean count/edge: 5

Window 7 [ NC_037330.1:52952431-62083274 ]
target markers:      50000

Starting burn-in iterations

Window=7 Iteration=1
Time for building model:         2 minutes 53 seconds
Time for sampling (singles):     17 seconds
DAG statistics
mean edges/level: 9      max edges/level: 50
mean edges/node:  1.613  mean count/edge: 19

Window=7 Iteration=2
Time for building model:         2 minutes 14 seconds
Time for sampling (singles):     25 seconds
DAG statistics
mean edges/level: 11     max edges/level: 32
mean edges/node:  1.415  mean count/edge: 15

Window=7 Iteration=3
Time for building model:         1 minute 39 seconds
Time for sampling (singles):     12 seconds
DAG statistics
mean edges/level: 8      max edges/level: 52
mean edges/node:  1.249  mean count/edge: 21

Window=7 Iteration=4
Time for building model:         2 minutes 6 seconds
Time for sampling (singles):     23 seconds
DAG statistics
mean edges/level: 12     max edges/level: 38
mean edges/node:  1.191  mean count/edge: 14

Window=7 Iteration=5
Time for building model:         2 minutes 39 seconds
Time for sampling (singles):     21 seconds
DAG statistics
mean edges/level: 13     max edges/level: 50
mean edges/node:  1.140  mean count/edge: 13

Window=7 Iteration=6
Time for building model:         1 minute 42 seconds
Time for sampling (singles):     12 seconds
DAG statistics
mean edges/level: 8      max edges/level: 34
mean edges/node:  1.185  mean count/edge: 21

Window=7 Iteration=7
Time for building model:         1 minute 47 seconds
Time for sampling (singles):     10 seconds
DAG statistics
mean edges/level: 9      max edges/level: 49
mean edges/node:  1.172  mean count/edge: 19

Window=7 Iteration=8
Time for building model:         2 minutes 1 second
Time for sampling (singles):     15 seconds
DAG statistics
mean edges/level: 9      max edges/level: 36
mean edges/node:  1.176  mean count/edge: 19

Window=7 Iteration=9
Time for building model:         1 minute 43 seconds
Time for sampling (singles):     23 seconds
DAG statistics
mean edges/level: 14     max edges/level: 50
mean edges/node:  1.135  mean count/edge: 12

Window=7 Iteration=10
Time for building model:         2 minutes 4 seconds
Time for sampling (singles):     10 seconds
DAG statistics
mean edges/level: 8      max edges/level: 43
mean edges/node:  1.169  mean count/edge: 21

Starting phasing iterations

Window=7 Iteration=11
Time for building model:         41 seconds
Time for sampling (singles):     3 minutes 4 seconds
DAG statistics
mean edges/level: 10     max edges/level: 51
mean edges/node:  1.129  mean count/edge: 17

Window=7 Iteration=12
Time for building model:         1 minute 10 seconds
Time for sampling (singles):     3 minutes 27 seconds
DAG statistics
mean edges/level: 23     max edges/level: 51
mean edges/node:  1.076  mean count/edge: 7

Window=7 Iteration=13
Time for building model:         1 minute 22 seconds
Time for sampling (singles):     2 minutes 10 seconds
DAG statistics
mean edges/level: 28     max edges/level: 53
mean edges/node:  1.053  mean count/edge: 6

Window=7 Iteration=14
Time for building model:         1 minute 28 seconds
Time for sampling (singles):     2 minutes 23 seconds
DAG statistics
mean edges/level: 32     max edges/level: 53
mean edges/node:  1.042  mean count/edge: 5

Window=7 Iteration=15
Time for building model:         1 minute 1 second
Time for sampling (singles):     2 minutes 7 seconds
DAG statistics
mean edges/level: 34     max edges/level: 58
mean edges/node:  1.036  mean count/edge: 5

Window 8 [ NC_037330.1:61387666-71062822 ]
target markers:      50000

Starting burn-in iterations

Window=8 Iteration=1
Time for building model:         1 minute 55 seconds
Time for sampling (singles):     11 seconds
DAG statistics
mean edges/level: 10     max edges/level: 46
mean edges/node:  1.590  mean count/edge: 17

Window=8 Iteration=2
Time for building model:         1 minute 37 seconds
Time for sampling (singles):     10 seconds
DAG statistics
mean edges/level: 9      max edges/level: 28
mean edges/node:  1.493  mean count/edge: 19

Window=8 Iteration=3
Time for building model:         1 minute 51 seconds
Time for sampling (singles):     26 seconds
DAG statistics
mean edges/level: 12     max edges/level: 51
mean edges/node:  1.215  mean count/edge: 14

Window=8 Iteration=4
Time for building model:         1 minute 3 seconds
Time for sampling (singles):     13 seconds
DAG statistics
mean edges/level: 8      max edges/level: 33
mean edges/node:  1.198  mean count/edge: 21

Window=8 Iteration=5
Time for building model:         1 minute 0 seconds
Time for sampling (singles):     17 seconds
DAG statistics
mean edges/level: 11     max edges/level: 48
mean edges/node:  1.155  mean count/edge: 15

Window=8 Iteration=6
Time for building model:         1 minute 18 seconds
Time for sampling (singles):     24 seconds
DAG statistics
mean edges/level: 10     max edges/level: 38
mean edges/node:  1.162  mean count/edge: 17

Window=8 Iteration=7
Time for building model:         53 seconds
Time for sampling (singles):     37 seconds
DAG statistics
mean edges/level: 15     max edges/level: 48
mean edges/node:  1.122  mean count/edge: 11

Window=8 Iteration=8
Time for building model:         1 minute 21 seconds
Time for sampling (singles):     35 seconds
DAG statistics
mean edges/level: 17     max edges/level: 52
mean edges/node:  1.096  mean count/edge: 10

Window=8 Iteration=9
Time for building model:         1 minute 40 seconds
Time for sampling (singles):     24 seconds
DAG statistics
mean edges/level: 13     max edges/level: 52
mean edges/node:  1.103  mean count/edge: 13

Window=8 Iteration=10
Time for building model:         1 minute 55 seconds
Time for sampling (singles):     12 seconds
DAG statistics
mean edges/level: 8      max edges/level: 41
mean edges/node:  1.160  mean count/edge: 21

Starting phasing iterations

Window=8 Iteration=11
Time for building model:         51 seconds
Time for sampling (singles):     2 minutes 47 seconds
DAG statistics
mean edges/level: 24     max edges/level: 50
mean edges/node:  1.060  mean count/edge: 7

Window=8 Iteration=12
Time for building model:         54 seconds
Time for sampling (singles):     1 minute 47 seconds
DAG statistics
mean edges/level: 8      max edges/level: 34
mean edges/node:  1.140  mean count/edge: 21

Window=8 Iteration=13
Time for building model:         32 seconds
Time for sampling (singles):     36 seconds
DAG statistics
mean edges/level: 25     max edges/level: 49
mean edges/node:  1.064  mean count/edge: 7

Window=8 Iteration=14
Time for building model:         5 seconds
Time for sampling (singles):     16 seconds
DAG statistics
mean edges/level: 31     max edges/level: 53
mean edges/node:  1.041  mean count/edge: 5

Window=8 Iteration=15
Time for building model:         5 seconds
Time for sampling (singles):     10 seconds
DAG statistics
mean edges/level: 34     max edges/level: 58
mean edges/node:  1.032  mean count/edge: 5

Window 9 [ NC_037330.1:70406404-80376202 ]
target markers:      50000

Starting burn-in iterations

Window=9 Iteration=1
Time for building model:         4 seconds
Time for sampling (singles):     8 seconds
DAG statistics
mean edges/level: 9      max edges/level: 44
mean edges/node:  1.628  mean count/edge: 19

Window=9 Iteration=2
Time for building model:         3 seconds
Time for sampling (singles):     10 seconds
DAG statistics
mean edges/level: 9      max edges/level: 29
mean edges/node:  1.458  mean count/edge: 19

Window=9 Iteration=3
Time for building model:         3 seconds
Time for sampling (singles):     8 seconds
DAG statistics
mean edges/level: 8      max edges/level: 42
mean edges/node:  1.242  mean count/edge: 21

Window=9 Iteration=4
Time for building model:         3 seconds
Time for sampling (singles):     11 seconds
DAG statistics
mean edges/level: 8      max edges/level: 35
mean edges/node:  1.197  mean count/edge: 21

Window=9 Iteration=5
Time for building model:         3 seconds
Time for sampling (singles):     8 seconds
DAG statistics
mean edges/level: 8      max edges/level: 47
mean edges/node:  1.171  mean count/edge: 21

Window=9 Iteration=6
Time for building model:         3 seconds
Time for sampling (singles):     12 seconds
DAG statistics
mean edges/level: 9      max edges/level: 37
mean edges/node:  1.167  mean count/edge: 19

Window=9 Iteration=7
Time for building model:         51 seconds
Time for sampling (singles):     11 seconds
DAG statistics
mean edges/level: 9      max edges/level: 43
mean edges/node:  1.152  mean count/edge: 19

Window=9 Iteration=8
Time for building model:         3 seconds
Time for sampling (singles):     14 seconds
DAG statistics
mean edges/level: 10     max edges/level: 37
mean edges/node:  1.152  mean count/edge: 17

Window=9 Iteration=9
Time for building model:         27 seconds
Time for sampling (singles):     22 seconds
DAG statistics
mean edges/level: 14     max edges/level: 51
mean edges/node:  1.123  mean count/edge: 12

Window=9 Iteration=10
Time for building model:         53 seconds
Time for sampling (singles):     16 seconds
DAG statistics
mean edges/level: 10     max edges/level: 54
mean edges/node:  1.131  mean count/edge: 17

Starting phasing iterations

Window=9 Iteration=11
Time for building model:         31 seconds
Time for sampling (singles):     2 minutes 0 seconds
DAG statistics
mean edges/level: 9      max edges/level: 44
mean edges/node:  1.127  mean count/edge: 19

Window=9 Iteration=12
Time for building model:         37 seconds
Time for sampling (singles):     1 minute 25 seconds
DAG statistics
mean edges/level: 19     max edges/level: 46
mean edges/node:  1.082  mean count/edge: 9

Window=9 Iteration=13
Time for building model:         7 seconds
Time for sampling (singles):     20 seconds
DAG statistics
mean edges/level: 24     max edges/level: 52
mean edges/node:  1.056  mean count/edge: 7

Window=9 Iteration=14
Time for building model:         6 seconds
Time for sampling (singles):     13 seconds
DAG statistics
mean edges/level: 30     max edges/level: 54
mean edges/node:  1.041  mean count/edge: 6

Window=9 Iteration=15
Time for building model:         5 seconds
Time for sampling (singles):     12 seconds
DAG statistics
mean edges/level: 33     max edges/level: 55
mean edges/node:  1.034  mean count/edge: 5

Window 10 [ NC_037330.1:79854172-88133001 ]
target markers:      50000

Starting burn-in iterations

Window=10 Iteration=1
Time for building model:         4 seconds
Time for sampling (singles):     11 seconds
DAG statistics
mean edges/level: 9      max edges/level: 44
mean edges/node:  1.642  mean count/edge: 19

Window=10 Iteration=2
Time for building model:         6 seconds
Time for sampling (singles):     15 seconds
DAG statistics
mean edges/level: 9      max edges/level: 28
mean edges/node:  1.510  mean count/edge: 19

Window=10 Iteration=3
Time for building model:         4 seconds
Time for sampling (singles):     14 seconds
DAG statistics
mean edges/level: 10     max edges/level: 45
mean edges/node:  1.272  mean count/edge: 17

Window=10 Iteration=4
Time for building model:         4 seconds
Time for sampling (singles):     10 seconds
DAG statistics
mean edges/level: 8      max edges/level: 33
mean edges/node:  1.237  mean count/edge: 21

Window=10 Iteration=5
Time for building model:         3 seconds
Time for sampling (singles):     9 seconds
DAG statistics
mean edges/level: 9      max edges/level: 45
mean edges/node:  1.201  mean count/edge: 19

Window=10 Iteration=6
Time for building model:         5 seconds
Time for sampling (singles):     15 seconds
DAG statistics
mean edges/level: 10     max edges/level: 35
mean edges/node:  1.190  mean count/edge: 17

Window=10 Iteration=7
Time for building model:         6 seconds
Time for sampling (singles):     14 seconds
DAG statistics
mean edges/level: 11     max edges/level: 43
mean edges/node:  1.170  mean count/edge: 15

Window=10 Iteration=8
Time for building model:         8 seconds
Time for sampling (singles):     16 seconds
DAG statistics
mean edges/level: 10     max edges/level: 41
mean edges/node:  1.175  mean count/edge: 17

Window=10 Iteration=9
Time for building model:         14 seconds
Time for sampling (singles):     20 seconds
DAG statistics
mean edges/level: 13     max edges/level: 44
mean edges/node:  1.152  mean count/edge: 13

Window=10 Iteration=10
Time for building model:         42 seconds
Time for sampling (singles):     19 seconds
DAG statistics
mean edges/level: 10     max edges/level: 45
mean edges/node:  1.166  mean count/edge: 17

Starting phasing iterations

Window=10 Iteration=11
Time for building model:         18 seconds
Time for sampling (singles):     1 minute 9 seconds
DAG statistics
mean edges/level: 14     max edges/level: 47
mean edges/node:  1.108  mean count/edge: 12

Window=10 Iteration=12
Time for building model:         11 seconds
Time for sampling (singles):     20 seconds
DAG statistics
mean edges/level: 25     max edges/level: 49
mean edges/node:  1.071  mean count/edge: 7

Window=10 Iteration=13
Time for building model:         7 seconds
Time for sampling (singles):     26 seconds
DAG statistics
mean edges/level: 30     max edges/level: 54
mean edges/node:  1.052  mean count/edge: 6

Window=10 Iteration=14
Time for building model:         8 seconds
Time for sampling (singles):     28 seconds
DAG statistics
mean edges/level: 34     max edges/level: 56
mean edges/node:  1.042  mean count/edge: 5

Window=10 Iteration=15
Time for building model:         7 seconds
Time for sampling (singles):     16 seconds
DAG statistics
mean edges/level: 36     max edges/level: 59
mean edges/node:  1.036  mean count/edge: 5

Window 11 [ NC_037330.1:87780236-96201068 ]
target markers:      50000

Starting burn-in iterations

Window=11 Iteration=1
Time for building model:         5 seconds
Time for sampling (singles):     12 seconds
DAG statistics
mean edges/level: 10     max edges/level: 56
mean edges/node:  1.565  mean count/edge: 17

Window=11 Iteration=2
Time for building model:         4 seconds
Time for sampling (singles):     13 seconds
DAG statistics
mean edges/level: 9      max edges/level: 26
mean edges/node:  1.510  mean count/edge: 19

Window=11 Iteration=3
Time for building model:         3 seconds
Time for sampling (singles):     11 seconds
DAG statistics
mean edges/level: 9      max edges/level: 58
mean edges/node:  1.255  mean count/edge: 19

Window=11 Iteration=4
Time for building model:         2 seconds
Time for sampling (singles):     10 seconds
DAG statistics
mean edges/level: 7      max edges/level: 30
mean edges/node:  1.242  mean count/edge: 24

Window=11 Iteration=5
Time for building model:         4 seconds
Time for sampling (singles):     23 seconds
DAG statistics
mean edges/level: 12     max edges/level: 58
mean edges/node:  1.165  mean count/edge: 14

Window=11 Iteration=6
Time for building model:         46 seconds
Time for sampling (singles):     12 seconds
DAG statistics
mean edges/level: 8      max edges/level: 37
mean edges/node:  1.194  mean count/edge: 21

Window=11 Iteration=7
Time for building model:         1 minute 16 seconds
Time for sampling (singles):     13 seconds
DAG statistics
mean edges/level: 10     max edges/level: 59
mean edges/node:  1.164  mean count/edge: 17

Window=11 Iteration=8
Time for building model:         42 seconds
Time for sampling (singles):     14 seconds
DAG statistics
mean edges/level: 9      max edges/level: 43
mean edges/node:  1.180  mean count/edge: 19

Window=11 Iteration=9
Time for building model:         1 minute 16 seconds
Time for sampling (singles):     12 seconds
DAG statistics
mean edges/level: 9      max edges/level: 58
mean edges/node:  1.160  mean count/edge: 19

Window=11 Iteration=10
Time for building model:         1 minute 2 seconds
Time for sampling (singles):     13 seconds
DAG statistics
mean edges/level: 9      max edges/level: 43
mean edges/node:  1.182  mean count/edge: 19

Starting phasing iterations

Window=11 Iteration=11
Time for building model:         22 seconds
Time for sampling (singles):     1 minute 18 seconds
DAG statistics
mean edges/level: 18     max edges/level: 59
mean edges/node:  1.087  mean count/edge: 9

Window=11 Iteration=12
Time for building model:         21 seconds
Time for sampling (singles):     22 seconds
DAG statistics
mean edges/level: 26     max edges/level: 58
mean edges/node:  1.062  mean count/edge: 7

Window=11 Iteration=13
Time for building model:         7 seconds
Time for sampling (singles):     18 seconds
DAG statistics
mean edges/level: 30     max edges/level: 56
mean edges/node:  1.048  mean count/edge: 6

Window=11 Iteration=14
Time for building model:         9 seconds
Time for sampling (singles):     15 seconds
DAG statistics
mean edges/level: 34     max edges/level: 59
mean edges/node:  1.040  mean count/edge: 5

Window=11 Iteration=15
Time for building model:         7 seconds
Time for sampling (singles):     15 seconds
DAG statistics
mean edges/level: 36     max edges/level: 58
mean edges/node:  1.035  mean count/edge: 5

Window 12 [ NC_037330.1:95253811-104305071 ]
target markers:      50000

Starting burn-in iterations

Window=12 Iteration=1
Time for building model:         5 seconds
Time for sampling (singles):     12 seconds
DAG statistics
mean edges/level: 9      max edges/level: 45
mean edges/node:  1.652  mean count/edge: 19

Window=12 Iteration=2
Time for building model:         5 seconds
Time for sampling (singles):     17 seconds
DAG statistics
mean edges/level: 9      max edges/level: 32
mean edges/node:  1.526  mean count/edge: 19

Window=12 Iteration=3
Time for building model:         6 seconds
Time for sampling (singles):     19 seconds
DAG statistics
mean edges/level: 10     max edges/level: 45
mean edges/node:  1.274  mean count/edge: 17

Window=12 Iteration=4
Time for building model:         4 seconds
Time for sampling (singles):     12 seconds
DAG statistics
mean edges/level: 8      max edges/level: 33
mean edges/node:  1.241  mean count/edge: 21

Window=12 Iteration=5
Time for building model:         3 seconds
Time for sampling (singles):     14 seconds
DAG statistics
mean edges/level: 11     max edges/level: 44
mean edges/node:  1.187  mean count/edge: 15

Window=12 Iteration=6
Time for building model:         3 seconds
Time for sampling (singles):     10 seconds
DAG statistics
mean edges/level: 9      max edges/level: 40
mean edges/node:  1.201  mean count/edge: 19

Window=12 Iteration=7
Time for building model:         8 seconds
Time for sampling (singles):     12 seconds
DAG statistics
mean edges/level: 10     max edges/level: 45
mean edges/node:  1.182  mean count/edge: 17

Window=12 Iteration=8
Time for building model:         34 seconds
Time for sampling (singles):     15 seconds
DAG statistics
mean edges/level: 9      max edges/level: 39
mean edges/node:  1.193  mean count/edge: 19

Window=12 Iteration=9
Time for building model:         13 seconds
Time for sampling (singles):     26 seconds
DAG statistics
mean edges/level: 11     max edges/level: 45
mean edges/node:  1.163  mean count/edge: 15

Window=12 Iteration=10
Time for building model:         10 seconds
Time for sampling (singles):     16 seconds
DAG statistics
mean edges/level: 9      max edges/level: 42
mean edges/node:  1.183  mean count/edge: 19

Starting phasing iterations

Window=12 Iteration=11
Time for building model:         10 seconds
Time for sampling (singles):     43 seconds
DAG statistics
mean edges/level: 10     max edges/level: 48
mean edges/node:  1.154  mean count/edge: 17

Window=12 Iteration=12
Time for building model:         6 seconds
Time for sampling (singles):     11 seconds
DAG statistics
mean edges/level: 10     max edges/level: 43
mean edges/node:  1.148  mean count/edge: 17

Window=12 Iteration=13
Time for building model:         5 seconds
Time for sampling (singles):     30 seconds
DAG statistics
mean edges/level: 24     max edges/level: 46
mean edges/node:  1.079  mean count/edge: 7

Window=12 Iteration=14
Time for building model:         19 seconds
Time for sampling (singles):     20 seconds
DAG statistics
mean edges/level: 29     max edges/level: 53
mean edges/node:  1.054  mean count/edge: 6

Window=12 Iteration=15
Time for building model:         9 seconds
Time for sampling (singles):     19 seconds
DAG statistics
mean edges/level: 33     max edges/level: 56
mean edges/node:  1.044  mean count/edge: 5

Window 13 [ NC_037330.1:103736048-111315744 ]
target markers:      50000

Starting burn-in iterations

Window=13 Iteration=1
Time for building model:         4 seconds
Time for sampling (singles):     9 seconds
DAG statistics
mean edges/level: 9      max edges/level: 51
mean edges/node:  1.634  mean count/edge: 19

Window=13 Iteration=2
Time for building model:         3 seconds
Time for sampling (singles):     11 seconds
DAG statistics
mean edges/level: 9      max edges/level: 28
mean edges/node:  1.556  mean count/edge: 19

Window=13 Iteration=3
Time for building model:         11 seconds
Time for sampling (singles):     8 seconds
DAG statistics
mean edges/level: 9      max edges/level: 51
mean edges/node:  1.305  mean count/edge: 19

Window=13 Iteration=4
Time for building model:         3 seconds
Time for sampling (singles):     10 seconds
DAG statistics
mean edges/level: 8      max edges/level: 33
mean edges/node:  1.257  mean count/edge: 21

Window=13 Iteration=5
Time for building model:         4 seconds
Time for sampling (singles):     12 seconds
DAG statistics
mean edges/level: 10     max edges/level: 55
mean edges/node:  1.201  mean count/edge: 17

Window=13 Iteration=6
Time for building model:         4 seconds
Time for sampling (singles):     20 seconds
DAG statistics
mean edges/level: 12     max edges/level: 37
mean edges/node:  1.183  mean count/edge: 14

Window=13 Iteration=7
Time for building model:         3 seconds
Time for sampling (singles):     13 seconds
DAG statistics
mean edges/level: 10     max edges/level: 52
mean edges/node:  1.175  mean count/edge: 17

Window=13 Iteration=8
Time for building model:         3 seconds
Time for sampling (singles):     12 seconds
DAG statistics
mean edges/level: 9      max edges/level: 37
mean edges/node:  1.197  mean count/edge: 19

Window=13 Iteration=9
Time for building model:         3 seconds
Time for sampling (singles):     9 seconds
DAG statistics
mean edges/level: 9      max edges/level: 52
mean edges/node:  1.187  mean count/edge: 19

Window=13 Iteration=10
Time for building model:         12 seconds
Time for sampling (singles):     29 seconds
DAG statistics
mean edges/level: 13     max edges/level: 45
mean edges/node:  1.163  mean count/edge: 13

Starting phasing iterations

Window=13 Iteration=11
Time for building model:         13 seconds
Time for sampling (singles):     29 seconds
DAG statistics
mean edges/level: 13     max edges/level: 52
mean edges/node:  1.119  mean count/edge: 13

Window=13 Iteration=12
Time for building model:         8 seconds
Time for sampling (singles):     22 seconds
DAG statistics
mean edges/level: 11     max edges/level: 42
mean edges/node:  1.144  mean count/edge: 15

Window=13 Iteration=13
Time for building model:         5 seconds
Time for sampling (singles):     15 seconds
DAG statistics
mean edges/level: 26     max edges/level: 52
mean edges/node:  1.073  mean count/edge: 7

Window=13 Iteration=14
Time for building model:         7 seconds
Time for sampling (singles):     18 seconds
DAG statistics
mean edges/level: 31     max edges/level: 57
mean edges/node:  1.051  mean count/edge: 5

Window=13 Iteration=15
Time for building model:         7 seconds
Time for sampling (singles):     17 seconds
DAG statistics
mean edges/level: 35     max edges/level: 55
mean edges/node:  1.042  mean count/edge: 5

Window 14 [ NC_037330.1:110979846-116347523 ]
target markers:      50000

Starting burn-in iterations

Window=14 Iteration=1
Time for building model:         6 seconds
Time for sampling (singles):     14 seconds
DAG statistics
mean edges/level: 10     max edges/level: 48
mean edges/node:  1.600  mean count/edge: 17

Window=14 Iteration=2
Time for building model:         5 seconds
Time for sampling (singles):     18 seconds
DAG statistics
mean edges/level: 10     max edges/level: 32
mean edges/node:  1.510  mean count/edge: 17

Window=14 Iteration=3
Time for building model:         4 seconds
Time for sampling (singles):     19 seconds
DAG statistics
mean edges/level: 10     max edges/level: 52
mean edges/node:  1.264  mean count/edge: 17

Window=14 Iteration=4
Time for building model:         7 seconds
Time for sampling (singles):     23 seconds
DAG statistics
mean edges/level: 11     max edges/level: 39
mean edges/node:  1.215  mean count/edge: 15

Window=14 Iteration=5
Time for building model:         6 seconds
Time for sampling (singles):     14 seconds
DAG statistics
mean edges/level: 10     max edges/level: 50
mean edges/node:  1.187  mean count/edge: 17

Window=14 Iteration=6
Time for building model:         17 seconds
Time for sampling (singles):     27 seconds
DAG statistics
mean edges/level: 12     max edges/level: 40
mean edges/node:  1.173  mean count/edge: 14

Window=14 Iteration=7
Time for building model:         21 seconds
Time for sampling (singles):     19 seconds
DAG statistics
mean edges/level: 11     max edges/level: 50
mean edges/node:  1.160  mean count/edge: 15

Window=14 Iteration=8
Time for building model:         22 seconds
Time for sampling (singles):     16 seconds
DAG statistics
mean edges/level: 9      max edges/level: 38
mean edges/node:  1.185  mean count/edge: 19

Window=14 Iteration=9
Time for building model:         51 seconds
Time for sampling (singles):     37 seconds
DAG statistics
mean edges/level: 16     max edges/level: 50
mean edges/node:  1.143  mean count/edge: 11

Window=14 Iteration=10
Time for building model:         27 seconds
Time for sampling (singles):     44 seconds
DAG statistics
mean edges/level: 14     max edges/level: 44
mean edges/node:  1.135  mean count/edge: 12

Starting phasing iterations

Window=14 Iteration=11
Time for building model:         18 seconds
Time for sampling (singles):     1 minute 17 seconds
DAG statistics
mean edges/level: 21     max edges/level: 55
mean edges/node:  1.074  mean count/edge: 8

Window=14 Iteration=12
Time for building model:         33 seconds
Time for sampling (singles):     33 seconds
DAG statistics
mean edges/level: 29     max edges/level: 53
mean edges/node:  1.055  mean count/edge: 6

Window=14 Iteration=13
Time for building model:         7 seconds
Time for sampling (singles):     18 seconds
DAG statistics
mean edges/level: 33     max edges/level: 57
mean edges/node:  1.044  mean count/edge: 5

Window=14 Iteration=14
Time for building model:         7 seconds
Time for sampling (singles):     15 seconds
DAG statistics
mean edges/level: 37     max edges/level: 62
mean edges/node:  1.036  mean count/edge: 5

Window=14 Iteration=15
Time for building model:         7 seconds
Time for sampling (singles):     16 seconds
DAG statistics
mean edges/level: 39     max edges/level: 59
mean edges/node:  1.033  mean count/edge: 4

Window 15 [ NC_037330.1:116047227-120999602 ]
target markers:      45562

Starting burn-in iterations

Window=15 Iteration=1
Time for building model:         5 seconds
Time for sampling (singles):     11 seconds
DAG statistics
mean edges/level: 9      max edges/level: 55
mean edges/node:  1.591  mean count/edge: 19

Window=15 Iteration=2
Time for building model:         4 seconds
Time for sampling (singles):     8 seconds
DAG statistics
mean edges/level: 8      max edges/level: 27
mean edges/node:  1.586  mean count/edge: 21

Window=15 Iteration=3
Time for building model:         4 seconds
Time for sampling (singles):     16 seconds
DAG statistics
mean edges/level: 11     max edges/level: 51
mean edges/node:  1.292  mean count/edge: 15

Window=15 Iteration=4
Time for building model:         4 seconds
Time for sampling (singles):     9 seconds
DAG statistics
mean edges/level: 8      max edges/level: 33
mean edges/node:  1.302  mean count/edge: 21

Window=15 Iteration=5
Time for building model:         4 seconds
Time for sampling (singles):     23 seconds
DAG statistics
mean edges/level: 12     max edges/level: 58
mean edges/node:  1.202  mean count/edge: 14

Window=15 Iteration=6
Time for building model:         5 seconds
Time for sampling (singles):     14 seconds
DAG statistics
mean edges/level: 8      max edges/level: 37
mean edges/node:  1.244  mean count/edge: 21

Window=15 Iteration=7
Time for building model:         5 seconds
Time for sampling (singles):     25 seconds
DAG statistics
mean edges/level: 13     max edges/level: 53
mean edges/node:  1.179  mean count/edge: 13

Window=15 Iteration=8
Time for building model:         4 seconds
Time for sampling (singles):     12 seconds
DAG statistics
mean edges/level: 8      max edges/level: 38
mean edges/node:  1.229  mean count/edge: 21

Window=15 Iteration=9
Time for building model:         5 seconds
Time for sampling (singles):     21 seconds
DAG statistics
mean edges/level: 13     max edges/level: 55
mean edges/node:  1.171  mean count/edge: 13

Window=15 Iteration=10
Time for building model:         13 seconds
Time for sampling (singles):     13 seconds
DAG statistics
mean edges/level: 9      max edges/level: 39
mean edges/node:  1.217  mean count/edge: 19

Starting phasing iterations

Window=15 Iteration=11
Time for building model:         10 seconds
Time for sampling (singles):     22 seconds
DAG statistics
mean edges/level: 18     max edges/level: 54
mean edges/node:  1.105  mean count/edge: 9

Window=15 Iteration=12
Time for building model:         7 seconds
Time for sampling (singles):     13 seconds
DAG statistics
mean edges/level: 12     max edges/level: 41
mean edges/node:  1.169  mean count/edge: 14

Window=15 Iteration=13
Time for building model:         6 seconds
Time for sampling (singles):     14 seconds
DAG statistics
mean edges/level: 20     max edges/level: 55
mean edges/node:  1.106  mean count/edge: 9

Window=15 Iteration=14
Time for building model:         7 seconds
Time for sampling (singles):     14 seconds
DAG statistics
mean edges/level: 27     max edges/level: 53
mean edges/node:  1.075  mean count/edge: 6

Window=15 Iteration=15
Time for building model:         6 seconds
Time for sampling (singles):     13 seconds
DAG statistics
mean edges/level: 30     max edges/level: 56
mean edges/node:  1.061  mean count/edge: 6

Number of markers:              703562
Total time for building model: 5 hours 23 minutes 16 seconds
Total time for sampling:       3 hours 50 minutes 37 seconds
Total run time:                9 hours 36 minutes 20 seconds

End time: 04:55 AM CEST on 05 Apr 2024
beagle.27Jan18.7e1.jar (version 4.1) finished
