beagle.27Jan18.7e1.jar (version 4.1)
Copyright (C) 2014-2015 Brian L. Browning
Enter "java -jar beagle.27Jan18.7e1.jar" for a summary of command line arguments.
Start time: 07:15 PM CEST on 04 Apr 2024

Command line: java -Xmx54613m -jar beagle.jar
  gl=results/gl/Bostau9_tragmain2_sites_variable_noindels_renamed_Tory.bcf.gz.NC_037344.1.vcf.gz
  chrom=NC_037344.1
  out=results/imputed/Bostau9_tragmain2_sites_variable_noindels_renamed_Tory.bcf.gz.NC_037344.1
  nthreads=6

No genetic map is specified: using 1 cM = 1 Mb

reference samples:       0
target samples:         85

Window 1 [ NC_037344.1:25138-11077208 ]
target markers:      50000

Starting burn-in iterations

Window=1 Iteration=1
Time for building model:         6 seconds
Time for sampling (singles):     9 seconds
DAG statistics
mean edges/level: 8      max edges/level: 23
mean edges/node:  1.764  mean count/edge: 21

Window=1 Iteration=2
Time for building model:         10 seconds
Time for sampling (singles):     14 seconds
DAG statistics
mean edges/level: 9      max edges/level: 29
mean edges/node:  1.473  mean count/edge: 19

Window=1 Iteration=3
Time for building model:         5 seconds
Time for sampling (singles):     8 seconds
DAG statistics
mean edges/level: 6      max edges/level: 24
mean edges/node:  1.319  mean count/edge: 28

Window=1 Iteration=4
Time for building model:         4 seconds
Time for sampling (singles):     16 seconds
DAG statistics
mean edges/level: 8      max edges/level: 34
mean edges/node:  1.223  mean count/edge: 21

Window=1 Iteration=5
Time for building model:         15 seconds
Time for sampling (singles):     11 seconds
DAG statistics
mean edges/level: 7      max edges/level: 23
mean edges/node:  1.226  mean count/edge: 24

Window=1 Iteration=6
Time for building model:         2 minutes 14 seconds
Time for sampling (singles):     18 seconds
DAG statistics
mean edges/level: 9      max edges/level: 38
mean edges/node:  1.189  mean count/edge: 19

Window=1 Iteration=7
Time for building model:         1 minute 30 seconds
Time for sampling (singles):     9 seconds
DAG statistics
mean edges/level: 7      max edges/level: 24
mean edges/node:  1.208  mean count/edge: 24

Window=1 Iteration=8
Time for building model:         3 minutes 23 seconds
Time for sampling (singles):     29 seconds
DAG statistics
mean edges/level: 9      max edges/level: 44
mean edges/node:  1.176  mean count/edge: 19

Window=1 Iteration=9
Time for building model:         1 minute 17 seconds
Time for sampling (singles):     12 seconds
DAG statistics
mean edges/level: 7      max edges/level: 32
mean edges/node:  1.200  mean count/edge: 24

Window=1 Iteration=10
Time for building model:         1 minute 39 seconds
Time for sampling (singles):     20 seconds
DAG statistics
mean edges/level: 9      max edges/level: 38
mean edges/node:  1.173  mean count/edge: 19

Starting phasing iterations

Window=1 Iteration=11
Time for building model:         9 seconds
Time for sampling (singles):     2 minutes 1 second
DAG statistics
mean edges/level: 9      max edges/level: 37
mean edges/node:  1.156  mean count/edge: 19

Window=1 Iteration=12
Time for building model:         4 seconds
Time for sampling (singles):     55 seconds
DAG statistics
mean edges/level: 13     max edges/level: 46
mean edges/node:  1.118  mean count/edge: 13

Window=1 Iteration=13
Time for building model:         9 seconds
Time for sampling (singles):     12 seconds
DAG statistics
mean edges/level: 23     max edges/level: 50
mean edges/node:  1.073  mean count/edge: 7

Window=1 Iteration=14
Time for building model:         5 seconds
Time for sampling (singles):     12 seconds
DAG statistics
mean edges/level: 27     max edges/level: 53
mean edges/node:  1.053  mean count/edge: 6

Window=1 Iteration=15
Time for building model:         5 seconds
Time for sampling (singles):     1 minute 54 seconds
DAG statistics
mean edges/level: 30     max edges/level: 54
mean edges/node:  1.042  mean count/edge: 6

Window 2 [ NC_037344.1:10461849-18727967 ]
target markers:      50000

Starting burn-in iterations

Window=2 Iteration=1
Time for building model:         3 seconds
Time for sampling (singles):     8 seconds
DAG statistics
mean edges/level: 9      max edges/level: 47
mean edges/node:  1.620  mean count/edge: 19

Window=2 Iteration=2
Time for building model:         4 seconds
Time for sampling (singles):     9 seconds
DAG statistics
mean edges/level: 8      max edges/level: 28
mean edges/node:  1.521  mean count/edge: 21

Window=2 Iteration=3
Time for building model:         32 seconds
Time for sampling (singles):     9 seconds
DAG statistics
mean edges/level: 9      max edges/level: 46
mean edges/node:  1.270  mean count/edge: 19

Window=2 Iteration=4
Time for building model:         50 seconds
Time for sampling (singles):     13 seconds
DAG statistics
mean edges/level: 8      max edges/level: 36
mean edges/node:  1.242  mean count/edge: 21

Window=2 Iteration=5
Time for building model:         3 minutes 25 seconds
Time for sampling (singles):     37 seconds
DAG statistics
mean edges/level: 10     max edges/level: 47
mean edges/node:  1.190  mean count/edge: 17

Window=2 Iteration=6
Time for building model:         5 minutes 32 seconds
Time for sampling (singles):     30 seconds
DAG statistics
mean edges/level: 11     max edges/level: 38
mean edges/node:  1.186  mean count/edge: 15

Window=2 Iteration=7
Time for building model:         5 minutes 40 seconds
Time for sampling (singles):     25 seconds
DAG statistics
mean edges/level: 10     max edges/level: 48
mean edges/node:  1.174  mean count/edge: 17

Window=2 Iteration=8
Time for building model:         4 minutes 22 seconds
Time for sampling (singles):     24 seconds
DAG statistics
mean edges/level: 11     max edges/level: 43
mean edges/node:  1.171  mean count/edge: 15

Window=2 Iteration=9
Time for building model:         5 minutes 41 seconds
Time for sampling (singles):     17 seconds
DAG statistics
mean edges/level: 9      max edges/level: 48
mean edges/node:  1.173  mean count/edge: 19

Window=2 Iteration=10
Time for building model:         5 minutes 13 seconds
Time for sampling (singles):     41 seconds
DAG statistics
mean edges/level: 9      max edges/level: 47
mean edges/node:  1.183  mean count/edge: 19

Starting phasing iterations

Window=2 Iteration=11
Time for building model:         1 minute 43 seconds
Time for sampling (singles):     7 minutes 7 seconds
DAG statistics
mean edges/level: 14     max edges/level: 48
mean edges/node:  1.117  mean count/edge: 12

Window=2 Iteration=12
Time for building model:         2 minutes 38 seconds
Time for sampling (singles):     6 minutes 27 seconds
DAG statistics
mean edges/level: 16     max edges/level: 49
mean edges/node:  1.106  mean count/edge: 11

Window=2 Iteration=13
Time for building model:         2 minutes 10 seconds
Time for sampling (singles):     4 minutes 57 seconds
DAG statistics
mean edges/level: 15     max edges/level: 47
mean edges/node:  1.109  mean count/edge: 11

Window=2 Iteration=14
Time for building model:         2 minutes 25 seconds
Time for sampling (singles):     4 minutes 22 seconds
DAG statistics
mean edges/level: 26     max edges/level: 52
mean edges/node:  1.067  mean count/edge: 7

Window=2 Iteration=15
Time for building model:         2 minutes 6 seconds
Time for sampling (singles):     4 minutes 17 seconds
DAG statistics
mean edges/level: 31     max edges/level: 56
mean edges/node:  1.049  mean count/edge: 5

Window 3 [ NC_037344.1:18112636-28398475 ]
target markers:      50000

Starting burn-in iterations

Window=3 Iteration=1
Time for building model:         3 minutes 48 seconds
Time for sampling (singles):     24 seconds
DAG statistics
mean edges/level: 9      max edges/level: 46
mean edges/node:  1.621  mean count/edge: 19

Window=3 Iteration=2
Time for building model:         3 minutes 44 seconds
Time for sampling (singles):     27 seconds
DAG statistics
mean edges/level: 8      max edges/level: 29
mean edges/node:  1.462  mean count/edge: 21

Window=3 Iteration=3
Time for building model:         4 minutes 17 seconds
Time for sampling (singles):     23 seconds
DAG statistics
mean edges/level: 9      max edges/level: 46
mean edges/node:  1.232  mean count/edge: 19

Window=3 Iteration=4
Time for building model:         4 minutes 35 seconds
Time for sampling (singles):     39 seconds
DAG statistics
mean edges/level: 7      max edges/level: 29
mean edges/node:  1.213  mean count/edge: 24

Window=3 Iteration=5
Time for building model:         5 minutes 45 seconds
Time for sampling (singles):     42 seconds
DAG statistics
mean edges/level: 9      max edges/level: 50
mean edges/node:  1.163  mean count/edge: 19

Window=3 Iteration=6
Time for building model:         5 minutes 26 seconds
Time for sampling (singles):     49 seconds
DAG statistics
mean edges/level: 9      max edges/level: 34
mean edges/node:  1.168  mean count/edge: 19

Window=3 Iteration=7
Time for building model:         4 minutes 16 seconds
Time for sampling (singles):     25 seconds
DAG statistics
mean edges/level: 9      max edges/level: 46
mean edges/node:  1.149  mean count/edge: 19

Window=3 Iteration=8
Time for building model:         5 minutes 14 seconds
Time for sampling (singles):     16 seconds
DAG statistics
mean edges/level: 9      max edges/level: 36
mean edges/node:  1.156  mean count/edge: 19

Window=3 Iteration=9
Time for building model:         6 minutes 25 seconds
Time for sampling (singles):     39 seconds
DAG statistics
mean edges/level: 10     max edges/level: 51
mean edges/node:  1.141  mean count/edge: 17

Window=3 Iteration=10
Time for building model:         4 minutes 48 seconds
Time for sampling (singles):     35 seconds
DAG statistics
mean edges/level: 8      max edges/level: 44
mean edges/node:  1.157  mean count/edge: 21

Starting phasing iterations

Window=3 Iteration=11
Time for building model:         1 minute 42 seconds
Time for sampling (singles):     6 minutes 56 seconds
DAG statistics
mean edges/level: 12     max edges/level: 49
mean edges/node:  1.104  mean count/edge: 14

Window=3 Iteration=12
Time for building model:         2 minutes 21 seconds
Time for sampling (singles):     5 minutes 54 seconds
DAG statistics
mean edges/level: 23     max edges/level: 50
mean edges/node:  1.068  mean count/edge: 7

Window=3 Iteration=13
Time for building model:         2 minutes 19 seconds
Time for sampling (singles):     6 minutes 8 seconds
DAG statistics
mean edges/level: 27     max edges/level: 54
mean edges/node:  1.047  mean count/edge: 6

Window=3 Iteration=14
Time for building model:         2 minutes 50 seconds
Time for sampling (singles):     6 minutes 26 seconds
DAG statistics
mean edges/level: 31     max edges/level: 58
mean edges/node:  1.037  mean count/edge: 5

Window=3 Iteration=15
Time for building model:         3 minutes 7 seconds
Time for sampling (singles):     6 minutes 34 seconds
DAG statistics
mean edges/level: 34     max edges/level: 62
mean edges/node:  1.031  mean count/edge: 5

Window 4 [ NC_037344.1:27861526-37792223 ]
target markers:      50000

Starting burn-in iterations

Window=4 Iteration=1
Time for building model:         8 minutes 24 seconds
Time for sampling (singles):     1 minute 42 seconds
DAG statistics
mean edges/level: 9      max edges/level: 50
mean edges/node:  1.611  mean count/edge: 19

Window=4 Iteration=2
Time for building model:         6 minutes 41 seconds
Time for sampling (singles):     1 minute 9 seconds
DAG statistics
mean edges/level: 9      max edges/level: 28
mean edges/node:  1.465  mean count/edge: 19

Window=4 Iteration=3
Time for building model:         5 minutes 35 seconds
Time for sampling (singles):     39 seconds
DAG statistics
mean edges/level: 8      max edges/level: 50
mean edges/node:  1.243  mean count/edge: 21

Window=4 Iteration=4
Time for building model:         5 minutes 2 seconds
Time for sampling (singles):     32 seconds
DAG statistics
mean edges/level: 8      max edges/level: 36
mean edges/node:  1.206  mean count/edge: 21

Window=4 Iteration=5
Time for building model:         6 minutes 32 seconds
Time for sampling (singles):     40 seconds
DAG statistics
mean edges/level: 8      max edges/level: 53
mean edges/node:  1.174  mean count/edge: 21

Window=4 Iteration=6
Time for building model:         4 minutes 33 seconds
Time for sampling (singles):     22 seconds
DAG statistics
mean edges/level: 8      max edges/level: 39
mean edges/node:  1.187  mean count/edge: 21

Window=4 Iteration=7
Time for building model:         5 minutes 31 seconds
Time for sampling (singles):     46 seconds
DAG statistics
mean edges/level: 12     max edges/level: 50
mean edges/node:  1.151  mean count/edge: 14

Window=4 Iteration=8
Time for building model:         3 minutes 13 seconds
Time for sampling (singles):     20 seconds
DAG statistics
mean edges/level: 8      max edges/level: 37
mean edges/node:  1.171  mean count/edge: 21

Window=4 Iteration=9
Time for building model:         3 minutes 2 seconds
Time for sampling (singles):     12 seconds
DAG statistics
mean edges/level: 9      max edges/level: 50
mean edges/node:  1.157  mean count/edge: 19

Window=4 Iteration=10
Time for building model:         3 minutes 33 seconds
Time for sampling (singles):     14 seconds
DAG statistics
mean edges/level: 9      max edges/level: 36
mean edges/node:  1.160  mean count/edge: 19

Starting phasing iterations

Window=4 Iteration=11
Time for building model:         1 minute 30 seconds
Time for sampling (singles):     4 minutes 39 seconds
DAG statistics
mean edges/level: 17     max edges/level: 54
mean edges/node:  1.088  mean count/edge: 10

Window=4 Iteration=12
Time for building model:         2 minutes 19 seconds
Time for sampling (singles):     3 minutes 54 seconds
DAG statistics
mean edges/level: 25     max edges/level: 53
mean edges/node:  1.062  mean count/edge: 7

Window=4 Iteration=13
Time for building model:         2 minutes 13 seconds
Time for sampling (singles):     3 minutes 39 seconds
DAG statistics
mean edges/level: 30     max edges/level: 54
mean edges/node:  1.045  mean count/edge: 6

Window=4 Iteration=14
Time for building model:         1 minute 15 seconds
Time for sampling (singles):     3 minutes 13 seconds
DAG statistics
mean edges/level: 33     max edges/level: 55
mean edges/node:  1.037  mean count/edge: 5

Window=4 Iteration=15
Time for building model:         1 minute 10 seconds
Time for sampling (singles):     3 minutes 8 seconds
DAG statistics
mean edges/level: 36     max edges/level: 59
mean edges/node:  1.032  mean count/edge: 5

Window 5 [ NC_037344.1:37177853-44965632 ]
target markers:      50000

Starting burn-in iterations

Window=5 Iteration=1
Time for building model:         4 minutes 15 seconds
Time for sampling (singles):     50 seconds
DAG statistics
mean edges/level: 10     max edges/level: 48
mean edges/node:  1.603  mean count/edge: 17

Window=5 Iteration=2
Time for building model:         5 minutes 6 seconds
Time for sampling (singles):     27 seconds
DAG statistics
mean edges/level: 8      max edges/level: 26
mean edges/node:  1.489  mean count/edge: 21

Window=5 Iteration=3
Time for building model:         4 minutes 12 seconds
Time for sampling (singles):     23 seconds
DAG statistics
mean edges/level: 10     max edges/level: 45
mean edges/node:  1.222  mean count/edge: 17

Window=5 Iteration=4
Time for building model:         4 minutes 1 second
Time for sampling (singles):     28 seconds
DAG statistics
mean edges/level: 8      max edges/level: 32
mean edges/node:  1.207  mean count/edge: 21

Window=5 Iteration=5
Time for building model:         3 minutes 57 seconds
Time for sampling (singles):     20 seconds
DAG statistics
mean edges/level: 9      max edges/level: 49
mean edges/node:  1.164  mean count/edge: 19

Window=5 Iteration=6
Time for building model:         4 minutes 24 seconds
Time for sampling (singles):     36 seconds
DAG statistics
mean edges/level: 8      max edges/level: 35
mean edges/node:  1.177  mean count/edge: 21

Window=5 Iteration=7
Time for building model:         4 minutes 32 seconds
Time for sampling (singles):     26 seconds
DAG statistics
mean edges/level: 8      max edges/level: 45
mean edges/node:  1.155  mean count/edge: 21

Window=5 Iteration=8
Time for building model:         4 minutes 4 seconds
Time for sampling (singles):     14 seconds
DAG statistics
mean edges/level: 8      max edges/level: 35
mean edges/node:  1.171  mean count/edge: 21

Window=5 Iteration=9
Time for building model:         4 minutes 2 seconds
Time for sampling (singles):     30 seconds
DAG statistics
mean edges/level: 8      max edges/level: 46
mean edges/node:  1.155  mean count/edge: 21

Window=5 Iteration=10
Time for building model:         4 minutes 9 seconds
Time for sampling (singles):     13 seconds
DAG statistics
mean edges/level: 8      max edges/level: 37
mean edges/node:  1.166  mean count/edge: 21

Starting phasing iterations

Window=5 Iteration=11
Time for building model:         1 minute 13 seconds
Time for sampling (singles):     5 minutes 53 seconds
DAG statistics
mean edges/level: 14     max edges/level: 50
mean edges/node:  1.094  mean count/edge: 12

Window=5 Iteration=12
Time for building model:         1 minute 38 seconds
Time for sampling (singles):     3 minutes 42 seconds
DAG statistics
mean edges/level: 12     max edges/level: 42
mean edges/node:  1.106  mean count/edge: 14

Window=5 Iteration=13
Time for building model:         1 minute 15 seconds
Time for sampling (singles):     2 minutes 46 seconds
DAG statistics
mean edges/level: 14     max edges/level: 47
mean edges/node:  1.087  mean count/edge: 12

Window=5 Iteration=14
Time for building model:         33 seconds
Time for sampling (singles):     59 seconds
DAG statistics
mean edges/level: 26     max edges/level: 52
mean edges/node:  1.054  mean count/edge: 7

Window=5 Iteration=15
Time for building model:         6 seconds
Time for sampling (singles):     19 seconds
DAG statistics
mean edges/level: 31     max edges/level: 54
mean edges/node:  1.037  mean count/edge: 5

Window 6 [ NC_037344.1:44645140-51114136 ]
target markers:      50000

Starting burn-in iterations

Window=6 Iteration=1
Time for building model:         3 seconds
Time for sampling (singles):     8 seconds
DAG statistics
mean edges/level: 9      max edges/level: 46
mean edges/node:  1.631  mean count/edge: 19

Window=6 Iteration=2
Time for building model:         5 seconds
Time for sampling (singles):     16 seconds
DAG statistics
mean edges/level: 12     max edges/level: 30
mean edges/node:  1.440  mean count/edge: 14

Window=6 Iteration=3
Time for building model:         4 seconds
Time for sampling (singles):     9 seconds
DAG statistics
mean edges/level: 9      max edges/level: 46
mean edges/node:  1.266  mean count/edge: 19

Window=6 Iteration=4
Time for building model:         3 seconds
Time for sampling (singles):     12 seconds
DAG statistics
mean edges/level: 10     max edges/level: 37
mean edges/node:  1.216  mean count/edge: 17

Window=6 Iteration=5
Time for building model:         3 seconds
Time for sampling (singles):     10 seconds
DAG statistics
mean edges/level: 9      max edges/level: 47
mean edges/node:  1.187  mean count/edge: 19

Window=6 Iteration=6
Time for building model:         4 seconds
Time for sampling (singles):     22 seconds
DAG statistics
mean edges/level: 14     max edges/level: 39
mean edges/node:  1.159  mean count/edge: 12

Window=6 Iteration=7
Time for building model:         3 seconds
Time for sampling (singles):     9 seconds
DAG statistics
mean edges/level: 9      max edges/level: 46
mean edges/node:  1.167  mean count/edge: 19

Window=6 Iteration=8
Time for building model:         9 seconds
Time for sampling (singles):     18 seconds
DAG statistics
mean edges/level: 12     max edges/level: 40
mean edges/node:  1.158  mean count/edge: 14

Window=6 Iteration=9
Time for building model:         3 seconds
Time for sampling (singles):     9 seconds
DAG statistics
mean edges/level: 9      max edges/level: 48
mean edges/node:  1.163  mean count/edge: 19

Window=6 Iteration=10
Time for building model:         12 seconds
Time for sampling (singles):     21 seconds
DAG statistics
mean edges/level: 13     max edges/level: 43
mean edges/node:  1.149  mean count/edge: 13

Starting phasing iterations

Window=6 Iteration=11
Time for building model:         5 seconds
Time for sampling (singles):     1 minute 6 seconds
DAG statistics
mean edges/level: 25     max edges/level: 52
mean edges/node:  1.064  mean count/edge: 7

Window=6 Iteration=12
Time for building model:         5 seconds
Time for sampling (singles):     13 seconds
DAG statistics
mean edges/level: 30     max edges/level: 56
mean edges/node:  1.049  mean count/edge: 6

Window=6 Iteration=13
Time for building model:         5 seconds
Time for sampling (singles):     1 minute 7 seconds
DAG statistics
mean edges/level: 34     max edges/level: 62
mean edges/node:  1.040  mean count/edge: 5

Window=6 Iteration=14
Time for building model:         5 seconds
Time for sampling (singles):     11 seconds
DAG statistics
mean edges/level: 37     max edges/level: 57
mean edges/node:  1.034  mean count/edge: 5

Window=6 Iteration=15
Time for building model:         5 seconds
Time for sampling (singles):     25 seconds
DAG statistics
mean edges/level: 39     max edges/level: 62
mean edges/node:  1.031  mean count/edge: 4

Window 7 [ NC_037344.1:50640155-59317459 ]
target markers:      50000

Starting burn-in iterations

Window=7 Iteration=1
Time for building model:         4 seconds
Time for sampling (singles):     10 seconds
DAG statistics
mean edges/level: 10     max edges/level: 45
mean edges/node:  1.640  mean count/edge: 17

Window=7 Iteration=2
Time for building model:         4 seconds
Time for sampling (singles):     13 seconds
DAG statistics
mean edges/level: 10     max edges/level: 32
mean edges/node:  1.482  mean count/edge: 17

Window=7 Iteration=3
Time for building model:         5 seconds
Time for sampling (singles):     15 seconds
DAG statistics
mean edges/level: 11     max edges/level: 44
mean edges/node:  1.263  mean count/edge: 15

Window=7 Iteration=4
Time for building model:         3 seconds
Time for sampling (singles):     14 seconds
DAG statistics
mean edges/level: 10     max edges/level: 39
mean edges/node:  1.227  mean count/edge: 17

Window=7 Iteration=5
Time for building model:         7 seconds
Time for sampling (singles):     20 seconds
DAG statistics
mean edges/level: 13     max edges/level: 46
mean edges/node:  1.174  mean count/edge: 13

Window=7 Iteration=6
Time for building model:         3 seconds
Time for sampling (singles):     9 seconds
DAG statistics
mean edges/level: 8      max edges/level: 41
mean edges/node:  1.207  mean count/edge: 21

Window=7 Iteration=7
Time for building model:         8 seconds
Time for sampling (singles):     17 seconds
DAG statistics
mean edges/level: 12     max edges/level: 47
mean edges/node:  1.168  mean count/edge: 14

Window=7 Iteration=8
Time for building model:         5 seconds
Time for sampling (singles):     26 seconds
DAG statistics
mean edges/level: 15     max edges/level: 42
mean edges/node:  1.150  mean count/edge: 11

Window=7 Iteration=9
Time for building model:         5 seconds
Time for sampling (singles):     26 seconds
DAG statistics
mean edges/level: 15     max edges/level: 45
mean edges/node:  1.125  mean count/edge: 11

Window=7 Iteration=10
Time for building model:         1 minute 7 seconds
Time for sampling (singles):     12 seconds
DAG statistics
mean edges/level: 8      max edges/level: 38
mean edges/node:  1.190  mean count/edge: 21

Starting phasing iterations

Window=7 Iteration=11
Time for building model:         41 seconds
Time for sampling (singles):     3 minutes 44 seconds
DAG statistics
mean edges/level: 21     max edges/level: 51
mean edges/node:  1.081  mean count/edge: 8

Window=7 Iteration=12
Time for building model:         1 minute 36 seconds
Time for sampling (singles):     5 minutes 1 second
DAG statistics
mean edges/level: 29     max edges/level: 56
mean edges/node:  1.059  mean count/edge: 6

Window=7 Iteration=13
Time for building model:         2 minutes 2 seconds
Time for sampling (singles):     3 minutes 49 seconds
DAG statistics
mean edges/level: 27     max edges/level: 56
mean edges/node:  1.054  mean count/edge: 6

Window=7 Iteration=14
Time for building model:         1 minute 31 seconds
Time for sampling (singles):     3 minutes 3 seconds
DAG statistics
mean edges/level: 34     max edges/level: 60
mean edges/node:  1.044  mean count/edge: 5

Window=7 Iteration=15
Time for building model:         1 minute 26 seconds
Time for sampling (singles):     2 minutes 25 seconds
DAG statistics
mean edges/level: 37     max edges/level: 60
mean edges/node:  1.036  mean count/edge: 5

Window 8 [ NC_037344.1:58774121-66051793 ]
target markers:      50000

Starting burn-in iterations

Window=8 Iteration=1
Time for building model:         1 minute 47 seconds
Time for sampling (singles):     10 seconds
DAG statistics
mean edges/level: 9      max edges/level: 46
mean edges/node:  1.675  mean count/edge: 19

Window=8 Iteration=2
Time for building model:         2 minutes 0 seconds
Time for sampling (singles):     16 seconds
DAG statistics
mean edges/level: 10     max edges/level: 32
mean edges/node:  1.534  mean count/edge: 17

Window=8 Iteration=3
Time for building model:         1 minute 39 seconds
Time for sampling (singles):     13 seconds
DAG statistics
mean edges/level: 10     max edges/level: 51
mean edges/node:  1.301  mean count/edge: 17

Window=8 Iteration=4
Time for building model:         1 minute 55 seconds
Time for sampling (singles):     33 seconds
DAG statistics
mean edges/level: 15     max edges/level: 52
mean edges/node:  1.196  mean count/edge: 11

Window=8 Iteration=5
Time for building model:         1 minute 11 seconds
Time for sampling (singles):     23 seconds
DAG statistics
mean edges/level: 11     max edges/level: 53
mean edges/node:  1.186  mean count/edge: 15

Window=8 Iteration=6
Time for building model:         1 minute 38 seconds
Time for sampling (singles):     20 seconds
DAG statistics
mean edges/level: 10     max edges/level: 38
mean edges/node:  1.206  mean count/edge: 17

Window=8 Iteration=7
Time for building model:         1 minute 52 seconds
Time for sampling (singles):     13 seconds
DAG statistics
mean edges/level: 9      max edges/level: 48
mean edges/node:  1.200  mean count/edge: 19

Window=8 Iteration=8
Time for building model:         2 minutes 0 seconds
Time for sampling (singles):     25 seconds
DAG statistics
mean edges/level: 12     max edges/level: 47
mean edges/node:  1.179  mean count/edge: 14

Window=8 Iteration=9
Time for building model:         2 minutes 3 seconds
Time for sampling (singles):     12 seconds
DAG statistics
mean edges/level: 9      max edges/level: 52
mean edges/node:  1.189  mean count/edge: 19

Window=8 Iteration=10
Time for building model:         1 minute 54 seconds
Time for sampling (singles):     25 seconds
DAG statistics
mean edges/level: 12     max edges/level: 47
mean edges/node:  1.173  mean count/edge: 14

Starting phasing iterations

Window=8 Iteration=11
Time for building model:         1 minute 3 seconds
Time for sampling (singles):     4 minutes 13 seconds
DAG statistics
mean edges/level: 24     max edges/level: 54
mean edges/node:  1.080  mean count/edge: 7

Window=8 Iteration=12
Time for building model:         1 minute 42 seconds
Time for sampling (singles):     3 minutes 44 seconds
DAG statistics
mean edges/level: 29     max edges/level: 62
mean edges/node:  1.060  mean count/edge: 6

Window=8 Iteration=13
Time for building model:         2 minutes 26 seconds
Time for sampling (singles):     4 minutes 19 seconds
DAG statistics
mean edges/level: 33     max edges/level: 60
mean edges/node:  1.049  mean count/edge: 5

Window=8 Iteration=14
Time for building model:         2 minutes 19 seconds
Time for sampling (singles):     4 minutes 31 seconds
DAG statistics
mean edges/level: 36     max edges/level: 58
mean edges/node:  1.042  mean count/edge: 5

Window=8 Iteration=15
Time for building model:         2 minutes 43 seconds
Time for sampling (singles):     4 minutes 20 seconds
DAG statistics
mean edges/level: 38     max edges/level: 62
mean edges/node:  1.037  mean count/edge: 4

Window 9 [ NC_037344.1:65774316-72459071 ]
target markers:      50000

Starting burn-in iterations

Window=9 Iteration=1
Time for building model:         3 minutes 2 seconds
Time for sampling (singles):     20 seconds
DAG statistics
mean edges/level: 9      max edges/level: 51
mean edges/node:  1.615  mean count/edge: 19

Window=9 Iteration=2
Time for building model:         2 minutes 59 seconds
Time for sampling (singles):     34 seconds
DAG statistics
mean edges/level: 8      max edges/level: 31
mean edges/node:  1.602  mean count/edge: 21

Window=9 Iteration=3
Time for building model:         1 minute 55 seconds
Time for sampling (singles):     15 seconds
DAG statistics
mean edges/level: 10     max edges/level: 52
mean edges/node:  1.315  mean count/edge: 17

Window=9 Iteration=4
Time for building model:         1 minute 46 seconds
Time for sampling (singles):     10 seconds
DAG statistics
mean edges/level: 7      max edges/level: 26
mean edges/node:  1.333  mean count/edge: 24

Window=9 Iteration=5
Time for building model:         1 minute 49 seconds
Time for sampling (singles):     17 seconds
DAG statistics
mean edges/level: 10     max edges/level: 53
mean edges/node:  1.230  mean count/edge: 17

Window=9 Iteration=6
Time for building model:         2 minutes 8 seconds
Time for sampling (singles):     11 seconds
DAG statistics
mean edges/level: 7      max edges/level: 30
mean edges/node:  1.282  mean count/edge: 24

Window=9 Iteration=7
Time for building model:         1 minute 56 seconds
Time for sampling (singles):     12 seconds
DAG statistics
mean edges/level: 10     max edges/level: 53
mean edges/node:  1.217  mean count/edge: 17

Window=9 Iteration=8
Time for building model:         1 minute 39 seconds
Time for sampling (singles):     12 seconds
DAG statistics
mean edges/level: 9      max edges/level: 33
mean edges/node:  1.248  mean count/edge: 19

Window=9 Iteration=9
Time for building model:         2 minutes 13 seconds
Time for sampling (singles):     23 seconds
DAG statistics
mean edges/level: 11     max edges/level: 57
mean edges/node:  1.193  mean count/edge: 15

Window=9 Iteration=10
Time for building model:         1 minute 22 seconds
Time for sampling (singles):     9 seconds
DAG statistics
mean edges/level: 8      max edges/level: 33
mean edges/node:  1.254  mean count/edge: 21

Starting phasing iterations

Window=9 Iteration=11
Time for building model:         45 seconds
Time for sampling (singles):     3 minutes 52 seconds
DAG statistics
mean edges/level: 16     max edges/level: 55
mean edges/node:  1.130  mean count/edge: 11

Window=9 Iteration=12
Time for building model:         1 minute 2 seconds
Time for sampling (singles):     3 minutes 16 seconds
DAG statistics
mean edges/level: 12     max edges/level: 40
mean edges/node:  1.177  mean count/edge: 14

Window=9 Iteration=13
Time for building model:         58 seconds
Time for sampling (singles):     3 minutes 36 seconds
DAG statistics
mean edges/level: 18     max edges/level: 57
mean edges/node:  1.119  mean count/edge: 9

Window=9 Iteration=14
Time for building model:         57 seconds
Time for sampling (singles):     2 minutes 59 seconds
DAG statistics
mean edges/level: 26     max edges/level: 52
mean edges/node:  1.083  mean count/edge: 7

Window=9 Iteration=15
Time for building model:         1 minute 8 seconds
Time for sampling (singles):     3 minutes 1 second
DAG statistics
mean edges/level: 29     max edges/level: 55
mean edges/node:  1.068  mean count/edge: 6

Window 10 [ NC_037344.1:72096520-73128861 ]
target markers:       6756

Starting burn-in iterations

Window=10 Iteration=1
Time for building model:         8 seconds
Time for sampling (singles):     1 second
DAG statistics
mean edges/level: 12     max edges/level: 44
mean edges/node:  1.367  mean count/edge: 14

Window=10 Iteration=2
Time for building model:         9 seconds
Time for sampling (singles):     2 seconds
DAG statistics
mean edges/level: 13     max edges/level: 42
mean edges/node:  1.326  mean count/edge: 13

Window=10 Iteration=3
Time for building model:         14 seconds
Time for sampling (singles):     2 seconds
DAG statistics
mean edges/level: 14     max edges/level: 39
mean edges/node:  1.240  mean count/edge: 12

Window=10 Iteration=4
Time for building model:         15 seconds
Time for sampling (singles):     2 seconds
DAG statistics
mean edges/level: 15     max edges/level: 44
mean edges/node:  1.186  mean count/edge: 11

Window=10 Iteration=5
Time for building model:         12 seconds
Time for sampling (singles):     2 seconds
DAG statistics
mean edges/level: 15     max edges/level: 41
mean edges/node:  1.168  mean count/edge: 11

Window=10 Iteration=6
Time for building model:         14 seconds
Time for sampling (singles):     2 seconds
DAG statistics
mean edges/level: 16     max edges/level: 42
mean edges/node:  1.153  mean count/edge: 11

Window=10 Iteration=7
Time for building model:         16 seconds
Time for sampling (singles):     3 seconds
DAG statistics
mean edges/level: 16     max edges/level: 45
mean edges/node:  1.143  mean count/edge: 11

Window=10 Iteration=8
Time for building model:         12 seconds
Time for sampling (singles):     6 seconds
DAG statistics
mean edges/level: 17     max edges/level: 43
mean edges/node:  1.134  mean count/edge: 10

Window=10 Iteration=9
Time for building model:         14 seconds
Time for sampling (singles):     4 seconds
DAG statistics
mean edges/level: 17     max edges/level: 46
mean edges/node:  1.130  mean count/edge: 10

Window=10 Iteration=10
Time for building model:         21 seconds
Time for sampling (singles):     4 seconds
DAG statistics
mean edges/level: 17     max edges/level: 46
mean edges/node:  1.123  mean count/edge: 10

Starting phasing iterations

Window=10 Iteration=11
Time for building model:         10 seconds
Time for sampling (singles):     22 seconds
DAG statistics
mean edges/level: 22     max edges/level: 46
mean edges/node:  1.097  mean count/edge: 8

Window=10 Iteration=12
Time for building model:         6 seconds
Time for sampling (singles):     24 seconds
DAG statistics
mean edges/level: 25     max edges/level: 47
mean edges/node:  1.081  mean count/edge: 7

Window=10 Iteration=13
Time for building model:         5 seconds
Time for sampling (singles):     24 seconds
DAG statistics
mean edges/level: 27     max edges/level: 45
mean edges/node:  1.072  mean count/edge: 6

Window=10 Iteration=14
Time for building model:         8 seconds
Time for sampling (singles):     21 seconds
DAG statistics
mean edges/level: 29     max edges/level: 50
mean edges/node:  1.062  mean count/edge: 6

Window=10 Iteration=15
Time for building model:         9 seconds
Time for sampling (singles):     22 seconds
DAG statistics
mean edges/level: 31     max edges/level: 52
mean edges/node:  1.057  mean count/edge: 5

Number of markers:              429756
Total time for building model: 4 hours 49 minutes 19 seconds
Total time for sampling:       3 hours 11 minutes 41 seconds
Total run time:                8 hours 18 minutes 21 seconds

End time: 03:34 AM CEST on 05 Apr 2024
beagle.27Jan18.7e1.jar (version 4.1) finished
