beagle.27Jan18.7e1.jar (version 4.1)
Copyright (C) 2014-2015 Brian L. Browning
Enter "java -jar beagle.27Jan18.7e1.jar" for a summary of command line arguments.
Start time: 07:16 PM CEST on 04 Apr 2024

Command line: java -Xmx54613m -jar beagle.jar
  gl=results/gl/Bostau9_tragmain2_sites_variable_noindels_renamed_Tory.bcf.gz.NC_037343.1.vcf.gz
  chrom=NC_037343.1
  out=results/imputed/Bostau9_tragmain2_sites_variable_noindels_renamed_Tory.bcf.gz.NC_037343.1
  nthreads=6

No genetic map is specified: using 1 cM = 1 Mb

reference samples:       0
target samples:         85

Window 1 [ NC_037343.1:208657-8071511 ]
target markers:      50000

Starting burn-in iterations

Window=1 Iteration=1
Time for building model:         7 seconds
Time for sampling (singles):     7 seconds
DAG statistics
mean edges/level: 6      max edges/level: 24
mean edges/node:  1.825  mean count/edge: 28

Window=1 Iteration=2
Time for building model:         9 seconds
Time for sampling (singles):     7 seconds
DAG statistics
mean edges/level: 6      max edges/level: 24
mean edges/node:  1.651  mean count/edge: 28

Window=1 Iteration=3
Time for building model:         3 seconds
Time for sampling (singles):     6 seconds
DAG statistics
mean edges/level: 5      max edges/level: 21
mean edges/node:  1.499  mean count/edge: 34

Window=1 Iteration=4
Time for building model:         5 seconds
Time for sampling (singles):     7 seconds
DAG statistics
mean edges/level: 5      max edges/level: 24
mean edges/node:  1.418  mean count/edge: 34

Window=1 Iteration=5
Time for building model:         13 seconds
Time for sampling (singles):     6 seconds
DAG statistics
mean edges/level: 5      max edges/level: 23
mean edges/node:  1.386  mean count/edge: 34

Window=1 Iteration=6
Time for building model:         4 seconds
Time for sampling (singles):     6 seconds
DAG statistics
mean edges/level: 5      max edges/level: 27
mean edges/node:  1.357  mean count/edge: 34

Window=1 Iteration=7
Time for building model:         25 seconds
Time for sampling (singles):     5 seconds
DAG statistics
mean edges/level: 5      max edges/level: 24
mean edges/node:  1.346  mean count/edge: 34

Window=1 Iteration=8
Time for building model:         29 seconds
Time for sampling (singles):     7 seconds
DAG statistics
mean edges/level: 6      max edges/level: 34
mean edges/node:  1.323  mean count/edge: 28

Window=1 Iteration=9
Time for building model:         20 seconds
Time for sampling (singles):     5 seconds
DAG statistics
mean edges/level: 5      max edges/level: 23
mean edges/node:  1.325  mean count/edge: 34

Window=1 Iteration=10
Time for building model:         38 seconds
Time for sampling (singles):     8 seconds
DAG statistics
mean edges/level: 6      max edges/level: 30
mean edges/node:  1.315  mean count/edge: 28

Starting phasing iterations

Window=1 Iteration=11
Time for building model:         19 seconds
Time for sampling (singles):     1 minute 9 seconds
DAG statistics
mean edges/level: 7      max edges/level: 24
mean edges/node:  1.294  mean count/edge: 24

Window=1 Iteration=12
Time for building model:         5 seconds
Time for sampling (singles):     1 minute 21 seconds
DAG statistics
mean edges/level: 8      max edges/level: 35
mean edges/node:  1.276  mean count/edge: 21

Window=1 Iteration=13
Time for building model:         47 seconds
Time for sampling (singles):     2 minutes 54 seconds
DAG statistics
mean edges/level: 16     max edges/level: 51
mean edges/node:  1.157  mean count/edge: 11

Window=1 Iteration=14
Time for building model:         13 seconds
Time for sampling (singles):     3 minutes 18 seconds
DAG statistics
mean edges/level: 19     max edges/level: 50
mean edges/node:  1.125  mean count/edge: 9

Window=1 Iteration=15
Time for building model:         2 minutes 6 seconds
Time for sampling (singles):     4 minutes 59 seconds
DAG statistics
mean edges/level: 21     max edges/level: 49
mean edges/node:  1.104  mean count/edge: 8

Window 2 [ NC_037343.1:7637761-17410472 ]
target markers:      50000

Starting burn-in iterations

Window=2 Iteration=1
Time for building model:         4 minutes 50 seconds
Time for sampling (singles):     49 seconds
DAG statistics
mean edges/level: 9      max edges/level: 37
mean edges/node:  1.657  mean count/edge: 19

Window=2 Iteration=2
Time for building model:         6 minutes 6 seconds
Time for sampling (singles):     19 seconds
DAG statistics
mean edges/level: 8      max edges/level: 25
mean edges/node:  1.482  mean count/edge: 21

Window=2 Iteration=3
Time for building model:         4 minutes 27 seconds
Time for sampling (singles):     42 seconds
DAG statistics
mean edges/level: 7      max edges/level: 37
mean edges/node:  1.255  mean count/edge: 24

Window=2 Iteration=4
Time for building model:         3 minutes 52 seconds
Time for sampling (singles):     28 seconds
DAG statistics
mean edges/level: 8      max edges/level: 31
mean edges/node:  1.203  mean count/edge: 21

Window=2 Iteration=5
Time for building model:         5 minutes 39 seconds
Time for sampling (singles):     25 seconds
DAG statistics
mean edges/level: 7      max edges/level: 37
mean edges/node:  1.181  mean count/edge: 24

Window=2 Iteration=6
Time for building model:         6 minutes 39 seconds
Time for sampling (singles):     16 seconds
DAG statistics
mean edges/level: 7      max edges/level: 32
mean edges/node:  1.180  mean count/edge: 24

Window=2 Iteration=7
Time for building model:         5 minutes 28 seconds
Time for sampling (singles):     29 seconds
DAG statistics
mean edges/level: 8      max edges/level: 38
mean edges/node:  1.164  mean count/edge: 21

Window=2 Iteration=8
Time for building model:         4 minutes 22 seconds
Time for sampling (singles):     28 seconds
DAG statistics
mean edges/level: 7      max edges/level: 32
mean edges/node:  1.168  mean count/edge: 24

Window=2 Iteration=9
Time for building model:         4 minutes 25 seconds
Time for sampling (singles):     14 seconds
DAG statistics
mean edges/level: 7      max edges/level: 37
mean edges/node:  1.161  mean count/edge: 24

Window=2 Iteration=10
Time for building model:         5 minutes 0 seconds
Time for sampling (singles):     15 seconds
DAG statistics
mean edges/level: 7      max edges/level: 31
mean edges/node:  1.164  mean count/edge: 24

Starting phasing iterations

Window=2 Iteration=11
Time for building model:         1 minute 30 seconds
Time for sampling (singles):     6 minutes 11 seconds
DAG statistics
mean edges/level: 8      max edges/level: 39
mean edges/node:  1.149  mean count/edge: 21

Window=2 Iteration=12
Time for building model:         2 minutes 18 seconds
Time for sampling (singles):     7 minutes 3 seconds
DAG statistics
mean edges/level: 11     max edges/level: 45
mean edges/node:  1.114  mean count/edge: 15

Window=2 Iteration=13
Time for building model:         2 minutes 7 seconds
Time for sampling (singles):     7 minutes 29 seconds
DAG statistics
mean edges/level: 11     max edges/level: 36
mean edges/node:  1.113  mean count/edge: 15

Window=2 Iteration=14
Time for building model:         3 minutes 12 seconds
Time for sampling (singles):     6 minutes 21 seconds
DAG statistics
mean edges/level: 22     max edges/level: 44
mean edges/node:  1.065  mean count/edge: 8

Window=2 Iteration=15
Time for building model:         2 minutes 26 seconds
Time for sampling (singles):     5 minutes 50 seconds
DAG statistics
mean edges/level: 27     max edges/level: 52
mean edges/node:  1.044  mean count/edge: 6

Window 3 [ NC_037343.1:16683703-26050826 ]
target markers:      50000

Starting burn-in iterations

Window=3 Iteration=1
Time for building model:         6 minutes 14 seconds
Time for sampling (singles):     44 seconds
DAG statistics
mean edges/level: 9      max edges/level: 43
mean edges/node:  1.649  mean count/edge: 19

Window=3 Iteration=2
Time for building model:         5 minutes 29 seconds
Time for sampling (singles):     32 seconds
DAG statistics
mean edges/level: 10     max edges/level: 30
mean edges/node:  1.467  mean count/edge: 17

Window=3 Iteration=3
Time for building model:         4 minutes 49 seconds
Time for sampling (singles):     26 seconds
DAG statistics
mean edges/level: 9      max edges/level: 40
mean edges/node:  1.254  mean count/edge: 19

Window=3 Iteration=4
Time for building model:         5 minutes 40 seconds
Time for sampling (singles):     29 seconds
DAG statistics
mean edges/level: 10     max edges/level: 41
mean edges/node:  1.198  mean count/edge: 17

Window=3 Iteration=5
Time for building model:         4 minutes 58 seconds
Time for sampling (singles):     30 seconds
DAG statistics
mean edges/level: 10     max edges/level: 44
mean edges/node:  1.173  mean count/edge: 17

Window=3 Iteration=6
Time for building model:         4 minutes 24 seconds
Time for sampling (singles):     18 seconds
DAG statistics
mean edges/level: 10     max edges/level: 44
mean edges/node:  1.172  mean count/edge: 17

Window=3 Iteration=7
Time for building model:         4 minutes 49 seconds
Time for sampling (singles):     16 seconds
DAG statistics
mean edges/level: 8      max edges/level: 41
mean edges/node:  1.172  mean count/edge: 21

Window=3 Iteration=8
Time for building model:         5 minutes 43 seconds
Time for sampling (singles):     37 seconds
DAG statistics
mean edges/level: 13     max edges/level: 45
mean edges/node:  1.152  mean count/edge: 13

Window=3 Iteration=9
Time for building model:         3 minutes 54 seconds
Time for sampling (singles):     30 seconds
DAG statistics
mean edges/level: 10     max edges/level: 41
mean edges/node:  1.153  mean count/edge: 17

Window=3 Iteration=10
Time for building model:         5 minutes 13 seconds
Time for sampling (singles):     58 seconds
DAG statistics
mean edges/level: 11     max edges/level: 45
mean edges/node:  1.152  mean count/edge: 15

Starting phasing iterations

Window=3 Iteration=11
Time for building model:         2 minutes 20 seconds
Time for sampling (singles):     7 minutes 18 seconds
DAG statistics
mean edges/level: 23     max edges/level: 50
mean edges/node:  1.069  mean count/edge: 7

Window=3 Iteration=12
Time for building model:         2 minutes 18 seconds
Time for sampling (singles):     7 minutes 11 seconds
DAG statistics
mean edges/level: 29     max edges/level: 54
mean edges/node:  1.050  mean count/edge: 6

Window=3 Iteration=13
Time for building model:         3 minutes 25 seconds
Time for sampling (singles):     6 minutes 44 seconds
DAG statistics
mean edges/level: 33     max edges/level: 58
mean edges/node:  1.039  mean count/edge: 5

Window=3 Iteration=14
Time for building model:         3 minutes 18 seconds
Time for sampling (singles):     7 minutes 7 seconds
DAG statistics
mean edges/level: 36     max edges/level: 56
mean edges/node:  1.033  mean count/edge: 5

Window=3 Iteration=15
Time for building model:         3 minutes 7 seconds
Time for sampling (singles):     6 minutes 10 seconds
DAG statistics
mean edges/level: 39     max edges/level: 60
mean edges/node:  1.029  mean count/edge: 4

Window 4 [ NC_037343.1:25659471-33611926 ]
target markers:      50000

Starting burn-in iterations

Window=4 Iteration=1
Time for building model:         6 minutes 7 seconds
Time for sampling (singles):     1 minute 1 second
DAG statistics
mean edges/level: 10     max edges/level: 54
mean edges/node:  1.595  mean count/edge: 17

Window=4 Iteration=2
Time for building model:         4 minutes 14 seconds
Time for sampling (singles):     21 seconds
DAG statistics
mean edges/level: 9      max edges/level: 28
mean edges/node:  1.525  mean count/edge: 19

Window=4 Iteration=3
Time for building model:         3 minutes 18 seconds
Time for sampling (singles):     24 seconds
DAG statistics
mean edges/level: 10     max edges/level: 53
mean edges/node:  1.254  mean count/edge: 17

Window=4 Iteration=4
Time for building model:         3 minutes 21 seconds
Time for sampling (singles):     28 seconds
DAG statistics
mean edges/level: 10     max edges/level: 33
mean edges/node:  1.219  mean count/edge: 17

Window=4 Iteration=5
Time for building model:         3 minutes 0 seconds
Time for sampling (singles):     30 seconds
DAG statistics
mean edges/level: 9      max edges/level: 53
mean edges/node:  1.186  mean count/edge: 19

Window=4 Iteration=6
Time for building model:         3 minutes 12 seconds
Time for sampling (singles):     22 seconds
DAG statistics
mean edges/level: 10     max edges/level: 37
mean edges/node:  1.182  mean count/edge: 17

Window=4 Iteration=7
Time for building model:         2 minutes 20 seconds
Time for sampling (singles):     15 seconds
DAG statistics
mean edges/level: 9      max edges/level: 53
mean edges/node:  1.170  mean count/edge: 19

Window=4 Iteration=8
Time for building model:         2 minutes 52 seconds
Time for sampling (singles):     21 seconds
DAG statistics
mean edges/level: 12     max edges/level: 38
mean edges/node:  1.163  mean count/edge: 14

Window=4 Iteration=9
Time for building model:         2 minutes 38 seconds
Time for sampling (singles):     14 seconds
DAG statistics
mean edges/level: 9      max edges/level: 55
mean edges/node:  1.164  mean count/edge: 19

Window=4 Iteration=10
Time for building model:         2 minutes 33 seconds
Time for sampling (singles):     28 seconds
DAG statistics
mean edges/level: 10     max edges/level: 41
mean edges/node:  1.167  mean count/edge: 17

Starting phasing iterations

Window=4 Iteration=11
Time for building model:         50 seconds
Time for sampling (singles):     3 minutes 53 seconds
DAG statistics
mean edges/level: 13     max edges/level: 56
mean edges/node:  1.114  mean count/edge: 13

Window=4 Iteration=12
Time for building model:         56 seconds
Time for sampling (singles):     3 minutes 20 seconds
DAG statistics
mean edges/level: 11     max edges/level: 49
mean edges/node:  1.136  mean count/edge: 15

Window=4 Iteration=13
Time for building model:         1 minute 6 seconds
Time for sampling (singles):     4 minutes 46 seconds
DAG statistics
mean edges/level: 10     max edges/level: 55
mean edges/node:  1.134  mean count/edge: 17

Window=4 Iteration=14
Time for building model:         2 minutes 19 seconds
Time for sampling (singles):     5 minutes 15 seconds
DAG statistics
mean edges/level: 23     max edges/level: 48
mean edges/node:  1.077  mean count/edge: 7

Window=4 Iteration=15
Time for building model:         1 minute 53 seconds
Time for sampling (singles):     5 minutes 2 seconds
DAG statistics
mean edges/level: 30     max edges/level: 57
mean edges/node:  1.049  mean count/edge: 6

Window 5 [ NC_037343.1:32937645-42494534 ]
target markers:      50000

Starting burn-in iterations

Window=5 Iteration=1
Time for building model:         5 minutes 36 seconds
Time for sampling (singles):     48 seconds
DAG statistics
mean edges/level: 10     max edges/level: 49
mean edges/node:  1.615  mean count/edge: 17

Window=5 Iteration=2
Time for building model:         4 minutes 55 seconds
Time for sampling (singles):     43 seconds
DAG statistics
mean edges/level: 9      max edges/level: 29
mean edges/node:  1.471  mean count/edge: 19

Window=5 Iteration=3
Time for building model:         4 minutes 40 seconds
Time for sampling (singles):     30 seconds
DAG statistics
mean edges/level: 9      max edges/level: 46
mean edges/node:  1.245  mean count/edge: 19

Window=5 Iteration=4
Time for building model:         4 minutes 48 seconds
Time for sampling (singles):     27 seconds
DAG statistics
mean edges/level: 8      max edges/level: 38
mean edges/node:  1.216  mean count/edge: 21

Window=5 Iteration=5
Time for building model:         3 minutes 59 seconds
Time for sampling (singles):     12 seconds
DAG statistics
mean edges/level: 8      max edges/level: 45
mean edges/node:  1.188  mean count/edge: 21

Window=5 Iteration=6
Time for building model:         4 minutes 12 seconds
Time for sampling (singles):     36 seconds
DAG statistics
mean edges/level: 9      max edges/level: 49
mean edges/node:  1.176  mean count/edge: 19

Window=5 Iteration=7
Time for building model:         3 minutes 33 seconds
Time for sampling (singles):     18 seconds
DAG statistics
mean edges/level: 8      max edges/level: 46
mean edges/node:  1.172  mean count/edge: 21

Window=5 Iteration=8
Time for building model:         2 minutes 41 seconds
Time for sampling (singles):     17 seconds
DAG statistics
mean edges/level: 10     max edges/level: 39
mean edges/node:  1.166  mean count/edge: 17

Window=5 Iteration=9
Time for building model:         2 minutes 59 seconds
Time for sampling (singles):     13 seconds
DAG statistics
mean edges/level: 8      max edges/level: 50
mean edges/node:  1.166  mean count/edge: 21

Window=5 Iteration=10
Time for building model:         2 minutes 15 seconds
Time for sampling (singles):     18 seconds
DAG statistics
mean edges/level: 10     max edges/level: 40
mean edges/node:  1.162  mean count/edge: 17

Starting phasing iterations

Window=5 Iteration=11
Time for building model:         1 minute 4 seconds
Time for sampling (singles):     4 minutes 37 seconds
DAG statistics
mean edges/level: 13     max edges/level: 49
mean edges/node:  1.107  mean count/edge: 13

Window=5 Iteration=12
Time for building model:         1 minute 32 seconds
Time for sampling (singles):     3 minutes 41 seconds
DAG statistics
mean edges/level: 16     max edges/level: 44
mean edges/node:  1.099  mean count/edge: 11

Window=5 Iteration=13
Time for building model:         1 minute 4 seconds
Time for sampling (singles):     4 minutes 24 seconds
DAG statistics
mean edges/level: 26     max edges/level: 51
mean edges/node:  1.062  mean count/edge: 7

Window=5 Iteration=14
Time for building model:         58 seconds
Time for sampling (singles):     3 minutes 9 seconds
DAG statistics
mean edges/level: 30     max edges/level: 53
mean edges/node:  1.045  mean count/edge: 6

Window=5 Iteration=15
Time for building model:         25 seconds
Time for sampling (singles):     44 seconds
DAG statistics
mean edges/level: 34     max edges/level: 55
mean edges/node:  1.036  mean count/edge: 5

Window 6 [ NC_037343.1:41988687-50690468 ]
target markers:      50000

Starting burn-in iterations

Window=6 Iteration=1
Time for building model:         18 seconds
Time for sampling (singles):     10 seconds
DAG statistics
mean edges/level: 9      max edges/level: 51
mean edges/node:  1.632  mean count/edge: 19

Window=6 Iteration=2
Time for building model:         6 seconds
Time for sampling (singles):     17 seconds
DAG statistics
mean edges/level: 13     max edges/level: 48
mean edges/node:  1.400  mean count/edge: 13

Window=6 Iteration=3
Time for building model:         5 seconds
Time for sampling (singles):     19 seconds
DAG statistics
mean edges/level: 13     max edges/level: 47
mean edges/node:  1.216  mean count/edge: 13

Window=6 Iteration=4
Time for building model:         5 seconds
Time for sampling (singles):     28 seconds
DAG statistics
mean edges/level: 14     max edges/level: 41
mean edges/node:  1.159  mean count/edge: 12

Window=6 Iteration=5
Time for building model:         6 seconds
Time for sampling (singles):     13 seconds
DAG statistics
mean edges/level: 10     max edges/level: 55
mean edges/node:  1.161  mean count/edge: 17

Window=6 Iteration=6
Time for building model:         56 seconds
Time for sampling (singles):     15 seconds
DAG statistics
mean edges/level: 8      max edges/level: 38
mean edges/node:  1.201  mean count/edge: 21

Window=6 Iteration=7
Time for building model:         2 minutes 51 seconds
Time for sampling (singles):     21 seconds
DAG statistics
mean edges/level: 10     max edges/level: 51
mean edges/node:  1.167  mean count/edge: 17

Window=6 Iteration=8
Time for building model:         2 minutes 48 seconds
Time for sampling (singles):     24 seconds
DAG statistics
mean edges/level: 13     max edges/level: 40
mean edges/node:  1.162  mean count/edge: 13

Window=6 Iteration=9
Time for building model:         3 minutes 14 seconds
Time for sampling (singles):     40 seconds
DAG statistics
mean edges/level: 17     max edges/level: 54
mean edges/node:  1.120  mean count/edge: 10

Window=6 Iteration=10
Time for building model:         2 minutes 17 seconds
Time for sampling (singles):     13 seconds
DAG statistics
mean edges/level: 8      max edges/level: 30
mean edges/node:  1.183  mean count/edge: 21

Starting phasing iterations

Window=6 Iteration=11
Time for building model:         1 minute 4 seconds
Time for sampling (singles):     3 minutes 7 seconds
DAG statistics
mean edges/level: 24     max edges/level: 53
mean edges/node:  1.070  mean count/edge: 7

Window=6 Iteration=12
Time for building model:         1 minute 2 seconds
Time for sampling (singles):     2 minutes 17 seconds
DAG statistics
mean edges/level: 29     max edges/level: 54
mean edges/node:  1.053  mean count/edge: 6

Window=6 Iteration=13
Time for building model:         1 minute 1 second
Time for sampling (singles):     1 minute 36 seconds
DAG statistics
mean edges/level: 33     max edges/level: 55
mean edges/node:  1.043  mean count/edge: 5

Window=6 Iteration=14
Time for building model:         20 seconds
Time for sampling (singles):     56 seconds
DAG statistics
mean edges/level: 35     max edges/level: 59
mean edges/node:  1.037  mean count/edge: 5

Window=6 Iteration=15
Time for building model:         9 seconds
Time for sampling (singles):     20 seconds
DAG statistics
mean edges/level: 38     max edges/level: 59
mean edges/node:  1.033  mean count/edge: 4

Window 7 [ NC_037343.1:50160769-58552342 ]
target markers:      50000

Starting burn-in iterations

Window=7 Iteration=1
Time for building model:         4 seconds
Time for sampling (singles):     11 seconds
DAG statistics
mean edges/level: 9      max edges/level: 50
mean edges/node:  1.638  mean count/edge: 19

Window=7 Iteration=2
Time for building model:         6 seconds
Time for sampling (singles):     13 seconds
DAG statistics
mean edges/level: 10     max edges/level: 30
mean edges/node:  1.475  mean count/edge: 17

Window=7 Iteration=3
Time for building model:         7 seconds
Time for sampling (singles):     8 seconds
DAG statistics
mean edges/level: 9      max edges/level: 47
mean edges/node:  1.272  mean count/edge: 19

Window=7 Iteration=4
Time for building model:         4 seconds
Time for sampling (singles):     10 seconds
DAG statistics
mean edges/level: 8      max edges/level: 35
mean edges/node:  1.236  mean count/edge: 21

Window=7 Iteration=5
Time for building model:         2 seconds
Time for sampling (singles):     10 seconds
DAG statistics
mean edges/level: 9      max edges/level: 49
mean edges/node:  1.196  mean count/edge: 19

Window=7 Iteration=6
Time for building model:         5 seconds
Time for sampling (singles):     15 seconds
DAG statistics
mean edges/level: 10     max edges/level: 42
mean edges/node:  1.183  mean count/edge: 17

Window=7 Iteration=7
Time for building model:         7 seconds
Time for sampling (singles):     9 seconds
DAG statistics
mean edges/level: 8      max edges/level: 53
mean edges/node:  1.181  mean count/edge: 21

Window=7 Iteration=8
Time for building model:         11 seconds
Time for sampling (singles):     24 seconds
DAG statistics
mean edges/level: 11     max edges/level: 39
mean edges/node:  1.167  mean count/edge: 15

Window=7 Iteration=9
Time for building model:         15 seconds
Time for sampling (singles):     11 seconds
DAG statistics
mean edges/level: 9      max edges/level: 46
mean edges/node:  1.171  mean count/edge: 19

Window=7 Iteration=10
Time for building model:         22 seconds
Time for sampling (singles):     19 seconds
DAG statistics
mean edges/level: 10     max edges/level: 37
mean edges/node:  1.164  mean count/edge: 17

Starting phasing iterations

Window=7 Iteration=11
Time for building model:         6 seconds
Time for sampling (singles):     50 seconds
DAG statistics
mean edges/level: 10     max edges/level: 46
mean edges/node:  1.142  mean count/edge: 17

Window=7 Iteration=12
Time for building model:         35 seconds
Time for sampling (singles):     1 minute 12 seconds
DAG statistics
mean edges/level: 21     max edges/level: 47
mean edges/node:  1.084  mean count/edge: 8

Window=7 Iteration=13
Time for building model:         23 seconds
Time for sampling (singles):     1 minute 12 seconds
DAG statistics
mean edges/level: 28     max edges/level: 50
mean edges/node:  1.056  mean count/edge: 6

Window=7 Iteration=14
Time for building model:         26 seconds
Time for sampling (singles):     28 seconds
DAG statistics
mean edges/level: 32     max edges/level: 58
mean edges/node:  1.043  mean count/edge: 5

Window=7 Iteration=15
Time for building model:         7 seconds
Time for sampling (singles):     19 seconds
DAG statistics
mean edges/level: 35     max edges/level: 57
mean edges/node:  1.036  mean count/edge: 5

Window 8 [ NC_037343.1:58134873-65532230 ]
target markers:      50000

Starting burn-in iterations

Window=8 Iteration=1
Time for building model:         4 seconds
Time for sampling (singles):     9 seconds
DAG statistics
mean edges/level: 10     max edges/level: 51
mean edges/node:  1.591  mean count/edge: 17

Window=8 Iteration=2
Time for building model:         3 seconds
Time for sampling (singles):     9 seconds
DAG statistics
mean edges/level: 9      max edges/level: 27
mean edges/node:  1.538  mean count/edge: 19

Window=8 Iteration=3
Time for building model:         3 seconds
Time for sampling (singles):     13 seconds
DAG statistics
mean edges/level: 10     max edges/level: 50
mean edges/node:  1.263  mean count/edge: 17

Window=8 Iteration=4
Time for building model:         3 seconds
Time for sampling (singles):     10 seconds
DAG statistics
mean edges/level: 8      max edges/level: 32
mean edges/node:  1.242  mean count/edge: 21

Window=8 Iteration=5
Time for building model:         3 seconds
Time for sampling (singles):     12 seconds
DAG statistics
mean edges/level: 10     max edges/level: 49
mean edges/node:  1.186  mean count/edge: 17

Window=8 Iteration=6
Time for building model:         3 seconds
Time for sampling (singles):     11 seconds
DAG statistics
mean edges/level: 9      max edges/level: 40
mean edges/node:  1.201  mean count/edge: 19

Window=8 Iteration=7
Time for building model:         11 seconds
Time for sampling (singles):     12 seconds
DAG statistics
mean edges/level: 11     max edges/level: 50
mean edges/node:  1.168  mean count/edge: 15

Window=8 Iteration=8
Time for building model:         4 seconds
Time for sampling (singles):     9 seconds
DAG statistics
mean edges/level: 8      max edges/level: 36
mean edges/node:  1.197  mean count/edge: 21

Window=8 Iteration=9
Time for building model:         10 seconds
Time for sampling (singles):     26 seconds
DAG statistics
mean edges/level: 16     max edges/level: 50
mean edges/node:  1.142  mean count/edge: 11

Window=8 Iteration=10
Time for building model:         5 seconds
Time for sampling (singles):     16 seconds
DAG statistics
mean edges/level: 11     max edges/level: 47
mean edges/node:  1.152  mean count/edge: 15

Starting phasing iterations

Window=8 Iteration=11
Time for building model:         6 seconds
Time for sampling (singles):     43 seconds
DAG statistics
mean edges/level: 24     max edges/level: 52
mean edges/node:  1.072  mean count/edge: 7

Window=8 Iteration=12
Time for building model:         19 seconds
Time for sampling (singles):     23 seconds
DAG statistics
mean edges/level: 30     max edges/level: 59
mean edges/node:  1.053  mean count/edge: 6

Window=8 Iteration=13
Time for building model:         6 seconds
Time for sampling (singles):     27 seconds
DAG statistics
mean edges/level: 33     max edges/level: 59
mean edges/node:  1.043  mean count/edge: 5

Window=8 Iteration=14
Time for building model:         5 seconds
Time for sampling (singles):     11 seconds
DAG statistics
mean edges/level: 36     max edges/level: 59
mean edges/node:  1.037  mean count/edge: 5

Window=8 Iteration=15
Time for building model:         6 seconds
Time for sampling (singles):     10 seconds
DAG statistics
mean edges/level: 39     max edges/level: 58
mean edges/node:  1.033  mean count/edge: 4

Window 9 [ NC_037343.1:65130956-72709367 ]
target markers:      50000

Starting burn-in iterations

Window=9 Iteration=1
Time for building model:         4 seconds
Time for sampling (singles):     9 seconds
DAG statistics
mean edges/level: 10     max edges/level: 52
mean edges/node:  1.598  mean count/edge: 17

Window=9 Iteration=2
Time for building model:         3 seconds
Time for sampling (singles):     10 seconds
DAG statistics
mean edges/level: 9      max edges/level: 29
mean edges/node:  1.534  mean count/edge: 19

Window=9 Iteration=3
Time for building model:         4 seconds
Time for sampling (singles):     12 seconds
DAG statistics
mean edges/level: 11     max edges/level: 51
mean edges/node:  1.258  mean count/edge: 15

Window=9 Iteration=4
Time for building model:         4 seconds
Time for sampling (singles):     13 seconds
DAG statistics
mean edges/level: 10     max edges/level: 34
mean edges/node:  1.221  mean count/edge: 17

Window=9 Iteration=5
Time for building model:         2 seconds
Time for sampling (singles):     9 seconds
DAG statistics
mean edges/level: 9      max edges/level: 56
mean edges/node:  1.188  mean count/edge: 19

Window=9 Iteration=6
Time for building model:         3 seconds
Time for sampling (singles):     15 seconds
DAG statistics
mean edges/level: 9      max edges/level: 35
mean edges/node:  1.201  mean count/edge: 19

Window=9 Iteration=7
Time for building model:         12 seconds
Time for sampling (singles):     12 seconds
DAG statistics
mean edges/level: 10     max edges/level: 52
mean edges/node:  1.173  mean count/edge: 17

Window=9 Iteration=8
Time for building model:         8 seconds
Time for sampling (singles):     11 seconds
DAG statistics
mean edges/level: 9      max edges/level: 37
mean edges/node:  1.190  mean count/edge: 19

Window=9 Iteration=9
Time for building model:         4 seconds
Time for sampling (singles):     15 seconds
DAG statistics
mean edges/level: 12     max edges/level: 50
mean edges/node:  1.159  mean count/edge: 14

Window=9 Iteration=10
Time for building model:         10 seconds
Time for sampling (singles):     31 seconds
DAG statistics
mean edges/level: 17     max edges/level: 51
mean edges/node:  1.129  mean count/edge: 10

Starting phasing iterations

Window=9 Iteration=11
Time for building model:         4 seconds
Time for sampling (singles):     36 seconds
DAG statistics
mean edges/level: 25     max edges/level: 51
mean edges/node:  1.072  mean count/edge: 7

Window=9 Iteration=12
Time for building model:         5 seconds
Time for sampling (singles):     25 seconds
DAG statistics
mean edges/level: 29     max edges/level: 54
mean edges/node:  1.054  mean count/edge: 6

Window=9 Iteration=13
Time for building model:         1 minute 0 seconds
Time for sampling (singles):     15 seconds
DAG statistics
mean edges/level: 33     max edges/level: 56
mean edges/node:  1.043  mean count/edge: 5

Window=9 Iteration=14
Time for building model:         5 seconds
Time for sampling (singles):     14 seconds
DAG statistics
mean edges/level: 36     max edges/level: 58
mean edges/node:  1.037  mean count/edge: 5

Window=9 Iteration=15
Time for building model:         5 seconds
Time for sampling (singles):     11 seconds
DAG statistics
mean edges/level: 39     max edges/level: 62
mean edges/node:  1.033  mean count/edge: 4

Window 10 [ NC_037343.1:72428952-78589786 ]
target markers:      50000

Starting burn-in iterations

Window=10 Iteration=1
Time for building model:         4 seconds
Time for sampling (singles):     10 seconds
DAG statistics
mean edges/level: 10     max edges/level: 54
mean edges/node:  1.573  mean count/edge: 17

Window=10 Iteration=2
Time for building model:         4 seconds
Time for sampling (singles):     17 seconds
DAG statistics
mean edges/level: 9      max edges/level: 32
mean edges/node:  1.516  mean count/edge: 19

Window=10 Iteration=3
Time for building model:         27 seconds
Time for sampling (singles):     20 seconds
DAG statistics
mean edges/level: 12     max edges/level: 52
mean edges/node:  1.244  mean count/edge: 14

Window=10 Iteration=4
Time for building model:         18 seconds
Time for sampling (singles):     14 seconds
DAG statistics
mean edges/level: 10     max edges/level: 36
mean edges/node:  1.225  mean count/edge: 17

Window=10 Iteration=5
Time for building model:         4 seconds
Time for sampling (singles):     20 seconds
DAG statistics
mean edges/level: 12     max edges/level: 54
mean edges/node:  1.168  mean count/edge: 14

Window=10 Iteration=6
Time for building model:         6 seconds
Time for sampling (singles):     15 seconds
DAG statistics
mean edges/level: 10     max edges/level: 41
mean edges/node:  1.190  mean count/edge: 17

Window=10 Iteration=7
Time for building model:         22 seconds
Time for sampling (singles):     15 seconds
DAG statistics
mean edges/level: 10     max edges/level: 50
mean edges/node:  1.169  mean count/edge: 17

Window=10 Iteration=8
Time for building model:         1 minute 32 seconds
Time for sampling (singles):     25 seconds
DAG statistics
mean edges/level: 14     max edges/level: 44
mean edges/node:  1.159  mean count/edge: 12

Window=10 Iteration=9
Time for building model:         2 minutes 27 seconds
Time for sampling (singles):     30 seconds
DAG statistics
mean edges/level: 15     max edges/level: 54
mean edges/node:  1.125  mean count/edge: 11

Window=10 Iteration=10
Time for building model:         3 minutes 28 seconds
Time for sampling (singles):     16 seconds
DAG statistics
mean edges/level: 10     max edges/level: 38
mean edges/node:  1.170  mean count/edge: 17

Starting phasing iterations

Window=10 Iteration=11
Time for building model:         1 minute 43 seconds
Time for sampling (singles):     5 minutes 16 seconds
DAG statistics
mean edges/level: 25     max edges/level: 55
mean edges/node:  1.067  mean count/edge: 7

Window=10 Iteration=12
Time for building model:         1 minute 28 seconds
Time for sampling (singles):     3 minutes 16 seconds
DAG statistics
mean edges/level: 17     max edges/level: 52
mean edges/node:  1.084  mean count/edge: 10

Window=10 Iteration=13
Time for building model:         1 minute 32 seconds
Time for sampling (singles):     3 minutes 11 seconds
DAG statistics
mean edges/level: 29     max edges/level: 55
mean edges/node:  1.057  mean count/edge: 6

Window=10 Iteration=14
Time for building model:         1 minute 7 seconds
Time for sampling (singles):     2 minutes 40 seconds
DAG statistics
mean edges/level: 34     max edges/level: 58
mean edges/node:  1.042  mean count/edge: 5

Window=10 Iteration=15
Time for building model:         1 minute 10 seconds
Time for sampling (singles):     3 minutes 3 seconds
DAG statistics
mean edges/level: 37     max edges/level: 57
mean edges/node:  1.035  mean count/edge: 5

Window 11 [ NC_037343.1:78195741-80997705 ]
target markers:      21663

Starting burn-in iterations

Window=11 Iteration=1
Time for building model:         38 seconds
Time for sampling (singles):     4 seconds
DAG statistics
mean edges/level: 10     max edges/level: 50
mean edges/node:  1.523  mean count/edge: 17

Window=11 Iteration=2
Time for building model:         41 seconds
Time for sampling (singles):     5 seconds
DAG statistics
mean edges/level: 9      max edges/level: 27
mean edges/node:  1.552  mean count/edge: 19

Window=11 Iteration=3
Time for building model:         43 seconds
Time for sampling (singles):     4 seconds
DAG statistics
mean edges/level: 10     max edges/level: 48
mean edges/node:  1.282  mean count/edge: 17

Window=11 Iteration=4
Time for building model:         52 seconds
Time for sampling (singles):     5 seconds
DAG statistics
mean edges/level: 9      max edges/level: 31
mean edges/node:  1.290  mean count/edge: 19

Window=11 Iteration=5
Time for building model:         44 seconds
Time for sampling (singles):     10 seconds
DAG statistics
mean edges/level: 12     max edges/level: 49
mean edges/node:  1.196  mean count/edge: 14

Window=11 Iteration=6
Time for building model:         59 seconds
Time for sampling (singles):     9 seconds
DAG statistics
mean edges/level: 11     max edges/level: 35
mean edges/node:  1.207  mean count/edge: 15

Window=11 Iteration=7
Time for building model:         48 seconds
Time for sampling (singles):     9 seconds
DAG statistics
mean edges/level: 13     max edges/level: 50
mean edges/node:  1.156  mean count/edge: 13

Window=11 Iteration=8
Time for building model:         45 seconds
Time for sampling (singles):     9 seconds
DAG statistics
mean edges/level: 12     max edges/level: 36
mean edges/node:  1.175  mean count/edge: 14

Window=11 Iteration=9
Time for building model:         1 minute 9 seconds
Time for sampling (singles):     11 seconds
DAG statistics
mean edges/level: 16     max edges/level: 51
mean edges/node:  1.135  mean count/edge: 11

Window=11 Iteration=10
Time for building model:         1 minute 11 seconds
Time for sampling (singles):     7 seconds
DAG statistics
mean edges/level: 10     max edges/level: 38
mean edges/node:  1.182  mean count/edge: 17

Starting phasing iterations

Window=11 Iteration=11
Time for building model:         27 seconds
Time for sampling (singles):     1 minute 24 seconds
DAG statistics
mean edges/level: 23     max edges/level: 48
mean edges/node:  1.087  mean count/edge: 7

Window=11 Iteration=12
Time for building model:         37 seconds
Time for sampling (singles):     1 minute 54 seconds
DAG statistics
mean edges/level: 27     max edges/level: 51
mean edges/node:  1.069  mean count/edge: 6

Window=11 Iteration=13
Time for building model:         38 seconds
Time for sampling (singles):     1 minute 17 seconds
DAG statistics
mean edges/level: 29     max edges/level: 54
mean edges/node:  1.057  mean count/edge: 6

Window=11 Iteration=14
Time for building model:         32 seconds
Time for sampling (singles):     1 minute 25 seconds
DAG statistics
mean edges/level: 32     max edges/level: 58
mean edges/node:  1.049  mean count/edge: 5

Window=11 Iteration=15
Time for building model:         32 seconds
Time for sampling (singles):     1 minute 7 seconds
DAG statistics
mean edges/level: 34     max edges/level: 59
mean edges/node:  1.044  mean count/edge: 5

Number of markers:              491663
Total time for building model: 4 hours 29 minutes 45 seconds
Total time for sampling:       3 hours 14 minutes 38 seconds
Total run time:                8 hours 3 minutes 42 seconds

End time: 03:19 AM CEST on 05 Apr 2024
beagle.27Jan18.7e1.jar (version 4.1) finished
