beagle.27Jan18.7e1.jar (version 4.1)
Copyright (C) 2014-2015 Brian L. Browning
Enter "java -jar beagle.27Jan18.7e1.jar" for a summary of command line arguments.
Start time: 07:14 PM CEST on 04 Apr 2024

Command line: java -Xmx54613m -jar beagle.jar
  gl=results/gl/Bostau9_tragmain2_sites_variable_noindels_renamed_Tory.bcf.gz.NC_037356.1.vcf.gz
  chrom=NC_037356.1
  out=results/imputed/Bostau9_tragmain2_sites_variable_noindels_renamed_Tory.bcf.gz.NC_037356.1
  nthreads=6

No genetic map is specified: using 1 cM = 1 Mb

reference samples:       0
target samples:         85

Window 1 [ NC_037356.1:29062-7447813 ]
target markers:      50000

Starting burn-in iterations

Window=1 Iteration=1
Time for building model:         6 seconds
Time for sampling (singles):     7 seconds
DAG statistics
mean edges/level: 6      max edges/level: 23
mean edges/node:  1.805  mean count/edge: 28

Window=1 Iteration=2
Time for building model:         9 seconds
Time for sampling (singles):     8 seconds
DAG statistics
mean edges/level: 6      max edges/level: 27
mean edges/node:  1.561  mean count/edge: 28

Window=1 Iteration=3
Time for building model:         3 seconds
Time for sampling (singles):     5 seconds
DAG statistics
mean edges/level: 5      max edges/level: 20
mean edges/node:  1.423  mean count/edge: 34

Window=1 Iteration=4
Time for building model:         5 seconds
Time for sampling (singles):     8 seconds
DAG statistics
mean edges/level: 6      max edges/level: 31
mean edges/node:  1.338  mean count/edge: 28

Window=1 Iteration=5
Time for building model:         11 seconds
Time for sampling (singles):     6 seconds
DAG statistics
mean edges/level: 5      max edges/level: 23
mean edges/node:  1.341  mean count/edge: 34

Window=1 Iteration=6
Time for building model:         3 seconds
Time for sampling (singles):     7 seconds
DAG statistics
mean edges/level: 6      max edges/level: 32
mean edges/node:  1.295  mean count/edge: 28

Window=1 Iteration=7
Time for building model:         3 seconds
Time for sampling (singles):     6 seconds
DAG statistics
mean edges/level: 5      max edges/level: 25
mean edges/node:  1.318  mean count/edge: 34

Window=1 Iteration=8
Time for building model:         3 seconds
Time for sampling (singles):     8 seconds
DAG statistics
mean edges/level: 6      max edges/level: 34
mean edges/node:  1.281  mean count/edge: 28

Window=1 Iteration=9
Time for building model:         3 seconds
Time for sampling (singles):     7 seconds
DAG statistics
mean edges/level: 5      max edges/level: 23
mean edges/node:  1.307  mean count/edge: 34

Window=1 Iteration=10
Time for building model:         5 seconds
Time for sampling (singles):     8 seconds
DAG statistics
mean edges/level: 6      max edges/level: 33
mean edges/node:  1.274  mean count/edge: 28

Starting phasing iterations

Window=1 Iteration=11
Time for building model:         10 seconds
Time for sampling (singles):     1 minute 40 seconds
DAG statistics
mean edges/level: 7      max edges/level: 23
mean edges/node:  1.291  mean count/edge: 24

Window=1 Iteration=12
Time for building model:         10 seconds
Time for sampling (singles):     1 minute 21 seconds
DAG statistics
mean edges/level: 13     max edges/level: 45
mean edges/node:  1.187  mean count/edge: 13

Window=1 Iteration=13
Time for building model:         31 seconds
Time for sampling (singles):     4 minutes 16 seconds
DAG statistics
mean edges/level: 13     max edges/level: 40
mean edges/node:  1.179  mean count/edge: 13

Window=1 Iteration=14
Time for building model:         3 minutes 31 seconds
Time for sampling (singles):     6 minutes 1 second
DAG statistics
mean edges/level: 20     max edges/level: 50
mean edges/node:  1.122  mean count/edge: 9

Window=1 Iteration=15
Time for building model:         2 minutes 45 seconds
Time for sampling (singles):     7 minutes 53 seconds
DAG statistics
mean edges/level: 23     max edges/level: 54
mean edges/node:  1.097  mean count/edge: 7

Window 2 [ NC_037356.1:6909718-15250947 ]
target markers:      50000

Starting burn-in iterations

Window=2 Iteration=1
Time for building model:         4 minutes 55 seconds
Time for sampling (singles):     17 seconds
DAG statistics
mean edges/level: 9      max edges/level: 42
mean edges/node:  1.653  mean count/edge: 19

Window=2 Iteration=2
Time for building model:         6 minutes 19 seconds
Time for sampling (singles):     38 seconds
DAG statistics
mean edges/level: 9      max edges/level: 30
mean edges/node:  1.468  mean count/edge: 19

Window=2 Iteration=3
Time for building model:         4 minutes 44 seconds
Time for sampling (singles):     40 seconds
DAG statistics
mean edges/level: 9      max edges/level: 43
mean edges/node:  1.243  mean count/edge: 19

Window=2 Iteration=4
Time for building model:         6 minutes 10 seconds
Time for sampling (singles):     29 seconds
DAG statistics
mean edges/level: 7      max edges/level: 31
mean edges/node:  1.220  mean count/edge: 24

Window=2 Iteration=5
Time for building model:         5 minutes 24 seconds
Time for sampling (singles):     40 seconds
DAG statistics
mean edges/level: 9      max edges/level: 47
mean edges/node:  1.173  mean count/edge: 19

Window=2 Iteration=6
Time for building model:         4 minutes 46 seconds
Time for sampling (singles):     30 seconds
DAG statistics
mean edges/level: 8      max edges/level: 34
mean edges/node:  1.182  mean count/edge: 21

Window=2 Iteration=7
Time for building model:         5 minutes 5 seconds
Time for sampling (singles):     23 seconds
DAG statistics
mean edges/level: 8      max edges/level: 45
mean edges/node:  1.167  mean count/edge: 21

Window=2 Iteration=8
Time for building model:         4 minutes 57 seconds
Time for sampling (singles):     20 seconds
DAG statistics
mean edges/level: 8      max edges/level: 34
mean edges/node:  1.181  mean count/edge: 21

Window=2 Iteration=9
Time for building model:         4 minutes 24 seconds
Time for sampling (singles):     28 seconds
DAG statistics
mean edges/level: 12     max edges/level: 43
mean edges/node:  1.148  mean count/edge: 14

Window=2 Iteration=10
Time for building model:         5 minutes 19 seconds
Time for sampling (singles):     15 seconds
DAG statistics
mean edges/level: 8      max edges/level: 32
mean edges/node:  1.171  mean count/edge: 21

Starting phasing iterations

Window=2 Iteration=11
Time for building model:         1 minute 53 seconds
Time for sampling (singles):     7 minutes 13 seconds
DAG statistics
mean edges/level: 17     max edges/level: 48
mean edges/node:  1.086  mean count/edge: 10

Window=2 Iteration=12
Time for building model:         4 minutes 56 seconds
Time for sampling (singles):     7 minutes 10 seconds
DAG statistics
mean edges/level: 26     max edges/level: 53
mean edges/node:  1.059  mean count/edge: 7

Window=2 Iteration=13
Time for building model:         3 minutes 8 seconds
Time for sampling (singles):     5 minutes 23 seconds
DAG statistics
mean edges/level: 30     max edges/level: 52
mean edges/node:  1.043  mean count/edge: 6

Window=2 Iteration=14
Time for building model:         3 minutes 40 seconds
Time for sampling (singles):     5 minutes 40 seconds
DAG statistics
mean edges/level: 34     max edges/level: 57
mean edges/node:  1.034  mean count/edge: 5

Window=2 Iteration=15
Time for building model:         2 minutes 52 seconds
Time for sampling (singles):     5 minutes 7 seconds
DAG statistics
mean edges/level: 37     max edges/level: 62
mean edges/node:  1.029  mean count/edge: 5

Window 3 [ NC_037356.1:14735239-22300529 ]
target markers:      50000

Starting burn-in iterations

Window=3 Iteration=1
Time for building model:         7 minutes 3 seconds
Time for sampling (singles):     1 minute 6 seconds
DAG statistics
mean edges/level: 10     max edges/level: 50
mean edges/node:  1.573  mean count/edge: 17

Window=3 Iteration=2
Time for building model:         5 minutes 52 seconds
Time for sampling (singles):     1 minute 10 seconds
DAG statistics
mean edges/level: 9      max edges/level: 28
mean edges/node:  1.433  mean count/edge: 19

Window=3 Iteration=3
Time for building model:         5 minutes 0 seconds
Time for sampling (singles):     13 seconds
DAG statistics
mean edges/level: 8      max edges/level: 50
mean edges/node:  1.238  mean count/edge: 21

Window=3 Iteration=4
Time for building model:         4 minutes 4 seconds
Time for sampling (singles):     30 seconds
DAG statistics
mean edges/level: 9      max edges/level: 37
mean edges/node:  1.201  mean count/edge: 19

Window=3 Iteration=5
Time for building model:         4 minutes 50 seconds
Time for sampling (singles):     38 seconds
DAG statistics
mean edges/level: 11     max edges/level: 50
mean edges/node:  1.157  mean count/edge: 15

Window=3 Iteration=6
Time for building model:         5 minutes 21 seconds
Time for sampling (singles):     30 seconds
DAG statistics
mean edges/level: 12     max edges/level: 40
mean edges/node:  1.143  mean count/edge: 14

Window=3 Iteration=7
Time for building model:         5 minutes 2 seconds
Time for sampling (singles):     34 seconds
DAG statistics
mean edges/level: 12     max edges/level: 52
mean edges/node:  1.122  mean count/edge: 14

Window=3 Iteration=8
Time for building model:         6 minutes 53 seconds
Time for sampling (singles):     44 seconds
DAG statistics
mean edges/level: 16     max edges/level: 53
mean edges/node:  1.106  mean count/edge: 11

Window=3 Iteration=9
Time for building model:         5 minutes 13 seconds
Time for sampling (singles):     57 seconds
DAG statistics
mean edges/level: 17     max edges/level: 55
mean edges/node:  1.088  mean count/edge: 10

Window=3 Iteration=10
Time for building model:         6 minutes 20 seconds
Time for sampling (singles):     39 seconds
DAG statistics
mean edges/level: 10     max edges/level: 43
mean edges/node:  1.127  mean count/edge: 17

Starting phasing iterations

Window=3 Iteration=11
Time for building model:         2 minutes 41 seconds
Time for sampling (singles):     7 minutes 12 seconds
DAG statistics
mean edges/level: 25     max edges/level: 52
mean edges/node:  1.057  mean count/edge: 7

Window=3 Iteration=12
Time for building model:         2 minutes 47 seconds
Time for sampling (singles):     6 minutes 45 seconds
DAG statistics
mean edges/level: 29     max edges/level: 57
mean edges/node:  1.045  mean count/edge: 6

Window=3 Iteration=13
Time for building model:         3 minutes 9 seconds
Time for sampling (singles):     7 minutes 8 seconds
DAG statistics
mean edges/level: 32     max edges/level: 57
mean edges/node:  1.037  mean count/edge: 5

Window=3 Iteration=14
Time for building model:         2 minutes 22 seconds
Time for sampling (singles):     5 minutes 36 seconds
DAG statistics
mean edges/level: 35     max edges/level: 58
mean edges/node:  1.031  mean count/edge: 5

Window=3 Iteration=15
Time for building model:         3 minutes 28 seconds
Time for sampling (singles):     4 minutes 46 seconds
DAG statistics
mean edges/level: 38     max edges/level: 60
mean edges/node:  1.027  mean count/edge: 4

Window 4 [ NC_037356.1:21767543-27648894 ]
target markers:      50000

Starting burn-in iterations

Window=4 Iteration=1
Time for building model:         3 minutes 51 seconds
Time for sampling (singles):     33 seconds
DAG statistics
mean edges/level: 9      max edges/level: 50
mean edges/node:  1.587  mean count/edge: 19

Window=4 Iteration=2
Time for building model:         3 minutes 14 seconds
Time for sampling (singles):     11 seconds
DAG statistics
mean edges/level: 8      max edges/level: 26
mean edges/node:  1.561  mean count/edge: 21

Window=4 Iteration=3
Time for building model:         3 minutes 24 seconds
Time for sampling (singles):     21 seconds
DAG statistics
mean edges/level: 12     max edges/level: 53
mean edges/node:  1.257  mean count/edge: 14

Window=4 Iteration=4
Time for building model:         2 minutes 51 seconds
Time for sampling (singles):     31 seconds
DAG statistics
mean edges/level: 7      max edges/level: 27
mean edges/node:  1.276  mean count/edge: 24

Window=4 Iteration=5
Time for building model:         3 minutes 36 seconds
Time for sampling (singles):     34 seconds
DAG statistics
mean edges/level: 13     max edges/level: 52
mean edges/node:  1.176  mean count/edge: 13

Window=4 Iteration=6
Time for building model:         2 minutes 21 seconds
Time for sampling (singles):     15 seconds
DAG statistics
mean edges/level: 7      max edges/level: 30
mean edges/node:  1.229  mean count/edge: 24

Window=4 Iteration=7
Time for building model:         3 minutes 39 seconds
Time for sampling (singles):     27 seconds
DAG statistics
mean edges/level: 14     max edges/level: 55
mean edges/node:  1.156  mean count/edge: 12

Window=4 Iteration=8
Time for building model:         2 minutes 17 seconds
Time for sampling (singles):     14 seconds
DAG statistics
mean edges/level: 8      max edges/level: 34
mean edges/node:  1.211  mean count/edge: 21

Window=4 Iteration=9
Time for building model:         2 minutes 21 seconds
Time for sampling (singles):     26 seconds
DAG statistics
mean edges/level: 14     max edges/level: 56
mean edges/node:  1.148  mean count/edge: 12

Window=4 Iteration=10
Time for building model:         2 minutes 31 seconds
Time for sampling (singles):     16 seconds
DAG statistics
mean edges/level: 8      max edges/level: 34
mean edges/node:  1.204  mean count/edge: 21

Starting phasing iterations

Window=4 Iteration=11
Time for building model:         55 seconds
Time for sampling (singles):     5 minutes 3 seconds
DAG statistics
mean edges/level: 9      max edges/level: 55
mean edges/node:  1.166  mean count/edge: 19

Window=4 Iteration=12
Time for building model:         2 minutes 13 seconds
Time for sampling (singles):     5 minutes 46 seconds
DAG statistics
mean edges/level: 8      max edges/level: 31
mean edges/node:  1.194  mean count/edge: 21

Window=4 Iteration=13
Time for building model:         2 minutes 31 seconds
Time for sampling (singles):     6 minutes 10 seconds
DAG statistics
mean edges/level: 23     max edges/level: 54
mean edges/node:  1.087  mean count/edge: 7

Window=4 Iteration=14
Time for building model:         1 minute 54 seconds
Time for sampling (singles):     5 minutes 50 seconds
DAG statistics
mean edges/level: 27     max edges/level: 52
mean edges/node:  1.062  mean count/edge: 6

Window=4 Iteration=15
Time for building model:         1 minute 52 seconds
Time for sampling (singles):     5 minutes 34 seconds
DAG statistics
mean edges/level: 31     max edges/level: 59
mean edges/node:  1.050  mean count/edge: 5

Window 5 [ NC_037356.1:27514555-33792579 ]
target markers:      50000

Starting burn-in iterations

Window=5 Iteration=1
Time for building model:         4 minutes 37 seconds
Time for sampling (singles):     34 seconds
DAG statistics
mean edges/level: 9      max edges/level: 36
mean edges/node:  1.707  mean count/edge: 19

Window=5 Iteration=2
Time for building model:         3 minutes 30 seconds
Time for sampling (singles):     32 seconds
DAG statistics
mean edges/level: 9      max edges/level: 31
mean edges/node:  1.531  mean count/edge: 19

Window=5 Iteration=3
Time for building model:         3 minutes 0 seconds
Time for sampling (singles):     19 seconds
DAG statistics
mean edges/level: 8      max edges/level: 38
mean edges/node:  1.331  mean count/edge: 21

Window=5 Iteration=4
Time for building model:         3 minutes 26 seconds
Time for sampling (singles):     40 seconds
DAG statistics
mean edges/level: 13     max edges/level: 36
mean edges/node:  1.209  mean count/edge: 13

Window=5 Iteration=5
Time for building model:         2 minutes 24 seconds
Time for sampling (singles):     12 seconds
DAG statistics
mean edges/level: 8      max edges/level: 35
mean edges/node:  1.221  mean count/edge: 21

Window=5 Iteration=6
Time for building model:         2 minutes 57 seconds
Time for sampling (singles):     19 seconds
DAG statistics
mean edges/level: 11     max edges/level: 38
mean edges/node:  1.190  mean count/edge: 15

Window=5 Iteration=7
Time for building model:         2 minutes 11 seconds
Time for sampling (singles):     13 seconds
DAG statistics
mean edges/level: 8      max edges/level: 35
mean edges/node:  1.209  mean count/edge: 21

Window=5 Iteration=8
Time for building model:         2 minutes 29 seconds
Time for sampling (singles):     20 seconds
DAG statistics
mean edges/level: 11     max edges/level: 40
mean edges/node:  1.178  mean count/edge: 15

Window=5 Iteration=9
Time for building model:         2 minutes 29 seconds
Time for sampling (singles):     28 seconds
DAG statistics
mean edges/level: 8      max edges/level: 36
mean edges/node:  1.199  mean count/edge: 21

Window=5 Iteration=10
Time for building model:         2 minutes 44 seconds
Time for sampling (singles):     48 seconds
DAG statistics
mean edges/level: 15     max edges/level: 42
mean edges/node:  1.152  mean count/edge: 11

Starting phasing iterations

Window=5 Iteration=11
Time for building model:         1 minute 16 seconds
Time for sampling (singles):     4 minutes 35 seconds
DAG statistics
mean edges/level: 24     max edges/level: 55
mean edges/node:  1.076  mean count/edge: 7

Window=5 Iteration=12
Time for building model:         1 minute 46 seconds
Time for sampling (singles):     4 minutes 20 seconds
DAG statistics
mean edges/level: 29     max edges/level: 53
mean edges/node:  1.057  mean count/edge: 6

Window=5 Iteration=13
Time for building model:         1 minute 15 seconds
Time for sampling (singles):     3 minutes 5 seconds
DAG statistics
mean edges/level: 33     max edges/level: 58
mean edges/node:  1.047  mean count/edge: 5

Window=5 Iteration=14
Time for building model:         1 minute 43 seconds
Time for sampling (singles):     3 minutes 3 seconds
DAG statistics
mean edges/level: 35     max edges/level: 61
mean edges/node:  1.041  mean count/edge: 5

Window=5 Iteration=15
Time for building model:         1 minute 22 seconds
Time for sampling (singles):     2 minutes 16 seconds
DAG statistics
mean edges/level: 38     max edges/level: 61
mean edges/node:  1.036  mean count/edge: 4

Window 6 [ NC_037356.1:33441907-39182160 ]
target markers:      50000

Starting burn-in iterations

Window=6 Iteration=1
Time for building model:         2 minutes 14 seconds
Time for sampling (singles):     11 seconds
DAG statistics
mean edges/level: 9      max edges/level: 58
mean edges/node:  1.569  mean count/edge: 19

Window=6 Iteration=2
Time for building model:         1 minute 58 seconds
Time for sampling (singles):     9 seconds
DAG statistics
mean edges/level: 7      max edges/level: 25
mean edges/node:  1.618  mean count/edge: 24

Window=6 Iteration=3
Time for building model:         1 minute 55 seconds
Time for sampling (singles):     19 seconds
DAG statistics
mean edges/level: 11     max edges/level: 53
mean edges/node:  1.287  mean count/edge: 15

Window=6 Iteration=4
Time for building model:         1 minute 46 seconds
Time for sampling (singles):     11 seconds
DAG statistics
mean edges/level: 7      max edges/level: 27
mean edges/node:  1.348  mean count/edge: 24

Window=6 Iteration=5
Time for building model:         1 minute 45 seconds
Time for sampling (singles):     17 seconds
DAG statistics
mean edges/level: 9      max edges/level: 51
mean edges/node:  1.247  mean count/edge: 19

Window=6 Iteration=6
Time for building model:         1 minute 49 seconds
Time for sampling (singles):     10 seconds
DAG statistics
mean edges/level: 7      max edges/level: 26
mean edges/node:  1.306  mean count/edge: 24

Window=6 Iteration=7
Time for building model:         1 minute 55 seconds
Time for sampling (singles):     24 seconds
DAG statistics
mean edges/level: 12     max edges/level: 53
mean edges/node:  1.194  mean count/edge: 14

Window=6 Iteration=8
Time for building model:         1 minute 29 seconds
Time for sampling (singles):     9 seconds
DAG statistics
mean edges/level: 7      max edges/level: 30
mean edges/node:  1.279  mean count/edge: 24

Window=6 Iteration=9
Time for building model:         2 minutes 9 seconds
Time for sampling (singles):     27 seconds
DAG statistics
mean edges/level: 14     max edges/level: 55
mean edges/node:  1.174  mean count/edge: 12

Window=6 Iteration=10
Time for building model:         2 minutes 14 seconds
Time for sampling (singles):     15 seconds
DAG statistics
mean edges/level: 7      max edges/level: 28
mean edges/node:  1.266  mean count/edge: 24

Starting phasing iterations

Window=6 Iteration=11
Time for building model:         51 seconds
Time for sampling (singles):     4 minutes 34 seconds
DAG statistics
mean edges/level: 20     max edges/level: 55
mean edges/node:  1.103  mean count/edge: 9

Window=6 Iteration=12
Time for building model:         59 seconds
Time for sampling (singles):     1 minute 2 seconds
DAG statistics
mean edges/level: 9      max edges/level: 30
mean edges/node:  1.242  mean count/edge: 19

Window=6 Iteration=13
Time for building model:         4 seconds
Time for sampling (singles):     14 seconds
DAG statistics
mean edges/level: 22     max edges/level: 53
mean edges/node:  1.109  mean count/edge: 8

Window=6 Iteration=14
Time for building model:         5 seconds
Time for sampling (singles):     15 seconds
DAG statistics
mean edges/level: 26     max edges/level: 53
mean edges/node:  1.083  mean count/edge: 7

Window=6 Iteration=15
Time for building model:         5 seconds
Time for sampling (singles):     17 seconds
DAG statistics
mean edges/level: 29     max edges/level: 58
mean edges/node:  1.070  mean count/edge: 6

Window 7 [ NC_037356.1:38857940-45573828 ]
target markers:      50000

Starting burn-in iterations

Window=7 Iteration=1
Time for building model:         3 seconds
Time for sampling (singles):     6 seconds
DAG statistics
mean edges/level: 7      max edges/level: 26
mean edges/node:  1.780  mean count/edge: 24

Window=7 Iteration=2
Time for building model:         4 seconds
Time for sampling (singles):     8 seconds
DAG statistics
mean edges/level: 8      max edges/level: 28
mean edges/node:  1.596  mean count/edge: 21

Window=7 Iteration=3
Time for building model:         3 seconds
Time for sampling (singles):     6 seconds
DAG statistics
mean edges/level: 7      max edges/level: 26
mean edges/node:  1.427  mean count/edge: 24

Window=7 Iteration=4
Time for building model:         4 seconds
Time for sampling (singles):     12 seconds
DAG statistics
mean edges/level: 9      max edges/level: 39
mean edges/node:  1.313  mean count/edge: 19

Window=7 Iteration=5
Time for building model:         3 seconds
Time for sampling (singles):     7 seconds
DAG statistics
mean edges/level: 7      max edges/level: 25
mean edges/node:  1.318  mean count/edge: 24

Window=7 Iteration=6
Time for building model:         3 seconds
Time for sampling (singles):     12 seconds
DAG statistics
mean edges/level: 9      max edges/level: 39
mean edges/node:  1.259  mean count/edge: 19

Window=7 Iteration=7
Time for building model:         1 minute 48 seconds
Time for sampling (singles):     12 seconds
DAG statistics
mean edges/level: 7      max edges/level: 27
mean edges/node:  1.287  mean count/edge: 24

Window=7 Iteration=8
Time for building model:         3 minutes 28 seconds
Time for sampling (singles):     18 seconds
DAG statistics
mean edges/level: 10     max edges/level: 50
mean edges/node:  1.228  mean count/edge: 17

Window=7 Iteration=9
Time for building model:         2 minutes 30 seconds
Time for sampling (singles):     10 seconds
DAG statistics
mean edges/level: 7      max edges/level: 31
mean edges/node:  1.272  mean count/edge: 24

Window=7 Iteration=10
Time for building model:         3 minutes 42 seconds
Time for sampling (singles):     15 seconds
DAG statistics
mean edges/level: 9      max edges/level: 39
mean edges/node:  1.241  mean count/edge: 19

Starting phasing iterations

Window=7 Iteration=11
Time for building model:         1 minute 20 seconds
Time for sampling (singles):     6 minutes 14 seconds
DAG statistics
mean edges/level: 9      max edges/level: 32
mean edges/node:  1.240  mean count/edge: 19

Window=7 Iteration=12
Time for building model:         2 minutes 2 seconds
Time for sampling (singles):     4 minutes 20 seconds
DAG statistics
mean edges/level: 14     max edges/level: 48
mean edges/node:  1.153  mean count/edge: 12

Window=7 Iteration=13
Time for building model:         1 minute 9 seconds
Time for sampling (singles):     1 minute 49 seconds
DAG statistics
mean edges/level: 22     max edges/level: 48
mean edges/node:  1.105  mean count/edge: 8

Window=7 Iteration=14
Time for building model:         28 seconds
Time for sampling (singles):     18 seconds
DAG statistics
mean edges/level: 25     max edges/level: 56
mean edges/node:  1.083  mean count/edge: 7

Window=7 Iteration=15
Time for building model:         7 seconds
Time for sampling (singles):     11 seconds
DAG statistics
mean edges/level: 28     max edges/level: 55
mean edges/node:  1.071  mean count/edge: 6

Window 8 [ NC_037356.1:45092957-50819968 ]
target markers:      50000

Starting burn-in iterations

Window=8 Iteration=1
Time for building model:         3 seconds
Time for sampling (singles):     7 seconds
DAG statistics
mean edges/level: 9      max edges/level: 46
mean edges/node:  1.680  mean count/edge: 19

Window=8 Iteration=2
Time for building model:         3 seconds
Time for sampling (singles):     9 seconds
DAG statistics
mean edges/level: 8      max edges/level: 27
mean edges/node:  1.613  mean count/edge: 21

Window=8 Iteration=3
Time for building model:         3 seconds
Time for sampling (singles):     10 seconds
DAG statistics
mean edges/level: 9      max edges/level: 47
mean edges/node:  1.352  mean count/edge: 19

Window=8 Iteration=4
Time for building model:         2 seconds
Time for sampling (singles):     8 seconds
DAG statistics
mean edges/level: 8      max edges/level: 28
mean edges/node:  1.328  mean count/edge: 21

Window=8 Iteration=5
Time for building model:         3 seconds
Time for sampling (singles):     10 seconds
DAG statistics
mean edges/level: 9      max edges/level: 45
mean edges/node:  1.259  mean count/edge: 19

Window=8 Iteration=6
Time for building model:         6 seconds
Time for sampling (singles):     10 seconds
DAG statistics
mean edges/level: 8      max edges/level: 30
mean edges/node:  1.268  mean count/edge: 21

Window=8 Iteration=7
Time for building model:         5 seconds
Time for sampling (singles):     19 seconds
DAG statistics
mean edges/level: 13     max edges/level: 45
mean edges/node:  1.198  mean count/edge: 13

Window=8 Iteration=8
Time for building model:         2 seconds
Time for sampling (singles):     9 seconds
DAG statistics
mean edges/level: 8      max edges/level: 34
mean edges/node:  1.241  mean count/edge: 21

Window=8 Iteration=9
Time for building model:         2 seconds
Time for sampling (singles):     9 seconds
DAG statistics
mean edges/level: 9      max edges/level: 48
mean edges/node:  1.217  mean count/edge: 19

Window=8 Iteration=10
Time for building model:         2 seconds
Time for sampling (singles):     9 seconds
DAG statistics
mean edges/level: 9      max edges/level: 34
mean edges/node:  1.237  mean count/edge: 19

Starting phasing iterations

Window=8 Iteration=11
Time for building model:         3 seconds
Time for sampling (singles):     24 seconds
DAG statistics
mean edges/level: 19     max edges/level: 48
mean edges/node:  1.106  mean count/edge: 9

Window=8 Iteration=12
Time for building model:         5 seconds
Time for sampling (singles):     38 seconds
DAG statistics
mean edges/level: 25     max edges/level: 50
mean edges/node:  1.081  mean count/edge: 7

Window=8 Iteration=13
Time for building model:         5 seconds
Time for sampling (singles):     12 seconds
DAG statistics
mean edges/level: 29     max edges/level: 53
mean edges/node:  1.065  mean count/edge: 6

Window=8 Iteration=14
Time for building model:         6 seconds
Time for sampling (singles):     13 seconds
DAG statistics
mean edges/level: 31     max edges/level: 56
mean edges/node:  1.056  mean count/edge: 5

Window=8 Iteration=15
Time for building model:         6 seconds
Time for sampling (singles):     20 seconds
DAG statistics
mean edges/level: 34     max edges/level: 60
mean edges/node:  1.050  mean count/edge: 5

Window 9 [ NC_037356.1:50314272-51098013 ]
target markers:       3780

Starting burn-in iterations

Window=9 Iteration=1
Time for building model:         0 seconds
Time for sampling (singles):     3 seconds
DAG statistics
mean edges/level: 14     max edges/level: 42
mean edges/node:  1.227  mean count/edge: 12

Window=9 Iteration=2
Time for building model:         0 seconds
Time for sampling (singles):     0 seconds
DAG statistics
mean edges/level: 15     max edges/level: 43
mean edges/node:  1.216  mean count/edge: 11

Window=9 Iteration=3
Time for building model:         0 seconds
Time for sampling (singles):     1 second
DAG statistics
mean edges/level: 15     max edges/level: 43
mean edges/node:  1.175  mean count/edge: 11

Window=9 Iteration=4
Time for building model:         0 seconds
Time for sampling (singles):     1 second
DAG statistics
mean edges/level: 15     max edges/level: 42
mean edges/node:  1.152  mean count/edge: 11

Window=9 Iteration=5
Time for building model:         0 seconds
Time for sampling (singles):     1 second
DAG statistics
mean edges/level: 15     max edges/level: 43
mean edges/node:  1.140  mean count/edge: 11

Window=9 Iteration=6
Time for building model:         0 seconds
Time for sampling (singles):     1 second
DAG statistics
mean edges/level: 16     max edges/level: 40
mean edges/node:  1.137  mean count/edge: 11

Window=9 Iteration=7
Time for building model:         0 seconds
Time for sampling (singles):     1 second
DAG statistics
mean edges/level: 16     max edges/level: 44
mean edges/node:  1.131  mean count/edge: 11

Window=9 Iteration=8
Time for building model:         0 seconds
Time for sampling (singles):     0 seconds
DAG statistics
mean edges/level: 8      max edges/level: 36
mean edges/node:  1.247  mean count/edge: 21

Window=9 Iteration=9
Time for building model:         0 seconds
Time for sampling (singles):     1 second
DAG statistics
mean edges/level: 15     max edges/level: 43
mean edges/node:  1.136  mean count/edge: 11

Window=9 Iteration=10
Time for building model:         0 seconds
Time for sampling (singles):     0 seconds
DAG statistics
mean edges/level: 8      max edges/level: 33
mean edges/node:  1.244  mean count/edge: 21

Starting phasing iterations

Window=9 Iteration=11
Time for building model:         0 seconds
Time for sampling (singles):     1 second
DAG statistics
mean edges/level: 20     max edges/level: 40
mean edges/node:  1.115  mean count/edge: 9

Window=9 Iteration=12
Time for building model:         0 seconds
Time for sampling (singles):     1 second
DAG statistics
mean edges/level: 22     max edges/level: 43
mean edges/node:  1.100  mean count/edge: 8

Window=9 Iteration=13
Time for building model:         0 seconds
Time for sampling (singles):     1 second
DAG statistics
mean edges/level: 24     max edges/level: 44
mean edges/node:  1.092  mean count/edge: 7

Window=9 Iteration=14
Time for building model:         0 seconds
Time for sampling (singles):     1 second
DAG statistics
mean edges/level: 25     max edges/level: 43
mean edges/node:  1.083  mean count/edge: 7

Window=9 Iteration=15
Time for building model:         0 seconds
Time for sampling (singles):     1 second
DAG statistics
mean edges/level: 25     max edges/level: 42
mean edges/node:  1.079  mean count/edge: 7

Number of markers:              379780
Total time for building model: 4 hours 22 minutes 26 seconds
Total time for sampling:       2 hours 57 minutes 49 seconds
Total run time:                7 hours 40 minutes 46 seconds

End time: 02:55 AM CEST on 05 Apr 2024
beagle.27Jan18.7e1.jar (version 4.1) finished
