beagle.27Jan18.7e1.jar (version 4.1)
Copyright (C) 2014-2015 Brian L. Browning
Enter "java -jar beagle.27Jan18.7e1.jar" for a summary of command line arguments.
Start time: 07:14 PM CEST on 04 Apr 2024

Command line: java -Xmx54613m -jar beagle.jar
  gl=results/gl/Bostau9_tragmain2_sites_variable_noindels_renamed_Tory.bcf.gz.NC_037353.1.vcf.gz
  chrom=NC_037353.1
  out=results/imputed/Bostau9_tragmain2_sites_variable_noindels_renamed_Tory.bcf.gz.NC_037353.1
  nthreads=6

No genetic map is specified: using 1 cM = 1 Mb

reference samples:       0
target samples:         85

Window 1 [ NC_037353.1:17036-10562736 ]
target markers:      50000

Starting burn-in iterations

Window=1 Iteration=1
Time for building model:         6 seconds
Time for sampling (singles):     7 seconds
DAG statistics
mean edges/level: 7      max edges/level: 20
mean edges/node:  1.779  mean count/edge: 24

Window=1 Iteration=2
Time for building model:         9 seconds
Time for sampling (singles):     12 seconds
DAG statistics
mean edges/level: 8      max edges/level: 30
mean edges/node:  1.459  mean count/edge: 21

Window=1 Iteration=3
Time for building model:         3 seconds
Time for sampling (singles):     7 seconds
DAG statistics
mean edges/level: 6      max edges/level: 25
mean edges/node:  1.345  mean count/edge: 28

Window=1 Iteration=4
Time for building model:         2 seconds
Time for sampling (singles):     7 seconds
DAG statistics
mean edges/level: 6      max edges/level: 29
mean edges/node:  1.289  mean count/edge: 28

Window=1 Iteration=5
Time for building model:         9 seconds
Time for sampling (singles):     6 seconds
DAG statistics
mean edges/level: 6      max edges/level: 26
mean edges/node:  1.276  mean count/edge: 28

Window=1 Iteration=6
Time for building model:         5 seconds
Time for sampling (singles):     15 seconds
DAG statistics
mean edges/level: 9      max edges/level: 34
mean edges/node:  1.213  mean count/edge: 19

Window=1 Iteration=7
Time for building model:         3 seconds
Time for sampling (singles):     7 seconds
DAG statistics
mean edges/level: 6      max edges/level: 24
mean edges/node:  1.250  mean count/edge: 28

Window=1 Iteration=8
Time for building model:         5 seconds
Time for sampling (singles):     7 seconds
DAG statistics
mean edges/level: 6      max edges/level: 34
mean edges/node:  1.245  mean count/edge: 28

Window=1 Iteration=9
Time for building model:         3 seconds
Time for sampling (singles):     8 seconds
DAG statistics
mean edges/level: 6      max edges/level: 23
mean edges/node:  1.250  mean count/edge: 28

Window=1 Iteration=10
Time for building model:         5 seconds
Time for sampling (singles):     12 seconds
DAG statistics
mean edges/level: 7      max edges/level: 38
mean edges/node:  1.227  mean count/edge: 24

Starting phasing iterations

Window=1 Iteration=11
Time for building model:         49 seconds
Time for sampling (singles):     58 seconds
DAG statistics
mean edges/level: 7      max edges/level: 25
mean edges/node:  1.237  mean count/edge: 24

Window=1 Iteration=12
Time for building model:         12 seconds
Time for sampling (singles):     1 minute 13 seconds
DAG statistics
mean edges/level: 17     max edges/level: 44
mean edges/node:  1.123  mean count/edge: 10

Window=1 Iteration=13
Time for building model:         6 seconds
Time for sampling (singles):     1 minute 21 seconds
DAG statistics
mean edges/level: 12     max edges/level: 46
mean edges/node:  1.150  mean count/edge: 14

Window=1 Iteration=14
Time for building model:         36 seconds
Time for sampling (singles):     1 minute 27 seconds
DAG statistics
mean edges/level: 21     max edges/level: 49
mean edges/node:  1.092  mean count/edge: 8

Window=1 Iteration=15
Time for building model:         26 seconds
Time for sampling (singles):     2 minutes 51 seconds
DAG statistics
mean edges/level: 10     max edges/level: 41
mean edges/node:  1.160  mean count/edge: 17

Window 2 [ NC_037353.1:9922807-19177523 ]
target markers:      50000

Starting burn-in iterations

Window=2 Iteration=1
Time for building model:         2 minutes 25 seconds
Time for sampling (singles):     16 seconds
DAG statistics
mean edges/level: 8      max edges/level: 43
mean edges/node:  1.665  mean count/edge: 21

Window=2 Iteration=2
Time for building model:         4 minutes 24 seconds
Time for sampling (singles):     20 seconds
DAG statistics
mean edges/level: 9      max edges/level: 31
mean edges/node:  1.508  mean count/edge: 19

Window=2 Iteration=3
Time for building model:         4 minutes 16 seconds
Time for sampling (singles):     42 seconds
DAG statistics
mean edges/level: 7      max edges/level: 39
mean edges/node:  1.307  mean count/edge: 24

Window=2 Iteration=4
Time for building model:         4 minutes 34 seconds
Time for sampling (singles):     33 seconds
DAG statistics
mean edges/level: 8      max edges/level: 37
mean edges/node:  1.254  mean count/edge: 21

Window=2 Iteration=5
Time for building model:         4 minutes 59 seconds
Time for sampling (singles):     32 seconds
DAG statistics
mean edges/level: 10     max edges/level: 40
mean edges/node:  1.197  mean count/edge: 17

Window=2 Iteration=6
Time for building model:         4 minutes 53 seconds
Time for sampling (singles):     18 seconds
DAG statistics
mean edges/level: 8      max edges/level: 38
mean edges/node:  1.210  mean count/edge: 21

Window=2 Iteration=7
Time for building model:         5 minutes 29 seconds
Time for sampling (singles):     27 seconds
DAG statistics
mean edges/level: 7      max edges/level: 43
mean edges/node:  1.206  mean count/edge: 24

Window=2 Iteration=8
Time for building model:         4 minutes 41 seconds
Time for sampling (singles):     20 seconds
DAG statistics
mean edges/level: 7      max edges/level: 37
mean edges/node:  1.213  mean count/edge: 24

Window=2 Iteration=9
Time for building model:         5 minutes 18 seconds
Time for sampling (singles):     16 seconds
DAG statistics
mean edges/level: 8      max edges/level: 43
mean edges/node:  1.193  mean count/edge: 21

Window=2 Iteration=10
Time for building model:         5 minutes 8 seconds
Time for sampling (singles):     18 seconds
DAG statistics
mean edges/level: 9      max edges/level: 42
mean edges/node:  1.186  mean count/edge: 19

Starting phasing iterations

Window=2 Iteration=11
Time for building model:         2 minutes 32 seconds
Time for sampling (singles):     6 minutes 19 seconds
DAG statistics
mean edges/level: 15     max edges/level: 43
mean edges/node:  1.115  mean count/edge: 11

Window=2 Iteration=12
Time for building model:         2 minutes 18 seconds
Time for sampling (singles):     4 minutes 51 seconds
DAG statistics
mean edges/level: 13     max edges/level: 43
mean edges/node:  1.130  mean count/edge: 13

Window=2 Iteration=13
Time for building model:         2 minutes 10 seconds
Time for sampling (singles):     5 minutes 31 seconds
DAG statistics
mean edges/level: 23     max edges/level: 51
mean edges/node:  1.077  mean count/edge: 7

Window=2 Iteration=14
Time for building model:         2 minutes 7 seconds
Time for sampling (singles):     4 minutes 18 seconds
DAG statistics
mean edges/level: 28     max edges/level: 51
mean edges/node:  1.057  mean count/edge: 6

Window=2 Iteration=15
Time for building model:         2 minutes 22 seconds
Time for sampling (singles):     4 minutes 30 seconds
DAG statistics
mean edges/level: 31     max edges/level: 55
mean edges/node:  1.046  mean count/edge: 5

Window 3 [ NC_037353.1:18650245-27312188 ]
target markers:      50000

Starting burn-in iterations

Window=3 Iteration=1
Time for building model:         3 minutes 34 seconds
Time for sampling (singles):     16 seconds
DAG statistics
mean edges/level: 10     max edges/level: 46
mean edges/node:  1.619  mean count/edge: 17

Window=3 Iteration=2
Time for building model:         3 minutes 42 seconds
Time for sampling (singles):     17 seconds
DAG statistics
mean edges/level: 10     max edges/level: 30
mean edges/node:  1.439  mean count/edge: 17

Window=3 Iteration=3
Time for building model:         3 minutes 30 seconds
Time for sampling (singles):     16 seconds
DAG statistics
mean edges/level: 9      max edges/level: 49
mean edges/node:  1.260  mean count/edge: 19

Window=3 Iteration=4
Time for building model:         3 minutes 46 seconds
Time for sampling (singles):     36 seconds
DAG statistics
mean edges/level: 11     max edges/level: 35
mean edges/node:  1.195  mean count/edge: 15

Window=3 Iteration=5
Time for building model:         5 minutes 12 seconds
Time for sampling (singles):     34 seconds
DAG statistics
mean edges/level: 9      max edges/level: 48
mean edges/node:  1.178  mean count/edge: 19

Window=3 Iteration=6
Time for building model:         3 minutes 51 seconds
Time for sampling (singles):     31 seconds
DAG statistics
mean edges/level: 10     max edges/level: 37
mean edges/node:  1.177  mean count/edge: 17

Window=3 Iteration=7
Time for building model:         4 minutes 1 second
Time for sampling (singles):     17 seconds
DAG statistics
mean edges/level: 9      max edges/level: 50
mean edges/node:  1.167  mean count/edge: 19

Window=3 Iteration=8
Time for building model:         4 minutes 54 seconds
Time for sampling (singles):     29 seconds
DAG statistics
mean edges/level: 12     max edges/level: 39
mean edges/node:  1.156  mean count/edge: 14

Window=3 Iteration=9
Time for building model:         4 minutes 57 seconds
Time for sampling (singles):     20 seconds
DAG statistics
mean edges/level: 10     max edges/level: 52
mean edges/node:  1.155  mean count/edge: 17

Window=3 Iteration=10
Time for building model:         5 minutes 29 seconds
Time for sampling (singles):     27 seconds
DAG statistics
mean edges/level: 13     max edges/level: 41
mean edges/node:  1.149  mean count/edge: 13

Starting phasing iterations

Window=3 Iteration=11
Time for building model:         2 minutes 8 seconds
Time for sampling (singles):     6 minutes 55 seconds
DAG statistics
mean edges/level: 11     max edges/level: 49
mean edges/node:  1.123  mean count/edge: 15

Window=3 Iteration=12
Time for building model:         2 minutes 46 seconds
Time for sampling (singles):     6 minutes 29 seconds
DAG statistics
mean edges/level: 24     max edges/level: 51
mean edges/node:  1.072  mean count/edge: 7

Window=3 Iteration=13
Time for building model:         2 minutes 55 seconds
Time for sampling (singles):     6 minutes 15 seconds
DAG statistics
mean edges/level: 29     max edges/level: 57
mean edges/node:  1.051  mean count/edge: 6

Window=3 Iteration=14
Time for building model:         3 minutes 12 seconds
Time for sampling (singles):     6 minutes 41 seconds
DAG statistics
mean edges/level: 33     max edges/level: 58
mean edges/node:  1.040  mean count/edge: 5

Window=3 Iteration=15
Time for building model:         2 minutes 56 seconds
Time for sampling (singles):     7 minutes 37 seconds
DAG statistics
mean edges/level: 36     max edges/level: 60
mean edges/node:  1.034  mean count/edge: 5

Window 4 [ NC_037353.1:26898540-34605429 ]
target markers:      50000

Starting burn-in iterations

Window=4 Iteration=1
Time for building model:         8 minutes 3 seconds
Time for sampling (singles):     1 minute 29 seconds
DAG statistics
mean edges/level: 11     max edges/level: 48
mean edges/node:  1.539  mean count/edge: 15

Window=4 Iteration=2
Time for building model:         6 minutes 41 seconds
Time for sampling (singles):     1 minute 14 seconds
DAG statistics
mean edges/level: 14     max edges/level: 49
mean edges/node:  1.340  mean count/edge: 12

Window=4 Iteration=3
Time for building model:         7 minutes 5 seconds
Time for sampling (singles):     19 seconds
DAG statistics
mean edges/level: 10     max edges/level: 48
mean edges/node:  1.223  mean count/edge: 17

Window=4 Iteration=4
Time for building model:         5 minutes 27 seconds
Time for sampling (singles):     43 seconds
DAG statistics
mean edges/level: 9      max edges/level: 36
mean edges/node:  1.221  mean count/edge: 19

Window=4 Iteration=5
Time for building model:         5 minutes 8 seconds
Time for sampling (singles):     33 seconds
DAG statistics
mean edges/level: 10     max edges/level: 49
mean edges/node:  1.180  mean count/edge: 17

Window=4 Iteration=6
Time for building model:         5 minutes 54 seconds
Time for sampling (singles):     48 seconds
DAG statistics
mean edges/level: 16     max edges/level: 49
mean edges/node:  1.140  mean count/edge: 11

Window=4 Iteration=7
Time for building model:         4 minutes 4 seconds
Time for sampling (singles):     34 seconds
DAG statistics
mean edges/level: 14     max edges/level: 47
mean edges/node:  1.122  mean count/edge: 12

Window=4 Iteration=8
Time for building model:         3 minutes 36 seconds
Time for sampling (singles):     13 seconds
DAG statistics
mean edges/level: 9      max edges/level: 42
mean edges/node:  1.181  mean count/edge: 19

Window=4 Iteration=9
Time for building model:         3 minutes 28 seconds
Time for sampling (singles):     22 seconds
DAG statistics
mean edges/level: 10     max edges/level: 47
mean edges/node:  1.163  mean count/edge: 17

Window=4 Iteration=10
Time for building model:         3 minutes 53 seconds
Time for sampling (singles):     34 seconds
DAG statistics
mean edges/level: 14     max edges/level: 40
mean edges/node:  1.151  mean count/edge: 12

Starting phasing iterations

Window=4 Iteration=11
Time for building model:         1 minute 22 seconds
Time for sampling (singles):     3 minutes 56 seconds
DAG statistics
mean edges/level: 26     max edges/level: 53
mean edges/node:  1.064  mean count/edge: 7

Window=4 Iteration=12
Time for building model:         2 minutes 25 seconds
Time for sampling (singles):     3 minutes 41 seconds
DAG statistics
mean edges/level: 31     max edges/level: 57
mean edges/node:  1.048  mean count/edge: 5

Window=4 Iteration=13
Time for building model:         1 minute 21 seconds
Time for sampling (singles):     2 minutes 58 seconds
DAG statistics
mean edges/level: 16     max edges/level: 54
mean edges/node:  1.080  mean count/edge: 11

Window=4 Iteration=14
Time for building model:         1 minute 18 seconds
Time for sampling (singles):     3 minutes 39 seconds
DAG statistics
mean edges/level: 30     max edges/level: 54
mean edges/node:  1.053  mean count/edge: 6

Window=4 Iteration=15
Time for building model:         1 minute 25 seconds
Time for sampling (singles):     4 minutes 0 seconds
DAG statistics
mean edges/level: 35     max edges/level: 63
mean edges/node:  1.038  mean count/edge: 5

Window 5 [ NC_037353.1:34118951-41229649 ]
target markers:      50000

Starting burn-in iterations

Window=5 Iteration=1
Time for building model:         4 minutes 47 seconds
Time for sampling (singles):     42 seconds
DAG statistics
mean edges/level: 10     max edges/level: 48
mean edges/node:  1.625  mean count/edge: 17

Window=5 Iteration=2
Time for building model:         4 minutes 45 seconds
Time for sampling (singles):     41 seconds
DAG statistics
mean edges/level: 9      max edges/level: 31
mean edges/node:  1.527  mean count/edge: 19

Window=5 Iteration=3
Time for building model:         4 minutes 35 seconds
Time for sampling (singles):     36 seconds
DAG statistics
mean edges/level: 12     max edges/level: 50
mean edges/node:  1.249  mean count/edge: 14

Window=5 Iteration=4
Time for building model:         4 minutes 34 seconds
Time for sampling (singles):     36 seconds
DAG statistics
mean edges/level: 10     max edges/level: 33
mean edges/node:  1.226  mean count/edge: 17

Window=5 Iteration=5
Time for building model:         5 minutes 46 seconds
Time for sampling (singles):     48 seconds
DAG statistics
mean edges/level: 15     max edges/level: 47
mean edges/node:  1.161  mean count/edge: 11

Window=5 Iteration=6
Time for building model:         4 minutes 24 seconds
Time for sampling (singles):     38 seconds
DAG statistics
mean edges/level: 12     max edges/level: 50
mean edges/node:  1.159  mean count/edge: 14

Window=5 Iteration=7
Time for building model:         6 minutes 8 seconds
Time for sampling (singles):     48 seconds
DAG statistics
mean edges/level: 17     max edges/level: 50
mean edges/node:  1.125  mean count/edge: 10

Window=5 Iteration=8
Time for building model:         4 minutes 42 seconds
Time for sampling (singles):     56 seconds
DAG statistics
mean edges/level: 19     max edges/level: 52
mean edges/node:  1.102  mean count/edge: 9

Window=5 Iteration=9
Time for building model:         4 minutes 21 seconds
Time for sampling (singles):     54 seconds
DAG statistics
mean edges/level: 20     max edges/level: 52
mean edges/node:  1.090  mean count/edge: 9

Window=5 Iteration=10
Time for building model:         3 minutes 39 seconds
Time for sampling (singles):     53 seconds
DAG statistics
mean edges/level: 21     max edges/level: 55
mean edges/node:  1.084  mean count/edge: 8

Starting phasing iterations

Window=5 Iteration=11
Time for building model:         1 minute 7 seconds
Time for sampling (singles):     4 minutes 5 seconds
DAG statistics
mean edges/level: 28     max edges/level: 53
mean edges/node:  1.060  mean count/edge: 6

Window=5 Iteration=12
Time for building model:         1 minute 47 seconds
Time for sampling (singles):     3 minutes 23 seconds
DAG statistics
mean edges/level: 32     max edges/level: 58
mean edges/node:  1.048  mean count/edge: 5

Window=5 Iteration=13
Time for building model:         1 minute 20 seconds
Time for sampling (singles):     3 minutes 10 seconds
DAG statistics
mean edges/level: 35     max edges/level: 58
mean edges/node:  1.041  mean count/edge: 5

Window=5 Iteration=14
Time for building model:         2 minutes 0 seconds
Time for sampling (singles):     3 minutes 7 seconds
DAG statistics
mean edges/level: 38     max edges/level: 61
mean edges/node:  1.035  mean count/edge: 4

Window=5 Iteration=15
Time for building model:         1 minute 36 seconds
Time for sampling (singles):     4 minutes 13 seconds
DAG statistics
mean edges/level: 40     max edges/level: 61
mean edges/node:  1.032  mean count/edge: 4

Window 6 [ NC_037353.1:40793496-47192472 ]
target markers:      50000

Starting burn-in iterations

Window=6 Iteration=1
Time for building model:         2 minutes 14 seconds
Time for sampling (singles):     16 seconds
DAG statistics
mean edges/level: 10     max edges/level: 54
mean edges/node:  1.624  mean count/edge: 17

Window=6 Iteration=2
Time for building model:         3 minutes 16 seconds
Time for sampling (singles):     20 seconds
DAG statistics
mean edges/level: 9      max edges/level: 29
mean edges/node:  1.544  mean count/edge: 19

Window=6 Iteration=3
Time for building model:         2 minutes 46 seconds
Time for sampling (singles):     31 seconds
DAG statistics
mean edges/level: 11     max edges/level: 55
mean edges/node:  1.274  mean count/edge: 15

Window=6 Iteration=4
Time for building model:         2 minutes 34 seconds
Time for sampling (singles):     14 seconds
DAG statistics
mean edges/level: 9      max edges/level: 36
mean edges/node:  1.247  mean count/edge: 19

Window=6 Iteration=5
Time for building model:         2 minutes 7 seconds
Time for sampling (singles):     13 seconds
DAG statistics
mean edges/level: 10     max edges/level: 54
mean edges/node:  1.200  mean count/edge: 17

Window=6 Iteration=6
Time for building model:         2 minutes 27 seconds
Time for sampling (singles):     26 seconds
DAG statistics
mean edges/level: 14     max edges/level: 47
mean edges/node:  1.180  mean count/edge: 12

Window=6 Iteration=7
Time for building model:         1 minute 48 seconds
Time for sampling (singles):     29 seconds
DAG statistics
mean edges/level: 16     max edges/level: 53
mean edges/node:  1.139  mean count/edge: 11

Window=6 Iteration=8
Time for building model:         2 minutes 15 seconds
Time for sampling (singles):     46 seconds
DAG statistics
mean edges/level: 18     max edges/level: 56
mean edges/node:  1.116  mean count/edge: 9

Window=6 Iteration=9
Time for building model:         1 minute 49 seconds
Time for sampling (singles):     52 seconds
DAG statistics
mean edges/level: 18     max edges/level: 53
mean edges/node:  1.104  mean count/edge: 9

Window=6 Iteration=10
Time for building model:         2 minutes 11 seconds
Time for sampling (singles):     1 minute 1 second
DAG statistics
mean edges/level: 20     max edges/level: 54
mean edges/node:  1.098  mean count/edge: 9

Starting phasing iterations

Window=6 Iteration=11
Time for building model:         47 seconds
Time for sampling (singles):     2 minutes 38 seconds
DAG statistics
mean edges/level: 22     max edges/level: 54
mean edges/node:  1.074  mean count/edge: 8

Window=6 Iteration=12
Time for building model:         5 seconds
Time for sampling (singles):     54 seconds
DAG statistics
mean edges/level: 30     max edges/level: 57
mean edges/node:  1.057  mean count/edge: 6

Window=6 Iteration=13
Time for building model:         9 seconds
Time for sampling (singles):     14 seconds
DAG statistics
mean edges/level: 34     max edges/level: 55
mean edges/node:  1.045  mean count/edge: 5

Window=6 Iteration=14
Time for building model:         6 seconds
Time for sampling (singles):     11 seconds
DAG statistics
mean edges/level: 37     max edges/level: 58
mean edges/node:  1.039  mean count/edge: 5

Window=6 Iteration=15
Time for building model:         5 seconds
Time for sampling (singles):     11 seconds
DAG statistics
mean edges/level: 39     max edges/level: 58
mean edges/node:  1.035  mean count/edge: 4

Window 7 [ NC_037353.1:46898243-51989236 ]
target markers:      42119

Starting burn-in iterations

Window=7 Iteration=1
Time for building model:         57 seconds
Time for sampling (singles):     11 seconds
DAG statistics
mean edges/level: 9      max edges/level: 53
mean edges/node:  1.627  mean count/edge: 19

Window=7 Iteration=2
Time for building model:         1 minute 7 seconds
Time for sampling (singles):     8 seconds
DAG statistics
mean edges/level: 9      max edges/level: 28
mean edges/node:  1.597  mean count/edge: 19

Window=7 Iteration=3
Time for building model:         46 seconds
Time for sampling (singles):     9 seconds
DAG statistics
mean edges/level: 10     max edges/level: 51
mean edges/node:  1.317  mean count/edge: 17

Window=7 Iteration=4
Time for building model:         59 seconds
Time for sampling (singles):     14 seconds
DAG statistics
mean edges/level: 10     max edges/level: 34
mean edges/node:  1.269  mean count/edge: 17

Window=7 Iteration=5
Time for building model:         30 seconds
Time for sampling (singles):     11 seconds
DAG statistics
mean edges/level: 10     max edges/level: 50
mean edges/node:  1.211  mean count/edge: 17

Window=7 Iteration=6
Time for building model:         1 minute 21 seconds
Time for sampling (singles):     27 seconds
DAG statistics
mean edges/level: 16     max edges/level: 50
mean edges/node:  1.166  mean count/edge: 11

Window=7 Iteration=7
Time for building model:         1 minute 59 seconds
Time for sampling (singles):     15 seconds
DAG statistics
mean edges/level: 11     max edges/level: 50
mean edges/node:  1.161  mean count/edge: 15

Window=7 Iteration=8
Time for building model:         2 minutes 52 seconds
Time for sampling (singles):     40 seconds
DAG statistics
mean edges/level: 17     max edges/level: 52
mean edges/node:  1.143  mean count/edge: 10

Window=7 Iteration=9
Time for building model:         2 minutes 59 seconds
Time for sampling (singles):     41 seconds
DAG statistics
mean edges/level: 18     max edges/level: 50
mean edges/node:  1.119  mean count/edge: 9

Window=7 Iteration=10
Time for building model:         2 minutes 12 seconds
Time for sampling (singles):     20 seconds
DAG statistics
mean edges/level: 11     max edges/level: 42
mean edges/node:  1.166  mean count/edge: 15

Starting phasing iterations

Window=7 Iteration=11
Time for building model:         1 minute 28 seconds
Time for sampling (singles):     3 minutes 37 seconds
DAG statistics
mean edges/level: 25     max edges/level: 55
mean edges/node:  1.073  mean count/edge: 7

Window=7 Iteration=12
Time for building model:         2 minutes 9 seconds
Time for sampling (singles):     4 minutes 11 seconds
DAG statistics
mean edges/level: 29     max edges/level: 53
mean edges/node:  1.058  mean count/edge: 6

Window=7 Iteration=13
Time for building model:         1 minute 24 seconds
Time for sampling (singles):     2 minutes 47 seconds
DAG statistics
mean edges/level: 33     max edges/level: 57
mean edges/node:  1.048  mean count/edge: 5

Window=7 Iteration=14
Time for building model:         1 minute 21 seconds
Time for sampling (singles):     2 minutes 34 seconds
DAG statistics
mean edges/level: 35     max edges/level: 57
mean edges/node:  1.042  mean count/edge: 5

Window=7 Iteration=15
Time for building model:         1 minute 16 seconds
Time for sampling (singles):     1 minute 58 seconds
DAG statistics
mean edges/level: 37     max edges/level: 59
mean edges/node:  1.038  mean count/edge: 5

Number of markers:              324119
Total time for building model: 4 hours 42 minutes 11 seconds
Total time for sampling:       2 hours 35 minutes 39 seconds
Total run time:                7 hours 36 minutes 49 seconds

End time: 02:51 AM CEST on 05 Apr 2024
beagle.27Jan18.7e1.jar (version 4.1) finished
