beagle.27Jan18.7e1.jar (version 4.1)
Copyright (C) 2014-2015 Brian L. Browning
Enter "java -jar beagle.27Jan18.7e1.jar" for a summary of command line arguments.
Start time: 07:16 PM CEST on 04 Apr 2024

Command line: java -Xmx54613m -jar beagle.jar
  gl=results/gl/Bostau9_tragmain2_sites_variable_noindels_renamed_Tory.bcf.gz.NC_037336.1.vcf.gz
  chrom=NC_037336.1
  out=results/imputed/Bostau9_tragmain2_sites_variable_noindels_renamed_Tory.bcf.gz.NC_037336.1
  nthreads=6

No genetic map is specified: using 1 cM = 1 Mb

reference samples:       0
target samples:         85

Window 1 [ NC_037336.1:5963-13363814 ]
target markers:      50000

Starting burn-in iterations

Window=1 Iteration=1
Time for building model:         7 seconds
Time for sampling (singles):     9 seconds
DAG statistics
mean edges/level: 7      max edges/level: 22
mean edges/node:  1.787  mean count/edge: 24

Window=1 Iteration=2
Time for building model:         10 seconds
Time for sampling (singles):     9 seconds
DAG statistics
mean edges/level: 7      max edges/level: 28
mean edges/node:  1.563  mean count/edge: 24

Window=1 Iteration=3
Time for building model:         11 seconds
Time for sampling (singles):     6 seconds
DAG statistics
mean edges/level: 6      max edges/level: 24
mean edges/node:  1.351  mean count/edge: 28

Window=1 Iteration=4
Time for building model:         3 seconds
Time for sampling (singles):     11 seconds
DAG statistics
mean edges/level: 6      max edges/level: 28
mean edges/node:  1.280  mean count/edge: 28

Window=1 Iteration=5
Time for building model:         47 seconds
Time for sampling (singles):     8 seconds
DAG statistics
mean edges/level: 6      max edges/level: 25
mean edges/node:  1.257  mean count/edge: 28

Window=1 Iteration=6
Time for building model:         10 seconds
Time for sampling (singles):     8 seconds
DAG statistics
mean edges/level: 6      max edges/level: 26
mean edges/node:  1.241  mean count/edge: 28

Window=1 Iteration=7
Time for building model:         24 seconds
Time for sampling (singles):     8 seconds
DAG statistics
mean edges/level: 6      max edges/level: 26
mean edges/node:  1.236  mean count/edge: 28

Window=1 Iteration=8
Time for building model:         8 seconds
Time for sampling (singles):     7 seconds
DAG statistics
mean edges/level: 6      max edges/level: 31
mean edges/node:  1.228  mean count/edge: 28

Window=1 Iteration=9
Time for building model:         53 seconds
Time for sampling (singles):     9 seconds
DAG statistics
mean edges/level: 6      max edges/level: 25
mean edges/node:  1.228  mean count/edge: 28

Window=1 Iteration=10
Time for building model:         29 seconds
Time for sampling (singles):     7 seconds
DAG statistics
mean edges/level: 7      max edges/level: 35
mean edges/node:  1.223  mean count/edge: 24

Starting phasing iterations

Window=1 Iteration=11
Time for building model:         18 seconds
Time for sampling (singles):     2 minutes 13 seconds
DAG statistics
mean edges/level: 8      max edges/level: 31
mean edges/node:  1.213  mean count/edge: 21

Window=1 Iteration=12
Time for building model:         4 seconds
Time for sampling (singles):     2 minutes 19 seconds
DAG statistics
mean edges/level: 13     max edges/level: 44
mean edges/node:  1.135  mean count/edge: 13

Window=1 Iteration=13
Time for building model:         49 seconds
Time for sampling (singles):     4 minutes 52 seconds
DAG statistics
mean edges/level: 8      max edges/level: 33
mean edges/node:  1.193  mean count/edge: 21

Window=1 Iteration=14
Time for building model:         2 minutes 42 seconds
Time for sampling (singles):     6 minutes 36 seconds
DAG statistics
mean edges/level: 21     max edges/level: 43
mean edges/node:  1.093  mean count/edge: 8

Window=1 Iteration=15
Time for building model:         39 seconds
Time for sampling (singles):     4 minutes 45 seconds
DAG statistics
mean edges/level: 25     max edges/level: 48
mean edges/node:  1.063  mean count/edge: 7

Window 2 [ NC_037336.1:12812794-22629477 ]
target markers:      50000

Starting burn-in iterations

Window=2 Iteration=1
Time for building model:         6 minutes 16 seconds
Time for sampling (singles):     26 seconds
DAG statistics
mean edges/level: 8      max edges/level: 37
mean edges/node:  1.697  mean count/edge: 21

Window=2 Iteration=2
Time for building model:         7 minutes 6 seconds
Time for sampling (singles):     58 seconds
DAG statistics
mean edges/level: 8      max edges/level: 27
mean edges/node:  1.508  mean count/edge: 21

Window=2 Iteration=3
Time for building model:         3 minutes 29 seconds
Time for sampling (singles):     48 seconds
DAG statistics
mean edges/level: 7      max edges/level: 38
mean edges/node:  1.301  mean count/edge: 24

Window=2 Iteration=4
Time for building model:         5 minutes 27 seconds
Time for sampling (singles):     43 seconds
DAG statistics
mean edges/level: 8      max edges/level: 34
mean edges/node:  1.236  mean count/edge: 21

Window=2 Iteration=5
Time for building model:         4 minutes 32 seconds
Time for sampling (singles):     12 seconds
DAG statistics
mean edges/level: 7      max edges/level: 38
mean edges/node:  1.221  mean count/edge: 24

Window=2 Iteration=6
Time for building model:         5 minutes 1 second
Time for sampling (singles):     35 seconds
DAG statistics
mean edges/level: 8      max edges/level: 37
mean edges/node:  1.204  mean count/edge: 21

Window=2 Iteration=7
Time for building model:         4 minutes 41 seconds
Time for sampling (singles):     34 seconds
DAG statistics
mean edges/level: 8      max edges/level: 39
mean edges/node:  1.197  mean count/edge: 21

Window=2 Iteration=8
Time for building model:         4 minutes 18 seconds
Time for sampling (singles):     24 seconds
DAG statistics
mean edges/level: 8      max edges/level: 41
mean edges/node:  1.191  mean count/edge: 21

Window=2 Iteration=9
Time for building model:         4 minutes 35 seconds
Time for sampling (singles):     25 seconds
DAG statistics
mean edges/level: 7      max edges/level: 36
mean edges/node:  1.194  mean count/edge: 24

Window=2 Iteration=10
Time for building model:         3 minutes 37 seconds
Time for sampling (singles):     21 seconds
DAG statistics
mean edges/level: 8      max edges/level: 37
mean edges/node:  1.187  mean count/edge: 21

Starting phasing iterations

Window=2 Iteration=11
Time for building model:         1 minute 43 seconds
Time for sampling (singles):     7 minutes 18 seconds
DAG statistics
mean edges/level: 9      max edges/level: 42
mean edges/node:  1.165  mean count/edge: 19

Window=2 Iteration=12
Time for building model:         2 minutes 41 seconds
Time for sampling (singles):     7 minutes 12 seconds
DAG statistics
mean edges/level: 11     max edges/level: 42
mean edges/node:  1.148  mean count/edge: 15

Window=2 Iteration=13
Time for building model:         1 minute 53 seconds
Time for sampling (singles):     6 minutes 35 seconds
DAG statistics
mean edges/level: 22     max edges/level: 49
mean edges/node:  1.085  mean count/edge: 8

Window=2 Iteration=14
Time for building model:         2 minutes 24 seconds
Time for sampling (singles):     6 minutes 37 seconds
DAG statistics
mean edges/level: 27     max edges/level: 54
mean edges/node:  1.060  mean count/edge: 6

Window=2 Iteration=15
Time for building model:         2 minutes 38 seconds
Time for sampling (singles):     6 minutes 0 seconds
DAG statistics
mean edges/level: 30     max edges/level: 55
mean edges/node:  1.048  mean count/edge: 6

Window 3 [ NC_037336.1:22027710-31556575 ]
target markers:      50000

Starting burn-in iterations

Window=3 Iteration=1
Time for building model:         5 minutes 57 seconds
Time for sampling (singles):     48 seconds
DAG statistics
mean edges/level: 9      max edges/level: 52
mean edges/node:  1.625  mean count/edge: 19

Window=3 Iteration=2
Time for building model:         5 minutes 33 seconds
Time for sampling (singles):     1 minute 27 seconds
DAG statistics
mean edges/level: 9      max edges/level: 29
mean edges/node:  1.473  mean count/edge: 19

Window=3 Iteration=3
Time for building model:         5 minutes 33 seconds
Time for sampling (singles):     28 seconds
DAG statistics
mean edges/level: 12     max edges/level: 51
mean edges/node:  1.228  mean count/edge: 14

Window=3 Iteration=4
Time for building model:         4 minutes 29 seconds
Time for sampling (singles):     44 seconds
DAG statistics
mean edges/level: 8      max edges/level: 35
mean edges/node:  1.208  mean count/edge: 21

Window=3 Iteration=5
Time for building model:         5 minutes 25 seconds
Time for sampling (singles):     49 seconds
DAG statistics
mean edges/level: 13     max edges/level: 53
mean edges/node:  1.158  mean count/edge: 13

Window=3 Iteration=6
Time for building model:         3 minutes 59 seconds
Time for sampling (singles):     42 seconds
DAG statistics
mean edges/level: 9      max edges/level: 36
mean edges/node:  1.176  mean count/edge: 19

Window=3 Iteration=7
Time for building model:         3 minutes 41 seconds
Time for sampling (singles):     14 seconds
DAG statistics
mean edges/level: 9      max edges/level: 53
mean edges/node:  1.165  mean count/edge: 19

Window=3 Iteration=8
Time for building model:         5 minutes 11 seconds
Time for sampling (singles):     37 seconds
DAG statistics
mean edges/level: 9      max edges/level: 43
mean edges/node:  1.175  mean count/edge: 19

Window=3 Iteration=9
Time for building model:         7 minutes 38 seconds
Time for sampling (singles):     1 minute 2 seconds
DAG statistics
mean edges/level: 14     max edges/level: 52
mean edges/node:  1.143  mean count/edge: 12

Window=3 Iteration=10
Time for building model:         6 minutes 39 seconds
Time for sampling (singles):     37 seconds
DAG statistics
mean edges/level: 8      max edges/level: 36
mean edges/node:  1.167  mean count/edge: 21

Starting phasing iterations

Window=3 Iteration=11
Time for building model:         2 minutes 10 seconds
Time for sampling (singles):     7 minutes 39 seconds
DAG statistics
mean edges/level: 18     max edges/level: 56
mean edges/node:  1.085  mean count/edge: 9

Window=3 Iteration=12
Time for building model:         3 minutes 20 seconds
Time for sampling (singles):     7 minutes 42 seconds
DAG statistics
mean edges/level: 24     max edges/level: 53
mean edges/node:  1.065  mean count/edge: 7

Window=3 Iteration=13
Time for building model:         2 minutes 40 seconds
Time for sampling (singles):     7 minutes 6 seconds
DAG statistics
mean edges/level: 23     max edges/level: 56
mean edges/node:  1.055  mean count/edge: 7

Window=3 Iteration=14
Time for building model:         2 minutes 48 seconds
Time for sampling (singles):     6 minutes 26 seconds
DAG statistics
mean edges/level: 11     max edges/level: 49
mean edges/node:  1.111  mean count/edge: 15

Window=3 Iteration=15
Time for building model:         2 minutes 22 seconds
Time for sampling (singles):     5 minutes 6 seconds
DAG statistics
mean edges/level: 28     max edges/level: 56
mean edges/node:  1.056  mean count/edge: 6

Window 4 [ NC_037336.1:31114547-39423026 ]
target markers:      50000

Starting burn-in iterations

Window=4 Iteration=1
Time for building model:         3 minutes 59 seconds
Time for sampling (singles):     40 seconds
DAG statistics
mean edges/level: 10     max edges/level: 48
mean edges/node:  1.589  mean count/edge: 17

Window=4 Iteration=2
Time for building model:         3 minutes 18 seconds
Time for sampling (singles):     24 seconds
DAG statistics
mean edges/level: 10     max edges/level: 32
mean edges/node:  1.447  mean count/edge: 17

Window=4 Iteration=3
Time for building model:         2 minutes 51 seconds
Time for sampling (singles):     39 seconds
DAG statistics
mean edges/level: 9      max edges/level: 47
mean edges/node:  1.244  mean count/edge: 19

Window=4 Iteration=4
Time for building model:         3 minutes 20 seconds
Time for sampling (singles):     27 seconds
DAG statistics
mean edges/level: 9      max edges/level: 35
mean edges/node:  1.205  mean count/edge: 19

Window=4 Iteration=5
Time for building model:         2 minutes 45 seconds
Time for sampling (singles):     29 seconds
DAG statistics
mean edges/level: 10     max edges/level: 47
mean edges/node:  1.172  mean count/edge: 17

Window=4 Iteration=6
Time for building model:         3 minutes 29 seconds
Time for sampling (singles):     19 seconds
DAG statistics
mean edges/level: 10     max edges/level: 38
mean edges/node:  1.173  mean count/edge: 17

Window=4 Iteration=7
Time for building model:         2 minutes 29 seconds
Time for sampling (singles):     15 seconds
DAG statistics
mean edges/level: 9      max edges/level: 44
mean edges/node:  1.166  mean count/edge: 19

Window=4 Iteration=8
Time for building model:         2 minutes 45 seconds
Time for sampling (singles):     23 seconds
DAG statistics
mean edges/level: 10     max edges/level: 43
mean edges/node:  1.166  mean count/edge: 17

Window=4 Iteration=9
Time for building model:         2 minutes 16 seconds
Time for sampling (singles):     21 seconds
DAG statistics
mean edges/level: 10     max edges/level: 47
mean edges/node:  1.153  mean count/edge: 17

Window=4 Iteration=10
Time for building model:         2 minutes 49 seconds
Time for sampling (singles):     30 seconds
DAG statistics
mean edges/level: 11     max edges/level: 38
mean edges/node:  1.155  mean count/edge: 15

Starting phasing iterations

Window=4 Iteration=11
Time for building model:         1 minute 53 seconds
Time for sampling (singles):     5 minutes 39 seconds
DAG statistics
mean edges/level: 23     max edges/level: 48
mean edges/node:  1.072  mean count/edge: 7

Window=4 Iteration=12
Time for building model:         3 minutes 8 seconds
Time for sampling (singles):     5 minutes 16 seconds
DAG statistics
mean edges/level: 21     max edges/level: 53
mean edges/node:  1.067  mean count/edge: 8

Window=4 Iteration=13
Time for building model:         2 minutes 29 seconds
Time for sampling (singles):     4 minutes 48 seconds
DAG statistics
mean edges/level: 30     max edges/level: 59
mean edges/node:  1.049  mean count/edge: 6

Window=4 Iteration=14
Time for building model:         2 minutes 3 seconds
Time for sampling (singles):     5 minutes 27 seconds
DAG statistics
mean edges/level: 33     max edges/level: 57
mean edges/node:  1.039  mean count/edge: 5

Window=4 Iteration=15
Time for building model:         3 minutes 25 seconds
Time for sampling (singles):     4 minutes 49 seconds
DAG statistics
mean edges/level: 36     max edges/level: 59
mean edges/node:  1.033  mean count/edge: 5

Window 5 [ NC_037336.1:38762552-48645848 ]
target markers:      50000

Starting burn-in iterations

Window=5 Iteration=1
Time for building model:         5 minutes 22 seconds
Time for sampling (singles):     43 seconds
DAG statistics
mean edges/level: 10     max edges/level: 51
mean edges/node:  1.601  mean count/edge: 17

Window=5 Iteration=2
Time for building model:         5 minutes 21 seconds
Time for sampling (singles):     54 seconds
DAG statistics
mean edges/level: 9      max edges/level: 29
mean edges/node:  1.464  mean count/edge: 19

Window=5 Iteration=3
Time for building model:         3 minutes 10 seconds
Time for sampling (singles):     9 seconds
DAG statistics
mean edges/level: 8      max edges/level: 53
mean edges/node:  1.250  mean count/edge: 21

Window=5 Iteration=4
Time for building model:         2 minutes 43 seconds
Time for sampling (singles):     17 seconds
DAG statistics
mean edges/level: 10     max edges/level: 36
mean edges/node:  1.201  mean count/edge: 17

Window=5 Iteration=5
Time for building model:         2 minutes 49 seconds
Time for sampling (singles):     25 seconds
DAG statistics
mean edges/level: 15     max edges/level: 51
mean edges/node:  1.141  mean count/edge: 11

Window=5 Iteration=6
Time for building model:         3 minutes 14 seconds
Time for sampling (singles):     35 seconds
DAG statistics
mean edges/level: 15     max edges/level: 43
mean edges/node:  1.118  mean count/edge: 11

Window=5 Iteration=7
Time for building model:         2 minutes 47 seconds
Time for sampling (singles):     13 seconds
DAG statistics
mean edges/level: 8      max edges/level: 53
mean edges/node:  1.157  mean count/edge: 21

Window=5 Iteration=8
Time for building model:         2 minutes 30 seconds
Time for sampling (singles):     28 seconds
DAG statistics
mean edges/level: 12     max edges/level: 39
mean edges/node:  1.152  mean count/edge: 14

Window=5 Iteration=9
Time for building model:         2 minutes 44 seconds
Time for sampling (singles):     32 seconds
DAG statistics
mean edges/level: 13     max edges/level: 56
mean edges/node:  1.125  mean count/edge: 13

Window=5 Iteration=10
Time for building model:         4 minutes 8 seconds
Time for sampling (singles):     32 seconds
DAG statistics
mean edges/level: 16     max edges/level: 49
mean edges/node:  1.107  mean count/edge: 11

Starting phasing iterations

Window=5 Iteration=11
Time for building model:         52 seconds
Time for sampling (singles):     3 minutes 42 seconds
DAG statistics
mean edges/level: 9      max edges/level: 55
mean edges/node:  1.138  mean count/edge: 19

Window=5 Iteration=12
Time for building model:         2 minutes 42 seconds
Time for sampling (singles):     3 minutes 18 seconds
DAG statistics
mean edges/level: 18     max edges/level: 46
mean edges/node:  1.089  mean count/edge: 9

Window=5 Iteration=13
Time for building model:         1 minute 38 seconds
Time for sampling (singles):     2 minutes 50 seconds
DAG statistics
mean edges/level: 27     max edges/level: 52
mean edges/node:  1.055  mean count/edge: 6

Window=5 Iteration=14
Time for building model:         1 minute 22 seconds
Time for sampling (singles):     2 minutes 26 seconds
DAG statistics
mean edges/level: 31     max edges/level: 57
mean edges/node:  1.041  mean count/edge: 5

Window=5 Iteration=15
Time for building model:         1 minute 35 seconds
Time for sampling (singles):     1 minute 54 seconds
DAG statistics
mean edges/level: 34     max edges/level: 58
mean edges/node:  1.034  mean count/edge: 5

Window 6 [ NC_037336.1:48013096-57994016 ]
target markers:      50000

Starting burn-in iterations

Window=6 Iteration=1
Time for building model:         1 minute 42 seconds
Time for sampling (singles):     10 seconds
DAG statistics
mean edges/level: 10     max edges/level: 49
mean edges/node:  1.595  mean count/edge: 17

Window=6 Iteration=2
Time for building model:         1 minute 26 seconds
Time for sampling (singles):     13 seconds
DAG statistics
mean edges/level: 9      max edges/level: 27
mean edges/node:  1.451  mean count/edge: 19

Window=6 Iteration=3
Time for building model:         1 minute 45 seconds
Time for sampling (singles):     16 seconds
DAG statistics
mean edges/level: 10     max edges/level: 48
mean edges/node:  1.214  mean count/edge: 17

Window=6 Iteration=4
Time for building model:         1 minute 15 seconds
Time for sampling (singles):     13 seconds
DAG statistics
mean edges/level: 9      max edges/level: 32
mean edges/node:  1.191  mean count/edge: 19

Window=6 Iteration=5
Time for building model:         1 minute 50 seconds
Time for sampling (singles):     21 seconds
DAG statistics
mean edges/level: 11     max edges/level: 49
mean edges/node:  1.149  mean count/edge: 15

Window=6 Iteration=6
Time for building model:         1 minute 53 seconds
Time for sampling (singles):     13 seconds
DAG statistics
mean edges/level: 8      max edges/level: 35
mean edges/node:  1.164  mean count/edge: 21

Window=6 Iteration=7
Time for building model:         1 minute 48 seconds
Time for sampling (singles):     24 seconds
DAG statistics
mean edges/level: 13     max edges/level: 49
mean edges/node:  1.134  mean count/edge: 13

Window=6 Iteration=8
Time for building model:         1 minute 53 seconds
Time for sampling (singles):     17 seconds
DAG statistics
mean edges/level: 10     max edges/level: 37
mean edges/node:  1.138  mean count/edge: 17

Window=6 Iteration=9
Time for building model:         1 minute 45 seconds
Time for sampling (singles):     19 seconds
DAG statistics
mean edges/level: 11     max edges/level: 49
mean edges/node:  1.130  mean count/edge: 15

Window=6 Iteration=10
Time for building model:         1 minute 55 seconds
Time for sampling (singles):     10 seconds
DAG statistics
mean edges/level: 8      max edges/level: 38
mean edges/node:  1.154  mean count/edge: 21

Starting phasing iterations

Window=6 Iteration=11
Time for building model:         53 seconds
Time for sampling (singles):     3 minutes 47 seconds
DAG statistics
mean edges/level: 15     max edges/level: 56
mean edges/node:  1.086  mean count/edge: 11

Window=6 Iteration=12
Time for building model:         1 minute 22 seconds
Time for sampling (singles):     4 minutes 12 seconds
DAG statistics
mean edges/level: 20     max edges/level: 49
mean edges/node:  1.072  mean count/edge: 9

Window=6 Iteration=13
Time for building model:         1 minute 44 seconds
Time for sampling (singles):     4 minutes 24 seconds
DAG statistics
mean edges/level: 28     max edges/level: 55
mean edges/node:  1.048  mean count/edge: 6

Window=6 Iteration=14
Time for building model:         1 minute 48 seconds
Time for sampling (singles):     4 minutes 7 seconds
DAG statistics
mean edges/level: 32     max edges/level: 55
mean edges/node:  1.036  mean count/edge: 5

Window=6 Iteration=15
Time for building model:         1 minute 50 seconds
Time for sampling (singles):     3 minutes 58 seconds
DAG statistics
mean edges/level: 35     max edges/level: 58
mean edges/node:  1.030  mean count/edge: 5

Window 7 [ NC_037336.1:57406593-66836936 ]
target markers:      50000

Starting burn-in iterations

Window=7 Iteration=1
Time for building model:         3 minutes 0 seconds
Time for sampling (singles):     13 seconds
DAG statistics
mean edges/level: 10     max edges/level: 46
mean edges/node:  1.588  mean count/edge: 17

Window=7 Iteration=2
Time for building model:         2 minutes 48 seconds
Time for sampling (singles):     13 seconds
DAG statistics
mean edges/level: 10     max edges/level: 30
mean edges/node:  1.440  mean count/edge: 17

Window=7 Iteration=3
Time for building model:         2 minutes 56 seconds
Time for sampling (singles):     14 seconds
DAG statistics
mean edges/level: 10     max edges/level: 46
mean edges/node:  1.223  mean count/edge: 17

Window=7 Iteration=4
Time for building model:         1 minute 37 seconds
Time for sampling (singles):     14 seconds
DAG statistics
mean edges/level: 8      max edges/level: 34
mean edges/node:  1.209  mean count/edge: 21

Window=7 Iteration=5
Time for building model:         2 minutes 8 seconds
Time for sampling (singles):     16 seconds
DAG statistics
mean edges/level: 11     max edges/level: 46
mean edges/node:  1.159  mean count/edge: 15

Window=7 Iteration=6
Time for building model:         1 minute 34 seconds
Time for sampling (singles):     10 seconds
DAG statistics
mean edges/level: 8      max edges/level: 33
mean edges/node:  1.176  mean count/edge: 21

Window=7 Iteration=7
Time for building model:         2 minutes 16 seconds
Time for sampling (singles):     12 seconds
DAG statistics
mean edges/level: 8      max edges/level: 46
mean edges/node:  1.166  mean count/edge: 21

Window=7 Iteration=8
Time for building model:         1 minute 29 seconds
Time for sampling (singles):     10 seconds
DAG statistics
mean edges/level: 8      max edges/level: 36
mean edges/node:  1.178  mean count/edge: 21

Window=7 Iteration=9
Time for building model:         1 minute 39 seconds
Time for sampling (singles):     21 seconds
DAG statistics
mean edges/level: 11     max edges/level: 49
mean edges/node:  1.148  mean count/edge: 15

Window=7 Iteration=10
Time for building model:         2 minutes 3 seconds
Time for sampling (singles):     14 seconds
DAG statistics
mean edges/level: 8      max edges/level: 36
mean edges/node:  1.168  mean count/edge: 21

Starting phasing iterations

Window=7 Iteration=11
Time for building model:         47 seconds
Time for sampling (singles):     2 minutes 19 seconds
DAG statistics
mean edges/level: 14     max edges/level: 47
mean edges/node:  1.097  mean count/edge: 12

Window=7 Iteration=12
Time for building model:         1 minute 2 seconds
Time for sampling (singles):     2 minutes 44 seconds
DAG statistics
mean edges/level: 11     max edges/level: 46
mean edges/node:  1.125  mean count/edge: 15

Window=7 Iteration=13
Time for building model:         1 minute 30 seconds
Time for sampling (singles):     3 minutes 12 seconds
DAG statistics
mean edges/level: 25     max edges/level: 48
mean edges/node:  1.064  mean count/edge: 7

Window=7 Iteration=14
Time for building model:         1 minute 37 seconds
Time for sampling (singles):     2 minutes 31 seconds
DAG statistics
mean edges/level: 30     max edges/level: 51
mean edges/node:  1.043  mean count/edge: 6

Window=7 Iteration=15
Time for building model:         1 minute 6 seconds
Time for sampling (singles):     2 minutes 37 seconds
DAG statistics
mean edges/level: 34     max edges/level: 56
mean edges/node:  1.035  mean count/edge: 5

Window 8 [ NC_037336.1:66257928-74907861 ]
target markers:      50000

Starting burn-in iterations

Window=8 Iteration=1
Time for building model:         1 minute 57 seconds
Time for sampling (singles):     9 seconds
DAG statistics
mean edges/level: 9      max edges/level: 51
mean edges/node:  1.621  mean count/edge: 19

Window=8 Iteration=2
Time for building model:         1 minute 22 seconds
Time for sampling (singles):     11 seconds
DAG statistics
mean edges/level: 9      max edges/level: 27
mean edges/node:  1.526  mean count/edge: 19

Window=8 Iteration=3
Time for building model:         1 minute 43 seconds
Time for sampling (singles):     11 seconds
DAG statistics
mean edges/level: 8      max edges/level: 48
mean edges/node:  1.280  mean count/edge: 21

Window=8 Iteration=4
Time for building model:         1 minute 28 seconds
Time for sampling (singles):     12 seconds
DAG statistics
mean edges/level: 8      max edges/level: 35
mean edges/node:  1.244  mean count/edge: 21

Window=8 Iteration=5
Time for building model:         1 minute 27 seconds
Time for sampling (singles):     18 seconds
DAG statistics
mean edges/level: 11     max edges/level: 48
mean edges/node:  1.185  mean count/edge: 15

Window=8 Iteration=6
Time for building model:         1 minute 14 seconds
Time for sampling (singles):     14 seconds
DAG statistics
mean edges/level: 8      max edges/level: 37
mean edges/node:  1.203  mean count/edge: 21

Window=8 Iteration=7
Time for building model:         53 seconds
Time for sampling (singles):     22 seconds
DAG statistics
mean edges/level: 11     max edges/level: 50
mean edges/node:  1.166  mean count/edge: 15

Window=8 Iteration=8
Time for building model:         55 seconds
Time for sampling (singles):     13 seconds
DAG statistics
mean edges/level: 8      max edges/level: 35
mean edges/node:  1.200  mean count/edge: 21

Window=8 Iteration=9
Time for building model:         1 minute 25 seconds
Time for sampling (singles):     24 seconds
DAG statistics
mean edges/level: 11     max edges/level: 48
mean edges/node:  1.159  mean count/edge: 15

Window=8 Iteration=10
Time for building model:         41 seconds
Time for sampling (singles):     13 seconds
DAG statistics
mean edges/level: 8      max edges/level: 36
mean edges/node:  1.195  mean count/edge: 21

Starting phasing iterations

Window=8 Iteration=11
Time for building model:         34 seconds
Time for sampling (singles):     2 minutes 33 seconds
DAG statistics
mean edges/level: 23     max edges/level: 49
mean edges/node:  1.081  mean count/edge: 7

Window=8 Iteration=12
Time for building model:         1 minute 4 seconds
Time for sampling (singles):     3 minutes 0 seconds
DAG statistics
mean edges/level: 27     max edges/level: 53
mean edges/node:  1.062  mean count/edge: 6

Window=8 Iteration=13
Time for building model:         54 seconds
Time for sampling (singles):     2 minutes 57 seconds
DAG statistics
mean edges/level: 31     max edges/level: 54
mean edges/node:  1.051  mean count/edge: 5

Window=8 Iteration=14
Time for building model:         1 minute 6 seconds
Time for sampling (singles):     2 minutes 16 seconds
DAG statistics
mean edges/level: 33     max edges/level: 58
mean edges/node:  1.044  mean count/edge: 5

Window=8 Iteration=15
Time for building model:         1 minute 14 seconds
Time for sampling (singles):     2 minutes 30 seconds
DAG statistics
mean edges/level: 36     max edges/level: 60
mean edges/node:  1.039  mean count/edge: 5

Window 9 [ NC_037336.1:74423923-83425965 ]
target markers:      50000

Starting burn-in iterations

Window=9 Iteration=1
Time for building model:         1 minute 39 seconds
Time for sampling (singles):     10 seconds
DAG statistics
mean edges/level: 10     max edges/level: 57
mean edges/node:  1.611  mean count/edge: 17

Window=9 Iteration=2
Time for building model:         1 minute 24 seconds
Time for sampling (singles):     18 seconds
DAG statistics
mean edges/level: 10     max edges/level: 29
mean edges/node:  1.455  mean count/edge: 17

Window=9 Iteration=3
Time for building model:         1 minute 32 seconds
Time for sampling (singles):     14 seconds
DAG statistics
mean edges/level: 10     max edges/level: 52
mean edges/node:  1.236  mean count/edge: 17

Window=9 Iteration=4
Time for building model:         1 minute 5 seconds
Time for sampling (singles):     19 seconds
DAG statistics
mean edges/level: 10     max edges/level: 37
mean edges/node:  1.197  mean count/edge: 17

Window=9 Iteration=5
Time for building model:         58 seconds
Time for sampling (singles):     19 seconds
DAG statistics
mean edges/level: 12     max edges/level: 53
mean edges/node:  1.159  mean count/edge: 14

Window=9 Iteration=6
Time for building model:         1 minute 13 seconds
Time for sampling (singles):     18 seconds
DAG statistics
mean edges/level: 11     max edges/level: 41
mean edges/node:  1.160  mean count/edge: 15

Window=9 Iteration=7
Time for building model:         1 minute 3 seconds
Time for sampling (singles):     11 seconds
DAG statistics
mean edges/level: 10     max edges/level: 55
mean edges/node:  1.157  mean count/edge: 17

Window=9 Iteration=8
Time for building model:         1 minute 1 second
Time for sampling (singles):     18 seconds
DAG statistics
mean edges/level: 10     max edges/level: 39
mean edges/node:  1.163  mean count/edge: 17

Window=9 Iteration=9
Time for building model:         1 minute 23 seconds
Time for sampling (singles):     28 seconds
DAG statistics
mean edges/level: 12     max edges/level: 54
mean edges/node:  1.144  mean count/edge: 14

Window=9 Iteration=10
Time for building model:         38 seconds
Time for sampling (singles):     10 seconds
DAG statistics
mean edges/level: 8      max edges/level: 33
mean edges/node:  1.181  mean count/edge: 21

Starting phasing iterations

Window=9 Iteration=11
Time for building model:         26 seconds
Time for sampling (singles):     2 minutes 6 seconds
DAG statistics
mean edges/level: 17     max edges/level: 52
mean edges/node:  1.090  mean count/edge: 10

Window=9 Iteration=12
Time for building model:         39 seconds
Time for sampling (singles):     1 minute 25 seconds
DAG statistics
mean edges/level: 9      max edges/level: 38
mean edges/node:  1.151  mean count/edge: 19

Window=9 Iteration=13
Time for building model:         36 seconds
Time for sampling (singles):     1 minute 4 seconds
DAG statistics
mean edges/level: 25     max edges/level: 51
mean edges/node:  1.068  mean count/edge: 7

Window=9 Iteration=14
Time for building model:         14 seconds
Time for sampling (singles):     19 seconds
DAG statistics
mean edges/level: 31     max edges/level: 54
mean edges/node:  1.045  mean count/edge: 5

Window=9 Iteration=15
Time for building model:         5 seconds
Time for sampling (singles):     13 seconds
DAG statistics
mean edges/level: 35     max edges/level: 58
mean edges/node:  1.036  mean count/edge: 5

Window 10 [ NC_037336.1:82898354-90916690 ]
target markers:      50000

Starting burn-in iterations

Window=10 Iteration=1
Time for building model:         4 seconds
Time for sampling (singles):     12 seconds
DAG statistics
mean edges/level: 9      max edges/level: 49
mean edges/node:  1.629  mean count/edge: 19

Window=10 Iteration=2
Time for building model:         6 seconds
Time for sampling (singles):     12 seconds
DAG statistics
mean edges/level: 9      max edges/level: 31
mean edges/node:  1.485  mean count/edge: 19

Window=10 Iteration=3
Time for building model:         3 seconds
Time for sampling (singles):     12 seconds
DAG statistics
mean edges/level: 10     max edges/level: 48
mean edges/node:  1.255  mean count/edge: 17

Window=10 Iteration=4
Time for building model:         3 seconds
Time for sampling (singles):     12 seconds
DAG statistics
mean edges/level: 9      max edges/level: 36
mean edges/node:  1.221  mean count/edge: 19

Window=10 Iteration=5
Time for building model:         4 seconds
Time for sampling (singles):     14 seconds
DAG statistics
mean edges/level: 10     max edges/level: 51
mean edges/node:  1.176  mean count/edge: 17

Window=10 Iteration=6
Time for building model:         4 seconds
Time for sampling (singles):     16 seconds
DAG statistics
mean edges/level: 9      max edges/level: 39
mean edges/node:  1.185  mean count/edge: 19

Window=10 Iteration=7
Time for building model:         3 seconds
Time for sampling (singles):     12 seconds
DAG statistics
mean edges/level: 8      max edges/level: 47
mean edges/node:  1.180  mean count/edge: 21

Window=10 Iteration=8
Time for building model:         4 seconds
Time for sampling (singles):     19 seconds
DAG statistics
mean edges/level: 10     max edges/level: 44
mean edges/node:  1.179  mean count/edge: 17

Window=10 Iteration=9
Time for building model:         6 seconds
Time for sampling (singles):     12 seconds
DAG statistics
mean edges/level: 8      max edges/level: 48
mean edges/node:  1.174  mean count/edge: 21

Window=10 Iteration=10
Time for building model:         22 seconds
Time for sampling (singles):     39 seconds
DAG statistics
mean edges/level: 14     max edges/level: 42
mean edges/node:  1.150  mean count/edge: 12

Starting phasing iterations

Window=10 Iteration=11
Time for building model:         46 seconds
Time for sampling (singles):     1 minute 49 seconds
DAG statistics
mean edges/level: 24     max edges/level: 49
mean edges/node:  1.071  mean count/edge: 7

Window=10 Iteration=12
Time for building model:         22 seconds
Time for sampling (singles):     45 seconds
DAG statistics
mean edges/level: 28     max edges/level: 55
mean edges/node:  1.053  mean count/edge: 6

Window=10 Iteration=13
Time for building model:         7 seconds
Time for sampling (singles):     20 seconds
DAG statistics
mean edges/level: 33     max edges/level: 59
mean edges/node:  1.041  mean count/edge: 5

Window=10 Iteration=14
Time for building model:         7 seconds
Time for sampling (singles):     15 seconds
DAG statistics
mean edges/level: 36     max edges/level: 63
mean edges/node:  1.036  mean count/edge: 5

Window=10 Iteration=15
Time for building model:         7 seconds
Time for sampling (singles):     14 seconds
DAG statistics
mean edges/level: 38     max edges/level: 59
mean edges/node:  1.032  mean count/edge: 4

Window 11 [ NC_037336.1:90443430-97467389 ]
target markers:      50000

Starting burn-in iterations

Window=11 Iteration=1
Time for building model:         10 seconds
Time for sampling (singles):     16 seconds
DAG statistics
mean edges/level: 10     max edges/level: 47
mean edges/node:  1.598  mean count/edge: 17

Window=11 Iteration=2
Time for building model:         6 seconds
Time for sampling (singles):     19 seconds
DAG statistics
mean edges/level: 10     max edges/level: 29
mean edges/node:  1.466  mean count/edge: 17

Window=11 Iteration=3
Time for building model:         4 seconds
Time for sampling (singles):     19 seconds
DAG statistics
mean edges/level: 10     max edges/level: 45
mean edges/node:  1.251  mean count/edge: 17

Window=11 Iteration=4
Time for building model:         10 seconds
Time for sampling (singles):     24 seconds
DAG statistics
mean edges/level: 11     max edges/level: 38
mean edges/node:  1.209  mean count/edge: 15

Window=11 Iteration=5
Time for building model:         14 seconds
Time for sampling (singles):     29 seconds
DAG statistics
mean edges/level: 16     max edges/level: 46
mean edges/node:  1.144  mean count/edge: 11

Window=11 Iteration=6
Time for building model:         39 seconds
Time for sampling (singles):     17 seconds
DAG statistics
mean edges/level: 10     max edges/level: 49
mean edges/node:  1.159  mean count/edge: 17

Window=11 Iteration=7
Time for building model:         1 minute 3 seconds
Time for sampling (singles):     22 seconds
DAG statistics
mean edges/level: 12     max edges/level: 46
mean edges/node:  1.158  mean count/edge: 14

Window=11 Iteration=8
Time for building model:         1 minute 3 seconds
Time for sampling (singles):     20 seconds
DAG statistics
mean edges/level: 10     max edges/level: 50
mean edges/node:  1.172  mean count/edge: 17

Window=11 Iteration=9
Time for building model:         41 seconds
Time for sampling (singles):     19 seconds
DAG statistics
mean edges/level: 10     max edges/level: 45
mean edges/node:  1.162  mean count/edge: 17

Window=11 Iteration=10
Time for building model:         23 seconds
Time for sampling (singles):     23 seconds
DAG statistics
mean edges/level: 10     max edges/level: 48
mean edges/node:  1.169  mean count/edge: 17

Starting phasing iterations

Window=11 Iteration=11
Time for building model:         24 seconds
Time for sampling (singles):     1 minute 21 seconds
DAG statistics
mean edges/level: 20     max edges/level: 55
mean edges/node:  1.083  mean count/edge: 9

Window=11 Iteration=12
Time for building model:         22 seconds
Time for sampling (singles):     56 seconds
DAG statistics
mean edges/level: 28     max edges/level: 53
mean edges/node:  1.058  mean count/edge: 6

Window=11 Iteration=13
Time for building model:         5 seconds
Time for sampling (singles):     16 seconds
DAG statistics
mean edges/level: 32     max edges/level: 55
mean edges/node:  1.044  mean count/edge: 5

Window=11 Iteration=14
Time for building model:         5 seconds
Time for sampling (singles):     11 seconds
DAG statistics
mean edges/level: 36     max edges/level: 58
mean edges/node:  1.037  mean count/edge: 5

Window=11 Iteration=15
Time for building model:         6 seconds
Time for sampling (singles):     10 seconds
DAG statistics
mean edges/level: 38     max edges/level: 59
mean edges/node:  1.032  mean count/edge: 4

Window 12 [ NC_037336.1:97200953-102763830 ]
target markers:      50000

Starting burn-in iterations

Window=12 Iteration=1
Time for building model:         7 seconds
Time for sampling (singles):     10 seconds
DAG statistics
mean edges/level: 10     max edges/level: 48
mean edges/node:  1.619  mean count/edge: 17

Window=12 Iteration=2
Time for building model:         4 seconds
Time for sampling (singles):     12 seconds
DAG statistics
mean edges/level: 9      max edges/level: 29
mean edges/node:  1.553  mean count/edge: 19

Window=12 Iteration=3
Time for building model:         4 seconds
Time for sampling (singles):     14 seconds
DAG statistics
mean edges/level: 9      max edges/level: 50
mean edges/node:  1.285  mean count/edge: 19

Window=12 Iteration=4
Time for building model:         5 seconds
Time for sampling (singles):     20 seconds
DAG statistics
mean edges/level: 11     max edges/level: 36
mean edges/node:  1.235  mean count/edge: 15

Window=12 Iteration=5
Time for building model:         4 seconds
Time for sampling (singles):     13 seconds
DAG statistics
mean edges/level: 9      max edges/level: 48
mean edges/node:  1.210  mean count/edge: 19

Window=12 Iteration=6
Time for building model:         8 seconds
Time for sampling (singles):     28 seconds
DAG statistics
mean edges/level: 13     max edges/level: 47
mean edges/node:  1.184  mean count/edge: 13

Window=12 Iteration=7
Time for building model:         5 seconds
Time for sampling (singles):     33 seconds
DAG statistics
mean edges/level: 16     max edges/level: 53
mean edges/node:  1.135  mean count/edge: 11

Window=12 Iteration=8
Time for building model:         5 seconds
Time for sampling (singles):     21 seconds
DAG statistics
mean edges/level: 11     max edges/level: 43
mean edges/node:  1.161  mean count/edge: 15

Window=12 Iteration=9
Time for building model:         28 seconds
Time for sampling (singles):     20 seconds
DAG statistics
mean edges/level: 11     max edges/level: 47
mean edges/node:  1.163  mean count/edge: 15

Window=12 Iteration=10
Time for building model:         27 seconds
Time for sampling (singles):     20 seconds
DAG statistics
mean edges/level: 10     max edges/level: 42
mean edges/node:  1.184  mean count/edge: 17

Starting phasing iterations

Window=12 Iteration=11
Time for building model:         23 seconds
Time for sampling (singles):     1 minute 8 seconds
DAG statistics
mean edges/level: 25     max edges/level: 53
mean edges/node:  1.073  mean count/edge: 7

Window=12 Iteration=12
Time for building model:         19 seconds
Time for sampling (singles):     29 seconds
DAG statistics
mean edges/level: 25     max edges/level: 54
mean edges/node:  1.065  mean count/edge: 7

Window=12 Iteration=13
Time for building model:         7 seconds
Time for sampling (singles):     18 seconds
DAG statistics
mean edges/level: 31     max edges/level: 58
mean edges/node:  1.050  mean count/edge: 5

Window=12 Iteration=14
Time for building model:         7 seconds
Time for sampling (singles):     16 seconds
DAG statistics
mean edges/level: 34     max edges/level: 57
mean edges/node:  1.041  mean count/edge: 5

Window=12 Iteration=15
Time for building model:         8 seconds
Time for sampling (singles):     15 seconds
DAG statistics
mean edges/level: 37     max edges/level: 64
mean edges/node:  1.036  mean count/edge: 5

Window 13 [ NC_037336.1:102464678-104644558 ]
target markers:      14997

Starting burn-in iterations

Window=13 Iteration=1
Time for building model:         2 seconds
Time for sampling (singles):     3 seconds
DAG statistics
mean edges/level: 10     max edges/level: 50
mean edges/node:  1.488  mean count/edge: 17

Window=13 Iteration=2
Time for building model:         1 second
Time for sampling (singles):     3 seconds
DAG statistics
mean edges/level: 8      max edges/level: 27
mean edges/node:  1.562  mean count/edge: 21

Window=13 Iteration=3
Time for building model:         1 second
Time for sampling (singles):     6 seconds
DAG statistics
mean edges/level: 12     max edges/level: 46
mean edges/node:  1.271  mean count/edge: 14

Window=13 Iteration=4
Time for building model:         2 seconds
Time for sampling (singles):     8 seconds
DAG statistics
mean edges/level: 14     max edges/level: 54
mean edges/node:  1.200  mean count/edge: 12

Window=13 Iteration=5
Time for building model:         2 seconds
Time for sampling (singles):     5 seconds
DAG statistics
mean edges/level: 12     max edges/level: 50
mean edges/node:  1.179  mean count/edge: 14

Window=13 Iteration=6
Time for building model:         1 second
Time for sampling (singles):     3 seconds
DAG statistics
mean edges/level: 8      max edges/level: 28
mean edges/node:  1.260  mean count/edge: 21

Window=13 Iteration=7
Time for building model:         2 seconds
Time for sampling (singles):     6 seconds
DAG statistics
mean edges/level: 14     max edges/level: 47
mean edges/node:  1.177  mean count/edge: 12

Window=13 Iteration=8
Time for building model:         1 second
Time for sampling (singles):     3 seconds
DAG statistics
mean edges/level: 8      max edges/level: 27
mean edges/node:  1.239  mean count/edge: 21

Window=13 Iteration=9
Time for building model:         1 second
Time for sampling (singles):     6 seconds
DAG statistics
mean edges/level: 14     max edges/level: 51
mean edges/node:  1.167  mean count/edge: 12

Window=13 Iteration=10
Time for building model:         1 second
Time for sampling (singles):     2 seconds
DAG statistics
mean edges/level: 8      max edges/level: 27
mean edges/node:  1.231  mean count/edge: 21

Starting phasing iterations

Window=13 Iteration=11
Time for building model:         1 second
Time for sampling (singles):     5 seconds
DAG statistics
mean edges/level: 21     max edges/level: 51
mean edges/node:  1.102  mean count/edge: 8

Window=13 Iteration=12
Time for building model:         2 seconds
Time for sampling (singles):     4 seconds
DAG statistics
mean edges/level: 25     max edges/level: 53
mean edges/node:  1.084  mean count/edge: 7

Window=13 Iteration=13
Time for building model:         2 seconds
Time for sampling (singles):     5 seconds
DAG statistics
mean edges/level: 28     max edges/level: 50
mean edges/node:  1.071  mean count/edge: 6

Window=13 Iteration=14
Time for building model:         2 seconds
Time for sampling (singles):     5 seconds
DAG statistics
mean edges/level: 30     max edges/level: 51
mean edges/node:  1.061  mean count/edge: 6

Window=13 Iteration=15
Time for building model:         1 second
Time for sampling (singles):     4 seconds
DAG statistics
mean edges/level: 32     max edges/level: 53
mean edges/node:  1.055  mean count/edge: 5

Number of markers:              578997
Total time for building model: 5 hours 16 minutes 58 seconds
Total time for sampling:       3 hours 54 minutes 14 seconds
Total run time:                9 hours 37 minutes 7 seconds

End time: 04:53 AM CEST on 05 Apr 2024
beagle.27Jan18.7e1.jar (version 4.1) finished
