beagle.27Jan18.7e1.jar (version 4.1)
Copyright (C) 2014-2015 Brian L. Browning
Enter "java -jar beagle.27Jan18.7e1.jar" for a summary of command line arguments.
Start time: 07:16 PM CEST on 04 Apr 2024

Command line: java -Xmx54613m -jar beagle.jar
  gl=results/gl/Bostau9_tragmain2_sites_variable_noindels_renamed_Tory.bcf.gz.NC_037340.1.vcf.gz
  chrom=NC_037340.1
  out=results/imputed/Bostau9_tragmain2_sites_variable_noindels_renamed_Tory.bcf.gz.NC_037340.1
  nthreads=6

No genetic map is specified: using 1 cM = 1 Mb

reference samples:       0
target samples:         85

Window 1 [ NC_037340.1:212595-8729327 ]
target markers:      50000

Starting burn-in iterations

Window=1 Iteration=1
Time for building model:         7 seconds
Time for sampling (singles):     10 seconds
DAG statistics
mean edges/level: 8      max edges/level: 24
mean edges/node:  1.764  mean count/edge: 21

Window=1 Iteration=2
Time for building model:         10 seconds
Time for sampling (singles):     13 seconds
DAG statistics
mean edges/level: 8      max edges/level: 29
mean edges/node:  1.526  mean count/edge: 21

Window=1 Iteration=3
Time for building model:         3 seconds
Time for sampling (singles):     10 seconds
DAG statistics
mean edges/level: 7      max edges/level: 25
mean edges/node:  1.337  mean count/edge: 24

Window=1 Iteration=4
Time for building model:         12 seconds
Time for sampling (singles):     22 seconds
DAG statistics
mean edges/level: 7      max edges/level: 38
mean edges/node:  1.259  mean count/edge: 24

Window=1 Iteration=5
Time for building model:         1 minute 0 seconds
Time for sampling (singles):     11 seconds
DAG statistics
mean edges/level: 7      max edges/level: 26
mean edges/node:  1.249  mean count/edge: 24

Window=1 Iteration=6
Time for building model:         3 minutes 1 second
Time for sampling (singles):     27 seconds
DAG statistics
mean edges/level: 12     max edges/level: 43
mean edges/node:  1.182  mean count/edge: 14

Window=1 Iteration=7
Time for building model:         5 minutes 6 seconds
Time for sampling (singles):     15 seconds
DAG statistics
mean edges/level: 7      max edges/level: 28
mean edges/node:  1.219  mean count/edge: 24

Window=1 Iteration=8
Time for building model:         5 minutes 57 seconds
Time for sampling (singles):     50 seconds
DAG statistics
mean edges/level: 8      max edges/level: 33
mean edges/node:  1.206  mean count/edge: 21

Window=1 Iteration=9
Time for building model:         5 minutes 10 seconds
Time for sampling (singles):     36 seconds
DAG statistics
mean edges/level: 7      max edges/level: 25
mean edges/node:  1.222  mean count/edge: 24

Window=1 Iteration=10
Time for building model:         3 minutes 51 seconds
Time for sampling (singles):     26 seconds
DAG statistics
mean edges/level: 8      max edges/level: 36
mean edges/node:  1.204  mean count/edge: 21

Starting phasing iterations

Window=1 Iteration=11
Time for building model:         20 seconds
Time for sampling (singles):     3 minutes 26 seconds
DAG statistics
mean edges/level: 8      max edges/level: 27
mean edges/node:  1.203  mean count/edge: 21

Window=1 Iteration=12
Time for building model:         1 minute 3 seconds
Time for sampling (singles):     3 minutes 21 seconds
DAG statistics
mean edges/level: 20     max edges/level: 42
mean edges/node:  1.098  mean count/edge: 9

Window=1 Iteration=13
Time for building model:         1 minute 7 seconds
Time for sampling (singles):     3 minutes 25 seconds
DAG statistics
mean edges/level: 25     max edges/level: 49
mean edges/node:  1.070  mean count/edge: 7

Window=1 Iteration=14
Time for building model:         1 minute 17 seconds
Time for sampling (singles):     3 minutes 15 seconds
DAG statistics
mean edges/level: 29     max edges/level: 51
mean edges/node:  1.056  mean count/edge: 6

Window=1 Iteration=15
Time for building model:         1 minute 19 seconds
Time for sampling (singles):     2 minutes 3 seconds
DAG statistics
mean edges/level: 31     max edges/level: 55
mean edges/node:  1.048  mean count/edge: 5

Window 2 [ NC_037340.1:8307001-15169951 ]
target markers:      50000

Starting burn-in iterations

Window=2 Iteration=1
Time for building model:         1 minute 38 seconds
Time for sampling (singles):     15 seconds
DAG statistics
mean edges/level: 9      max edges/level: 45
mean edges/node:  1.593  mean count/edge: 19

Window=2 Iteration=2
Time for building model:         1 minute 33 seconds
Time for sampling (singles):     19 seconds
DAG statistics
mean edges/level: 7      max edges/level: 26
mean edges/node:  1.547  mean count/edge: 24

Window=2 Iteration=3
Time for building model:         1 minute 59 seconds
Time for sampling (singles):     17 seconds
DAG statistics
mean edges/level: 9      max edges/level: 49
mean edges/node:  1.277  mean count/edge: 19

Window=2 Iteration=4
Time for building model:         3 minutes 1 second
Time for sampling (singles):     14 seconds
DAG statistics
mean edges/level: 7      max edges/level: 30
mean edges/node:  1.282  mean count/edge: 24

Window=2 Iteration=5
Time for building model:         3 minutes 55 seconds
Time for sampling (singles):     22 seconds
DAG statistics
mean edges/level: 8      max edges/level: 49
mean edges/node:  1.221  mean count/edge: 21

Window=2 Iteration=6
Time for building model:         4 minutes 21 seconds
Time for sampling (singles):     24 seconds
DAG statistics
mean edges/level: 7      max edges/level: 36
mean edges/node:  1.249  mean count/edge: 24

Window=2 Iteration=7
Time for building model:         2 minutes 41 seconds
Time for sampling (singles):     10 seconds
DAG statistics
mean edges/level: 8      max edges/level: 48
mean edges/node:  1.212  mean count/edge: 21

Window=2 Iteration=8
Time for building model:         3 minutes 44 seconds
Time for sampling (singles):     45 seconds
DAG statistics
mean edges/level: 8      max edges/level: 41
mean edges/node:  1.218  mean count/edge: 21

Window=2 Iteration=9
Time for building model:         4 minutes 35 seconds
Time for sampling (singles):     51 seconds
DAG statistics
mean edges/level: 8      max edges/level: 48
mean edges/node:  1.209  mean count/edge: 21

Window=2 Iteration=10
Time for building model:         3 minutes 52 seconds
Time for sampling (singles):     41 seconds
DAG statistics
mean edges/level: 9      max edges/level: 42
mean edges/node:  1.208  mean count/edge: 19

Starting phasing iterations

Window=2 Iteration=11
Time for building model:         1 minute 38 seconds
Time for sampling (singles):     7 minutes 33 seconds
DAG statistics
mean edges/level: 13     max edges/level: 45
mean edges/node:  1.140  mean count/edge: 13

Window=2 Iteration=12
Time for building model:         2 minutes 39 seconds
Time for sampling (singles):     7 minutes 45 seconds
DAG statistics
mean edges/level: 14     max edges/level: 45
mean edges/node:  1.139  mean count/edge: 12

Window=2 Iteration=13
Time for building model:         2 minutes 42 seconds
Time for sampling (singles):     7 minutes 31 seconds
DAG statistics
mean edges/level: 23     max edges/level: 52
mean edges/node:  1.089  mean count/edge: 7

Window=2 Iteration=14
Time for building model:         2 minutes 21 seconds
Time for sampling (singles):     6 minutes 36 seconds
DAG statistics
mean edges/level: 27     max edges/level: 58
mean edges/node:  1.070  mean count/edge: 6

Window=2 Iteration=15
Time for building model:         2 minutes 49 seconds
Time for sampling (singles):     7 minutes 1 second
DAG statistics
mean edges/level: 30     max edges/level: 55
mean edges/node:  1.059  mean count/edge: 6

Window 3 [ NC_037340.1:14601144-23523707 ]
target markers:      50000

Starting burn-in iterations

Window=3 Iteration=1
Time for building model:         7 minutes 22 seconds
Time for sampling (singles):     1 minute 51 seconds
DAG statistics
mean edges/level: 9      max edges/level: 47
mean edges/node:  1.635  mean count/edge: 19

Window=3 Iteration=2
Time for building model:         5 minutes 50 seconds
Time for sampling (singles):     1 minute 18 seconds
DAG statistics
mean edges/level: 9      max edges/level: 30
mean edges/node:  1.511  mean count/edge: 19

Window=3 Iteration=3
Time for building model:         4 minutes 34 seconds
Time for sampling (singles):     16 seconds
DAG statistics
mean edges/level: 9      max edges/level: 47
mean edges/node:  1.279  mean count/edge: 19

Window=3 Iteration=4
Time for building model:         4 minutes 56 seconds
Time for sampling (singles):     23 seconds
DAG statistics
mean edges/level: 10     max edges/level: 37
mean edges/node:  1.217  mean count/edge: 17

Window=3 Iteration=5
Time for building model:         3 minutes 39 seconds
Time for sampling (singles):     19 seconds
DAG statistics
mean edges/level: 9      max edges/level: 47
mean edges/node:  1.193  mean count/edge: 19

Window=3 Iteration=6
Time for building model:         5 minutes 37 seconds
Time for sampling (singles):     49 seconds
DAG statistics
mean edges/level: 11     max edges/level: 43
mean edges/node:  1.177  mean count/edge: 15

Window=3 Iteration=7
Time for building model:         6 minutes 16 seconds
Time for sampling (singles):     46 seconds
DAG statistics
mean edges/level: 10     max edges/level: 47
mean edges/node:  1.169  mean count/edge: 17

Window=3 Iteration=8
Time for building model:         6 minutes 30 seconds
Time for sampling (singles):     42 seconds
DAG statistics
mean edges/level: 9      max edges/level: 43
mean edges/node:  1.187  mean count/edge: 19

Window=3 Iteration=9
Time for building model:         6 minutes 56 seconds
Time for sampling (singles):     42 seconds
DAG statistics
mean edges/level: 10     max edges/level: 47
mean edges/node:  1.165  mean count/edge: 17

Window=3 Iteration=10
Time for building model:         4 minutes 6 seconds
Time for sampling (singles):     39 seconds
DAG statistics
mean edges/level: 12     max edges/level: 40
mean edges/node:  1.163  mean count/edge: 14

Starting phasing iterations

Window=3 Iteration=11
Time for building model:         2 minutes 55 seconds
Time for sampling (singles):     8 minutes 24 seconds
DAG statistics
mean edges/level: 20     max edges/level: 51
mean edges/node:  1.087  mean count/edge: 9

Window=3 Iteration=12
Time for building model:         3 minutes 7 seconds
Time for sampling (singles):     7 minutes 34 seconds
DAG statistics
mean edges/level: 20     max edges/level: 53
mean edges/node:  1.083  mean count/edge: 9

Window=3 Iteration=13
Time for building model:         2 minutes 32 seconds
Time for sampling (singles):     7 minutes 46 seconds
DAG statistics
mean edges/level: 27     max edges/level: 59
mean edges/node:  1.060  mean count/edge: 6

Window=3 Iteration=14
Time for building model:         3 minutes 23 seconds
Time for sampling (singles):     5 minutes 49 seconds
DAG statistics
mean edges/level: 32     max edges/level: 56
mean edges/node:  1.046  mean count/edge: 5

Window=3 Iteration=15
Time for building model:         3 minutes 16 seconds
Time for sampling (singles):     4 minutes 28 seconds
DAG statistics
mean edges/level: 35     max edges/level: 56
mean edges/node:  1.040  mean count/edge: 5

Window 4 [ NC_037340.1:22579431-32834988 ]
target markers:      50000

Starting burn-in iterations

Window=4 Iteration=1
Time for building model:         3 minutes 4 seconds
Time for sampling (singles):     31 seconds
DAG statistics
mean edges/level: 9      max edges/level: 46
mean edges/node:  1.648  mean count/edge: 19

Window=4 Iteration=2
Time for building model:         3 minutes 5 seconds
Time for sampling (singles):     30 seconds
DAG statistics
mean edges/level: 9      max edges/level: 24
mean edges/node:  1.530  mean count/edge: 19

Window=4 Iteration=3
Time for building model:         2 minutes 25 seconds
Time for sampling (singles):     26 seconds
DAG statistics
mean edges/level: 8      max edges/level: 46
mean edges/node:  1.283  mean count/edge: 21

Window=4 Iteration=4
Time for building model:         2 minutes 51 seconds
Time for sampling (singles):     13 seconds
DAG statistics
mean edges/level: 8      max edges/level: 33
mean edges/node:  1.236  mean count/edge: 21

Window=4 Iteration=5
Time for building model:         3 minutes 16 seconds
Time for sampling (singles):     27 seconds
DAG statistics
mean edges/level: 12     max edges/level: 44
mean edges/node:  1.173  mean count/edge: 14

Window=4 Iteration=6
Time for building model:         2 minutes 18 seconds
Time for sampling (singles):     20 seconds
DAG statistics
mean edges/level: 8      max edges/level: 36
mean edges/node:  1.188  mean count/edge: 21

Window=4 Iteration=7
Time for building model:         2 minutes 35 seconds
Time for sampling (singles):     14 seconds
DAG statistics
mean edges/level: 9      max edges/level: 44
mean edges/node:  1.178  mean count/edge: 19

Window=4 Iteration=8
Time for building model:         2 minutes 4 seconds
Time for sampling (singles):     13 seconds
DAG statistics
mean edges/level: 8      max edges/level: 38
mean edges/node:  1.187  mean count/edge: 21

Window=4 Iteration=9
Time for building model:         1 minute 57 seconds
Time for sampling (singles):     10 seconds
DAG statistics
mean edges/level: 9      max edges/level: 44
mean edges/node:  1.172  mean count/edge: 19

Window=4 Iteration=10
Time for building model:         2 minutes 44 seconds
Time for sampling (singles):     27 seconds
DAG statistics
mean edges/level: 14     max edges/level: 41
mean edges/node:  1.150  mean count/edge: 12

Starting phasing iterations

Window=4 Iteration=11
Time for building model:         1 minute 14 seconds
Time for sampling (singles):     5 minutes 13 seconds
DAG statistics
mean edges/level: 22     max edges/level: 46
mean edges/node:  1.079  mean count/edge: 8

Window=4 Iteration=12
Time for building model:         1 minute 54 seconds
Time for sampling (singles):     4 minutes 7 seconds
DAG statistics
mean edges/level: 28     max edges/level: 56
mean edges/node:  1.056  mean count/edge: 6

Window=4 Iteration=13
Time for building model:         1 minute 38 seconds
Time for sampling (singles):     4 minutes 47 seconds
DAG statistics
mean edges/level: 31     max edges/level: 55
mean edges/node:  1.044  mean count/edge: 5

Window=4 Iteration=14
Time for building model:         2 minutes 22 seconds
Time for sampling (singles):     4 minutes 19 seconds
DAG statistics
mean edges/level: 35     max edges/level: 58
mean edges/node:  1.036  mean count/edge: 5

Window=4 Iteration=15
Time for building model:         2 minutes 28 seconds
Time for sampling (singles):     4 minutes 34 seconds
DAG statistics
mean edges/level: 37     max edges/level: 60
mean edges/node:  1.032  mean count/edge: 5

Window 5 [ NC_037340.1:32250657-41431744 ]
target markers:      50000

Starting burn-in iterations

Window=5 Iteration=1
Time for building model:         3 minutes 50 seconds
Time for sampling (singles):     17 seconds
DAG statistics
mean edges/level: 10     max edges/level: 51
mean edges/node:  1.605  mean count/edge: 17

Window=5 Iteration=2
Time for building model:         5 minutes 5 seconds
Time for sampling (singles):     45 seconds
DAG statistics
mean edges/level: 10     max edges/level: 29
mean edges/node:  1.501  mean count/edge: 17

Window=5 Iteration=3
Time for building model:         3 minutes 31 seconds
Time for sampling (singles):     28 seconds
DAG statistics
mean edges/level: 10     max edges/level: 52
mean edges/node:  1.258  mean count/edge: 17

Window=5 Iteration=4
Time for building model:         3 minutes 2 seconds
Time for sampling (singles):     22 seconds
DAG statistics
mean edges/level: 8      max edges/level: 37
mean edges/node:  1.233  mean count/edge: 21

Window=5 Iteration=5
Time for building model:         2 minutes 23 seconds
Time for sampling (singles):     18 seconds
DAG statistics
mean edges/level: 11     max edges/level: 52
mean edges/node:  1.180  mean count/edge: 15

Window=5 Iteration=6
Time for building model:         3 minutes 12 seconds
Time for sampling (singles):     18 seconds
DAG statistics
mean edges/level: 10     max edges/level: 35
mean edges/node:  1.186  mean count/edge: 17

Window=5 Iteration=7
Time for building model:         2 minutes 33 seconds
Time for sampling (singles):     18 seconds
DAG statistics
mean edges/level: 11     max edges/level: 49
mean edges/node:  1.163  mean count/edge: 15

Window=5 Iteration=8
Time for building model:         2 minutes 39 seconds
Time for sampling (singles):     20 seconds
DAG statistics
mean edges/level: 10     max edges/level: 45
mean edges/node:  1.173  mean count/edge: 17

Window=5 Iteration=9
Time for building model:         3 minutes 18 seconds
Time for sampling (singles):     33 seconds
DAG statistics
mean edges/level: 11     max edges/level: 52
mean edges/node:  1.158  mean count/edge: 15

Window=5 Iteration=10
Time for building model:         2 minutes 27 seconds
Time for sampling (singles):     20 seconds
DAG statistics
mean edges/level: 10     max edges/level: 51
mean edges/node:  1.169  mean count/edge: 17

Starting phasing iterations

Window=5 Iteration=11
Time for building model:         1 minute 14 seconds
Time for sampling (singles):     4 minutes 8 seconds
DAG statistics
mean edges/level: 23     max edges/level: 52
mean edges/node:  1.077  mean count/edge: 7

Window=5 Iteration=12
Time for building model:         1 minute 12 seconds
Time for sampling (singles):     3 minutes 49 seconds
DAG statistics
mean edges/level: 28     max edges/level: 53
mean edges/node:  1.058  mean count/edge: 6

Window=5 Iteration=13
Time for building model:         36 seconds
Time for sampling (singles):     45 seconds
DAG statistics
mean edges/level: 32     max edges/level: 58
mean edges/node:  1.046  mean count/edge: 5

Window=5 Iteration=14
Time for building model:         27 seconds
Time for sampling (singles):     2 minutes 22 seconds
DAG statistics
mean edges/level: 35     max edges/level: 56
mean edges/node:  1.039  mean count/edge: 5

Window=5 Iteration=15
Time for building model:         9 seconds
Time for sampling (singles):     17 seconds
DAG statistics
mean edges/level: 37     max edges/level: 58
mean edges/node:  1.035  mean count/edge: 5

Window 6 [ NC_037340.1:40842095-48856718 ]
target markers:      50000

Starting burn-in iterations

Window=6 Iteration=1
Time for building model:         9 seconds
Time for sampling (singles):     8 seconds
DAG statistics
mean edges/level: 10     max edges/level: 53
mean edges/node:  1.591  mean count/edge: 17

Window=6 Iteration=2
Time for building model:         4 seconds
Time for sampling (singles):     11 seconds
DAG statistics
mean edges/level: 9      max edges/level: 29
mean edges/node:  1.495  mean count/edge: 19

Window=6 Iteration=3
Time for building model:         3 seconds
Time for sampling (singles):     10 seconds
DAG statistics
mean edges/level: 9      max edges/level: 56
mean edges/node:  1.261  mean count/edge: 19

Window=6 Iteration=4
Time for building model:         4 seconds
Time for sampling (singles):     11 seconds
DAG statistics
mean edges/level: 8      max edges/level: 35
mean edges/node:  1.235  mean count/edge: 21

Window=6 Iteration=5
Time for building model:         3 seconds
Time for sampling (singles):     10 seconds
DAG statistics
mean edges/level: 9      max edges/level: 58
mean edges/node:  1.186  mean count/edge: 19

Window=6 Iteration=6
Time for building model:         3 seconds
Time for sampling (singles):     13 seconds
DAG statistics
mean edges/level: 10     max edges/level: 34
mean edges/node:  1.188  mean count/edge: 17

Window=6 Iteration=7
Time for building model:         4 seconds
Time for sampling (singles):     11 seconds
DAG statistics
mean edges/level: 9      max edges/level: 55
mean edges/node:  1.168  mean count/edge: 19

Window=6 Iteration=8
Time for building model:         22 seconds
Time for sampling (singles):     15 seconds
DAG statistics
mean edges/level: 9      max edges/level: 40
mean edges/node:  1.188  mean count/edge: 19

Window=6 Iteration=9
Time for building model:         13 seconds
Time for sampling (singles):     9 seconds
DAG statistics
mean edges/level: 9      max edges/level: 56
mean edges/node:  1.165  mean count/edge: 19

Window=6 Iteration=10
Time for building model:         22 seconds
Time for sampling (singles):     14 seconds
DAG statistics
mean edges/level: 9      max edges/level: 41
mean edges/node:  1.183  mean count/edge: 19

Starting phasing iterations

Window=6 Iteration=11
Time for building model:         14 seconds
Time for sampling (singles):     48 seconds
DAG statistics
mean edges/level: 13     max edges/level: 55
mean edges/node:  1.117  mean count/edge: 13

Window=6 Iteration=12
Time for building model:         7 seconds
Time for sampling (singles):     21 seconds
DAG statistics
mean edges/level: 24     max edges/level: 54
mean edges/node:  1.076  mean count/edge: 7

Window=6 Iteration=13
Time for building model:         1 minute 27 seconds
Time for sampling (singles):     2 minutes 25 seconds
DAG statistics
mean edges/level: 28     max edges/level: 58
mean edges/node:  1.057  mean count/edge: 6

Window=6 Iteration=14
Time for building model:         36 seconds
Time for sampling (singles):     1 minute 9 seconds
DAG statistics
mean edges/level: 31     max edges/level: 60
mean edges/node:  1.047  mean count/edge: 5

Window=6 Iteration=15
Time for building model:         29 seconds
Time for sampling (singles):     42 seconds
DAG statistics
mean edges/level: 34     max edges/level: 58
mean edges/node:  1.041  mean count/edge: 5

Window 7 [ NC_037340.1:48209365-57249621 ]
target markers:      50000

Starting burn-in iterations

Window=7 Iteration=1
Time for building model:         40 seconds
Time for sampling (singles):     8 seconds
DAG statistics
mean edges/level: 10     max edges/level: 49
mean edges/node:  1.610  mean count/edge: 17

Window=7 Iteration=2
Time for building model:         21 seconds
Time for sampling (singles):     14 seconds
DAG statistics
mean edges/level: 10     max edges/level: 30
mean edges/node:  1.463  mean count/edge: 17

Window=7 Iteration=3
Time for building model:         36 seconds
Time for sampling (singles):     10 seconds
DAG statistics
mean edges/level: 9      max edges/level: 53
mean edges/node:  1.254  mean count/edge: 19

Window=7 Iteration=4
Time for building model:         1 minute 7 seconds
Time for sampling (singles):     16 seconds
DAG statistics
mean edges/level: 11     max edges/level: 38
mean edges/node:  1.202  mean count/edge: 15

Window=7 Iteration=5
Time for building model:         1 minute 15 seconds
Time for sampling (singles):     9 seconds
DAG statistics
mean edges/level: 8      max edges/level: 51
mean edges/node:  1.187  mean count/edge: 21

Window=7 Iteration=6
Time for building model:         1 minute 25 seconds
Time for sampling (singles):     12 seconds
DAG statistics
mean edges/level: 9      max edges/level: 40
mean edges/node:  1.191  mean count/edge: 19

Window=7 Iteration=7
Time for building model:         1 minute 54 seconds
Time for sampling (singles):     11 seconds
DAG statistics
mean edges/level: 9      max edges/level: 53
mean edges/node:  1.173  mean count/edge: 19

Window=7 Iteration=8
Time for building model:         1 minute 39 seconds
Time for sampling (singles):     21 seconds
DAG statistics
mean edges/level: 11     max edges/level: 39
mean edges/node:  1.163  mean count/edge: 15

Window=7 Iteration=9
Time for building model:         1 minute 34 seconds
Time for sampling (singles):     8 seconds
DAG statistics
mean edges/level: 8      max edges/level: 51
mean edges/node:  1.166  mean count/edge: 21

Window=7 Iteration=10
Time for building model:         18 seconds
Time for sampling (singles):     24 seconds
DAG statistics
mean edges/level: 11     max edges/level: 41
mean edges/node:  1.158  mean count/edge: 15

Starting phasing iterations

Window=7 Iteration=11
Time for building model:         43 seconds
Time for sampling (singles):     2 minutes 12 seconds
DAG statistics
mean edges/level: 10     max edges/level: 51
mean edges/node:  1.140  mean count/edge: 17

Window=7 Iteration=12
Time for building model:         55 seconds
Time for sampling (singles):     2 minutes 22 seconds
DAG statistics
mean edges/level: 23     max edges/level: 53
mean edges/node:  1.078  mean count/edge: 7

Window=7 Iteration=13
Time for building model:         48 seconds
Time for sampling (singles):     2 minutes 37 seconds
DAG statistics
mean edges/level: 28     max edges/level: 56
mean edges/node:  1.054  mean count/edge: 6

Window=7 Iteration=14
Time for building model:         1 minute 35 seconds
Time for sampling (singles):     2 minutes 55 seconds
DAG statistics
mean edges/level: 32     max edges/level: 55
mean edges/node:  1.043  mean count/edge: 5

Window=7 Iteration=15
Time for building model:         1 minute 59 seconds
Time for sampling (singles):     3 minutes 41 seconds
DAG statistics
mean edges/level: 35     max edges/level: 60
mean edges/node:  1.037  mean count/edge: 5

Window 8 [ NC_037340.1:56765207-64513072 ]
target markers:      50000

Starting burn-in iterations

Window=8 Iteration=1
Time for building model:         3 minutes 13 seconds
Time for sampling (singles):     11 seconds
DAG statistics
mean edges/level: 10     max edges/level: 53
mean edges/node:  1.588  mean count/edge: 17

Window=8 Iteration=2
Time for building model:         3 minutes 2 seconds
Time for sampling (singles):     14 seconds
DAG statistics
mean edges/level: 8      max edges/level: 27
mean edges/node:  1.515  mean count/edge: 21

Window=8 Iteration=3
Time for building model:         2 minutes 54 seconds
Time for sampling (singles):     26 seconds
DAG statistics
mean edges/level: 8      max edges/level: 53
mean edges/node:  1.284  mean count/edge: 21

Window=8 Iteration=4
Time for building model:         3 minutes 58 seconds
Time for sampling (singles):     26 seconds
DAG statistics
mean edges/level: 8      max edges/level: 37
mean edges/node:  1.256  mean count/edge: 21

Window=8 Iteration=5
Time for building model:         3 minutes 27 seconds
Time for sampling (singles):     36 seconds
DAG statistics
mean edges/level: 12     max edges/level: 52
mean edges/node:  1.179  mean count/edge: 14

Window=8 Iteration=6
Time for building model:         3 minutes 18 seconds
Time for sampling (singles):     20 seconds
DAG statistics
mean edges/level: 8      max edges/level: 33
mean edges/node:  1.217  mean count/edge: 21

Window=8 Iteration=7
Time for building model:         3 minutes 8 seconds
Time for sampling (singles):     24 seconds
DAG statistics
mean edges/level: 11     max edges/level: 52
mean edges/node:  1.169  mean count/edge: 15

Window=8 Iteration=8
Time for building model:         2 minutes 40 seconds
Time for sampling (singles):     14 seconds
DAG statistics
mean edges/level: 8      max edges/level: 35
mean edges/node:  1.205  mean count/edge: 21

Window=8 Iteration=9
Time for building model:         2 minutes 29 seconds
Time for sampling (singles):     22 seconds
DAG statistics
mean edges/level: 11     max edges/level: 52
mean edges/node:  1.161  mean count/edge: 15

Window=8 Iteration=10
Time for building model:         1 minute 47 seconds
Time for sampling (singles):     21 seconds
DAG statistics
mean edges/level: 9      max edges/level: 37
mean edges/node:  1.191  mean count/edge: 19

Starting phasing iterations

Window=8 Iteration=11
Time for building model:         39 seconds
Time for sampling (singles):     3 minutes 4 seconds
DAG statistics
mean edges/level: 16     max edges/level: 52
mean edges/node:  1.102  mean count/edge: 11

Window=8 Iteration=12
Time for building model:         1 minute 4 seconds
Time for sampling (singles):     3 minutes 32 seconds
DAG statistics
mean edges/level: 24     max edges/level: 50
mean edges/node:  1.075  mean count/edge: 7

Window=8 Iteration=13
Time for building model:         59 seconds
Time for sampling (singles):     2 minutes 33 seconds
DAG statistics
mean edges/level: 28     max edges/level: 58
mean edges/node:  1.058  mean count/edge: 6

Window=8 Iteration=14
Time for building model:         1 minute 32 seconds
Time for sampling (singles):     2 minutes 2 seconds
DAG statistics
mean edges/level: 32     max edges/level: 60
mean edges/node:  1.048  mean count/edge: 5

Window=8 Iteration=15
Time for building model:         1 minute 7 seconds
Time for sampling (singles):     2 minutes 36 seconds
DAG statistics
mean edges/level: 34     max edges/level: 58
mean edges/node:  1.042  mean count/edge: 5

Window 9 [ NC_037340.1:63940975-71427591 ]
target markers:      50000

Starting burn-in iterations

Window=9 Iteration=1
Time for building model:         2 minutes 33 seconds
Time for sampling (singles):     19 seconds
DAG statistics
mean edges/level: 10     max edges/level: 53
mean edges/node:  1.634  mean count/edge: 17

Window=9 Iteration=2
Time for building model:         2 minutes 18 seconds
Time for sampling (singles):     16 seconds
DAG statistics
mean edges/level: 9      max edges/level: 31
mean edges/node:  1.506  mean count/edge: 19

Window=9 Iteration=3
Time for building model:         2 minutes 19 seconds
Time for sampling (singles):     19 seconds
DAG statistics
mean edges/level: 13     max edges/level: 53
mean edges/node:  1.235  mean count/edge: 13

Window=9 Iteration=4
Time for building model:         1 minute 50 seconds
Time for sampling (singles):     36 seconds
DAG statistics
mean edges/level: 14     max edges/level: 41
mean edges/node:  1.166  mean count/edge: 12

Window=9 Iteration=5
Time for building model:         2 minutes 24 seconds
Time for sampling (singles):     34 seconds
DAG statistics
mean edges/level: 17     max edges/level: 53
mean edges/node:  1.119  mean count/edge: 10

Window=9 Iteration=6
Time for building model:         1 minute 34 seconds
Time for sampling (singles):     14 seconds
DAG statistics
mean edges/level: 9      max edges/level: 45
mean edges/node:  1.176  mean count/edge: 19

Window=9 Iteration=7
Time for building model:         1 minute 36 seconds
Time for sampling (singles):     19 seconds
DAG statistics
mean edges/level: 11     max edges/level: 51
mean edges/node:  1.160  mean count/edge: 15

Window=9 Iteration=8
Time for building model:         1 minute 38 seconds
Time for sampling (singles):     18 seconds
DAG statistics
mean edges/level: 10     max edges/level: 45
mean edges/node:  1.178  mean count/edge: 17

Window=9 Iteration=9
Time for building model:         1 minute 41 seconds
Time for sampling (singles):     20 seconds
DAG statistics
mean edges/level: 12     max edges/level: 52
mean edges/node:  1.149  mean count/edge: 14

Window=9 Iteration=10
Time for building model:         1 minute 46 seconds
Time for sampling (singles):     19 seconds
DAG statistics
mean edges/level: 10     max edges/level: 50
mean edges/node:  1.170  mean count/edge: 17

Starting phasing iterations

Window=9 Iteration=11
Time for building model:         29 seconds
Time for sampling (singles):     1 minute 30 seconds
DAG statistics
mean edges/level: 21     max edges/level: 52
mean edges/node:  1.079  mean count/edge: 8

Window=9 Iteration=12
Time for building model:         33 seconds
Time for sampling (singles):     34 seconds
DAG statistics
mean edges/level: 12     max edges/level: 49
mean edges/node:  1.121  mean count/edge: 14

Window=9 Iteration=13
Time for building model:         4 seconds
Time for sampling (singles):     19 seconds
DAG statistics
mean edges/level: 27     max edges/level: 52
mean edges/node:  1.062  mean count/edge: 6

Window=9 Iteration=14
Time for building model:         6 seconds
Time for sampling (singles):     12 seconds
DAG statistics
mean edges/level: 33     max edges/level: 55
mean edges/node:  1.043  mean count/edge: 5

Window=9 Iteration=15
Time for building model:         5 seconds
Time for sampling (singles):     35 seconds
DAG statistics
mean edges/level: 37     max edges/level: 63
mean edges/node:  1.035  mean count/edge: 5

Window 10 [ NC_037340.1:71027571-76730633 ]
target markers:      50000

Starting burn-in iterations

Window=10 Iteration=1
Time for building model:         5 seconds
Time for sampling (singles):     10 seconds
DAG statistics
mean edges/level: 9      max edges/level: 55
mean edges/node:  1.584  mean count/edge: 19

Window=10 Iteration=2
Time for building model:         4 seconds
Time for sampling (singles):     12 seconds
DAG statistics
mean edges/level: 8      max edges/level: 31
mean edges/node:  1.557  mean count/edge: 21

Window=10 Iteration=3
Time for building model:         4 seconds
Time for sampling (singles):     18 seconds
DAG statistics
mean edges/level: 10     max edges/level: 56
mean edges/node:  1.289  mean count/edge: 17

Window=10 Iteration=4
Time for building model:         3 seconds
Time for sampling (singles):     11 seconds
DAG statistics
mean edges/level: 8      max edges/level: 29
mean edges/node:  1.295  mean count/edge: 21

Window=10 Iteration=5
Time for building model:         1 minute 1 second
Time for sampling (singles):     14 seconds
DAG statistics
mean edges/level: 11     max edges/level: 54
mean edges/node:  1.205  mean count/edge: 15

Window=10 Iteration=6
Time for building model:         3 seconds
Time for sampling (singles):     10 seconds
DAG statistics
mean edges/level: 8      max edges/level: 35
mean edges/node:  1.240  mean count/edge: 21

Window=10 Iteration=7
Time for building model:         4 seconds
Time for sampling (singles):     15 seconds
DAG statistics
mean edges/level: 11     max edges/level: 54
mean edges/node:  1.185  mean count/edge: 15

Window=10 Iteration=8
Time for building model:         3 seconds
Time for sampling (singles):     9 seconds
DAG statistics
mean edges/level: 8      max edges/level: 29
mean edges/node:  1.237  mean count/edge: 21

Window=10 Iteration=9
Time for building model:         9 seconds
Time for sampling (singles):     15 seconds
DAG statistics
mean edges/level: 11     max edges/level: 53
mean edges/node:  1.175  mean count/edge: 15

Window=10 Iteration=10
Time for building model:         20 seconds
Time for sampling (singles):     9 seconds
DAG statistics
mean edges/level: 8      max edges/level: 36
mean edges/node:  1.229  mean count/edge: 21

Starting phasing iterations

Window=10 Iteration=11
Time for building model:         28 seconds
Time for sampling (singles):     1 minute 50 seconds
DAG statistics
mean edges/level: 17     max edges/level: 55
mean edges/node:  1.112  mean count/edge: 10

Window=10 Iteration=12
Time for building model:         24 seconds
Time for sampling (singles):     45 seconds
DAG statistics
mean edges/level: 24     max edges/level: 53
mean edges/node:  1.084  mean count/edge: 7

Window=10 Iteration=13
Time for building model:         5 seconds
Time for sampling (singles):     15 seconds
DAG statistics
mean edges/level: 28     max edges/level: 56
mean edges/node:  1.069  mean count/edge: 6

Window=10 Iteration=14
Time for building model:         7 seconds
Time for sampling (singles):     17 seconds
DAG statistics
mean edges/level: 31     max edges/level: 56
mean edges/node:  1.059  mean count/edge: 5

Window=10 Iteration=15
Time for building model:         4 seconds
Time for sampling (singles):     10 seconds
DAG statistics
mean edges/level: 33     max edges/level: 58
mean edges/node:  1.052  mean count/edge: 5

Window 11 [ NC_037340.1:76432549-82443496 ]
target markers:      50000

Starting burn-in iterations

Window=11 Iteration=1
Time for building model:         3 seconds
Time for sampling (singles):     7 seconds
DAG statistics
mean edges/level: 9      max edges/level: 47
mean edges/node:  1.675  mean count/edge: 19

Window=11 Iteration=2
Time for building model:         4 seconds
Time for sampling (singles):     10 seconds
DAG statistics
mean edges/level: 9      max edges/level: 30
mean edges/node:  1.588  mean count/edge: 19

Window=11 Iteration=3
Time for building model:         3 seconds
Time for sampling (singles):     10 seconds
DAG statistics
mean edges/level: 9      max edges/level: 47
mean edges/node:  1.325  mean count/edge: 19

Window=11 Iteration=4
Time for building model:         4 seconds
Time for sampling (singles):     17 seconds
DAG statistics
mean edges/level: 11     max edges/level: 35
mean edges/node:  1.253  mean count/edge: 15

Window=11 Iteration=5
Time for building model:         5 seconds
Time for sampling (singles):     24 seconds
DAG statistics
mean edges/level: 15     max edges/level: 46
mean edges/node:  1.177  mean count/edge: 11

Window=11 Iteration=6
Time for building model:         5 seconds
Time for sampling (singles):     20 seconds
DAG statistics
mean edges/level: 12     max edges/level: 47
mean edges/node:  1.171  mean count/edge: 14

Window=11 Iteration=7
Time for building model:         34 seconds
Time for sampling (singles):     13 seconds
DAG statistics
mean edges/level: 10     max edges/level: 47
mean edges/node:  1.204  mean count/edge: 17

Window=11 Iteration=8
Time for building model:         53 seconds
Time for sampling (singles):     13 seconds
DAG statistics
mean edges/level: 9      max edges/level: 41
mean edges/node:  1.214  mean count/edge: 19

Window=11 Iteration=9
Time for building model:         1 minute 30 seconds
Time for sampling (singles):     16 seconds
DAG statistics
mean edges/level: 11     max edges/level: 48
mean edges/node:  1.187  mean count/edge: 15

Window=11 Iteration=10
Time for building model:         1 minute 11 seconds
Time for sampling (singles):     16 seconds
DAG statistics
mean edges/level: 9      max edges/level: 37
mean edges/node:  1.208  mean count/edge: 19

Starting phasing iterations

Window=11 Iteration=11
Time for building model:         50 seconds
Time for sampling (singles):     2 minutes 43 seconds
DAG statistics
mean edges/level: 23     max edges/level: 47
mean edges/node:  1.087  mean count/edge: 7

Window=11 Iteration=12
Time for building model:         47 seconds
Time for sampling (singles):     2 minutes 29 seconds
DAG statistics
mean edges/level: 28     max edges/level: 51
mean edges/node:  1.067  mean count/edge: 6

Window=11 Iteration=13
Time for building model:         48 seconds
Time for sampling (singles):     2 minutes 7 seconds
DAG statistics
mean edges/level: 27     max edges/level: 57
mean edges/node:  1.063  mean count/edge: 6

Window=11 Iteration=14
Time for building model:         44 seconds
Time for sampling (singles):     1 minute 25 seconds
DAG statistics
mean edges/level: 32     max edges/level: 56
mean edges/node:  1.052  mean count/edge: 5

Window=11 Iteration=15
Time for building model:         1 minute 1 second
Time for sampling (singles):     1 minute 21 seconds
DAG statistics
mean edges/level: 35     max edges/level: 60
mean edges/node:  1.044  mean count/edge: 5

Window 12 [ NC_037340.1:82074771-83467077 ]
target markers:      12036

Starting burn-in iterations

Window=12 Iteration=1
Time for building model:         14 seconds
Time for sampling (singles):     3 seconds
DAG statistics
mean edges/level: 13     max edges/level: 50
mean edges/node:  1.397  mean count/edge: 13

Window=12 Iteration=2
Time for building model:         19 seconds
Time for sampling (singles):     4 seconds
DAG statistics
mean edges/level: 15     max edges/level: 47
mean edges/node:  1.300  mean count/edge: 11

Window=12 Iteration=3
Time for building model:         14 seconds
Time for sampling (singles):     6 seconds
DAG statistics
mean edges/level: 16     max edges/level: 48
mean edges/node:  1.185  mean count/edge: 11

Window=12 Iteration=4
Time for building model:         20 seconds
Time for sampling (singles):     7 seconds
DAG statistics
mean edges/level: 17     max edges/level: 48
mean edges/node:  1.142  mean count/edge: 10

Window=12 Iteration=5
Time for building model:         13 seconds
Time for sampling (singles):     4 seconds
DAG statistics
mean edges/level: 13     max edges/level: 47
mean edges/node:  1.143  mean count/edge: 13

Window=12 Iteration=6
Time for building model:         13 seconds
Time for sampling (singles):     14 seconds
DAG statistics
mean edges/level: 18     max edges/level: 48
mean edges/node:  1.130  mean count/edge: 9

Window=12 Iteration=7
Time for building model:         18 seconds
Time for sampling (singles):     14 seconds
DAG statistics
mean edges/level: 19     max edges/level: 49
mean edges/node:  1.110  mean count/edge: 9

Window=12 Iteration=8
Time for building model:         14 seconds
Time for sampling (singles):     10 seconds
DAG statistics
mean edges/level: 14     max edges/level: 42
mean edges/node:  1.132  mean count/edge: 12

Window=12 Iteration=9
Time for building model:         14 seconds
Time for sampling (singles):     11 seconds
DAG statistics
mean edges/level: 20     max edges/level: 47
mean edges/node:  1.102  mean count/edge: 9

Window=12 Iteration=10
Time for building model:         11 seconds
Time for sampling (singles):     12 seconds
DAG statistics
mean edges/level: 20     max edges/level: 48
mean edges/node:  1.093  mean count/edge: 9

Starting phasing iterations

Window=12 Iteration=11
Time for building model:         4 seconds
Time for sampling (singles):     21 seconds
DAG statistics
mean edges/level: 14     max edges/level: 51
mean edges/node:  1.112  mean count/edge: 12

Window=12 Iteration=12
Time for building model:         11 seconds
Time for sampling (singles):     30 seconds
DAG statistics
mean edges/level: 26     max edges/level: 51
mean edges/node:  1.074  mean count/edge: 7

Window=12 Iteration=13
Time for building model:         11 seconds
Time for sampling (singles):     32 seconds
DAG statistics
mean edges/level: 30     max edges/level: 52
mean edges/node:  1.056  mean count/edge: 6

Window=12 Iteration=14
Time for building model:         12 seconds
Time for sampling (singles):     30 seconds
DAG statistics
mean edges/level: 33     max edges/level: 59
mean edges/node:  1.048  mean count/edge: 5

Window=12 Iteration=15
Time for building model:         12 seconds
Time for sampling (singles):     26 seconds
DAG statistics
mean edges/level: 36     max edges/level: 59
mean edges/node:  1.041  mean count/edge: 5

Number of markers:              529036
Total time for building model: 5 hours 8 minutes 14 seconds
Total time for sampling:       3 hours 32 minutes 58 seconds
Total run time:                9 hours 1 minute 56 seconds

End time: 04:18 AM CEST on 05 Apr 2024
beagle.27Jan18.7e1.jar (version 4.1) finished
