beagle.27Jan18.7e1.jar (version 4.1)
Copyright (C) 2014-2015 Brian L. Browning
Enter "java -jar beagle.27Jan18.7e1.jar" for a summary of command line arguments.
Start time: 07:15 PM CEST on 04 Apr 2024

Command line: java -Xmx54613m -jar beagle.jar
  gl=results/gl/Bostau9_tragmain2_sites_variable_noindels_renamed_Tory.bcf.gz.NC_037347.1.vcf.gz
  chrom=NC_037347.1
  out=results/imputed/Bostau9_tragmain2_sites_variable_noindels_renamed_Tory.bcf.gz.NC_037347.1
  nthreads=6

No genetic map is specified: using 1 cM = 1 Mb

reference samples:       0
target samples:         85

Window 1 [ NC_037347.1:17417-9213488 ]
target markers:      50000

Starting burn-in iterations

Window=1 Iteration=1
Time for building model:         6 seconds
Time for sampling (singles):     8 seconds
DAG statistics
mean edges/level: 8      max edges/level: 24
mean edges/node:  1.766  mean count/edge: 21

Window=1 Iteration=2
Time for building model:         8 seconds
Time for sampling (singles):     10 seconds
DAG statistics
mean edges/level: 8      max edges/level: 27
mean edges/node:  1.502  mean count/edge: 21

Window=1 Iteration=3
Time for building model:         3 seconds
Time for sampling (singles):     8 seconds
DAG statistics
mean edges/level: 7      max edges/level: 27
mean edges/node:  1.329  mean count/edge: 24

Window=1 Iteration=4
Time for building model:         3 seconds
Time for sampling (singles):     9 seconds
DAG statistics
mean edges/level: 7      max edges/level: 30
mean edges/node:  1.259  mean count/edge: 24

Window=1 Iteration=5
Time for building model:         14 seconds
Time for sampling (singles):     9 seconds
DAG statistics
mean edges/level: 7      max edges/level: 27
mean edges/node:  1.242  mean count/edge: 24

Window=1 Iteration=6
Time for building model:         4 seconds
Time for sampling (singles):     14 seconds
DAG statistics
mean edges/level: 9      max edges/level: 35
mean edges/node:  1.200  mean count/edge: 19

Window=1 Iteration=7
Time for building model:         32 seconds
Time for sampling (singles):     6 seconds
DAG statistics
mean edges/level: 7      max edges/level: 26
mean edges/node:  1.218  mean count/edge: 24

Window=1 Iteration=8
Time for building model:         29 seconds
Time for sampling (singles):     9 seconds
DAG statistics
mean edges/level: 8      max edges/level: 34
mean edges/node:  1.199  mean count/edge: 21

Window=1 Iteration=9
Time for building model:         6 seconds
Time for sampling (singles):     8 seconds
DAG statistics
mean edges/level: 7      max edges/level: 34
mean edges/node:  1.209  mean count/edge: 24

Window=1 Iteration=10
Time for building model:         13 seconds
Time for sampling (singles):     18 seconds
DAG statistics
mean edges/level: 8      max edges/level: 38
mean edges/node:  1.189  mean count/edge: 21

Starting phasing iterations

Window=1 Iteration=11
Time for building model:         35 seconds
Time for sampling (singles):     51 seconds
DAG statistics
mean edges/level: 9      max edges/level: 39
mean edges/node:  1.165  mean count/edge: 19

Window=1 Iteration=12
Time for building model:         9 seconds
Time for sampling (singles):     2 minutes 11 seconds
DAG statistics
mean edges/level: 21     max edges/level: 50
mean edges/node:  1.091  mean count/edge: 8

Window=1 Iteration=13
Time for building model:         1 minute 56 seconds
Time for sampling (singles):     4 minutes 3 seconds
DAG statistics
mean edges/level: 26     max edges/level: 50
mean edges/node:  1.064  mean count/edge: 7

Window=1 Iteration=14
Time for building model:         3 minutes 4 seconds
Time for sampling (singles):     5 minutes 57 seconds
DAG statistics
mean edges/level: 30     max edges/level: 56
mean edges/node:  1.049  mean count/edge: 6

Window=1 Iteration=15
Time for building model:         2 minutes 8 seconds
Time for sampling (singles):     3 minutes 42 seconds
DAG statistics
mean edges/level: 33     max edges/level: 62
mean edges/node:  1.042  mean count/edge: 5

Window 2 [ NC_037347.1:8511431-17821437 ]
target markers:      50000

Starting burn-in iterations

Window=2 Iteration=1
Time for building model:         6 minutes 22 seconds
Time for sampling (singles):     32 seconds
DAG statistics
mean edges/level: 9      max edges/level: 49
mean edges/node:  1.627  mean count/edge: 19

Window=2 Iteration=2
Time for building model:         5 minutes 23 seconds
Time for sampling (singles):     44 seconds
DAG statistics
mean edges/level: 9      max edges/level: 26
mean edges/node:  1.485  mean count/edge: 19

Window=2 Iteration=3
Time for building model:         5 minutes 49 seconds
Time for sampling (singles):     35 seconds
DAG statistics
mean edges/level: 9      max edges/level: 46
mean edges/node:  1.256  mean count/edge: 19

Window=2 Iteration=4
Time for building model:         2 minutes 50 seconds
Time for sampling (singles):     36 seconds
DAG statistics
mean edges/level: 8      max edges/level: 34
mean edges/node:  1.219  mean count/edge: 21

Window=2 Iteration=5
Time for building model:         4 minutes 58 seconds
Time for sampling (singles):     18 seconds
DAG statistics
mean edges/level: 9      max edges/level: 52
mean edges/node:  1.184  mean count/edge: 19

Window=2 Iteration=6
Time for building model:         5 minutes 36 seconds
Time for sampling (singles):     35 seconds
DAG statistics
mean edges/level: 12     max edges/level: 40
mean edges/node:  1.168  mean count/edge: 14

Window=2 Iteration=7
Time for building model:         5 minutes 50 seconds
Time for sampling (singles):     25 seconds
DAG statistics
mean edges/level: 12     max edges/level: 48
mean edges/node:  1.146  mean count/edge: 14

Window=2 Iteration=8
Time for building model:         5 minutes 1 second
Time for sampling (singles):     55 seconds
DAG statistics
mean edges/level: 10     max edges/level: 37
mean edges/node:  1.164  mean count/edge: 17

Window=2 Iteration=9
Time for building model:         4 minutes 23 seconds
Time for sampling (singles):     47 seconds
DAG statistics
mean edges/level: 10     max edges/level: 47
mean edges/node:  1.159  mean count/edge: 17

Window=2 Iteration=10
Time for building model:         3 minutes 23 seconds
Time for sampling (singles):     35 seconds
DAG statistics
mean edges/level: 9      max edges/level: 40
mean edges/node:  1.175  mean count/edge: 19

Starting phasing iterations

Window=2 Iteration=11
Time for building model:         1 minute 29 seconds
Time for sampling (singles):     5 minutes 54 seconds
DAG statistics
mean edges/level: 12     max edges/level: 50
mean edges/node:  1.114  mean count/edge: 14

Window=2 Iteration=12
Time for building model:         2 minutes 37 seconds
Time for sampling (singles):     6 minutes 57 seconds
DAG statistics
mean edges/level: 24     max edges/level: 55
mean edges/node:  1.072  mean count/edge: 7

Window=2 Iteration=13
Time for building model:         4 minutes 15 seconds
Time for sampling (singles):     6 minutes 17 seconds
DAG statistics
mean edges/level: 29     max edges/level: 56
mean edges/node:  1.050  mean count/edge: 6

Window=2 Iteration=14
Time for building model:         3 minutes 2 seconds
Time for sampling (singles):     5 minutes 11 seconds
DAG statistics
mean edges/level: 32     max edges/level: 54
mean edges/node:  1.040  mean count/edge: 5

Window=2 Iteration=15
Time for building model:         2 minutes 39 seconds
Time for sampling (singles):     5 minutes 28 seconds
DAG statistics
mean edges/level: 35     max edges/level: 58
mean edges/node:  1.035  mean count/edge: 5

Window 3 [ NC_037347.1:17331471-26488477 ]
target markers:      50000

Starting burn-in iterations

Window=3 Iteration=1
Time for building model:         7 minutes 14 seconds
Time for sampling (singles):     45 seconds
DAG statistics
mean edges/level: 10     max edges/level: 47
mean edges/node:  1.631  mean count/edge: 17

Window=3 Iteration=2
Time for building model:         6 minutes 42 seconds
Time for sampling (singles):     1 minute 29 seconds
DAG statistics
mean edges/level: 8      max edges/level: 25
mean edges/node:  1.525  mean count/edge: 21

Window=3 Iteration=3
Time for building model:         5 minutes 11 seconds
Time for sampling (singles):     53 seconds
DAG statistics
mean edges/level: 8      max edges/level: 48
mean edges/node:  1.269  mean count/edge: 21

Window=3 Iteration=4
Time for building model:         7 minutes 2 seconds
Time for sampling (singles):     1 minute 5 seconds
DAG statistics
mean edges/level: 11     max edges/level: 39
mean edges/node:  1.205  mean count/edge: 15

Window=3 Iteration=5
Time for building model:         4 minutes 24 seconds
Time for sampling (singles):     33 seconds
DAG statistics
mean edges/level: 9      max edges/level: 49
mean edges/node:  1.187  mean count/edge: 19

Window=3 Iteration=6
Time for building model:         4 minutes 28 seconds
Time for sampling (singles):     43 seconds
DAG statistics
mean edges/level: 11     max edges/level: 37
mean edges/node:  1.174  mean count/edge: 15

Window=3 Iteration=7
Time for building model:         5 minutes 13 seconds
Time for sampling (singles):     46 seconds
DAG statistics
mean edges/level: 13     max edges/level: 52
mean edges/node:  1.145  mean count/edge: 13

Window=3 Iteration=8
Time for building model:         5 minutes 36 seconds
Time for sampling (singles):     28 seconds
DAG statistics
mean edges/level: 13     max edges/level: 42
mean edges/node:  1.139  mean count/edge: 13

Window=3 Iteration=9
Time for building model:         8 minutes 3 seconds
Time for sampling (singles):     1 minute 17 seconds
DAG statistics
mean edges/level: 17     max edges/level: 48
mean edges/node:  1.113  mean count/edge: 10

Window=3 Iteration=10
Time for building model:         7 minutes 2 seconds
Time for sampling (singles):     1 minute 6 seconds
DAG statistics
mean edges/level: 18     max edges/level: 51
mean edges/node:  1.096  mean count/edge: 9

Starting phasing iterations

Window=3 Iteration=11
Time for building model:         2 minutes 14 seconds
Time for sampling (singles):     7 minutes 33 seconds
DAG statistics
mean edges/level: 25     max edges/level: 51
mean edges/node:  1.067  mean count/edge: 7

Window=3 Iteration=12
Time for building model:         2 minutes 9 seconds
Time for sampling (singles):     6 minutes 24 seconds
DAG statistics
mean edges/level: 9      max edges/level: 45
mean edges/node:  1.158  mean count/edge: 19

Window=3 Iteration=13
Time for building model:         2 minutes 21 seconds
Time for sampling (singles):     7 minutes 53 seconds
DAG statistics
mean edges/level: 26     max edges/level: 49
mean edges/node:  1.069  mean count/edge: 7

Window=3 Iteration=14
Time for building model:         3 minutes 17 seconds
Time for sampling (singles):     6 minutes 34 seconds
DAG statistics
mean edges/level: 31     max edges/level: 53
mean edges/node:  1.047  mean count/edge: 5

Window=3 Iteration=15
Time for building model:         2 minutes 13 seconds
Time for sampling (singles):     4 minutes 57 seconds
DAG statistics
mean edges/level: 35     max edges/level: 57
mean edges/node:  1.037  mean count/edge: 5

Window 4 [ NC_037347.1:26025669-35236891 ]
target markers:      50000

Starting burn-in iterations

Window=4 Iteration=1
Time for building model:         3 minutes 53 seconds
Time for sampling (singles):     31 seconds
DAG statistics
mean edges/level: 10     max edges/level: 53
mean edges/node:  1.624  mean count/edge: 17

Window=4 Iteration=2
Time for building model:         3 minutes 16 seconds
Time for sampling (singles):     19 seconds
DAG statistics
mean edges/level: 10     max edges/level: 34
mean edges/node:  1.430  mean count/edge: 17

Window=4 Iteration=3
Time for building model:         3 minutes 2 seconds
Time for sampling (singles):     16 seconds
DAG statistics
mean edges/level: 9      max edges/level: 53
mean edges/node:  1.242  mean count/edge: 19

Window=4 Iteration=4
Time for building model:         3 minutes 26 seconds
Time for sampling (singles):     30 seconds
DAG statistics
mean edges/level: 10     max edges/level: 36
mean edges/node:  1.190  mean count/edge: 17

Window=4 Iteration=5
Time for building model:         3 minutes 40 seconds
Time for sampling (singles):     18 seconds
DAG statistics
mean edges/level: 10     max edges/level: 48
mean edges/node:  1.164  mean count/edge: 17

Window=4 Iteration=6
Time for building model:         2 minutes 20 seconds
Time for sampling (singles):     23 seconds
DAG statistics
mean edges/level: 8      max edges/level: 38
mean edges/node:  1.186  mean count/edge: 21

Window=4 Iteration=7
Time for building model:         2 minutes 40 seconds
Time for sampling (singles):     16 seconds
DAG statistics
mean edges/level: 10     max edges/level: 49
mean edges/node:  1.157  mean count/edge: 17

Window=4 Iteration=8
Time for building model:         2 minutes 39 seconds
Time for sampling (singles):     22 seconds
DAG statistics
mean edges/level: 10     max edges/level: 41
mean edges/node:  1.158  mean count/edge: 17

Window=4 Iteration=9
Time for building model:         1 minute 51 seconds
Time for sampling (singles):     8 seconds
DAG statistics
mean edges/level: 8      max edges/level: 48
mean edges/node:  1.164  mean count/edge: 21

Window=4 Iteration=10
Time for building model:         2 minutes 1 second
Time for sampling (singles):     14 seconds
DAG statistics
mean edges/level: 8      max edges/level: 38
mean edges/node:  1.176  mean count/edge: 21

Starting phasing iterations

Window=4 Iteration=11
Time for building model:         47 seconds
Time for sampling (singles):     4 minutes 42 seconds
DAG statistics
mean edges/level: 9      max edges/level: 55
mean edges/node:  1.141  mean count/edge: 19

Window=4 Iteration=12
Time for building model:         1 minute 53 seconds
Time for sampling (singles):     4 minutes 49 seconds
DAG statistics
mean edges/level: 15     max edges/level: 46
mean edges/node:  1.098  mean count/edge: 11

Window=4 Iteration=13
Time for building model:         1 minute 30 seconds
Time for sampling (singles):     5 minutes 17 seconds
DAG statistics
mean edges/level: 26     max edges/level: 51
mean edges/node:  1.059  mean count/edge: 7

Window=4 Iteration=14
Time for building model:         2 minutes 20 seconds
Time for sampling (singles):     4 minutes 22 seconds
DAG statistics
mean edges/level: 31     max edges/level: 53
mean edges/node:  1.042  mean count/edge: 5

Window=4 Iteration=15
Time for building model:         2 minutes 13 seconds
Time for sampling (singles):     4 minutes 59 seconds
DAG statistics
mean edges/level: 35     max edges/level: 56
mean edges/node:  1.034  mean count/edge: 5

Window 5 [ NC_037347.1:34686220-42703475 ]
target markers:      50000

Starting burn-in iterations

Window=5 Iteration=1
Time for building model:         4 minutes 21 seconds
Time for sampling (singles):     43 seconds
DAG statistics
mean edges/level: 10     max edges/level: 56
mean edges/node:  1.590  mean count/edge: 17

Window=5 Iteration=2
Time for building model:         5 minutes 32 seconds
Time for sampling (singles):     50 seconds
DAG statistics
mean edges/level: 11     max edges/level: 30
mean edges/node:  1.442  mean count/edge: 15

Window=5 Iteration=3
Time for building model:         4 minutes 12 seconds
Time for sampling (singles):     34 seconds
DAG statistics
mean edges/level: 10     max edges/level: 53
mean edges/node:  1.246  mean count/edge: 17

Window=5 Iteration=4
Time for building model:         3 minutes 20 seconds
Time for sampling (singles):     23 seconds
DAG statistics
mean edges/level: 12     max edges/level: 37
mean edges/node:  1.191  mean count/edge: 14

Window=5 Iteration=5
Time for building model:         3 minutes 30 seconds
Time for sampling (singles):     35 seconds
DAG statistics
mean edges/level: 16     max edges/level: 56
mean edges/node:  1.133  mean count/edge: 11

Window=5 Iteration=6
Time for building model:         2 minutes 51 seconds
Time for sampling (singles):     39 seconds
DAG statistics
mean edges/level: 15     max edges/level: 48
mean edges/node:  1.120  mean count/edge: 11

Window=5 Iteration=7
Time for building model:         2 minutes 33 seconds
Time for sampling (singles):     31 seconds
DAG statistics
mean edges/level: 11     max edges/level: 54
mean edges/node:  1.152  mean count/edge: 15

Window=5 Iteration=8
Time for building model:         2 minutes 46 seconds
Time for sampling (singles):     22 seconds
DAG statistics
mean edges/level: 8      max edges/level: 37
mean edges/node:  1.190  mean count/edge: 21

Window=5 Iteration=9
Time for building model:         2 minutes 31 seconds
Time for sampling (singles):     21 seconds
DAG statistics
mean edges/level: 12     max edges/level: 53
mean edges/node:  1.152  mean count/edge: 14

Window=5 Iteration=10
Time for building model:         2 minutes 22 seconds
Time for sampling (singles):     19 seconds
DAG statistics
mean edges/level: 10     max edges/level: 39
mean edges/node:  1.169  mean count/edge: 17

Starting phasing iterations

Window=5 Iteration=11
Time for building model:         1 minute 10 seconds
Time for sampling (singles):     4 minutes 1 second
DAG statistics
mean edges/level: 15     max edges/level: 53
mean edges/node:  1.094  mean count/edge: 11

Window=5 Iteration=12
Time for building model:         1 minute 49 seconds
Time for sampling (singles):     3 minutes 50 seconds
DAG statistics
mean edges/level: 26     max edges/level: 54
mean edges/node:  1.064  mean count/edge: 7

Window=5 Iteration=13
Time for building model:         2 minutes 15 seconds
Time for sampling (singles):     3 minutes 15 seconds
DAG statistics
mean edges/level: 32     max edges/level: 58
mean edges/node:  1.046  mean count/edge: 5

Window=5 Iteration=14
Time for building model:         1 minute 28 seconds
Time for sampling (singles):     3 minutes 9 seconds
DAG statistics
mean edges/level: 35     max edges/level: 57
mean edges/node:  1.039  mean count/edge: 5

Window=5 Iteration=15
Time for building model:         1 minute 6 seconds
Time for sampling (singles):     2 minutes 53 seconds
DAG statistics
mean edges/level: 38     max edges/level: 60
mean edges/node:  1.033  mean count/edge: 4

Window 6 [ NC_037347.1:42177136-51116781 ]
target markers:      50000

Starting burn-in iterations

Window=6 Iteration=1
Time for building model:         1 minute 47 seconds
Time for sampling (singles):     15 seconds
DAG statistics
mean edges/level: 10     max edges/level: 51
mean edges/node:  1.584  mean count/edge: 17

Window=6 Iteration=2
Time for building model:         1 minute 48 seconds
Time for sampling (singles):     14 seconds
DAG statistics
mean edges/level: 9      max edges/level: 31
mean edges/node:  1.462  mean count/edge: 19

Window=6 Iteration=3
Time for building model:         1 minute 52 seconds
Time for sampling (singles):     15 seconds
DAG statistics
mean edges/level: 10     max edges/level: 49
mean edges/node:  1.216  mean count/edge: 17

Window=6 Iteration=4
Time for building model:         1 minute 41 seconds
Time for sampling (singles):     17 seconds
DAG statistics
mean edges/level: 11     max edges/level: 36
mean edges/node:  1.179  mean count/edge: 15

Window=6 Iteration=5
Time for building model:         1 minute 27 seconds
Time for sampling (singles):     16 seconds
DAG statistics
mean edges/level: 10     max edges/level: 51
mean edges/node:  1.146  mean count/edge: 17

Window=6 Iteration=6
Time for building model:         1 minute 44 seconds
Time for sampling (singles):     25 seconds
DAG statistics
mean edges/level: 11     max edges/level: 44
mean edges/node:  1.150  mean count/edge: 15

Window=6 Iteration=7
Time for building model:         1 minute 9 seconds
Time for sampling (singles):     19 seconds
DAG statistics
mean edges/level: 11     max edges/level: 49
mean edges/node:  1.135  mean count/edge: 15

Window=6 Iteration=8
Time for building model:         1 minute 38 seconds
Time for sampling (singles):     36 seconds
DAG statistics
mean edges/level: 16     max edges/level: 52
mean edges/node:  1.112  mean count/edge: 11

Window=6 Iteration=9
Time for building model:         1 minute 52 seconds
Time for sampling (singles):     18 seconds
DAG statistics
mean edges/level: 10     max edges/level: 48
mean edges/node:  1.121  mean count/edge: 17

Window=6 Iteration=10
Time for building model:         1 minute 39 seconds
Time for sampling (singles):     19 seconds
DAG statistics
mean edges/level: 10     max edges/level: 42
mean edges/node:  1.147  mean count/edge: 17

Starting phasing iterations

Window=6 Iteration=11
Time for building model:         57 seconds
Time for sampling (singles):     2 minutes 40 seconds
DAG statistics
mean edges/level: 24     max edges/level: 50
mean edges/node:  1.059  mean count/edge: 7

Window=6 Iteration=12
Time for building model:         1 minute 23 seconds
Time for sampling (singles):     3 minutes 24 seconds
DAG statistics
mean edges/level: 29     max edges/level: 55
mean edges/node:  1.044  mean count/edge: 6

Window=6 Iteration=13
Time for building model:         1 minute 34 seconds
Time for sampling (singles):     3 minutes 11 seconds
DAG statistics
mean edges/level: 33     max edges/level: 56
mean edges/node:  1.035  mean count/edge: 5

Window=6 Iteration=14
Time for building model:         1 minute 59 seconds
Time for sampling (singles):     3 minutes 57 seconds
DAG statistics
mean edges/level: 36     max edges/level: 57
mean edges/node:  1.029  mean count/edge: 5

Window=6 Iteration=15
Time for building model:         2 minutes 16 seconds
Time for sampling (singles):     4 minutes 12 seconds
DAG statistics
mean edges/level: 39     max edges/level: 60
mean edges/node:  1.025  mean count/edge: 4

Window 7 [ NC_037347.1:50645146-58658584 ]
target markers:      50000

Starting burn-in iterations

Window=7 Iteration=1
Time for building model:         3 minutes 23 seconds
Time for sampling (singles):     32 seconds
DAG statistics
mean edges/level: 10     max edges/level: 51
mean edges/node:  1.588  mean count/edge: 17

Window=7 Iteration=2
Time for building model:         3 minutes 29 seconds
Time for sampling (singles):     27 seconds
DAG statistics
mean edges/level: 8      max edges/level: 29
mean edges/node:  1.511  mean count/edge: 21

Window=7 Iteration=3
Time for building model:         2 minutes 33 seconds
Time for sampling (singles):     12 seconds
DAG statistics
mean edges/level: 10     max edges/level: 46
mean edges/node:  1.243  mean count/edge: 17

Window=7 Iteration=4
Time for building model:         3 minutes 16 seconds
Time for sampling (singles):     23 seconds
DAG statistics
mean edges/level: 13     max edges/level: 37
mean edges/node:  1.182  mean count/edge: 13

Window=7 Iteration=5
Time for building model:         2 minutes 2 seconds
Time for sampling (singles):     15 seconds
DAG statistics
mean edges/level: 10     max edges/level: 51
mean edges/node:  1.154  mean count/edge: 17

Window=7 Iteration=6
Time for building model:         2 minutes 22 seconds
Time for sampling (singles):     29 seconds
DAG statistics
mean edges/level: 16     max edges/level: 55
mean edges/node:  1.126  mean count/edge: 11

Window=7 Iteration=7
Time for building model:         2 minutes 12 seconds
Time for sampling (singles):     36 seconds
DAG statistics
mean edges/level: 17     max edges/level: 47
mean edges/node:  1.099  mean count/edge: 10

Window=7 Iteration=8
Time for building model:         1 minute 49 seconds
Time for sampling (singles):     33 seconds
DAG statistics
mean edges/level: 15     max edges/level: 44
mean edges/node:  1.103  mean count/edge: 11

Window=7 Iteration=9
Time for building model:         2 minutes 10 seconds
Time for sampling (singles):     15 seconds
DAG statistics
mean edges/level: 10     max edges/level: 48
mean edges/node:  1.142  mean count/edge: 17

Window=7 Iteration=10
Time for building model:         1 minute 22 seconds
Time for sampling (singles):     11 seconds
DAG statistics
mean edges/level: 8      max edges/level: 37
mean edges/node:  1.175  mean count/edge: 21

Starting phasing iterations

Window=7 Iteration=11
Time for building model:         53 seconds
Time for sampling (singles):     2 minutes 47 seconds
DAG statistics
mean edges/level: 26     max edges/level: 52
mean edges/node:  1.057  mean count/edge: 7

Window=7 Iteration=12
Time for building model:         52 seconds
Time for sampling (singles):     1 minute 55 seconds
DAG statistics
mean edges/level: 30     max edges/level: 53
mean edges/node:  1.044  mean count/edge: 6

Window=7 Iteration=13
Time for building model:         1 minute 0 seconds
Time for sampling (singles):     1 minute 45 seconds
DAG statistics
mean edges/level: 34     max edges/level: 60
mean edges/node:  1.035  mean count/edge: 5

Window=7 Iteration=14
Time for building model:         39 seconds
Time for sampling (singles):     2 minutes 10 seconds
DAG statistics
mean edges/level: 37     max edges/level: 58
mean edges/node:  1.031  mean count/edge: 5

Window=7 Iteration=15
Time for building model:         1 minute 0 seconds
Time for sampling (singles):     2 minutes 7 seconds
DAG statistics
mean edges/level: 40     max edges/level: 59
mean edges/node:  1.027  mean count/edge: 4

Window 8 [ NC_037347.1:58200936-64191301 ]
target markers:      50000

Starting burn-in iterations

Window=8 Iteration=1
Time for building model:         1 minute 38 seconds
Time for sampling (singles):     12 seconds
DAG statistics
mean edges/level: 10     max edges/level: 54
mean edges/node:  1.597  mean count/edge: 17

Window=8 Iteration=2
Time for building model:         1 minute 16 seconds
Time for sampling (singles):     14 seconds
DAG statistics
mean edges/level: 10     max edges/level: 31
mean edges/node:  1.479  mean count/edge: 17

Window=8 Iteration=3
Time for building model:         1 minute 42 seconds
Time for sampling (singles):     11 seconds
DAG statistics
mean edges/level: 10     max edges/level: 55
mean edges/node:  1.246  mean count/edge: 17

Window=8 Iteration=4
Time for building model:         2 minutes 38 seconds
Time for sampling (singles):     22 seconds
DAG statistics
mean edges/level: 11     max edges/level: 37
mean edges/node:  1.193  mean count/edge: 15

Window=8 Iteration=5
Time for building model:         2 minutes 31 seconds
Time for sampling (singles):     38 seconds
DAG statistics
mean edges/level: 17     max edges/level: 55
mean edges/node:  1.128  mean count/edge: 10

Window=8 Iteration=6
Time for building model:         1 minute 38 seconds
Time for sampling (singles):     22 seconds
DAG statistics
mean edges/level: 10     max edges/level: 55
mean edges/node:  1.139  mean count/edge: 17

Window=8 Iteration=7
Time for building model:         1 minute 50 seconds
Time for sampling (singles):     36 seconds
DAG statistics
mean edges/level: 18     max edges/level: 56
mean edges/node:  1.111  mean count/edge: 9

Window=8 Iteration=8
Time for building model:         2 minutes 0 seconds
Time for sampling (singles):     52 seconds
DAG statistics
mean edges/level: 20     max edges/level: 59
mean edges/node:  1.087  mean count/edge: 9

Window=8 Iteration=9
Time for building model:         45 seconds
Time for sampling (singles):     21 seconds
DAG statistics
mean edges/level: 11     max edges/level: 54
mean edges/node:  1.118  mean count/edge: 15

Window=8 Iteration=10
Time for building model:         1 minute 12 seconds
Time for sampling (singles):     31 seconds
DAG statistics
mean edges/level: 14     max edges/level: 40
mean edges/node:  1.131  mean count/edge: 12

Starting phasing iterations

Window=8 Iteration=11
Time for building model:         45 seconds
Time for sampling (singles):     1 minute 8 seconds
DAG statistics
mean edges/level: 28     max edges/level: 56
mean edges/node:  1.051  mean count/edge: 6

Window=8 Iteration=12
Time for building model:         15 seconds
Time for sampling (singles):     14 seconds
DAG statistics
mean edges/level: 32     max edges/level: 55
mean edges/node:  1.040  mean count/edge: 5

Window=8 Iteration=13
Time for building model:         5 seconds
Time for sampling (singles):     10 seconds
DAG statistics
mean edges/level: 36     max edges/level: 58
mean edges/node:  1.033  mean count/edge: 5

Window=8 Iteration=14
Time for building model:         5 seconds
Time for sampling (singles):     10 seconds
DAG statistics
mean edges/level: 38     max edges/level: 61
mean edges/node:  1.029  mean count/edge: 4

Window=8 Iteration=15
Time for building model:         4 seconds
Time for sampling (singles):     9 seconds
DAG statistics
mean edges/level: 40     max edges/level: 62
mean edges/node:  1.026  mean count/edge: 4

Window 9 [ NC_037347.1:63830049-69472863 ]
target markers:      50000

Starting burn-in iterations

Window=9 Iteration=1
Time for building model:         5 seconds
Time for sampling (singles):     12 seconds
DAG statistics
mean edges/level: 11     max edges/level: 57
mean edges/node:  1.535  mean count/edge: 15

Window=9 Iteration=2
Time for building model:         3 seconds
Time for sampling (singles):     10 seconds
DAG statistics
mean edges/level: 9      max edges/level: 30
mean edges/node:  1.514  mean count/edge: 19

Window=9 Iteration=3
Time for building model:         2 seconds
Time for sampling (singles):     9 seconds
DAG statistics
mean edges/level: 9      max edges/level: 59
mean edges/node:  1.262  mean count/edge: 19

Window=9 Iteration=4
Time for building model:         5 seconds
Time for sampling (singles):     24 seconds
DAG statistics
mean edges/level: 15     max edges/level: 58
mean edges/node:  1.176  mean count/edge: 11

Window=9 Iteration=5
Time for building model:         29 seconds
Time for sampling (singles):     40 seconds
DAG statistics
mean edges/level: 16     max edges/level: 61
mean edges/node:  1.127  mean count/edge: 11

Window=9 Iteration=6
Time for building model:         1 minute 51 seconds
Time for sampling (singles):     41 seconds
DAG statistics
mean edges/level: 18     max edges/level: 57
mean edges/node:  1.104  mean count/edge: 9

Window=9 Iteration=7
Time for building model:         21 seconds
Time for sampling (singles):     43 seconds
DAG statistics
mean edges/level: 17     max edges/level: 55
mean edges/node:  1.094  mean count/edge: 10

Window=9 Iteration=8
Time for building model:         1 minute 16 seconds
Time for sampling (singles):     35 seconds
DAG statistics
mean edges/level: 15     max edges/level: 49
mean edges/node:  1.111  mean count/edge: 11

Window=9 Iteration=9
Time for building model:         2 minutes 21 seconds
Time for sampling (singles):     36 seconds
DAG statistics
mean edges/level: 17     max edges/level: 55
mean edges/node:  1.096  mean count/edge: 10

Window=9 Iteration=10
Time for building model:         1 minute 58 seconds
Time for sampling (singles):     47 seconds
DAG statistics
mean edges/level: 20     max edges/level: 54
mean edges/node:  1.089  mean count/edge: 9

Starting phasing iterations

Window=9 Iteration=11
Time for building model:         39 seconds
Time for sampling (singles):     2 minutes 26 seconds
DAG statistics
mean edges/level: 14     max edges/level: 56
mean edges/node:  1.094  mean count/edge: 12

Window=9 Iteration=12
Time for building model:         44 seconds
Time for sampling (singles):     1 minute 55 seconds
DAG statistics
mean edges/level: 27     max edges/level: 58
mean edges/node:  1.063  mean count/edge: 6

Window=9 Iteration=13
Time for building model:         42 seconds
Time for sampling (singles):     47 seconds
DAG statistics
mean edges/level: 32     max edges/level: 57
mean edges/node:  1.045  mean count/edge: 5

Window=9 Iteration=14
Time for building model:         6 seconds
Time for sampling (singles):     20 seconds
DAG statistics
mean edges/level: 35     max edges/level: 56
mean edges/node:  1.036  mean count/edge: 5

Window=9 Iteration=15
Time for building model:         5 seconds
Time for sampling (singles):     11 seconds
DAG statistics
mean edges/level: 38     max edges/level: 60
mean edges/node:  1.031  mean count/edge: 4

Window 10 [ NC_037347.1:69116867-71973181 ]
target markers:      23303

Starting burn-in iterations

Window=10 Iteration=1
Time for building model:         2 seconds
Time for sampling (singles):     3 seconds
DAG statistics
mean edges/level: 10     max edges/level: 51
mean edges/node:  1.549  mean count/edge: 17

Window=10 Iteration=2
Time for building model:         2 seconds
Time for sampling (singles):     3 seconds
DAG statistics
mean edges/level: 8      max edges/level: 24
mean edges/node:  1.562  mean count/edge: 21

Window=10 Iteration=3
Time for building model:         1 second
Time for sampling (singles):     4 seconds
DAG statistics
mean edges/level: 9      max edges/level: 48
mean edges/node:  1.293  mean count/edge: 19

Window=10 Iteration=4
Time for building model:         1 second
Time for sampling (singles):     4 seconds
DAG statistics
mean edges/level: 7      max edges/level: 25
mean edges/node:  1.309  mean count/edge: 24

Window=10 Iteration=5
Time for building model:         2 seconds
Time for sampling (singles):     7 seconds
DAG statistics
mean edges/level: 13     max edges/level: 54
mean edges/node:  1.196  mean count/edge: 13

Window=10 Iteration=6
Time for building model:         2 seconds
Time for sampling (singles):     6 seconds
DAG statistics
mean edges/level: 9      max edges/level: 33
mean edges/node:  1.225  mean count/edge: 19

Window=10 Iteration=7
Time for building model:         2 seconds
Time for sampling (singles):     9 seconds
DAG statistics
mean edges/level: 14     max edges/level: 49
mean edges/node:  1.161  mean count/edge: 12

Window=10 Iteration=8
Time for building model:         3 seconds
Time for sampling (singles):     12 seconds
DAG statistics
mean edges/level: 15     max edges/level: 50
mean edges/node:  1.139  mean count/edge: 11

Window=10 Iteration=9
Time for building model:         2 seconds
Time for sampling (singles):     13 seconds
DAG statistics
mean edges/level: 16     max edges/level: 51
mean edges/node:  1.125  mean count/edge: 11

Window=10 Iteration=10
Time for building model:         2 seconds
Time for sampling (singles):     5 seconds
DAG statistics
mean edges/level: 8      max edges/level: 30
mean edges/node:  1.223  mean count/edge: 21

Starting phasing iterations

Window=10 Iteration=11
Time for building model:         3 seconds
Time for sampling (singles):     6 seconds
DAG statistics
mean edges/level: 22     max edges/level: 48
mean edges/node:  1.089  mean count/edge: 8

Window=10 Iteration=12
Time for building model:         2 seconds
Time for sampling (singles):     13 seconds
DAG statistics
mean edges/level: 26     max edges/level: 55
mean edges/node:  1.073  mean count/edge: 7

Window=10 Iteration=13
Time for building model:         2 seconds
Time for sampling (singles):     6 seconds
DAG statistics
mean edges/level: 28     max edges/level: 53
mean edges/node:  1.063  mean count/edge: 6

Window=10 Iteration=14
Time for building model:         2 seconds
Time for sampling (singles):     6 seconds
DAG statistics
mean edges/level: 31     max edges/level: 58
mean edges/node:  1.055  mean count/edge: 5

Window=10 Iteration=15
Time for building model:         3 seconds
Time for sampling (singles):     7 seconds
DAG statistics
mean edges/level: 32     max edges/level: 57
mean edges/node:  1.050  mean count/edge: 5

Number of markers:              446303
Total time for building model: 5 hours 9 minutes 21 seconds
Total time for sampling:       3 hours 20 minutes 44 seconds
Total run time:                8 hours 51 minutes 17 seconds

End time: 04:07 AM CEST on 05 Apr 2024
beagle.27Jan18.7e1.jar (version 4.1) finished
