beagle.27Jan18.7e1.jar (version 4.1)
Copyright (C) 2014-2015 Brian L. Browning
Enter "java -jar beagle.27Jan18.7e1.jar" for a summary of command line arguments.
Start time: 07:15 PM CEST on 04 Apr 2024

Command line: java -Xmx54613m -jar beagle.jar
  gl=results/gl/Bostau9_tragmain2_sites_variable_noindels_renamed_Tory.bcf.gz.NC_037348.1.vcf.gz
  chrom=NC_037348.1
  out=results/imputed/Bostau9_tragmain2_sites_variable_noindels_renamed_Tory.bcf.gz.NC_037348.1
  nthreads=6

No genetic map is specified: using 1 cM = 1 Mb

reference samples:       0
target samples:         85

Window 1 [ NC_037348.1:15807-9734884 ]
target markers:      50000

Starting burn-in iterations

Window=1 Iteration=1
Time for building model:         5 seconds
Time for sampling (singles):     7 seconds
DAG statistics
mean edges/level: 7      max edges/level: 28
mean edges/node:  1.779  mean count/edge: 24

Window=1 Iteration=2
Time for building model:         8 seconds
Time for sampling (singles):     8 seconds
DAG statistics
mean edges/level: 6      max edges/level: 26
mean edges/node:  1.547  mean count/edge: 28

Window=1 Iteration=3
Time for building model:         4 seconds
Time for sampling (singles):     6 seconds
DAG statistics
mean edges/level: 6      max edges/level: 20
mean edges/node:  1.400  mean count/edge: 28

Window=1 Iteration=4
Time for building model:         4 seconds
Time for sampling (singles):     8 seconds
DAG statistics
mean edges/level: 6      max edges/level: 34
mean edges/node:  1.333  mean count/edge: 28

Window=1 Iteration=5
Time for building model:         9 seconds
Time for sampling (singles):     7 seconds
DAG statistics
mean edges/level: 6      max edges/level: 21
mean edges/node:  1.325  mean count/edge: 28

Window=1 Iteration=6
Time for building model:         4 seconds
Time for sampling (singles):     9 seconds
DAG statistics
mean edges/level: 6      max edges/level: 33
mean edges/node:  1.294  mean count/edge: 28

Window=1 Iteration=7
Time for building model:         4 seconds
Time for sampling (singles):     7 seconds
DAG statistics
mean edges/level: 6      max edges/level: 23
mean edges/node:  1.302  mean count/edge: 28

Window=1 Iteration=8
Time for building model:         4 seconds
Time for sampling (singles):     7 seconds
DAG statistics
mean edges/level: 6      max edges/level: 33
mean edges/node:  1.278  mean count/edge: 28

Window=1 Iteration=9
Time for building model:         3 seconds
Time for sampling (singles):     5 seconds
DAG statistics
mean edges/level: 6      max edges/level: 22
mean edges/node:  1.292  mean count/edge: 28

Window=1 Iteration=10
Time for building model:         44 seconds
Time for sampling (singles):     16 seconds
DAG statistics
mean edges/level: 7      max edges/level: 36
mean edges/node:  1.261  mean count/edge: 24

Starting phasing iterations

Window=1 Iteration=11
Time for building model:         19 seconds
Time for sampling (singles):     1 minute 9 seconds
DAG statistics
mean edges/level: 8      max edges/level: 27
mean edges/node:  1.275  mean count/edge: 21

Window=1 Iteration=12
Time for building model:         7 seconds
Time for sampling (singles):     1 minute 20 seconds
DAG statistics
mean edges/level: 11     max edges/level: 49
mean edges/node:  1.211  mean count/edge: 15

Window=1 Iteration=13
Time for building model:         1 minute 0 seconds
Time for sampling (singles):     4 minutes 17 seconds
DAG statistics
mean edges/level: 8      max edges/level: 27
mean edges/node:  1.266  mean count/edge: 21

Window=1 Iteration=14
Time for building model:         2 minutes 30 seconds
Time for sampling (singles):     5 minutes 28 seconds
DAG statistics
mean edges/level: 13     max edges/level: 47
mean edges/node:  1.167  mean count/edge: 13

Window=1 Iteration=15
Time for building model:         1 minute 51 seconds
Time for sampling (singles):     6 minutes 26 seconds
DAG statistics
mean edges/level: 21     max edges/level: 47
mean edges/node:  1.109  mean count/edge: 8

Window 2 [ NC_037348.1:9139030-17278297 ]
target markers:      50000

Starting burn-in iterations

Window=2 Iteration=1
Time for building model:         6 minutes 0 seconds
Time for sampling (singles):     39 seconds
DAG statistics
mean edges/level: 9      max edges/level: 43
mean edges/node:  1.636  mean count/edge: 19

Window=2 Iteration=2
Time for building model:         4 minutes 1 second
Time for sampling (singles):     49 seconds
DAG statistics
mean edges/level: 9      max edges/level: 31
mean edges/node:  1.519  mean count/edge: 19

Window=2 Iteration=3
Time for building model:         6 minutes 23 seconds
Time for sampling (singles):     53 seconds
DAG statistics
mean edges/level: 10     max edges/level: 43
mean edges/node:  1.260  mean count/edge: 17

Window=2 Iteration=4
Time for building model:         5 minutes 49 seconds
Time for sampling (singles):     38 seconds
DAG statistics
mean edges/level: 8      max edges/level: 42
mean edges/node:  1.228  mean count/edge: 21

Window=2 Iteration=5
Time for building model:         6 minutes 25 seconds
Time for sampling (singles):     39 seconds
DAG statistics
mean edges/level: 13     max edges/level: 43
mean edges/node:  1.169  mean count/edge: 13

Window=2 Iteration=6
Time for building model:         5 minutes 20 seconds
Time for sampling (singles):     31 seconds
DAG statistics
mean edges/level: 12     max edges/level: 43
mean edges/node:  1.150  mean count/edge: 14

Window=2 Iteration=7
Time for building model:         5 minutes 29 seconds
Time for sampling (singles):     27 seconds
DAG statistics
mean edges/level: 8      max edges/level: 45
mean edges/node:  1.174  mean count/edge: 21

Window=2 Iteration=8
Time for building model:         6 minutes 4 seconds
Time for sampling (singles):     47 seconds
DAG statistics
mean edges/level: 14     max edges/level: 45
mean edges/node:  1.151  mean count/edge: 12

Window=2 Iteration=9
Time for building model:         5 minutes 49 seconds
Time for sampling (singles):     25 seconds
DAG statistics
mean edges/level: 11     max edges/level: 44
mean edges/node:  1.140  mean count/edge: 15

Window=2 Iteration=10
Time for building model:         5 minutes 10 seconds
Time for sampling (singles):     32 seconds
DAG statistics
mean edges/level: 11     max edges/level: 39
mean edges/node:  1.157  mean count/edge: 15

Starting phasing iterations

Window=2 Iteration=11
Time for building model:         1 minute 52 seconds
Time for sampling (singles):     6 minutes 49 seconds
DAG statistics
mean edges/level: 19     max edges/level: 50
mean edges/node:  1.079  mean count/edge: 9

Window=2 Iteration=12
Time for building model:         2 minutes 56 seconds
Time for sampling (singles):     6 minutes 39 seconds
DAG statistics
mean edges/level: 27     max edges/level: 53
mean edges/node:  1.058  mean count/edge: 6

Window=2 Iteration=13
Time for building model:         3 minutes 2 seconds
Time for sampling (singles):     5 minutes 13 seconds
DAG statistics
mean edges/level: 32     max edges/level: 56
mean edges/node:  1.043  mean count/edge: 5

Window=2 Iteration=14
Time for building model:         3 minutes 12 seconds
Time for sampling (singles):     6 minutes 4 seconds
DAG statistics
mean edges/level: 35     max edges/level: 62
mean edges/node:  1.035  mean count/edge: 5

Window=2 Iteration=15
Time for building model:         3 minutes 20 seconds
Time for sampling (singles):     5 minutes 53 seconds
DAG statistics
mean edges/level: 38     max edges/level: 58
mean edges/node:  1.031  mean count/edge: 4

Window 3 [ NC_037348.1:16859259-24071025 ]
target markers:      50000

Starting burn-in iterations

Window=3 Iteration=1
Time for building model:         7 minutes 12 seconds
Time for sampling (singles):     30 seconds
DAG statistics
mean edges/level: 9      max edges/level: 50
mean edges/node:  1.601  mean count/edge: 19

Window=3 Iteration=2
Time for building model:         6 minutes 45 seconds
Time for sampling (singles):     44 seconds
DAG statistics
mean edges/level: 8      max edges/level: 27
mean edges/node:  1.562  mean count/edge: 21

Window=3 Iteration=3
Time for building model:         4 minutes 41 seconds
Time for sampling (singles):     49 seconds
DAG statistics
mean edges/level: 9      max edges/level: 53
mean edges/node:  1.290  mean count/edge: 19

Window=3 Iteration=4
Time for building model:         3 minutes 25 seconds
Time for sampling (singles):     19 seconds
DAG statistics
mean edges/level: 8      max edges/level: 35
mean edges/node:  1.282  mean count/edge: 21

Window=3 Iteration=5
Time for building model:         4 minutes 41 seconds
Time for sampling (singles):     31 seconds
DAG statistics
mean edges/level: 10     max edges/level: 52
mean edges/node:  1.210  mean count/edge: 17

Window=3 Iteration=6
Time for building model:         4 minutes 38 seconds
Time for sampling (singles):     34 seconds
DAG statistics
mean edges/level: 8      max edges/level: 37
mean edges/node:  1.239  mean count/edge: 21

Window=3 Iteration=7
Time for building model:         5 minutes 13 seconds
Time for sampling (singles):     48 seconds
DAG statistics
mean edges/level: 10     max edges/level: 52
mean edges/node:  1.191  mean count/edge: 17

Window=3 Iteration=8
Time for building model:         5 minutes 21 seconds
Time for sampling (singles):     41 seconds
DAG statistics
mean edges/level: 8      max edges/level: 36
mean edges/node:  1.233  mean count/edge: 21

Window=3 Iteration=9
Time for building model:         7 minutes 52 seconds
Time for sampling (singles):     51 seconds
DAG statistics
mean edges/level: 11     max edges/level: 52
mean edges/node:  1.184  mean count/edge: 15

Window=3 Iteration=10
Time for building model:         5 minutes 31 seconds
Time for sampling (singles):     32 seconds
DAG statistics
mean edges/level: 8      max edges/level: 42
mean edges/node:  1.230  mean count/edge: 21

Starting phasing iterations

Window=3 Iteration=11
Time for building model:         2 minutes 13 seconds
Time for sampling (singles):     9 minutes 1 second
DAG statistics
mean edges/level: 15     max edges/level: 54
mean edges/node:  1.122  mean count/edge: 11

Window=3 Iteration=12
Time for building model:         2 minutes 50 seconds
Time for sampling (singles):     8 minutes 0 seconds
DAG statistics
mean edges/level: 20     max edges/level: 50
mean edges/node:  1.101  mean count/edge: 9

Window=3 Iteration=13
Time for building model:         4 minutes 35 seconds
Time for sampling (singles):     7 minutes 57 seconds
DAG statistics
mean edges/level: 26     max edges/level: 54
mean edges/node:  1.074  mean count/edge: 7

Window=3 Iteration=14
Time for building model:         2 minutes 59 seconds
Time for sampling (singles):     5 minutes 52 seconds
DAG statistics
mean edges/level: 29     max edges/level: 54
mean edges/node:  1.062  mean count/edge: 6

Window=3 Iteration=15
Time for building model:         1 minute 56 seconds
Time for sampling (singles):     4 minutes 37 seconds
DAG statistics
mean edges/level: 32     max edges/level: 57
mean edges/node:  1.055  mean count/edge: 5

Window 4 [ NC_037348.1:23448984-31585775 ]
target markers:      50000

Starting burn-in iterations

Window=4 Iteration=1
Time for building model:         3 minutes 29 seconds
Time for sampling (singles):     44 seconds
DAG statistics
mean edges/level: 9      max edges/level: 51
mean edges/node:  1.636  mean count/edge: 19

Window=4 Iteration=2
Time for building model:         3 minutes 40 seconds
Time for sampling (singles):     36 seconds
DAG statistics
mean edges/level: 9      max edges/level: 30
mean edges/node:  1.495  mean count/edge: 19

Window=4 Iteration=3
Time for building model:         2 minutes 43 seconds
Time for sampling (singles):     22 seconds
DAG statistics
mean edges/level: 9      max edges/level: 55
mean edges/node:  1.272  mean count/edge: 19

Window=4 Iteration=4
Time for building model:         2 minutes 48 seconds
Time for sampling (singles):     25 seconds
DAG statistics
mean edges/level: 10     max edges/level: 36
mean edges/node:  1.220  mean count/edge: 17

Window=4 Iteration=5
Time for building model:         2 minutes 48 seconds
Time for sampling (singles):     28 seconds
DAG statistics
mean edges/level: 10     max edges/level: 51
mean edges/node:  1.182  mean count/edge: 17

Window=4 Iteration=6
Time for building model:         2 minutes 46 seconds
Time for sampling (singles):     18 seconds
DAG statistics
mean edges/level: 9      max edges/level: 40
mean edges/node:  1.186  mean count/edge: 19

Window=4 Iteration=7
Time for building model:         2 minutes 55 seconds
Time for sampling (singles):     27 seconds
DAG statistics
mean edges/level: 15     max edges/level: 51
mean edges/node:  1.138  mean count/edge: 11

Window=4 Iteration=8
Time for building model:         2 minutes 10 seconds
Time for sampling (singles):     27 seconds
DAG statistics
mean edges/level: 10     max edges/level: 45
mean edges/node:  1.144  mean count/edge: 17

Window=4 Iteration=9
Time for building model:         2 minutes 24 seconds
Time for sampling (singles):     14 seconds
DAG statistics
mean edges/level: 10     max edges/level: 55
mean edges/node:  1.164  mean count/edge: 17

Window=4 Iteration=10
Time for building model:         3 minutes 48 seconds
Time for sampling (singles):     25 seconds
DAG statistics
mean edges/level: 11     max edges/level: 38
mean edges/node:  1.164  mean count/edge: 15

Starting phasing iterations

Window=4 Iteration=11
Time for building model:         2 minutes 0 seconds
Time for sampling (singles):     4 minutes 48 seconds
DAG statistics
mean edges/level: 18     max edges/level: 55
mean edges/node:  1.091  mean count/edge: 9

Window=4 Iteration=12
Time for building model:         2 minutes 19 seconds
Time for sampling (singles):     5 minutes 29 seconds
DAG statistics
mean edges/level: 25     max edges/level: 54
mean edges/node:  1.066  mean count/edge: 7

Window=4 Iteration=13
Time for building model:         2 minutes 23 seconds
Time for sampling (singles):     5 minutes 4 seconds
DAG statistics
mean edges/level: 29     max edges/level: 56
mean edges/node:  1.051  mean count/edge: 6

Window=4 Iteration=14
Time for building model:         2 minutes 54 seconds
Time for sampling (singles):     5 minutes 43 seconds
DAG statistics
mean edges/level: 32     max edges/level: 55
mean edges/node:  1.043  mean count/edge: 5

Window=4 Iteration=15
Time for building model:         2 minutes 35 seconds
Time for sampling (singles):     5 minutes 11 seconds
DAG statistics
mean edges/level: 35     max edges/level: 59
mean edges/node:  1.038  mean count/edge: 5

Window 5 [ NC_037348.1:31019918-39314658 ]
target markers:      50000

Starting burn-in iterations

Window=5 Iteration=1
Time for building model:         3 minutes 9 seconds
Time for sampling (singles):     40 seconds
DAG statistics
mean edges/level: 9      max edges/level: 53
mean edges/node:  1.614  mean count/edge: 19

Window=5 Iteration=2
Time for building model:         3 minutes 41 seconds
Time for sampling (singles):     38 seconds
DAG statistics
mean edges/level: 9      max edges/level: 29
mean edges/node:  1.524  mean count/edge: 19

Window=5 Iteration=3
Time for building model:         3 minutes 56 seconds
Time for sampling (singles):     24 seconds
DAG statistics
mean edges/level: 10     max edges/level: 50
mean edges/node:  1.267  mean count/edge: 17

Window=5 Iteration=4
Time for building model:         2 minutes 30 seconds
Time for sampling (singles):     13 seconds
DAG statistics
mean edges/level: 8      max edges/level: 37
mean edges/node:  1.250  mean count/edge: 21

Window=5 Iteration=5
Time for building model:         3 minutes 7 seconds
Time for sampling (singles):     19 seconds
DAG statistics
mean edges/level: 9      max edges/level: 50
mean edges/node:  1.198  mean count/edge: 19

Window=5 Iteration=6
Time for building model:         2 minutes 59 seconds
Time for sampling (singles):     11 seconds
DAG statistics
mean edges/level: 8      max edges/level: 37
mean edges/node:  1.221  mean count/edge: 21

Window=5 Iteration=7
Time for building model:         3 minutes 4 seconds
Time for sampling (singles):     20 seconds
DAG statistics
mean edges/level: 9      max edges/level: 46
mean edges/node:  1.184  mean count/edge: 19

Window=5 Iteration=8
Time for building model:         2 minutes 52 seconds
Time for sampling (singles):     41 seconds
DAG statistics
mean edges/level: 11     max edges/level: 45
mean edges/node:  1.179  mean count/edge: 15

Window=5 Iteration=9
Time for building model:         2 minutes 47 seconds
Time for sampling (singles):     29 seconds
DAG statistics
mean edges/level: 9      max edges/level: 49
mean edges/node:  1.172  mean count/edge: 19

Window=5 Iteration=10
Time for building model:         3 minutes 28 seconds
Time for sampling (singles):     16 seconds
DAG statistics
mean edges/level: 8      max edges/level: 33
mean edges/node:  1.199  mean count/edge: 21

Starting phasing iterations

Window=5 Iteration=11
Time for building model:         53 seconds
Time for sampling (singles):     4 minutes 56 seconds
DAG statistics
mean edges/level: 10     max edges/level: 50
mean edges/node:  1.155  mean count/edge: 17

Window=5 Iteration=12
Time for building model:         53 seconds
Time for sampling (singles):     2 minutes 14 seconds
DAG statistics
mean edges/level: 9      max edges/level: 42
mean edges/node:  1.177  mean count/edge: 19

Window=5 Iteration=13
Time for building model:         1 minute 3 seconds
Time for sampling (singles):     1 minute 32 seconds
DAG statistics
mean edges/level: 23     max edges/level: 50
mean edges/node:  1.084  mean count/edge: 7

Window=5 Iteration=14
Time for building model:         16 seconds
Time for sampling (singles):     19 seconds
DAG statistics
mean edges/level: 29     max edges/level: 51
mean edges/node:  1.057  mean count/edge: 6

Window=5 Iteration=15
Time for building model:         5 seconds
Time for sampling (singles):     54 seconds
DAG statistics
mean edges/level: 33     max edges/level: 54
mean edges/node:  1.046  mean count/edge: 5

Window 6 [ NC_037348.1:38580623-48127775 ]
target markers:      50000

Starting burn-in iterations

Window=6 Iteration=1
Time for building model:         4 seconds
Time for sampling (singles):     9 seconds
DAG statistics
mean edges/level: 10     max edges/level: 51
mean edges/node:  1.597  mean count/edge: 17

Window=6 Iteration=2
Time for building model:         3 seconds
Time for sampling (singles):     10 seconds
DAG statistics
mean edges/level: 9      max edges/level: 27
mean edges/node:  1.497  mean count/edge: 19

Window=6 Iteration=3
Time for building model:         2 seconds
Time for sampling (singles):     7 seconds
DAG statistics
mean edges/level: 8      max edges/level: 52
mean edges/node:  1.267  mean count/edge: 21

Window=6 Iteration=4
Time for building model:         3 seconds
Time for sampling (singles):     10 seconds
DAG statistics
mean edges/level: 9      max edges/level: 43
mean edges/node:  1.227  mean count/edge: 19

Window=6 Iteration=5
Time for building model:         1 minute 23 seconds
Time for sampling (singles):     14 seconds
DAG statistics
mean edges/level: 10     max edges/level: 51
mean edges/node:  1.179  mean count/edge: 17

Window=6 Iteration=6
Time for building model:         2 minutes 24 seconds
Time for sampling (singles):     17 seconds
DAG statistics
mean edges/level: 8      max edges/level: 37
mean edges/node:  1.203  mean count/edge: 21

Window=6 Iteration=7
Time for building model:         1 minute 14 seconds
Time for sampling (singles):     23 seconds
DAG statistics
mean edges/level: 15     max edges/level: 51
mean edges/node:  1.148  mean count/edge: 11

Window=6 Iteration=8
Time for building model:         1 minute 24 seconds
Time for sampling (singles):     10 seconds
DAG statistics
mean edges/level: 8      max edges/level: 37
mean edges/node:  1.182  mean count/edge: 21

Window=6 Iteration=9
Time for building model:         2 minutes 40 seconds
Time for sampling (singles):     31 seconds
DAG statistics
mean edges/level: 16     max edges/level: 54
mean edges/node:  1.135  mean count/edge: 11

Window=6 Iteration=10
Time for building model:         1 minute 29 seconds
Time for sampling (singles):     11 seconds
DAG statistics
mean edges/level: 8      max edges/level: 40
mean edges/node:  1.169  mean count/edge: 21

Starting phasing iterations

Window=6 Iteration=11
Time for building model:         51 seconds
Time for sampling (singles):     2 minutes 46 seconds
DAG statistics
mean edges/level: 24     max edges/level: 54
mean edges/node:  1.070  mean count/edge: 7

Window=6 Iteration=12
Time for building model:         53 seconds
Time for sampling (singles):     1 minute 52 seconds
DAG statistics
mean edges/level: 27     max edges/level: 53
mean edges/node:  1.055  mean count/edge: 6

Window=6 Iteration=13
Time for building model:         42 seconds
Time for sampling (singles):     56 seconds
DAG statistics
mean edges/level: 33     max edges/level: 58
mean edges/node:  1.043  mean count/edge: 5

Window=6 Iteration=14
Time for building model:         12 seconds
Time for sampling (singles):     25 seconds
DAG statistics
mean edges/level: 36     max edges/level: 58
mean edges/node:  1.036  mean count/edge: 5

Window=6 Iteration=15
Time for building model:         5 seconds
Time for sampling (singles):     34 seconds
DAG statistics
mean edges/level: 38     max edges/level: 59
mean edges/node:  1.032  mean count/edge: 4

Window 7 [ NC_037348.1:47563559-55293097 ]
target markers:      50000

Starting burn-in iterations

Window=7 Iteration=1
Time for building model:         4 seconds
Time for sampling (singles):     9 seconds
DAG statistics
mean edges/level: 9      max edges/level: 49
mean edges/node:  1.624  mean count/edge: 19

Window=7 Iteration=2
Time for building model:         4 seconds
Time for sampling (singles):     11 seconds
DAG statistics
mean edges/level: 9      max edges/level: 29
mean edges/node:  1.466  mean count/edge: 19

Window=7 Iteration=3
Time for building model:         4 seconds
Time for sampling (singles):     14 seconds
DAG statistics
mean edges/level: 11     max edges/level: 47
mean edges/node:  1.221  mean count/edge: 15

Window=7 Iteration=4
Time for building model:         7 seconds
Time for sampling (singles):     10 seconds
DAG statistics
mean edges/level: 8      max edges/level: 34
mean edges/node:  1.200  mean count/edge: 21

Window=7 Iteration=5
Time for building model:         7 seconds
Time for sampling (singles):     10 seconds
DAG statistics
mean edges/level: 9      max edges/level: 46
mean edges/node:  1.165  mean count/edge: 19

Window=7 Iteration=6
Time for building model:         3 seconds
Time for sampling (singles):     12 seconds
DAG statistics
mean edges/level: 9      max edges/level: 38
mean edges/node:  1.170  mean count/edge: 19

Window=7 Iteration=7
Time for building model:         15 seconds
Time for sampling (singles):     15 seconds
DAG statistics
mean edges/level: 12     max edges/level: 48
mean edges/node:  1.142  mean count/edge: 14

Window=7 Iteration=8
Time for building model:         52 seconds
Time for sampling (singles):     13 seconds
DAG statistics
mean edges/level: 8      max edges/level: 41
mean edges/node:  1.162  mean count/edge: 21

Window=7 Iteration=9
Time for building model:         1 minute 0 seconds
Time for sampling (singles):     11 seconds
DAG statistics
mean edges/level: 9      max edges/level: 50
mean edges/node:  1.152  mean count/edge: 19

Window=7 Iteration=10
Time for building model:         53 seconds
Time for sampling (singles):     13 seconds
DAG statistics
mean edges/level: 8      max edges/level: 41
mean edges/node:  1.163  mean count/edge: 21

Starting phasing iterations

Window=7 Iteration=11
Time for building model:         38 seconds
Time for sampling (singles):     3 minutes 46 seconds
DAG statistics
mean edges/level: 16     max edges/level: 49
mean edges/node:  1.082  mean count/edge: 11

Window=7 Iteration=12
Time for building model:         1 minute 50 seconds
Time for sampling (singles):     4 minutes 31 seconds
DAG statistics
mean edges/level: 25     max edges/level: 54
mean edges/node:  1.057  mean count/edge: 7

Window=7 Iteration=13
Time for building model:         1 minute 50 seconds
Time for sampling (singles):     4 minutes 22 seconds
DAG statistics
mean edges/level: 30     max edges/level: 54
mean edges/node:  1.041  mean count/edge: 6

Window=7 Iteration=14
Time for building model:         2 minutes 9 seconds
Time for sampling (singles):     4 minutes 22 seconds
DAG statistics
mean edges/level: 34     max edges/level: 57
mean edges/node:  1.034  mean count/edge: 5

Window=7 Iteration=15
Time for building model:         2 minutes 2 seconds
Time for sampling (singles):     4 minutes 52 seconds
DAG statistics
mean edges/level: 36     max edges/level: 60
mean edges/node:  1.029  mean count/edge: 5

Window 8 [ NC_037348.1:54844931-61179234 ]
target markers:      50000

Starting burn-in iterations

Window=8 Iteration=1
Time for building model:         2 minutes 40 seconds
Time for sampling (singles):     19 seconds
DAG statistics
mean edges/level: 9      max edges/level: 54
mean edges/node:  1.604  mean count/edge: 19

Window=8 Iteration=2
Time for building model:         2 minutes 38 seconds
Time for sampling (singles):     25 seconds
DAG statistics
mean edges/level: 9      max edges/level: 29
mean edges/node:  1.552  mean count/edge: 19

Window=8 Iteration=3
Time for building model:         2 minutes 38 seconds
Time for sampling (singles):     15 seconds
DAG statistics
mean edges/level: 11     max edges/level: 55
mean edges/node:  1.271  mean count/edge: 15

Window=8 Iteration=4
Time for building model:         1 minute 39 seconds
Time for sampling (singles):     14 seconds
DAG statistics
mean edges/level: 9      max edges/level: 36
mean edges/node:  1.246  mean count/edge: 19

Window=8 Iteration=5
Time for building model:         2 minutes 14 seconds
Time for sampling (singles):     19 seconds
DAG statistics
mean edges/level: 10     max edges/level: 59
mean edges/node:  1.197  mean count/edge: 17

Window=8 Iteration=6
Time for building model:         1 minute 34 seconds
Time for sampling (singles):     17 seconds
DAG statistics
mean edges/level: 10     max edges/level: 37
mean edges/node:  1.205  mean count/edge: 17

Window=8 Iteration=7
Time for building model:         2 minutes 35 seconds
Time for sampling (singles):     19 seconds
DAG statistics
mean edges/level: 10     max edges/level: 58
mean edges/node:  1.179  mean count/edge: 17

Window=8 Iteration=8
Time for building model:         1 minute 34 seconds
Time for sampling (singles):     11 seconds
DAG statistics
mean edges/level: 8      max edges/level: 32
mean edges/node:  1.213  mean count/edge: 21

Window=8 Iteration=9
Time for building model:         2 minutes 21 seconds
Time for sampling (singles):     18 seconds
DAG statistics
mean edges/level: 10     max edges/level: 57
mean edges/node:  1.174  mean count/edge: 17

Window=8 Iteration=10
Time for building model:         1 minute 57 seconds
Time for sampling (singles):     11 seconds
DAG statistics
mean edges/level: 8      max edges/level: 33
mean edges/node:  1.206  mean count/edge: 21

Starting phasing iterations

Window=8 Iteration=11
Time for building model:         58 seconds
Time for sampling (singles):     3 minutes 30 seconds
DAG statistics
mean edges/level: 23     max edges/level: 57
mean edges/node:  1.082  mean count/edge: 7

Window=8 Iteration=12
Time for building model:         1 minute 15 seconds
Time for sampling (singles):     3 minutes 32 seconds
DAG statistics
mean edges/level: 28     max edges/level: 52
mean edges/node:  1.061  mean count/edge: 6

Window=8 Iteration=13
Time for building model:         1 minute 17 seconds
Time for sampling (singles):     3 minutes 20 seconds
DAG statistics
mean edges/level: 32     max edges/level: 59
mean edges/node:  1.050  mean count/edge: 5

Window=8 Iteration=14
Time for building model:         1 minute 6 seconds
Time for sampling (singles):     2 minutes 53 seconds
DAG statistics
mean edges/level: 35     max edges/level: 58
mean edges/node:  1.044  mean count/edge: 5

Window=8 Iteration=15
Time for building model:         1 minute 8 seconds
Time for sampling (singles):     2 minutes 11 seconds
DAG statistics
mean edges/level: 37     max edges/level: 57
mean edges/node:  1.039  mean count/edge: 5

Window 9 [ NC_037348.1:60887659-67772474 ]
target markers:      50000

Starting burn-in iterations

Window=9 Iteration=1
Time for building model:         1 minute 23 seconds
Time for sampling (singles):     9 seconds
DAG statistics
mean edges/level: 9      max edges/level: 46
mean edges/node:  1.646  mean count/edge: 19

Window=9 Iteration=2
Time for building model:         1 minute 56 seconds
Time for sampling (singles):     11 seconds
DAG statistics
mean edges/level: 9      max edges/level: 29
mean edges/node:  1.553  mean count/edge: 19

Window=9 Iteration=3
Time for building model:         1 minute 46 seconds
Time for sampling (singles):     15 seconds
DAG statistics
mean edges/level: 9      max edges/level: 51
mean edges/node:  1.304  mean count/edge: 19

Window=9 Iteration=4
Time for building model:         1 minute 34 seconds
Time for sampling (singles):     14 seconds
DAG statistics
mean edges/level: 8      max edges/level: 32
mean edges/node:  1.273  mean count/edge: 21

Window=9 Iteration=5
Time for building model:         1 minute 6 seconds
Time for sampling (singles):     13 seconds
DAG statistics
mean edges/level: 9      max edges/level: 47
mean edges/node:  1.216  mean count/edge: 19

Window=9 Iteration=6
Time for building model:         59 seconds
Time for sampling (singles):     11 seconds
DAG statistics
mean edges/level: 8      max edges/level: 34
mean edges/node:  1.232  mean count/edge: 21

Window=9 Iteration=7
Time for building model:         1 minute 9 seconds
Time for sampling (singles):     12 seconds
DAG statistics
mean edges/level: 9      max edges/level: 46
mean edges/node:  1.197  mean count/edge: 19

Window=9 Iteration=8
Time for building model:         49 seconds
Time for sampling (singles):     14 seconds
DAG statistics
mean edges/level: 9      max edges/level: 34
mean edges/node:  1.212  mean count/edge: 19

Window=9 Iteration=9
Time for building model:         55 seconds
Time for sampling (singles):     23 seconds
DAG statistics
mean edges/level: 12     max edges/level: 47
mean edges/node:  1.167  mean count/edge: 14

Window=9 Iteration=10
Time for building model:         1 minute 28 seconds
Time for sampling (singles):     13 seconds
DAG statistics
mean edges/level: 9      max edges/level: 34
mean edges/node:  1.198  mean count/edge: 19

Starting phasing iterations

Window=9 Iteration=11
Time for building model:         35 seconds
Time for sampling (singles):     2 minutes 56 seconds
DAG statistics
mean edges/level: 11     max edges/level: 50
mean edges/node:  1.150  mean count/edge: 15

Window=9 Iteration=12
Time for building model:         1 minute 16 seconds
Time for sampling (singles):     51 seconds
DAG statistics
mean edges/level: 24     max edges/level: 49
mean edges/node:  1.086  mean count/edge: 7

Window=9 Iteration=13
Time for building model:         10 seconds
Time for sampling (singles):     18 seconds
DAG statistics
mean edges/level: 29     max edges/level: 52
mean edges/node:  1.061  mean count/edge: 6

Window=9 Iteration=14
Time for building model:         6 seconds
Time for sampling (singles):     14 seconds
DAG statistics
mean edges/level: 32     max edges/level: 52
mean edges/node:  1.049  mean count/edge: 5

Window=9 Iteration=15
Time for building model:         5 seconds
Time for sampling (singles):     11 seconds
DAG statistics
mean edges/level: 35     max edges/level: 57
mean edges/node:  1.041  mean count/edge: 5

Window 10 [ NC_037348.1:67403546-69855578 ]
target markers:      18482

Starting burn-in iterations

Window=10 Iteration=1
Time for building model:         1 second
Time for sampling (singles):     2 seconds
DAG statistics
mean edges/level: 10     max edges/level: 47
mean edges/node:  1.535  mean count/edge: 17

Window=10 Iteration=2
Time for building model:         1 second
Time for sampling (singles):     4 seconds
DAG statistics
mean edges/level: 9      max edges/level: 26
mean edges/node:  1.531  mean count/edge: 19

Window=10 Iteration=3
Time for building model:         1 second
Time for sampling (singles):     3 seconds
DAG statistics
mean edges/level: 10     max edges/level: 47
mean edges/node:  1.301  mean count/edge: 17

Window=10 Iteration=4
Time for building model:         1 second
Time for sampling (singles):     4 seconds
DAG statistics
mean edges/level: 9      max edges/level: 34
mean edges/node:  1.297  mean count/edge: 19

Window=10 Iteration=5
Time for building model:         1 second
Time for sampling (singles):     3 seconds
DAG statistics
mean edges/level: 10     max edges/level: 49
mean edges/node:  1.221  mean count/edge: 17

Window=10 Iteration=6
Time for building model:         1 second
Time for sampling (singles):     6 seconds
DAG statistics
mean edges/level: 11     max edges/level: 34
mean edges/node:  1.228  mean count/edge: 15

Window=10 Iteration=7
Time for building model:         2 seconds
Time for sampling (singles):     4 seconds
DAG statistics
mean edges/level: 11     max edges/level: 51
mean edges/node:  1.187  mean count/edge: 15

Window=10 Iteration=8
Time for building model:         2 seconds
Time for sampling (singles):     7 seconds
DAG statistics
mean edges/level: 12     max edges/level: 38
mean edges/node:  1.196  mean count/edge: 14

Window=10 Iteration=9
Time for building model:         2 seconds
Time for sampling (singles):     8 seconds
DAG statistics
mean edges/level: 15     max edges/level: 47
mean edges/node:  1.145  mean count/edge: 11

Window=10 Iteration=10
Time for building model:         2 seconds
Time for sampling (singles):     9 seconds
DAG statistics
mean edges/level: 16     max edges/level: 46
mean edges/node:  1.130  mean count/edge: 11

Starting phasing iterations

Window=10 Iteration=11
Time for building model:         1 second
Time for sampling (singles):     4 seconds
DAG statistics
mean edges/level: 22     max edges/level: 51
mean edges/node:  1.094  mean count/edge: 8

Window=10 Iteration=12
Time for building model:         1 second
Time for sampling (singles):     5 seconds
DAG statistics
mean edges/level: 25     max edges/level: 54
mean edges/node:  1.077  mean count/edge: 7

Window=10 Iteration=13
Time for building model:         2 seconds
Time for sampling (singles):     4 seconds
DAG statistics
mean edges/level: 28     max edges/level: 51
mean edges/node:  1.065  mean count/edge: 6

Window=10 Iteration=14
Time for building model:         2 seconds
Time for sampling (singles):     4 seconds
DAG statistics
mean edges/level: 30     max edges/level: 56
mean edges/node:  1.057  mean count/edge: 6

Window=10 Iteration=15
Time for building model:         2 seconds
Time for sampling (singles):     4 seconds
DAG statistics
mean edges/level: 32     max edges/level: 52
mean edges/node:  1.051  mean count/edge: 5

Number of markers:              441482
Total time for building model: 4 hours 53 minutes 5 seconds
Total time for sampling:       3 hours 22 minutes 57 seconds
Total run time:                8 hours 36 minutes 45 seconds

End time: 03:52 AM CEST on 05 Apr 2024
beagle.27Jan18.7e1.jar (version 4.1) finished
