beagle.27Jan18.7e1.jar (version 4.1)
Copyright (C) 2014-2015 Brian L. Browning
Enter "java -jar beagle.27Jan18.7e1.jar" for a summary of command line arguments.
Start time: 07:15 PM CEST on 04 Apr 2024

Command line: java -Xmx54613m -jar beagle.jar
  gl=results/gl/Bostau9_tragmain2_sites_variable_noindels_renamed_Tory.bcf.gz.NC_037346.1.vcf.gz
  chrom=NC_037346.1
  out=results/imputed/Bostau9_tragmain2_sites_variable_noindels_renamed_Tory.bcf.gz.NC_037346.1
  nthreads=6

No genetic map is specified: using 1 cM = 1 Mb

reference samples:       0
target samples:         85

Window 1 [ NC_037346.1:30065-11011185 ]
target markers:      50000

Starting burn-in iterations

Window=1 Iteration=1
Time for building model:         8 seconds
Time for sampling (singles):     11 seconds
DAG statistics
mean edges/level: 8      max edges/level: 26
mean edges/node:  1.740  mean count/edge: 21

Window=1 Iteration=2
Time for building model:         7 seconds
Time for sampling (singles):     8 seconds
DAG statistics
mean edges/level: 7      max edges/level: 25
mean edges/node:  1.511  mean count/edge: 24

Window=1 Iteration=3
Time for building model:         3 seconds
Time for sampling (singles):     8 seconds
DAG statistics
mean edges/level: 6      max edges/level: 39
mean edges/node:  1.318  mean count/edge: 28

Window=1 Iteration=4
Time for building model:         3 seconds
Time for sampling (singles):     8 seconds
DAG statistics
mean edges/level: 6      max edges/level: 30
mean edges/node:  1.257  mean count/edge: 28

Window=1 Iteration=5
Time for building model:         12 seconds
Time for sampling (singles):     8 seconds
DAG statistics
mean edges/level: 6      max edges/level: 35
mean edges/node:  1.233  mean count/edge: 28

Window=1 Iteration=6
Time for building model:         5 seconds
Time for sampling (singles):     9 seconds
DAG statistics
mean edges/level: 6      max edges/level: 30
mean edges/node:  1.220  mean count/edge: 28

Window=1 Iteration=7
Time for building model:         3 seconds
Time for sampling (singles):     9 seconds
DAG statistics
mean edges/level: 6      max edges/level: 27
mean edges/node:  1.212  mean count/edge: 28

Window=1 Iteration=8
Time for building model:         4 seconds
Time for sampling (singles):     9 seconds
DAG statistics
mean edges/level: 7      max edges/level: 33
mean edges/node:  1.207  mean count/edge: 24

Window=1 Iteration=9
Time for building model:         3 seconds
Time for sampling (singles):     7 seconds
DAG statistics
mean edges/level: 6      max edges/level: 30
mean edges/node:  1.205  mean count/edge: 28

Window=1 Iteration=10
Time for building model:         11 seconds
Time for sampling (singles):     20 seconds
DAG statistics
mean edges/level: 7      max edges/level: 34
mean edges/node:  1.202  mean count/edge: 24

Starting phasing iterations

Window=1 Iteration=11
Time for building model:         18 seconds
Time for sampling (singles):     48 seconds
DAG statistics
mean edges/level: 8      max edges/level: 38
mean edges/node:  1.175  mean count/edge: 21

Window=1 Iteration=12
Time for building model:         10 seconds
Time for sampling (singles):     1 minute 13 seconds
DAG statistics
mean edges/level: 17     max edges/level: 42
mean edges/node:  1.102  mean count/edge: 10

Window=1 Iteration=13
Time for building model:         6 seconds
Time for sampling (singles):     1 minute 44 seconds
DAG statistics
mean edges/level: 23     max edges/level: 47
mean edges/node:  1.071  mean count/edge: 7

Window=1 Iteration=14
Time for building model:         1 minute 45 seconds
Time for sampling (singles):     4 minutes 23 seconds
DAG statistics
mean edges/level: 27     max edges/level: 51
mean edges/node:  1.053  mean count/edge: 6

Window=1 Iteration=15
Time for building model:         3 minutes 0 seconds
Time for sampling (singles):     3 minutes 24 seconds
DAG statistics
mean edges/level: 30     max edges/level: 56
mean edges/node:  1.044  mean count/edge: 6

Window 2 [ NC_037346.1:10239426-19124342 ]
target markers:      50000

Starting burn-in iterations

Window=2 Iteration=1
Time for building model:         7 minutes 15 seconds
Time for sampling (singles):     32 seconds
DAG statistics
mean edges/level: 9      max edges/level: 45
mean edges/node:  1.645  mean count/edge: 19

Window=2 Iteration=2
Time for building model:         6 minutes 6 seconds
Time for sampling (singles):     39 seconds
DAG statistics
mean edges/level: 8      max edges/level: 31
mean edges/node:  1.519  mean count/edge: 21

Window=2 Iteration=3
Time for building model:         5 minutes 11 seconds
Time for sampling (singles):     47 seconds
DAG statistics
mean edges/level: 8      max edges/level: 51
mean edges/node:  1.284  mean count/edge: 21

Window=2 Iteration=4
Time for building model:         5 minutes 56 seconds
Time for sampling (singles):     52 seconds
DAG statistics
mean edges/level: 8      max edges/level: 33
mean edges/node:  1.246  mean count/edge: 21

Window=2 Iteration=5
Time for building model:         5 minutes 13 seconds
Time for sampling (singles):     30 seconds
DAG statistics
mean edges/level: 9      max edges/level: 49
mean edges/node:  1.199  mean count/edge: 19

Window=2 Iteration=6
Time for building model:         4 minutes 28 seconds
Time for sampling (singles):     43 seconds
DAG statistics
mean edges/level: 8      max edges/level: 39
mean edges/node:  1.209  mean count/edge: 21

Window=2 Iteration=7
Time for building model:         3 minutes 31 seconds
Time for sampling (singles):     24 seconds
DAG statistics
mean edges/level: 8      max edges/level: 47
mean edges/node:  1.196  mean count/edge: 21

Window=2 Iteration=8
Time for building model:         4 minutes 52 seconds
Time for sampling (singles):     40 seconds
DAG statistics
mean edges/level: 8      max edges/level: 40
mean edges/node:  1.203  mean count/edge: 21

Window=2 Iteration=9
Time for building model:         4 minutes 46 seconds
Time for sampling (singles):     46 seconds
DAG statistics
mean edges/level: 9      max edges/level: 51
mean edges/node:  1.184  mean count/edge: 19

Window=2 Iteration=10
Time for building model:         5 minutes 7 seconds
Time for sampling (singles):     41 seconds
DAG statistics
mean edges/level: 8      max edges/level: 37
mean edges/node:  1.196  mean count/edge: 21

Starting phasing iterations

Window=2 Iteration=11
Time for building model:         2 minutes 2 seconds
Time for sampling (singles):     6 minutes 19 seconds
DAG statistics
mean edges/level: 22     max edges/level: 47
mean edges/node:  1.087  mean count/edge: 8

Window=2 Iteration=12
Time for building model:         2 minutes 38 seconds
Time for sampling (singles):     6 minutes 50 seconds
DAG statistics
mean edges/level: 26     max edges/level: 58
mean edges/node:  1.065  mean count/edge: 7

Window=2 Iteration=13
Time for building model:         2 minutes 4 seconds
Time for sampling (singles):     6 minutes 45 seconds
DAG statistics
mean edges/level: 17     max edges/level: 59
mean edges/node:  1.087  mean count/edge: 10

Window=2 Iteration=14
Time for building model:         2 minutes 51 seconds
Time for sampling (singles):     5 minutes 52 seconds
DAG statistics
mean edges/level: 29     max edges/level: 57
mean edges/node:  1.058  mean count/edge: 6

Window=2 Iteration=15
Time for building model:         2 minutes 9 seconds
Time for sampling (singles):     6 minutes 1 second
DAG statistics
mean edges/level: 33     max edges/level: 59
mean edges/node:  1.043  mean count/edge: 5

Window 3 [ NC_037346.1:18517733-27197229 ]
target markers:      50000

Starting burn-in iterations

Window=3 Iteration=1
Time for building model:         7 minutes 3 seconds
Time for sampling (singles):     51 seconds
DAG statistics
mean edges/level: 9      max edges/level: 55
mean edges/node:  1.640  mean count/edge: 19

Window=3 Iteration=2
Time for building model:         5 minutes 55 seconds
Time for sampling (singles):     49 seconds
DAG statistics
mean edges/level: 9      max edges/level: 32
mean edges/node:  1.495  mean count/edge: 19

Window=3 Iteration=3
Time for building model:         6 minutes 39 seconds
Time for sampling (singles):     50 seconds
DAG statistics
mean edges/level: 8      max edges/level: 52
mean edges/node:  1.291  mean count/edge: 21

Window=3 Iteration=4
Time for building model:         6 minutes 22 seconds
Time for sampling (singles):     49 seconds
DAG statistics
mean edges/level: 9      max edges/level: 36
mean edges/node:  1.243  mean count/edge: 19

Window=3 Iteration=5
Time for building model:         5 minutes 41 seconds
Time for sampling (singles):     1 minute 7 seconds
DAG statistics
mean edges/level: 8      max edges/level: 49
mean edges/node:  1.220  mean count/edge: 21

Window=3 Iteration=6
Time for building model:         5 minutes 3 seconds
Time for sampling (singles):     41 seconds
DAG statistics
mean edges/level: 9      max edges/level: 37
mean edges/node:  1.208  mean count/edge: 19

Window=3 Iteration=7
Time for building model:         4 minutes 18 seconds
Time for sampling (singles):     29 seconds
DAG statistics
mean edges/level: 8      max edges/level: 51
mean edges/node:  1.203  mean count/edge: 21

Window=3 Iteration=8
Time for building model:         5 minutes 1 second
Time for sampling (singles):     30 seconds
DAG statistics
mean edges/level: 12     max edges/level: 41
mean edges/node:  1.178  mean count/edge: 14

Window=3 Iteration=9
Time for building model:         5 minutes 17 seconds
Time for sampling (singles):     51 seconds
DAG statistics
mean edges/level: 12     max edges/level: 52
mean edges/node:  1.153  mean count/edge: 14

Window=3 Iteration=10
Time for building model:         5 minutes 31 seconds
Time for sampling (singles):     1 minute 9 seconds
DAG statistics
mean edges/level: 10     max edges/level: 39
mean edges/node:  1.183  mean count/edge: 17

Starting phasing iterations

Window=3 Iteration=11
Time for building model:         1 minute 45 seconds
Time for sampling (singles):     7 minutes 18 seconds
DAG statistics
mean edges/level: 12     max edges/level: 51
mean edges/node:  1.142  mean count/edge: 14

Window=3 Iteration=12
Time for building model:         3 minutes 4 seconds
Time for sampling (singles):     9 minutes 2 seconds
DAG statistics
mean edges/level: 22     max edges/level: 52
mean edges/node:  1.089  mean count/edge: 8

Window=3 Iteration=13
Time for building model:         4 minutes 3 seconds
Time for sampling (singles):     7 minutes 2 seconds
DAG statistics
mean edges/level: 27     max edges/level: 53
mean edges/node:  1.065  mean count/edge: 6

Window=3 Iteration=14
Time for building model:         2 minutes 59 seconds
Time for sampling (singles):     6 minutes 35 seconds
DAG statistics
mean edges/level: 31     max edges/level: 55
mean edges/node:  1.053  mean count/edge: 5

Window=3 Iteration=15
Time for building model:         3 minutes 15 seconds
Time for sampling (singles):     5 minutes 32 seconds
DAG statistics
mean edges/level: 33     max edges/level: 56
mean edges/node:  1.046  mean count/edge: 5

Window 4 [ NC_037346.1:26389998-34877300 ]
target markers:      50000

Starting burn-in iterations

Window=4 Iteration=1
Time for building model:         4 minutes 17 seconds
Time for sampling (singles):     35 seconds
DAG statistics
mean edges/level: 9      max edges/level: 48
mean edges/node:  1.641  mean count/edge: 19

Window=4 Iteration=2
Time for building model:         3 minutes 43 seconds
Time for sampling (singles):     30 seconds
DAG statistics
mean edges/level: 9      max edges/level: 26
mean edges/node:  1.515  mean count/edge: 19

Window=4 Iteration=3
Time for building model:         3 minutes 9 seconds
Time for sampling (singles):     14 seconds
DAG statistics
mean edges/level: 8      max edges/level: 47
mean edges/node:  1.284  mean count/edge: 21

Window=4 Iteration=4
Time for building model:         3 minutes 35 seconds
Time for sampling (singles):     26 seconds
DAG statistics
mean edges/level: 8      max edges/level: 31
mean edges/node:  1.253  mean count/edge: 21

Window=4 Iteration=5
Time for building model:         2 minutes 49 seconds
Time for sampling (singles):     11 seconds
DAG statistics
mean edges/level: 8      max edges/level: 45
mean edges/node:  1.209  mean count/edge: 21

Window=4 Iteration=6
Time for building model:         2 minutes 59 seconds
Time for sampling (singles):     19 seconds
DAG statistics
mean edges/level: 8      max edges/level: 35
mean edges/node:  1.218  mean count/edge: 21

Window=4 Iteration=7
Time for building model:         3 minutes 12 seconds
Time for sampling (singles):     50 seconds
DAG statistics
mean edges/level: 10     max edges/level: 47
mean edges/node:  1.178  mean count/edge: 17

Window=4 Iteration=8
Time for building model:         2 minutes 44 seconds
Time for sampling (singles):     24 seconds
DAG statistics
mean edges/level: 9      max edges/level: 36
mean edges/node:  1.197  mean count/edge: 19

Window=4 Iteration=9
Time for building model:         2 minutes 24 seconds
Time for sampling (singles):     14 seconds
DAG statistics
mean edges/level: 8      max edges/level: 48
mean edges/node:  1.185  mean count/edge: 21

Window=4 Iteration=10
Time for building model:         2 minutes 12 seconds
Time for sampling (singles):     16 seconds
DAG statistics
mean edges/level: 9      max edges/level: 36
mean edges/node:  1.194  mean count/edge: 19

Starting phasing iterations

Window=4 Iteration=11
Time for building model:         1 minute 8 seconds
Time for sampling (singles):     5 minutes 6 seconds
DAG statistics
mean edges/level: 20     max edges/level: 48
mean edges/node:  1.090  mean count/edge: 9

Window=4 Iteration=12
Time for building model:         2 minutes 8 seconds
Time for sampling (singles):     6 minutes 24 seconds
DAG statistics
mean edges/level: 26     max edges/level: 50
mean edges/node:  1.065  mean count/edge: 7

Window=4 Iteration=13
Time for building model:         2 minutes 14 seconds
Time for sampling (singles):     5 minutes 52 seconds
DAG statistics
mean edges/level: 31     max edges/level: 53
mean edges/node:  1.051  mean count/edge: 5

Window=4 Iteration=14
Time for building model:         2 minutes 28 seconds
Time for sampling (singles):     4 minutes 44 seconds
DAG statistics
mean edges/level: 34     max edges/level: 59
mean edges/node:  1.042  mean count/edge: 5

Window=4 Iteration=15
Time for building model:         2 minutes 49 seconds
Time for sampling (singles):     5 minutes 20 seconds
DAG statistics
mean edges/level: 36     max edges/level: 59
mean edges/node:  1.037  mean count/edge: 5

Window 5 [ NC_037346.1:34383491-43313824 ]
target markers:      50000

Starting burn-in iterations

Window=5 Iteration=1
Time for building model:         5 minutes 41 seconds
Time for sampling (singles):     48 seconds
DAG statistics
mean edges/level: 9      max edges/level: 44
mean edges/node:  1.641  mean count/edge: 19

Window=5 Iteration=2
Time for building model:         3 minutes 49 seconds
Time for sampling (singles):     40 seconds
DAG statistics
mean edges/level: 8      max edges/level: 26
mean edges/node:  1.546  mean count/edge: 21

Window=5 Iteration=3
Time for building model:         4 minutes 28 seconds
Time for sampling (singles):     36 seconds
DAG statistics
mean edges/level: 9      max edges/level: 48
mean edges/node:  1.301  mean count/edge: 19

Window=5 Iteration=4
Time for building model:         3 minutes 45 seconds
Time for sampling (singles):     23 seconds
DAG statistics
mean edges/level: 10     max edges/level: 37
mean edges/node:  1.245  mean count/edge: 17

Window=5 Iteration=5
Time for building model:         3 minutes 22 seconds
Time for sampling (singles):     13 seconds
DAG statistics
mean edges/level: 8      max edges/level: 43
mean edges/node:  1.225  mean count/edge: 21

Window=5 Iteration=6
Time for building model:         2 minutes 48 seconds
Time for sampling (singles):     13 seconds
DAG statistics
mean edges/level: 9      max edges/level: 37
mean edges/node:  1.220  mean count/edge: 19

Window=5 Iteration=7
Time for building model:         3 minutes 11 seconds
Time for sampling (singles):     23 seconds
DAG statistics
mean edges/level: 9      max edges/level: 49
mean edges/node:  1.200  mean count/edge: 19

Window=5 Iteration=8
Time for building model:         2 minutes 40 seconds
Time for sampling (singles):     15 seconds
DAG statistics
mean edges/level: 8      max edges/level: 36
mean edges/node:  1.220  mean count/edge: 21

Window=5 Iteration=9
Time for building model:         2 minutes 35 seconds
Time for sampling (singles):     18 seconds
DAG statistics
mean edges/level: 9      max edges/level: 45
mean edges/node:  1.201  mean count/edge: 19

Window=5 Iteration=10
Time for building model:         2 minutes 53 seconds
Time for sampling (singles):     25 seconds
DAG statistics
mean edges/level: 11     max edges/level: 40
mean edges/node:  1.192  mean count/edge: 15

Starting phasing iterations

Window=5 Iteration=11
Time for building model:         1 minute 1 second
Time for sampling (singles):     5 minutes 10 seconds
DAG statistics
mean edges/level: 14     max edges/level: 49
mean edges/node:  1.130  mean count/edge: 12

Window=5 Iteration=12
Time for building model:         1 minute 47 seconds
Time for sampling (singles):     3 minutes 42 seconds
DAG statistics
mean edges/level: 15     max edges/level: 45
mean edges/node:  1.122  mean count/edge: 11

Window=5 Iteration=13
Time for building model:         1 minute 23 seconds
Time for sampling (singles):     1 minute 45 seconds
DAG statistics
mean edges/level: 25     max edges/level: 52
mean edges/node:  1.076  mean count/edge: 7

Window=5 Iteration=14
Time for building model:         35 seconds
Time for sampling (singles):     19 seconds
DAG statistics
mean edges/level: 30     max edges/level: 53
mean edges/node:  1.058  mean count/edge: 6

Window=5 Iteration=15
Time for building model:         9 seconds
Time for sampling (singles):     17 seconds
DAG statistics
mean edges/level: 32     max edges/level: 59
mean edges/node:  1.050  mean count/edge: 5

Window 6 [ NC_037346.1:42873246-50466033 ]
target markers:      50000

Starting burn-in iterations

Window=6 Iteration=1
Time for building model:         3 seconds
Time for sampling (singles):     7 seconds
DAG statistics
mean edges/level: 8      max edges/level: 52
mean edges/node:  1.709  mean count/edge: 21

Window=6 Iteration=2
Time for building model:         2 seconds
Time for sampling (singles):     9 seconds
DAG statistics
mean edges/level: 8      max edges/level: 28
mean edges/node:  1.585  mean count/edge: 21

Window=6 Iteration=3
Time for building model:         3 seconds
Time for sampling (singles):     7 seconds
DAG statistics
mean edges/level: 8      max edges/level: 42
mean edges/node:  1.337  mean count/edge: 21

Window=6 Iteration=4
Time for building model:         2 seconds
Time for sampling (singles):     7 seconds
DAG statistics
mean edges/level: 7      max edges/level: 25
mean edges/node:  1.298  mean count/edge: 24

Window=6 Iteration=5
Time for building model:         3 seconds
Time for sampling (singles):     10 seconds
DAG statistics
mean edges/level: 8      max edges/level: 47
mean edges/node:  1.245  mean count/edge: 21

Window=6 Iteration=6
Time for building model:         5 seconds
Time for sampling (singles):     7 seconds
DAG statistics
mean edges/level: 7      max edges/level: 27
mean edges/node:  1.256  mean count/edge: 24

Window=6 Iteration=7
Time for building model:         1 minute 23 seconds
Time for sampling (singles):     9 seconds
DAG statistics
mean edges/level: 8      max edges/level: 49
mean edges/node:  1.224  mean count/edge: 21

Window=6 Iteration=8
Time for building model:         5 seconds
Time for sampling (singles):     10 seconds
DAG statistics
mean edges/level: 8      max edges/level: 41
mean edges/node:  1.226  mean count/edge: 21

Window=6 Iteration=9
Time for building model:         5 seconds
Time for sampling (singles):     10 seconds
DAG statistics
mean edges/level: 9      max edges/level: 47
mean edges/node:  1.211  mean count/edge: 19

Window=6 Iteration=10
Time for building model:         3 seconds
Time for sampling (singles):     12 seconds
DAG statistics
mean edges/level: 9      max edges/level: 41
mean edges/node:  1.208  mean count/edge: 19

Starting phasing iterations

Window=6 Iteration=11
Time for building model:         3 seconds
Time for sampling (singles):     1 minute 33 seconds
DAG statistics
mean edges/level: 14     max edges/level: 51
mean edges/node:  1.134  mean count/edge: 12

Window=6 Iteration=12
Time for building model:         6 seconds
Time for sampling (singles):     29 seconds
DAG statistics
mean edges/level: 12     max edges/level: 49
mean edges/node:  1.155  mean count/edge: 14

Window=6 Iteration=13
Time for building model:         1 minute 34 seconds
Time for sampling (singles):     20 seconds
DAG statistics
mean edges/level: 17     max edges/level: 50
mean edges/node:  1.119  mean count/edge: 10

Window=6 Iteration=14
Time for building model:         6 seconds
Time for sampling (singles):     41 seconds
DAG statistics
mean edges/level: 26     max edges/level: 54
mean edges/node:  1.077  mean count/edge: 7

Window=6 Iteration=15
Time for building model:         5 seconds
Time for sampling (singles):     11 seconds
DAG statistics
mean edges/level: 30     max edges/level: 57
mean edges/node:  1.060  mean count/edge: 6

Window 7 [ NC_037346.1:50154310-56530544 ]
target markers:      50000

Starting burn-in iterations

Window=7 Iteration=1
Time for building model:         3 seconds
Time for sampling (singles):     7 seconds
DAG statistics
mean edges/level: 8      max edges/level: 43
mean edges/node:  1.752  mean count/edge: 21

Window=7 Iteration=2
Time for building model:         4 seconds
Time for sampling (singles):     10 seconds
DAG statistics
mean edges/level: 9      max edges/level: 32
mean edges/node:  1.532  mean count/edge: 19

Window=7 Iteration=3
Time for building model:         2 seconds
Time for sampling (singles):     7 seconds
DAG statistics
mean edges/level: 7      max edges/level: 41
mean edges/node:  1.377  mean count/edge: 24

Window=7 Iteration=4
Time for building model:         4 seconds
Time for sampling (singles):     16 seconds
DAG statistics
mean edges/level: 11     max edges/level: 40
mean edges/node:  1.248  mean count/edge: 15

Window=7 Iteration=5
Time for building model:         3 seconds
Time for sampling (singles):     10 seconds
DAG statistics
mean edges/level: 9      max edges/level: 42
mean edges/node:  1.247  mean count/edge: 19

Window=7 Iteration=6
Time for building model:         4 seconds
Time for sampling (singles):     17 seconds
DAG statistics
mean edges/level: 11     max edges/level: 39
mean edges/node:  1.206  mean count/edge: 15

Window=7 Iteration=7
Time for building model:         3 seconds
Time for sampling (singles):     8 seconds
DAG statistics
mean edges/level: 8      max edges/level: 42
mean edges/node:  1.245  mean count/edge: 21

Window=7 Iteration=8
Time for building model:         6 seconds
Time for sampling (singles):     10 seconds
DAG statistics
mean edges/level: 8      max edges/level: 38
mean edges/node:  1.242  mean count/edge: 21

Window=7 Iteration=9
Time for building model:         57 seconds
Time for sampling (singles):     12 seconds
DAG statistics
mean edges/level: 9      max edges/level: 44
mean edges/node:  1.222  mean count/edge: 19

Window=7 Iteration=10
Time for building model:         31 seconds
Time for sampling (singles):     22 seconds
DAG statistics
mean edges/level: 12     max edges/level: 41
mean edges/node:  1.187  mean count/edge: 14

Starting phasing iterations

Window=7 Iteration=11
Time for building model:         14 seconds
Time for sampling (singles):     1 minute 2 seconds
DAG statistics
mean edges/level: 11     max edges/level: 47
mean edges/node:  1.165  mean count/edge: 15

Window=7 Iteration=12
Time for building model:         22 seconds
Time for sampling (singles):     58 seconds
DAG statistics
mean edges/level: 11     max edges/level: 42
mean edges/node:  1.180  mean count/edge: 15

Window=7 Iteration=13
Time for building model:         5 seconds
Time for sampling (singles):     17 seconds
DAG statistics
mean edges/level: 23     max edges/level: 54
mean edges/node:  1.095  mean count/edge: 7

Window=7 Iteration=14
Time for building model:         6 seconds
Time for sampling (singles):     14 seconds
DAG statistics
mean edges/level: 28     max edges/level: 53
mean edges/node:  1.071  mean count/edge: 6

Window=7 Iteration=15
Time for building model:         6 seconds
Time for sampling (singles):     14 seconds
DAG statistics
mean edges/level: 31     max edges/level: 57
mean edges/node:  1.057  mean count/edge: 5

Window 8 [ NC_037346.1:56086928-61987826 ]
target markers:      50000

Starting burn-in iterations

Window=8 Iteration=1
Time for building model:         4 seconds
Time for sampling (singles):     13 seconds
DAG statistics
mean edges/level: 9      max edges/level: 45
mean edges/node:  1.670  mean count/edge: 19

Window=8 Iteration=2
Time for building model:         5 seconds
Time for sampling (singles):     13 seconds
DAG statistics
mean edges/level: 10     max edges/level: 32
mean edges/node:  1.532  mean count/edge: 17

Window=8 Iteration=3
Time for building model:         3 seconds
Time for sampling (singles):     9 seconds
DAG statistics
mean edges/level: 9      max edges/level: 45
mean edges/node:  1.335  mean count/edge: 19

Window=8 Iteration=4
Time for building model:         3 seconds
Time for sampling (singles):     9 seconds
DAG statistics
mean edges/level: 8      max edges/level: 30
mean edges/node:  1.302  mean count/edge: 21

Window=8 Iteration=5
Time for building model:         3 seconds
Time for sampling (singles):     11 seconds
DAG statistics
mean edges/level: 9      max edges/level: 46
mean edges/node:  1.239  mean count/edge: 19

Window=8 Iteration=6
Time for building model:         4 seconds
Time for sampling (singles):     11 seconds
DAG statistics
mean edges/level: 8      max edges/level: 33
mean edges/node:  1.253  mean count/edge: 21

Window=8 Iteration=7
Time for building model:         13 seconds
Time for sampling (singles):     13 seconds
DAG statistics
mean edges/level: 10     max edges/level: 46
mean edges/node:  1.217  mean count/edge: 17

Window=8 Iteration=8
Time for building model:         15 seconds
Time for sampling (singles):     12 seconds
DAG statistics
mean edges/level: 8      max edges/level: 28
mean edges/node:  1.237  mean count/edge: 21

Window=8 Iteration=9
Time for building model:         25 seconds
Time for sampling (singles):     14 seconds
DAG statistics
mean edges/level: 10     max edges/level: 48
mean edges/node:  1.209  mean count/edge: 17

Window=8 Iteration=10
Time for building model:         54 seconds
Time for sampling (singles):     36 seconds
DAG statistics
mean edges/level: 16     max edges/level: 48
mean edges/node:  1.164  mean count/edge: 11

Starting phasing iterations

Window=8 Iteration=11
Time for building model:         29 seconds
Time for sampling (singles):     1 minute 36 seconds
DAG statistics
mean edges/level: 11     max edges/level: 46
mean edges/node:  1.156  mean count/edge: 15

Window=8 Iteration=12
Time for building model:         50 seconds
Time for sampling (singles):     1 minute 46 seconds
DAG statistics
mean edges/level: 11     max edges/level: 43
mean edges/node:  1.161  mean count/edge: 15

Window=8 Iteration=13
Time for building model:         27 seconds
Time for sampling (singles):     1 minute 49 seconds
DAG statistics
mean edges/level: 25     max edges/level: 51
mean edges/node:  1.084  mean count/edge: 7

Window=8 Iteration=14
Time for building model:         23 seconds
Time for sampling (singles):     56 seconds
DAG statistics
mean edges/level: 30     max edges/level: 53
mean edges/node:  1.061  mean count/edge: 6

Window=8 Iteration=15
Time for building model:         31 seconds
Time for sampling (singles):     55 seconds
DAG statistics
mean edges/level: 33     max edges/level: 60
mean edges/node:  1.049  mean count/edge: 5

Window 9 [ NC_037346.1:61556681-63448241 ]
target markers:      12819

Starting burn-in iterations

Window=9 Iteration=1
Time for building model:         21 seconds
Time for sampling (singles):     2 seconds
DAG statistics
mean edges/level: 10     max edges/level: 45
mean edges/node:  1.440  mean count/edge: 17

Window=9 Iteration=2
Time for building model:         3 seconds
Time for sampling (singles):     2 seconds
DAG statistics
mean edges/level: 8      max edges/level: 25
mean edges/node:  1.567  mean count/edge: 21

Window=9 Iteration=3
Time for building model:         10 seconds
Time for sampling (singles):     3 seconds
DAG statistics
mean edges/level: 12     max edges/level: 50
mean edges/node:  1.265  mean count/edge: 14

Window=9 Iteration=4
Time for building model:         6 seconds
Time for sampling (singles):     4 seconds
DAG statistics
mean edges/level: 7      max edges/level: 25
mean edges/node:  1.324  mean count/edge: 24

Window=9 Iteration=5
Time for building model:         16 seconds
Time for sampling (singles):     4 seconds
DAG statistics
mean edges/level: 13     max edges/level: 48
mean edges/node:  1.198  mean count/edge: 13

Window=9 Iteration=6
Time for building model:         18 seconds
Time for sampling (singles):     2 seconds
DAG statistics
mean edges/level: 8      max edges/level: 25
mean edges/node:  1.279  mean count/edge: 21

Window=9 Iteration=7
Time for building model:         15 seconds
Time for sampling (singles):     3 seconds
DAG statistics
mean edges/level: 12     max edges/level: 47
mean edges/node:  1.187  mean count/edge: 14

Window=9 Iteration=8
Time for building model:         13 seconds
Time for sampling (singles):     2 seconds
DAG statistics
mean edges/level: 8      max edges/level: 25
mean edges/node:  1.269  mean count/edge: 21

Window=9 Iteration=9
Time for building model:         14 seconds
Time for sampling (singles):     4 seconds
DAG statistics
mean edges/level: 14     max edges/level: 46
mean edges/node:  1.177  mean count/edge: 12

Window=9 Iteration=10
Time for building model:         17 seconds
Time for sampling (singles):     2 seconds
DAG statistics
mean edges/level: 8      max edges/level: 25
mean edges/node:  1.256  mean count/edge: 21

Starting phasing iterations

Window=9 Iteration=11
Time for building model:         2 seconds
Time for sampling (singles):     34 seconds
DAG statistics
mean edges/level: 20     max edges/level: 47
mean edges/node:  1.119  mean count/edge: 9

Window=9 Iteration=12
Time for building model:         8 seconds
Time for sampling (singles):     35 seconds
DAG statistics
mean edges/level: 23     max edges/level: 54
mean edges/node:  1.099  mean count/edge: 7

Window=9 Iteration=13
Time for building model:         21 seconds
Time for sampling (singles):     57 seconds
DAG statistics
mean edges/level: 26     max edges/level: 49
mean edges/node:  1.083  mean count/edge: 7

Window=9 Iteration=14
Time for building model:         23 seconds
Time for sampling (singles):     55 seconds
DAG statistics
mean edges/level: 28     max edges/level: 53
mean edges/node:  1.073  mean count/edge: 6

Window=9 Iteration=15
Time for building model:         19 seconds
Time for sampling (singles):     1 minute 10 seconds
DAG statistics
mean edges/level: 30     max edges/level: 52
mean edges/node:  1.067  mean count/edge: 6

Number of markers:              388819
Total time for building model: 3 hours 59 minutes 13 seconds
Total time for sampling:       2 hours 45 minutes 59 seconds
Total run time:                7 hours 3 minutes 52 seconds

End time: 02:19 AM CEST on 05 Apr 2024
beagle.27Jan18.7e1.jar (version 4.1) finished
