beagle.27Jan18.7e1.jar (version 4.1)
Copyright (C) 2014-2015 Brian L. Browning
Enter "java -jar beagle.27Jan18.7e1.jar" for a summary of command line arguments.
Start time: 07:14 PM CEST on 04 Apr 2024

Command line: java -Xmx54613m -jar beagle.jar
  gl=results/gl/Bostau9_tragmain2_sites_variable_noindels_renamed_Tory.bcf.gz.NC_037355.1.vcf.gz
  chrom=NC_037355.1
  out=results/imputed/Bostau9_tragmain2_sites_variable_noindels_renamed_Tory.bcf.gz.NC_037355.1
  nthreads=6

No genetic map is specified: using 1 cM = 1 Mb

reference samples:       0
target samples:         85

Window 1 [ NC_037355.1:26066-7707243 ]
target markers:      50000

Starting burn-in iterations

Window=1 Iteration=1
Time for building model:         6 seconds
Time for sampling (singles):     7 seconds
DAG statistics
mean edges/level: 6      max edges/level: 25
mean edges/node:  1.793  mean count/edge: 28

Window=1 Iteration=2
Time for building model:         7 seconds
Time for sampling (singles):     11 seconds
DAG statistics
mean edges/level: 8      max edges/level: 33
mean edges/node:  1.502  mean count/edge: 21

Window=1 Iteration=3
Time for building model:         3 seconds
Time for sampling (singles):     7 seconds
DAG statistics
mean edges/level: 6      max edges/level: 24
mean edges/node:  1.393  mean count/edge: 28

Window=1 Iteration=4
Time for building model:         4 seconds
Time for sampling (singles):     10 seconds
DAG statistics
mean edges/level: 7      max edges/level: 35
mean edges/node:  1.296  mean count/edge: 24

Window=1 Iteration=5
Time for building model:         10 seconds
Time for sampling (singles):     7 seconds
DAG statistics
mean edges/level: 6      max edges/level: 28
mean edges/node:  1.297  mean count/edge: 28

Window=1 Iteration=6
Time for building model:         3 seconds
Time for sampling (singles):     10 seconds
DAG statistics
mean edges/level: 7      max edges/level: 36
mean edges/node:  1.247  mean count/edge: 24

Window=1 Iteration=7
Time for building model:         3 seconds
Time for sampling (singles):     7 seconds
DAG statistics
mean edges/level: 6      max edges/level: 24
mean edges/node:  1.273  mean count/edge: 28

Window=1 Iteration=8
Time for building model:         5 seconds
Time for sampling (singles):     15 seconds
DAG statistics
mean edges/level: 8      max edges/level: 39
mean edges/node:  1.218  mean count/edge: 21

Window=1 Iteration=9
Time for building model:         3 seconds
Time for sampling (singles):     8 seconds
DAG statistics
mean edges/level: 6      max edges/level: 27
mean edges/node:  1.258  mean count/edge: 28

Window=1 Iteration=10
Time for building model:         5 seconds
Time for sampling (singles):     12 seconds
DAG statistics
mean edges/level: 7      max edges/level: 39
mean edges/node:  1.224  mean count/edge: 24

Starting phasing iterations

Window=1 Iteration=11
Time for building model:         51 seconds
Time for sampling (singles):     1 minute 39 seconds
DAG statistics
mean edges/level: 7      max edges/level: 30
mean edges/node:  1.246  mean count/edge: 24

Window=1 Iteration=12
Time for building model:         18 seconds
Time for sampling (singles):     1 minute 53 seconds
DAG statistics
mean edges/level: 15     max edges/level: 44
mean edges/node:  1.134  mean count/edge: 11

Window=1 Iteration=13
Time for building model:         1 minute 22 seconds
Time for sampling (singles):     3 minutes 52 seconds
DAG statistics
mean edges/level: 13     max edges/level: 47
mean edges/node:  1.160  mean count/edge: 13

Window=1 Iteration=14
Time for building model:         4 minutes 29 seconds
Time for sampling (singles):     4 minutes 54 seconds
DAG statistics
mean edges/level: 21     max edges/level: 50
mean edges/node:  1.097  mean count/edge: 8

Window=1 Iteration=15
Time for building model:         39 seconds
Time for sampling (singles):     5 minutes 34 seconds
DAG statistics
mean edges/level: 25     max edges/level: 54
mean edges/node:  1.072  mean count/edge: 7

Window 2 [ NC_037355.1:7195476-15424567 ]
target markers:      50000

Starting burn-in iterations

Window=2 Iteration=1
Time for building model:         5 minutes 19 seconds
Time for sampling (singles):     30 seconds
DAG statistics
mean edges/level: 10     max edges/level: 51
mean edges/node:  1.604  mean count/edge: 17

Window=2 Iteration=2
Time for building model:         4 minutes 35 seconds
Time for sampling (singles):     47 seconds
DAG statistics
mean edges/level: 9      max edges/level: 30
mean edges/node:  1.488  mean count/edge: 19

Window=2 Iteration=3
Time for building model:         3 minutes 14 seconds
Time for sampling (singles):     31 seconds
DAG statistics
mean edges/level: 12     max edges/level: 51
mean edges/node:  1.233  mean count/edge: 14

Window=2 Iteration=4
Time for building model:         6 minutes 7 seconds
Time for sampling (singles):     33 seconds
DAG statistics
mean edges/level: 8      max edges/level: 38
mean edges/node:  1.218  mean count/edge: 21

Window=2 Iteration=5
Time for building model:         6 minutes 26 seconds
Time for sampling (singles):     1 minute 1 second
DAG statistics
mean edges/level: 8      max edges/level: 52
mean edges/node:  1.191  mean count/edge: 21

Window=2 Iteration=6
Time for building model:         3 minutes 51 seconds
Time for sampling (singles):     31 seconds
DAG statistics
mean edges/level: 9      max edges/level: 39
mean edges/node:  1.187  mean count/edge: 19

Window=2 Iteration=7
Time for building model:         5 minutes 53 seconds
Time for sampling (singles):     28 seconds
DAG statistics
mean edges/level: 11     max edges/level: 52
mean edges/node:  1.159  mean count/edge: 15

Window=2 Iteration=8
Time for building model:         6 minutes 24 seconds
Time for sampling (singles):     48 seconds
DAG statistics
mean edges/level: 16     max edges/level: 50
mean edges/node:  1.129  mean count/edge: 11

Window=2 Iteration=9
Time for building model:         5 minutes 3 seconds
Time for sampling (singles):     43 seconds
DAG statistics
mean edges/level: 14     max edges/level: 57
mean edges/node:  1.110  mean count/edge: 12

Window=2 Iteration=10
Time for building model:         5 minutes 56 seconds
Time for sampling (singles):     31 seconds
DAG statistics
mean edges/level: 11     max edges/level: 45
mean edges/node:  1.148  mean count/edge: 15

Starting phasing iterations

Window=2 Iteration=11
Time for building model:         1 minute 40 seconds
Time for sampling (singles):     6 minutes 29 seconds
DAG statistics
mean edges/level: 16     max edges/level: 53
mean edges/node:  1.087  mean count/edge: 11

Window=2 Iteration=12
Time for building model:         3 minutes 7 seconds
Time for sampling (singles):     7 minutes 19 seconds
DAG statistics
mean edges/level: 12     max edges/level: 43
mean edges/node:  1.122  mean count/edge: 14

Window=2 Iteration=13
Time for building model:         3 minutes 17 seconds
Time for sampling (singles):     5 minutes 57 seconds
DAG statistics
mean edges/level: 25     max edges/level: 50
mean edges/node:  1.066  mean count/edge: 7

Window=2 Iteration=14
Time for building model:         2 minutes 23 seconds
Time for sampling (singles):     6 minutes 10 seconds
DAG statistics
mean edges/level: 30     max edges/level: 54
mean edges/node:  1.045  mean count/edge: 6

Window=2 Iteration=15
Time for building model:         3 minutes 3 seconds
Time for sampling (singles):     6 minutes 19 seconds
DAG statistics
mean edges/level: 34     max edges/level: 55
mean edges/node:  1.036  mean count/edge: 5

Window 3 [ NC_037355.1:15052494-23301054 ]
target markers:      50000

Starting burn-in iterations

Window=3 Iteration=1
Time for building model:         6 minutes 29 seconds
Time for sampling (singles):     48 seconds
DAG statistics
mean edges/level: 10     max edges/level: 47
mean edges/node:  1.604  mean count/edge: 17

Window=3 Iteration=2
Time for building model:         5 minutes 55 seconds
Time for sampling (singles):     1 minute 1 second
DAG statistics
mean edges/level: 9      max edges/level: 33
mean edges/node:  1.487  mean count/edge: 19

Window=3 Iteration=3
Time for building model:         6 minutes 38 seconds
Time for sampling (singles):     1 minute 0 seconds
DAG statistics
mean edges/level: 10     max edges/level: 49
mean edges/node:  1.238  mean count/edge: 17

Window=3 Iteration=4
Time for building model:         4 minutes 59 seconds
Time for sampling (singles):     12 seconds
DAG statistics
mean edges/level: 8      max edges/level: 36
mean edges/node:  1.213  mean count/edge: 21

Window=3 Iteration=5
Time for building model:         4 minutes 5 seconds
Time for sampling (singles):     18 seconds
DAG statistics
mean edges/level: 8      max edges/level: 50
mean edges/node:  1.185  mean count/edge: 21

Window=3 Iteration=6
Time for building model:         4 minutes 6 seconds
Time for sampling (singles):     24 seconds
DAG statistics
mean edges/level: 7      max edges/level: 35
mean edges/node:  1.199  mean count/edge: 24

Window=3 Iteration=7
Time for building model:         5 minutes 36 seconds
Time for sampling (singles):     37 seconds
DAG statistics
mean edges/level: 10     max edges/level: 50
mean edges/node:  1.159  mean count/edge: 17

Window=3 Iteration=8
Time for building model:         4 minutes 43 seconds
Time for sampling (singles):     27 seconds
DAG statistics
mean edges/level: 9      max edges/level: 35
mean edges/node:  1.170  mean count/edge: 19

Window=3 Iteration=9
Time for building model:         7 minutes 19 seconds
Time for sampling (singles):     58 seconds
DAG statistics
mean edges/level: 10     max edges/level: 49
mean edges/node:  1.149  mean count/edge: 17

Window=3 Iteration=10
Time for building model:         8 minutes 23 seconds
Time for sampling (singles):     59 seconds
DAG statistics
mean edges/level: 16     max edges/level: 47
mean edges/node:  1.124  mean count/edge: 11

Starting phasing iterations

Window=3 Iteration=11
Time for building model:         3 minutes 29 seconds
Time for sampling (singles):     8 minutes 29 seconds
DAG statistics
mean edges/level: 23     max edges/level: 50
mean edges/node:  1.069  mean count/edge: 7

Window=3 Iteration=12
Time for building model:         2 minutes 55 seconds
Time for sampling (singles):     6 minutes 41 seconds
DAG statistics
mean edges/level: 27     max edges/level: 54
mean edges/node:  1.052  mean count/edge: 6

Window=3 Iteration=13
Time for building model:         3 minutes 29 seconds
Time for sampling (singles):     7 minutes 1 second
DAG statistics
mean edges/level: 32     max edges/level: 56
mean edges/node:  1.041  mean count/edge: 5

Window=3 Iteration=14
Time for building model:         2 minutes 51 seconds
Time for sampling (singles):     5 minutes 29 seconds
DAG statistics
mean edges/level: 35     max edges/level: 54
mean edges/node:  1.035  mean count/edge: 5

Window=3 Iteration=15
Time for building model:         1 minute 51 seconds
Time for sampling (singles):     4 minutes 32 seconds
DAG statistics
mean edges/level: 37     max edges/level: 59
mean edges/node:  1.031  mean count/edge: 5

Window 4 [ NC_037355.1:22880778-29828595 ]
target markers:      50000

Starting burn-in iterations

Window=4 Iteration=1
Time for building model:         3 minutes 32 seconds
Time for sampling (singles):     15 seconds
DAG statistics
mean edges/level: 9      max edges/level: 44
mean edges/node:  1.642  mean count/edge: 19

Window=4 Iteration=2
Time for building model:         3 minutes 45 seconds
Time for sampling (singles):     18 seconds
DAG statistics
mean edges/level: 13     max edges/level: 44
mean edges/node:  1.397  mean count/edge: 13

Window=4 Iteration=3
Time for building model:         3 minutes 17 seconds
Time for sampling (singles):     30 seconds
DAG statistics
mean edges/level: 14     max edges/level: 46
mean edges/node:  1.214  mean count/edge: 12

Window=4 Iteration=4
Time for building model:         2 minutes 35 seconds
Time for sampling (singles):     41 seconds
DAG statistics
mean edges/level: 11     max edges/level: 37
mean edges/node:  1.188  mean count/edge: 15

Window=4 Iteration=5
Time for building model:         2 minutes 8 seconds
Time for sampling (singles):     14 seconds
DAG statistics
mean edges/level: 9      max edges/level: 46
mean edges/node:  1.191  mean count/edge: 19

Window=4 Iteration=6
Time for building model:         2 minutes 38 seconds
Time for sampling (singles):     18 seconds
DAG statistics
mean edges/level: 8      max edges/level: 35
mean edges/node:  1.201  mean count/edge: 21

Window=4 Iteration=7
Time for building model:         3 minutes 7 seconds
Time for sampling (singles):     36 seconds
DAG statistics
mean edges/level: 15     max edges/level: 43
mean edges/node:  1.149  mean count/edge: 11

Window=4 Iteration=8
Time for building model:         3 minutes 11 seconds
Time for sampling (singles):     36 seconds
DAG statistics
mean edges/level: 17     max edges/level: 56
mean edges/node:  1.115  mean count/edge: 10

Window=4 Iteration=9
Time for building model:         1 minute 56 seconds
Time for sampling (singles):     20 seconds
DAG statistics
mean edges/level: 11     max edges/level: 48
mean edges/node:  1.140  mean count/edge: 15

Window=4 Iteration=10
Time for building model:         3 minutes 6 seconds
Time for sampling (singles):     39 seconds
DAG statistics
mean edges/level: 17     max edges/level: 49
mean edges/node:  1.124  mean count/edge: 10

Starting phasing iterations

Window=4 Iteration=11
Time for building model:         1 minute 47 seconds
Time for sampling (singles):     5 minutes 11 seconds
DAG statistics
mean edges/level: 25     max edges/level: 50
mean edges/node:  1.065  mean count/edge: 7

Window=4 Iteration=12
Time for building model:         2 minutes 2 seconds
Time for sampling (singles):     4 minutes 54 seconds
DAG statistics
mean edges/level: 30     max edges/level: 58
mean edges/node:  1.051  mean count/edge: 6

Window=4 Iteration=13
Time for building model:         2 minutes 19 seconds
Time for sampling (singles):     4 minutes 57 seconds
DAG statistics
mean edges/level: 33     max edges/level: 60
mean edges/node:  1.043  mean count/edge: 5

Window=4 Iteration=14
Time for building model:         1 minute 59 seconds
Time for sampling (singles):     4 minutes 52 seconds
DAG statistics
mean edges/level: 36     max edges/level: 60
mean edges/node:  1.037  mean count/edge: 5

Window=4 Iteration=15
Time for building model:         2 minutes 50 seconds
Time for sampling (singles):     4 minutes 49 seconds
DAG statistics
mean edges/level: 38     max edges/level: 58
mean edges/node:  1.034  mean count/edge: 4

Window 5 [ NC_037355.1:29317171-35985339 ]
target markers:      50000

Starting burn-in iterations

Window=5 Iteration=1
Time for building model:         4 minutes 59 seconds
Time for sampling (singles):     1 minute 1 second
DAG statistics
mean edges/level: 10     max edges/level: 52
mean edges/node:  1.615  mean count/edge: 17

Window=5 Iteration=2
Time for building model:         4 minutes 19 seconds
Time for sampling (singles):     40 seconds
DAG statistics
mean edges/level: 9      max edges/level: 30
mean edges/node:  1.545  mean count/edge: 19

Window=5 Iteration=3
Time for building model:         4 minutes 30 seconds
Time for sampling (singles):     39 seconds
DAG statistics
mean edges/level: 14     max edges/level: 53
mean edges/node:  1.245  mean count/edge: 12

Window=5 Iteration=4
Time for building model:         3 minutes 17 seconds
Time for sampling (singles):     12 seconds
DAG statistics
mean edges/level: 8      max edges/level: 39
mean edges/node:  1.253  mean count/edge: 21

Window=5 Iteration=5
Time for building model:         2 minutes 41 seconds
Time for sampling (singles):     24 seconds
DAG statistics
mean edges/level: 13     max edges/level: 51
mean edges/node:  1.178  mean count/edge: 13

Window=5 Iteration=6
Time for building model:         3 minutes 12 seconds
Time for sampling (singles):     14 seconds
DAG statistics
mean edges/level: 9      max edges/level: 43
mean edges/node:  1.214  mean count/edge: 19

Window=5 Iteration=7
Time for building model:         3 minutes 10 seconds
Time for sampling (singles):     40 seconds
DAG statistics
mean edges/level: 16     max edges/level: 54
mean edges/node:  1.148  mean count/edge: 11

Window=5 Iteration=8
Time for building model:         2 minutes 46 seconds
Time for sampling (singles):     18 seconds
DAG statistics
mean edges/level: 9      max edges/level: 38
mean edges/node:  1.196  mean count/edge: 19

Window=5 Iteration=9
Time for building model:         3 minutes 6 seconds
Time for sampling (singles):     48 seconds
DAG statistics
mean edges/level: 17     max edges/level: 50
mean edges/node:  1.138  mean count/edge: 10

Window=5 Iteration=10
Time for building model:         3 minutes 37 seconds
Time for sampling (singles):     57 seconds
DAG statistics
mean edges/level: 19     max edges/level: 50
mean edges/node:  1.115  mean count/edge: 9

Starting phasing iterations

Window=5 Iteration=11
Time for building model:         59 seconds
Time for sampling (singles):     5 minutes 44 seconds
DAG statistics
mean edges/level: 11     max edges/level: 51
mean edges/node:  1.140  mean count/edge: 15

Window=5 Iteration=12
Time for building model:         1 minute 37 seconds
Time for sampling (singles):     3 minutes 38 seconds
DAG statistics
mean edges/level: 26     max edges/level: 54
mean edges/node:  1.075  mean count/edge: 7

Window=5 Iteration=13
Time for building model:         1 minute 43 seconds
Time for sampling (singles):     2 minutes 31 seconds
DAG statistics
mean edges/level: 31     max edges/level: 52
mean edges/node:  1.052  mean count/edge: 5

Window=5 Iteration=14
Time for building model:         1 minute 30 seconds
Time for sampling (singles):     2 minutes 24 seconds
DAG statistics
mean edges/level: 35     max edges/level: 57
mean edges/node:  1.042  mean count/edge: 5

Window=5 Iteration=15
Time for building model:         1 minute 11 seconds
Time for sampling (singles):     1 minute 59 seconds
DAG statistics
mean edges/level: 38     max edges/level: 59
mean edges/node:  1.037  mean count/edge: 4

Window 6 [ NC_037355.1:35617871-41525899 ]
target markers:      50000

Starting burn-in iterations

Window=6 Iteration=1
Time for building model:         2 minutes 3 seconds
Time for sampling (singles):     10 seconds
DAG statistics
mean edges/level: 10     max edges/level: 49
mean edges/node:  1.617  mean count/edge: 17

Window=6 Iteration=2
Time for building model:         1 minute 22 seconds
Time for sampling (singles):     19 seconds
DAG statistics
mean edges/level: 11     max edges/level: 31
mean edges/node:  1.451  mean count/edge: 15

Window=6 Iteration=3
Time for building model:         1 minute 36 seconds
Time for sampling (singles):     13 seconds
DAG statistics
mean edges/level: 10     max edges/level: 51
mean edges/node:  1.260  mean count/edge: 17

Window=6 Iteration=4
Time for building model:         1 minute 26 seconds
Time for sampling (singles):     20 seconds
DAG statistics
mean edges/level: 11     max edges/level: 42
mean edges/node:  1.207  mean count/edge: 15

Window=6 Iteration=5
Time for building model:         1 minute 59 seconds
Time for sampling (singles):     44 seconds
DAG statistics
mean edges/level: 17     max edges/level: 50
mean edges/node:  1.140  mean count/edge: 10

Window=6 Iteration=6
Time for building model:         1 minute 56 seconds
Time for sampling (singles):     42 seconds
DAG statistics
mean edges/level: 14     max edges/level: 47
mean edges/node:  1.124  mean count/edge: 12

Window=6 Iteration=7
Time for building model:         1 minute 38 seconds
Time for sampling (singles):     14 seconds
DAG statistics
mean edges/level: 10     max edges/level: 52
mean edges/node:  1.163  mean count/edge: 17

Window=6 Iteration=8
Time for building model:         2 minutes 17 seconds
Time for sampling (singles):     26 seconds
DAG statistics
mean edges/level: 13     max edges/level: 41
mean edges/node:  1.150  mean count/edge: 13

Window=6 Iteration=9
Time for building model:         2 minutes 3 seconds
Time for sampling (singles):     47 seconds
DAG statistics
mean edges/level: 19     max edges/level: 49
mean edges/node:  1.110  mean count/edge: 9

Window=6 Iteration=10
Time for building model:         2 minutes 21 seconds
Time for sampling (singles):     18 seconds
DAG statistics
mean edges/level: 9      max edges/level: 45
mean edges/node:  1.162  mean count/edge: 19

Starting phasing iterations

Window=6 Iteration=11
Time for building model:         1 minute 21 seconds
Time for sampling (singles):     3 minutes 20 seconds
DAG statistics
mean edges/level: 27     max edges/level: 51
mean edges/node:  1.060  mean count/edge: 6

Window=6 Iteration=12
Time for building model:         1 minute 35 seconds
Time for sampling (singles):     4 minutes 2 seconds
DAG statistics
mean edges/level: 24     max edges/level: 60
mean edges/node:  1.056  mean count/edge: 7

Window=6 Iteration=13
Time for building model:         2 minutes 11 seconds
Time for sampling (singles):     4 minutes 40 seconds
DAG statistics
mean edges/level: 32     max edges/level: 56
mean edges/node:  1.044  mean count/edge: 5

Window=6 Iteration=14
Time for building model:         2 minutes 56 seconds
Time for sampling (singles):     4 minutes 32 seconds
DAG statistics
mean edges/level: 36     max edges/level: 57
mean edges/node:  1.036  mean count/edge: 5

Window=6 Iteration=15
Time for building model:         1 minute 59 seconds
Time for sampling (singles):     3 minutes 12 seconds
DAG statistics
mean edges/level: 39     max edges/level: 59
mean edges/node:  1.031  mean count/edge: 4

Window 7 [ NC_037355.1:41115573-45935837 ]
target markers:      46161

Starting burn-in iterations

Window=7 Iteration=1
Time for building model:         2 minutes 17 seconds
Time for sampling (singles):     15 seconds
DAG statistics
mean edges/level: 9      max edges/level: 54
mean edges/node:  1.630  mean count/edge: 19

Window=7 Iteration=2
Time for building model:         2 minutes 12 seconds
Time for sampling (singles):     11 seconds
DAG statistics
mean edges/level: 9      max edges/level: 32
mean edges/node:  1.527  mean count/edge: 19

Window=7 Iteration=3
Time for building model:         1 minute 55 seconds
Time for sampling (singles):     10 seconds
DAG statistics
mean edges/level: 9      max edges/level: 53
mean edges/node:  1.307  mean count/edge: 19

Window=7 Iteration=4
Time for building model:         2 minutes 7 seconds
Time for sampling (singles):     17 seconds
DAG statistics
mean edges/level: 9      max edges/level: 35
mean edges/node:  1.263  mean count/edge: 19

Window=7 Iteration=5
Time for building model:         1 minute 37 seconds
Time for sampling (singles):     10 seconds
DAG statistics
mean edges/level: 9      max edges/level: 55
mean edges/node:  1.216  mean count/edge: 19

Window=7 Iteration=6
Time for building model:         2 minutes 0 seconds
Time for sampling (singles):     15 seconds
DAG statistics
mean edges/level: 10     max edges/level: 46
mean edges/node:  1.214  mean count/edge: 17

Window=7 Iteration=7
Time for building model:         1 minute 41 seconds
Time for sampling (singles):     16 seconds
DAG statistics
mean edges/level: 11     max edges/level: 54
mean edges/node:  1.182  mean count/edge: 15

Window=7 Iteration=8
Time for building model:         1 minute 55 seconds
Time for sampling (singles):     38 seconds
DAG statistics
mean edges/level: 16     max edges/level: 52
mean edges/node:  1.147  mean count/edge: 11

Window=7 Iteration=9
Time for building model:         1 minute 58 seconds
Time for sampling (singles):     18 seconds
DAG statistics
mean edges/level: 10     max edges/level: 54
mean edges/node:  1.164  mean count/edge: 17

Window=7 Iteration=10
Time for building model:         1 minute 11 seconds
Time for sampling (singles):     15 seconds
DAG statistics
mean edges/level: 10     max edges/level: 44
mean edges/node:  1.190  mean count/edge: 17

Starting phasing iterations

Window=7 Iteration=11
Time for building model:         45 seconds
Time for sampling (singles):     3 minutes 10 seconds
DAG statistics
mean edges/level: 24     max edges/level: 55
mean edges/node:  1.081  mean count/edge: 7

Window=7 Iteration=12
Time for building model:         1 minute 2 seconds
Time for sampling (singles):     2 minutes 58 seconds
DAG statistics
mean edges/level: 15     max edges/level: 51
mean edges/node:  1.110  mean count/edge: 11

Window=7 Iteration=13
Time for building model:         1 minute 5 seconds
Time for sampling (singles):     3 minutes 19 seconds
DAG statistics
mean edges/level: 27     max edges/level: 52
mean edges/node:  1.071  mean count/edge: 6

Window=7 Iteration=14
Time for building model:         55 seconds
Time for sampling (singles):     2 minutes 26 seconds
DAG statistics
mean edges/level: 31     max edges/level: 54
mean edges/node:  1.054  mean count/edge: 5

Window=7 Iteration=15
Time for building model:         1 minute 16 seconds
Time for sampling (singles):     2 minutes 19 seconds
DAG statistics
mean edges/level: 34     max edges/level: 56
mean edges/node:  1.045  mean count/edge: 5

Number of markers:              328161
Total time for building model: 4 hours 43 minutes 1 second
Total time for sampling:       3 hours 9 minutes 44 seconds
Total run time:                8 hours 11 minutes 49 seconds

End time: 03:26 AM CEST on 05 Apr 2024
beagle.27Jan18.7e1.jar (version 4.1) finished
