PLINK v1.90b7 64-bit (16 Jan 2023)
Options in effect:
  --allow-extra-chr
  --bfile ../bed/BosTau9_tragmain_sites_variable_noindels
  --distance square
  --out tragmain_sites_variable_noindels

Hostname: scarbpop06fl.unicph.domain
Working directory: /maps/projects/seqafrica/scratch/rdc143/trag_analyses/ibs
Start time: Wed Dec 27 10:00:38 2023

Random number seed: 1703667638
515151 MB RAM detected; reserving 257575 MB for main workspace.
201974955 variants loaded from .bim file.
247 people (0 males, 0 females, 247 ambiguous) loaded from .fam.
Ambiguous sex IDs written to tragmain_sites_variable_noindels.nosex .
Using up to 191 threads (change this with --threads).
Before main variant filters, 247 founders and 0 nonfounders present.
Calculating allele frequencies... done.
Total genotyping rate is 0.987157.
201974955 variants and 247 people pass filters and QC.
Note: No phenotypes present.
Distance matrix calculation complete.
IDs written to tragmain_sites_variable_noindels.dist.id .
Distances (allele counts) written to tragmain_sites_variable_noindels.dist .

End time: Wed Dec 27 10:07:05 2023
