ToryRSA 0588
ToryBot 0600
ToryBot 0601
ToryBot 0602
ToryBot 0603
ToryBot 0604
ToryBot 0605
ToryBot 0606
ToryBot 0608
ToryNam 0610
ToryNam 0611
ToryNam 0612
ToryNam 0613
ToryNam 0615
ToryNam 0616
ToryTan 0640
ToryTan 0649
ToryTan 0650
ToryTan 0631
ToryTan 0632
ToryTan 0633
ToryZim 0734
ToryZim 0735
ToryZim 0736
ToryZim 0739
TstrBot 0757
TstrBot 0749
TstrBot 0750
TstrBot 0751
TstrBot 0752
TstrBot 0753
TstrBot 0754
TstrBot 0755
TstrTan 0771
TsrtTan 0852
TsrtTan 0833
TsrtTan 0768
TsrtRSA 0841
TsrtTan 0844
TsrtTan 0845
TsrtTan 0852
TsrtTan 0853
TsrtTan 0854